2024-02-21 09:47:06,014 [INFO] Activator:176 - 


2024-02-21 09:47:06,020 [INFO] Activator:177 - !SESSION log4j initialized
2024-02-21 09:47:08,846 [INFO] LogOutputStream:77 - [STDOUT_REDIRECT] 
2024-02-21 09:47:11,291 [INFO] ApplicationProperties:184 - Using Application install path: C:\ST\STM32CubeIDE_1.14.0\STM32CubeIDE\plugins\com.st.stm32cube.common.mx_6.10.0.202311202037
2024-02-21 09:47:11,308 [INFO] DbMcusXml:78 - Set database path to: C:\ST\STM32CubeIDE_1.14.0\STM32CubeIDE\plugins\com.st.stm32cube.common.mx_6.10.0.202311202037\\db\/mcu/
2024-02-21 09:47:11,309 [INFO] ApiDb:274 - Set plugin database path to: C:\ST\STM32CubeIDE_1.14.0\STM32CubeIDE\plugins\com.st.stm32cube.common.mx_6.10.0.202311202037\\db\/plugins/boardmanager/
2024-02-21 09:47:11,309 [WARN] ApiDb:259 - Overriding images path with different value:  => C:\ST\STM32CubeIDE_1.14.0\STM32CubeIDE\plugins\com.st.stm32cube.common.mx_6.10.0.202311202037\\db\/plugins/mcufinder/images/
2024-02-21 09:47:11,321 [INFO] ApiDb:250 - Set database path to: C:\Users\sykojo\.stmcufinder\plugins\mcufinder//mcu/
2024-02-21 09:47:11,322 [INFO] DbMcusAds:125 - Set database path to: C:\Users\sykojo\.stmcufinder\plugins\mcufinder//mcu/
2024-02-21 09:47:11,324 [INFO] CrossReferenceDbSqlite:203 - Set database path to: C:\Users\sykojo\.stmcufinder\plugins\mcufinder//mcu/cs/
2024-02-21 09:47:11,440 [INFO] RulesReader:64 - Compatibility file has been processed (297 Rules)
2024-02-21 09:47:11,531 [INFO] DbMcusXml:78 - Set database path to: C:\ST\STM32CubeIDE_1.14.0\STM32CubeIDE\plugins\com.st.stm32cube.common.mx_6.10.0.202311202037\\db\/mcu/
2024-02-21 09:47:11,532 [INFO] ApiDb:274 - Set plugin database path to: C:\ST\STM32CubeIDE_1.14.0\STM32CubeIDE\plugins\com.st.stm32cube.common.mx_6.10.0.202311202037\\db\/plugins/boardmanager/
2024-02-21 09:47:11,532 [INFO] ApiDb:261 - Set plugin images path to: C:\ST\STM32CubeIDE_1.14.0\STM32CubeIDE\plugins\com.st.stm32cube.common.mx_6.10.0.202311202037\\db\/plugins/mcufinder/images/
2024-02-21 09:47:11,532 [WARN] DbFile:41 - Overriding database path with different value: C:\Users\sykojo\.stmcufinder\plugins\mcufinder/ => C:\Users\sykojo\.stmcufinder\plugins\mcufinder
2024-02-21 09:47:11,532 [INFO] ApiDb:250 - Set database path to: C:\Users\sykojo\.stmcufinder\plugins\mcufinder//mcu/
2024-02-21 09:47:11,532 [WARN] DbFile:41 - Overriding database path with different value: C:\Users\sykojo\.stmcufinder\plugins\mcufinder/ => C:\Users\sykojo\.stmcufinder\plugins\mcufinder
2024-02-21 09:47:11,532 [INFO] DbMcusAds:125 - Set database path to: C:\Users\sykojo\.stmcufinder\plugins\mcufinder//mcu/
2024-02-21 09:47:11,532 [WARN] DbFile:41 - Overriding database path with different value: C:\Users\sykojo\.stmcufinder\plugins\mcufinder/ => C:\Users\sykojo\.stmcufinder\plugins\mcufinder
2024-02-21 09:47:11,532 [WARN] DbFile:41 - Overriding database path with different value: C:\Users\sykojo\.stmcufinder\plugins\mcufinder/ => C:\Users\sykojo\.stmcufinder\plugins\mcufinder
2024-02-21 09:47:11,532 [INFO] CrossReferenceDbSqlite:203 - Set database path to: C:\Users\sykojo\.stmcufinder\plugins\mcufinder//mcu/cs/
2024-02-21 09:47:11,610 [INFO] MainPanel:264 - HeapMemory: 268435456
2024-02-21 09:47:11,690 [INFO] DbMcusXml:78 - Set database path to: C:\ST\STM32CubeIDE_1.14.0\STM32CubeIDE\plugins\com.st.stm32cube.common.mx_6.10.0.202311202037\\db\/mcu/
2024-02-21 09:47:11,690 [INFO] ApiDb:274 - Set plugin database path to: C:\ST\STM32CubeIDE_1.14.0\STM32CubeIDE\plugins\com.st.stm32cube.common.mx_6.10.0.202311202037\\db\/plugins/boardmanager/
2024-02-21 09:47:11,691 [INFO] ApiDb:261 - Set plugin images path to: C:\ST\STM32CubeIDE_1.14.0\STM32CubeIDE\plugins\com.st.stm32cube.common.mx_6.10.0.202311202037\\db\/plugins/mcufinder/images/
2024-02-21 09:47:11,691 [WARN] DbFile:41 - Overriding database path with different value: C:\Users\sykojo\.stmcufinder\plugins\mcufinder/ => C:\Users\sykojo\.stmcufinder\plugins\mcufinder
2024-02-21 09:47:11,691 [INFO] ApiDb:250 - Set database path to: C:\Users\sykojo\.stmcufinder\plugins\mcufinder//mcu/
2024-02-21 09:47:11,691 [WARN] DbFile:41 - Overriding database path with different value: C:\Users\sykojo\.stmcufinder\plugins\mcufinder/ => C:\Users\sykojo\.stmcufinder\plugins\mcufinder
2024-02-21 09:47:11,691 [INFO] DbMcusAds:125 - Set database path to: C:\Users\sykojo\.stmcufinder\plugins\mcufinder//mcu/
2024-02-21 09:47:11,691 [WARN] DbFile:41 - Overriding database path with different value: C:\Users\sykojo\.stmcufinder\plugins\mcufinder/ => C:\Users\sykojo\.stmcufinder\plugins\mcufinder
2024-02-21 09:47:11,691 [WARN] DbFile:41 - Overriding database path with different value: C:\Users\sykojo\.stmcufinder\plugins\mcufinder/ => C:\Users\sykojo\.stmcufinder\plugins\mcufinder
2024-02-21 09:47:11,691 [INFO] CrossReferenceDbSqlite:203 - Set database path to: C:\Users\sykojo\.stmcufinder\plugins\mcufinder//mcu/cs/
2024-02-21 09:47:11,708 [INFO] ApplicationProperties:184 - Using Application install path: C:\ST\STM32CubeIDE_1.14.0\STM32CubeIDE\plugins\com.st.stm32cube.common.mx_6.10.0.202311202037
2024-02-21 09:47:11,715 [INFO] PluginManage:196 - Search for loadable plugins [exclusion list=, ]
2024-02-21 09:47:11,717 [INFO] PluginManage:310 - Check plugin analytics
2024-02-21 09:47:11,847 [INFO] AnalyticsPlugin:253 - Accepted Software Licenses: 
2024-02-21 09:47:11,847 [INFO] AnalyticsPlugin:255 - Accepted CMSIS Pack Licenses: 
2024-02-21 09:47:11,847 [INFO] AnalyticsPlugin:257 - Accepted Firmware Licenses: 
2024-02-21 09:47:11,849 [INFO] PluginManage:359 - Loaded plugin analytics (category:tool,tabindex:-1)
2024-02-21 09:47:11,849 [INFO] PluginManage:310 - Check plugin cadmodel
2024-02-21 09:47:11,862 [INFO] CADModel:105 - Init CAD model plugin
2024-02-21 09:47:11,862 [INFO] PluginManage:359 - Loaded plugin cadmodel (category:power,tabindex:5)
2024-02-21 09:47:11,862 [INFO] PluginManage:310 - Check plugin clock
2024-02-21 09:47:11,878 [INFO] PluginManage:359 - Loaded plugin clock (category:base,tabindex:2)
2024-02-21 09:47:11,879 [INFO] PluginManage:310 - Check plugin ddr
2024-02-21 09:47:11,880 [INFO] PluginManage:359 - Loaded plugin ddr (category:tool,tabindex:6)
2024-02-21 09:47:11,881 [INFO] PluginManage:310 - Check plugin filemanager
2024-02-21 09:47:11,984 [INFO] PluginManage:359 - Loaded plugin filemanager (category:base,tabindex:10)
2024-02-21 09:47:11,984 [INFO] PluginManage:310 - Check plugin ipmanager
2024-02-21 09:47:11,990 [INFO] PluginManage:359 - Loaded plugin ipmanager (category:base,tabindex:5)
2024-02-21 09:47:11,990 [INFO] PluginManage:310 - Check plugin lpbam
2024-02-21 09:47:12,005 [INFO] PluginManage:359 - Loaded plugin lpbam (category:base,tabindex:0)
2024-02-21 09:47:12,005 [INFO] PluginManage:310 - Check plugin memorymap
2024-02-21 09:47:12,024 [INFO] PluginManage:359 - Loaded plugin memorymap (category:base,tabindex:4)
2024-02-21 09:47:12,024 [INFO] PluginManage:310 - Check plugin pinoutandconfiguration
2024-02-21 09:47:12,038 [INFO] PluginManage:359 - Loaded plugin pinoutandconfiguration (category:base,tabindex:1)
2024-02-21 09:47:12,039 [INFO] PluginManage:310 - Check plugin pinoutconfig
2024-02-21 09:47:12,143 [WARN] SupportedApi:132 - Cannot load RTOS API schema: s4s-elt-must-match.1: The content of 'definitions' must match (annotation?, (simpleType | complexType)?, (unique | key | keyref)*)). A problem was found starting at: attribute.
2024-02-21 09:47:12,253 [INFO] PluginManage:359 - Loaded plugin pinoutconfig (category:base,tabindex:0)
2024-02-21 09:47:12,254 [INFO] PluginManage:310 - Check plugin power
2024-02-21 09:47:12,272 [INFO] PluginManage:359 - Loaded plugin power (category:power,tabindex:4)
2024-02-21 09:47:12,272 [INFO] PluginManage:310 - Check plugin projectmanager
2024-02-21 09:47:12,286 [INFO] PluginManage:359 - Loaded plugin projectmanager (category:projectmanager,tabindex:3)
2024-02-21 09:47:12,286 [INFO] PluginManage:310 - Check plugin thirdparty
2024-02-21 09:47:12,536 [INFO] PluginManage:359 - Loaded plugin thirdparty (category:base,tabindex:-1)
2024-02-21 09:47:12,536 [WARN] IntegrityCheckThread:84 - waiting for thirdparty lock release [integrity check]
2024-02-21 09:47:12,537 [INFO] PluginManage:310 - Check plugin tools
2024-02-21 09:47:12,537 [INFO] IntegrityCheckThread:86 - entering critical section [integrity check]
2024-02-21 09:47:12,537 [INFO] ThirdPartyUpdaterWithRetryManager:70 - Updater plugin not ready yet. [1/15]
2024-02-21 09:47:12,567 [INFO] PluginManage:359 - Loaded plugin tools (category:base,tabindex:7)
2024-02-21 09:47:12,567 [INFO] PluginManage:310 - Check plugin tutovideos
2024-02-21 09:47:12,724 [INFO] PluginManage:359 - Loaded plugin tutovideos (category:base,tabindex:-1)
2024-02-21 09:47:12,724 [INFO] PluginManage:310 - Check plugin updater
2024-02-21 09:47:12,734 [INFO] PluginManage:359 - Loaded plugin updater (category:base,tabindex:12)
2024-02-21 09:47:12,734 [INFO] PluginManage:310 - Check plugin userauth
2024-02-21 09:47:12,739 [INFO] UserAuth:114 - Init User Auth plugin
2024-02-21 09:47:12,739 [INFO] PluginManage:359 - Loaded plugin userauth (category:base,tabindex:14)
2024-02-21 09:47:12,740 [INFO] PluginManage:283 - PluginManage : Loaded plugins [17]
2024-02-21 09:47:12,925 [INFO] PinOutPanel:1499 - setPackage(No Configuration,No Configuration)
2024-02-21 09:47:12,992 [INFO] CADModel:165 - CPN selected for project level
2024-02-21 09:47:12,992 [INFO] CADModel:114 - Register for checkConnection events
2024-02-21 09:47:13,016 [INFO] IPUIPlugin:80 - create IPUIPlugin
2024-02-21 09:47:13,016 [INFO] PluginManager:220 - loadIPPluginJar : add adc
2024-02-21 09:47:13,046 [INFO] IPUIPlugin:80 - create IPUIPlugin
2024-02-21 09:47:13,046 [INFO] PluginManager:220 - loadIPPluginJar : add aes
2024-02-21 09:47:13,081 [INFO] IPUIPlugin:80 - create IPUIPlugin
2024-02-21 09:47:13,081 [INFO] PluginManager:220 - loadIPPluginJar : add can
2024-02-21 09:47:13,101 [INFO] IPUIPlugin:80 - create IPUIPlugin
2024-02-21 09:47:13,101 [INFO] PluginManager:220 - loadIPPluginJar : add comp
2024-02-21 09:47:13,130 [INFO] IPUIPlugin:80 - create IPUIPlugin
2024-02-21 09:47:13,130 [INFO] PluginManager:220 - loadIPPluginJar : add cryp
2024-02-21 09:47:13,156 [INFO] IPUIPlugin:80 - create IPUIPlugin
2024-02-21 09:47:13,156 [INFO] PluginManager:220 - loadIPPluginJar : add dfsdm
2024-02-21 09:47:13,169 [INFO] IPUIPlugin:80 - create IPUIPlugin
2024-02-21 09:47:13,169 [INFO] PluginManager:220 - loadIPPluginJar : add dma
2024-02-21 09:47:13,206 [INFO] IPUIPlugin:80 - create IPUIPlugin
2024-02-21 09:47:13,206 [INFO] PluginManager:220 - loadIPPluginJar : add dma3
2024-02-21 09:47:13,223 [INFO] IPUIPlugin:80 - create IPUIPlugin
2024-02-21 09:47:13,223 [INFO] PluginManager:220 - loadIPPluginJar : add fatfs
2024-02-21 09:47:13,260 [INFO] IPUIPlugin:80 - create IPUIPlugin
2024-02-21 09:47:13,261 [INFO] PluginManager:220 - loadIPPluginJar : add fmc
2024-02-21 09:47:13,273 [INFO] IPUIPlugin:80 - create IPUIPlugin
2024-02-21 09:47:13,273 [INFO] PluginManager:220 - loadIPPluginJar : add freertos
2024-02-21 09:47:13,290 [INFO] IPUIPlugin:80 - create IPUIPlugin
2024-02-21 09:47:13,291 [INFO] PluginManager:220 - loadIPPluginJar : add genericplugin
2024-02-21 09:47:13,354 [INFO] IPUIPlugin:80 - create IPUIPlugin
2024-02-21 09:47:13,354 [INFO] PluginManager:220 - loadIPPluginJar : add gfxmmu
2024-02-21 09:47:13,451 [INFO] IPUIPlugin:80 - create IPUIPlugin
2024-02-21 09:47:13,451 [INFO] PluginManager:220 - loadIPPluginJar : add gic
2024-02-21 09:47:13,462 [INFO] IPUIPlugin:80 - create IPUIPlugin
2024-02-21 09:47:13,462 [INFO] PluginManager:220 - loadIPPluginJar : add gpio
2024-02-21 09:47:13,535 [INFO] IPUIPlugin:80 - create IPUIPlugin
2024-02-21 09:47:13,535 [INFO] PluginManager:220 - loadIPPluginJar : add gtzc
2024-02-21 09:47:13,565 [INFO] IPUIPlugin:80 - create IPUIPlugin
2024-02-21 09:47:13,565 [INFO] PluginManager:220 - loadIPPluginJar : add hash
2024-02-21 09:47:13,608 [INFO] IPUIPlugin:80 - create IPUIPlugin
2024-02-21 09:47:13,608 [INFO] PluginManager:220 - loadIPPluginJar : add i2c
2024-02-21 09:47:13,640 [INFO] IPUIPlugin:80 - create IPUIPlugin
2024-02-21 09:47:13,641 [INFO] PluginManager:220 - loadIPPluginJar : add i2s
2024-02-21 09:47:13,675 [INFO] IPUIPlugin:80 - create IPUIPlugin
2024-02-21 09:47:13,675 [INFO] PluginManager:220 - loadIPPluginJar : add i3c
2024-02-21 09:47:13,761 [INFO] IPUIPlugin:80 - create IPUIPlugin
2024-02-21 09:47:13,761 [INFO] PluginManager:220 - loadIPPluginJar : add ipddr
2024-02-21 09:47:13,836 [INFO] IPUIPlugin:80 - create IPUIPlugin
2024-02-21 09:47:13,836 [INFO] PluginManager:220 - loadIPPluginJar : add linkedlist
2024-02-21 09:47:13,866 [INFO] IPUIPlugin:80 - create IPUIPlugin
2024-02-21 09:47:13,866 [INFO] PluginManager:220 - loadIPPluginJar : add lorawan
2024-02-21 09:47:13,897 [INFO] IPUIPlugin:80 - create IPUIPlugin
2024-02-21 09:47:13,897 [INFO] PluginManager:220 - loadIPPluginJar : add ltdc
2024-02-21 09:47:13,910 [INFO] IPUIPlugin:80 - create IPUIPlugin
2024-02-21 09:47:13,910 [INFO] PluginManager:220 - loadIPPluginJar : add mdma
2024-02-21 09:47:13,920 [INFO] IPUIPlugin:80 - create IPUIPlugin
2024-02-21 09:47:13,921 [INFO] PluginManager:220 - loadIPPluginJar : add nvic
2024-02-21 09:47:13,949 [INFO] IPUIPlugin:80 - create IPUIPlugin
2024-02-21 09:47:13,949 [INFO] PluginManager:220 - loadIPPluginJar : add opamp
2024-02-21 09:47:14,000 [INFO] IPUIPlugin:80 - create IPUIPlugin
2024-02-21 09:47:14,000 [INFO] PluginManager:220 - loadIPPluginJar : add openamp
2024-02-21 09:47:14,036 [INFO] IPUIPlugin:80 - create IPUIPlugin
2024-02-21 09:47:14,036 [INFO] PluginManager:220 - loadIPPluginJar : add pdm2pcm
2024-02-21 09:47:14,049 [INFO] IPUIPlugin:80 - create IPUIPlugin
2024-02-21 09:47:14,051 [INFO] PluginManager:220 - loadIPPluginJar : add plateformsettings
2024-02-21 09:47:14,070 [INFO] IPUIPlugin:80 - create IPUIPlugin
2024-02-21 09:47:14,070 [INFO] PluginManager:220 - loadIPPluginJar : add quadspi
2024-02-21 09:47:14,082 [INFO] IPUIPlugin:80 - create IPUIPlugin
2024-02-21 09:47:14,082 [INFO] PluginManager:220 - loadIPPluginJar : add resmgrutility
2024-02-21 09:47:14,123 [INFO] IPUIPlugin:80 - create IPUIPlugin
2024-02-21 09:47:14,123 [INFO] PluginManager:220 - loadIPPluginJar : add sai
2024-02-21 09:47:14,154 [INFO] IPUIPlugin:80 - create IPUIPlugin
2024-02-21 09:47:14,154 [INFO] PluginManager:220 - loadIPPluginJar : add spi
2024-02-21 09:47:14,212 [INFO] IPUIPlugin:80 - create IPUIPlugin
2024-02-21 09:47:14,212 [INFO] PluginManager:220 - loadIPPluginJar : add stm32_wpan
2024-02-21 09:47:14,232 [INFO] IPUIPlugin:80 - create IPUIPlugin
2024-02-21 09:47:14,232 [INFO] PluginManager:220 - loadIPPluginJar : add tim
2024-02-21 09:47:14,280 [INFO] IPUIPlugin:80 - create IPUIPlugin
2024-02-21 09:47:14,281 [INFO] PluginManager:220 - loadIPPluginJar : add touchsensing
2024-02-21 09:47:14,299 [INFO] IPUIPlugin:80 - create IPUIPlugin
2024-02-21 09:47:14,299 [INFO] PluginManager:220 - loadIPPluginJar : add tracer_emb
2024-02-21 09:47:14,319 [INFO] IPUIPlugin:80 - create IPUIPlugin
2024-02-21 09:47:14,319 [INFO] PluginManager:220 - loadIPPluginJar : add ts
2024-02-21 09:47:14,337 [INFO] IPUIPlugin:80 - create IPUIPlugin
2024-02-21 09:47:14,337 [INFO] PluginManager:220 - loadIPPluginJar : add tsc
2024-02-21 09:47:14,355 [INFO] IPUIPlugin:80 - create IPUIPlugin
2024-02-21 09:47:14,355 [INFO] PluginManager:220 - loadIPPluginJar : add ucpd
2024-02-21 09:47:14,391 [INFO] IPUIPlugin:80 - create IPUIPlugin
2024-02-21 09:47:14,391 [INFO] PluginManager:220 - loadIPPluginJar : add usart
2024-02-21 09:47:14,427 [INFO] IPUIPlugin:80 - create IPUIPlugin
2024-02-21 09:47:14,427 [INFO] PluginManager:220 - loadIPPluginJar : add usbx
2024-02-21 09:47:14,546 [INFO] CADModel:165 - CPN selected for project level
2024-02-21 09:47:14,546 [INFO] CADModel:114 - Register for checkConnection events
2024-02-21 09:47:14,546 [FATAL] Updater:308 - Updater called before beeing initialized
2024-02-21 09:47:14,546 [ERROR] CADModel:125 - Updater not yet initialized, retry later 
2024-02-21 09:47:14,660 [INFO] CADModel:165 - CPN selected for project level
2024-02-21 09:47:14,660 [INFO] CADModel:114 - Register for checkConnection events
2024-02-21 09:47:14,660 [FATAL] Updater:308 - Updater called before beeing initialized
2024-02-21 09:47:14,660 [ERROR] CADModel:125 - Updater not yet initialized, retry later 
2024-02-21 09:47:14,663 [FATAL] Updater:308 - Updater called before beeing initialized
2024-02-21 09:47:14,746 [FATAL] Updater:308 - Updater called before beeing initialized
2024-02-21 09:47:14,755 [INFO] DbMcusAds:53 - JSON generation date=Wed Nov 29 11:52:27 CET 2023 (1701255147200)
2024-02-21 09:47:14,755 [FATAL] Updater:308 - Updater called before beeing initialized
2024-02-21 09:47:14,819 [WARN] DetailPanel:346 - Failed to get advertising image, set to default
2024-02-21 09:47:14,901 [FATAL] Updater:308 - Updater called before beeing initialized
2024-02-21 09:47:14,903 [FATAL] Updater:308 - Updater called before beeing initialized
2024-02-21 09:47:14,903 [FATAL] Updater:308 - Updater called before beeing initialized
2024-02-21 09:47:14,903 [WARN] DetailPanel:346 - Failed to get advertising image, set to default
2024-02-21 09:47:14,904 [FATAL] Updater:308 - Updater called before beeing initialized
2024-02-21 09:47:14,957 [ERROR] Updater:1120 - MainUpdater not yet initialized. External WinMGr cannot be set.
2024-02-21 09:47:14,967 [INFO] Updater:1056 - Updater Version found : 6.10.0
2024-02-21 09:47:14,984 [INFO] ApplicationProperties:184 - Using Application install path: C:\ST\STM32CubeIDE_1.14.0\STM32CubeIDE\plugins\com.st.stm32cube.common.mx_6.10.0.202311202037
2024-02-21 09:47:15,539 [INFO] ThirdPartyUpdaterWithRetryManager:70 - Updater plugin not ready yet. [2/15]
2024-02-21 09:47:16,571 [ERROR] LogOutputStream:75 - [STDERR_REDIRECT] Feb 21, 2024 9:47:16 AM java.util.prefs.WindowsPreferences <init>
2024-02-21 09:47:16,573 [ERROR] LogOutputStream:75 - [STDERR_REDIRECT] WARNING: Could not open/create prefs root node Software\JavaSoft\Prefs at root 0xffffffff80000002. Windows RegCreateKeyEx(...) returned error code 5.
2024-02-21 09:47:16,573 [ERROR] LogOutputStream:75 - [STDERR_REDIRECT] 
2024-02-21 09:47:16,887 [INFO] MainUpdater:2873 - connection check result : 10
2024-02-21 09:47:16,888 [INFO] MainUpdater:3567 - Updater definition file requires update
2024-02-21 09:47:16,889 [INFO] MainUpdater:290 - Updater Check For Update Now.
2024-02-21 09:47:16,889 [INFO] MicroXplorer:498 - Change Database Version : DB.6.0.100
2024-02-21 09:47:16,903 [INFO] McuFinderGlobals:63 - Set McuFinder mode to 2 (CubeIDE integrated)
2024-02-21 09:47:16,914 [INFO] UserAuth:404 - Internet connection configuration mode: 1
2024-02-21 09:47:16,937 [INFO] JxBrowserEngine:152 - Initiate JxBrowser Engine with user profile folder
2024-02-21 09:47:16,976 [INFO] ServerAccessManage:473 - Download File updaters.zip
2024-02-21 09:47:17,035 [INFO] FileExtend:240 - Unzip File : updaters.zip
2024-02-21 09:47:17,036 [INFO] FileExtend:255 - Standard Zip Deflate
2024-02-21 09:47:17,450 [INFO] ServerAccessManage:473 - Download File PacksControlFlags.xml
2024-02-21 09:47:17,537 [INFO] ServerAccessManage:473 - Download File cubemx.pidx
2024-02-21 09:47:17,650 [INFO] LoadServerUpdatesThread:375 - End of LoadServerUpdate Thread
2024-02-21 09:47:17,805 [INFO] CheckServerUpdateThread:120 - End of CheckServer Thread
2024-02-21 09:47:18,678 [WARN] PackLoader:240 - Cannot read IP mode file for STMicroelectronics.X-CUBE-SMBUS.2.1.0
2024-02-21 09:47:18,691 [WARN] PackLoader:240 - Cannot read IP mode file for STMicroelectronics.X-CUBE-TOUCHGFX.4.23.0
2024-02-21 09:47:18,726 [WARN] PackLoader:240 - Cannot read IP mode file for STMicroelectronics.X-CUBE-AZRTOS-F7.1.1.0
2024-02-21 09:47:18,744 [WARN] PackLoader:240 - Cannot read IP mode file for STMicroelectronics.FP-SNS-MOTENV1.4.3.2
2024-02-21 09:47:18,757 [WARN] PackLoader:240 - Cannot read IP mode file for STMicroelectronics.FP-SNS-FLIGHT1.5.0.2
2024-02-21 09:47:18,772 [WARN] PackLoader:240 - Cannot read IP mode file for STMicroelectronics.X-CUBE-DISPLAY.3.0.0
2024-02-21 09:47:18,789 [WARN] PackLoader:240 - Cannot read IP mode file for STMicroelectronics.X-CUBE-BLE1.7.0.0
2024-02-21 09:47:18,801 [WARN] PackLoader:240 - Cannot read IP mode file for emotas.I-CUBE-CANOPEN.1.3.0
2024-02-21 09:47:18,811 [WARN] PackLoader:240 - Cannot read IP mode file for STMicroelectronics.X-CUBE-TOUCHGFX.4.22.1
2024-02-21 09:47:18,821 [WARN] PackLoader:240 - Cannot read IP mode file for STMicroelectronics.FP-SNS-SMARTAG2.1.2.0
2024-02-21 09:47:18,839 [INFO] LogOutputStream:77 - [STDOUT_REDIRECT] 1 : Invalid condition id : UX_CORESTACK_Condition cause : null
2024-02-21 09:47:18,839 [INFO] LogOutputStream:77 - [STDOUT_REDIRECT] 1 : Invalid condition id : UX_CORESTACK_Condition cause : null
2024-02-21 09:47:18,840 [INFO] LogOutputStream:77 - [STDOUT_REDIRECT] 1 : Invalid condition id : UX_CORESTACK_Condition cause : null
2024-02-21 09:47:18,841 [INFO] LogOutputStream:77 - [STDOUT_REDIRECT] 1 : Invalid condition id : UX_CORESTACK_Condition cause : null
2024-02-21 09:47:18,841 [INFO] LogOutputStream:77 - [STDOUT_REDIRECT] 1 : Invalid condition id : UX_CORESTACK_Condition cause : null
2024-02-21 09:47:18,844 [WARN] PackLoader:240 - Cannot read IP mode file for STMicroelectronics.X-CUBE-AZRTOS-WL.2.0.0
2024-02-21 09:47:18,857 [WARN] PackLoader:240 - Cannot read IP mode file for WES.I-CUBE-Cesium.1.3.0
2024-02-21 09:47:18,868 [WARN] PackLoader:240 - Cannot read IP mode file for STMicroelectronics.X-CUBE-BLE2.3.3.0
2024-02-21 09:47:18,879 [WARN] PackLoader:240 - Cannot read IP mode file for STMicroelectronics.X-CUBE-ALGOBUILD.1.3.0
2024-02-21 09:47:18,901 [WARN] PackLoader:240 - Cannot read IP mode file for STMicroelectronics.X-CUBE-AZRTOS-G0.1.1.0
2024-02-21 09:47:18,914 [WARN] PackLoader:240 - Cannot read IP mode file for STMicroelectronics.X-CUBE-NFC4.3.0.0
2024-02-21 09:47:18,929 [WARN] PackLoader:240 - Cannot read IP mode file for STMicroelectronics.X-CUBE-BLEMGR.3.0.0
2024-02-21 09:47:18,939 [WARN] PackLoader:240 - Cannot read IP mode file for STMicroelectronics.FP-ATR-SIGFOX1.3.2.0
2024-02-21 09:47:18,950 [WARN] PackLoader:240 - Cannot read IP mode file for STMicroelectronics.X-CUBE-EEPRMA1.5.1.0
2024-02-21 09:47:18,983 [WARN] PackLoader:240 - Cannot read IP mode file for SEGGER.I-CUBE-embOS.1.3.1
2024-02-21 09:47:19,021 [WARN] PackLoader:240 - Cannot read IP mode file for STMicroelectronics.X-CUBE-GNSS1.6.0.0
2024-02-21 09:47:19,046 [WARN] PackLoader:240 - Cannot read IP mode file for STMicroelectronics.X-CUBE-AZRTOS-F4.1.1.0
2024-02-21 09:47:19,060 [WARN] PackLoader:240 - Cannot read IP mode file for wolfSSL.I-CUBE-wolfSSL.5.6.4
2024-02-21 09:47:19,085 [WARN] PackLoader:240 - Cannot read IP mode file for STMicroelectronics.X-CUBE-AZRTOS-L5.2.0.0
2024-02-21 09:47:19,097 [WARN] PackLoader:240 - Cannot read IP mode file for STMicroelectronics.X-CUBE-EEPRMA1.4.2.0
2024-02-21 09:47:19,109 [WARN] PackLoader:240 - Cannot read IP mode file for ITTIA_DB.I-CUBE-ITTIADB.8.8.0
2024-02-21 09:47:19,132 [WARN] ConditionMgr:438 - getConditionDescription Invalid condition id : UX DEVICE CLASS RTOS Condition cause : null
2024-02-21 09:47:19,132 [WARN] ConditionMgr:438 - getConditionDescription Invalid condition id : UX DEVICE CLASS RTOS Condition cause : null
2024-02-21 09:47:19,135 [WARN] PackLoader:240 - Cannot read IP mode file for STMicroelectronics.X-CUBE-AZRTOS-H7.3.1.0
2024-02-21 09:47:19,136 [WARN] ConditionMgr:1039 - genDependencies : Invalid condition id : UX DEVICE CLASS RTOS Condition cause : null
2024-02-21 09:47:19,136 [WARN] ConditionMgr:1039 - genDependencies : Invalid condition id : UX DEVICE CLASS RTOS Condition cause : null
2024-02-21 09:47:19,136 [WARN] ConditionMgr:1039 - genDependencies : Invalid condition id : UX DEVICE CLASS RTOS Condition cause : null
2024-02-21 09:47:19,137 [WARN] ConditionMgr:1039 - genDependencies : Invalid condition id : UX DEVICE CLASS RTOS Condition cause : null
2024-02-21 09:47:19,137 [WARN] ConditionMgr:1039 - genDependencies : Invalid condition id : UX DEVICE CLASS RTOS Condition cause : null
2024-02-21 09:47:19,150 [WARN] PackLoader:240 - Cannot read IP mode file for STMicroelectronics.X-CUBE-NFC7.1.0.1
2024-02-21 09:47:19,163 [WARN] PackLoader:240 - Cannot read IP mode file for STMicroelectronics.X-CUBE-NFC6.3.0.0
2024-02-21 09:47:19,175 [WARN] PackLoader:240 - Cannot read IP mode file for STMicroelectronics.X-CUBE-AI.8.1.0
2024-02-21 09:47:19,202 [WARN] ConditionMgr:438 - getConditionDescription Invalid condition id : LAN8742 Phy interface Condition cause : null
2024-02-21 09:47:19,203 [WARN] PackLoader:240 - Cannot read IP mode file for STMicroelectronics.X-CUBE-AZRTOS-L4.2.0.0
2024-02-21 09:47:19,204 [WARN] ConditionMgr:1039 - genDependencies : Invalid condition id : LAN8742 Phy interface Condition cause : null
2024-02-21 09:47:19,204 [WARN] ConditionMgr:1039 - genDependencies : Invalid condition id : LAN8742 Phy interface Condition cause : null
2024-02-21 09:47:19,205 [WARN] ConditionMgr:1039 - genDependencies : Invalid condition id : LAN8742 Phy interface Condition cause : null
2024-02-21 09:47:19,220 [WARN] PackLoader:240 - Cannot read IP mode file for STMicroelectronics.X-CUBE-SFXS2LP1.4.0.0
2024-02-21 09:47:19,233 [WARN] PackLoader:240 - Cannot read IP mode file for STMicroelectronics.X-CUBE-ISPU.1.1.0
2024-02-21 09:47:19,254 [WARN] ConditionMgr:438 - getConditionDescription Invalid condition id : UX DEVICE CLASS RTOS Condition cause : null
2024-02-21 09:47:19,254 [WARN] ConditionMgr:438 - getConditionDescription Invalid condition id : UX DEVICE CLASS RTOS Condition cause : null
2024-02-21 09:47:19,256 [WARN] PackLoader:240 - Cannot read IP mode file for STMicroelectronics.X-CUBE-AZRTOS-WB.2.0.0
2024-02-21 09:47:19,256 [WARN] ConditionMgr:1039 - genDependencies : Invalid condition id : UX DEVICE CLASS RTOS Condition cause : null
2024-02-21 09:47:19,256 [WARN] ConditionMgr:1039 - genDependencies : Invalid condition id : UX DEVICE CLASS RTOS Condition cause : null
2024-02-21 09:47:19,256 [WARN] ConditionMgr:1039 - genDependencies : Invalid condition id : UX DEVICE CLASS RTOS Condition cause : null
2024-02-21 09:47:19,257 [WARN] ConditionMgr:1039 - genDependencies : Invalid condition id : UX DEVICE CLASS RTOS Condition cause : null
2024-02-21 09:47:19,257 [WARN] ConditionMgr:1039 - genDependencies : Invalid condition id : UX DEVICE CLASS RTOS Condition cause : null
2024-02-21 09:47:19,274 [WARN] PackLoader:240 - Cannot read IP mode file for STMicroelectronics.X-CUBE-SUBG2.5.0.0
2024-02-21 09:47:19,302 [WARN] PackLoader:240 - Cannot read IP mode file for STMicroelectronics.X-CUBE-AZRTOS-G4.2.0.0
2024-02-21 09:47:19,323 [WARN] PackLoader:240 - Cannot read IP mode file for Infineon.AIROC-Wi-Fi-Bluetooth-STM32.1.5.1
2024-02-21 09:47:19,336 [WARN] PackLoader:240 - Cannot read IP mode file for STMicroelectronics.FP-SNS-MOTENVWB1.1.3.0
2024-02-21 09:47:19,348 [WARN] PackLoader:240 - Cannot read IP mode file for STMicroelectronics.FP-SNS-MOTENVWB1.1.3.1
2024-02-21 09:47:19,359 [WARN] PackLoader:240 - Cannot read IP mode file for STMicroelectronics.X-CUBE-ISPU.2.0.0
2024-02-21 09:47:19,405 [WARN] PackLoader:240 - Cannot read IP mode file for STMicroelectronics.X-CUBE-MEMS1.10.0.0
2024-02-21 09:47:19,511 [WARN] PackLoader:240 - Cannot read IP mode file for STMicroelectronics.X-CUBE-FREERTOS.1.1.0
2024-02-21 09:47:19,525 [WARN] PackLoader:240 - Cannot read IP mode file for portGmbH.I-Cube-SoM-uGOAL.1.1.0
2024-02-21 09:47:19,539 [WARN] PackLoader:240 - Cannot read IP mode file for STMicroelectronics.X-CUBE-ALS.1.0.1
2024-02-21 09:47:19,553 [WARN] PackLoader:240 - Cannot read IP mode file for STMicroelectronics.FP-ATR-ASTRA1.2.0.0
2024-02-21 09:47:19,573 [WARN] PackLoader:240 - Cannot read IP mode file for STMicroelectronics.X-CUBE-TOF1.3.4.0
2024-02-21 09:47:19,618 [WARN] PackLoader:240 - Cannot read IP mode file for STMicroelectronics.X-CUBE-AZRTOS-H7.3.2.0
2024-02-21 09:47:19,624 [INFO] ThirdParty:978 - Integrity check success = true
2024-02-21 09:47:19,624 [INFO] IntegrityCheckThread:100 - exiting critical section [integrity check]
2024-02-21 09:47:19,624 [INFO] IntegrityCheckThread:103 - End integrity checks thread
2024-02-21 09:47:19,789 [INFO] WebApp:161 - Instantiating new browser for Auth
2024-02-21 09:47:20,277 [INFO] WebApp:780 - Register for checkConnection events
2024-02-21 09:47:20,277 [INFO] WebApp:414 - Apply proxy settings
2024-02-21 09:47:20,277 [INFO] WebApp:499 - Chromium requires no authentication
2024-02-21 09:47:20,284 [INFO] WebApp:442 - Direct internet connection detected
2024-02-21 09:47:20,413 [INFO] WebApp:192 - Starting web application
2024-02-21 09:47:20,414 [INFO] WebApp:544 - Web application path used C:\ST\STM32CubeIDE_1.14.0\STM32CubeIDE\plugins\com.st.stm32cube.common.mx_6.10.0.202311202037\db\plugins\mcufinder\reactClient1\index.html
2024-02-21 09:47:29,712 [ERROR] LogOutputStream:75 - [STDERR_REDIRECT] SLF4J: Failed to load class "org.slf4j.impl.StaticLoggerBinder".
2024-02-21 09:47:29,713 [ERROR] LogOutputStream:75 - [STDERR_REDIRECT] SLF4J: Defaulting to no-operation (NOP) logger implementation
2024-02-21 09:47:29,714 [ERROR] LogOutputStream:75 - [STDERR_REDIRECT] SLF4J: See http://www.slf4j.org/codes.html#StaticLoggerBinder for further details.
2024-02-21 09:48:15,275 [ERROR] LogOutputStream:75 - [STDERR_REDIRECT] 
2024-02-21 09:48:15,275 [ERROR] LogOutputStream:75 - [STDERR_REDIRECT] 
