2024-02-14 17:41:44,492 [INFO] Activator:176 - 


2024-02-14 17:41:44,496 [INFO] Activator:177 - !SESSION log4j initialized
2024-02-14 17:41:46,508 [INFO] LogOutputStream:77 - [STDOUT_REDIRECT] 
2024-02-14 17:41:47,973 [INFO] ApplicationProperties:184 - Using Application install path: C:\ST\STM32CubeIDE_1.14.0\STM32CubeIDE\plugins\com.st.stm32cube.common.mx_6.10.0.202311202037
2024-02-14 17:41:47,987 [INFO] DbMcusXml:78 - Set database path to: C:\ST\STM32CubeIDE_1.14.0\STM32CubeIDE\plugins\com.st.stm32cube.common.mx_6.10.0.202311202037\\db\/mcu/
2024-02-14 17:41:47,987 [INFO] ApiDb:274 - Set plugin database path to: C:\ST\STM32CubeIDE_1.14.0\STM32CubeIDE\plugins\com.st.stm32cube.common.mx_6.10.0.202311202037\\db\/plugins/boardmanager/
2024-02-14 17:41:47,988 [WARN] ApiDb:259 - Overriding images path with different value:  => C:\ST\STM32CubeIDE_1.14.0\STM32CubeIDE\plugins\com.st.stm32cube.common.mx_6.10.0.202311202037\\db\/plugins/mcufinder/images/
2024-02-14 17:41:47,992 [INFO] ApiDb:250 - Set database path to: C:\Users\sykojo\.stmcufinder\plugins\mcufinder//mcu/
2024-02-14 17:41:47,992 [INFO] DbMcusAds:125 - Set database path to: C:\Users\sykojo\.stmcufinder\plugins\mcufinder//mcu/
2024-02-14 17:41:47,993 [INFO] CrossReferenceDbSqlite:203 - Set database path to: C:\Users\sykojo\.stmcufinder\plugins\mcufinder//mcu/cs/
2024-02-14 17:41:48,071 [INFO] RulesReader:64 - Compatibility file has been processed (297 Rules)
2024-02-14 17:41:48,132 [INFO] DbMcusXml:78 - Set database path to: C:\ST\STM32CubeIDE_1.14.0\STM32CubeIDE\plugins\com.st.stm32cube.common.mx_6.10.0.202311202037\\db\/mcu/
2024-02-14 17:41:48,132 [INFO] ApiDb:274 - Set plugin database path to: C:\ST\STM32CubeIDE_1.14.0\STM32CubeIDE\plugins\com.st.stm32cube.common.mx_6.10.0.202311202037\\db\/plugins/boardmanager/
2024-02-14 17:41:48,132 [INFO] ApiDb:261 - Set plugin images path to: C:\ST\STM32CubeIDE_1.14.0\STM32CubeIDE\plugins\com.st.stm32cube.common.mx_6.10.0.202311202037\\db\/plugins/mcufinder/images/
2024-02-14 17:41:48,132 [WARN] DbFile:41 - Overriding database path with different value: C:\Users\sykojo\.stmcufinder\plugins\mcufinder/ => C:\Users\sykojo\.stmcufinder\plugins\mcufinder
2024-02-14 17:41:48,132 [INFO] ApiDb:250 - Set database path to: C:\Users\sykojo\.stmcufinder\plugins\mcufinder//mcu/
2024-02-14 17:41:48,132 [WARN] DbFile:41 - Overriding database path with different value: C:\Users\sykojo\.stmcufinder\plugins\mcufinder/ => C:\Users\sykojo\.stmcufinder\plugins\mcufinder
2024-02-14 17:41:48,132 [INFO] DbMcusAds:125 - Set database path to: C:\Users\sykojo\.stmcufinder\plugins\mcufinder//mcu/
2024-02-14 17:41:48,132 [WARN] DbFile:41 - Overriding database path with different value: C:\Users\sykojo\.stmcufinder\plugins\mcufinder/ => C:\Users\sykojo\.stmcufinder\plugins\mcufinder
2024-02-14 17:41:48,132 [WARN] DbFile:41 - Overriding database path with different value: C:\Users\sykojo\.stmcufinder\plugins\mcufinder/ => C:\Users\sykojo\.stmcufinder\plugins\mcufinder
2024-02-14 17:41:48,132 [INFO] CrossReferenceDbSqlite:203 - Set database path to: C:\Users\sykojo\.stmcufinder\plugins\mcufinder//mcu/cs/
2024-02-14 17:41:48,188 [INFO] MainPanel:264 - HeapMemory: 268435456
2024-02-14 17:41:48,255 [INFO] DbMcusXml:78 - Set database path to: C:\ST\STM32CubeIDE_1.14.0\STM32CubeIDE\plugins\com.st.stm32cube.common.mx_6.10.0.202311202037\\db\/mcu/
2024-02-14 17:41:48,255 [INFO] ApiDb:274 - Set plugin database path to: C:\ST\STM32CubeIDE_1.14.0\STM32CubeIDE\plugins\com.st.stm32cube.common.mx_6.10.0.202311202037\\db\/plugins/boardmanager/
2024-02-14 17:41:48,255 [INFO] ApiDb:261 - Set plugin images path to: C:\ST\STM32CubeIDE_1.14.0\STM32CubeIDE\plugins\com.st.stm32cube.common.mx_6.10.0.202311202037\\db\/plugins/mcufinder/images/
2024-02-14 17:41:48,255 [WARN] DbFile:41 - Overriding database path with different value: C:\Users\sykojo\.stmcufinder\plugins\mcufinder/ => C:\Users\sykojo\.stmcufinder\plugins\mcufinder
2024-02-14 17:41:48,255 [INFO] ApiDb:250 - Set database path to: C:\Users\sykojo\.stmcufinder\plugins\mcufinder//mcu/
2024-02-14 17:41:48,255 [WARN] DbFile:41 - Overriding database path with different value: C:\Users\sykojo\.stmcufinder\plugins\mcufinder/ => C:\Users\sykojo\.stmcufinder\plugins\mcufinder
2024-02-14 17:41:48,255 [INFO] DbMcusAds:125 - Set database path to: C:\Users\sykojo\.stmcufinder\plugins\mcufinder//mcu/
2024-02-14 17:41:48,255 [WARN] DbFile:41 - Overriding database path with different value: C:\Users\sykojo\.stmcufinder\plugins\mcufinder/ => C:\Users\sykojo\.stmcufinder\plugins\mcufinder
2024-02-14 17:41:48,255 [WARN] DbFile:41 - Overriding database path with different value: C:\Users\sykojo\.stmcufinder\plugins\mcufinder/ => C:\Users\sykojo\.stmcufinder\plugins\mcufinder
2024-02-14 17:41:48,256 [INFO] CrossReferenceDbSqlite:203 - Set database path to: C:\Users\sykojo\.stmcufinder\plugins\mcufinder//mcu/cs/
2024-02-14 17:41:48,270 [INFO] ApplicationProperties:184 - Using Application install path: C:\ST\STM32CubeIDE_1.14.0\STM32CubeIDE\plugins\com.st.stm32cube.common.mx_6.10.0.202311202037
2024-02-14 17:41:48,270 [INFO] PluginManage:196 - Search for loadable plugins [exclusion list=, ]
2024-02-14 17:41:48,271 [INFO] PluginManage:310 - Check plugin analytics
2024-02-14 17:41:48,371 [INFO] AnalyticsPlugin:253 - Accepted Software Licenses: 
2024-02-14 17:41:48,371 [INFO] AnalyticsPlugin:255 - Accepted CMSIS Pack Licenses: 
2024-02-14 17:41:48,371 [INFO] AnalyticsPlugin:257 - Accepted Firmware Licenses: 
2024-02-14 17:41:48,373 [INFO] PluginManage:359 - Loaded plugin analytics (category:tool,tabindex:-1)
2024-02-14 17:41:48,373 [INFO] PluginManage:310 - Check plugin cadmodel
2024-02-14 17:41:48,376 [INFO] CADModel:105 - Init CAD model plugin
2024-02-14 17:41:48,376 [INFO] PluginManage:359 - Loaded plugin cadmodel (category:power,tabindex:5)
2024-02-14 17:41:48,376 [INFO] PluginManage:310 - Check plugin clock
2024-02-14 17:41:48,386 [INFO] PluginManage:359 - Loaded plugin clock (category:base,tabindex:2)
2024-02-14 17:41:48,387 [INFO] PluginManage:310 - Check plugin ddr
2024-02-14 17:41:48,389 [INFO] PluginManage:359 - Loaded plugin ddr (category:tool,tabindex:6)
2024-02-14 17:41:48,389 [INFO] PluginManage:310 - Check plugin filemanager
2024-02-14 17:41:48,482 [INFO] PluginManage:359 - Loaded plugin filemanager (category:base,tabindex:10)
2024-02-14 17:41:48,482 [INFO] PluginManage:310 - Check plugin ipmanager
2024-02-14 17:41:48,487 [INFO] PluginManage:359 - Loaded plugin ipmanager (category:base,tabindex:5)
2024-02-14 17:41:48,487 [INFO] PluginManage:310 - Check plugin lpbam
2024-02-14 17:41:48,494 [INFO] PluginManage:359 - Loaded plugin lpbam (category:base,tabindex:0)
2024-02-14 17:41:48,494 [INFO] PluginManage:310 - Check plugin memorymap
2024-02-14 17:41:48,517 [INFO] PluginManage:359 - Loaded plugin memorymap (category:base,tabindex:4)
2024-02-14 17:41:48,518 [INFO] PluginManage:310 - Check plugin pinoutandconfiguration
2024-02-14 17:41:48,523 [INFO] PluginManage:359 - Loaded plugin pinoutandconfiguration (category:base,tabindex:1)
2024-02-14 17:41:48,523 [INFO] PluginManage:310 - Check plugin pinoutconfig
2024-02-14 17:41:48,590 [WARN] SupportedApi:132 - Cannot load RTOS API schema: s4s-elt-must-match.1: The content of 'definitions' must match (annotation?, (simpleType | complexType)?, (unique | key | keyref)*)). A problem was found starting at: attribute.
2024-02-14 17:41:48,685 [INFO] PluginManage:359 - Loaded plugin pinoutconfig (category:base,tabindex:0)
2024-02-14 17:41:48,685 [INFO] PluginManage:310 - Check plugin power
2024-02-14 17:41:48,691 [INFO] PluginManage:359 - Loaded plugin power (category:power,tabindex:4)
2024-02-14 17:41:48,691 [INFO] PluginManage:310 - Check plugin projectmanager
2024-02-14 17:41:48,703 [INFO] PluginManage:359 - Loaded plugin projectmanager (category:projectmanager,tabindex:3)
2024-02-14 17:41:48,703 [INFO] PluginManage:310 - Check plugin thirdparty
2024-02-14 17:41:48,790 [INFO] PluginManage:359 - Loaded plugin thirdparty (category:base,tabindex:-1)
2024-02-14 17:41:48,790 [INFO] PluginManage:310 - Check plugin tools
2024-02-14 17:41:48,790 [WARN] IntegrityCheckThread:84 - waiting for thirdparty lock release [integrity check]
2024-02-14 17:41:48,790 [INFO] IntegrityCheckThread:86 - entering critical section [integrity check]
2024-02-14 17:41:48,790 [INFO] ThirdPartyUpdaterWithRetryManager:70 - Updater plugin not ready yet. [1/15]
2024-02-14 17:41:48,791 [INFO] PluginManage:359 - Loaded plugin tools (category:base,tabindex:7)
2024-02-14 17:41:48,791 [INFO] PluginManage:310 - Check plugin tutovideos
2024-02-14 17:41:48,917 [INFO] PluginManage:359 - Loaded plugin tutovideos (category:base,tabindex:-1)
2024-02-14 17:41:48,917 [INFO] PluginManage:310 - Check plugin updater
2024-02-14 17:41:48,924 [INFO] PluginManage:359 - Loaded plugin updater (category:base,tabindex:12)
2024-02-14 17:41:48,924 [INFO] PluginManage:310 - Check plugin userauth
2024-02-14 17:41:48,929 [INFO] UserAuth:114 - Init User Auth plugin
2024-02-14 17:41:48,929 [INFO] PluginManage:359 - Loaded plugin userauth (category:base,tabindex:14)
2024-02-14 17:41:48,929 [INFO] PluginManage:283 - PluginManage : Loaded plugins [17]
2024-02-14 17:41:49,083 [INFO] PinOutPanel:1499 - setPackage(No Configuration,No Configuration)
2024-02-14 17:41:49,136 [INFO] CADModel:165 - CPN selected for project level
2024-02-14 17:41:49,137 [INFO] CADModel:114 - Register for checkConnection events
2024-02-14 17:41:49,149 [INFO] IPUIPlugin:80 - create IPUIPlugin
2024-02-14 17:41:49,149 [INFO] PluginManager:220 - loadIPPluginJar : add adc
2024-02-14 17:41:49,150 [INFO] IPUIPlugin:80 - create IPUIPlugin
2024-02-14 17:41:49,150 [INFO] PluginManager:220 - loadIPPluginJar : add aes
2024-02-14 17:41:49,152 [INFO] IPUIPlugin:80 - create IPUIPlugin
2024-02-14 17:41:49,152 [INFO] PluginManager:220 - loadIPPluginJar : add can
2024-02-14 17:41:49,153 [INFO] IPUIPlugin:80 - create IPUIPlugin
2024-02-14 17:41:49,153 [INFO] PluginManager:220 - loadIPPluginJar : add comp
2024-02-14 17:41:49,154 [INFO] IPUIPlugin:80 - create IPUIPlugin
2024-02-14 17:41:49,154 [INFO] PluginManager:220 - loadIPPluginJar : add cryp
2024-02-14 17:41:49,155 [INFO] IPUIPlugin:80 - create IPUIPlugin
2024-02-14 17:41:49,156 [INFO] PluginManager:220 - loadIPPluginJar : add dfsdm
2024-02-14 17:41:49,159 [INFO] IPUIPlugin:80 - create IPUIPlugin
2024-02-14 17:41:49,159 [INFO] PluginManager:220 - loadIPPluginJar : add dma
2024-02-14 17:41:49,161 [INFO] IPUIPlugin:80 - create IPUIPlugin
2024-02-14 17:41:49,161 [INFO] PluginManager:220 - loadIPPluginJar : add dma3
2024-02-14 17:41:49,161 [INFO] IPUIPlugin:80 - create IPUIPlugin
2024-02-14 17:41:49,161 [INFO] PluginManager:220 - loadIPPluginJar : add fatfs
2024-02-14 17:41:49,164 [INFO] IPUIPlugin:80 - create IPUIPlugin
2024-02-14 17:41:49,164 [INFO] PluginManager:220 - loadIPPluginJar : add fmc
2024-02-14 17:41:49,167 [INFO] IPUIPlugin:80 - create IPUIPlugin
2024-02-14 17:41:49,167 [INFO] PluginManager:220 - loadIPPluginJar : add freertos
2024-02-14 17:41:49,167 [INFO] IPUIPlugin:80 - create IPUIPlugin
2024-02-14 17:41:49,168 [INFO] PluginManager:220 - loadIPPluginJar : add genericplugin
2024-02-14 17:41:49,169 [INFO] IPUIPlugin:80 - create IPUIPlugin
2024-02-14 17:41:49,169 [INFO] PluginManager:220 - loadIPPluginJar : add gfxmmu
2024-02-14 17:41:49,172 [INFO] IPUIPlugin:80 - create IPUIPlugin
2024-02-14 17:41:49,173 [INFO] PluginManager:220 - loadIPPluginJar : add gic
2024-02-14 17:41:49,175 [INFO] IPUIPlugin:80 - create IPUIPlugin
2024-02-14 17:41:49,175 [INFO] PluginManager:220 - loadIPPluginJar : add gpio
2024-02-14 17:41:49,177 [INFO] IPUIPlugin:80 - create IPUIPlugin
2024-02-14 17:41:49,177 [INFO] PluginManager:220 - loadIPPluginJar : add gtzc
2024-02-14 17:41:49,178 [INFO] IPUIPlugin:80 - create IPUIPlugin
2024-02-14 17:41:49,178 [INFO] PluginManager:220 - loadIPPluginJar : add hash
2024-02-14 17:41:49,179 [INFO] IPUIPlugin:80 - create IPUIPlugin
2024-02-14 17:41:49,180 [INFO] PluginManager:220 - loadIPPluginJar : add i2c
2024-02-14 17:41:49,181 [INFO] IPUIPlugin:80 - create IPUIPlugin
2024-02-14 17:41:49,181 [INFO] PluginManager:220 - loadIPPluginJar : add i2s
2024-02-14 17:41:49,182 [INFO] IPUIPlugin:80 - create IPUIPlugin
2024-02-14 17:41:49,182 [INFO] PluginManager:220 - loadIPPluginJar : add i3c
2024-02-14 17:41:49,185 [INFO] IPUIPlugin:80 - create IPUIPlugin
2024-02-14 17:41:49,185 [INFO] PluginManager:220 - loadIPPluginJar : add ipddr
2024-02-14 17:41:49,189 [INFO] IPUIPlugin:80 - create IPUIPlugin
2024-02-14 17:41:49,189 [INFO] PluginManager:220 - loadIPPluginJar : add linkedlist
2024-02-14 17:41:49,191 [INFO] IPUIPlugin:80 - create IPUIPlugin
2024-02-14 17:41:49,191 [INFO] PluginManager:220 - loadIPPluginJar : add lorawan
2024-02-14 17:41:49,192 [INFO] IPUIPlugin:80 - create IPUIPlugin
2024-02-14 17:41:49,192 [INFO] PluginManager:220 - loadIPPluginJar : add ltdc
2024-02-14 17:41:49,196 [INFO] IPUIPlugin:80 - create IPUIPlugin
2024-02-14 17:41:49,196 [INFO] PluginManager:220 - loadIPPluginJar : add mdma
2024-02-14 17:41:49,198 [INFO] IPUIPlugin:80 - create IPUIPlugin
2024-02-14 17:41:49,198 [INFO] PluginManager:220 - loadIPPluginJar : add nvic
2024-02-14 17:41:49,199 [INFO] IPUIPlugin:80 - create IPUIPlugin
2024-02-14 17:41:49,199 [INFO] PluginManager:220 - loadIPPluginJar : add opamp
2024-02-14 17:41:49,201 [INFO] IPUIPlugin:80 - create IPUIPlugin
2024-02-14 17:41:49,201 [INFO] PluginManager:220 - loadIPPluginJar : add openamp
2024-02-14 17:41:49,203 [INFO] IPUIPlugin:80 - create IPUIPlugin
2024-02-14 17:41:49,203 [INFO] PluginManager:220 - loadIPPluginJar : add pdm2pcm
2024-02-14 17:41:49,207 [INFO] IPUIPlugin:80 - create IPUIPlugin
2024-02-14 17:41:49,208 [INFO] PluginManager:220 - loadIPPluginJar : add plateformsettings
2024-02-14 17:41:49,209 [INFO] IPUIPlugin:80 - create IPUIPlugin
2024-02-14 17:41:49,209 [INFO] PluginManager:220 - loadIPPluginJar : add quadspi
2024-02-14 17:41:49,211 [INFO] IPUIPlugin:80 - create IPUIPlugin
2024-02-14 17:41:49,211 [INFO] PluginManager:220 - loadIPPluginJar : add resmgrutility
2024-02-14 17:41:49,213 [INFO] IPUIPlugin:80 - create IPUIPlugin
2024-02-14 17:41:49,213 [INFO] PluginManager:220 - loadIPPluginJar : add sai
2024-02-14 17:41:49,215 [INFO] IPUIPlugin:80 - create IPUIPlugin
2024-02-14 17:41:49,215 [INFO] PluginManager:220 - loadIPPluginJar : add spi
2024-02-14 17:41:49,218 [INFO] IPUIPlugin:80 - create IPUIPlugin
2024-02-14 17:41:49,218 [INFO] PluginManager:220 - loadIPPluginJar : add stm32_wpan
2024-02-14 17:41:49,219 [INFO] IPUIPlugin:80 - create IPUIPlugin
2024-02-14 17:41:49,219 [INFO] PluginManager:220 - loadIPPluginJar : add tim
2024-02-14 17:41:49,221 [INFO] IPUIPlugin:80 - create IPUIPlugin
2024-02-14 17:41:49,221 [INFO] PluginManager:220 - loadIPPluginJar : add touchsensing
2024-02-14 17:41:49,222 [INFO] IPUIPlugin:80 - create IPUIPlugin
2024-02-14 17:41:49,222 [INFO] PluginManager:220 - loadIPPluginJar : add tracer_emb
2024-02-14 17:41:49,223 [INFO] IPUIPlugin:80 - create IPUIPlugin
2024-02-14 17:41:49,223 [INFO] PluginManager:220 - loadIPPluginJar : add ts
2024-02-14 17:41:49,224 [INFO] IPUIPlugin:80 - create IPUIPlugin
2024-02-14 17:41:49,224 [INFO] PluginManager:220 - loadIPPluginJar : add tsc
2024-02-14 17:41:49,225 [INFO] IPUIPlugin:80 - create IPUIPlugin
2024-02-14 17:41:49,225 [INFO] PluginManager:220 - loadIPPluginJar : add ucpd
2024-02-14 17:41:49,227 [INFO] IPUIPlugin:80 - create IPUIPlugin
2024-02-14 17:41:49,227 [INFO] PluginManager:220 - loadIPPluginJar : add usart
2024-02-14 17:41:49,229 [INFO] IPUIPlugin:80 - create IPUIPlugin
2024-02-14 17:41:49,229 [INFO] PluginManager:220 - loadIPPluginJar : add usbx
2024-02-14 17:41:49,340 [INFO] CADModel:165 - CPN selected for project level
2024-02-14 17:41:49,340 [INFO] CADModel:114 - Register for checkConnection events
2024-02-14 17:41:49,340 [FATAL] Updater:308 - Updater called before beeing initialized
2024-02-14 17:41:49,340 [ERROR] CADModel:125 - Updater not yet initialized, retry later 
2024-02-14 17:41:49,448 [INFO] CADModel:165 - CPN selected for project level
2024-02-14 17:41:49,448 [INFO] CADModel:114 - Register for checkConnection events
2024-02-14 17:41:49,448 [FATAL] Updater:308 - Updater called before beeing initialized
2024-02-14 17:41:49,448 [ERROR] CADModel:125 - Updater not yet initialized, retry later 
2024-02-14 17:41:49,450 [FATAL] Updater:308 - Updater called before beeing initialized
2024-02-14 17:41:49,524 [FATAL] Updater:308 - Updater called before beeing initialized
2024-02-14 17:41:49,527 [INFO] DbMcusAds:53 - JSON generation date=Wed Nov 29 11:52:27 CET 2023 (1701255147349)
2024-02-14 17:41:49,527 [FATAL] Updater:308 - Updater called before beeing initialized
2024-02-14 17:41:49,555 [WARN] DetailPanel:346 - Failed to get advertising image, set to default
2024-02-14 17:41:49,630 [FATAL] Updater:308 - Updater called before beeing initialized
2024-02-14 17:41:49,632 [FATAL] Updater:308 - Updater called before beeing initialized
2024-02-14 17:41:49,632 [FATAL] Updater:308 - Updater called before beeing initialized
2024-02-14 17:41:49,632 [WARN] DetailPanel:346 - Failed to get advertising image, set to default
2024-02-14 17:41:49,633 [FATAL] Updater:308 - Updater called before beeing initialized
2024-02-14 17:41:49,668 [ERROR] Updater:1120 - MainUpdater not yet initialized. External WinMGr cannot be set.
2024-02-14 17:41:49,671 [INFO] Updater:1056 - Updater Version found : 6.10.0
2024-02-14 17:41:49,698 [INFO] ApplicationProperties:184 - Using Application install path: C:\ST\STM32CubeIDE_1.14.0\STM32CubeIDE\plugins\com.st.stm32cube.common.mx_6.10.0.202311202037
2024-02-14 17:41:51,272 [ERROR] LogOutputStream:75 - [STDERR_REDIRECT] Feb 14, 2024 5:41:51 PM java.util.prefs.WindowsPreferences <init>
2024-02-14 17:41:51,273 [ERROR] LogOutputStream:75 - [STDERR_REDIRECT] WARNING: Could not open/create prefs root node Software\JavaSoft\Prefs at root 0xffffffff80000002. Windows RegCreateKeyEx(...) returned error code 5.
2024-02-14 17:41:51,273 [ERROR] LogOutputStream:75 - [STDERR_REDIRECT] 
2024-02-14 17:41:51,512 [INFO] MainUpdater:2873 - connection check result : 10
2024-02-14 17:41:51,513 [INFO] MainUpdater:290 - Updater Check For Update Now.
2024-02-14 17:41:51,513 [INFO] MicroXplorer:498 - Change Database Version : DB.6.0.100
2024-02-14 17:41:51,518 [INFO] McuFinderGlobals:63 - Set McuFinder mode to 2 (CubeIDE integrated)
2024-02-14 17:41:51,524 [INFO] UserAuth:404 - Internet connection configuration mode: 1
2024-02-14 17:41:51,538 [INFO] JxBrowserEngine:152 - Initiate JxBrowser Engine with user profile folder
2024-02-14 17:41:51,666 [INFO] CheckServerUpdateThread:120 - End of CheckServer Thread
2024-02-14 17:41:51,926 [WARN] PackLoader:240 - Cannot read IP mode file for STMicroelectronics.X-CUBE-SMBUS.2.1.0
2024-02-14 17:41:51,936 [WARN] PackLoader:240 - Cannot read IP mode file for STMicroelectronics.X-CUBE-TOUCHGFX.4.23.0
2024-02-14 17:41:51,973 [WARN] PackLoader:240 - Cannot read IP mode file for STMicroelectronics.X-CUBE-AZRTOS-F7.1.1.0
2024-02-14 17:41:51,984 [WARN] PackLoader:240 - Cannot read IP mode file for STMicroelectronics.FP-SNS-MOTENV1.4.3.2
2024-02-14 17:41:51,991 [WARN] PackLoader:240 - Cannot read IP mode file for STMicroelectronics.FP-SNS-FLIGHT1.5.0.2
2024-02-14 17:41:52,000 [WARN] PackLoader:240 - Cannot read IP mode file for STMicroelectronics.X-CUBE-DISPLAY.3.0.0
2024-02-14 17:41:52,010 [WARN] PackLoader:240 - Cannot read IP mode file for STMicroelectronics.X-CUBE-BLE1.7.0.0
2024-02-14 17:41:52,016 [WARN] PackLoader:240 - Cannot read IP mode file for emotas.I-CUBE-CANOPEN.1.3.0
2024-02-14 17:41:52,021 [WARN] PackLoader:240 - Cannot read IP mode file for STMicroelectronics.X-CUBE-TOUCHGFX.4.22.1
2024-02-14 17:41:52,025 [WARN] PackLoader:240 - Cannot read IP mode file for STMicroelectronics.FP-SNS-SMARTAG2.1.2.0
2024-02-14 17:41:52,036 [INFO] LogOutputStream:77 - [STDOUT_REDIRECT] 1 : Invalid condition id : UX_CORESTACK_Condition cause : null
2024-02-14 17:41:52,036 [INFO] LogOutputStream:77 - [STDOUT_REDIRECT] 1 : Invalid condition id : UX_CORESTACK_Condition cause : null
2024-02-14 17:41:52,038 [INFO] LogOutputStream:77 - [STDOUT_REDIRECT] 1 : Invalid condition id : UX_CORESTACK_Condition cause : null
2024-02-14 17:41:52,038 [INFO] LogOutputStream:77 - [STDOUT_REDIRECT] 1 : Invalid condition id : UX_CORESTACK_Condition cause : null
2024-02-14 17:41:52,040 [INFO] LogOutputStream:77 - [STDOUT_REDIRECT] 1 : Invalid condition id : UX_CORESTACK_Condition cause : null
2024-02-14 17:41:52,043 [WARN] PackLoader:240 - Cannot read IP mode file for STMicroelectronics.X-CUBE-AZRTOS-WL.2.0.0
2024-02-14 17:41:52,052 [WARN] PackLoader:240 - Cannot read IP mode file for WES.I-CUBE-Cesium.1.3.0
2024-02-14 17:41:52,058 [WARN] PackLoader:240 - Cannot read IP mode file for STMicroelectronics.X-CUBE-BLE2.3.3.0
2024-02-14 17:41:52,065 [WARN] PackLoader:240 - Cannot read IP mode file for STMicroelectronics.X-CUBE-ALGOBUILD.1.3.0
2024-02-14 17:41:52,078 [INFO] WebApp:161 - Instantiating new browser for Auth
2024-02-14 17:41:52,081 [WARN] PackLoader:240 - Cannot read IP mode file for STMicroelectronics.X-CUBE-AZRTOS-G0.1.1.0
2024-02-14 17:41:52,092 [WARN] PackLoader:240 - Cannot read IP mode file for STMicroelectronics.X-CUBE-NFC4.3.0.0
2024-02-14 17:41:52,106 [WARN] PackLoader:240 - Cannot read IP mode file for STMicroelectronics.X-CUBE-BLEMGR.3.0.0
2024-02-14 17:41:52,115 [WARN] PackLoader:240 - Cannot read IP mode file for STMicroelectronics.FP-ATR-SIGFOX1.3.2.0
2024-02-14 17:41:52,124 [WARN] PackLoader:240 - Cannot read IP mode file for STMicroelectronics.X-CUBE-EEPRMA1.5.1.0
2024-02-14 17:41:52,158 [WARN] PackLoader:240 - Cannot read IP mode file for SEGGER.I-CUBE-embOS.1.3.1
2024-02-14 17:41:52,219 [WARN] PackLoader:240 - Cannot read IP mode file for STMicroelectronics.X-CUBE-GNSS1.6.0.0
2024-02-14 17:41:52,250 [WARN] PackLoader:240 - Cannot read IP mode file for STMicroelectronics.X-CUBE-AZRTOS-F4.1.1.0
2024-02-14 17:41:52,260 [WARN] PackLoader:240 - Cannot read IP mode file for wolfSSL.I-CUBE-wolfSSL.5.6.4
2024-02-14 17:41:52,272 [WARN] PackLoader:240 - Cannot read IP mode file for STMicroelectronics.X-CUBE-AZRTOS-L5.2.0.0
2024-02-14 17:41:52,278 [WARN] PackLoader:240 - Cannot read IP mode file for STMicroelectronics.X-CUBE-EEPRMA1.4.2.0
2024-02-14 17:41:52,283 [WARN] PackLoader:240 - Cannot read IP mode file for ITTIA_DB.I-CUBE-ITTIADB.8.8.0
2024-02-14 17:41:52,296 [WARN] ConditionMgr:438 - getConditionDescription Invalid condition id : UX DEVICE CLASS RTOS Condition cause : null
2024-02-14 17:41:52,296 [WARN] ConditionMgr:438 - getConditionDescription Invalid condition id : UX DEVICE CLASS RTOS Condition cause : null
2024-02-14 17:41:52,299 [WARN] PackLoader:240 - Cannot read IP mode file for STMicroelectronics.X-CUBE-AZRTOS-H7.3.1.0
2024-02-14 17:41:52,300 [WARN] ConditionMgr:1039 - genDependencies : Invalid condition id : UX DEVICE CLASS RTOS Condition cause : null
2024-02-14 17:41:52,300 [WARN] ConditionMgr:1039 - genDependencies : Invalid condition id : UX DEVICE CLASS RTOS Condition cause : null
2024-02-14 17:41:52,300 [WARN] ConditionMgr:1039 - genDependencies : Invalid condition id : UX DEVICE CLASS RTOS Condition cause : null
2024-02-14 17:41:52,301 [WARN] ConditionMgr:1039 - genDependencies : Invalid condition id : UX DEVICE CLASS RTOS Condition cause : null
2024-02-14 17:41:52,301 [WARN] ConditionMgr:1039 - genDependencies : Invalid condition id : UX DEVICE CLASS RTOS Condition cause : null
2024-02-14 17:41:52,306 [WARN] PackLoader:240 - Cannot read IP mode file for STMicroelectronics.X-CUBE-NFC7.1.0.1
2024-02-14 17:41:52,313 [WARN] PackLoader:240 - Cannot read IP mode file for STMicroelectronics.X-CUBE-NFC6.3.0.0
2024-02-14 17:41:52,318 [WARN] PackLoader:240 - Cannot read IP mode file for STMicroelectronics.X-CUBE-AI.8.1.0
2024-02-14 17:41:52,329 [WARN] ConditionMgr:438 - getConditionDescription Invalid condition id : LAN8742 Phy interface Condition cause : null
2024-02-14 17:41:52,329 [WARN] PackLoader:240 - Cannot read IP mode file for STMicroelectronics.X-CUBE-AZRTOS-L4.2.0.0
2024-02-14 17:41:52,330 [WARN] ConditionMgr:1039 - genDependencies : Invalid condition id : LAN8742 Phy interface Condition cause : null
2024-02-14 17:41:52,330 [WARN] ConditionMgr:1039 - genDependencies : Invalid condition id : LAN8742 Phy interface Condition cause : null
2024-02-14 17:41:52,331 [WARN] ConditionMgr:1039 - genDependencies : Invalid condition id : LAN8742 Phy interface Condition cause : null
2024-02-14 17:41:52,337 [WARN] PackLoader:240 - Cannot read IP mode file for STMicroelectronics.X-CUBE-SFXS2LP1.4.0.0
2024-02-14 17:41:52,342 [WARN] PackLoader:240 - Cannot read IP mode file for STMicroelectronics.X-CUBE-ISPU.1.1.0
2024-02-14 17:41:52,355 [WARN] ConditionMgr:438 - getConditionDescription Invalid condition id : UX DEVICE CLASS RTOS Condition cause : null
2024-02-14 17:41:52,355 [WARN] ConditionMgr:438 - getConditionDescription Invalid condition id : UX DEVICE CLASS RTOS Condition cause : null
2024-02-14 17:41:52,357 [WARN] PackLoader:240 - Cannot read IP mode file for STMicroelectronics.X-CUBE-AZRTOS-WB.2.0.0
2024-02-14 17:41:52,357 [WARN] ConditionMgr:1039 - genDependencies : Invalid condition id : UX DEVICE CLASS RTOS Condition cause : null
2024-02-14 17:41:52,357 [WARN] ConditionMgr:1039 - genDependencies : Invalid condition id : UX DEVICE CLASS RTOS Condition cause : null
2024-02-14 17:41:52,358 [WARN] ConditionMgr:1039 - genDependencies : Invalid condition id : UX DEVICE CLASS RTOS Condition cause : null
2024-02-14 17:41:52,358 [WARN] ConditionMgr:1039 - genDependencies : Invalid condition id : UX DEVICE CLASS RTOS Condition cause : null
2024-02-14 17:41:52,358 [WARN] ConditionMgr:1039 - genDependencies : Invalid condition id : UX DEVICE CLASS RTOS Condition cause : null
2024-02-14 17:41:52,370 [WARN] PackLoader:240 - Cannot read IP mode file for STMicroelectronics.X-CUBE-SUBG2.5.0.0
2024-02-14 17:41:52,382 [WARN] PackLoader:240 - Cannot read IP mode file for STMicroelectronics.X-CUBE-AZRTOS-G4.2.0.0
2024-02-14 17:41:52,391 [WARN] PackLoader:240 - Cannot read IP mode file for Infineon.AIROC-Wi-Fi-Bluetooth-STM32.1.5.1
2024-02-14 17:41:52,398 [WARN] PackLoader:240 - Cannot read IP mode file for STMicroelectronics.FP-SNS-MOTENVWB1.1.3.0
2024-02-14 17:41:52,401 [WARN] PackLoader:240 - Cannot read IP mode file for STMicroelectronics.FP-SNS-MOTENVWB1.1.3.1
2024-02-14 17:41:52,404 [WARN] PackLoader:240 - Cannot read IP mode file for STMicroelectronics.X-CUBE-ISPU.2.0.0
2024-02-14 17:41:52,427 [WARN] PackLoader:240 - Cannot read IP mode file for STMicroelectronics.X-CUBE-MEMS1.10.0.0
2024-02-14 17:41:52,525 [WARN] PackLoader:240 - Cannot read IP mode file for STMicroelectronics.X-CUBE-FREERTOS.1.1.0
2024-02-14 17:41:52,533 [WARN] PackLoader:240 - Cannot read IP mode file for portGmbH.I-Cube-SoM-uGOAL.1.1.0
2024-02-14 17:41:52,538 [WARN] PackLoader:240 - Cannot read IP mode file for STMicroelectronics.X-CUBE-ALS.1.0.1
2024-02-14 17:41:52,543 [WARN] PackLoader:240 - Cannot read IP mode file for STMicroelectronics.FP-ATR-ASTRA1.2.0.0
2024-02-14 17:41:52,552 [WARN] PackLoader:240 - Cannot read IP mode file for STMicroelectronics.X-CUBE-TOF1.3.4.0
2024-02-14 17:41:52,571 [WARN] PackLoader:240 - Cannot read IP mode file for STMicroelectronics.X-CUBE-AZRTOS-H7.3.2.0
2024-02-14 17:41:52,573 [INFO] ThirdParty:978 - Integrity check success = true
2024-02-14 17:41:52,573 [INFO] IntegrityCheckThread:100 - exiting critical section [integrity check]
2024-02-14 17:41:52,573 [INFO] IntegrityCheckThread:103 - End integrity checks thread
2024-02-14 17:41:52,669 [INFO] WebApp:780 - Register for checkConnection events
2024-02-14 17:41:52,669 [INFO] WebApp:414 - Apply proxy settings
2024-02-14 17:41:52,669 [INFO] WebApp:499 - Chromium requires no authentication
2024-02-14 17:41:52,676 [INFO] WebApp:442 - Direct internet connection detected
2024-02-14 17:41:52,819 [INFO] WebApp:192 - Starting web application
2024-02-14 17:41:52,819 [INFO] WebApp:544 - Web application path used C:\ST\STM32CubeIDE_1.14.0\STM32CubeIDE\plugins\com.st.stm32cube.common.mx_6.10.0.202311202037\db\plugins\mcufinder\reactClient1\index.html
2024-02-14 17:41:53,594 [ERROR] LogOutputStream:75 - [STDERR_REDIRECT] 
2024-02-14 17:41:53,595 [ERROR] LogOutputStream:75 - [STDERR_REDIRECT] 
