2024-02-13 12:29:44,800 [INFO] Activator:176 - 


2024-02-13 12:29:44,809 [INFO] Activator:177 - !SESSION log4j initialized
2024-02-13 12:29:52,883 [INFO] LogOutputStream:77 - [STDOUT_REDIRECT] 
2024-02-13 12:29:56,374 [INFO] ApplicationProperties:184 - Using Application install path: C:\ST\STM32CubeIDE_1.14.0\STM32CubeIDE\plugins\com.st.stm32cube.common.mx_6.10.0.202311202037
2024-02-13 12:29:56,402 [INFO] DbMcusXml:78 - Set database path to: C:\ST\STM32CubeIDE_1.14.0\STM32CubeIDE\plugins\com.st.stm32cube.common.mx_6.10.0.202311202037\\db\/mcu/
2024-02-13 12:29:56,402 [INFO] ApiDb:274 - Set plugin database path to: C:\ST\STM32CubeIDE_1.14.0\STM32CubeIDE\plugins\com.st.stm32cube.common.mx_6.10.0.202311202037\\db\/plugins/boardmanager/
2024-02-13 12:29:56,403 [WARN] ApiDb:259 - Overriding images path with different value:  => C:\ST\STM32CubeIDE_1.14.0\STM32CubeIDE\plugins\com.st.stm32cube.common.mx_6.10.0.202311202037\\db\/plugins/mcufinder/images/
2024-02-13 12:29:56,420 [INFO] ApiDb:250 - Set database path to: C:\Users\sykojo\.stmcufinder\plugins\mcufinder//mcu/
2024-02-13 12:29:56,423 [INFO] DbMcusAds:125 - Set database path to: C:\Users\sykojo\.stmcufinder\plugins\mcufinder//mcu/
2024-02-13 12:29:56,427 [INFO] CrossReferenceDbSqlite:203 - Set database path to: C:\Users\sykojo\.stmcufinder\plugins\mcufinder//mcu/cs/
2024-02-13 12:29:56,626 [INFO] RulesReader:64 - Compatibility file has been processed (297 Rules)
2024-02-13 12:29:56,768 [INFO] DbMcusXml:78 - Set database path to: C:\ST\STM32CubeIDE_1.14.0\STM32CubeIDE\plugins\com.st.stm32cube.common.mx_6.10.0.202311202037\\db\/mcu/
2024-02-13 12:29:56,768 [INFO] ApiDb:274 - Set plugin database path to: C:\ST\STM32CubeIDE_1.14.0\STM32CubeIDE\plugins\com.st.stm32cube.common.mx_6.10.0.202311202037\\db\/plugins/boardmanager/
2024-02-13 12:29:56,768 [INFO] ApiDb:261 - Set plugin images path to: C:\ST\STM32CubeIDE_1.14.0\STM32CubeIDE\plugins\com.st.stm32cube.common.mx_6.10.0.202311202037\\db\/plugins/mcufinder/images/
2024-02-13 12:29:56,769 [WARN] DbFile:41 - Overriding database path with different value: C:\Users\sykojo\.stmcufinder\plugins\mcufinder/ => C:\Users\sykojo\.stmcufinder\plugins\mcufinder
2024-02-13 12:29:56,769 [INFO] ApiDb:250 - Set database path to: C:\Users\sykojo\.stmcufinder\plugins\mcufinder//mcu/
2024-02-13 12:29:56,769 [WARN] DbFile:41 - Overriding database path with different value: C:\Users\sykojo\.stmcufinder\plugins\mcufinder/ => C:\Users\sykojo\.stmcufinder\plugins\mcufinder
2024-02-13 12:29:56,769 [INFO] DbMcusAds:125 - Set database path to: C:\Users\sykojo\.stmcufinder\plugins\mcufinder//mcu/
2024-02-13 12:29:56,769 [WARN] DbFile:41 - Overriding database path with different value: C:\Users\sykojo\.stmcufinder\plugins\mcufinder/ => C:\Users\sykojo\.stmcufinder\plugins\mcufinder
2024-02-13 12:29:56,769 [WARN] DbFile:41 - Overriding database path with different value: C:\Users\sykojo\.stmcufinder\plugins\mcufinder/ => C:\Users\sykojo\.stmcufinder\plugins\mcufinder
2024-02-13 12:29:56,770 [INFO] CrossReferenceDbSqlite:203 - Set database path to: C:\Users\sykojo\.stmcufinder\plugins\mcufinder//mcu/cs/
2024-02-13 12:29:56,892 [INFO] MainPanel:264 - HeapMemory: 268435456
2024-02-13 12:29:57,025 [INFO] DbMcusXml:78 - Set database path to: C:\ST\STM32CubeIDE_1.14.0\STM32CubeIDE\plugins\com.st.stm32cube.common.mx_6.10.0.202311202037\\db\/mcu/
2024-02-13 12:29:57,026 [INFO] ApiDb:274 - Set plugin database path to: C:\ST\STM32CubeIDE_1.14.0\STM32CubeIDE\plugins\com.st.stm32cube.common.mx_6.10.0.202311202037\\db\/plugins/boardmanager/
2024-02-13 12:29:57,026 [INFO] ApiDb:261 - Set plugin images path to: C:\ST\STM32CubeIDE_1.14.0\STM32CubeIDE\plugins\com.st.stm32cube.common.mx_6.10.0.202311202037\\db\/plugins/mcufinder/images/
2024-02-13 12:29:57,027 [WARN] DbFile:41 - Overriding database path with different value: C:\Users\sykojo\.stmcufinder\plugins\mcufinder/ => C:\Users\sykojo\.stmcufinder\plugins\mcufinder
2024-02-13 12:29:57,027 [INFO] ApiDb:250 - Set database path to: C:\Users\sykojo\.stmcufinder\plugins\mcufinder//mcu/
2024-02-13 12:29:57,027 [WARN] DbFile:41 - Overriding database path with different value: C:\Users\sykojo\.stmcufinder\plugins\mcufinder/ => C:\Users\sykojo\.stmcufinder\plugins\mcufinder
2024-02-13 12:29:57,027 [INFO] DbMcusAds:125 - Set database path to: C:\Users\sykojo\.stmcufinder\plugins\mcufinder//mcu/
2024-02-13 12:29:57,027 [WARN] DbFile:41 - Overriding database path with different value: C:\Users\sykojo\.stmcufinder\plugins\mcufinder/ => C:\Users\sykojo\.stmcufinder\plugins\mcufinder
2024-02-13 12:29:57,028 [WARN] DbFile:41 - Overriding database path with different value: C:\Users\sykojo\.stmcufinder\plugins\mcufinder/ => C:\Users\sykojo\.stmcufinder\plugins\mcufinder
2024-02-13 12:29:57,028 [INFO] CrossReferenceDbSqlite:203 - Set database path to: C:\Users\sykojo\.stmcufinder\plugins\mcufinder//mcu/cs/
2024-02-13 12:29:57,058 [INFO] ApplicationProperties:184 - Using Application install path: C:\ST\STM32CubeIDE_1.14.0\STM32CubeIDE\plugins\com.st.stm32cube.common.mx_6.10.0.202311202037
2024-02-13 12:29:57,060 [INFO] PluginManage:196 - Search for loadable plugins [exclusion list=, ]
2024-02-13 12:29:57,062 [INFO] PluginManage:310 - Check plugin analytics
2024-02-13 12:29:57,314 [INFO] AnalyticsPlugin:253 - Accepted Software Licenses: 
2024-02-13 12:29:57,314 [INFO] AnalyticsPlugin:255 - Accepted CMSIS Pack Licenses: 
2024-02-13 12:29:57,314 [INFO] AnalyticsPlugin:257 - Accepted Firmware Licenses: 
2024-02-13 12:29:57,318 [INFO] PluginManage:359 - Loaded plugin analytics (category:tool,tabindex:-1)
2024-02-13 12:29:57,319 [INFO] PluginManage:310 - Check plugin cadmodel
2024-02-13 12:29:57,340 [INFO] CADModel:105 - Init CAD model plugin
2024-02-13 12:29:57,340 [INFO] PluginManage:359 - Loaded plugin cadmodel (category:power,tabindex:5)
2024-02-13 12:29:57,341 [INFO] PluginManage:310 - Check plugin clock
2024-02-13 12:29:57,369 [INFO] PluginManage:359 - Loaded plugin clock (category:base,tabindex:2)
2024-02-13 12:29:57,369 [INFO] PluginManage:310 - Check plugin ddr
2024-02-13 12:29:57,372 [INFO] PluginManage:359 - Loaded plugin ddr (category:tool,tabindex:6)
2024-02-13 12:29:57,372 [INFO] PluginManage:310 - Check plugin filemanager
2024-02-13 12:29:57,565 [INFO] PluginManage:359 - Loaded plugin filemanager (category:base,tabindex:10)
2024-02-13 12:29:57,565 [INFO] PluginManage:310 - Check plugin ipmanager
2024-02-13 12:29:57,576 [INFO] PluginManage:359 - Loaded plugin ipmanager (category:base,tabindex:5)
2024-02-13 12:29:57,577 [INFO] PluginManage:310 - Check plugin lpbam
2024-02-13 12:29:57,603 [INFO] PluginManage:359 - Loaded plugin lpbam (category:base,tabindex:0)
2024-02-13 12:29:57,604 [INFO] PluginManage:310 - Check plugin memorymap
2024-02-13 12:29:57,637 [INFO] PluginManage:359 - Loaded plugin memorymap (category:base,tabindex:4)
2024-02-13 12:29:57,638 [INFO] PluginManage:310 - Check plugin pinoutandconfiguration
2024-02-13 12:29:57,663 [INFO] PluginManage:359 - Loaded plugin pinoutandconfiguration (category:base,tabindex:1)
2024-02-13 12:29:57,664 [INFO] PluginManage:310 - Check plugin pinoutconfig
2024-02-13 12:29:57,823 [WARN] SupportedApi:132 - Cannot load RTOS API schema: s4s-elt-must-match.1: The content of 'definitions' must match (annotation?, (simpleType | complexType)?, (unique | key | keyref)*)). A problem was found starting at: attribute.
2024-02-13 12:29:58,020 [INFO] PluginManage:359 - Loaded plugin pinoutconfig (category:base,tabindex:0)
2024-02-13 12:29:58,020 [INFO] PluginManage:310 - Check plugin power
2024-02-13 12:29:58,049 [INFO] PluginManage:359 - Loaded plugin power (category:power,tabindex:4)
2024-02-13 12:29:58,049 [INFO] PluginManage:310 - Check plugin projectmanager
2024-02-13 12:29:58,073 [INFO] PluginManage:359 - Loaded plugin projectmanager (category:projectmanager,tabindex:3)
2024-02-13 12:29:58,073 [INFO] PluginManage:310 - Check plugin thirdparty
2024-02-13 12:29:58,484 [INFO] PluginManage:359 - Loaded plugin thirdparty (category:base,tabindex:-1)
2024-02-13 12:29:58,484 [WARN] IntegrityCheckThread:84 - waiting for thirdparty lock release [integrity check]
2024-02-13 12:29:58,485 [INFO] PluginManage:310 - Check plugin tools
2024-02-13 12:29:58,485 [INFO] IntegrityCheckThread:86 - entering critical section [integrity check]
2024-02-13 12:29:58,485 [INFO] ThirdPartyUpdaterWithRetryManager:70 - Updater plugin not ready yet. [1/15]
2024-02-13 12:29:58,537 [INFO] PluginManage:359 - Loaded plugin tools (category:base,tabindex:7)
2024-02-13 12:29:58,537 [INFO] PluginManage:310 - Check plugin tutovideos
2024-02-13 12:29:58,824 [INFO] PluginManage:359 - Loaded plugin tutovideos (category:base,tabindex:-1)
2024-02-13 12:29:58,825 [INFO] PluginManage:310 - Check plugin updater
2024-02-13 12:29:58,841 [INFO] PluginManage:359 - Loaded plugin updater (category:base,tabindex:12)
2024-02-13 12:29:58,841 [INFO] PluginManage:310 - Check plugin userauth
2024-02-13 12:29:58,849 [INFO] UserAuth:114 - Init User Auth plugin
2024-02-13 12:29:58,849 [INFO] PluginManage:359 - Loaded plugin userauth (category:base,tabindex:14)
2024-02-13 12:29:58,850 [INFO] PluginManage:283 - PluginManage : Loaded plugins [17]
2024-02-13 12:29:59,177 [INFO] PinOutPanel:1499 - setPackage(No Configuration,No Configuration)
2024-02-13 12:29:59,287 [INFO] CADModel:165 - CPN selected for project level
2024-02-13 12:29:59,287 [INFO] CADModel:114 - Register for checkConnection events
2024-02-13 12:29:59,324 [INFO] IPUIPlugin:80 - create IPUIPlugin
2024-02-13 12:29:59,324 [INFO] PluginManager:220 - loadIPPluginJar : add adc
2024-02-13 12:29:59,379 [INFO] IPUIPlugin:80 - create IPUIPlugin
2024-02-13 12:29:59,380 [INFO] PluginManager:220 - loadIPPluginJar : add aes
2024-02-13 12:29:59,440 [INFO] IPUIPlugin:80 - create IPUIPlugin
2024-02-13 12:29:59,440 [INFO] PluginManager:220 - loadIPPluginJar : add can
2024-02-13 12:29:59,473 [INFO] IPUIPlugin:80 - create IPUIPlugin
2024-02-13 12:29:59,474 [INFO] PluginManager:220 - loadIPPluginJar : add comp
2024-02-13 12:29:59,523 [INFO] IPUIPlugin:80 - create IPUIPlugin
2024-02-13 12:29:59,523 [INFO] PluginManager:220 - loadIPPluginJar : add cryp
2024-02-13 12:29:59,565 [INFO] IPUIPlugin:80 - create IPUIPlugin
2024-02-13 12:29:59,566 [INFO] PluginManager:220 - loadIPPluginJar : add dfsdm
2024-02-13 12:29:59,586 [INFO] IPUIPlugin:80 - create IPUIPlugin
2024-02-13 12:29:59,587 [INFO] PluginManager:220 - loadIPPluginJar : add dma
2024-02-13 12:29:59,650 [INFO] IPUIPlugin:80 - create IPUIPlugin
2024-02-13 12:29:59,650 [INFO] PluginManager:220 - loadIPPluginJar : add dma3
2024-02-13 12:29:59,680 [INFO] IPUIPlugin:80 - create IPUIPlugin
2024-02-13 12:29:59,680 [INFO] PluginManager:220 - loadIPPluginJar : add fatfs
2024-02-13 12:29:59,751 [INFO] IPUIPlugin:80 - create IPUIPlugin
2024-02-13 12:29:59,751 [INFO] PluginManager:220 - loadIPPluginJar : add fmc
2024-02-13 12:29:59,776 [INFO] IPUIPlugin:80 - create IPUIPlugin
2024-02-13 12:29:59,777 [INFO] PluginManager:220 - loadIPPluginJar : add freertos
2024-02-13 12:29:59,808 [INFO] IPUIPlugin:80 - create IPUIPlugin
2024-02-13 12:29:59,808 [INFO] PluginManager:220 - loadIPPluginJar : add genericplugin
2024-02-13 12:29:59,947 [INFO] IPUIPlugin:80 - create IPUIPlugin
2024-02-13 12:29:59,948 [INFO] PluginManager:220 - loadIPPluginJar : add gfxmmu
2024-02-13 12:30:00,146 [INFO] IPUIPlugin:80 - create IPUIPlugin
2024-02-13 12:30:00,146 [INFO] PluginManager:220 - loadIPPluginJar : add gic
2024-02-13 12:30:00,199 [INFO] IPUIPlugin:80 - create IPUIPlugin
2024-02-13 12:30:00,200 [INFO] PluginManager:220 - loadIPPluginJar : add gpio
2024-02-13 12:30:00,371 [INFO] IPUIPlugin:80 - create IPUIPlugin
2024-02-13 12:30:00,371 [INFO] PluginManager:220 - loadIPPluginJar : add gtzc
2024-02-13 12:30:00,420 [INFO] IPUIPlugin:80 - create IPUIPlugin
2024-02-13 12:30:00,420 [INFO] PluginManager:220 - loadIPPluginJar : add hash
2024-02-13 12:30:00,499 [INFO] IPUIPlugin:80 - create IPUIPlugin
2024-02-13 12:30:00,499 [INFO] PluginManager:220 - loadIPPluginJar : add i2c
2024-02-13 12:30:00,557 [INFO] IPUIPlugin:80 - create IPUIPlugin
2024-02-13 12:30:00,557 [INFO] PluginManager:220 - loadIPPluginJar : add i2s
2024-02-13 12:30:00,618 [INFO] IPUIPlugin:80 - create IPUIPlugin
2024-02-13 12:30:00,618 [INFO] PluginManager:220 - loadIPPluginJar : add i3c
2024-02-13 12:30:00,782 [INFO] IPUIPlugin:80 - create IPUIPlugin
2024-02-13 12:30:00,782 [INFO] PluginManager:220 - loadIPPluginJar : add ipddr
2024-02-13 12:30:00,979 [INFO] IPUIPlugin:80 - create IPUIPlugin
2024-02-13 12:30:00,980 [INFO] PluginManager:220 - loadIPPluginJar : add linkedlist
2024-02-13 12:30:01,033 [INFO] IPUIPlugin:80 - create IPUIPlugin
2024-02-13 12:30:01,033 [INFO] PluginManager:220 - loadIPPluginJar : add lorawan
2024-02-13 12:30:01,087 [INFO] IPUIPlugin:80 - create IPUIPlugin
2024-02-13 12:30:01,087 [INFO] PluginManager:220 - loadIPPluginJar : add ltdc
2024-02-13 12:30:01,110 [INFO] IPUIPlugin:80 - create IPUIPlugin
2024-02-13 12:30:01,110 [INFO] PluginManager:220 - loadIPPluginJar : add mdma
2024-02-13 12:30:01,128 [INFO] IPUIPlugin:80 - create IPUIPlugin
2024-02-13 12:30:01,129 [INFO] PluginManager:220 - loadIPPluginJar : add nvic
2024-02-13 12:30:01,182 [INFO] IPUIPlugin:80 - create IPUIPlugin
2024-02-13 12:30:01,183 [INFO] PluginManager:220 - loadIPPluginJar : add opamp
2024-02-13 12:30:01,277 [INFO] IPUIPlugin:80 - create IPUIPlugin
2024-02-13 12:30:01,277 [INFO] PluginManager:220 - loadIPPluginJar : add openamp
2024-02-13 12:30:01,342 [INFO] IPUIPlugin:80 - create IPUIPlugin
2024-02-13 12:30:01,343 [INFO] PluginManager:220 - loadIPPluginJar : add pdm2pcm
2024-02-13 12:30:01,364 [INFO] IPUIPlugin:80 - create IPUIPlugin
2024-02-13 12:30:01,368 [INFO] PluginManager:220 - loadIPPluginJar : add plateformsettings
2024-02-13 12:30:01,401 [INFO] IPUIPlugin:80 - create IPUIPlugin
2024-02-13 12:30:01,401 [INFO] PluginManager:220 - loadIPPluginJar : add quadspi
2024-02-13 12:30:01,422 [INFO] IPUIPlugin:80 - create IPUIPlugin
2024-02-13 12:30:01,422 [INFO] PluginManager:220 - loadIPPluginJar : add resmgrutility
2024-02-13 12:30:01,486 [INFO] ThirdPartyUpdaterWithRetryManager:70 - Updater plugin not ready yet. [2/15]
2024-02-13 12:30:01,495 [INFO] IPUIPlugin:80 - create IPUIPlugin
2024-02-13 12:30:01,495 [INFO] PluginManager:220 - loadIPPluginJar : add sai
2024-02-13 12:30:01,550 [INFO] IPUIPlugin:80 - create IPUIPlugin
2024-02-13 12:30:01,550 [INFO] PluginManager:220 - loadIPPluginJar : add spi
2024-02-13 12:30:01,653 [INFO] IPUIPlugin:80 - create IPUIPlugin
2024-02-13 12:30:01,653 [INFO] PluginManager:220 - loadIPPluginJar : add stm32_wpan
2024-02-13 12:30:01,725 [INFO] IPUIPlugin:80 - create IPUIPlugin
2024-02-13 12:30:01,725 [INFO] PluginManager:220 - loadIPPluginJar : add tim
2024-02-13 12:30:01,811 [INFO] IPUIPlugin:80 - create IPUIPlugin
2024-02-13 12:30:01,811 [INFO] PluginManager:220 - loadIPPluginJar : add touchsensing
2024-02-13 12:30:01,845 [INFO] IPUIPlugin:80 - create IPUIPlugin
2024-02-13 12:30:01,845 [INFO] PluginManager:220 - loadIPPluginJar : add tracer_emb
2024-02-13 12:30:01,878 [INFO] IPUIPlugin:80 - create IPUIPlugin
2024-02-13 12:30:01,878 [INFO] PluginManager:220 - loadIPPluginJar : add ts
2024-02-13 12:30:01,909 [INFO] IPUIPlugin:80 - create IPUIPlugin
2024-02-13 12:30:01,909 [INFO] PluginManager:220 - loadIPPluginJar : add tsc
2024-02-13 12:30:01,941 [INFO] IPUIPlugin:80 - create IPUIPlugin
2024-02-13 12:30:01,941 [INFO] PluginManager:220 - loadIPPluginJar : add ucpd
2024-02-13 12:30:02,006 [INFO] IPUIPlugin:80 - create IPUIPlugin
2024-02-13 12:30:02,006 [INFO] PluginManager:220 - loadIPPluginJar : add usart
2024-02-13 12:30:02,071 [INFO] IPUIPlugin:80 - create IPUIPlugin
2024-02-13 12:30:02,071 [INFO] PluginManager:220 - loadIPPluginJar : add usbx
2024-02-13 12:30:02,229 [INFO] CADModel:165 - CPN selected for project level
2024-02-13 12:30:02,229 [INFO] CADModel:114 - Register for checkConnection events
2024-02-13 12:30:02,229 [FATAL] Updater:308 - Updater called before beeing initialized
2024-02-13 12:30:02,230 [ERROR] CADModel:125 - Updater not yet initialized, retry later 
2024-02-13 12:30:02,489 [INFO] CADModel:165 - CPN selected for project level
2024-02-13 12:30:02,489 [INFO] CADModel:114 - Register for checkConnection events
2024-02-13 12:30:02,489 [FATAL] Updater:308 - Updater called before beeing initialized
2024-02-13 12:30:02,489 [ERROR] CADModel:125 - Updater not yet initialized, retry later 
2024-02-13 12:30:02,494 [FATAL] Updater:308 - Updater called before beeing initialized
2024-02-13 12:30:02,656 [FATAL] Updater:308 - Updater called before beeing initialized
2024-02-13 12:30:02,670 [INFO] DbMcusAds:53 - JSON generation date=Wed Nov 29 11:52:27 CET 2023 (1701255147349)
2024-02-13 12:30:02,671 [FATAL] Updater:308 - Updater called before beeing initialized
2024-02-13 12:30:02,792 [WARN] DetailPanel:346 - Failed to get advertising image, set to default
2024-02-13 12:30:02,959 [FATAL] Updater:308 - Updater called before beeing initialized
2024-02-13 12:30:02,962 [FATAL] Updater:308 - Updater called before beeing initialized
2024-02-13 12:30:02,962 [FATAL] Updater:308 - Updater called before beeing initialized
2024-02-13 12:30:02,962 [WARN] DetailPanel:346 - Failed to get advertising image, set to default
2024-02-13 12:30:02,964 [FATAL] Updater:308 - Updater called before beeing initialized
2024-02-13 12:30:03,068 [ERROR] Updater:1120 - MainUpdater not yet initialized. External WinMGr cannot be set.
2024-02-13 12:30:03,084 [INFO] Updater:1056 - Updater Version found : 6.10.0
2024-02-13 12:30:03,109 [INFO] ApplicationProperties:184 - Using Application install path: C:\ST\STM32CubeIDE_1.14.0\STM32CubeIDE\plugins\com.st.stm32cube.common.mx_6.10.0.202311202037
2024-02-13 12:30:04,486 [INFO] ThirdPartyUpdaterWithRetryManager:70 - Updater plugin not ready yet. [3/15]
2024-02-13 12:30:04,736 [ERROR] LogOutputStream:75 - [STDERR_REDIRECT] Feb 13, 2024 12:30:04 PM java.util.prefs.WindowsPreferences <init>
2024-02-13 12:30:04,739 [ERROR] LogOutputStream:75 - [STDERR_REDIRECT] WARNING: Could not open/create prefs root node Software\JavaSoft\Prefs at root 0xffffffff80000002. Windows RegCreateKeyEx(...) returned error code 5.
2024-02-13 12:30:04,739 [ERROR] LogOutputStream:75 - [STDERR_REDIRECT] 
2024-02-13 12:30:05,232 [INFO] MainUpdater:2873 - connection check result : 10
2024-02-13 12:30:05,234 [INFO] MainUpdater:290 - Updater Check For Update Now.
2024-02-13 12:30:05,234 [INFO] MicroXplorer:498 - Change Database Version : DB.6.0.100
2024-02-13 12:30:05,266 [INFO] McuFinderGlobals:63 - Set McuFinder mode to 2 (CubeIDE integrated)
2024-02-13 12:30:05,292 [INFO] UserAuth:404 - Internet connection configuration mode: 1
2024-02-13 12:30:05,341 [INFO] JxBrowserEngine:152 - Initiate JxBrowser Engine with user profile folder
2024-02-13 12:30:05,533 [INFO] CheckServerUpdateThread:120 - End of CheckServer Thread
2024-02-13 12:30:07,801 [WARN] PackLoader:240 - Cannot read IP mode file for STMicroelectronics.X-CUBE-SMBUS.2.1.0
2024-02-13 12:30:07,825 [WARN] PackLoader:240 - Cannot read IP mode file for STMicroelectronics.X-CUBE-TOUCHGFX.4.23.0
2024-02-13 12:30:07,901 [WARN] PackLoader:240 - Cannot read IP mode file for STMicroelectronics.X-CUBE-AZRTOS-F7.1.1.0
2024-02-13 12:30:07,947 [WARN] PackLoader:240 - Cannot read IP mode file for STMicroelectronics.FP-SNS-MOTENV1.4.3.2
2024-02-13 12:30:07,979 [WARN] PackLoader:240 - Cannot read IP mode file for STMicroelectronics.FP-SNS-FLIGHT1.5.0.2
2024-02-13 12:30:08,015 [WARN] PackLoader:240 - Cannot read IP mode file for STMicroelectronics.X-CUBE-DISPLAY.3.0.0
2024-02-13 12:30:08,060 [WARN] PackLoader:240 - Cannot read IP mode file for STMicroelectronics.X-CUBE-BLE1.7.0.0
2024-02-13 12:30:08,086 [WARN] PackLoader:240 - Cannot read IP mode file for emotas.I-CUBE-CANOPEN.1.3.0
2024-02-13 12:30:08,103 [WARN] PackLoader:240 - Cannot read IP mode file for STMicroelectronics.X-CUBE-TOUCHGFX.4.22.1
2024-02-13 12:30:08,121 [WARN] PackLoader:240 - Cannot read IP mode file for STMicroelectronics.FP-SNS-SMARTAG2.1.2.0
2024-02-13 12:30:08,150 [INFO] LogOutputStream:77 - [STDOUT_REDIRECT] 1 : Invalid condition id : UX_CORESTACK_Condition cause : null
2024-02-13 12:30:08,151 [INFO] LogOutputStream:77 - [STDOUT_REDIRECT] 1 : Invalid condition id : UX_CORESTACK_Condition cause : null
2024-02-13 12:30:08,152 [INFO] LogOutputStream:77 - [STDOUT_REDIRECT] 1 : Invalid condition id : UX_CORESTACK_Condition cause : null
2024-02-13 12:30:08,154 [INFO] LogOutputStream:77 - [STDOUT_REDIRECT] 1 : Invalid condition id : UX_CORESTACK_Condition cause : null
2024-02-13 12:30:08,155 [INFO] LogOutputStream:77 - [STDOUT_REDIRECT] 1 : Invalid condition id : UX_CORESTACK_Condition cause : null
2024-02-13 12:30:08,160 [WARN] PackLoader:240 - Cannot read IP mode file for STMicroelectronics.X-CUBE-AZRTOS-WL.2.0.0
2024-02-13 12:30:08,183 [WARN] PackLoader:240 - Cannot read IP mode file for WES.I-CUBE-Cesium.1.3.0
2024-02-13 12:30:08,201 [WARN] PackLoader:240 - Cannot read IP mode file for STMicroelectronics.X-CUBE-BLE2.3.3.0
2024-02-13 12:30:08,222 [WARN] PackLoader:240 - Cannot read IP mode file for STMicroelectronics.X-CUBE-ALGOBUILD.1.3.0
2024-02-13 12:30:08,261 [WARN] PackLoader:240 - Cannot read IP mode file for STMicroelectronics.X-CUBE-AZRTOS-G0.1.1.0
2024-02-13 12:30:08,283 [WARN] PackLoader:240 - Cannot read IP mode file for STMicroelectronics.X-CUBE-NFC4.3.0.0
2024-02-13 12:30:08,320 [WARN] PackLoader:240 - Cannot read IP mode file for STMicroelectronics.X-CUBE-BLEMGR.3.0.0
2024-02-13 12:30:08,341 [WARN] PackLoader:240 - Cannot read IP mode file for STMicroelectronics.FP-ATR-SIGFOX1.3.2.0
2024-02-13 12:30:08,360 [WARN] PackLoader:240 - Cannot read IP mode file for STMicroelectronics.X-CUBE-EEPRMA1.5.1.0
2024-02-13 12:30:08,462 [WARN] PackLoader:240 - Cannot read IP mode file for SEGGER.I-CUBE-embOS.1.3.1
2024-02-13 12:30:08,576 [WARN] PackLoader:240 - Cannot read IP mode file for STMicroelectronics.X-CUBE-GNSS1.6.0.0
2024-02-13 12:30:08,615 [WARN] PackLoader:240 - Cannot read IP mode file for STMicroelectronics.X-CUBE-AZRTOS-F4.1.1.0
2024-02-13 12:30:08,635 [WARN] PackLoader:240 - Cannot read IP mode file for wolfSSL.I-CUBE-wolfSSL.5.6.4
2024-02-13 12:30:08,673 [WARN] PackLoader:240 - Cannot read IP mode file for STMicroelectronics.X-CUBE-AZRTOS-L5.2.0.0
2024-02-13 12:30:08,693 [WARN] PackLoader:240 - Cannot read IP mode file for STMicroelectronics.X-CUBE-EEPRMA1.4.2.0
2024-02-13 12:30:08,713 [WARN] PackLoader:240 - Cannot read IP mode file for ITTIA_DB.I-CUBE-ITTIADB.8.8.0
2024-02-13 12:30:08,750 [WARN] ConditionMgr:438 - getConditionDescription Invalid condition id : UX DEVICE CLASS RTOS Condition cause : null
2024-02-13 12:30:08,751 [WARN] ConditionMgr:438 - getConditionDescription Invalid condition id : UX DEVICE CLASS RTOS Condition cause : null
2024-02-13 12:30:08,754 [WARN] PackLoader:240 - Cannot read IP mode file for STMicroelectronics.X-CUBE-AZRTOS-H7.3.1.0
2024-02-13 12:30:08,755 [WARN] ConditionMgr:1039 - genDependencies : Invalid condition id : UX DEVICE CLASS RTOS Condition cause : null
2024-02-13 12:30:08,756 [WARN] ConditionMgr:1039 - genDependencies : Invalid condition id : UX DEVICE CLASS RTOS Condition cause : null
2024-02-13 12:30:08,756 [WARN] ConditionMgr:1039 - genDependencies : Invalid condition id : UX DEVICE CLASS RTOS Condition cause : null
2024-02-13 12:30:08,757 [WARN] ConditionMgr:1039 - genDependencies : Invalid condition id : UX DEVICE CLASS RTOS Condition cause : null
2024-02-13 12:30:08,757 [WARN] ConditionMgr:1039 - genDependencies : Invalid condition id : UX DEVICE CLASS RTOS Condition cause : null
2024-02-13 12:30:08,782 [WARN] PackLoader:240 - Cannot read IP mode file for STMicroelectronics.X-CUBE-NFC7.1.0.1
2024-02-13 12:30:08,808 [WARN] PackLoader:240 - Cannot read IP mode file for STMicroelectronics.X-CUBE-NFC6.3.0.0
2024-02-13 12:30:08,835 [WARN] PackLoader:240 - Cannot read IP mode file for STMicroelectronics.X-CUBE-AI.8.1.0
2024-02-13 12:30:08,892 [WARN] ConditionMgr:438 - getConditionDescription Invalid condition id : LAN8742 Phy interface Condition cause : null
2024-02-13 12:30:08,894 [WARN] PackLoader:240 - Cannot read IP mode file for STMicroelectronics.X-CUBE-AZRTOS-L4.2.0.0
2024-02-13 12:30:08,896 [WARN] ConditionMgr:1039 - genDependencies : Invalid condition id : LAN8742 Phy interface Condition cause : null
2024-02-13 12:30:08,897 [WARN] ConditionMgr:1039 - genDependencies : Invalid condition id : LAN8742 Phy interface Condition cause : null
2024-02-13 12:30:08,898 [WARN] ConditionMgr:1039 - genDependencies : Invalid condition id : LAN8742 Phy interface Condition cause : null
2024-02-13 12:30:08,927 [WARN] PackLoader:240 - Cannot read IP mode file for STMicroelectronics.X-CUBE-SFXS2LP1.4.0.0
2024-02-13 12:30:08,950 [WARN] PackLoader:240 - Cannot read IP mode file for STMicroelectronics.X-CUBE-ISPU.1.1.0
2024-02-13 12:30:08,988 [WARN] ConditionMgr:438 - getConditionDescription Invalid condition id : UX DEVICE CLASS RTOS Condition cause : null
2024-02-13 12:30:08,988 [WARN] ConditionMgr:438 - getConditionDescription Invalid condition id : UX DEVICE CLASS RTOS Condition cause : null
2024-02-13 12:30:08,990 [WARN] PackLoader:240 - Cannot read IP mode file for STMicroelectronics.X-CUBE-AZRTOS-WB.2.0.0
2024-02-13 12:30:08,991 [WARN] ConditionMgr:1039 - genDependencies : Invalid condition id : UX DEVICE CLASS RTOS Condition cause : null
2024-02-13 12:30:08,991 [WARN] ConditionMgr:1039 - genDependencies : Invalid condition id : UX DEVICE CLASS RTOS Condition cause : null
2024-02-13 12:30:08,992 [WARN] ConditionMgr:1039 - genDependencies : Invalid condition id : UX DEVICE CLASS RTOS Condition cause : null
2024-02-13 12:30:08,992 [WARN] ConditionMgr:1039 - genDependencies : Invalid condition id : UX DEVICE CLASS RTOS Condition cause : null
2024-02-13 12:30:08,993 [WARN] ConditionMgr:1039 - genDependencies : Invalid condition id : UX DEVICE CLASS RTOS Condition cause : null
2024-02-13 12:30:09,019 [WARN] PackLoader:240 - Cannot read IP mode file for STMicroelectronics.X-CUBE-SUBG2.5.0.0
2024-02-13 12:30:09,057 [WARN] PackLoader:240 - Cannot read IP mode file for STMicroelectronics.X-CUBE-AZRTOS-G4.2.0.0
2024-02-13 12:30:09,086 [WARN] PackLoader:240 - Cannot read IP mode file for Infineon.AIROC-Wi-Fi-Bluetooth-STM32.1.5.1
2024-02-13 12:30:09,106 [WARN] PackLoader:240 - Cannot read IP mode file for STMicroelectronics.FP-SNS-MOTENVWB1.1.3.0
2024-02-13 12:30:09,121 [WARN] PackLoader:240 - Cannot read IP mode file for STMicroelectronics.FP-SNS-MOTENVWB1.1.3.1
2024-02-13 12:30:09,137 [WARN] PackLoader:240 - Cannot read IP mode file for STMicroelectronics.X-CUBE-ISPU.2.0.0
2024-02-13 12:30:09,206 [WARN] PackLoader:240 - Cannot read IP mode file for STMicroelectronics.X-CUBE-MEMS1.10.0.0
2024-02-13 12:30:09,441 [WARN] PackLoader:240 - Cannot read IP mode file for STMicroelectronics.X-CUBE-FREERTOS.1.1.0
2024-02-13 12:30:09,470 [WARN] PackLoader:240 - Cannot read IP mode file for portGmbH.I-Cube-SoM-uGOAL.1.1.0
2024-02-13 12:30:09,503 [WARN] PackLoader:240 - Cannot read IP mode file for STMicroelectronics.X-CUBE-ALS.1.0.1
2024-02-13 12:30:09,528 [WARN] PackLoader:240 - Cannot read IP mode file for STMicroelectronics.FP-ATR-ASTRA1.2.0.0
2024-02-13 12:30:09,560 [WARN] PackLoader:240 - Cannot read IP mode file for STMicroelectronics.X-CUBE-TOF1.3.4.0
2024-02-13 12:30:09,612 [WARN] PackLoader:240 - Cannot read IP mode file for STMicroelectronics.X-CUBE-AZRTOS-H7.3.2.0
2024-02-13 12:30:09,615 [INFO] ThirdParty:978 - Integrity check success = true
2024-02-13 12:30:09,616 [INFO] IntegrityCheckThread:100 - exiting critical section [integrity check]
2024-02-13 12:30:09,616 [INFO] IntegrityCheckThread:103 - End integrity checks thread
2024-02-13 12:30:10,279 [INFO] WebApp:161 - Instantiating new browser for Auth
2024-02-13 12:30:11,093 [INFO] WebApp:780 - Register for checkConnection events
2024-02-13 12:30:11,093 [INFO] WebApp:414 - Apply proxy settings
2024-02-13 12:30:11,093 [INFO] WebApp:499 - Chromium requires no authentication
2024-02-13 12:30:11,104 [INFO] WebApp:442 - Direct internet connection detected
2024-02-13 12:30:11,345 [INFO] WebApp:192 - Starting web application
2024-02-13 12:30:11,345 [INFO] WebApp:544 - Web application path used C:\ST\STM32CubeIDE_1.14.0\STM32CubeIDE\plugins\com.st.stm32cube.common.mx_6.10.0.202311202037\db\plugins\mcufinder\reactClient1\index.html
2024-02-13 12:30:15,744 [ERROR] LogOutputStream:75 - [STDERR_REDIRECT] SLF4J: Failed to load class "org.slf4j.impl.StaticLoggerBinder".
2024-02-13 12:30:15,746 [ERROR] LogOutputStream:75 - [STDERR_REDIRECT] SLF4J: Defaulting to no-operation (NOP) logger implementation
2024-02-13 12:30:15,748 [ERROR] LogOutputStream:75 - [STDERR_REDIRECT] SLF4J: See http://www.slf4j.org/codes.html#StaticLoggerBinder for further details.
2024-02-13 14:54:55,644 [INFO] McuFinderGlobals:63 - Set McuFinder mode to 2 (CubeIDE integrated)
2024-02-13 14:54:55,690 [INFO] MainUpdater:2873 - connection check result : 10
2024-02-13 14:54:55,703 [INFO] MainUpdater:2873 - connection check result : 10
2024-02-13 14:54:56,020 [INFO] MicroXplorer:468 - Change Database Path : 
2024-02-13 14:54:56,020 [INFO] MicroXplorer:498 - Change Database Version : DB.6.0.100
2024-02-13 14:54:56,026 [WARN] ThirdParty:871 - waiting for thirdparty lock release [close project]
2024-02-13 14:54:56,027 [INFO] ThirdParty:873 - entering critical section [close project]
2024-02-13 14:54:56,031 [INFO] ThirdParty:883 - exiting critical section [close project]
2024-02-13 14:54:56,033 [INFO] PinOutPanel:1499 - setPackage(No Configuration,No Configuration)
2024-02-13 14:54:56,041 [INFO] UtilMem:75 - Begin LoadConfig() Used Memory: 460438112 Bytes (692060160)
2024-02-13 14:54:56,043 [INFO] MicroXplorer:468 - Change Database Path : 
2024-02-13 14:54:56,043 [INFO] MicroXplorer:498 - Change Database Version : DB.6.0.100
2024-02-13 14:54:56,044 [INFO] OpenFileManager:312 - Change cursor
2024-02-13 14:54:56,114 [INFO] Mcu:2016 - Initializing MCU STM32F103R(C-D-E)Tx STM32F103RETx STM32F103RET6
2024-02-13 14:54:57,930 [INFO] Context:659 - Trying to add GPIOservice into a context  which must be forbidden
2024-02-13 14:54:58,541 [INFO] RtosManager:555 - Registered RTOS mode: class=CMSIS, group=RTOS, mode=CMSIS_V1, owner=FREERTOS
2024-02-13 14:54:58,542 [INFO] RtosManager:555 - Registered RTOS mode: class=CMSIS, group=RTOS2, mode=CMSIS_V2, owner=FREERTOS
2024-02-13 14:54:58,542 [INFO] RtosManager:555 - Registered RTOS mode: class=RTOS, group=Core, mode=CMSIS_V1, owner=FREERTOS
2024-02-13 14:54:58,542 [INFO] RtosManager:555 - Registered RTOS mode: class=RTOS, group=Core, mode=CMSIS_V2, owner=FREERTOS
2024-02-13 14:54:58,542 [WARN] ModelIntegratedComponent:184 - Missing modes for component STMicroelectronics:FreeRTOS:0.0.1:STMicroelectronics:RTOS:FreeRTOS:Core:::10.2.0:
2024-02-13 14:54:58,567 [WARN] ModelIntegratedComponent:63 - No mode defined for component null
2024-02-13 14:54:58,567 [WARN] ModelIntegratedComponent:63 - No mode defined for component null
2024-02-13 14:54:58,567 [WARN] ModelIntegratedComponent:63 - No mode defined for component null
2024-02-13 14:54:58,567 [WARN] ModelIntegratedComponent:63 - No mode defined for component null
2024-02-13 14:54:58,567 [WARN] ModelIntegratedComponent:63 - No mode defined for component null
2024-02-13 14:54:58,567 [WARN] ModelIntegratedComponent:63 - No mode defined for component null
2024-02-13 14:54:58,568 [WARN] ModelIntegratedComponent:63 - No mode defined for component null
2024-02-13 14:54:58,568 [WARN] ModelIntegratedComponent:63 - No mode defined for component null
2024-02-13 14:54:58,568 [WARN] ModelIntegratedComponent:63 - No mode defined for component null
2024-02-13 14:54:58,568 [WARN] ModelIntegratedComponent:63 - No mode defined for component null
2024-02-13 14:54:58,568 [WARN] ModelIntegratedComponent:63 - No mode defined for component null
2024-02-13 14:54:58,568 [WARN] ModelIntegratedComponent:63 - No mode defined for component null
2024-02-13 14:54:58,568 [WARN] ModelIntegratedComponent:63 - No mode defined for component null
2024-02-13 14:54:58,568 [WARN] ModelIntegratedComponent:63 - No mode defined for component null
2024-02-13 14:54:58,568 [WARN] ModelIntegratedComponent:63 - No mode defined for component null
2024-02-13 14:54:58,568 [WARN] ModelIntegratedComponent:63 - No mode defined for component null
2024-02-13 14:54:58,568 [WARN] ModelIntegratedComponent:63 - No mode defined for component null
2024-02-13 14:54:58,569 [WARN] ModelIntegratedComponent:63 - No mode defined for component null
2024-02-13 14:54:58,569 [WARN] ModelIntegratedComponent:63 - No mode defined for component null
2024-02-13 14:54:58,569 [WARN] ModelIntegratedComponent:63 - No mode defined for component null
2024-02-13 14:54:58,569 [WARN] ModelIntegratedComponent:63 - No mode defined for component null
2024-02-13 14:54:58,569 [WARN] ModelIntegratedComponent:63 - No mode defined for component null
2024-02-13 14:54:58,569 [WARN] ModelIntegratedComponent:63 - No mode defined for component null
2024-02-13 14:54:58,569 [WARN] ModelIntegratedComponent:63 - No mode defined for component null
2024-02-13 14:54:58,569 [WARN] ModelIntegratedComponent:63 - No mode defined for component null
2024-02-13 14:54:58,569 [WARN] ModelIntegratedComponent:63 - No mode defined for component null
2024-02-13 14:54:58,569 [WARN] ModelIntegratedComponent:63 - No mode defined for component null
2024-02-13 14:54:58,569 [WARN] ModelIntegratedComponent:63 - No mode defined for component null
2024-02-13 14:54:58,569 [WARN] ModelIntegratedComponent:63 - No mode defined for component null
2024-02-13 14:54:58,569 [WARN] ModelIntegratedComponent:63 - No mode defined for component null
2024-02-13 14:54:58,570 [WARN] ModelIntegratedComponent:63 - No mode defined for component null
2024-02-13 14:54:58,570 [WARN] ModelIntegratedComponent:63 - No mode defined for component null
2024-02-13 14:54:58,570 [WARN] ModelIntegratedComponent:63 - No mode defined for component null
2024-02-13 14:54:58,797 [INFO] ThirdPartyModel:298 - Start build external matchings
2024-02-13 14:54:59,146 [INFO] ThirdPartyModel:316 - End build external matchings
2024-02-13 14:54:59,173 [INFO] ImportTextPane:194 - (OptionalMessage_ERROR) IP (DMA) : Parameter (Instance) has Id (UART4_TX) currently not set
2024-02-13 14:54:59,173 [INFO] ImportTextPane:194 - (OptionalMessage_ERROR) IP (DMA) : Parameter (Direction) has Id (UART4_TX) currently not set
2024-02-13 14:54:59,174 [INFO] ImportTextPane:194 - (OptionalMessage_ERROR) IP (DMA) : Parameter (PeriphInc) has Id (UART4_TX) currently not set
2024-02-13 14:54:59,174 [INFO] ImportTextPane:194 - (OptionalMessage_ERROR) IP (DMA) : Parameter (MemInc) has Id (UART4_TX) currently not set
2024-02-13 14:54:59,174 [INFO] ImportTextPane:194 - (OptionalMessage_ERROR) IP (DMA) : Parameter (PeriphDataAlignment) has Id (UART4_TX) currently not set
2024-02-13 14:54:59,174 [INFO] ImportTextPane:194 - (OptionalMessage_ERROR) IP (DMA) : Parameter (MemDataAlignment) has Id (UART4_TX) currently not set
2024-02-13 14:54:59,175 [INFO] ImportTextPane:194 - (OptionalMessage_ERROR) IP (DMA) : Parameter (Mode) has Id (UART4_TX) currently not set
2024-02-13 14:54:59,175 [INFO] ImportTextPane:194 - (OptionalMessage_ERROR) IP (DMA) : Parameter (Priority) has Id (UART4_TX) currently not set
2024-02-13 14:54:59,177 [INFO] ImportTextPane:194 - (OptionalMessage_ERROR) IP (RCC) : Parameter (ADCFreqValue) has invalid value (36000000)
2024-02-13 14:54:59,177 [INFO] ImportTextPane:194 - (OptionalMessage_ERROR) IP (RCC) : Invalid parameter (FamilyName)
2024-02-13 14:54:59,177 [INFO] ImportTextPane:194 - (OptionalMessage_ERROR) IP (RCC) : Parameter (MCOFreq_Value) has invalid value (72000000)
2024-02-13 14:54:59,178 [INFO] ImportTextPane:194 - (OptionalMessage_ERROR) IP (RCC) : Parameter (USBFreq_Value) has invalid value (72000000)
2024-02-13 14:54:59,597 [INFO] UtilMem:75 - End LoadConfig() Used Memory: 525257568 Bytes (692060160)
2024-02-13 14:54:59,886 [INFO] ApiDb:581 - Connected to CubeFinder SQLite database (C:\Users\sykojo\.stmcufinder\plugins\mcufinder\mcu\cube-finder-db.db)
2024-02-13 14:55:00,019 [INFO] ApiDb:668 - CubeFinder database Data Model version=2.1
2024-02-13 14:55:00,019 [INFO] ApiDb:669 - CubeFinder database Configuration version=3.0.39
2024-02-13 14:55:00,021 [INFO] ApiDb:670 - CubeFinder database generation date=2023-12-08 (1702028721)
2024-02-13 14:55:00,021 [INFO] ApiDb:671 - CubeFinder database FW Pack versions=[FP-ATR-ASTRA1_V2.0.0, FP-SNS-FLIGHT1_V5.0.1, FP-SNS-FLIGHT1_V5.0.2, FP-SNS-MOTENV1_V4.3.1, FP-SNS-MOTENV1_V4.3.2, FP-SNS-MOTENVWB1_V1.3.1, FP-SNS-SMARTAG2_V1.2.0, STM32Cube_FW_C0_V1.1.0, STM32Cube_FW_F4_V1.28.0, STM32Cube_FW_F7_V1.17.0, STM32Cube_FW_G0_V1.6.1, STM32Cube_FW_G4_V1.5.1, STM32Cube_FW_H5_V0.5.1, STM32Cube_FW_H5_V1.1.1, STM32Cube_FW_H5_V1.2.0RC2, STM32Cube_FW_H7_V1.11.0, STM32Cube_FW_L0_V1.12.2, STM32Cube_FW_L5_V1.5.0, STM32Cube_FW_U5_V1.3.0RC4, STM32Cube_FW_U5_V1.4.0, STM32Cube_FW_WBA_V1.0.0RC1, STM32Cube_FW_WBA_V1.1.0RC1, STM32Cube_FW_WBA_V1.2.0, STM32Cube_FW_WBA_V1.2.0RC2, STM32Cube_FW_WB_V1.15.0RC1, STM32Cube_FW_WB_V1.16.0, STM32Cube_FW_WB_V1.16.0RC2, STM32Cube_FW_WB_V1.18.0, STM32Cube_FW_WL_V1.3.0, X-CUBE-ALGOBUILD_V1.3.0, X-CUBE-ALS_V1.0.1, X-CUBE-AZRTOS-F4_V1.1.0, X-CUBE-AZRTOS-F7_V1.1.0, X-CUBE-AZRTOS-G0_V1.1.0, X-CUBE-AZRTOS-G4_V2.0.0, X-CUBE-AZRTOS-H7_V3.1.0, X-CUBE-AZRTOS-L4_V1.0.0, X-CUBE-AZRTOS-L4_V2.0.0, X-CUBE-AZRTOS-L5_V1.1.0, X-CUBE-AZRTOS-WB_V2.0.0, X-CUBE-AZRTOS-WL_V2.0.0, X-CUBE-BLE1_V7.0.0, X-CUBE-BLE2_V3.3.0, X-CUBE-BLEMGR_V3.0.0, X-CUBE-EEPRMA1_V4.1.0, X-CUBE-EEPRMA1_V4.2.0, X-CUBE-FREERTOS_V1.1.0, X-CUBE-GNSS1_V6.0.0, X-CUBE-MEMS1_V10.0.0, X-CUBE-MEMS1_V9.1.0, X-CUBE-MEMS1_V9.4.0, X-CUBE-MEMS1_V9.6.0, X-CUBE-NFC4_V3.0.0, X-CUBE-NFC7_V1.0.1, X-CUBE-SFXS2LP1_V4.0.0, X-CUBE-SUBG2_V5.0.0, X-CUBE-TOF1_V3.4.0]
2024-02-13 14:55:04,809 [INFO] ApiDb:240 - Found 371 in-development CPN: [B-G473E-ZEST1S, B-WB1M-WPAN1, B-WL5M-SUBG1, NUCLEO-C031C6, NUCLEO-H503RB, NUCLEO-H563ZI, NUCLEO-U545RE-Q, NUCLEO-U5A5ZJ-Q, NUCLEO-WBA52CG, NUCLEO-WBA55CG, STEVAL-MKBOXPRO, STEVAL-PROTEUS1, STEVAL-STWINBX1, STM320518-EVAL, STM32C0116-DK, STM32C011D6Y3TR, STM32C011D6Y6TR, STM32C011F4P3, STM32C011F4P6, STM32C011F4U3, STM32C011F4U6TR, STM32C011F6P3, STM32C011F6P6, STM32C011F6U3, STM32C011F6U6TR, STM32C011J4M3, STM32C011J4M6, STM32C011J6M3, STM32C011J6M6, STM32C0316-DK, STM32C031C4T3, STM32C031C4T6, STM32C031C4U3, STM32C031C4U6, STM32C031C6T3, STM32C031C6T6, STM32C031C6U3, STM32C031C6U6, STM32C031F4P3, STM32C031F4P6, STM32C031F6P3, STM32C031F6P6, STM32C031G4U3, STM32C031G4U6, STM32C031G6U3, STM32C031G6U6, STM32C031K4T3, STM32C031K4T6, STM32C031K4U3, STM32C031K4U6, STM32C031K6T3, STM32C031K6T6, STM32C031K6U3, STM32C031K6U6, STM32G071K8TXN, STM32G071K8UXN, STM32G081GBU6N, STM32G081KBT6N, STM32G081KBUXN, STM32G0B1CCT6N, STM32G0B1KCT6, STM32G0B1NEY6TR, STM32G0B1RCT6N, STM32G0C1CCT6, STM32G0C1CCT6N, STM32G0C1CCU6N, STM32G0C1CET6N, STM32G0C1CEU6N, STM32G0C1KCT6, STM32G0C1NEY6TR, STM32G0C1RCI6N, STM32G0C1RCT6N, STM32G0C1REI6N, STM32G0C1RET6N, STM32G0C1VCI6, STM32G0C1VEI6, STM32G471CCT6, STM32G471CCU6, STM32G471CET3, STM32G471CET6, STM32G471CEU3, STM32G471CEU6, STM32G471MCT6, STM32G471MET3, STM32G471MET6, STM32G471MEY6TR, STM32G471QCT6, STM32G471QET3, STM32G471RCT6, STM32G471RET3, STM32G471RET6, STM32G471VCH6, STM32G471VCI6, STM32G471VCT6, STM32G471VEH3, STM32G471VEH6, STM32G471VEI3, STM32G471VEI6, STM32G471VET3, STM32G471VET6, STM32G474CCT6, STM32H503CBT6, STM32H503CBU6, STM32H503EBY6TR, STM32H503KBU6, STM32H503RBT6, STM32H562AGI6, STM32H562AII6, STM32H562IGK6, STM32H562IGT6, STM32H562IIK6, STM32H562IIT6, STM32H562RGT6, STM32H562RGV6, STM32H562RIT6, STM32H562RIV6, STM32H562VGT6, STM32H562VIT6, STM32H562ZGT6, STM32H562ZIT6, STM32H563AGI6, STM32H563AII3Q, STM32H563AII6, STM32H563IGK6, STM32H563IGT6, STM32H563IIK3Q, STM32H563IIK6, STM32H563IIT3Q, STM32H563IIT6, STM32H563MIY3QTR, STM32H563RGT6, STM32H563RGV6, STM32H563RIT6, STM32H563RIV6, STM32H563VGT6, STM32H563VIT3Q, STM32H563VIT6, STM32H563ZGT6, STM32H563ZIT3Q, STM32H563ZIT6, STM32H573AII3Q, STM32H573AII6, STM32H573I-DK, STM32H573IIK3Q, STM32H573IIK6, STM32H573IIT3Q, STM32H573IIT6, STM32H573MIY3QTR, STM32H573RIT6, STM32H573RIV6, STM32H573VIT3Q, STM32H573VIT6, STM32H573ZIT3Q, STM32H573ZIT6, STM32L4R5QGI6STR, STM32MP131AAE3, STM32MP131AAF3, STM32MP131AAG3, STM32MP131CAE3, STM32MP131CAF3, STM32MP131CAG3, STM32MP131DAE7, STM32MP131DAF7, STM32MP131DAG7, STM32MP131FAE7, STM32MP131FAF7, STM32MP131FAG7, STM32MP133AAE3, STM32MP133AAF3, STM32MP133AAG3, STM32MP133CAE3, STM32MP133CAF3, STM32MP133CAG3, STM32MP133DAE7, STM32MP133DAF7, STM32MP133DAG7, STM32MP133FAE7, STM32MP133FAF7, STM32MP133FAG7, STM32MP135AAE3, STM32MP135AAF3, STM32MP135AAG3, STM32MP135CAE3, STM32MP135CAF3, STM32MP135CAG3, STM32MP135DAE7, STM32MP135DAF7, STM32MP135DAG7, STM32MP135F-DK, STM32MP135FAE7, STM32MP135FAF7, STM32MP135FAF7T, STM32MP135FAF7U, STM32MP135FAG7, STM32U535CBT6, STM32U535CBT6Q, STM32U535CBU6, STM32U535CBU6Q, STM32U535CCT6, STM32U535CCT6Q, STM32U535CCU6, STM32U535CCU6Q, STM32U535CET6, STM32U535CET6Q, STM32U535CEU6, STM32U535CEU6Q, STM32U535JEY6QTR, STM32U535NCY6QTR, STM32U535NEY6QTR, STM32U535RBI6, STM32U535RBI6Q, STM32U535RBT6, STM32U535RBT6Q, STM32U535RCI6, STM32U535RCI6Q, STM32U535RCT6, STM32U535RCT6Q, STM32U535REI6, STM32U535REI6Q, STM32U535RET6, STM32U535RET6Q, STM32U535VCI6, STM32U535VCI6Q, STM32U535VCT6, STM32U535VCT6Q, STM32U535VEI6, STM32U535VEI6Q, STM32U535VET6, STM32U535VET6Q, STM32U545CET6, STM32U545CET6Q, STM32U545CEU6, STM32U545CEU6Q, STM32U545JEY6QTR, STM32U545NEY6QTR, STM32U545REI6, STM32U545REI6Q, STM32U545RET6, STM32U545RET6Q, STM32U545VEI6, STM32U545VEI6Q, STM32U545VET6, STM32U545VET6Q, STM32U595AIH6, STM32U595AIH6Q, STM32U595AJH6, STM32U595AJH6Q, STM32U595QII6, STM32U595QII6Q, STM32U595QJI6, STM32U595QJI6Q, STM32U595RIT6, STM32U595RIT6Q, STM32U595RJT6, STM32U595RJT6Q, STM32U595VIT6, STM32U595VIT6Q, STM32U595VJT6, STM32U595VJT6Q, STM32U595ZIT6, STM32U595ZIT6Q, STM32U595ZIY6QTR, STM32U595ZJT6, STM32U595ZJT6Q, STM32U595ZJY6QTR, STM32U599BJY6QTR, STM32U599NIH6Q, STM32U599NJH6Q, STM32U599VIT6Q, STM32U599VJT6, STM32U599VJT6Q, STM32U599ZIT6Q, STM32U599ZIY6QTR, STM32U599ZJT6Q, STM32U599ZJY6QTR, STM32U5A5AJH6, STM32U5A5AJH6Q, STM32U5A5QJI6, STM32U5A5QJI6Q, STM32U5A5RJT6, STM32U5A5RJT6Q, STM32U5A5VJT6, STM32U5A5VJT6Q, STM32U5A5ZJT6, STM32U5A5ZJT6Q, STM32U5A5ZJY6QTR, STM32U5A9BJY6QTR, STM32U5A9J-DK, STM32U5A9NJH6Q, STM32U5A9VJT6Q, STM32U5A9ZJT6Q, STM32U5A9ZJY6QTR, STM32U5F7VIT6, STM32U5F7VIT6Q, STM32U5F7VJT6, STM32U5F7VJT6Q, STM32U5F9BJY6QTR, STM32U5F9NJH6Q, STM32U5F9VIT6Q, STM32U5F9VJT6Q, STM32U5F9ZIJ6QTR, STM32U5F9ZIT6Q, STM32U5F9ZJJ6QTR, STM32U5F9ZJT6Q, STM32U5G7VJT6, STM32U5G7VJT6Q, STM32U5G9BJY6QTR, STM32U5G9J-DK1, STM32U5G9J-DK2, STM32U5G9NJH6Q, STM32U5G9VJT6Q, STM32U5G9ZJJ6QTR, STM32U5G9ZJT6Q, STM32WB1MMCH6, STM32WBA50KEU6, STM32WBA50KEU6TR, STM32WBA50KGU6, STM32WBA50KGU6TR, STM32WBA52CEU6, STM32WBA52CEU6TR, STM32WBA52CEU7, STM32WBA52CEU7TR, STM32WBA52CGU6, STM32WBA52CGU6TR, STM32WBA52CGU6U, STM32WBA52CGU7, STM32WBA52CGU7TR, STM32WBA52KEU6, STM32WBA52KEU6TR, STM32WBA52KGU6, STM32WBA52KGU6TR, STM32WBA54CEU6, STM32WBA54CEU6TR, STM32WBA54CEU7, STM32WBA54CEU7TR, STM32WBA54CGU6, STM32WBA54CGU6TR, STM32WBA54CGU7, STM32WBA54CGU7TR, STM32WBA54KEU6, STM32WBA54KEU6TR, STM32WBA54KEU7, STM32WBA54KEU7TR, STM32WBA54KGU6, STM32WBA54KGU6TR, STM32WBA54KGU7, STM32WBA54KGU7TR, STM32WBA55CEU6, STM32WBA55CEU6TR, STM32WBA55CEU7, STM32WBA55CEU7TR, STM32WBA55CGU6, STM32WBA55CGU6TR, STM32WBA55CGU6U, STM32WBA55CGU7, STM32WBA55CGU7TR, STM32WBA55G-DK1, STM32WBA55HEF6, STM32WBA55HEF7, STM32WBA55HGF6, STM32WBA55HGF7, STM32WBA55UEI6, STM32WBA55UEI6TR, STM32WBA55UEI7, STM32WBA55UEI7TR, STM32WBA55UGI6, STM32WBA55UGI6TR, STM32WBA55UGI7, STM32WBA55UGI7TR, STM32WL5MOCH6, STM32WL5MOCH6TR]
2024-02-13 14:55:04,813 [INFO] DbMcus:218 - Found 3930 MCUs, 3930 are supported
2024-02-13 14:55:04,813 [INFO] ApiDb:423 - Load user favorites file C:\Users\sykojo/.stm32cubeide/favorites.mcus.txt: 0 item(s)
2024-02-13 14:55:04,814 [INFO] ApiDb:427 - User favorites MCUs=[]
2024-02-13 14:55:04,814 [INFO] DbMcus:224 - Set 0 / 0 favorites MCUs
2024-02-13 14:55:05,422 [INFO] MicroXplorer:468 - Change Database Path : 
2024-02-13 14:55:05,422 [INFO] MicroXplorer:498 - Change Database Version : DB.6.0.100
2024-02-13 14:55:05,423 [WARN] ThirdParty:833 - waiting for thirdparty lock release [change project]
2024-02-13 14:55:05,423 [INFO] ThirdParty:835 - entering critical section [change project]
2024-02-13 14:55:05,423 [INFO] ThirdParty:1030 - CMSIS Pack Vendor :STMicroelectronics X-CUBE-ISPU 1.1.0
2024-02-13 14:55:05,423 [INFO] ThirdParty:1030 - CMSIS Pack Vendor :STMicroelectronics USBPD 4.1
2024-02-13 14:55:05,423 [INFO] ThirdParty:1030 - CMSIS Pack Vendor :STMicroelectronics X-CUBE-GNSS1 6.0.0
2024-02-13 14:55:05,423 [INFO] ThirdParty:1030 - CMSIS Pack Vendor :STMicroelectronics USB_HOST 2.0.0
2024-02-13 14:55:05,423 [INFO] ThirdParty:1030 - CMSIS Pack Vendor :STMicroelectronics X-CUBE-AZRTOS-F4 1.1.0
2024-02-13 14:55:05,423 [INFO] ThirdParty:1030 - CMSIS Pack Vendor :STMicroelectronics LIBJPEG 8.0.0
2024-02-13 14:55:05,424 [INFO] ThirdParty:1030 - CMSIS Pack Vendor :wolfSSL I-CUBE-wolfSSL 5.6.4
2024-02-13 14:55:05,424 [INFO] ThirdParty:1030 - CMSIS Pack Vendor :STMicroelectronics X-CUBE-SMBUS 2.1.0
2024-02-13 14:55:05,424 [INFO] ThirdParty:1030 - CMSIS Pack Vendor :STMicroelectronics USB_DEVICE 3.0.0
2024-02-13 14:55:05,424 [INFO] ThirdParty:1030 - CMSIS Pack Vendor :STMicroelectronics X-CUBE-AZRTOS-WB 2.0.0
2024-02-13 14:55:05,424 [INFO] ThirdParty:1030 - CMSIS Pack Vendor :STMicroelectronics X-CUBE-TOUCHGFX 4.23.0
2024-02-13 14:55:05,424 [INFO] ThirdParty:1030 - CMSIS Pack Vendor :STMicroelectronics X-CUBE-AZRTOS-F7 1.1.0
2024-02-13 14:55:05,424 [INFO] ThirdParty:1030 - CMSIS Pack Vendor :STMicroelectronics X-CUBE-AZRTOS-L5 2.0.0
2024-02-13 14:55:05,424 [INFO] ThirdParty:1030 - CMSIS Pack Vendor :STMicroelectronics USB_DEVICE 2.0.0
2024-02-13 14:55:05,424 [INFO] ThirdParty:1030 - CMSIS Pack Vendor :STMicroelectronics X-CUBE-EEPRMA1 4.2.0
2024-02-13 14:55:05,424 [INFO] ThirdParty:1030 - CMSIS Pack Vendor :ITTIA_DB I-CUBE-ITTIADB 8.8.0
2024-02-13 14:55:05,424 [INFO] ThirdParty:1030 - CMSIS Pack Vendor :STMicroelectronics FP-SNS-MOTENV1 4.3.2
2024-02-13 14:55:05,424 [INFO] ThirdParty:1030 - CMSIS Pack Vendor :STMicroelectronics X-CUBE-ALGOBUILD 1.3.0
2024-02-13 14:55:05,424 [INFO] ThirdParty:1030 - CMSIS Pack Vendor :STMicroelectronics FreeRTOS 0.0.1
2024-02-13 14:55:05,425 [INFO] ThirdParty:1030 - CMSIS Pack Vendor :STMicroelectronics X-CUBE-AZRTOS-G0 1.1.0
2024-02-13 14:55:05,425 [INFO] ThirdParty:1030 - CMSIS Pack Vendor :STMicroelectronics X-CUBE-NFC4 3.0.0
2024-02-13 14:55:05,425 [INFO] ThirdParty:1030 - CMSIS Pack Vendor :STMicroelectronics X-CUBE-SUBG2 5.0.0
2024-02-13 14:55:05,425 [INFO] ThirdParty:1030 - CMSIS Pack Vendor :STMicroelectronics STM32_WPAN 1.0.0
2024-02-13 14:55:05,425 [INFO] ThirdParty:1030 - CMSIS Pack Vendor :STMicroelectronics lwIP 2.0.3
2024-02-13 14:55:05,425 [INFO] ThirdParty:1030 - CMSIS Pack Vendor :STMicroelectronics FP-SNS-FLIGHT1 5.0.2
2024-02-13 14:55:05,425 [INFO] ThirdParty:1030 - CMSIS Pack Vendor :STMicroelectronics USB_HOST 1.0.0
2024-02-13 14:55:05,425 [INFO] ThirdParty:1030 - CMSIS Pack Vendor :STMicroelectronics X-CUBE-AZRTOS-G4 2.0.0
2024-02-13 14:55:05,425 [INFO] ThirdParty:1030 - CMSIS Pack Vendor :STMicroelectronics PDM2PCM 3.1.0
2024-02-13 14:55:05,425 [INFO] ThirdParty:1030 - CMSIS Pack Vendor :STMicroelectronics X-CUBE-AZRTOS-H7 3.1.0
2024-02-13 14:55:05,425 [INFO] ThirdParty:1030 - CMSIS Pack Vendor :Infineon AIROC-Wi-Fi-Bluetooth-STM32 1.5.1
2024-02-13 14:55:05,426 [INFO] ThirdParty:1030 - CMSIS Pack Vendor :STMicroelectronics X-CUBE-BLEMGR 3.0.0
2024-02-13 14:55:05,426 [INFO] ThirdParty:1030 - CMSIS Pack Vendor :STMicroelectronics PDM2PCM 3.3.0
2024-02-13 14:55:05,426 [INFO] ThirdParty:1030 - CMSIS Pack Vendor :STMicroelectronics X-CUBE-DISPLAY 3.0.0
2024-02-13 14:55:05,426 [INFO] ThirdParty:1030 - CMSIS Pack Vendor :STMicroelectronics FP-SNS-MOTENVWB1 1.3.0
2024-02-13 14:55:05,426 [INFO] ThirdParty:1030 - CMSIS Pack Vendor :STMicroelectronics FP-SNS-MOTENVWB1 1.3.1
2024-02-13 14:55:05,426 [INFO] ThirdParty:1030 - CMSIS Pack Vendor :STMicroelectronics X-CUBE-BLE1 7.0.0
2024-02-13 14:55:05,426 [INFO] ThirdParty:1030 - CMSIS Pack Vendor :STMicroelectronics FP-ATR-SIGFOX1 3.2.0
2024-02-13 14:55:05,426 [INFO] ThirdParty:1030 - CMSIS Pack Vendor :STMicroelectronics X-CUBE-ISPU 2.0.0
2024-02-13 14:55:05,426 [INFO] ThirdParty:1030 - CMSIS Pack Vendor :STMicroelectronics X-CUBE-EEPRMA1 5.1.0
2024-02-13 14:55:05,426 [INFO] ThirdParty:1030 - CMSIS Pack Vendor :STMicroelectronics HAL Drivers 0.0.0
2024-02-13 14:55:05,426 [INFO] ThirdParty:1030 - CMSIS Pack Vendor :STMicroelectronics MBEDTLS 2.16.2
2024-02-13 14:55:05,427 [INFO] ThirdParty:1030 - CMSIS Pack Vendor :emotas I-CUBE-CANOPEN 1.3.0
2024-02-13 14:55:05,427 [INFO] ThirdParty:1030 - CMSIS Pack Vendor :STMicroelectronics X-CUBE-MEMS1 10.0.0
2024-02-13 14:55:05,427 [INFO] ThirdParty:1030 - CMSIS Pack Vendor :STMicroelectronics X-CUBE-FREERTOS 1.1.0
2024-02-13 14:55:05,427 [INFO] ThirdParty:1030 - CMSIS Pack Vendor :STMicroelectronics X-CUBE-NFC7 1.0.1
2024-02-13 14:55:05,427 [INFO] ThirdParty:1030 - CMSIS Pack Vendor :STMicroelectronics MBEDTLS 2.14.1
2024-02-13 14:55:05,427 [INFO] ThirdParty:1030 - CMSIS Pack Vendor :STMicroelectronics X-CUBE-TOUCHGFX 4.22.1
2024-02-13 14:55:05,427 [INFO] ThirdParty:1030 - CMSIS Pack Vendor :STMicroelectronics X-CUBE-NFC6 3.0.0
2024-02-13 14:55:05,428 [INFO] ThirdParty:1030 - CMSIS Pack Vendor :portGmbH I-Cube-SoM-uGOAL 1.1.0
2024-02-13 14:55:05,428 [INFO] ThirdParty:1030 - CMSIS Pack Vendor :STMicroelectronics X-CUBE-ALS 1.0.1
2024-02-13 14:55:05,428 [INFO] ThirdParty:1030 - CMSIS Pack Vendor :STMicroelectronics ThreadX 1.0.0
2024-02-13 14:55:05,428 [INFO] ThirdParty:1030 - CMSIS Pack Vendor :STMicroelectronics FP-SNS-SMARTAG2 1.2.0
2024-02-13 14:55:05,428 [INFO] ThirdParty:1030 - CMSIS Pack Vendor :STMicroelectronics X-CUBE-AZRTOS-WL 2.0.0
2024-02-13 14:55:05,428 [INFO] ThirdParty:1030 - CMSIS Pack Vendor :SEGGER I-CUBE-embOS 1.3.1
2024-02-13 14:55:05,428 [INFO] ThirdParty:1030 - CMSIS Pack Vendor :STMicroelectronics USB_DEVICE 1.0.0
2024-02-13 14:55:05,428 [INFO] ThirdParty:1030 - CMSIS Pack Vendor :STMicroelectronics X-CUBE-AI 8.1.0
2024-02-13 14:55:05,428 [INFO] ThirdParty:1030 - CMSIS Pack Vendor :STMicroelectronics X-CUBE-AZRTOS-L4 2.0.0
2024-02-13 14:55:05,428 [INFO] ThirdParty:1030 - CMSIS Pack Vendor :STMicroelectronics ThreadX 0.0.2
2024-02-13 14:55:05,428 [INFO] ThirdParty:1030 - CMSIS Pack Vendor :WES I-CUBE-Cesium 1.3.0
2024-02-13 14:55:05,428 [INFO] ThirdParty:1030 - CMSIS Pack Vendor :STMicroelectronics FP-ATR-ASTRA1 2.0.0
2024-02-13 14:55:05,428 [INFO] ThirdParty:1030 - CMSIS Pack Vendor :STMicroelectronics lwIP 2.1.2
2024-02-13 14:55:05,429 [INFO] ThirdParty:1030 - CMSIS Pack Vendor :STMicroelectronics X-CUBE-SFXS2LP1 4.0.0
2024-02-13 14:55:05,429 [INFO] ThirdParty:1030 - CMSIS Pack Vendor :STMicroelectronics X-CUBE-BLE2 3.3.0
2024-02-13 14:55:05,429 [INFO] ThirdParty:1030 - CMSIS Pack Vendor :STMicroelectronics X-CUBE-TOF1 3.4.0
2024-02-13 14:55:05,429 [INFO] ThirdParty:1030 - CMSIS Pack Vendor :STMicroelectronics X-CUBE-AZRTOS-H7 3.2.0
2024-02-13 14:55:05,429 [INFO] ThirdParty:1030 - CMSIS Pack Vendor :STMicroelectronics PDM2PCM 3.2.0
2024-02-13 14:55:05,429 [INFO] ThirdParty:841 - exiting critical section [change project]
2024-02-13 14:55:06,041 [INFO] PinOutPanel:1499 - setPackage(No Configuration,No Configuration)
2024-02-13 14:55:06,042 [INFO] PinOutPanel:1499 - setPackage(STM32F103RETx,LQFP64)
2024-02-13 14:55:06,888 [INFO] UtilMem:75 - Before build in PCC Used Memory: 278856560 Bytes (692060160)
2024-02-13 14:55:07,958 [INFO] UtilMem:75 - After build in PCC Used Memory: 364012640 Bytes (692060160)
2024-02-13 14:55:07,995 [INFO] IPUIPlugin:80 - create IPUIPlugin
2024-02-13 14:55:07,995 [INFO] IPUIPlugin:80 - create IPUIPlugin
2024-02-13 14:55:07,995 [INFO] IPUIPlugin:80 - create IPUIPlugin
2024-02-13 14:55:07,995 [INFO] IPUIPlugin:80 - create IPUIPlugin
2024-02-13 14:55:07,996 [INFO] IPUIPlugin:80 - create IPUIPlugin
2024-02-13 14:55:07,996 [INFO] IPUIPlugin:80 - create IPUIPlugin
2024-02-13 14:55:07,996 [INFO] IPUIPlugin:80 - create IPUIPlugin
2024-02-13 14:55:07,996 [INFO] IPUIPlugin:80 - create IPUIPlugin
2024-02-13 14:55:07,996 [INFO] IPUIPlugin:80 - create IPUIPlugin
2024-02-13 14:55:07,997 [INFO] IPUIPlugin:80 - create IPUIPlugin
2024-02-13 14:55:07,997 [INFO] IPUIPlugin:80 - create IPUIPlugin
2024-02-13 14:55:07,997 [INFO] IPUIPlugin:80 - create IPUIPlugin
2024-02-13 14:55:07,997 [INFO] IPUIPlugin:80 - create IPUIPlugin
2024-02-13 14:55:07,998 [INFO] IPUIPlugin:80 - create IPUIPlugin
2024-02-13 14:55:07,998 [INFO] IPUIPlugin:80 - create IPUIPlugin
2024-02-13 14:55:07,998 [INFO] IPUIPlugin:80 - create IPUIPlugin
2024-02-13 14:55:07,999 [INFO] IPUIPlugin:80 - create IPUIPlugin
2024-02-13 14:55:07,999 [INFO] IPUIPlugin:80 - create IPUIPlugin
2024-02-13 14:55:07,999 [INFO] IPUIPlugin:80 - create IPUIPlugin
2024-02-13 14:55:08,000 [INFO] IPUIPlugin:80 - create IPUIPlugin
2024-02-13 14:55:08,000 [INFO] IPUIPlugin:80 - create IPUIPlugin
2024-02-13 14:55:08,000 [INFO] IPUIPlugin:80 - create IPUIPlugin
2024-02-13 14:55:08,001 [INFO] IPUIPlugin:80 - create IPUIPlugin
2024-02-13 14:55:08,001 [INFO] IPUIPlugin:80 - create IPUIPlugin
2024-02-13 14:55:08,002 [INFO] IPUIPlugin:80 - create IPUIPlugin
2024-02-13 14:55:08,002 [INFO] IPUIPlugin:80 - create IPUIPlugin
2024-02-13 14:55:08,002 [INFO] IPUIPlugin:80 - create IPUIPlugin
2024-02-13 14:55:08,003 [INFO] IPUIPlugin:80 - create IPUIPlugin
2024-02-13 14:55:08,003 [INFO] IPUIPlugin:80 - create IPUIPlugin
2024-02-13 14:55:08,003 [INFO] IPUIPlugin:80 - create IPUIPlugin
2024-02-13 14:55:08,004 [INFO] IPUIPlugin:80 - create IPUIPlugin
2024-02-13 14:55:08,004 [INFO] IPUIPlugin:80 - create IPUIPlugin
2024-02-13 14:55:08,005 [INFO] IPUIPlugin:80 - create IPUIPlugin
2024-02-13 14:55:08,005 [INFO] IPUIPlugin:80 - create IPUIPlugin
2024-02-13 14:55:08,005 [INFO] IPUIPlugin:80 - create IPUIPlugin
2024-02-13 14:55:08,006 [INFO] IPUIPlugin:80 - create IPUIPlugin
2024-02-13 14:55:08,006 [INFO] IPUIPlugin:80 - create IPUIPlugin
2024-02-13 14:55:08,006 [INFO] IPUIPlugin:80 - create IPUIPlugin
2024-02-13 14:55:08,007 [INFO] IPUIPlugin:80 - create IPUIPlugin
2024-02-13 14:55:08,018 [WARN] IP:2119 - I2C_Coeff_DF not found: check if there is a RefParameter without a condition.
2024-02-13 14:55:08,018 [WARN] IP:2119 - Analog_Filter not found: check if there is a RefParameter without a condition.
2024-02-13 14:55:08,302 [INFO] CADModel:165 - CPN selected for project levelSTM32F103RET6
2024-02-13 14:55:08,303 [INFO] CADModel:114 - Register for checkConnection events
2024-02-13 14:55:08,366 [INFO] OpenFileManager:343 - Restore cursor
2024-02-13 14:55:08,660 [WARN] IP:2119 - I2C_Coeff_DF not found: check if there is a RefParameter without a condition.
2024-02-13 14:55:08,661 [WARN] IP:2119 - Analog_Filter not found: check if there is a RefParameter without a condition.
2024-02-13 14:55:08,661 [WARN] IP:2119 - I2C_Coeff_DF not found: check if there is a RefParameter without a condition.
2024-02-13 14:55:08,661 [WARN] IP:2119 - Analog_Filter not found: check if there is a RefParameter without a condition.
2024-02-13 14:56:49,729 [INFO] MainUpdater:2873 - connection check result : 10
2024-02-13 14:56:49,729 [INFO] MainUpdater:2873 - connection check result : 10
2024-02-13 14:56:49,753 [INFO] MicroXplorer:468 - Change Database Path : 
2024-02-13 14:56:49,753 [INFO] MicroXplorer:498 - Change Database Version : DB.6.0.100
2024-02-13 14:56:49,764 [ERROR] ProjectManagerView:394 - 
java.lang.NullPointerException: Cannot invoke "javax.swing.JTextField.getText()" because the return value of "java.util.List.get(int)" is null
	at com.st.microxplorer.plugins.projectmanager.gui.ProjectChoiceTab$10.caretUpdate(ProjectChoiceTab.java:2493) ~[filemanager.jar:?]
	at javax.swing.text.JTextComponent.fireCaretUpdate(JTextComponent.java:412) ~[?:?]
	at javax.swing.text.JTextComponent$MutableCaretEvent.fire(JTextComponent.java:4491) ~[?:?]
	at javax.swing.text.JTextComponent$MutableCaretEvent.stateChanged(JTextComponent.java:4513) ~[?:?]
	at javax.swing.text.DefaultCaret.fireStateChanged(DefaultCaret.java:842) ~[?:?]
	at javax.swing.text.DefaultCaret.changeCaretPosition(DefaultCaret.java:1313) ~[?:?]
	at javax.swing.text.DefaultCaret.handleSetDot(DefaultCaret.java:1212) ~[?:?]
	at javax.swing.text.DefaultCaret.setDot(DefaultCaret.java:1193) ~[?:?]
	at javax.swing.text.DefaultCaret$Handler.insertUpdate(DefaultCaret.java:1789) ~[?:?]
	at javax.swing.text.AbstractDocument.fireInsertUpdate(AbstractDocument.java:226) ~[?:?]
	at javax.swing.text.AbstractDocument.handleInsertString(AbstractDocument.java:780) ~[?:?]
	at javax.swing.text.AbstractDocument.insertString(AbstractDocument.java:739) ~[?:?]
	at javax.swing.text.PlainDocument.insertString(PlainDocument.java:131) ~[?:?]
	at javax.swing.text.AbstractDocument.replace(AbstractDocument.java:698) ~[?:?]
	at javax.swing.text.JTextComponent.setText(JTextComponent.java:1729) ~[?:?]
	at com.st.microxplorer.plugins.projectmanager.gui.ProjectChoiceTab.createHeapStackFields(ProjectChoiceTab.java:933) ~[filemanager.jar:?]
	at com.st.microxplorer.plugins.projectmanager.gui.ProjectChoiceTab.buildLinkSettingsPanel(ProjectChoiceTab.java:3426) ~[filemanager.jar:?]
	at com.st.microxplorer.plugins.projectmanager.gui.ProjectChoiceTab.defineWindowsFields(ProjectChoiceTab.java:1813) ~[filemanager.jar:?]
	at com.st.microxplorer.plugins.projectmanager.gui.ProjectChoiceTab.updateSettings(ProjectChoiceTab.java:533) ~[filemanager.jar:?]
	at com.st.microxplorer.plugins.projectmanager.gui.ProjectSettingsPanel.UpdateDialog(ProjectSettingsPanel.java:244) ~[filemanager.jar:?]
	at com.st.microxplorer.plugins.projectmanager.ProjectManagerView.propertyChange(ProjectManagerView.java:391) ~[filemanager.jar:?]
	at java.beans.PropertyChangeSupport.fire(PropertyChangeSupport.java:343) ~[?:?]
	at java.beans.PropertyChangeSupport.firePropertyChange(PropertyChangeSupport.java:335) ~[?:?]
	at java.beans.PropertyChangeSupport.firePropertyChange(PropertyChangeSupport.java:268) ~[?:?]
	at com.st.microxplorer.util.MXPropertyChangeSupport.firePropertyChange(MXPropertyChangeSupport.java:54) ~[STM32CubeMX.jar:?]
	at com.st.microxplorer.mxsystem.MxSystem.closeConfig(MxSystem.java:900) ~[STM32CubeMX.jar:?]
	at com.st.microxplorer.maingui.MainPanel.closeConfig(MainPanel.java:776) ~[STM32CubeMX.jar:?]
	at com.st.microxplorer.plugins.filemanager.engine.OpenFileManager.loadConfigurationFile(OpenFileManager.java:245) ~[filemanager.jar:?]
	at com.st.microxplorer.plugins.filemanager.engine.MainFileManager.userLoadConfig(MainFileManager.java:290) ~[filemanager.jar:?]
	at com.st.microxplorer.plugins.filemanager.FileManagerView.getSpecificTask(FileManagerView.java:247) ~[filemanager.jar:?]
	at com.st.stm32cube.common.mx.editor.CubeMxEditor.getMxTabbedPaneInstance(CubeMxEditor.java:1184) ~[com.st.stm32cube.common.mx_6.10.0.202311202037/:?]
	at com.st.stm32cube.common.mx.editor.CubeMxEditor$12$1.createSwingComponent(CubeMxEditor.java:1065) ~[com.st.stm32cube.common.mx_6.10.0.202311202037/:?]
	at com.st.stm32cube.common.mx.oss.core.awtswtbridge.EmbeddedSwingComposite.doComponentCreation(EmbeddedSwingComposite.java:492) ~[com.st.stm32cube.common.mx.oss_6.10.0.202311202037/:?]
	at com.st.stm32cube.common.mx.oss.core.awtswtbridge.EmbeddedSwingComposite$4.run(EmbeddedSwingComposite.java:291) ~[com.st.stm32cube.common.mx.oss_6.10.0.202311202037/:?]
	at com.st.stm32cube.common.mx.oss.core.awtswtbridge.AwtEnvironment$2.run(AwtEnvironment.java:166) ~[com.st.stm32cube.common.mx.oss_6.10.0.202311202037/:?]
	at java.awt.event.InvocationEvent.dispatch(InvocationEvent.java:318) ~[?:?]
	at java.awt.EventQueue.dispatchEventImpl(EventQueue.java:773) ~[?:?]
	at java.awt.EventQueue$4.run(EventQueue.java:720) ~[?:?]
	at java.awt.EventQueue$4.run(EventQueue.java:714) ~[?:?]
	at java.security.AccessController.doPrivileged(AccessController.java:399) ~[?:?]
	at java.security.ProtectionDomain$JavaSecurityAccessImpl.doIntersectionPrivilege(ProtectionDomain.java:86) ~[?:?]
	at java.awt.EventQueue.dispatchEvent(EventQueue.java:742) ~[?:?]
	at java.awt.EventDispatchThread.pumpOneEventForFilters(EventDispatchThread.java:203) ~[?:?]
	at java.awt.EventDispatchThread.pumpEventsForFilter(EventDispatchThread.java:124) ~[?:?]
	at java.awt.EventDispatchThread.pumpEventsForHierarchy(EventDispatchThread.java:113) ~[?:?]
	at java.awt.EventDispatchThread.pumpEvents(EventDispatchThread.java:109) ~[?:?]
	at java.awt.EventDispatchThread.pumpEvents(EventDispatchThread.java:101) ~[?:?]
	at java.awt.EventDispatchThread.run(EventDispatchThread.java:90) ~[?:?]
2024-02-13 14:56:49,776 [WARN] ThirdParty:871 - waiting for thirdparty lock release [close project]
2024-02-13 14:56:49,776 [INFO] ThirdParty:873 - entering critical section [close project]
2024-02-13 14:56:49,776 [INFO] ThirdParty:883 - exiting critical section [close project]
2024-02-13 14:56:49,778 [INFO] PinOutPanel:1499 - setPackage(No Configuration,No Configuration)
2024-02-13 14:56:49,786 [INFO] UtilMem:75 - Begin LoadConfig() Used Memory: 340542560 Bytes (701497344)
2024-02-13 14:56:49,787 [INFO] MicroXplorer:468 - Change Database Path : 
2024-02-13 14:56:49,787 [INFO] MicroXplorer:498 - Change Database Version : DB.6.0.100
2024-02-13 14:56:49,787 [INFO] OpenFileManager:312 - Change cursor
2024-02-13 14:56:49,798 [INFO] Mcu:2016 - Initializing MCU STM32F103R(C-D-E)Tx STM32F103RETx STM32F103RET6
2024-02-13 14:56:50,832 [INFO] Context:659 - Trying to add GPIOservice into a context  which must be forbidden
2024-02-13 14:56:51,116 [INFO] RtosManager:555 - Registered RTOS mode: class=CMSIS, group=RTOS, mode=CMSIS_V1, owner=FREERTOS
2024-02-13 14:56:51,116 [INFO] RtosManager:555 - Registered RTOS mode: class=CMSIS, group=RTOS2, mode=CMSIS_V2, owner=FREERTOS
2024-02-13 14:56:51,116 [INFO] RtosManager:555 - Registered RTOS mode: class=RTOS, group=Core, mode=CMSIS_V1, owner=FREERTOS
2024-02-13 14:56:51,116 [INFO] RtosManager:555 - Registered RTOS mode: class=RTOS, group=Core, mode=CMSIS_V2, owner=FREERTOS
2024-02-13 14:56:51,116 [WARN] ModelIntegratedComponent:184 - Missing modes for component STMicroelectronics:FreeRTOS:0.0.1:STMicroelectronics:RTOS:FreeRTOS:Core:::10.2.0:
2024-02-13 14:56:51,127 [WARN] ModelIntegratedComponent:63 - No mode defined for component null
2024-02-13 14:56:51,127 [WARN] ModelIntegratedComponent:63 - No mode defined for component null
2024-02-13 14:56:51,127 [WARN] ModelIntegratedComponent:63 - No mode defined for component null
2024-02-13 14:56:51,127 [WARN] ModelIntegratedComponent:63 - No mode defined for component null
2024-02-13 14:56:51,127 [WARN] ModelIntegratedComponent:63 - No mode defined for component null
2024-02-13 14:56:51,128 [WARN] ModelIntegratedComponent:63 - No mode defined for component null
2024-02-13 14:56:51,128 [WARN] ModelIntegratedComponent:63 - No mode defined for component null
2024-02-13 14:56:51,128 [WARN] ModelIntegratedComponent:63 - No mode defined for component null
2024-02-13 14:56:51,128 [WARN] ModelIntegratedComponent:63 - No mode defined for component null
2024-02-13 14:56:51,128 [WARN] ModelIntegratedComponent:63 - No mode defined for component null
2024-02-13 14:56:51,128 [WARN] ModelIntegratedComponent:63 - No mode defined for component null
2024-02-13 14:56:51,128 [WARN] ModelIntegratedComponent:63 - No mode defined for component null
2024-02-13 14:56:51,128 [WARN] ModelIntegratedComponent:63 - No mode defined for component null
2024-02-13 14:56:51,128 [WARN] ModelIntegratedComponent:63 - No mode defined for component null
2024-02-13 14:56:51,128 [WARN] ModelIntegratedComponent:63 - No mode defined for component null
2024-02-13 14:56:51,128 [WARN] ModelIntegratedComponent:63 - No mode defined for component null
2024-02-13 14:56:51,128 [WARN] ModelIntegratedComponent:63 - No mode defined for component null
2024-02-13 14:56:51,128 [WARN] ModelIntegratedComponent:63 - No mode defined for component null
2024-02-13 14:56:51,128 [WARN] ModelIntegratedComponent:63 - No mode defined for component null
2024-02-13 14:56:51,129 [WARN] ModelIntegratedComponent:63 - No mode defined for component null
2024-02-13 14:56:51,129 [WARN] ModelIntegratedComponent:63 - No mode defined for component null
2024-02-13 14:56:51,129 [WARN] ModelIntegratedComponent:63 - No mode defined for component null
2024-02-13 14:56:51,129 [WARN] ModelIntegratedComponent:63 - No mode defined for component null
2024-02-13 14:56:51,129 [WARN] ModelIntegratedComponent:63 - No mode defined for component null
2024-02-13 14:56:51,129 [WARN] ModelIntegratedComponent:63 - No mode defined for component null
2024-02-13 14:56:51,130 [WARN] ModelIntegratedComponent:63 - No mode defined for component null
2024-02-13 14:56:51,130 [WARN] ModelIntegratedComponent:63 - No mode defined for component null
2024-02-13 14:56:51,130 [WARN] ModelIntegratedComponent:63 - No mode defined for component null
2024-02-13 14:56:51,130 [WARN] ModelIntegratedComponent:63 - No mode defined for component null
2024-02-13 14:56:51,130 [WARN] ModelIntegratedComponent:63 - No mode defined for component null
2024-02-13 14:56:51,130 [WARN] ModelIntegratedComponent:63 - No mode defined for component null
2024-02-13 14:56:51,130 [WARN] ModelIntegratedComponent:63 - No mode defined for component null
2024-02-13 14:56:51,130 [WARN] ModelIntegratedComponent:63 - No mode defined for component null
2024-02-13 14:56:51,234 [INFO] ThirdPartyModel:298 - Start build external matchings
2024-02-13 14:56:51,608 [INFO] ThirdPartyModel:316 - End build external matchings
2024-02-13 14:56:51,624 [INFO] ImportTextPane:194 - (OptionalMessage_ERROR) IP (DMA) : Parameter (Instance) has Id (UART4_TX) currently not set
2024-02-13 14:56:51,624 [INFO] ImportTextPane:194 - (OptionalMessage_ERROR) IP (DMA) : Parameter (Direction) has Id (UART4_TX) currently not set
2024-02-13 14:56:51,624 [INFO] ImportTextPane:194 - (OptionalMessage_ERROR) IP (DMA) : Parameter (PeriphInc) has Id (UART4_TX) currently not set
2024-02-13 14:56:51,625 [INFO] ImportTextPane:194 - (OptionalMessage_ERROR) IP (DMA) : Parameter (MemInc) has Id (UART4_TX) currently not set
2024-02-13 14:56:51,625 [INFO] ImportTextPane:194 - (OptionalMessage_ERROR) IP (DMA) : Parameter (PeriphDataAlignment) has Id (UART4_TX) currently not set
2024-02-13 14:56:51,625 [INFO] ImportTextPane:194 - (OptionalMessage_ERROR) IP (DMA) : Parameter (MemDataAlignment) has Id (UART4_TX) currently not set
2024-02-13 14:56:51,625 [INFO] ImportTextPane:194 - (OptionalMessage_ERROR) IP (DMA) : Parameter (Mode) has Id (UART4_TX) currently not set
2024-02-13 14:56:51,626 [INFO] ImportTextPane:194 - (OptionalMessage_ERROR) IP (DMA) : Parameter (Priority) has Id (UART4_TX) currently not set
2024-02-13 14:56:51,626 [INFO] ImportTextPane:194 - (OptionalMessage_ERROR) IP (RCC) : Parameter (ADCFreqValue) has invalid value (36000000)
2024-02-13 14:56:51,627 [INFO] ImportTextPane:194 - (OptionalMessage_ERROR) IP (RCC) : Invalid parameter (FamilyName)
2024-02-13 14:56:51,627 [INFO] ImportTextPane:194 - (OptionalMessage_ERROR) IP (RCC) : Parameter (MCOFreq_Value) has invalid value (72000000)
2024-02-13 14:56:51,628 [INFO] ImportTextPane:194 - (OptionalMessage_ERROR) IP (RCC) : Parameter (USBFreq_Value) has invalid value (72000000)
2024-02-13 14:56:51,928 [INFO] ApiDb:668 - CubeFinder database Data Model version=2.1
2024-02-13 14:56:51,928 [INFO] ApiDb:669 - CubeFinder database Configuration version=3.0.39
2024-02-13 14:56:51,928 [INFO] ApiDb:670 - CubeFinder database generation date=2023-12-08 (1702028721)
2024-02-13 14:56:51,928 [INFO] ApiDb:671 - CubeFinder database FW Pack versions=[FP-ATR-ASTRA1_V2.0.0, FP-SNS-FLIGHT1_V5.0.1, FP-SNS-FLIGHT1_V5.0.2, FP-SNS-MOTENV1_V4.3.1, FP-SNS-MOTENV1_V4.3.2, FP-SNS-MOTENVWB1_V1.3.1, FP-SNS-SMARTAG2_V1.2.0, STM32Cube_FW_C0_V1.1.0, STM32Cube_FW_F4_V1.28.0, STM32Cube_FW_F7_V1.17.0, STM32Cube_FW_G0_V1.6.1, STM32Cube_FW_G4_V1.5.1, STM32Cube_FW_H5_V0.5.1, STM32Cube_FW_H5_V1.1.1, STM32Cube_FW_H5_V1.2.0RC2, STM32Cube_FW_H7_V1.11.0, STM32Cube_FW_L0_V1.12.2, STM32Cube_FW_L5_V1.5.0, STM32Cube_FW_U5_V1.3.0RC4, STM32Cube_FW_U5_V1.4.0, STM32Cube_FW_WBA_V1.0.0RC1, STM32Cube_FW_WBA_V1.1.0RC1, STM32Cube_FW_WBA_V1.2.0, STM32Cube_FW_WBA_V1.2.0RC2, STM32Cube_FW_WB_V1.15.0RC1, STM32Cube_FW_WB_V1.16.0, STM32Cube_FW_WB_V1.16.0RC2, STM32Cube_FW_WB_V1.18.0, STM32Cube_FW_WL_V1.3.0, X-CUBE-ALGOBUILD_V1.3.0, X-CUBE-ALS_V1.0.1, X-CUBE-AZRTOS-F4_V1.1.0, X-CUBE-AZRTOS-F7_V1.1.0, X-CUBE-AZRTOS-G0_V1.1.0, X-CUBE-AZRTOS-G4_V2.0.0, X-CUBE-AZRTOS-H7_V3.1.0, X-CUBE-AZRTOS-L4_V1.0.0, X-CUBE-AZRTOS-L4_V2.0.0, X-CUBE-AZRTOS-L5_V1.1.0, X-CUBE-AZRTOS-WB_V2.0.0, X-CUBE-AZRTOS-WL_V2.0.0, X-CUBE-BLE1_V7.0.0, X-CUBE-BLE2_V3.3.0, X-CUBE-BLEMGR_V3.0.0, X-CUBE-EEPRMA1_V4.1.0, X-CUBE-EEPRMA1_V4.2.0, X-CUBE-FREERTOS_V1.1.0, X-CUBE-GNSS1_V6.0.0, X-CUBE-MEMS1_V10.0.0, X-CUBE-MEMS1_V9.1.0, X-CUBE-MEMS1_V9.4.0, X-CUBE-MEMS1_V9.6.0, X-CUBE-NFC4_V3.0.0, X-CUBE-NFC7_V1.0.1, X-CUBE-SFXS2LP1_V4.0.0, X-CUBE-SUBG2_V5.0.0, X-CUBE-TOF1_V3.4.0]
2024-02-13 14:56:52,042 [INFO] DbBoardsSqlite:226 - include board P-NUCLEO-WB55-NUCLEO as a kit item of type 'Nucleo-64'
2024-02-13 14:56:52,043 [INFO] DbBoardsSqlite:226 - include board P-NUCLEO-WB55-USBDONGLE as a kit item of type 'Nucleo USB Dongle'
2024-02-13 14:56:52,043 [INFO] DbBoardsSqlite:226 - include board STEVAL-IDP005V1 as a kit item of type 'Evaluation Board'
2024-02-13 14:56:52,044 [INFO] DbBoardsSqlite:226 - include board STEVAL-IDP005V2 as a kit item of type 'Evaluation Board'
2024-02-13 14:56:52,142 [INFO] ApiDb:240 - Found 371 in-development CPN: [B-G473E-ZEST1S, B-WB1M-WPAN1, B-WL5M-SUBG1, NUCLEO-C031C6, NUCLEO-H503RB, NUCLEO-H563ZI, NUCLEO-U545RE-Q, NUCLEO-U5A5ZJ-Q, NUCLEO-WBA52CG, NUCLEO-WBA55CG, STEVAL-MKBOXPRO, STEVAL-PROTEUS1, STEVAL-STWINBX1, STM320518-EVAL, STM32C0116-DK, STM32C011D6Y3TR, STM32C011D6Y6TR, STM32C011F4P3, STM32C011F4P6, STM32C011F4U3, STM32C011F4U6TR, STM32C011F6P3, STM32C011F6P6, STM32C011F6U3, STM32C011F6U6TR, STM32C011J4M3, STM32C011J4M6, STM32C011J6M3, STM32C011J6M6, STM32C0316-DK, STM32C031C4T3, STM32C031C4T6, STM32C031C4U3, STM32C031C4U6, STM32C031C6T3, STM32C031C6T6, STM32C031C6U3, STM32C031C6U6, STM32C031F4P3, STM32C031F4P6, STM32C031F6P3, STM32C031F6P6, STM32C031G4U3, STM32C031G4U6, STM32C031G6U3, STM32C031G6U6, STM32C031K4T3, STM32C031K4T6, STM32C031K4U3, STM32C031K4U6, STM32C031K6T3, STM32C031K6T6, STM32C031K6U3, STM32C031K6U6, STM32G071K8TXN, STM32G071K8UXN, STM32G081GBU6N, STM32G081KBT6N, STM32G081KBUXN, STM32G0B1CCT6N, STM32G0B1KCT6, STM32G0B1NEY6TR, STM32G0B1RCT6N, STM32G0C1CCT6, STM32G0C1CCT6N, STM32G0C1CCU6N, STM32G0C1CET6N, STM32G0C1CEU6N, STM32G0C1KCT6, STM32G0C1NEY6TR, STM32G0C1RCI6N, STM32G0C1RCT6N, STM32G0C1REI6N, STM32G0C1RET6N, STM32G0C1VCI6, STM32G0C1VEI6, STM32G471CCT6, STM32G471CCU6, STM32G471CET3, STM32G471CET6, STM32G471CEU3, STM32G471CEU6, STM32G471MCT6, STM32G471MET3, STM32G471MET6, STM32G471MEY6TR, STM32G471QCT6, STM32G471QET3, STM32G471RCT6, STM32G471RET3, STM32G471RET6, STM32G471VCH6, STM32G471VCI6, STM32G471VCT6, STM32G471VEH3, STM32G471VEH6, STM32G471VEI3, STM32G471VEI6, STM32G471VET3, STM32G471VET6, STM32G474CCT6, STM32H503CBT6, STM32H503CBU6, STM32H503EBY6TR, STM32H503KBU6, STM32H503RBT6, STM32H562AGI6, STM32H562AII6, STM32H562IGK6, STM32H562IGT6, STM32H562IIK6, STM32H562IIT6, STM32H562RGT6, STM32H562RGV6, STM32H562RIT6, STM32H562RIV6, STM32H562VGT6, STM32H562VIT6, STM32H562ZGT6, STM32H562ZIT6, STM32H563AGI6, STM32H563AII3Q, STM32H563AII6, STM32H563IGK6, STM32H563IGT6, STM32H563IIK3Q, STM32H563IIK6, STM32H563IIT3Q, STM32H563IIT6, STM32H563MIY3QTR, STM32H563RGT6, STM32H563RGV6, STM32H563RIT6, STM32H563RIV6, STM32H563VGT6, STM32H563VIT3Q, STM32H563VIT6, STM32H563ZGT6, STM32H563ZIT3Q, STM32H563ZIT6, STM32H573AII3Q, STM32H573AII6, STM32H573I-DK, STM32H573IIK3Q, STM32H573IIK6, STM32H573IIT3Q, STM32H573IIT6, STM32H573MIY3QTR, STM32H573RIT6, STM32H573RIV6, STM32H573VIT3Q, STM32H573VIT6, STM32H573ZIT3Q, STM32H573ZIT6, STM32L4R5QGI6STR, STM32MP131AAE3, STM32MP131AAF3, STM32MP131AAG3, STM32MP131CAE3, STM32MP131CAF3, STM32MP131CAG3, STM32MP131DAE7, STM32MP131DAF7, STM32MP131DAG7, STM32MP131FAE7, STM32MP131FAF7, STM32MP131FAG7, STM32MP133AAE3, STM32MP133AAF3, STM32MP133AAG3, STM32MP133CAE3, STM32MP133CAF3, STM32MP133CAG3, STM32MP133DAE7, STM32MP133DAF7, STM32MP133DAG7, STM32MP133FAE7, STM32MP133FAF7, STM32MP133FAG7, STM32MP135AAE3, STM32MP135AAF3, STM32MP135AAG3, STM32MP135CAE3, STM32MP135CAF3, STM32MP135CAG3, STM32MP135DAE7, STM32MP135DAF7, STM32MP135DAG7, STM32MP135F-DK, STM32MP135FAE7, STM32MP135FAF7, STM32MP135FAF7T, STM32MP135FAF7U, STM32MP135FAG7, STM32U535CBT6, STM32U535CBT6Q, STM32U535CBU6, STM32U535CBU6Q, STM32U535CCT6, STM32U535CCT6Q, STM32U535CCU6, STM32U535CCU6Q, STM32U535CET6, STM32U535CET6Q, STM32U535CEU6, STM32U535CEU6Q, STM32U535JEY6QTR, STM32U535NCY6QTR, STM32U535NEY6QTR, STM32U535RBI6, STM32U535RBI6Q, STM32U535RBT6, STM32U535RBT6Q, STM32U535RCI6, STM32U535RCI6Q, STM32U535RCT6, STM32U535RCT6Q, STM32U535REI6, STM32U535REI6Q, STM32U535RET6, STM32U535RET6Q, STM32U535VCI6, STM32U535VCI6Q, STM32U535VCT6, STM32U535VCT6Q, STM32U535VEI6, STM32U535VEI6Q, STM32U535VET6, STM32U535VET6Q, STM32U545CET6, STM32U545CET6Q, STM32U545CEU6, STM32U545CEU6Q, STM32U545JEY6QTR, STM32U545NEY6QTR, STM32U545REI6, STM32U545REI6Q, STM32U545RET6, STM32U545RET6Q, STM32U545VEI6, STM32U545VEI6Q, STM32U545VET6, STM32U545VET6Q, STM32U595AIH6, STM32U595AIH6Q, STM32U595AJH6, STM32U595AJH6Q, STM32U595QII6, STM32U595QII6Q, STM32U595QJI6, STM32U595QJI6Q, STM32U595RIT6, STM32U595RIT6Q, STM32U595RJT6, STM32U595RJT6Q, STM32U595VIT6, STM32U595VIT6Q, STM32U595VJT6, STM32U595VJT6Q, STM32U595ZIT6, STM32U595ZIT6Q, STM32U595ZIY6QTR, STM32U595ZJT6, STM32U595ZJT6Q, STM32U595ZJY6QTR, STM32U599BJY6QTR, STM32U599NIH6Q, STM32U599NJH6Q, STM32U599VIT6Q, STM32U599VJT6, STM32U599VJT6Q, STM32U599ZIT6Q, STM32U599ZIY6QTR, STM32U599ZJT6Q, STM32U599ZJY6QTR, STM32U5A5AJH6, STM32U5A5AJH6Q, STM32U5A5QJI6, STM32U5A5QJI6Q, STM32U5A5RJT6, STM32U5A5RJT6Q, STM32U5A5VJT6, STM32U5A5VJT6Q, STM32U5A5ZJT6, STM32U5A5ZJT6Q, STM32U5A5ZJY6QTR, STM32U5A9BJY6QTR, STM32U5A9J-DK, STM32U5A9NJH6Q, STM32U5A9VJT6Q, STM32U5A9ZJT6Q, STM32U5A9ZJY6QTR, STM32U5F7VIT6, STM32U5F7VIT6Q, STM32U5F7VJT6, STM32U5F7VJT6Q, STM32U5F9BJY6QTR, STM32U5F9NJH6Q, STM32U5F9VIT6Q, STM32U5F9VJT6Q, STM32U5F9ZIJ6QTR, STM32U5F9ZIT6Q, STM32U5F9ZJJ6QTR, STM32U5F9ZJT6Q, STM32U5G7VJT6, STM32U5G7VJT6Q, STM32U5G9BJY6QTR, STM32U5G9J-DK1, STM32U5G9J-DK2, STM32U5G9NJH6Q, STM32U5G9VJT6Q, STM32U5G9ZJJ6QTR, STM32U5G9ZJT6Q, STM32WB1MMCH6, STM32WBA50KEU6, STM32WBA50KEU6TR, STM32WBA50KGU6, STM32WBA50KGU6TR, STM32WBA52CEU6, STM32WBA52CEU6TR, STM32WBA52CEU7, STM32WBA52CEU7TR, STM32WBA52CGU6, STM32WBA52CGU6TR, STM32WBA52CGU6U, STM32WBA52CGU7, STM32WBA52CGU7TR, STM32WBA52KEU6, STM32WBA52KEU6TR, STM32WBA52KGU6, STM32WBA52KGU6TR, STM32WBA54CEU6, STM32WBA54CEU6TR, STM32WBA54CEU7, STM32WBA54CEU7TR, STM32WBA54CGU6, STM32WBA54CGU6TR, STM32WBA54CGU7, STM32WBA54CGU7TR, STM32WBA54KEU6, STM32WBA54KEU6TR, STM32WBA54KEU7, STM32WBA54KEU7TR, STM32WBA54KGU6, STM32WBA54KGU6TR, STM32WBA54KGU7, STM32WBA54KGU7TR, STM32WBA55CEU6, STM32WBA55CEU6TR, STM32WBA55CEU7, STM32WBA55CEU7TR, STM32WBA55CGU6, STM32WBA55CGU6TR, STM32WBA55CGU6U, STM32WBA55CGU7, STM32WBA55CGU7TR, STM32WBA55G-DK1, STM32WBA55HEF6, STM32WBA55HEF7, STM32WBA55HGF6, STM32WBA55HGF7, STM32WBA55UEI6, STM32WBA55UEI6TR, STM32WBA55UEI7, STM32WBA55UEI7TR, STM32WBA55UGI6, STM32WBA55UGI6TR, STM32WBA55UGI7, STM32WBA55UGI7TR, STM32WL5MOCH6, STM32WL5MOCH6TR]
2024-02-13 14:56:52,334 [INFO] BoardInfo:889 - No configuration file found for board P-NUCLEO-WB55
2024-02-13 14:56:52,334 [INFO] DbBoards:161 - Kit is not supported: P-NUCLEO-WB55
2024-02-13 14:56:52,342 [INFO] BoardInfo:889 - No configuration file found for board STEVAL-BFA001V1B
2024-02-13 14:56:52,342 [INFO] DbBoards:161 - Kit is not supported: STEVAL-BFA001V1B
2024-02-13 14:56:52,345 [INFO] BoardInfo:889 - No configuration file found for board STEVAL-BFA001V2B
2024-02-13 14:56:52,345 [INFO] DbBoards:161 - Kit is not supported: STEVAL-BFA001V2B
2024-02-13 14:56:52,566 [INFO] DbBoards:168 - Found 193 boards, 190 are supported
2024-02-13 14:56:52,566 [INFO] DbBoards:169 - Found 193 boards, 3 of them is supported for  Bsp
2024-02-13 14:56:52,570 [INFO] ApiDb:414 - User favorites file not found: C:\Users\sykojo/.stm32cubeide/favorites.boards.txt
2024-02-13 14:56:52,570 [INFO] DbBoards:198 - Set 0 / 0 favorites Boards
2024-02-13 14:56:52,612 [INFO] UtilMem:75 - End LoadConfig() Used Memory: 598584832 Bytes (701497344)
2024-02-13 14:56:52,641 [INFO] MicroXplorer:468 - Change Database Path : 
2024-02-13 14:56:52,642 [INFO] MicroXplorer:498 - Change Database Version : DB.6.0.100
2024-02-13 14:56:52,642 [WARN] ThirdParty:833 - waiting for thirdparty lock release [change project]
2024-02-13 14:56:52,642 [INFO] ThirdParty:835 - entering critical section [change project]
2024-02-13 14:56:52,642 [INFO] ThirdParty:1030 - CMSIS Pack Vendor :STMicroelectronics X-CUBE-ISPU 1.1.0
2024-02-13 14:56:52,642 [INFO] ThirdParty:1030 - CMSIS Pack Vendor :STMicroelectronics USBPD 4.1
2024-02-13 14:56:52,642 [INFO] ThirdParty:1030 - CMSIS Pack Vendor :STMicroelectronics X-CUBE-GNSS1 6.0.0
2024-02-13 14:56:52,642 [INFO] ThirdParty:1030 - CMSIS Pack Vendor :STMicroelectronics USB_HOST 2.0.0
2024-02-13 14:56:52,642 [INFO] ThirdParty:1030 - CMSIS Pack Vendor :STMicroelectronics X-CUBE-AZRTOS-F4 1.1.0
2024-02-13 14:56:52,643 [INFO] ThirdParty:1030 - CMSIS Pack Vendor :STMicroelectronics LIBJPEG 8.0.0
2024-02-13 14:56:52,643 [INFO] ThirdParty:1030 - CMSIS Pack Vendor :wolfSSL I-CUBE-wolfSSL 5.6.4
2024-02-13 14:56:52,643 [INFO] ThirdParty:1030 - CMSIS Pack Vendor :STMicroelectronics X-CUBE-SMBUS 2.1.0
2024-02-13 14:56:52,643 [INFO] ThirdParty:1030 - CMSIS Pack Vendor :STMicroelectronics USB_DEVICE 3.0.0
2024-02-13 14:56:52,643 [INFO] ThirdParty:1030 - CMSIS Pack Vendor :STMicroelectronics X-CUBE-AZRTOS-WB 2.0.0
2024-02-13 14:56:52,643 [INFO] ThirdParty:1030 - CMSIS Pack Vendor :STMicroelectronics X-CUBE-TOUCHGFX 4.23.0
2024-02-13 14:56:52,643 [INFO] ThirdParty:1030 - CMSIS Pack Vendor :STMicroelectronics X-CUBE-AZRTOS-F7 1.1.0
2024-02-13 14:56:52,643 [INFO] ThirdParty:1030 - CMSIS Pack Vendor :STMicroelectronics X-CUBE-AZRTOS-L5 2.0.0
2024-02-13 14:56:52,643 [INFO] ThirdParty:1030 - CMSIS Pack Vendor :STMicroelectronics USB_DEVICE 2.0.0
2024-02-13 14:56:52,643 [INFO] ThirdParty:1030 - CMSIS Pack Vendor :STMicroelectronics X-CUBE-EEPRMA1 4.2.0
2024-02-13 14:56:52,643 [INFO] ThirdParty:1030 - CMSIS Pack Vendor :ITTIA_DB I-CUBE-ITTIADB 8.8.0
2024-02-13 14:56:52,643 [INFO] ThirdParty:1030 - CMSIS Pack Vendor :STMicroelectronics FP-SNS-MOTENV1 4.3.2
2024-02-13 14:56:52,643 [INFO] ThirdParty:1030 - CMSIS Pack Vendor :STMicroelectronics X-CUBE-ALGOBUILD 1.3.0
2024-02-13 14:56:52,643 [INFO] ThirdParty:1030 - CMSIS Pack Vendor :STMicroelectronics FreeRTOS 0.0.1
2024-02-13 14:56:52,643 [INFO] ThirdParty:1030 - CMSIS Pack Vendor :STMicroelectronics X-CUBE-AZRTOS-G0 1.1.0
2024-02-13 14:56:52,643 [INFO] ThirdParty:1030 - CMSIS Pack Vendor :STMicroelectronics X-CUBE-NFC4 3.0.0
2024-02-13 14:56:52,643 [INFO] ThirdParty:1030 - CMSIS Pack Vendor :STMicroelectronics X-CUBE-SUBG2 5.0.0
2024-02-13 14:56:52,643 [INFO] ThirdParty:1030 - CMSIS Pack Vendor :STMicroelectronics STM32_WPAN 1.0.0
2024-02-13 14:56:52,644 [INFO] ThirdParty:1030 - CMSIS Pack Vendor :STMicroelectronics lwIP 2.0.3
2024-02-13 14:56:52,644 [INFO] ThirdParty:1030 - CMSIS Pack Vendor :STMicroelectronics FP-SNS-FLIGHT1 5.0.2
2024-02-13 14:56:52,644 [INFO] ThirdParty:1030 - CMSIS Pack Vendor :STMicroelectronics USB_HOST 1.0.0
2024-02-13 14:56:52,644 [INFO] ThirdParty:1030 - CMSIS Pack Vendor :STMicroelectronics X-CUBE-AZRTOS-G4 2.0.0
2024-02-13 14:56:52,644 [INFO] ThirdParty:1030 - CMSIS Pack Vendor :STMicroelectronics PDM2PCM 3.1.0
2024-02-13 14:56:52,644 [INFO] ThirdParty:1030 - CMSIS Pack Vendor :STMicroelectronics X-CUBE-AZRTOS-H7 3.1.0
2024-02-13 14:56:52,644 [INFO] ThirdParty:1030 - CMSIS Pack Vendor :Infineon AIROC-Wi-Fi-Bluetooth-STM32 1.5.1
2024-02-13 14:56:52,644 [INFO] ThirdParty:1030 - CMSIS Pack Vendor :STMicroelectronics X-CUBE-BLEMGR 3.0.0
2024-02-13 14:56:52,644 [INFO] ThirdParty:1030 - CMSIS Pack Vendor :STMicroelectronics PDM2PCM 3.3.0
2024-02-13 14:56:52,644 [INFO] ThirdParty:1030 - CMSIS Pack Vendor :STMicroelectronics X-CUBE-DISPLAY 3.0.0
2024-02-13 14:56:52,644 [INFO] ThirdParty:1030 - CMSIS Pack Vendor :STMicroelectronics FP-SNS-MOTENVWB1 1.3.0
2024-02-13 14:56:52,644 [INFO] ThirdParty:1030 - CMSIS Pack Vendor :STMicroelectronics FP-SNS-MOTENVWB1 1.3.1
2024-02-13 14:56:52,644 [INFO] ThirdParty:1030 - CMSIS Pack Vendor :STMicroelectronics X-CUBE-BLE1 7.0.0
2024-02-13 14:56:52,644 [INFO] ThirdParty:1030 - CMSIS Pack Vendor :STMicroelectronics FP-ATR-SIGFOX1 3.2.0
2024-02-13 14:56:52,644 [INFO] ThirdParty:1030 - CMSIS Pack Vendor :STMicroelectronics X-CUBE-ISPU 2.0.0
2024-02-13 14:56:52,644 [INFO] ThirdParty:1030 - CMSIS Pack Vendor :STMicroelectronics X-CUBE-EEPRMA1 5.1.0
2024-02-13 14:56:52,645 [INFO] ThirdParty:1030 - CMSIS Pack Vendor :STMicroelectronics HAL Drivers 0.0.0
2024-02-13 14:56:52,645 [INFO] ThirdParty:1030 - CMSIS Pack Vendor :STMicroelectronics MBEDTLS 2.16.2
2024-02-13 14:56:52,645 [INFO] ThirdParty:1030 - CMSIS Pack Vendor :emotas I-CUBE-CANOPEN 1.3.0
2024-02-13 14:56:52,645 [INFO] ThirdParty:1030 - CMSIS Pack Vendor :STMicroelectronics X-CUBE-MEMS1 10.0.0
2024-02-13 14:56:52,645 [INFO] ThirdParty:1030 - CMSIS Pack Vendor :STMicroelectronics X-CUBE-FREERTOS 1.1.0
2024-02-13 14:56:52,645 [INFO] ThirdParty:1030 - CMSIS Pack Vendor :STMicroelectronics X-CUBE-NFC7 1.0.1
2024-02-13 14:56:52,645 [INFO] ThirdParty:1030 - CMSIS Pack Vendor :STMicroelectronics MBEDTLS 2.14.1
2024-02-13 14:56:52,645 [INFO] ThirdParty:1030 - CMSIS Pack Vendor :STMicroelectronics X-CUBE-TOUCHGFX 4.22.1
2024-02-13 14:56:52,645 [INFO] ThirdParty:1030 - CMSIS Pack Vendor :STMicroelectronics X-CUBE-NFC6 3.0.0
2024-02-13 14:56:52,645 [INFO] ThirdParty:1030 - CMSIS Pack Vendor :portGmbH I-Cube-SoM-uGOAL 1.1.0
2024-02-13 14:56:52,645 [INFO] ThirdParty:1030 - CMSIS Pack Vendor :STMicroelectronics X-CUBE-ALS 1.0.1
2024-02-13 14:56:52,645 [INFO] ThirdParty:1030 - CMSIS Pack Vendor :STMicroelectronics ThreadX 1.0.0
2024-02-13 14:56:52,645 [INFO] ThirdParty:1030 - CMSIS Pack Vendor :STMicroelectronics FP-SNS-SMARTAG2 1.2.0
2024-02-13 14:56:52,645 [INFO] ThirdParty:1030 - CMSIS Pack Vendor :STMicroelectronics X-CUBE-AZRTOS-WL 2.0.0
2024-02-13 14:56:52,645 [INFO] ThirdParty:1030 - CMSIS Pack Vendor :SEGGER I-CUBE-embOS 1.3.1
2024-02-13 14:56:52,645 [INFO] ThirdParty:1030 - CMSIS Pack Vendor :STMicroelectronics USB_DEVICE 1.0.0
2024-02-13 14:56:52,646 [INFO] ThirdParty:1030 - CMSIS Pack Vendor :STMicroelectronics X-CUBE-AI 8.1.0
2024-02-13 14:56:52,646 [INFO] ThirdParty:1030 - CMSIS Pack Vendor :STMicroelectronics X-CUBE-AZRTOS-L4 2.0.0
2024-02-13 14:56:52,646 [INFO] ThirdParty:1030 - CMSIS Pack Vendor :STMicroelectronics ThreadX 0.0.2
2024-02-13 14:56:52,646 [INFO] ThirdParty:1030 - CMSIS Pack Vendor :WES I-CUBE-Cesium 1.3.0
2024-02-13 14:56:52,646 [INFO] ThirdParty:1030 - CMSIS Pack Vendor :STMicroelectronics FP-ATR-ASTRA1 2.0.0
2024-02-13 14:56:52,646 [INFO] ThirdParty:1030 - CMSIS Pack Vendor :STMicroelectronics lwIP 2.1.2
2024-02-13 14:56:52,646 [INFO] ThirdParty:1030 - CMSIS Pack Vendor :STMicroelectronics X-CUBE-SFXS2LP1 4.0.0
2024-02-13 14:56:52,646 [INFO] ThirdParty:1030 - CMSIS Pack Vendor :STMicroelectronics X-CUBE-BLE2 3.3.0
2024-02-13 14:56:52,646 [INFO] ThirdParty:1030 - CMSIS Pack Vendor :STMicroelectronics X-CUBE-TOF1 3.4.0
2024-02-13 14:56:52,646 [INFO] ThirdParty:1030 - CMSIS Pack Vendor :STMicroelectronics X-CUBE-AZRTOS-H7 3.2.0
2024-02-13 14:56:52,647 [INFO] ThirdParty:1030 - CMSIS Pack Vendor :STMicroelectronics PDM2PCM 3.2.0
2024-02-13 14:56:52,647 [INFO] ThirdParty:841 - exiting critical section [change project]
2024-02-13 14:56:52,884 [INFO] PinOutPanel:1499 - setPackage(No Configuration,No Configuration)
2024-02-13 14:56:52,885 [INFO] PinOutPanel:1499 - setPackage(STM32F103RETx,LQFP64)
2024-02-13 14:56:53,230 [INFO] UtilMem:75 - Before build in PCC Used Memory: 360365648 Bytes (701497344)
2024-02-13 14:56:53,541 [INFO] UtilMem:75 - After build in PCC Used Memory: 402639704 Bytes (701497344)
2024-02-13 14:56:53,566 [INFO] IPUIPlugin:80 - create IPUIPlugin
2024-02-13 14:56:53,566 [INFO] IPUIPlugin:80 - create IPUIPlugin
2024-02-13 14:56:53,566 [INFO] IPUIPlugin:80 - create IPUIPlugin
2024-02-13 14:56:53,566 [INFO] IPUIPlugin:80 - create IPUIPlugin
2024-02-13 14:56:53,567 [INFO] IPUIPlugin:80 - create IPUIPlugin
2024-02-13 14:56:53,567 [INFO] IPUIPlugin:80 - create IPUIPlugin
2024-02-13 14:56:53,567 [INFO] IPUIPlugin:80 - create IPUIPlugin
2024-02-13 14:56:53,567 [INFO] IPUIPlugin:80 - create IPUIPlugin
2024-02-13 14:56:53,567 [INFO] IPUIPlugin:80 - create IPUIPlugin
2024-02-13 14:56:53,568 [INFO] IPUIPlugin:80 - create IPUIPlugin
2024-02-13 14:56:53,568 [INFO] IPUIPlugin:80 - create IPUIPlugin
2024-02-13 14:56:53,568 [INFO] IPUIPlugin:80 - create IPUIPlugin
2024-02-13 14:56:53,568 [INFO] IPUIPlugin:80 - create IPUIPlugin
2024-02-13 14:56:53,568 [INFO] IPUIPlugin:80 - create IPUIPlugin
2024-02-13 14:56:53,569 [INFO] IPUIPlugin:80 - create IPUIPlugin
2024-02-13 14:56:53,569 [INFO] IPUIPlugin:80 - create IPUIPlugin
2024-02-13 14:56:53,569 [INFO] IPUIPlugin:80 - create IPUIPlugin
2024-02-13 14:56:53,569 [INFO] IPUIPlugin:80 - create IPUIPlugin
2024-02-13 14:56:53,570 [INFO] IPUIPlugin:80 - create IPUIPlugin
2024-02-13 14:56:53,570 [INFO] IPUIPlugin:80 - create IPUIPlugin
2024-02-13 14:56:53,571 [INFO] IPUIPlugin:80 - create IPUIPlugin
2024-02-13 14:56:53,571 [INFO] IPUIPlugin:80 - create IPUIPlugin
2024-02-13 14:56:53,571 [INFO] IPUIPlugin:80 - create IPUIPlugin
2024-02-13 14:56:53,571 [INFO] IPUIPlugin:80 - create IPUIPlugin
2024-02-13 14:56:53,572 [INFO] IPUIPlugin:80 - create IPUIPlugin
2024-02-13 14:56:53,572 [INFO] IPUIPlugin:80 - create IPUIPlugin
2024-02-13 14:56:53,572 [INFO] IPUIPlugin:80 - create IPUIPlugin
2024-02-13 14:56:53,572 [INFO] IPUIPlugin:80 - create IPUIPlugin
2024-02-13 14:56:53,573 [INFO] IPUIPlugin:80 - create IPUIPlugin
2024-02-13 14:56:53,573 [INFO] IPUIPlugin:80 - create IPUIPlugin
2024-02-13 14:56:53,574 [INFO] IPUIPlugin:80 - create IPUIPlugin
2024-02-13 14:56:53,574 [INFO] IPUIPlugin:80 - create IPUIPlugin
2024-02-13 14:56:53,575 [INFO] IPUIPlugin:80 - create IPUIPlugin
2024-02-13 14:56:53,575 [INFO] IPUIPlugin:80 - create IPUIPlugin
2024-02-13 14:56:53,575 [INFO] IPUIPlugin:80 - create IPUIPlugin
2024-02-13 14:56:53,576 [INFO] IPUIPlugin:80 - create IPUIPlugin
2024-02-13 14:56:53,576 [INFO] IPUIPlugin:80 - create IPUIPlugin
2024-02-13 14:56:53,576 [INFO] IPUIPlugin:80 - create IPUIPlugin
2024-02-13 14:56:53,577 [INFO] IPUIPlugin:80 - create IPUIPlugin
2024-02-13 14:56:53,578 [WARN] IP:2119 - I2C_Coeff_DF not found: check if there is a RefParameter without a condition.
2024-02-13 14:56:53,578 [WARN] IP:2119 - Analog_Filter not found: check if there is a RefParameter without a condition.
2024-02-13 14:56:53,644 [INFO] CADModel:165 - CPN selected for project levelSTM32F103RET6
2024-02-13 14:56:53,644 [INFO] CADModel:114 - Register for checkConnection events
2024-02-13 14:56:53,689 [INFO] OpenFileManager:343 - Restore cursor
2024-02-13 14:56:53,918 [WARN] IP:2119 - I2C_Coeff_DF not found: check if there is a RefParameter without a condition.
2024-02-13 14:56:53,918 [WARN] IP:2119 - Analog_Filter not found: check if there is a RefParameter without a condition.
2024-02-13 14:56:53,918 [WARN] IP:2119 - I2C_Coeff_DF not found: check if there is a RefParameter without a condition.
2024-02-13 14:56:53,918 [WARN] IP:2119 - Analog_Filter not found: check if there is a RefParameter without a condition.
