2024-01-29 17:24:04,070 [INFO] Activator:176 - 


2024-01-29 17:24:04,075 [INFO] Activator:177 - !SESSION log4j initialized
2024-01-29 17:24:09,033 [INFO] LogOutputStream:77 - [STDOUT_REDIRECT] 
2024-01-29 17:24:10,808 [INFO] ApplicationProperties:184 - Using Application install path: C:\ST\STM32CubeIDE_1.14.0\STM32CubeIDE\plugins\com.st.stm32cube.common.mx_6.10.0.202311202037
2024-01-29 17:24:10,823 [INFO] DbMcusXml:78 - Set database path to: C:\ST\STM32CubeIDE_1.14.0\STM32CubeIDE\plugins\com.st.stm32cube.common.mx_6.10.0.202311202037\\db\/mcu/
2024-01-29 17:24:10,824 [INFO] ApiDb:274 - Set plugin database path to: C:\ST\STM32CubeIDE_1.14.0\STM32CubeIDE\plugins\com.st.stm32cube.common.mx_6.10.0.202311202037\\db\/plugins/boardmanager/
2024-01-29 17:24:10,824 [WARN] ApiDb:259 - Overriding images path with different value:  => C:\ST\STM32CubeIDE_1.14.0\STM32CubeIDE\plugins\com.st.stm32cube.common.mx_6.10.0.202311202037\\db\/plugins/mcufinder/images/
2024-01-29 17:24:10,833 [INFO] ApiDb:250 - Set database path to: C:\Users\sykojo\.stmcufinder\plugins\mcufinder//mcu/
2024-01-29 17:24:10,834 [INFO] DbMcusAds:125 - Set database path to: C:\Users\sykojo\.stmcufinder\plugins\mcufinder//mcu/
2024-01-29 17:24:10,835 [INFO] CrossReferenceDbSqlite:203 - Set database path to: C:\Users\sykojo\.stmcufinder\plugins\mcufinder//mcu/cs/
2024-01-29 17:24:10,936 [INFO] RulesReader:64 - Compatibility file has been processed (297 Rules)
2024-01-29 17:24:11,008 [INFO] DbMcusXml:78 - Set database path to: C:\ST\STM32CubeIDE_1.14.0\STM32CubeIDE\plugins\com.st.stm32cube.common.mx_6.10.0.202311202037\\db\/mcu/
2024-01-29 17:24:11,008 [INFO] ApiDb:274 - Set plugin database path to: C:\ST\STM32CubeIDE_1.14.0\STM32CubeIDE\plugins\com.st.stm32cube.common.mx_6.10.0.202311202037\\db\/plugins/boardmanager/
2024-01-29 17:24:11,008 [INFO] ApiDb:261 - Set plugin images path to: C:\ST\STM32CubeIDE_1.14.0\STM32CubeIDE\plugins\com.st.stm32cube.common.mx_6.10.0.202311202037\\db\/plugins/mcufinder/images/
2024-01-29 17:24:11,008 [WARN] DbFile:41 - Overriding database path with different value: C:\Users\sykojo\.stmcufinder\plugins\mcufinder/ => C:\Users\sykojo\.stmcufinder\plugins\mcufinder
2024-01-29 17:24:11,008 [INFO] ApiDb:250 - Set database path to: C:\Users\sykojo\.stmcufinder\plugins\mcufinder//mcu/
2024-01-29 17:24:11,008 [WARN] DbFile:41 - Overriding database path with different value: C:\Users\sykojo\.stmcufinder\plugins\mcufinder/ => C:\Users\sykojo\.stmcufinder\plugins\mcufinder
2024-01-29 17:24:11,008 [INFO] DbMcusAds:125 - Set database path to: C:\Users\sykojo\.stmcufinder\plugins\mcufinder//mcu/
2024-01-29 17:24:11,008 [WARN] DbFile:41 - Overriding database path with different value: C:\Users\sykojo\.stmcufinder\plugins\mcufinder/ => C:\Users\sykojo\.stmcufinder\plugins\mcufinder
2024-01-29 17:24:11,008 [WARN] DbFile:41 - Overriding database path with different value: C:\Users\sykojo\.stmcufinder\plugins\mcufinder/ => C:\Users\sykojo\.stmcufinder\plugins\mcufinder
2024-01-29 17:24:11,009 [INFO] CrossReferenceDbSqlite:203 - Set database path to: C:\Users\sykojo\.stmcufinder\plugins\mcufinder//mcu/cs/
2024-01-29 17:24:11,074 [INFO] MainPanel:264 - HeapMemory: 268435456
2024-01-29 17:24:11,149 [INFO] DbMcusXml:78 - Set database path to: C:\ST\STM32CubeIDE_1.14.0\STM32CubeIDE\plugins\com.st.stm32cube.common.mx_6.10.0.202311202037\\db\/mcu/
2024-01-29 17:24:11,149 [INFO] ApiDb:274 - Set plugin database path to: C:\ST\STM32CubeIDE_1.14.0\STM32CubeIDE\plugins\com.st.stm32cube.common.mx_6.10.0.202311202037\\db\/plugins/boardmanager/
2024-01-29 17:24:11,149 [INFO] ApiDb:261 - Set plugin images path to: C:\ST\STM32CubeIDE_1.14.0\STM32CubeIDE\plugins\com.st.stm32cube.common.mx_6.10.0.202311202037\\db\/plugins/mcufinder/images/
2024-01-29 17:24:11,149 [WARN] DbFile:41 - Overriding database path with different value: C:\Users\sykojo\.stmcufinder\plugins\mcufinder/ => C:\Users\sykojo\.stmcufinder\plugins\mcufinder
2024-01-29 17:24:11,149 [INFO] ApiDb:250 - Set database path to: C:\Users\sykojo\.stmcufinder\plugins\mcufinder//mcu/
2024-01-29 17:24:11,149 [WARN] DbFile:41 - Overriding database path with different value: C:\Users\sykojo\.stmcufinder\plugins\mcufinder/ => C:\Users\sykojo\.stmcufinder\plugins\mcufinder
2024-01-29 17:24:11,149 [INFO] DbMcusAds:125 - Set database path to: C:\Users\sykojo\.stmcufinder\plugins\mcufinder//mcu/
2024-01-29 17:24:11,149 [WARN] DbFile:41 - Overriding database path with different value: C:\Users\sykojo\.stmcufinder\plugins\mcufinder/ => C:\Users\sykojo\.stmcufinder\plugins\mcufinder
2024-01-29 17:24:11,150 [WARN] DbFile:41 - Overriding database path with different value: C:\Users\sykojo\.stmcufinder\plugins\mcufinder/ => C:\Users\sykojo\.stmcufinder\plugins\mcufinder
2024-01-29 17:24:11,150 [INFO] CrossReferenceDbSqlite:203 - Set database path to: C:\Users\sykojo\.stmcufinder\plugins\mcufinder//mcu/cs/
2024-01-29 17:24:11,165 [INFO] ApplicationProperties:184 - Using Application install path: C:\ST\STM32CubeIDE_1.14.0\STM32CubeIDE\plugins\com.st.stm32cube.common.mx_6.10.0.202311202037
2024-01-29 17:24:11,166 [INFO] PluginManage:196 - Search for loadable plugins [exclusion list=, ]
2024-01-29 17:24:11,167 [INFO] PluginManage:310 - Check plugin analytics
2024-01-29 17:24:11,284 [INFO] AnalyticsPlugin:253 - Accepted Software Licenses: 
2024-01-29 17:24:11,285 [INFO] AnalyticsPlugin:255 - Accepted CMSIS Pack Licenses: 
2024-01-29 17:24:11,285 [INFO] AnalyticsPlugin:257 - Accepted Firmware Licenses: 
2024-01-29 17:24:11,287 [INFO] PluginManage:359 - Loaded plugin analytics (category:tool,tabindex:-1)
2024-01-29 17:24:11,287 [INFO] PluginManage:310 - Check plugin cadmodel
2024-01-29 17:24:11,299 [INFO] CADModel:105 - Init CAD model plugin
2024-01-29 17:24:11,299 [INFO] PluginManage:359 - Loaded plugin cadmodel (category:power,tabindex:5)
2024-01-29 17:24:11,300 [INFO] PluginManage:310 - Check plugin clock
2024-01-29 17:24:11,317 [INFO] PluginManage:359 - Loaded plugin clock (category:base,tabindex:2)
2024-01-29 17:24:11,317 [INFO] PluginManage:310 - Check plugin ddr
2024-01-29 17:24:11,319 [INFO] PluginManage:359 - Loaded plugin ddr (category:tool,tabindex:6)
2024-01-29 17:24:11,319 [INFO] PluginManage:310 - Check plugin filemanager
2024-01-29 17:24:11,428 [INFO] PluginManage:359 - Loaded plugin filemanager (category:base,tabindex:10)
2024-01-29 17:24:11,429 [INFO] PluginManage:310 - Check plugin ipmanager
2024-01-29 17:24:11,435 [INFO] PluginManage:359 - Loaded plugin ipmanager (category:base,tabindex:5)
2024-01-29 17:24:11,435 [INFO] PluginManage:310 - Check plugin lpbam
2024-01-29 17:24:11,450 [INFO] PluginManage:359 - Loaded plugin lpbam (category:base,tabindex:0)
2024-01-29 17:24:11,451 [INFO] PluginManage:310 - Check plugin memorymap
2024-01-29 17:24:11,471 [INFO] PluginManage:359 - Loaded plugin memorymap (category:base,tabindex:4)
2024-01-29 17:24:11,471 [INFO] PluginManage:310 - Check plugin pinoutandconfiguration
2024-01-29 17:24:11,485 [INFO] PluginManage:359 - Loaded plugin pinoutandconfiguration (category:base,tabindex:1)
2024-01-29 17:24:11,485 [INFO] PluginManage:310 - Check plugin pinoutconfig
2024-01-29 17:24:11,561 [WARN] SupportedApi:132 - Cannot load RTOS API schema: s4s-elt-must-match.1: The content of 'definitions' must match (annotation?, (simpleType | complexType)?, (unique | key | keyref)*)). A problem was found starting at: attribute.
2024-01-29 17:24:11,659 [INFO] PluginManage:359 - Loaded plugin pinoutconfig (category:base,tabindex:0)
2024-01-29 17:24:11,659 [INFO] PluginManage:310 - Check plugin power
2024-01-29 17:24:11,675 [INFO] PluginManage:359 - Loaded plugin power (category:power,tabindex:4)
2024-01-29 17:24:11,675 [INFO] PluginManage:310 - Check plugin projectmanager
2024-01-29 17:24:11,689 [INFO] PluginManage:359 - Loaded plugin projectmanager (category:projectmanager,tabindex:3)
2024-01-29 17:24:11,689 [INFO] PluginManage:310 - Check plugin thirdparty
2024-01-29 17:24:11,899 [INFO] PluginManage:359 - Loaded plugin thirdparty (category:base,tabindex:-1)
2024-01-29 17:24:11,899 [WARN] IntegrityCheckThread:84 - waiting for thirdparty lock release [integrity check]
2024-01-29 17:24:11,899 [INFO] PluginManage:310 - Check plugin tools
2024-01-29 17:24:11,899 [INFO] IntegrityCheckThread:86 - entering critical section [integrity check]
2024-01-29 17:24:11,900 [INFO] ThirdPartyUpdaterWithRetryManager:70 - Updater plugin not ready yet. [1/15]
2024-01-29 17:24:11,926 [INFO] PluginManage:359 - Loaded plugin tools (category:base,tabindex:7)
2024-01-29 17:24:11,926 [INFO] PluginManage:310 - Check plugin tutovideos
2024-01-29 17:24:12,072 [INFO] PluginManage:359 - Loaded plugin tutovideos (category:base,tabindex:-1)
2024-01-29 17:24:12,072 [INFO] PluginManage:310 - Check plugin updater
2024-01-29 17:24:12,081 [INFO] PluginManage:359 - Loaded plugin updater (category:base,tabindex:12)
2024-01-29 17:24:12,081 [INFO] PluginManage:310 - Check plugin userauth
2024-01-29 17:24:12,085 [INFO] UserAuth:114 - Init User Auth plugin
2024-01-29 17:24:12,085 [INFO] PluginManage:359 - Loaded plugin userauth (category:base,tabindex:14)
2024-01-29 17:24:12,086 [INFO] PluginManage:283 - PluginManage : Loaded plugins [17]
2024-01-29 17:24:12,256 [INFO] PinOutPanel:1499 - setPackage(No Configuration,No Configuration)
2024-01-29 17:24:12,322 [INFO] CADModel:165 - CPN selected for project level
2024-01-29 17:24:12,322 [INFO] CADModel:114 - Register for checkConnection events
2024-01-29 17:24:12,344 [INFO] IPUIPlugin:80 - create IPUIPlugin
2024-01-29 17:24:12,344 [INFO] PluginManager:220 - loadIPPluginJar : add adc
2024-01-29 17:24:12,371 [INFO] IPUIPlugin:80 - create IPUIPlugin
2024-01-29 17:24:12,371 [INFO] PluginManager:220 - loadIPPluginJar : add aes
2024-01-29 17:24:12,401 [INFO] IPUIPlugin:80 - create IPUIPlugin
2024-01-29 17:24:12,401 [INFO] PluginManager:220 - loadIPPluginJar : add can
2024-01-29 17:24:12,417 [INFO] IPUIPlugin:80 - create IPUIPlugin
2024-01-29 17:24:12,417 [INFO] PluginManager:220 - loadIPPluginJar : add comp
2024-01-29 17:24:12,442 [INFO] IPUIPlugin:80 - create IPUIPlugin
2024-01-29 17:24:12,442 [INFO] PluginManager:220 - loadIPPluginJar : add cryp
2024-01-29 17:24:12,462 [INFO] IPUIPlugin:80 - create IPUIPlugin
2024-01-29 17:24:12,462 [INFO] PluginManager:220 - loadIPPluginJar : add dfsdm
2024-01-29 17:24:12,474 [INFO] IPUIPlugin:80 - create IPUIPlugin
2024-01-29 17:24:12,474 [INFO] PluginManager:220 - loadIPPluginJar : add dma
2024-01-29 17:24:12,507 [INFO] IPUIPlugin:80 - create IPUIPlugin
2024-01-29 17:24:12,507 [INFO] PluginManager:220 - loadIPPluginJar : add dma3
2024-01-29 17:24:12,522 [INFO] IPUIPlugin:80 - create IPUIPlugin
2024-01-29 17:24:12,522 [INFO] PluginManager:220 - loadIPPluginJar : add fatfs
2024-01-29 17:24:12,554 [INFO] IPUIPlugin:80 - create IPUIPlugin
2024-01-29 17:24:12,555 [INFO] PluginManager:220 - loadIPPluginJar : add fmc
2024-01-29 17:24:12,567 [INFO] IPUIPlugin:80 - create IPUIPlugin
2024-01-29 17:24:12,567 [INFO] PluginManager:220 - loadIPPluginJar : add freertos
2024-01-29 17:24:12,583 [INFO] IPUIPlugin:80 - create IPUIPlugin
2024-01-29 17:24:12,583 [INFO] PluginManager:220 - loadIPPluginJar : add genericplugin
2024-01-29 17:24:12,647 [INFO] IPUIPlugin:80 - create IPUIPlugin
2024-01-29 17:24:12,648 [INFO] PluginManager:220 - loadIPPluginJar : add gfxmmu
2024-01-29 17:24:12,738 [INFO] IPUIPlugin:80 - create IPUIPlugin
2024-01-29 17:24:12,738 [INFO] PluginManager:220 - loadIPPluginJar : add gic
2024-01-29 17:24:12,749 [INFO] IPUIPlugin:80 - create IPUIPlugin
2024-01-29 17:24:12,749 [INFO] PluginManager:220 - loadIPPluginJar : add gpio
2024-01-29 17:24:12,814 [INFO] IPUIPlugin:80 - create IPUIPlugin
2024-01-29 17:24:12,814 [INFO] PluginManager:220 - loadIPPluginJar : add gtzc
2024-01-29 17:24:12,838 [INFO] IPUIPlugin:80 - create IPUIPlugin
2024-01-29 17:24:12,839 [INFO] PluginManager:220 - loadIPPluginJar : add hash
2024-01-29 17:24:12,875 [INFO] IPUIPlugin:80 - create IPUIPlugin
2024-01-29 17:24:12,875 [INFO] PluginManager:220 - loadIPPluginJar : add i2c
2024-01-29 17:24:12,905 [INFO] IPUIPlugin:80 - create IPUIPlugin
2024-01-29 17:24:12,905 [INFO] PluginManager:220 - loadIPPluginJar : add i2s
2024-01-29 17:24:12,935 [INFO] IPUIPlugin:80 - create IPUIPlugin
2024-01-29 17:24:12,935 [INFO] PluginManager:220 - loadIPPluginJar : add i3c
2024-01-29 17:24:13,012 [INFO] IPUIPlugin:80 - create IPUIPlugin
2024-01-29 17:24:13,012 [INFO] PluginManager:220 - loadIPPluginJar : add ipddr
2024-01-29 17:24:13,077 [INFO] IPUIPlugin:80 - create IPUIPlugin
2024-01-29 17:24:13,077 [INFO] PluginManager:220 - loadIPPluginJar : add linkedlist
2024-01-29 17:24:13,103 [INFO] IPUIPlugin:80 - create IPUIPlugin
2024-01-29 17:24:13,103 [INFO] PluginManager:220 - loadIPPluginJar : add lorawan
2024-01-29 17:24:13,130 [INFO] IPUIPlugin:80 - create IPUIPlugin
2024-01-29 17:24:13,130 [INFO] PluginManager:220 - loadIPPluginJar : add ltdc
2024-01-29 17:24:13,141 [INFO] IPUIPlugin:80 - create IPUIPlugin
2024-01-29 17:24:13,141 [INFO] PluginManager:220 - loadIPPluginJar : add mdma
2024-01-29 17:24:13,150 [INFO] IPUIPlugin:80 - create IPUIPlugin
2024-01-29 17:24:13,150 [INFO] PluginManager:220 - loadIPPluginJar : add nvic
2024-01-29 17:24:13,177 [INFO] IPUIPlugin:80 - create IPUIPlugin
2024-01-29 17:24:13,177 [INFO] PluginManager:220 - loadIPPluginJar : add opamp
2024-01-29 17:24:13,220 [INFO] IPUIPlugin:80 - create IPUIPlugin
2024-01-29 17:24:13,220 [INFO] PluginManager:220 - loadIPPluginJar : add openamp
2024-01-29 17:24:13,253 [INFO] IPUIPlugin:80 - create IPUIPlugin
2024-01-29 17:24:13,253 [INFO] PluginManager:220 - loadIPPluginJar : add pdm2pcm
2024-01-29 17:24:13,264 [INFO] IPUIPlugin:80 - create IPUIPlugin
2024-01-29 17:24:13,265 [INFO] PluginManager:220 - loadIPPluginJar : add plateformsettings
2024-01-29 17:24:13,282 [INFO] IPUIPlugin:80 - create IPUIPlugin
2024-01-29 17:24:13,282 [INFO] PluginManager:220 - loadIPPluginJar : add quadspi
2024-01-29 17:24:13,292 [INFO] IPUIPlugin:80 - create IPUIPlugin
2024-01-29 17:24:13,292 [INFO] PluginManager:220 - loadIPPluginJar : add resmgrutility
2024-01-29 17:24:13,328 [INFO] IPUIPlugin:80 - create IPUIPlugin
2024-01-29 17:24:13,328 [INFO] PluginManager:220 - loadIPPluginJar : add sai
2024-01-29 17:24:13,354 [INFO] IPUIPlugin:80 - create IPUIPlugin
2024-01-29 17:24:13,354 [INFO] PluginManager:220 - loadIPPluginJar : add spi
2024-01-29 17:24:13,404 [INFO] IPUIPlugin:80 - create IPUIPlugin
2024-01-29 17:24:13,405 [INFO] PluginManager:220 - loadIPPluginJar : add stm32_wpan
2024-01-29 17:24:13,421 [INFO] IPUIPlugin:80 - create IPUIPlugin
2024-01-29 17:24:13,421 [INFO] PluginManager:220 - loadIPPluginJar : add tim
2024-01-29 17:24:13,466 [INFO] IPUIPlugin:80 - create IPUIPlugin
2024-01-29 17:24:13,466 [INFO] PluginManager:220 - loadIPPluginJar : add touchsensing
2024-01-29 17:24:13,485 [INFO] IPUIPlugin:80 - create IPUIPlugin
2024-01-29 17:24:13,485 [INFO] PluginManager:220 - loadIPPluginJar : add tracer_emb
2024-01-29 17:24:13,502 [INFO] IPUIPlugin:80 - create IPUIPlugin
2024-01-29 17:24:13,502 [INFO] PluginManager:220 - loadIPPluginJar : add ts
2024-01-29 17:24:13,518 [INFO] IPUIPlugin:80 - create IPUIPlugin
2024-01-29 17:24:13,518 [INFO] PluginManager:220 - loadIPPluginJar : add tsc
2024-01-29 17:24:13,534 [INFO] IPUIPlugin:80 - create IPUIPlugin
2024-01-29 17:24:13,535 [INFO] PluginManager:220 - loadIPPluginJar : add ucpd
2024-01-29 17:24:13,568 [INFO] IPUIPlugin:80 - create IPUIPlugin
2024-01-29 17:24:13,568 [INFO] PluginManager:220 - loadIPPluginJar : add usart
2024-01-29 17:24:13,601 [INFO] IPUIPlugin:80 - create IPUIPlugin
2024-01-29 17:24:13,601 [INFO] PluginManager:220 - loadIPPluginJar : add usbx
2024-01-29 17:24:13,727 [INFO] CADModel:165 - CPN selected for project level
2024-01-29 17:24:13,728 [INFO] CADModel:114 - Register for checkConnection events
2024-01-29 17:24:13,728 [FATAL] Updater:308 - Updater called before beeing initialized
2024-01-29 17:24:13,728 [ERROR] CADModel:125 - Updater not yet initialized, retry later 
2024-01-29 17:24:13,849 [INFO] CADModel:165 - CPN selected for project level
2024-01-29 17:24:13,849 [INFO] CADModel:114 - Register for checkConnection events
2024-01-29 17:24:13,849 [FATAL] Updater:308 - Updater called before beeing initialized
2024-01-29 17:24:13,849 [ERROR] CADModel:125 - Updater not yet initialized, retry later 
2024-01-29 17:24:13,851 [FATAL] Updater:308 - Updater called before beeing initialized
2024-01-29 17:24:13,932 [FATAL] Updater:308 - Updater called before beeing initialized
2024-01-29 17:24:13,940 [INFO] DbMcusAds:53 - JSON generation date=Wed Nov 29 11:52:27 CET 2023 (1701255147349)
2024-01-29 17:24:13,941 [FATAL] Updater:308 - Updater called before beeing initialized
2024-01-29 17:24:14,006 [WARN] DetailPanel:346 - Failed to get advertising image, set to default
2024-01-29 17:24:14,086 [FATAL] Updater:308 - Updater called before beeing initialized
2024-01-29 17:24:14,087 [FATAL] Updater:308 - Updater called before beeing initialized
2024-01-29 17:24:14,087 [FATAL] Updater:308 - Updater called before beeing initialized
2024-01-29 17:24:14,087 [WARN] DetailPanel:346 - Failed to get advertising image, set to default
2024-01-29 17:24:14,088 [FATAL] Updater:308 - Updater called before beeing initialized
2024-01-29 17:24:14,136 [ERROR] Updater:1120 - MainUpdater not yet initialized. External WinMGr cannot be set.
2024-01-29 17:24:14,145 [INFO] Updater:1056 - Updater Version found : 6.10.0
2024-01-29 17:24:14,162 [INFO] ApplicationProperties:184 - Using Application install path: C:\ST\STM32CubeIDE_1.14.0\STM32CubeIDE\plugins\com.st.stm32cube.common.mx_6.10.0.202311202037
2024-01-29 17:24:14,914 [INFO] ThirdPartyUpdaterWithRetryManager:70 - Updater plugin not ready yet. [2/15]
2024-01-29 17:24:15,789 [ERROR] LogOutputStream:75 - [STDERR_REDIRECT] Jan 29, 2024 5:24:15 PM java.util.prefs.WindowsPreferences <init>
2024-01-29 17:24:15,791 [ERROR] LogOutputStream:75 - [STDERR_REDIRECT] WARNING: Could not open/create prefs root node Software\JavaSoft\Prefs at root 0xffffffff80000002. Windows RegCreateKeyEx(...) returned error code 5.
2024-01-29 17:24:15,791 [ERROR] LogOutputStream:75 - [STDERR_REDIRECT] 
2024-01-29 17:24:16,001 [INFO] MainUpdater:2873 - connection check result : 10
2024-01-29 17:24:16,001 [INFO] MainUpdater:3567 - Updater definition file requires update
2024-01-29 17:24:16,002 [INFO] MainUpdater:290 - Updater Check For Update Now.
2024-01-29 17:24:16,002 [INFO] MicroXplorer:498 - Change Database Version : DB.6.0.100
2024-01-29 17:24:16,017 [INFO] McuFinderGlobals:63 - Set McuFinder mode to 2 (CubeIDE integrated)
2024-01-29 17:24:16,054 [INFO] ServerAccessManage:473 - Download File updaters.zip
2024-01-29 17:24:16,134 [INFO] FileExtend:240 - Unzip File : updaters.zip
2024-01-29 17:24:16,135 [INFO] FileExtend:255 - Standard Zip Deflate
2024-01-29 17:24:16,429 [INFO] UserAuth:404 - Internet connection configuration mode: 1
2024-01-29 17:24:16,456 [INFO] JxBrowserEngine:152 - Initiate JxBrowser Engine with user profile folder
2024-01-29 17:24:16,473 [INFO] ServerAccessManage:473 - Download File PacksControlFlags.xml
2024-01-29 17:24:16,568 [INFO] ServerAccessManage:473 - Download File cubemx.pidx
2024-01-29 17:24:17,025 [INFO] ServerAccessManage:473 - Download File STMicroelectronics.X-CUBE-EEPRMA1.pdsc
2024-01-29 17:24:17,273 [ERROR] ServerAccessManage:1089 - Problem, file not found on Server
2024-01-29 17:24:17,500 [ERROR] ServerAccessManage:1089 - Problem, file not found on Server
2024-01-29 17:24:17,920 [WARN] MainUpdater:1194 - Updater busy. Cannot search thirdparties
2024-01-29 17:24:17,920 [INFO] ThirdPartyUpdaterWithRetryManager:96 - Updater plugin is busy. [1/15]
2024-01-29 17:24:18,491 [ERROR] ServerAccessManage:1096 - Problem, Http access forbiden
2024-01-29 17:24:18,491 [ERROR] ServerAccessManage:651 - Problem, Http access forbiden : RoweBots.I-CUBE-UNISONRTOS.pdsc.
2024-01-29 17:24:18,632 [WARN] PackLoader:240 - Cannot read IP mode file for STMicroelectronics.X-CUBE-EEPRMA1.5.1.0
2024-01-29 17:24:18,637 [INFO] PopulateThirdPartyThread:66 - Ending populate Thread
2024-01-29 17:24:18,638 [INFO] ThirdParty:1030 - CMSIS Pack Vendor :STMicroelectronics X-CUBE-EEPRMA1 5.1.0
2024-01-29 17:24:18,638 [INFO] LoadServerUpdatesThread:375 - End of LoadServerUpdate Thread
2024-01-29 17:24:18,760 [INFO] CheckServerUpdateThread:120 - End of CheckServer Thread
2024-01-29 17:24:18,995 [INFO] WebApp:161 - Instantiating new browser for Auth
2024-01-29 17:24:19,415 [INFO] WebApp:780 - Register for checkConnection events
2024-01-29 17:24:19,415 [INFO] WebApp:414 - Apply proxy settings
2024-01-29 17:24:19,415 [INFO] WebApp:499 - Chromium requires no authentication
2024-01-29 17:24:19,421 [INFO] WebApp:442 - Direct internet connection detected
2024-01-29 17:24:19,541 [INFO] WebApp:192 - Starting web application
2024-01-29 17:24:19,541 [INFO] WebApp:544 - Web application path used C:\ST\STM32CubeIDE_1.14.0\STM32CubeIDE\plugins\com.st.stm32cube.common.mx_6.10.0.202311202037\db\plugins\mcufinder\reactClient1\index.html
2024-01-29 17:24:21,050 [WARN] PackLoader:240 - Cannot read IP mode file for STMicroelectronics.X-CUBE-SMBUS.2.1.0
2024-01-29 17:24:21,061 [WARN] PackLoader:240 - Cannot read IP mode file for STMicroelectronics.X-CUBE-TOUCHGFX.4.23.0
2024-01-29 17:24:21,092 [WARN] PackLoader:240 - Cannot read IP mode file for STMicroelectronics.X-CUBE-AZRTOS-F7.1.1.0
2024-01-29 17:24:21,109 [WARN] PackLoader:240 - Cannot read IP mode file for STMicroelectronics.FP-SNS-MOTENV1.4.3.2
2024-01-29 17:24:21,116 [WARN] PackLoader:240 - Cannot read IP mode file for STMicroelectronics.FP-SNS-FLIGHT1.5.0.2
2024-01-29 17:24:21,133 [WARN] PackLoader:240 - Cannot read IP mode file for STMicroelectronics.X-CUBE-DISPLAY.3.0.0
2024-01-29 17:24:21,151 [WARN] PackLoader:240 - Cannot read IP mode file for STMicroelectronics.X-CUBE-BLE1.7.0.0
2024-01-29 17:24:21,165 [WARN] PackLoader:240 - Cannot read IP mode file for emotas.I-CUBE-CANOPEN.1.3.0
2024-01-29 17:24:21,175 [WARN] PackLoader:240 - Cannot read IP mode file for STMicroelectronics.X-CUBE-TOUCHGFX.4.22.1
2024-01-29 17:24:21,186 [WARN] PackLoader:240 - Cannot read IP mode file for STMicroelectronics.FP-SNS-SMARTAG2.1.2.0
2024-01-29 17:24:21,203 [INFO] LogOutputStream:77 - [STDOUT_REDIRECT] 1 : Invalid condition id : UX_CORESTACK_Condition cause : null
2024-01-29 17:24:21,204 [INFO] LogOutputStream:77 - [STDOUT_REDIRECT] 1 : Invalid condition id : UX_CORESTACK_Condition cause : null
2024-01-29 17:24:21,204 [INFO] LogOutputStream:77 - [STDOUT_REDIRECT] 1 : Invalid condition id : UX_CORESTACK_Condition cause : null
2024-01-29 17:24:21,205 [INFO] LogOutputStream:77 - [STDOUT_REDIRECT] 1 : Invalid condition id : UX_CORESTACK_Condition cause : null
2024-01-29 17:24:21,205 [INFO] LogOutputStream:77 - [STDOUT_REDIRECT] 1 : Invalid condition id : UX_CORESTACK_Condition cause : null
2024-01-29 17:24:21,208 [WARN] PackLoader:240 - Cannot read IP mode file for STMicroelectronics.X-CUBE-AZRTOS-WL.2.0.0
2024-01-29 17:24:21,221 [WARN] PackLoader:240 - Cannot read IP mode file for WES.I-CUBE-Cesium.1.3.0
2024-01-29 17:24:21,232 [WARN] PackLoader:240 - Cannot read IP mode file for STMicroelectronics.X-CUBE-BLE2.3.3.0
2024-01-29 17:24:21,242 [WARN] PackLoader:240 - Cannot read IP mode file for STMicroelectronics.X-CUBE-ALGOBUILD.1.3.0
2024-01-29 17:24:21,266 [WARN] PackLoader:240 - Cannot read IP mode file for STMicroelectronics.X-CUBE-AZRTOS-G0.1.1.0
2024-01-29 17:24:21,280 [WARN] PackLoader:240 - Cannot read IP mode file for STMicroelectronics.X-CUBE-NFC4.3.0.0
2024-01-29 17:24:21,299 [WARN] PackLoader:240 - Cannot read IP mode file for STMicroelectronics.X-CUBE-BLEMGR.3.0.0
2024-01-29 17:24:21,305 [WARN] PackLoader:240 - Cannot read IP mode file for STMicroelectronics.FP-ATR-SIGFOX1.3.2.0
2024-01-29 17:24:21,310 [WARN] PackLoader:240 - Cannot read IP mode file for STMicroelectronics.X-CUBE-EEPRMA1.5.1.0
2024-01-29 17:24:21,347 [WARN] PackLoader:240 - Cannot read IP mode file for SEGGER.I-CUBE-embOS.1.3.1
2024-01-29 17:24:21,383 [WARN] PackLoader:240 - Cannot read IP mode file for STMicroelectronics.X-CUBE-GNSS1.6.0.0
2024-01-29 17:24:21,410 [WARN] PackLoader:240 - Cannot read IP mode file for STMicroelectronics.X-CUBE-AZRTOS-F4.1.1.0
2024-01-29 17:24:21,424 [WARN] PackLoader:240 - Cannot read IP mode file for wolfSSL.I-CUBE-wolfSSL.5.6.4
2024-01-29 17:24:21,451 [WARN] PackLoader:240 - Cannot read IP mode file for STMicroelectronics.X-CUBE-AZRTOS-L5.2.0.0
2024-01-29 17:24:21,465 [WARN] PackLoader:240 - Cannot read IP mode file for STMicroelectronics.X-CUBE-EEPRMA1.4.2.0
2024-01-29 17:24:21,481 [WARN] PackLoader:240 - Cannot read IP mode file for ITTIA_DB.I-CUBE-ITTIADB.8.8.0
2024-01-29 17:24:21,513 [WARN] ConditionMgr:438 - getConditionDescription Invalid condition id : UX DEVICE CLASS RTOS Condition cause : null
2024-01-29 17:24:21,514 [WARN] ConditionMgr:438 - getConditionDescription Invalid condition id : UX DEVICE CLASS RTOS Condition cause : null
2024-01-29 17:24:21,516 [WARN] PackLoader:240 - Cannot read IP mode file for STMicroelectronics.X-CUBE-AZRTOS-H7.3.1.0
2024-01-29 17:24:21,517 [WARN] ConditionMgr:1039 - genDependencies : Invalid condition id : UX DEVICE CLASS RTOS Condition cause : null
2024-01-29 17:24:21,517 [WARN] ConditionMgr:1039 - genDependencies : Invalid condition id : UX DEVICE CLASS RTOS Condition cause : null
2024-01-29 17:24:21,518 [WARN] ConditionMgr:1039 - genDependencies : Invalid condition id : UX DEVICE CLASS RTOS Condition cause : null
2024-01-29 17:24:21,518 [WARN] ConditionMgr:1039 - genDependencies : Invalid condition id : UX DEVICE CLASS RTOS Condition cause : null
2024-01-29 17:24:21,518 [WARN] ConditionMgr:1039 - genDependencies : Invalid condition id : UX DEVICE CLASS RTOS Condition cause : null
2024-01-29 17:24:21,532 [WARN] PackLoader:240 - Cannot read IP mode file for STMicroelectronics.X-CUBE-NFC7.1.0.1
2024-01-29 17:24:21,549 [WARN] PackLoader:240 - Cannot read IP mode file for STMicroelectronics.X-CUBE-NFC6.3.0.0
2024-01-29 17:24:21,563 [WARN] PackLoader:240 - Cannot read IP mode file for STMicroelectronics.X-CUBE-AI.8.1.0
2024-01-29 17:24:21,588 [WARN] ConditionMgr:438 - getConditionDescription Invalid condition id : LAN8742 Phy interface Condition cause : null
2024-01-29 17:24:21,589 [WARN] PackLoader:240 - Cannot read IP mode file for STMicroelectronics.X-CUBE-AZRTOS-L4.2.0.0
2024-01-29 17:24:21,589 [WARN] ConditionMgr:1039 - genDependencies : Invalid condition id : LAN8742 Phy interface Condition cause : null
2024-01-29 17:24:21,590 [WARN] ConditionMgr:1039 - genDependencies : Invalid condition id : LAN8742 Phy interface Condition cause : null
2024-01-29 17:24:21,590 [WARN] ConditionMgr:1039 - genDependencies : Invalid condition id : LAN8742 Phy interface Condition cause : null
2024-01-29 17:24:21,605 [WARN] PackLoader:240 - Cannot read IP mode file for STMicroelectronics.X-CUBE-SFXS2LP1.4.0.0
2024-01-29 17:24:21,618 [WARN] PackLoader:240 - Cannot read IP mode file for STMicroelectronics.X-CUBE-ISPU.1.1.0
2024-01-29 17:24:21,638 [WARN] ConditionMgr:438 - getConditionDescription Invalid condition id : UX DEVICE CLASS RTOS Condition cause : null
2024-01-29 17:24:21,639 [WARN] ConditionMgr:438 - getConditionDescription Invalid condition id : UX DEVICE CLASS RTOS Condition cause : null
2024-01-29 17:24:21,640 [WARN] PackLoader:240 - Cannot read IP mode file for STMicroelectronics.X-CUBE-AZRTOS-WB.2.0.0
2024-01-29 17:24:21,640 [WARN] ConditionMgr:1039 - genDependencies : Invalid condition id : UX DEVICE CLASS RTOS Condition cause : null
2024-01-29 17:24:21,640 [WARN] ConditionMgr:1039 - genDependencies : Invalid condition id : UX DEVICE CLASS RTOS Condition cause : null
2024-01-29 17:24:21,641 [WARN] ConditionMgr:1039 - genDependencies : Invalid condition id : UX DEVICE CLASS RTOS Condition cause : null
2024-01-29 17:24:21,641 [WARN] ConditionMgr:1039 - genDependencies : Invalid condition id : UX DEVICE CLASS RTOS Condition cause : null
2024-01-29 17:24:21,641 [WARN] ConditionMgr:1039 - genDependencies : Invalid condition id : UX DEVICE CLASS RTOS Condition cause : null
2024-01-29 17:24:21,657 [WARN] PackLoader:240 - Cannot read IP mode file for STMicroelectronics.X-CUBE-SUBG2.5.0.0
2024-01-29 17:24:21,686 [WARN] PackLoader:240 - Cannot read IP mode file for STMicroelectronics.X-CUBE-AZRTOS-G4.2.0.0
2024-01-29 17:24:21,708 [WARN] PackLoader:240 - Cannot read IP mode file for Infineon.AIROC-Wi-Fi-Bluetooth-STM32.1.5.1
2024-01-29 17:24:21,723 [WARN] PackLoader:240 - Cannot read IP mode file for STMicroelectronics.FP-SNS-MOTENVWB1.1.3.0
2024-01-29 17:24:21,728 [WARN] PackLoader:240 - Cannot read IP mode file for STMicroelectronics.FP-SNS-MOTENVWB1.1.3.1
2024-01-29 17:24:21,740 [WARN] PackLoader:240 - Cannot read IP mode file for STMicroelectronics.X-CUBE-ISPU.2.0.0
2024-01-29 17:24:21,776 [WARN] PackLoader:240 - Cannot read IP mode file for STMicroelectronics.X-CUBE-MEMS1.10.0.0
2024-01-29 17:24:21,860 [WARN] PackLoader:240 - Cannot read IP mode file for STMicroelectronics.X-CUBE-FREERTOS.1.1.0
2024-01-29 17:24:21,873 [WARN] PackLoader:240 - Cannot read IP mode file for portGmbH.I-Cube-SoM-uGOAL.1.1.0
2024-01-29 17:24:21,887 [WARN] PackLoader:240 - Cannot read IP mode file for STMicroelectronics.X-CUBE-ALS.1.0.1
2024-01-29 17:24:21,891 [WARN] PackLoader:240 - Cannot read IP mode file for STMicroelectronics.FP-ATR-ASTRA1.2.0.0
2024-01-29 17:24:21,909 [WARN] PackLoader:240 - Cannot read IP mode file for STMicroelectronics.X-CUBE-TOF1.3.4.0
2024-01-29 17:24:21,942 [WARN] PackLoader:240 - Cannot read IP mode file for STMicroelectronics.X-CUBE-AZRTOS-H7.3.2.0
2024-01-29 17:24:21,946 [INFO] ThirdParty:978 - Integrity check success = true
2024-01-29 17:24:21,946 [INFO] IntegrityCheckThread:100 - exiting critical section [integrity check]
2024-01-29 17:24:21,946 [INFO] IntegrityCheckThread:103 - End integrity checks thread
2024-01-29 17:24:40,204 [ERROR] LogOutputStream:75 - [STDERR_REDIRECT] SLF4J: Failed to load class "org.slf4j.impl.StaticLoggerBinder".
2024-01-29 17:24:40,205 [ERROR] LogOutputStream:75 - [STDERR_REDIRECT] SLF4J: Defaulting to no-operation (NOP) logger implementation
2024-01-29 17:24:40,206 [ERROR] LogOutputStream:75 - [STDERR_REDIRECT] SLF4J: See http://www.slf4j.org/codes.html#StaticLoggerBinder for further details.
2024-01-29 17:29:23,213 [ERROR] LogOutputStream:75 - [STDERR_REDIRECT] 
2024-01-29 17:29:23,214 [ERROR] LogOutputStream:75 - [STDERR_REDIRECT] 
2024-01-29 17:29:28,733 [INFO] Activator:176 - 


2024-01-29 17:29:28,734 [INFO] Activator:177 - !SESSION log4j initialized
2024-01-29 17:29:32,564 [INFO] LogOutputStream:77 - [STDOUT_REDIRECT] 
2024-01-29 17:29:44,654 [INFO] ApplicationProperties:184 - Using Application install path: C:\ST\STM32CubeIDE_1.14.0\STM32CubeIDE\plugins\com.st.stm32cube.common.mx_6.10.0.202311202037
2024-01-29 17:29:44,668 [INFO] DbMcusXml:78 - Set database path to: C:\ST\STM32CubeIDE_1.14.0\STM32CubeIDE\plugins\com.st.stm32cube.common.mx_6.10.0.202311202037\\db\/mcu/
2024-01-29 17:29:44,669 [INFO] ApiDb:274 - Set plugin database path to: C:\ST\STM32CubeIDE_1.14.0\STM32CubeIDE\plugins\com.st.stm32cube.common.mx_6.10.0.202311202037\\db\/plugins/boardmanager/
2024-01-29 17:29:44,669 [WARN] ApiDb:259 - Overriding images path with different value:  => C:\ST\STM32CubeIDE_1.14.0\STM32CubeIDE\plugins\com.st.stm32cube.common.mx_6.10.0.202311202037\\db\/plugins/mcufinder/images/
2024-01-29 17:29:44,675 [INFO] ApiDb:250 - Set database path to: C:\Users\sykojo\.stmcufinder\plugins\mcufinder//mcu/
2024-01-29 17:29:44,676 [INFO] DbMcusAds:125 - Set database path to: C:\Users\sykojo\.stmcufinder\plugins\mcufinder//mcu/
2024-01-29 17:29:44,678 [INFO] CrossReferenceDbSqlite:203 - Set database path to: C:\Users\sykojo\.stmcufinder\plugins\mcufinder//mcu/cs/
2024-01-29 17:29:44,791 [INFO] RulesReader:64 - Compatibility file has been processed (297 Rules)
2024-01-29 17:29:44,868 [INFO] DbMcusXml:78 - Set database path to: C:\ST\STM32CubeIDE_1.14.0\STM32CubeIDE\plugins\com.st.stm32cube.common.mx_6.10.0.202311202037\\db\/mcu/
2024-01-29 17:29:44,869 [INFO] ApiDb:274 - Set plugin database path to: C:\ST\STM32CubeIDE_1.14.0\STM32CubeIDE\plugins\com.st.stm32cube.common.mx_6.10.0.202311202037\\db\/plugins/boardmanager/
2024-01-29 17:29:44,869 [INFO] ApiDb:261 - Set plugin images path to: C:\ST\STM32CubeIDE_1.14.0\STM32CubeIDE\plugins\com.st.stm32cube.common.mx_6.10.0.202311202037\\db\/plugins/mcufinder/images/
2024-01-29 17:29:44,869 [WARN] DbFile:41 - Overriding database path with different value: C:\Users\sykojo\.stmcufinder\plugins\mcufinder/ => C:\Users\sykojo\.stmcufinder\plugins\mcufinder
2024-01-29 17:29:44,870 [INFO] ApiDb:250 - Set database path to: C:\Users\sykojo\.stmcufinder\plugins\mcufinder//mcu/
2024-01-29 17:29:44,870 [WARN] DbFile:41 - Overriding database path with different value: C:\Users\sykojo\.stmcufinder\plugins\mcufinder/ => C:\Users\sykojo\.stmcufinder\plugins\mcufinder
2024-01-29 17:29:44,870 [INFO] DbMcusAds:125 - Set database path to: C:\Users\sykojo\.stmcufinder\plugins\mcufinder//mcu/
2024-01-29 17:29:44,870 [WARN] DbFile:41 - Overriding database path with different value: C:\Users\sykojo\.stmcufinder\plugins\mcufinder/ => C:\Users\sykojo\.stmcufinder\plugins\mcufinder
2024-01-29 17:29:44,870 [WARN] DbFile:41 - Overriding database path with different value: C:\Users\sykojo\.stmcufinder\plugins\mcufinder/ => C:\Users\sykojo\.stmcufinder\plugins\mcufinder
2024-01-29 17:29:44,870 [INFO] CrossReferenceDbSqlite:203 - Set database path to: C:\Users\sykojo\.stmcufinder\plugins\mcufinder//mcu/cs/
2024-01-29 17:29:44,989 [INFO] MainPanel:264 - HeapMemory: 268435456
2024-01-29 17:29:45,113 [INFO] DbMcusXml:78 - Set database path to: C:\ST\STM32CubeIDE_1.14.0\STM32CubeIDE\plugins\com.st.stm32cube.common.mx_6.10.0.202311202037\\db\/mcu/
2024-01-29 17:29:45,113 [INFO] ApiDb:274 - Set plugin database path to: C:\ST\STM32CubeIDE_1.14.0\STM32CubeIDE\plugins\com.st.stm32cube.common.mx_6.10.0.202311202037\\db\/plugins/boardmanager/
2024-01-29 17:29:45,113 [INFO] ApiDb:261 - Set plugin images path to: C:\ST\STM32CubeIDE_1.14.0\STM32CubeIDE\plugins\com.st.stm32cube.common.mx_6.10.0.202311202037\\db\/plugins/mcufinder/images/
2024-01-29 17:29:45,113 [WARN] DbFile:41 - Overriding database path with different value: C:\Users\sykojo\.stmcufinder\plugins\mcufinder/ => C:\Users\sykojo\.stmcufinder\plugins\mcufinder
2024-01-29 17:29:45,113 [INFO] ApiDb:250 - Set database path to: C:\Users\sykojo\.stmcufinder\plugins\mcufinder//mcu/
2024-01-29 17:29:45,113 [WARN] DbFile:41 - Overriding database path with different value: C:\Users\sykojo\.stmcufinder\plugins\mcufinder/ => C:\Users\sykojo\.stmcufinder\plugins\mcufinder
2024-01-29 17:29:45,114 [INFO] DbMcusAds:125 - Set database path to: C:\Users\sykojo\.stmcufinder\plugins\mcufinder//mcu/
2024-01-29 17:29:45,114 [WARN] DbFile:41 - Overriding database path with different value: C:\Users\sykojo\.stmcufinder\plugins\mcufinder/ => C:\Users\sykojo\.stmcufinder\plugins\mcufinder
2024-01-29 17:29:45,114 [WARN] DbFile:41 - Overriding database path with different value: C:\Users\sykojo\.stmcufinder\plugins\mcufinder/ => C:\Users\sykojo\.stmcufinder\plugins\mcufinder
2024-01-29 17:29:45,114 [INFO] CrossReferenceDbSqlite:203 - Set database path to: C:\Users\sykojo\.stmcufinder\plugins\mcufinder//mcu/cs/
2024-01-29 17:29:45,135 [INFO] ApplicationProperties:184 - Using Application install path: C:\ST\STM32CubeIDE_1.14.0\STM32CubeIDE\plugins\com.st.stm32cube.common.mx_6.10.0.202311202037
2024-01-29 17:29:45,137 [INFO] PluginManage:196 - Search for loadable plugins [exclusion list=, ]
2024-01-29 17:29:45,139 [INFO] PluginManage:310 - Check plugin analytics
2024-01-29 17:29:45,325 [INFO] AnalyticsPlugin:253 - Accepted Software Licenses: 
2024-01-29 17:29:45,326 [INFO] AnalyticsPlugin:255 - Accepted CMSIS Pack Licenses: 
2024-01-29 17:29:45,326 [INFO] AnalyticsPlugin:257 - Accepted Firmware Licenses: 
2024-01-29 17:29:45,329 [INFO] PluginManage:359 - Loaded plugin analytics (category:tool,tabindex:-1)
2024-01-29 17:29:45,329 [INFO] PluginManage:310 - Check plugin cadmodel
2024-01-29 17:29:45,336 [INFO] CADModel:105 - Init CAD model plugin
2024-01-29 17:29:45,337 [INFO] PluginManage:359 - Loaded plugin cadmodel (category:power,tabindex:5)
2024-01-29 17:29:45,337 [INFO] PluginManage:310 - Check plugin clock
2024-01-29 17:29:45,350 [INFO] PluginManage:359 - Loaded plugin clock (category:base,tabindex:2)
2024-01-29 17:29:45,350 [INFO] PluginManage:310 - Check plugin ddr
2024-01-29 17:29:45,353 [INFO] PluginManage:359 - Loaded plugin ddr (category:tool,tabindex:6)
2024-01-29 17:29:45,353 [INFO] PluginManage:310 - Check plugin filemanager
2024-01-29 17:29:45,481 [INFO] PluginManage:359 - Loaded plugin filemanager (category:base,tabindex:10)
2024-01-29 17:29:45,481 [INFO] PluginManage:310 - Check plugin ipmanager
2024-01-29 17:29:45,486 [INFO] PluginManage:359 - Loaded plugin ipmanager (category:base,tabindex:5)
2024-01-29 17:29:45,487 [INFO] PluginManage:310 - Check plugin lpbam
2024-01-29 17:29:45,493 [INFO] PluginManage:359 - Loaded plugin lpbam (category:base,tabindex:0)
2024-01-29 17:29:45,493 [INFO] PluginManage:310 - Check plugin memorymap
2024-01-29 17:29:45,503 [INFO] PluginManage:359 - Loaded plugin memorymap (category:base,tabindex:4)
2024-01-29 17:29:45,503 [INFO] PluginManage:310 - Check plugin pinoutandconfiguration
2024-01-29 17:29:45,508 [INFO] PluginManage:359 - Loaded plugin pinoutandconfiguration (category:base,tabindex:1)
2024-01-29 17:29:45,508 [INFO] PluginManage:310 - Check plugin pinoutconfig
2024-01-29 17:29:45,569 [WARN] SupportedApi:132 - Cannot load RTOS API schema: s4s-elt-must-match.1: The content of 'definitions' must match (annotation?, (simpleType | complexType)?, (unique | key | keyref)*)). A problem was found starting at: attribute.
2024-01-29 17:29:45,722 [INFO] PluginManage:359 - Loaded plugin pinoutconfig (category:base,tabindex:0)
2024-01-29 17:29:45,722 [INFO] PluginManage:310 - Check plugin power
2024-01-29 17:29:45,731 [INFO] PluginManage:359 - Loaded plugin power (category:power,tabindex:4)
2024-01-29 17:29:45,731 [INFO] PluginManage:310 - Check plugin projectmanager
2024-01-29 17:29:45,745 [INFO] PluginManage:359 - Loaded plugin projectmanager (category:projectmanager,tabindex:3)
2024-01-29 17:29:45,745 [INFO] PluginManage:310 - Check plugin thirdparty
2024-01-29 17:29:45,885 [INFO] PluginManage:359 - Loaded plugin thirdparty (category:base,tabindex:-1)
2024-01-29 17:29:45,885 [INFO] PluginManage:310 - Check plugin tools
2024-01-29 17:29:45,885 [WARN] IntegrityCheckThread:84 - waiting for thirdparty lock release [integrity check]
2024-01-29 17:29:45,888 [INFO] IntegrityCheckThread:86 - entering critical section [integrity check]
2024-01-29 17:29:45,889 [INFO] ThirdPartyUpdaterWithRetryManager:70 - Updater plugin not ready yet. [1/15]
2024-01-29 17:29:45,890 [INFO] PluginManage:359 - Loaded plugin tools (category:base,tabindex:7)
2024-01-29 17:29:45,891 [INFO] PluginManage:310 - Check plugin tutovideos
2024-01-29 17:29:46,047 [INFO] PluginManage:359 - Loaded plugin tutovideos (category:base,tabindex:-1)
2024-01-29 17:29:46,047 [INFO] PluginManage:310 - Check plugin updater
2024-01-29 17:29:46,058 [INFO] PluginManage:359 - Loaded plugin updater (category:base,tabindex:12)
2024-01-29 17:29:46,058 [INFO] PluginManage:310 - Check plugin userauth
2024-01-29 17:29:46,068 [INFO] UserAuth:114 - Init User Auth plugin
2024-01-29 17:29:46,068 [INFO] PluginManage:359 - Loaded plugin userauth (category:base,tabindex:14)
2024-01-29 17:29:46,070 [INFO] PluginManage:283 - PluginManage : Loaded plugins [17]
2024-01-29 17:29:46,258 [INFO] PinOutPanel:1499 - setPackage(No Configuration,No Configuration)
2024-01-29 17:29:46,328 [INFO] CADModel:165 - CPN selected for project level
2024-01-29 17:29:46,328 [INFO] CADModel:114 - Register for checkConnection events
2024-01-29 17:29:46,341 [INFO] IPUIPlugin:80 - create IPUIPlugin
2024-01-29 17:29:46,341 [INFO] PluginManager:220 - loadIPPluginJar : add adc
2024-01-29 17:29:46,344 [INFO] IPUIPlugin:80 - create IPUIPlugin
2024-01-29 17:29:46,344 [INFO] PluginManager:220 - loadIPPluginJar : add aes
2024-01-29 17:29:46,347 [INFO] IPUIPlugin:80 - create IPUIPlugin
2024-01-29 17:29:46,347 [INFO] PluginManager:220 - loadIPPluginJar : add can
2024-01-29 17:29:46,349 [INFO] IPUIPlugin:80 - create IPUIPlugin
2024-01-29 17:29:46,349 [INFO] PluginManager:220 - loadIPPluginJar : add comp
2024-01-29 17:29:46,352 [INFO] IPUIPlugin:80 - create IPUIPlugin
2024-01-29 17:29:46,352 [INFO] PluginManager:220 - loadIPPluginJar : add cryp
2024-01-29 17:29:46,355 [INFO] IPUIPlugin:80 - create IPUIPlugin
2024-01-29 17:29:46,355 [INFO] PluginManager:220 - loadIPPluginJar : add dfsdm
2024-01-29 17:29:46,365 [INFO] IPUIPlugin:80 - create IPUIPlugin
2024-01-29 17:29:46,365 [INFO] PluginManager:220 - loadIPPluginJar : add dma
2024-01-29 17:29:46,367 [INFO] IPUIPlugin:80 - create IPUIPlugin
2024-01-29 17:29:46,367 [INFO] PluginManager:220 - loadIPPluginJar : add dma3
2024-01-29 17:29:46,368 [INFO] IPUIPlugin:80 - create IPUIPlugin
2024-01-29 17:29:46,369 [INFO] PluginManager:220 - loadIPPluginJar : add fatfs
2024-01-29 17:29:46,372 [INFO] IPUIPlugin:80 - create IPUIPlugin
2024-01-29 17:29:46,373 [INFO] PluginManager:220 - loadIPPluginJar : add fmc
2024-01-29 17:29:46,380 [INFO] IPUIPlugin:80 - create IPUIPlugin
2024-01-29 17:29:46,380 [INFO] PluginManager:220 - loadIPPluginJar : add freertos
2024-01-29 17:29:46,382 [INFO] IPUIPlugin:80 - create IPUIPlugin
2024-01-29 17:29:46,382 [INFO] PluginManager:220 - loadIPPluginJar : add genericplugin
2024-01-29 17:29:46,384 [INFO] IPUIPlugin:80 - create IPUIPlugin
2024-01-29 17:29:46,384 [INFO] PluginManager:220 - loadIPPluginJar : add gfxmmu
2024-01-29 17:29:46,388 [INFO] IPUIPlugin:80 - create IPUIPlugin
2024-01-29 17:29:46,388 [INFO] PluginManager:220 - loadIPPluginJar : add gic
2024-01-29 17:29:46,391 [INFO] IPUIPlugin:80 - create IPUIPlugin
2024-01-29 17:29:46,391 [INFO] PluginManager:220 - loadIPPluginJar : add gpio
2024-01-29 17:29:46,393 [INFO] IPUIPlugin:80 - create IPUIPlugin
2024-01-29 17:29:46,393 [INFO] PluginManager:220 - loadIPPluginJar : add gtzc
2024-01-29 17:29:46,395 [INFO] IPUIPlugin:80 - create IPUIPlugin
2024-01-29 17:29:46,395 [INFO] PluginManager:220 - loadIPPluginJar : add hash
2024-01-29 17:29:46,397 [INFO] IPUIPlugin:80 - create IPUIPlugin
2024-01-29 17:29:46,397 [INFO] PluginManager:220 - loadIPPluginJar : add i2c
2024-01-29 17:29:46,398 [INFO] IPUIPlugin:80 - create IPUIPlugin
2024-01-29 17:29:46,399 [INFO] PluginManager:220 - loadIPPluginJar : add i2s
2024-01-29 17:29:46,400 [INFO] IPUIPlugin:80 - create IPUIPlugin
2024-01-29 17:29:46,400 [INFO] PluginManager:220 - loadIPPluginJar : add i3c
2024-01-29 17:29:46,403 [INFO] IPUIPlugin:80 - create IPUIPlugin
2024-01-29 17:29:46,403 [INFO] PluginManager:220 - loadIPPluginJar : add ipddr
2024-01-29 17:29:46,409 [INFO] IPUIPlugin:80 - create IPUIPlugin
2024-01-29 17:29:46,409 [INFO] PluginManager:220 - loadIPPluginJar : add linkedlist
2024-01-29 17:29:46,411 [INFO] IPUIPlugin:80 - create IPUIPlugin
2024-01-29 17:29:46,411 [INFO] PluginManager:220 - loadIPPluginJar : add lorawan
2024-01-29 17:29:46,413 [INFO] IPUIPlugin:80 - create IPUIPlugin
2024-01-29 17:29:46,413 [INFO] PluginManager:220 - loadIPPluginJar : add ltdc
2024-01-29 17:29:46,419 [INFO] IPUIPlugin:80 - create IPUIPlugin
2024-01-29 17:29:46,419 [INFO] PluginManager:220 - loadIPPluginJar : add mdma
2024-01-29 17:29:46,424 [INFO] IPUIPlugin:80 - create IPUIPlugin
2024-01-29 17:29:46,424 [INFO] PluginManager:220 - loadIPPluginJar : add nvic
2024-01-29 17:29:46,427 [INFO] IPUIPlugin:80 - create IPUIPlugin
2024-01-29 17:29:46,427 [INFO] PluginManager:220 - loadIPPluginJar : add opamp
2024-01-29 17:29:46,430 [INFO] IPUIPlugin:80 - create IPUIPlugin
2024-01-29 17:29:46,430 [INFO] PluginManager:220 - loadIPPluginJar : add openamp
2024-01-29 17:29:46,434 [INFO] IPUIPlugin:80 - create IPUIPlugin
2024-01-29 17:29:46,434 [INFO] PluginManager:220 - loadIPPluginJar : add pdm2pcm
2024-01-29 17:29:46,440 [INFO] IPUIPlugin:80 - create IPUIPlugin
2024-01-29 17:29:46,444 [INFO] PluginManager:220 - loadIPPluginJar : add plateformsettings
2024-01-29 17:29:46,446 [INFO] IPUIPlugin:80 - create IPUIPlugin
2024-01-29 17:29:46,446 [INFO] PluginManager:220 - loadIPPluginJar : add quadspi
2024-01-29 17:29:46,450 [INFO] IPUIPlugin:80 - create IPUIPlugin
2024-01-29 17:29:46,450 [INFO] PluginManager:220 - loadIPPluginJar : add resmgrutility
2024-01-29 17:29:46,453 [INFO] IPUIPlugin:80 - create IPUIPlugin
2024-01-29 17:29:46,454 [INFO] PluginManager:220 - loadIPPluginJar : add sai
2024-01-29 17:29:46,456 [INFO] IPUIPlugin:80 - create IPUIPlugin
2024-01-29 17:29:46,456 [INFO] PluginManager:220 - loadIPPluginJar : add spi
2024-01-29 17:29:46,462 [INFO] IPUIPlugin:80 - create IPUIPlugin
2024-01-29 17:29:46,462 [INFO] PluginManager:220 - loadIPPluginJar : add stm32_wpan
2024-01-29 17:29:46,464 [INFO] IPUIPlugin:80 - create IPUIPlugin
2024-01-29 17:29:46,464 [INFO] PluginManager:220 - loadIPPluginJar : add tim
2024-01-29 17:29:46,467 [INFO] IPUIPlugin:80 - create IPUIPlugin
2024-01-29 17:29:46,467 [INFO] PluginManager:220 - loadIPPluginJar : add touchsensing
2024-01-29 17:29:46,469 [INFO] IPUIPlugin:80 - create IPUIPlugin
2024-01-29 17:29:46,469 [INFO] PluginManager:220 - loadIPPluginJar : add tracer_emb
2024-01-29 17:29:46,470 [INFO] IPUIPlugin:80 - create IPUIPlugin
2024-01-29 17:29:46,471 [INFO] PluginManager:220 - loadIPPluginJar : add ts
2024-01-29 17:29:46,472 [INFO] IPUIPlugin:80 - create IPUIPlugin
2024-01-29 17:29:46,472 [INFO] PluginManager:220 - loadIPPluginJar : add tsc
2024-01-29 17:29:46,474 [INFO] IPUIPlugin:80 - create IPUIPlugin
2024-01-29 17:29:46,474 [INFO] PluginManager:220 - loadIPPluginJar : add ucpd
2024-01-29 17:29:46,476 [INFO] IPUIPlugin:80 - create IPUIPlugin
2024-01-29 17:29:46,476 [INFO] PluginManager:220 - loadIPPluginJar : add usart
2024-01-29 17:29:46,479 [INFO] IPUIPlugin:80 - create IPUIPlugin
2024-01-29 17:29:46,479 [INFO] PluginManager:220 - loadIPPluginJar : add usbx
2024-01-29 17:29:46,613 [INFO] CADModel:165 - CPN selected for project level
2024-01-29 17:29:46,613 [INFO] CADModel:114 - Register for checkConnection events
2024-01-29 17:29:46,613 [FATAL] Updater:308 - Updater called before beeing initialized
2024-01-29 17:29:46,613 [ERROR] CADModel:125 - Updater not yet initialized, retry later 
2024-01-29 17:29:46,730 [INFO] CADModel:165 - CPN selected for project level
2024-01-29 17:29:46,730 [INFO] CADModel:114 - Register for checkConnection events
2024-01-29 17:29:46,730 [FATAL] Updater:308 - Updater called before beeing initialized
2024-01-29 17:29:46,730 [ERROR] CADModel:125 - Updater not yet initialized, retry later 
2024-01-29 17:29:46,734 [FATAL] Updater:308 - Updater called before beeing initialized
2024-01-29 17:29:46,856 [FATAL] Updater:308 - Updater called before beeing initialized
2024-01-29 17:29:46,861 [INFO] DbMcusAds:53 - JSON generation date=Wed Nov 29 11:52:27 CET 2023 (1701255147349)
2024-01-29 17:29:46,861 [FATAL] Updater:308 - Updater called before beeing initialized
2024-01-29 17:29:46,892 [WARN] DetailPanel:346 - Failed to get advertising image, set to default
2024-01-29 17:29:46,980 [FATAL] Updater:308 - Updater called before beeing initialized
2024-01-29 17:29:46,981 [FATAL] Updater:308 - Updater called before beeing initialized
2024-01-29 17:29:46,981 [FATAL] Updater:308 - Updater called before beeing initialized
2024-01-29 17:29:46,982 [WARN] DetailPanel:346 - Failed to get advertising image, set to default
2024-01-29 17:29:46,982 [FATAL] Updater:308 - Updater called before beeing initialized
2024-01-29 17:29:47,025 [ERROR] Updater:1120 - MainUpdater not yet initialized. External WinMGr cannot be set.
2024-01-29 17:29:47,028 [INFO] Updater:1056 - Updater Version found : 6.10.0
2024-01-29 17:29:47,053 [INFO] ApplicationProperties:184 - Using Application install path: C:\ST\STM32CubeIDE_1.14.0\STM32CubeIDE\plugins\com.st.stm32cube.common.mx_6.10.0.202311202037
2024-01-29 17:29:48,624 [ERROR] LogOutputStream:75 - [STDERR_REDIRECT] Jan 29, 2024 5:29:48 PM java.util.prefs.WindowsPreferences <init>
2024-01-29 17:29:48,625 [ERROR] LogOutputStream:75 - [STDERR_REDIRECT] WARNING: Could not open/create prefs root node Software\JavaSoft\Prefs at root 0xffffffff80000002. Windows RegCreateKeyEx(...) returned error code 5.
2024-01-29 17:29:48,625 [ERROR] LogOutputStream:75 - [STDERR_REDIRECT] 
2024-01-29 17:29:48,799 [INFO] MainUpdater:2873 - connection check result : 10
2024-01-29 17:29:48,800 [INFO] MainUpdater:290 - Updater Check For Update Now.
2024-01-29 17:29:48,800 [INFO] MicroXplorer:498 - Change Database Version : DB.6.0.100
2024-01-29 17:29:48,804 [INFO] McuFinderGlobals:63 - Set McuFinder mode to 2 (CubeIDE integrated)
2024-01-29 17:29:48,891 [WARN] MainUpdater:1194 - Updater busy. Cannot search thirdparties
2024-01-29 17:29:48,891 [INFO] ThirdPartyUpdaterWithRetryManager:96 - Updater plugin is busy. [1/15]
2024-01-29 17:29:48,970 [INFO] CheckServerUpdateThread:120 - End of CheckServer Thread
2024-01-29 17:29:49,001 [INFO] UserAuth:404 - Internet connection configuration mode: 1
2024-01-29 17:29:49,008 [INFO] JxBrowserEngine:152 - Initiate JxBrowser Engine with user profile folder
2024-01-29 17:29:49,408 [INFO] WebApp:161 - Instantiating new browser for Auth
2024-01-29 17:29:49,821 [INFO] WebApp:780 - Register for checkConnection events
2024-01-29 17:29:49,821 [INFO] WebApp:414 - Apply proxy settings
2024-01-29 17:29:49,821 [INFO] WebApp:499 - Chromium requires no authentication
2024-01-29 17:29:49,826 [INFO] WebApp:442 - Direct internet connection detected
2024-01-29 17:29:49,971 [INFO] WebApp:192 - Starting web application
2024-01-29 17:29:49,971 [INFO] WebApp:544 - Web application path used C:\ST\STM32CubeIDE_1.14.0\STM32CubeIDE\plugins\com.st.stm32cube.common.mx_6.10.0.202311202037\db\plugins\mcufinder\reactClient1\index.html
2024-01-29 17:29:52,004 [WARN] PackLoader:240 - Cannot read IP mode file for STMicroelectronics.X-CUBE-SMBUS.2.1.0
2024-01-29 17:29:52,010 [WARN] PackLoader:240 - Cannot read IP mode file for STMicroelectronics.X-CUBE-TOUCHGFX.4.23.0
2024-01-29 17:29:52,032 [WARN] PackLoader:240 - Cannot read IP mode file for STMicroelectronics.X-CUBE-AZRTOS-F7.1.1.0
2024-01-29 17:29:52,041 [WARN] PackLoader:240 - Cannot read IP mode file for STMicroelectronics.FP-SNS-MOTENV1.4.3.2
2024-01-29 17:29:52,047 [WARN] PackLoader:240 - Cannot read IP mode file for STMicroelectronics.FP-SNS-FLIGHT1.5.0.2
2024-01-29 17:29:52,054 [WARN] PackLoader:240 - Cannot read IP mode file for STMicroelectronics.X-CUBE-DISPLAY.3.0.0
2024-01-29 17:29:52,065 [WARN] PackLoader:240 - Cannot read IP mode file for STMicroelectronics.X-CUBE-BLE1.7.0.0
2024-01-29 17:29:52,072 [WARN] PackLoader:240 - Cannot read IP mode file for emotas.I-CUBE-CANOPEN.1.3.0
2024-01-29 17:29:52,076 [WARN] PackLoader:240 - Cannot read IP mode file for STMicroelectronics.X-CUBE-TOUCHGFX.4.22.1
2024-01-29 17:29:52,081 [WARN] PackLoader:240 - Cannot read IP mode file for STMicroelectronics.FP-SNS-SMARTAG2.1.2.0
2024-01-29 17:29:52,090 [INFO] LogOutputStream:77 - [STDOUT_REDIRECT] 1 : Invalid condition id : UX_CORESTACK_Condition cause : null
2024-01-29 17:29:52,091 [INFO] LogOutputStream:77 - [STDOUT_REDIRECT] 1 : Invalid condition id : UX_CORESTACK_Condition cause : null
2024-01-29 17:29:52,092 [INFO] LogOutputStream:77 - [STDOUT_REDIRECT] 1 : Invalid condition id : UX_CORESTACK_Condition cause : null
2024-01-29 17:29:52,093 [INFO] LogOutputStream:77 - [STDOUT_REDIRECT] 1 : Invalid condition id : UX_CORESTACK_Condition cause : null
2024-01-29 17:29:52,094 [INFO] LogOutputStream:77 - [STDOUT_REDIRECT] 1 : Invalid condition id : UX_CORESTACK_Condition cause : null
2024-01-29 17:29:52,097 [WARN] PackLoader:240 - Cannot read IP mode file for STMicroelectronics.X-CUBE-AZRTOS-WL.2.0.0
2024-01-29 17:29:52,105 [WARN] PackLoader:240 - Cannot read IP mode file for WES.I-CUBE-Cesium.1.3.0
2024-01-29 17:29:52,109 [WARN] PackLoader:240 - Cannot read IP mode file for STMicroelectronics.X-CUBE-BLE2.3.3.0
2024-01-29 17:29:52,123 [WARN] PackLoader:240 - Cannot read IP mode file for STMicroelectronics.X-CUBE-ALGOBUILD.1.3.0
2024-01-29 17:29:52,138 [WARN] PackLoader:240 - Cannot read IP mode file for STMicroelectronics.X-CUBE-AZRTOS-G0.1.1.0
2024-01-29 17:29:52,148 [WARN] PackLoader:240 - Cannot read IP mode file for STMicroelectronics.X-CUBE-NFC4.3.0.0
2024-01-29 17:29:52,156 [WARN] PackLoader:240 - Cannot read IP mode file for STMicroelectronics.X-CUBE-BLEMGR.3.0.0
2024-01-29 17:29:52,161 [WARN] PackLoader:240 - Cannot read IP mode file for STMicroelectronics.FP-ATR-SIGFOX1.3.2.0
2024-01-29 17:29:52,166 [WARN] PackLoader:240 - Cannot read IP mode file for STMicroelectronics.X-CUBE-EEPRMA1.5.1.0
2024-01-29 17:29:52,188 [WARN] PackLoader:240 - Cannot read IP mode file for SEGGER.I-CUBE-embOS.1.3.1
2024-01-29 17:29:52,221 [WARN] PackLoader:240 - Cannot read IP mode file for STMicroelectronics.X-CUBE-GNSS1.6.0.0
2024-01-29 17:29:52,232 [WARN] PackLoader:240 - Cannot read IP mode file for STMicroelectronics.X-CUBE-AZRTOS-F4.1.1.0
2024-01-29 17:29:52,238 [WARN] PackLoader:240 - Cannot read IP mode file for wolfSSL.I-CUBE-wolfSSL.5.6.4
2024-01-29 17:29:52,253 [WARN] PackLoader:240 - Cannot read IP mode file for STMicroelectronics.X-CUBE-AZRTOS-L5.2.0.0
2024-01-29 17:29:52,258 [WARN] PackLoader:240 - Cannot read IP mode file for STMicroelectronics.X-CUBE-EEPRMA1.4.2.0
2024-01-29 17:29:52,264 [WARN] PackLoader:240 - Cannot read IP mode file for ITTIA_DB.I-CUBE-ITTIADB.8.8.0
2024-01-29 17:29:52,281 [WARN] ConditionMgr:438 - getConditionDescription Invalid condition id : UX DEVICE CLASS RTOS Condition cause : null
2024-01-29 17:29:52,281 [WARN] ConditionMgr:438 - getConditionDescription Invalid condition id : UX DEVICE CLASS RTOS Condition cause : null
2024-01-29 17:29:52,285 [WARN] PackLoader:240 - Cannot read IP mode file for STMicroelectronics.X-CUBE-AZRTOS-H7.3.1.0
2024-01-29 17:29:52,287 [WARN] ConditionMgr:1039 - genDependencies : Invalid condition id : UX DEVICE CLASS RTOS Condition cause : null
2024-01-29 17:29:52,287 [WARN] ConditionMgr:1039 - genDependencies : Invalid condition id : UX DEVICE CLASS RTOS Condition cause : null
2024-01-29 17:29:52,288 [WARN] ConditionMgr:1039 - genDependencies : Invalid condition id : UX DEVICE CLASS RTOS Condition cause : null
2024-01-29 17:29:52,288 [WARN] ConditionMgr:1039 - genDependencies : Invalid condition id : UX DEVICE CLASS RTOS Condition cause : null
2024-01-29 17:29:52,288 [WARN] ConditionMgr:1039 - genDependencies : Invalid condition id : UX DEVICE CLASS RTOS Condition cause : null
2024-01-29 17:29:52,296 [WARN] PackLoader:240 - Cannot read IP mode file for STMicroelectronics.X-CUBE-NFC7.1.0.1
2024-01-29 17:29:52,304 [WARN] PackLoader:240 - Cannot read IP mode file for STMicroelectronics.X-CUBE-NFC6.3.0.0
2024-01-29 17:29:52,312 [WARN] PackLoader:240 - Cannot read IP mode file for STMicroelectronics.X-CUBE-AI.8.1.0
2024-01-29 17:29:52,329 [WARN] ConditionMgr:438 - getConditionDescription Invalid condition id : LAN8742 Phy interface Condition cause : null
2024-01-29 17:29:52,330 [WARN] PackLoader:240 - Cannot read IP mode file for STMicroelectronics.X-CUBE-AZRTOS-L4.2.0.0
2024-01-29 17:29:52,331 [WARN] ConditionMgr:1039 - genDependencies : Invalid condition id : LAN8742 Phy interface Condition cause : null
2024-01-29 17:29:52,331 [WARN] ConditionMgr:1039 - genDependencies : Invalid condition id : LAN8742 Phy interface Condition cause : null
2024-01-29 17:29:52,331 [WARN] ConditionMgr:1039 - genDependencies : Invalid condition id : LAN8742 Phy interface Condition cause : null
2024-01-29 17:29:52,349 [WARN] PackLoader:240 - Cannot read IP mode file for STMicroelectronics.X-CUBE-SFXS2LP1.4.0.0
2024-01-29 17:29:52,356 [WARN] PackLoader:240 - Cannot read IP mode file for STMicroelectronics.X-CUBE-ISPU.1.1.0
2024-01-29 17:29:52,368 [WARN] ConditionMgr:438 - getConditionDescription Invalid condition id : UX DEVICE CLASS RTOS Condition cause : null
2024-01-29 17:29:52,368 [WARN] ConditionMgr:438 - getConditionDescription Invalid condition id : UX DEVICE CLASS RTOS Condition cause : null
2024-01-29 17:29:52,370 [WARN] PackLoader:240 - Cannot read IP mode file for STMicroelectronics.X-CUBE-AZRTOS-WB.2.0.0
2024-01-29 17:29:52,371 [WARN] ConditionMgr:1039 - genDependencies : Invalid condition id : UX DEVICE CLASS RTOS Condition cause : null
2024-01-29 17:29:52,371 [WARN] ConditionMgr:1039 - genDependencies : Invalid condition id : UX DEVICE CLASS RTOS Condition cause : null
2024-01-29 17:29:52,372 [WARN] ConditionMgr:1039 - genDependencies : Invalid condition id : UX DEVICE CLASS RTOS Condition cause : null
2024-01-29 17:29:52,387 [WARN] ConditionMgr:1039 - genDependencies : Invalid condition id : UX DEVICE CLASS RTOS Condition cause : null
2024-01-29 17:29:52,387 [WARN] ConditionMgr:1039 - genDependencies : Invalid condition id : UX DEVICE CLASS RTOS Condition cause : null
2024-01-29 17:29:52,397 [WARN] PackLoader:240 - Cannot read IP mode file for STMicroelectronics.X-CUBE-SUBG2.5.0.0
2024-01-29 17:29:52,413 [WARN] PackLoader:240 - Cannot read IP mode file for STMicroelectronics.X-CUBE-AZRTOS-G4.2.0.0
2024-01-29 17:29:52,426 [WARN] PackLoader:240 - Cannot read IP mode file for Infineon.AIROC-Wi-Fi-Bluetooth-STM32.1.5.1
2024-01-29 17:29:52,434 [WARN] PackLoader:240 - Cannot read IP mode file for STMicroelectronics.FP-SNS-MOTENVWB1.1.3.0
2024-01-29 17:29:52,436 [WARN] PackLoader:240 - Cannot read IP mode file for STMicroelectronics.FP-SNS-MOTENVWB1.1.3.1
2024-01-29 17:29:52,440 [WARN] PackLoader:240 - Cannot read IP mode file for STMicroelectronics.X-CUBE-ISPU.2.0.0
2024-01-29 17:29:52,467 [WARN] PackLoader:240 - Cannot read IP mode file for STMicroelectronics.X-CUBE-MEMS1.10.0.0
2024-01-29 17:29:52,606 [WARN] PackLoader:240 - Cannot read IP mode file for STMicroelectronics.X-CUBE-FREERTOS.1.1.0
2024-01-29 17:29:52,616 [WARN] PackLoader:240 - Cannot read IP mode file for portGmbH.I-Cube-SoM-uGOAL.1.1.0
2024-01-29 17:29:52,623 [WARN] PackLoader:240 - Cannot read IP mode file for STMicroelectronics.X-CUBE-ALS.1.0.1
2024-01-29 17:29:52,628 [WARN] PackLoader:240 - Cannot read IP mode file for STMicroelectronics.FP-ATR-ASTRA1.2.0.0
2024-01-29 17:29:52,639 [WARN] PackLoader:240 - Cannot read IP mode file for STMicroelectronics.X-CUBE-TOF1.3.4.0
2024-01-29 17:29:52,662 [WARN] PackLoader:240 - Cannot read IP mode file for STMicroelectronics.X-CUBE-AZRTOS-H7.3.2.0
2024-01-29 17:29:52,666 [INFO] ThirdParty:978 - Integrity check success = true
2024-01-29 17:29:52,666 [INFO] IntegrityCheckThread:100 - exiting critical section [integrity check]
2024-01-29 17:29:52,666 [INFO] IntegrityCheckThread:103 - End integrity checks thread
2024-01-29 17:30:04,471 [ERROR] LogOutputStream:75 - [STDERR_REDIRECT] SLF4J: Failed to load class "org.slf4j.impl.StaticLoggerBinder".
2024-01-29 17:30:04,472 [ERROR] LogOutputStream:75 - [STDERR_REDIRECT] SLF4J: Defaulting to no-operation (NOP) logger implementation
2024-01-29 17:30:04,473 [ERROR] LogOutputStream:75 - [STDERR_REDIRECT] SLF4J: See http://www.slf4j.org/codes.html#StaticLoggerBinder for further details.
2024-01-29 17:43:08,435 [ERROR] LogOutputStream:75 - [STDERR_REDIRECT] 
