2023-09-25 16:34:36,653 [INFO] Activator:176 - 


2023-09-25 16:34:36,659 [INFO] Activator:177 - !SESSION log4j initialized
2023-09-25 16:34:41,608 [INFO] LogOutputStream:77 - [STDOUT_REDIRECT] 
2023-09-25 16:34:43,518 [INFO] ApplicationProperties:184 - Using Application install path: C:\ST\STM32CubeIDE_1.11.0\STM32CubeIDE\plugins\com.st.stm32cube.common.mx_6.9.2.202309101412
2023-09-25 16:34:43,536 [INFO] DbMcusXml:78 - Set database path to: C:\ST\STM32CubeIDE_1.11.0\STM32CubeIDE\plugins\com.st.stm32cube.common.mx_6.9.2.202309101412\\db\/mcu/
2023-09-25 16:34:43,536 [INFO] ApiDb:274 - Set plugin database path to: C:\ST\STM32CubeIDE_1.11.0\STM32CubeIDE\plugins\com.st.stm32cube.common.mx_6.9.2.202309101412\\db\/plugins/boardmanager/
2023-09-25 16:34:43,537 [WARN] ApiDb:259 - Overriding images path with different value:  => C:\ST\STM32CubeIDE_1.11.0\STM32CubeIDE\plugins\com.st.stm32cube.common.mx_6.9.2.202309101412\\db\/plugins/mcufinder/images/
2023-09-25 16:34:43,549 [INFO] ApiDb:250 - Set database path to: C:\Users\sykojo\.stmcufinder\plugins\mcufinder//mcu/
2023-09-25 16:34:43,550 [INFO] DbMcusAds:125 - Set database path to: C:\Users\sykojo\.stmcufinder\plugins\mcufinder//mcu/
2023-09-25 16:34:43,551 [INFO] CrossReferenceDbSqlite:203 - Set database path to: C:\Users\sykojo\.stmcufinder\plugins\mcufinder//mcu/cs/
2023-09-25 16:34:43,658 [INFO] RulesReader:64 - Compatibility file has been processed (293 Rules)
2023-09-25 16:35:03,701 [ERROR] LogOutputStream:75 - [STDERR_REDIRECT] SLF4J: Failed to load class "org.slf4j.impl.StaticLoggerBinder".
2023-09-25 16:35:03,702 [ERROR] LogOutputStream:75 - [STDERR_REDIRECT] SLF4J: Defaulting to no-operation (NOP) logger implementation
2023-09-25 16:35:03,704 [ERROR] LogOutputStream:75 - [STDERR_REDIRECT] SLF4J: See http://www.slf4j.org/codes.html#StaticLoggerBinder for further details.
2023-09-25 16:35:46,980 [INFO] DbMcusXml:78 - Set database path to: C:\ST\STM32CubeIDE_1.11.0\STM32CubeIDE\plugins\com.st.stm32cube.common.mx_6.9.2.202309101412\\db\/mcu/
2023-09-25 16:35:46,980 [INFO] ApiDb:274 - Set plugin database path to: C:\ST\STM32CubeIDE_1.11.0\STM32CubeIDE\plugins\com.st.stm32cube.common.mx_6.9.2.202309101412\\db\/plugins/boardmanager/
2023-09-25 16:35:46,981 [INFO] ApiDb:261 - Set plugin images path to: C:\ST\STM32CubeIDE_1.11.0\STM32CubeIDE\plugins\com.st.stm32cube.common.mx_6.9.2.202309101412\\db\/plugins/mcufinder/images/
2023-09-25 16:35:46,981 [WARN] DbFile:41 - Overriding database path with different value: C:\Users\sykojo\.stmcufinder\plugins\mcufinder/ => C:\Users\sykojo\.stmcufinder\plugins\mcufinder
2023-09-25 16:35:46,981 [INFO] ApiDb:250 - Set database path to: C:\Users\sykojo\.stmcufinder\plugins\mcufinder//mcu/
2023-09-25 16:35:46,982 [WARN] DbFile:41 - Overriding database path with different value: C:\Users\sykojo\.stmcufinder\plugins\mcufinder/ => C:\Users\sykojo\.stmcufinder\plugins\mcufinder
2023-09-25 16:35:46,982 [INFO] DbMcusAds:125 - Set database path to: C:\Users\sykojo\.stmcufinder\plugins\mcufinder//mcu/
2023-09-25 16:35:46,982 [WARN] DbFile:41 - Overriding database path with different value: C:\Users\sykojo\.stmcufinder\plugins\mcufinder/ => C:\Users\sykojo\.stmcufinder\plugins\mcufinder
2023-09-25 16:35:46,982 [WARN] DbFile:41 - Overriding database path with different value: C:\Users\sykojo\.stmcufinder\plugins\mcufinder/ => C:\Users\sykojo\.stmcufinder\plugins\mcufinder
2023-09-25 16:35:46,993 [INFO] CrossReferenceDbSqlite:203 - Set database path to: C:\Users\sykojo\.stmcufinder\plugins\mcufinder//mcu/cs/
2023-09-25 16:35:47,135 [INFO] MainPanel:262 - HeapMemory: 694157312
2023-09-25 16:35:47,286 [INFO] DbMcusXml:78 - Set database path to: C:\ST\STM32CubeIDE_1.11.0\STM32CubeIDE\plugins\com.st.stm32cube.common.mx_6.9.2.202309101412\\db\/mcu/
2023-09-25 16:35:47,286 [INFO] ApiDb:274 - Set plugin database path to: C:\ST\STM32CubeIDE_1.11.0\STM32CubeIDE\plugins\com.st.stm32cube.common.mx_6.9.2.202309101412\\db\/plugins/boardmanager/
2023-09-25 16:35:47,286 [INFO] ApiDb:261 - Set plugin images path to: C:\ST\STM32CubeIDE_1.11.0\STM32CubeIDE\plugins\com.st.stm32cube.common.mx_6.9.2.202309101412\\db\/plugins/mcufinder/images/
2023-09-25 16:35:47,287 [WARN] DbFile:41 - Overriding database path with different value: C:\Users\sykojo\.stmcufinder\plugins\mcufinder/ => C:\Users\sykojo\.stmcufinder\plugins\mcufinder
2023-09-25 16:35:47,287 [INFO] ApiDb:250 - Set database path to: C:\Users\sykojo\.stmcufinder\plugins\mcufinder//mcu/
2023-09-25 16:35:47,287 [WARN] DbFile:41 - Overriding database path with different value: C:\Users\sykojo\.stmcufinder\plugins\mcufinder/ => C:\Users\sykojo\.stmcufinder\plugins\mcufinder
2023-09-25 16:35:47,288 [INFO] DbMcusAds:125 - Set database path to: C:\Users\sykojo\.stmcufinder\plugins\mcufinder//mcu/
2023-09-25 16:35:47,288 [WARN] DbFile:41 - Overriding database path with different value: C:\Users\sykojo\.stmcufinder\plugins\mcufinder/ => C:\Users\sykojo\.stmcufinder\plugins\mcufinder
2023-09-25 16:35:47,288 [WARN] DbFile:41 - Overriding database path with different value: C:\Users\sykojo\.stmcufinder\plugins\mcufinder/ => C:\Users\sykojo\.stmcufinder\plugins\mcufinder
2023-09-25 16:35:47,288 [INFO] CrossReferenceDbSqlite:203 - Set database path to: C:\Users\sykojo\.stmcufinder\plugins\mcufinder//mcu/cs/
2023-09-25 16:35:47,323 [INFO] ApplicationProperties:184 - Using Application install path: C:\ST\STM32CubeIDE_1.11.0\STM32CubeIDE\plugins\com.st.stm32cube.common.mx_6.9.2.202309101412
2023-09-25 16:35:47,326 [INFO] PluginManage:196 - Search for loadable plugins [exclusion list=, ]
2023-09-25 16:35:47,328 [INFO] PluginManage:310 - Check plugin analytics
2023-09-25 16:35:47,603 [INFO] AnalyticsPlugin:253 - Accepted Software Licenses: 
2023-09-25 16:35:47,603 [INFO] AnalyticsPlugin:255 - Accepted CMSIS Pack Licenses: STMicroelectronics.X-CUBE-TOF1.3.2.0
2023-09-25 16:35:47,604 [INFO] AnalyticsPlugin:257 - Accepted Firmware Licenses: 
2023-09-25 16:35:47,609 [INFO] PluginManage:359 - Loaded plugin analytics (category:tool,tabindex:-1)
2023-09-25 16:35:47,609 [INFO] PluginManage:310 - Check plugin cadmodel
2023-09-25 16:35:47,637 [INFO] CADModel:105 - Init CAD model plugin
2023-09-25 16:35:47,637 [INFO] PluginManage:359 - Loaded plugin cadmodel (category:power,tabindex:5)
2023-09-25 16:35:47,637 [INFO] PluginManage:310 - Check plugin clock
2023-09-25 16:35:47,667 [INFO] PluginManage:359 - Loaded plugin clock (category:base,tabindex:2)
2023-09-25 16:35:47,667 [INFO] PluginManage:310 - Check plugin ddr
2023-09-25 16:35:47,671 [INFO] PluginManage:359 - Loaded plugin ddr (category:tool,tabindex:6)
2023-09-25 16:35:47,671 [INFO] PluginManage:310 - Check plugin filemanager
2023-09-25 16:35:47,877 [INFO] PluginManage:359 - Loaded plugin filemanager (category:base,tabindex:10)
2023-09-25 16:35:47,877 [INFO] PluginManage:310 - Check plugin ipmanager
2023-09-25 16:35:47,892 [INFO] PluginManage:359 - Loaded plugin ipmanager (category:base,tabindex:5)
2023-09-25 16:35:47,894 [INFO] PluginManage:310 - Check plugin lpbam
2023-09-25 16:35:47,924 [INFO] PluginManage:359 - Loaded plugin lpbam (category:base,tabindex:0)
2023-09-25 16:35:47,924 [INFO] PluginManage:310 - Check plugin memorymap
2023-09-25 16:35:47,962 [INFO] PluginManage:359 - Loaded plugin memorymap (category:base,tabindex:4)
2023-09-25 16:35:47,963 [INFO] PluginManage:310 - Check plugin pinoutandconfiguration
2023-09-25 16:35:47,991 [INFO] PluginManage:359 - Loaded plugin pinoutandconfiguration (category:base,tabindex:1)
2023-09-25 16:35:47,991 [INFO] PluginManage:310 - Check plugin pinoutconfig
2023-09-25 16:35:48,149 [WARN] SupportedApi:132 - Cannot load RTOS API schema: s4s-elt-must-match.1: The content of 'definitions' must match (annotation?, (simpleType | complexType)?, (unique | key | keyref)*)). A problem was found starting at: attribute.
2023-09-25 16:35:48,365 [INFO] PluginManage:359 - Loaded plugin pinoutconfig (category:base,tabindex:0)
2023-09-25 16:35:48,365 [INFO] PluginManage:310 - Check plugin power
2023-09-25 16:35:48,399 [INFO] PluginManage:359 - Loaded plugin power (category:power,tabindex:4)
2023-09-25 16:35:48,399 [INFO] PluginManage:310 - Check plugin projectmanager
2023-09-25 16:35:48,422 [INFO] PluginManage:359 - Loaded plugin projectmanager (category:projectmanager,tabindex:3)
2023-09-25 16:35:48,423 [INFO] PluginManage:310 - Check plugin thirdparty
2023-09-25 16:35:48,830 [INFO] PluginManage:359 - Loaded plugin thirdparty (category:base,tabindex:-1)
2023-09-25 16:35:48,830 [WARN] IntegrityCheckThread:84 - waiting for thirdparty lock release [integrity check]
2023-09-25 16:35:48,830 [INFO] PluginManage:310 - Check plugin tools
2023-09-25 16:35:48,830 [INFO] IntegrityCheckThread:86 - entering critical section [integrity check]
2023-09-25 16:35:48,831 [INFO] ThirdPartyUpdaterWithRetryManager:70 - Updater plugin not ready yet. [1/15]
2023-09-25 16:35:48,880 [INFO] PluginManage:359 - Loaded plugin tools (category:base,tabindex:7)
2023-09-25 16:35:48,881 [INFO] PluginManage:310 - Check plugin tutovideos
2023-09-25 16:35:49,174 [INFO] PluginManage:359 - Loaded plugin tutovideos (category:base,tabindex:-1)
2023-09-25 16:35:49,175 [INFO] PluginManage:310 - Check plugin updater
2023-09-25 16:35:49,189 [INFO] PluginManage:359 - Loaded plugin updater (category:base,tabindex:12)
2023-09-25 16:35:49,189 [INFO] PluginManage:310 - Check plugin userauth
2023-09-25 16:35:49,196 [INFO] UserAuth:113 - Init User Auth plugin
2023-09-25 16:35:49,196 [INFO] PluginManage:359 - Loaded plugin userauth (category:base,tabindex:14)
2023-09-25 16:35:49,197 [INFO] PluginManage:283 - PluginManage : Loaded plugins [17]
2023-09-25 16:35:49,559 [INFO] PinOutPanel:1499 - setPackage(No Configuration,No Configuration)
2023-09-25 16:35:49,726 [INFO] CADModel:165 - CPN selected for project level
2023-09-25 16:35:49,726 [INFO] CADModel:114 - Register for checkConnection events
2023-09-25 16:35:49,763 [INFO] IPUIPlugin:80 - create IPUIPlugin
2023-09-25 16:35:49,763 [INFO] PluginManager:220 - loadIPPluginJar : add adc
2023-09-25 16:35:49,818 [INFO] IPUIPlugin:80 - create IPUIPlugin
2023-09-25 16:35:49,818 [INFO] PluginManager:220 - loadIPPluginJar : add aes
2023-09-25 16:35:49,877 [INFO] IPUIPlugin:80 - create IPUIPlugin
2023-09-25 16:35:49,877 [INFO] PluginManager:220 - loadIPPluginJar : add can
2023-09-25 16:35:49,911 [INFO] IPUIPlugin:80 - create IPUIPlugin
2023-09-25 16:35:49,912 [INFO] PluginManager:220 - loadIPPluginJar : add comp
2023-09-25 16:35:49,958 [INFO] IPUIPlugin:80 - create IPUIPlugin
2023-09-25 16:35:49,958 [INFO] PluginManager:220 - loadIPPluginJar : add cryp
2023-09-25 16:35:50,002 [INFO] IPUIPlugin:80 - create IPUIPlugin
2023-09-25 16:35:50,003 [INFO] PluginManager:220 - loadIPPluginJar : add dfsdm
2023-09-25 16:35:50,022 [INFO] IPUIPlugin:80 - create IPUIPlugin
2023-09-25 16:35:50,023 [INFO] PluginManager:220 - loadIPPluginJar : add dma
2023-09-25 16:35:50,084 [INFO] IPUIPlugin:80 - create IPUIPlugin
2023-09-25 16:35:50,085 [INFO] PluginManager:220 - loadIPPluginJar : add dma3
2023-09-25 16:35:50,114 [INFO] IPUIPlugin:80 - create IPUIPlugin
2023-09-25 16:35:50,114 [INFO] PluginManager:220 - loadIPPluginJar : add fatfs
2023-09-25 16:35:50,182 [INFO] IPUIPlugin:80 - create IPUIPlugin
2023-09-25 16:35:50,182 [INFO] PluginManager:220 - loadIPPluginJar : add fmc
2023-09-25 16:35:50,203 [INFO] IPUIPlugin:80 - create IPUIPlugin
2023-09-25 16:35:50,204 [INFO] PluginManager:220 - loadIPPluginJar : add freertos
2023-09-25 16:35:50,233 [INFO] IPUIPlugin:80 - create IPUIPlugin
2023-09-25 16:35:50,233 [INFO] PluginManager:220 - loadIPPluginJar : add genericplugin
2023-09-25 16:35:50,362 [INFO] IPUIPlugin:80 - create IPUIPlugin
2023-09-25 16:35:50,362 [INFO] PluginManager:220 - loadIPPluginJar : add gfxmmu
2023-09-25 16:35:50,580 [INFO] IPUIPlugin:80 - create IPUIPlugin
2023-09-25 16:35:50,581 [INFO] PluginManager:220 - loadIPPluginJar : add gic
2023-09-25 16:35:50,634 [INFO] IPUIPlugin:80 - create IPUIPlugin
2023-09-25 16:35:50,634 [INFO] PluginManager:220 - loadIPPluginJar : add gpio
2023-09-25 16:35:50,769 [INFO] IPUIPlugin:80 - create IPUIPlugin
2023-09-25 16:35:50,769 [INFO] PluginManager:220 - loadIPPluginJar : add gtzc
2023-09-25 16:35:50,849 [INFO] IPUIPlugin:80 - create IPUIPlugin
2023-09-25 16:35:50,849 [INFO] PluginManager:220 - loadIPPluginJar : add hash
2023-09-25 16:35:50,922 [INFO] IPUIPlugin:80 - create IPUIPlugin
2023-09-25 16:35:50,923 [INFO] PluginManager:220 - loadIPPluginJar : add i2c
2023-09-25 16:35:50,979 [INFO] IPUIPlugin:80 - create IPUIPlugin
2023-09-25 16:35:50,979 [INFO] PluginManager:220 - loadIPPluginJar : add i2s
2023-09-25 16:35:51,039 [INFO] IPUIPlugin:80 - create IPUIPlugin
2023-09-25 16:35:51,040 [INFO] PluginManager:220 - loadIPPluginJar : add i3c
2023-09-25 16:35:51,232 [INFO] IPUIPlugin:80 - create IPUIPlugin
2023-09-25 16:35:51,232 [INFO] PluginManager:220 - loadIPPluginJar : add ipddr
2023-09-25 16:35:51,363 [INFO] IPUIPlugin:80 - create IPUIPlugin
2023-09-25 16:35:51,363 [INFO] PluginManager:220 - loadIPPluginJar : add linkedlist
2023-09-25 16:35:51,415 [INFO] IPUIPlugin:80 - create IPUIPlugin
2023-09-25 16:35:51,416 [INFO] PluginManager:220 - loadIPPluginJar : add lorawan
2023-09-25 16:35:51,466 [INFO] IPUIPlugin:80 - create IPUIPlugin
2023-09-25 16:35:51,467 [INFO] PluginManager:220 - loadIPPluginJar : add ltdc
2023-09-25 16:35:51,488 [INFO] IPUIPlugin:80 - create IPUIPlugin
2023-09-25 16:35:51,488 [INFO] PluginManager:220 - loadIPPluginJar : add mdma
2023-09-25 16:35:51,506 [INFO] IPUIPlugin:80 - create IPUIPlugin
2023-09-25 16:35:51,507 [INFO] PluginManager:220 - loadIPPluginJar : add nvic
2023-09-25 16:35:51,557 [INFO] IPUIPlugin:80 - create IPUIPlugin
2023-09-25 16:35:51,557 [INFO] PluginManager:220 - loadIPPluginJar : add opamp
2023-09-25 16:35:51,642 [INFO] IPUIPlugin:80 - create IPUIPlugin
2023-09-25 16:35:51,643 [INFO] PluginManager:220 - loadIPPluginJar : add openamp
2023-09-25 16:35:51,700 [INFO] IPUIPlugin:80 - create IPUIPlugin
2023-09-25 16:35:51,701 [INFO] PluginManager:220 - loadIPPluginJar : add pdm2pcm
2023-09-25 16:35:51,721 [INFO] IPUIPlugin:80 - create IPUIPlugin
2023-09-25 16:35:51,724 [INFO] PluginManager:220 - loadIPPluginJar : add plateformsettings
2023-09-25 16:35:51,754 [INFO] IPUIPlugin:80 - create IPUIPlugin
2023-09-25 16:35:51,754 [INFO] PluginManager:220 - loadIPPluginJar : add quadspi
2023-09-25 16:35:51,773 [INFO] IPUIPlugin:80 - create IPUIPlugin
2023-09-25 16:35:51,774 [INFO] PluginManager:220 - loadIPPluginJar : add resmgrutility
2023-09-25 16:35:51,832 [INFO] ThirdPartyUpdaterWithRetryManager:70 - Updater plugin not ready yet. [2/15]
2023-09-25 16:35:51,843 [INFO] IPUIPlugin:80 - create IPUIPlugin
2023-09-25 16:35:51,843 [INFO] PluginManager:220 - loadIPPluginJar : add sai
2023-09-25 16:35:51,896 [INFO] IPUIPlugin:80 - create IPUIPlugin
2023-09-25 16:35:51,896 [INFO] PluginManager:220 - loadIPPluginJar : add spi
2023-09-25 16:35:51,982 [INFO] IPUIPlugin:80 - create IPUIPlugin
2023-09-25 16:35:51,982 [INFO] PluginManager:220 - loadIPPluginJar : add stm32_wpan
2023-09-25 16:35:52,018 [INFO] IPUIPlugin:80 - create IPUIPlugin
2023-09-25 16:35:52,018 [INFO] PluginManager:220 - loadIPPluginJar : add tim
2023-09-25 16:35:52,097 [INFO] IPUIPlugin:80 - create IPUIPlugin
2023-09-25 16:35:52,098 [INFO] PluginManager:220 - loadIPPluginJar : add touchsensing
2023-09-25 16:35:52,130 [INFO] IPUIPlugin:80 - create IPUIPlugin
2023-09-25 16:35:52,130 [INFO] PluginManager:220 - loadIPPluginJar : add tracer_emb
2023-09-25 16:35:52,162 [INFO] IPUIPlugin:80 - create IPUIPlugin
2023-09-25 16:35:52,163 [INFO] PluginManager:220 - loadIPPluginJar : add ts
2023-09-25 16:35:52,192 [INFO] IPUIPlugin:80 - create IPUIPlugin
2023-09-25 16:35:52,193 [INFO] PluginManager:220 - loadIPPluginJar : add tsc
2023-09-25 16:35:52,222 [INFO] IPUIPlugin:80 - create IPUIPlugin
2023-09-25 16:35:52,224 [INFO] PluginManager:220 - loadIPPluginJar : add ucpd
2023-09-25 16:35:52,286 [INFO] IPUIPlugin:80 - create IPUIPlugin
2023-09-25 16:35:52,286 [INFO] PluginManager:220 - loadIPPluginJar : add usart
2023-09-25 16:35:52,348 [INFO] IPUIPlugin:80 - create IPUIPlugin
2023-09-25 16:35:52,348 [INFO] PluginManager:220 - loadIPPluginJar : add usbx
2023-09-25 16:35:52,508 [INFO] CADModel:165 - CPN selected for project level
2023-09-25 16:35:52,509 [INFO] CADModel:114 - Register for checkConnection events
2023-09-25 16:35:52,510 [FATAL] Updater:308 - Updater called before beeing initialized
2023-09-25 16:35:52,510 [ERROR] CADModel:125 - Updater not yet initialized, retry later 
2023-09-25 16:35:52,739 [INFO] CADModel:165 - CPN selected for project level
2023-09-25 16:35:52,740 [INFO] CADModel:114 - Register for checkConnection events
2023-09-25 16:35:52,740 [FATAL] Updater:308 - Updater called before beeing initialized
2023-09-25 16:35:52,740 [ERROR] CADModel:125 - Updater not yet initialized, retry later 
2023-09-25 16:35:52,745 [FATAL] Updater:308 - Updater called before beeing initialized
2023-09-25 16:35:52,929 [FATAL] Updater:308 - Updater called before beeing initialized
2023-09-25 16:35:52,945 [INFO] DbMcusAds:53 - JSON generation date=Tue Mar 07 09:50:55 CET 2023 (1678179055114)
2023-09-25 16:35:52,945 [FATAL] Updater:308 - Updater called before beeing initialized
2023-09-25 16:35:53,073 [WARN] DetailPanel:346 - Failed to get advertising image, set to default
2023-09-25 16:35:53,259 [FATAL] Updater:308 - Updater called before beeing initialized
2023-09-25 16:35:53,262 [FATAL] Updater:308 - Updater called before beeing initialized
2023-09-25 16:35:53,262 [FATAL] Updater:308 - Updater called before beeing initialized
2023-09-25 16:35:53,262 [WARN] DetailPanel:346 - Failed to get advertising image, set to default
2023-09-25 16:35:53,264 [FATAL] Updater:308 - Updater called before beeing initialized
2023-09-25 16:35:53,421 [ERROR] Updater:1120 - MainUpdater not yet initialized. External WinMGr cannot be set.
2023-09-25 16:35:53,437 [INFO] Updater:1056 - Updater Version found : 6.9.2
2023-09-25 16:35:53,461 [INFO] ApplicationProperties:184 - Using Application install path: C:\ST\STM32CubeIDE_1.11.0\STM32CubeIDE\plugins\com.st.stm32cube.common.mx_6.9.2.202309101412
2023-09-25 16:35:53,612 [INFO] MainUpdater:521 - Copy updater definitions from MX database
2023-09-25 16:35:53,792 [INFO] MainUpdater:2868 - connection check result : 10
2023-09-25 16:35:53,793 [INFO] MainUpdater:3562 - Updater definition file requires update
2023-09-25 16:35:53,794 [INFO] MainUpdater:285 - Updater Check For Update Now.
2023-09-25 16:35:53,795 [INFO] MicroXplorer:498 - Change Database Version : DB.6.0.92
2023-09-25 16:35:53,818 [INFO] McuFinderGlobals:63 - Set McuFinder mode to 2 (CubeIDE integrated)
2023-09-25 16:35:53,819 [INFO] UserAuth:179 - activating auth plugin
2023-09-25 16:35:53,822 [INFO] UserAuth:393 - Internet connection configuration mode: 1
2023-09-25 16:35:53,832 [INFO] ServerAccessManage:473 - Download File updaters.zip
2023-09-25 16:35:53,858 [INFO] JxBrowserEngine:151 - Initiate JxBrowser Engine with user profile folder
2023-09-25 16:35:53,960 [INFO] FileExtend:240 - Unzip File : updaters.zip
2023-09-25 16:35:53,962 [INFO] FileExtend:255 - Standard Zip Deflate
2023-09-25 16:35:54,571 [INFO] ServerAccessManage:473 - Download File PacksControlFlags.xml
2023-09-25 16:35:54,768 [INFO] ServerAccessManage:473 - Download File cubemx.pidx
2023-09-25 16:35:54,835 [WARN] MainUpdater:1189 - Updater busy. Cannot search thirdparties
2023-09-25 16:35:54,835 [INFO] ThirdPartyUpdaterWithRetryManager:96 - Updater plugin is busy. [1/15]
2023-09-25 16:35:54,998 [INFO] LoadServerUpdatesThread:373 - End of LoadServerUpdate Thread
2023-09-25 16:35:55,209 [INFO] CheckServerUpdateThread:120 - End of CheckServer Thread
2023-09-25 16:35:58,181 [WARN] PackLoader:240 - Cannot read IP mode file for STMicroelectronics.X-CUBE-SMBUS.2.1.0
2023-09-25 16:35:58,263 [WARN] PackLoader:240 - Cannot read IP mode file for STMicroelectronics.X-CUBE-AZRTOS-F7.1.1.0
2023-09-25 16:35:58,302 [WARN] PackLoader:240 - Cannot read IP mode file for STMicroelectronics.FP-SNS-MOTENV1.4.3.2
2023-09-25 16:35:58,334 [WARN] PackLoader:240 - Cannot read IP mode file for STMicroelectronics.X-CUBE-BLE1.6.2.3
2023-09-25 16:35:58,356 [WARN] PackLoader:240 - Cannot read IP mode file for STMicroelectronics.X-CUBE-BLE1.6.2.4
2023-09-25 16:35:58,376 [WARN] PackLoader:240 - Cannot read IP mode file for STMicroelectronics.FP-SNS-FLIGHT1.5.0.2
2023-09-25 16:35:58,412 [WARN] PackLoader:240 - Cannot read IP mode file for STMicroelectronics.X-CUBE-TOF1.3.1.0
2023-09-25 16:35:58,445 [WARN] PackLoader:240 - Cannot read IP mode file for STMicroelectronics.X-CUBE-DISPLAY.3.0.0
2023-09-25 16:35:58,476 [WARN] PackLoader:240 - Cannot read IP mode file for STMicroelectronics.X-CUBE-BLE1.7.0.0
2023-09-25 16:35:58,500 [WARN] PackLoader:240 - Cannot read IP mode file for STMicroelectronics.X-CUBE-TOUCHGFX.4.22.0
2023-09-25 16:35:58,609 [WARN] PackLoader:240 - Cannot read IP mode file for STMicroelectronics.X-CUBE-MEMS1.9.3.0
2023-09-25 16:35:58,849 [WARN] PackLoader:240 - Cannot read IP mode file for STMicroelectronics.X-CUBE-AI.7.2.0
2023-09-25 16:35:58,868 [WARN] PackLoader:240 - Cannot read IP mode file for STMicroelectronics.FP-SNS-SMARTAG2.1.2.0
2023-09-25 16:35:58,897 [INFO] LogOutputStream:77 - [STDOUT_REDIRECT] 1 : Invalid condition id : UX_CORESTACK_Condition cause : null
2023-09-25 16:35:58,898 [INFO] LogOutputStream:77 - [STDOUT_REDIRECT] 1 : Invalid condition id : UX_CORESTACK_Condition cause : null
2023-09-25 16:35:58,900 [INFO] LogOutputStream:77 - [STDOUT_REDIRECT] 1 : Invalid condition id : UX_CORESTACK_Condition cause : null
2023-09-25 16:35:58,903 [INFO] LogOutputStream:77 - [STDOUT_REDIRECT] 1 : Invalid condition id : UX_CORESTACK_Condition cause : null
2023-09-25 16:35:58,904 [INFO] LogOutputStream:77 - [STDOUT_REDIRECT] 1 : Invalid condition id : UX_CORESTACK_Condition cause : null
2023-09-25 16:35:58,910 [WARN] PackLoader:240 - Cannot read IP mode file for STMicroelectronics.X-CUBE-AZRTOS-WL.2.0.0
2023-09-25 16:35:58,935 [WARN] PackLoader:240 - Cannot read IP mode file for WES.I-CUBE-Cesium.1.3.0
2023-09-25 16:35:58,957 [WARN] PackLoader:240 - Cannot read IP mode file for STMicroelectronics.X-CUBE-BLE2.3.3.0
2023-09-25 16:35:58,983 [WARN] PackLoader:240 - Cannot read IP mode file for STMicroelectronics.X-CUBE-DISPLAY.2.2.0
2023-09-25 16:35:59,021 [WARN] PackLoader:240 - Cannot read IP mode file for STMicroelectronics.X-CUBE-TOF1.3.2.0
2023-09-25 16:35:59,259 [WARN] PackLoader:240 - Cannot read IP mode file for STMicroelectronics.X-CUBE-ISPU.1.0.0
2023-09-25 16:35:59,318 [WARN] PackLoader:240 - Cannot read IP mode file for STMicroelectronics.X-CUBE-AZRTOS-H7.2.1.0
2023-09-25 16:35:59,341 [WARN] PackLoader:240 - Cannot read IP mode file for STMicroelectronics.X-CUBE-TOUCHGFX.4.21.1
2023-09-25 16:35:59,359 [WARN] PackLoader:240 - Cannot read IP mode file for STMicroelectronics.X-CUBE-TOUCHGFX.4.21.3
2023-09-25 16:35:59,434 [WARN] PackLoader:240 - Cannot read IP mode file for STMicroelectronics.X-CUBE-MEMS1.9.4.0
2023-09-25 16:35:59,585 [WARN] PackLoader:240 - Cannot read IP mode file for STMicroelectronics.X-CUBE-AI.7.3.0
2023-09-25 16:35:59,604 [WARN] PackLoader:240 - Cannot read IP mode file for STMicroelectronics.X-CUBE-ALGOBUILD.1.3.0
2023-09-25 16:35:59,641 [WARN] PackLoader:240 - Cannot read IP mode file for STMicroelectronics.X-CUBE-AZRTOS-G0.1.1.0
2023-09-25 16:35:59,660 [WARN] PackLoader:240 - Cannot read IP mode file for STMicroelectronics.X-CUBE-NFC4.3.0.0
2023-09-25 16:35:59,718 [WARN] PackLoader:240 - Cannot read IP mode file for SEGGER.I-CUBE-embOS.1.2.0
2023-09-25 16:35:59,776 [WARN] PackLoader:240 - Cannot read IP mode file for STMicroelectronics.X-CUBE-BLEMGR.1.3.0
2023-09-25 16:35:59,795 [WARN] PackLoader:240 - Cannot read IP mode file for STMicroelectronics.FP-ATR-SIGFOX1.3.2.0
2023-09-25 16:35:59,818 [WARN] PackLoader:240 - Cannot read IP mode file for emotas.I-CUBE-CANOPEN.1.1.2
2023-09-25 16:35:59,837 [WARN] PackLoader:240 - Cannot read IP mode file for STMicroelectronics.X-CUBE-TOUCHGFX.4.20.0
2023-09-25 16:35:59,905 [WARN] PackLoader:240 - Cannot read IP mode file for STMicroelectronics.X-CUBE-MEMS1.9.5.0
2023-09-25 16:36:00,144 [WARN] PackLoader:240 - Cannot read IP mode file for SEGGER.I-CUBE-embOS.1.3.1
2023-09-25 16:36:00,218 [WARN] PackLoader:240 - Cannot read IP mode file for STMicroelectronics.X-CUBE-GNSS1.6.0.0
2023-09-25 16:36:00,269 [WARN] PackLoader:240 - Cannot read IP mode file for STMicroelectronics.X-CUBE-AZRTOS-F4.1.1.0
2023-09-25 16:36:00,297 [WARN] PackLoader:240 - Cannot read IP mode file for STMicroelectronics.X-CUBE-BLEMGR.1.2.0
2023-09-25 16:36:00,343 [WARN] PackLoader:240 - Cannot read IP mode file for STMicroelectronics.X-CUBE-AZRTOS-L5.2.0.0
2023-09-25 16:36:00,436 [WARN] PackLoader:240 - Cannot read IP mode file for STMicroelectronics.X-CUBE-MEMS1.9.6.0
2023-09-25 16:36:00,646 [WARN] PackLoader:240 - Cannot read IP mode file for STMicroelectronics.X-CUBE-BLEMGR.2.0.0
2023-09-25 16:36:00,668 [WARN] PackLoader:240 - Cannot read IP mode file for STMicroelectronics.X-CUBE-NFC4.2.0.5
2023-09-25 16:36:00,690 [WARN] PackLoader:240 - Cannot read IP mode file for STMicroelectronics.X-CUBE-NFC4.2.0.4
2023-09-25 16:36:00,740 [WARN] ConditionMgr:438 - getConditionDescription Invalid condition id : UX DEVICE CLASS RTOS Condition cause : null
2023-09-25 16:36:00,740 [WARN] ConditionMgr:438 - getConditionDescription Invalid condition id : UX DEVICE CLASS RTOS Condition cause : null
2023-09-25 16:36:00,746 [WARN] PackLoader:240 - Cannot read IP mode file for STMicroelectronics.X-CUBE-AZRTOS-H7.3.1.0
2023-09-25 16:36:00,748 [WARN] ConditionMgr:1039 - genDependencies : Invalid condition id : UX DEVICE CLASS RTOS Condition cause : null
2023-09-25 16:36:00,750 [WARN] ConditionMgr:1039 - genDependencies : Invalid condition id : UX DEVICE CLASS RTOS Condition cause : null
2023-09-25 16:36:00,751 [WARN] ConditionMgr:1039 - genDependencies : Invalid condition id : UX DEVICE CLASS RTOS Condition cause : null
2023-09-25 16:36:00,752 [WARN] ConditionMgr:1039 - genDependencies : Invalid condition id : UX DEVICE CLASS RTOS Condition cause : null
2023-09-25 16:36:00,752 [WARN] ConditionMgr:1039 - genDependencies : Invalid condition id : UX DEVICE CLASS RTOS Condition cause : null
2023-09-25 16:36:00,775 [WARN] PackLoader:240 - Cannot read IP mode file for wolfSSL.I-CUBE-wolfSSL.5.5.0
2023-09-25 16:36:00,796 [WARN] PackLoader:240 - Cannot read IP mode file for STMicroelectronics.X-CUBE-NFC7.1.0.1
2023-09-25 16:36:00,817 [WARN] PackLoader:240 - Cannot read IP mode file for STMicroelectronics.X-CUBE-NFC7.1.0.0
2023-09-25 16:36:00,844 [WARN] PackLoader:240 - Cannot read IP mode file for STMicroelectronics.X-CUBE-NFC6.3.0.0
2023-09-25 16:36:00,868 [WARN] PackLoader:240 - Cannot read IP mode file for STMicroelectronics.X-CUBE-EEPRMA1.4.1.0
2023-09-25 16:36:00,888 [WARN] PackLoader:240 - Cannot read IP mode file for STMicroelectronics.X-CUBE-AI.8.1.0
2023-09-25 16:36:00,937 [WARN] ConditionMgr:438 - getConditionDescription Invalid condition id : LAN8742 Phy interface Condition cause : null
2023-09-25 16:36:00,938 [WARN] PackLoader:240 - Cannot read IP mode file for STMicroelectronics.X-CUBE-AZRTOS-L4.2.0.0
2023-09-25 16:36:00,940 [WARN] ConditionMgr:1039 - genDependencies : Invalid condition id : LAN8742 Phy interface Condition cause : null
2023-09-25 16:36:00,940 [WARN] ConditionMgr:1039 - genDependencies : Invalid condition id : LAN8742 Phy interface Condition cause : null
2023-09-25 16:36:00,940 [WARN] ConditionMgr:1039 - genDependencies : Invalid condition id : LAN8742 Phy interface Condition cause : null
2023-09-25 16:36:00,966 [WARN] PackLoader:240 - Cannot read IP mode file for STMicroelectronics.X-CUBE-SFXS2LP1.4.0.0
2023-09-25 16:36:01,026 [WARN] PackLoader:240 - Cannot read IP mode file for STMicroelectronics.X-CUBE-AZRTOS-H7.3.0.0
2023-09-25 16:36:01,049 [WARN] PackLoader:240 - Cannot read IP mode file for STMicroelectronics.X-CUBE-ISPU.1.1.0
2023-09-25 16:36:01,074 [WARN] PackLoader:240 - Cannot read IP mode file for RoweBots.I-CUBE-UNISONRTOS.5.5.0-4
2023-09-25 16:36:01,096 [WARN] PackLoader:240 - Cannot read IP mode file for STMicroelectronics.X-CUBE-AI.8.0.0
2023-09-25 16:36:01,139 [WARN] ConditionMgr:438 - getConditionDescription Invalid condition id : UX DEVICE CLASS RTOS Condition cause : null
2023-09-25 16:36:01,139 [WARN] ConditionMgr:438 - getConditionDescription Invalid condition id : UX DEVICE CLASS RTOS Condition cause : null
2023-09-25 16:36:01,143 [WARN] PackLoader:240 - Cannot read IP mode file for STMicroelectronics.X-CUBE-AZRTOS-WB.2.0.0
2023-09-25 16:36:01,144 [WARN] ConditionMgr:1039 - genDependencies : Invalid condition id : UX DEVICE CLASS RTOS Condition cause : null
2023-09-25 16:36:01,144 [WARN] ConditionMgr:1039 - genDependencies : Invalid condition id : UX DEVICE CLASS RTOS Condition cause : null
2023-09-25 16:36:01,145 [WARN] ConditionMgr:1039 - genDependencies : Invalid condition id : UX DEVICE CLASS RTOS Condition cause : null
2023-09-25 16:36:01,145 [WARN] ConditionMgr:1039 - genDependencies : Invalid condition id : UX DEVICE CLASS RTOS Condition cause : null
2023-09-25 16:36:01,145 [WARN] ConditionMgr:1039 - genDependencies : Invalid condition id : UX DEVICE CLASS RTOS Condition cause : null
2023-09-25 16:36:01,166 [WARN] PackLoader:240 - Cannot read IP mode file for STMicroelectronics.X-CUBE-FREERTOS.1.0.0
2023-09-25 16:36:01,185 [WARN] PackLoader:240 - Cannot read IP mode file for STMicroelectronics.X-CUBE-FREERTOS.1.0.1
2023-09-25 16:36:01,208 [WARN] PackLoader:240 - Cannot read IP mode file for STMicroelectronics.X-CUBE-BLEMGR.1.0.0
2023-09-25 16:36:01,250 [WARN] PackLoader:240 - Cannot read IP mode file for STMicroelectronics.X-CUBE-AZRTOS-L5.1.1.0
2023-09-25 16:36:01,272 [WARN] PackLoader:240 - Cannot read IP mode file for STMicroelectronics.X-CUBE-AI.8.0.1
2023-09-25 16:36:01,304 [WARN] PackLoader:240 - Cannot read IP mode file for STMicroelectronics.X-CUBE-SUBG2.5.0.0
2023-09-25 16:36:01,346 [WARN] PackLoader:240 - Cannot read IP mode file for STMicroelectronics.X-CUBE-TOF1.3.3.1
2023-09-25 16:36:01,400 [WARN] PackLoader:240 - Cannot read IP mode file for STMicroelectronics.X-CUBE-AZRTOS-G4.2.0.0
2023-09-25 16:36:01,436 [WARN] PackLoader:240 - Cannot read IP mode file for STMicroelectronics.X-CUBE-TOF1.3.3.0
2023-09-25 16:36:01,472 [WARN] PackLoader:240 - Cannot read IP mode file for STMicroelectronics.FP-ATR-ASTRA1.1.1.1
2023-09-25 16:36:01,510 [WARN] PackLoader:240 - Cannot read IP mode file for STMicroelectronics.X-CUBE-AZRTOS-G4.1.0.0
2023-09-25 16:36:01,560 [WARN] PackLoader:240 - Cannot read IP mode file for STMicroelectronics.X-CUBE-AZRTOS-L4.1.0.0
2023-09-25 16:36:01,584 [WARN] PackLoader:240 - Cannot read IP mode file for STMicroelectronics.X-CUBE-FREERTOS.1.1.0
2023-09-25 16:36:01,615 [WARN] PackLoader:240 - Cannot read IP mode file for STMicroelectronics.X-CUBE-AZRTOS-WL.1.0.0
2023-09-25 16:36:01,639 [WARN] PackLoader:240 - Cannot read IP mode file for portGmbH.I-Cube-SoM-uGOAL.1.1.0
2023-09-25 16:36:01,660 [WARN] PackLoader:240 - Cannot read IP mode file for STMicroelectronics.X-CUBE-ALS.1.0.1
2023-09-25 16:36:01,697 [WARN] PackLoader:240 - Cannot read IP mode file for STMicroelectronics.X-CUBE-AZRTOS-WB.1.1.0
2023-09-25 16:36:01,741 [WARN] PackLoader:240 - Cannot read IP mode file for STMicroelectronics.X-CUBE-AZRTOS-L5.1.0.0
2023-09-25 16:36:01,764 [WARN] PackLoader:240 - Cannot read IP mode file for STMicroelectronics.X-CUBE-EEPRMA1.3.1.1
2023-09-25 16:36:01,785 [WARN] PackLoader:240 - Cannot read IP mode file for STMicroelectronics.FP-ATR-ASTRA1.2.0.0
2023-09-25 16:36:01,787 [INFO] ThirdParty:978 - Integrity check success = true
2023-09-25 16:36:01,787 [INFO] IntegrityCheckThread:100 - exiting critical section [integrity check]
2023-09-25 16:36:01,787 [INFO] IntegrityCheckThread:103 - End integrity checks thread
2023-09-25 16:36:02,376 [INFO] WebApp:157 - Instantiating new browser for Auth
2023-09-25 16:36:03,181 [INFO] WebApp:753 - Register for checkConnection events
2023-09-25 16:36:03,181 [INFO] WebApp:390 - Apply proxy settings
2023-09-25 16:36:03,181 [INFO] WebApp:475 - Chromium requires no authentication
2023-09-25 16:36:03,193 [INFO] WebApp:418 - Direct internet connection detected
2023-09-25 16:36:03,444 [INFO] WebApp:188 - Starting web application
2023-09-25 16:36:03,446 [INFO] WebApp:520 - Web application path used C:\ST\STM32CubeIDE_1.11.0\STM32CubeIDE\plugins\com.st.stm32cube.common.mx_6.9.2.202309101412\db\plugins\mcufinder\reactClient1\index.html
2023-09-25 16:37:39,728 [ERROR] LogOutputStream:75 - [STDERR_REDIRECT] 
2023-09-25 19:03:26,390 [INFO] Activator:176 - 


2023-09-25 19:03:26,394 [INFO] Activator:177 - !SESSION log4j initialized
2023-09-25 19:03:35,131 [INFO] LogOutputStream:77 - [STDOUT_REDIRECT] 
2023-09-25 19:03:38,570 [INFO] ApplicationProperties:184 - Using Application install path: C:\ST\STM32CubeIDE_1.11.0\STM32CubeIDE\plugins\com.st.stm32cube.common.mx_6.9.2.202309101412
2023-09-25 19:03:38,601 [INFO] DbMcusXml:78 - Set database path to: C:\ST\STM32CubeIDE_1.11.0\STM32CubeIDE\plugins\com.st.stm32cube.common.mx_6.9.2.202309101412\\db\/mcu/
2023-09-25 19:03:38,603 [INFO] ApiDb:274 - Set plugin database path to: C:\ST\STM32CubeIDE_1.11.0\STM32CubeIDE\plugins\com.st.stm32cube.common.mx_6.9.2.202309101412\\db\/plugins/boardmanager/
2023-09-25 19:03:38,603 [WARN] ApiDb:259 - Overriding images path with different value:  => C:\ST\STM32CubeIDE_1.11.0\STM32CubeIDE\plugins\com.st.stm32cube.common.mx_6.9.2.202309101412\\db\/plugins/mcufinder/images/
2023-09-25 19:03:38,622 [INFO] ApiDb:250 - Set database path to: C:\Users\sykojo\.stmcufinder\plugins\mcufinder//mcu/
2023-09-25 19:03:38,624 [INFO] DbMcusAds:125 - Set database path to: C:\Users\sykojo\.stmcufinder\plugins\mcufinder//mcu/
2023-09-25 19:03:38,627 [INFO] CrossReferenceDbSqlite:203 - Set database path to: C:\Users\sykojo\.stmcufinder\plugins\mcufinder//mcu/cs/
2023-09-25 19:03:38,809 [INFO] RulesReader:64 - Compatibility file has been processed (293 Rules)
2023-09-25 19:03:58,016 [ERROR] LogOutputStream:75 - [STDERR_REDIRECT] SLF4J: Failed to load class "org.slf4j.impl.StaticLoggerBinder".
2023-09-25 19:03:58,017 [ERROR] LogOutputStream:75 - [STDERR_REDIRECT] SLF4J: Defaulting to no-operation (NOP) logger implementation
2023-09-25 19:03:58,019 [ERROR] LogOutputStream:75 - [STDERR_REDIRECT] SLF4J: See http://www.slf4j.org/codes.html#StaticLoggerBinder for further details.
2023-09-25 19:04:00,047 [INFO] DbMcusXml:78 - Set database path to: C:\ST\STM32CubeIDE_1.11.0\STM32CubeIDE\plugins\com.st.stm32cube.common.mx_6.9.2.202309101412\\db\/mcu/
2023-09-25 19:04:00,047 [INFO] ApiDb:274 - Set plugin database path to: C:\ST\STM32CubeIDE_1.11.0\STM32CubeIDE\plugins\com.st.stm32cube.common.mx_6.9.2.202309101412\\db\/plugins/boardmanager/
2023-09-25 19:04:00,048 [INFO] ApiDb:261 - Set plugin images path to: C:\ST\STM32CubeIDE_1.11.0\STM32CubeIDE\plugins\com.st.stm32cube.common.mx_6.9.2.202309101412\\db\/plugins/mcufinder/images/
2023-09-25 19:04:00,048 [WARN] DbFile:41 - Overriding database path with different value: C:\Users\sykojo\.stmcufinder\plugins\mcufinder/ => C:\Users\sykojo\.stmcufinder\plugins\mcufinder
2023-09-25 19:04:00,048 [INFO] ApiDb:250 - Set database path to: C:\Users\sykojo\.stmcufinder\plugins\mcufinder//mcu/
2023-09-25 19:04:00,049 [WARN] DbFile:41 - Overriding database path with different value: C:\Users\sykojo\.stmcufinder\plugins\mcufinder/ => C:\Users\sykojo\.stmcufinder\plugins\mcufinder
2023-09-25 19:04:00,049 [INFO] DbMcusAds:125 - Set database path to: C:\Users\sykojo\.stmcufinder\plugins\mcufinder//mcu/
2023-09-25 19:04:00,049 [WARN] DbFile:41 - Overriding database path with different value: C:\Users\sykojo\.stmcufinder\plugins\mcufinder/ => C:\Users\sykojo\.stmcufinder\plugins\mcufinder
2023-09-25 19:04:00,049 [WARN] DbFile:41 - Overriding database path with different value: C:\Users\sykojo\.stmcufinder\plugins\mcufinder/ => C:\Users\sykojo\.stmcufinder\plugins\mcufinder
2023-09-25 19:04:00,052 [INFO] CrossReferenceDbSqlite:203 - Set database path to: C:\Users\sykojo\.stmcufinder\plugins\mcufinder//mcu/cs/
2023-09-25 19:04:00,220 [INFO] MainPanel:262 - HeapMemory: 268435456
2023-09-25 19:04:00,389 [INFO] DbMcusXml:78 - Set database path to: C:\ST\STM32CubeIDE_1.11.0\STM32CubeIDE\plugins\com.st.stm32cube.common.mx_6.9.2.202309101412\\db\/mcu/
2023-09-25 19:04:00,389 [INFO] ApiDb:274 - Set plugin database path to: C:\ST\STM32CubeIDE_1.11.0\STM32CubeIDE\plugins\com.st.stm32cube.common.mx_6.9.2.202309101412\\db\/plugins/boardmanager/
2023-09-25 19:04:00,389 [INFO] ApiDb:261 - Set plugin images path to: C:\ST\STM32CubeIDE_1.11.0\STM32CubeIDE\plugins\com.st.stm32cube.common.mx_6.9.2.202309101412\\db\/plugins/mcufinder/images/
2023-09-25 19:04:00,390 [WARN] DbFile:41 - Overriding database path with different value: C:\Users\sykojo\.stmcufinder\plugins\mcufinder/ => C:\Users\sykojo\.stmcufinder\plugins\mcufinder
2023-09-25 19:04:00,390 [INFO] ApiDb:250 - Set database path to: C:\Users\sykojo\.stmcufinder\plugins\mcufinder//mcu/
2023-09-25 19:04:00,390 [WARN] DbFile:41 - Overriding database path with different value: C:\Users\sykojo\.stmcufinder\plugins\mcufinder/ => C:\Users\sykojo\.stmcufinder\plugins\mcufinder
2023-09-25 19:04:00,392 [INFO] DbMcusAds:125 - Set database path to: C:\Users\sykojo\.stmcufinder\plugins\mcufinder//mcu/
2023-09-25 19:04:00,392 [WARN] DbFile:41 - Overriding database path with different value: C:\Users\sykojo\.stmcufinder\plugins\mcufinder/ => C:\Users\sykojo\.stmcufinder\plugins\mcufinder
2023-09-25 19:04:00,392 [WARN] DbFile:41 - Overriding database path with different value: C:\Users\sykojo\.stmcufinder\plugins\mcufinder/ => C:\Users\sykojo\.stmcufinder\plugins\mcufinder
2023-09-25 19:04:00,392 [INFO] CrossReferenceDbSqlite:203 - Set database path to: C:\Users\sykojo\.stmcufinder\plugins\mcufinder//mcu/cs/
2023-09-25 19:04:00,428 [INFO] ApplicationProperties:184 - Using Application install path: C:\ST\STM32CubeIDE_1.11.0\STM32CubeIDE\plugins\com.st.stm32cube.common.mx_6.9.2.202309101412
2023-09-25 19:04:00,431 [INFO] PluginManage:196 - Search for loadable plugins [exclusion list=, ]
2023-09-25 19:04:00,435 [INFO] PluginManage:310 - Check plugin analytics
2023-09-25 19:04:00,735 [INFO] AnalyticsPlugin:253 - Accepted Software Licenses: 
2023-09-25 19:04:00,735 [INFO] AnalyticsPlugin:255 - Accepted CMSIS Pack Licenses: STMicroelectronics.X-CUBE-TOF1.3.2.0
2023-09-25 19:04:00,736 [INFO] AnalyticsPlugin:257 - Accepted Firmware Licenses: 
2023-09-25 19:04:00,741 [INFO] PluginManage:359 - Loaded plugin analytics (category:tool,tabindex:-1)
2023-09-25 19:04:00,741 [INFO] PluginManage:310 - Check plugin cadmodel
2023-09-25 19:04:00,765 [INFO] CADModel:105 - Init CAD model plugin
2023-09-25 19:04:00,765 [INFO] PluginManage:359 - Loaded plugin cadmodel (category:power,tabindex:5)
2023-09-25 19:04:00,765 [INFO] PluginManage:310 - Check plugin clock
2023-09-25 19:04:00,796 [INFO] PluginManage:359 - Loaded plugin clock (category:base,tabindex:2)
2023-09-25 19:04:00,797 [INFO] PluginManage:310 - Check plugin ddr
2023-09-25 19:04:00,801 [INFO] PluginManage:359 - Loaded plugin ddr (category:tool,tabindex:6)
2023-09-25 19:04:00,801 [INFO] PluginManage:310 - Check plugin filemanager
2023-09-25 19:04:01,045 [INFO] PluginManage:359 - Loaded plugin filemanager (category:base,tabindex:10)
2023-09-25 19:04:01,046 [INFO] PluginManage:310 - Check plugin ipmanager
2023-09-25 19:04:01,062 [INFO] PluginManage:359 - Loaded plugin ipmanager (category:base,tabindex:5)
2023-09-25 19:04:01,063 [INFO] PluginManage:310 - Check plugin lpbam
2023-09-25 19:04:01,093 [INFO] PluginManage:359 - Loaded plugin lpbam (category:base,tabindex:0)
2023-09-25 19:04:01,093 [INFO] PluginManage:310 - Check plugin memorymap
2023-09-25 19:04:01,138 [INFO] PluginManage:359 - Loaded plugin memorymap (category:base,tabindex:4)
2023-09-25 19:04:01,139 [INFO] PluginManage:310 - Check plugin pinoutandconfiguration
2023-09-25 19:04:01,175 [INFO] PluginManage:359 - Loaded plugin pinoutandconfiguration (category:base,tabindex:1)
2023-09-25 19:04:01,175 [INFO] PluginManage:310 - Check plugin pinoutconfig
2023-09-25 19:04:01,376 [WARN] SupportedApi:132 - Cannot load RTOS API schema: s4s-elt-must-match.1: The content of 'definitions' must match (annotation?, (simpleType | complexType)?, (unique | key | keyref)*)). A problem was found starting at: attribute.
2023-09-25 19:04:01,695 [INFO] PluginManage:359 - Loaded plugin pinoutconfig (category:base,tabindex:0)
2023-09-25 19:04:01,695 [INFO] PluginManage:310 - Check plugin power
2023-09-25 19:04:01,732 [INFO] PluginManage:359 - Loaded plugin power (category:power,tabindex:4)
2023-09-25 19:04:01,732 [INFO] PluginManage:310 - Check plugin projectmanager
2023-09-25 19:04:01,758 [INFO] PluginManage:359 - Loaded plugin projectmanager (category:projectmanager,tabindex:3)
2023-09-25 19:04:01,760 [INFO] PluginManage:310 - Check plugin thirdparty
2023-09-25 19:04:02,260 [INFO] PluginManage:359 - Loaded plugin thirdparty (category:base,tabindex:-1)
2023-09-25 19:04:02,260 [WARN] IntegrityCheckThread:84 - waiting for thirdparty lock release [integrity check]
2023-09-25 19:04:02,260 [INFO] PluginManage:310 - Check plugin tools
2023-09-25 19:04:02,261 [INFO] IntegrityCheckThread:86 - entering critical section [integrity check]
2023-09-25 19:04:02,261 [INFO] ThirdPartyUpdaterWithRetryManager:70 - Updater plugin not ready yet. [1/15]
2023-09-25 19:04:02,332 [INFO] PluginManage:359 - Loaded plugin tools (category:base,tabindex:7)
2023-09-25 19:04:02,332 [INFO] PluginManage:310 - Check plugin tutovideos
2023-09-25 19:04:02,747 [INFO] PluginManage:359 - Loaded plugin tutovideos (category:base,tabindex:-1)
2023-09-25 19:04:02,748 [INFO] PluginManage:310 - Check plugin updater
2023-09-25 19:04:02,775 [INFO] PluginManage:359 - Loaded plugin updater (category:base,tabindex:12)
2023-09-25 19:04:02,775 [INFO] PluginManage:310 - Check plugin userauth
2023-09-25 19:04:02,786 [INFO] UserAuth:113 - Init User Auth plugin
2023-09-25 19:04:02,786 [INFO] PluginManage:359 - Loaded plugin userauth (category:base,tabindex:14)
2023-09-25 19:04:02,787 [INFO] PluginManage:283 - PluginManage : Loaded plugins [17]
2023-09-25 19:04:03,232 [INFO] PinOutPanel:1499 - setPackage(No Configuration,No Configuration)
2023-09-25 19:04:03,456 [INFO] CADModel:165 - CPN selected for project level
2023-09-25 19:04:03,456 [INFO] CADModel:114 - Register for checkConnection events
2023-09-25 19:04:03,508 [INFO] IPUIPlugin:80 - create IPUIPlugin
2023-09-25 19:04:03,508 [INFO] PluginManager:220 - loadIPPluginJar : add adc
2023-09-25 19:04:03,582 [INFO] IPUIPlugin:80 - create IPUIPlugin
2023-09-25 19:04:03,582 [INFO] PluginManager:220 - loadIPPluginJar : add aes
2023-09-25 19:04:03,661 [INFO] IPUIPlugin:80 - create IPUIPlugin
2023-09-25 19:04:03,661 [INFO] PluginManager:220 - loadIPPluginJar : add can
2023-09-25 19:04:03,716 [INFO] IPUIPlugin:80 - create IPUIPlugin
2023-09-25 19:04:03,716 [INFO] PluginManager:220 - loadIPPluginJar : add comp
2023-09-25 19:04:03,780 [INFO] IPUIPlugin:80 - create IPUIPlugin
2023-09-25 19:04:03,780 [INFO] PluginManager:220 - loadIPPluginJar : add cryp
2023-09-25 19:04:03,825 [INFO] IPUIPlugin:80 - create IPUIPlugin
2023-09-25 19:04:03,826 [INFO] PluginManager:220 - loadIPPluginJar : add dfsdm
2023-09-25 19:04:03,862 [INFO] IPUIPlugin:80 - create IPUIPlugin
2023-09-25 19:04:03,863 [INFO] PluginManager:220 - loadIPPluginJar : add dma
2023-09-25 19:04:03,953 [INFO] IPUIPlugin:80 - create IPUIPlugin
2023-09-25 19:04:03,953 [INFO] PluginManager:220 - loadIPPluginJar : add dma3
2023-09-25 19:04:03,992 [INFO] IPUIPlugin:80 - create IPUIPlugin
2023-09-25 19:04:03,992 [INFO] PluginManager:220 - loadIPPluginJar : add fatfs
2023-09-25 19:04:04,081 [INFO] IPUIPlugin:80 - create IPUIPlugin
2023-09-25 19:04:04,081 [INFO] PluginManager:220 - loadIPPluginJar : add fmc
2023-09-25 19:04:04,113 [INFO] IPUIPlugin:80 - create IPUIPlugin
2023-09-25 19:04:04,113 [INFO] PluginManager:220 - loadIPPluginJar : add freertos
2023-09-25 19:04:04,159 [INFO] IPUIPlugin:80 - create IPUIPlugin
2023-09-25 19:04:04,159 [INFO] PluginManager:220 - loadIPPluginJar : add genericplugin
2023-09-25 19:04:04,321 [INFO] IPUIPlugin:80 - create IPUIPlugin
2023-09-25 19:04:04,321 [INFO] PluginManager:220 - loadIPPluginJar : add gfxmmu
2023-09-25 19:04:04,556 [INFO] IPUIPlugin:80 - create IPUIPlugin
2023-09-25 19:04:04,557 [INFO] PluginManager:220 - loadIPPluginJar : add gic
2023-09-25 19:04:04,578 [INFO] IPUIPlugin:80 - create IPUIPlugin
2023-09-25 19:04:04,578 [INFO] PluginManager:220 - loadIPPluginJar : add gpio
2023-09-25 19:04:04,758 [INFO] IPUIPlugin:80 - create IPUIPlugin
2023-09-25 19:04:04,758 [INFO] PluginManager:220 - loadIPPluginJar : add gtzc
2023-09-25 19:04:04,821 [INFO] IPUIPlugin:80 - create IPUIPlugin
2023-09-25 19:04:04,822 [INFO] PluginManager:220 - loadIPPluginJar : add hash
2023-09-25 19:04:04,918 [INFO] IPUIPlugin:80 - create IPUIPlugin
2023-09-25 19:04:04,918 [INFO] PluginManager:220 - loadIPPluginJar : add i2c
2023-09-25 19:04:04,985 [INFO] IPUIPlugin:80 - create IPUIPlugin
2023-09-25 19:04:04,986 [INFO] PluginManager:220 - loadIPPluginJar : add i2s
2023-09-25 19:04:05,057 [INFO] IPUIPlugin:80 - create IPUIPlugin
2023-09-25 19:04:05,057 [INFO] PluginManager:220 - loadIPPluginJar : add i3c
2023-09-25 19:04:05,244 [INFO] IPUIPlugin:80 - create IPUIPlugin
2023-09-25 19:04:05,245 [INFO] PluginManager:220 - loadIPPluginJar : add ipddr
2023-09-25 19:04:05,266 [INFO] ThirdPartyUpdaterWithRetryManager:70 - Updater plugin not ready yet. [2/15]
2023-09-25 19:04:05,458 [INFO] IPUIPlugin:80 - create IPUIPlugin
2023-09-25 19:04:05,459 [INFO] PluginManager:220 - loadIPPluginJar : add linkedlist
2023-09-25 19:04:05,516 [INFO] IPUIPlugin:80 - create IPUIPlugin
2023-09-25 19:04:05,516 [INFO] PluginManager:220 - loadIPPluginJar : add lorawan
2023-09-25 19:04:05,576 [INFO] IPUIPlugin:80 - create IPUIPlugin
2023-09-25 19:04:05,576 [INFO] PluginManager:220 - loadIPPluginJar : add ltdc
2023-09-25 19:04:05,600 [INFO] IPUIPlugin:80 - create IPUIPlugin
2023-09-25 19:04:05,601 [INFO] PluginManager:220 - loadIPPluginJar : add mdma
2023-09-25 19:04:05,622 [INFO] IPUIPlugin:80 - create IPUIPlugin
2023-09-25 19:04:05,622 [INFO] PluginManager:220 - loadIPPluginJar : add nvic
2023-09-25 19:04:05,695 [INFO] IPUIPlugin:80 - create IPUIPlugin
2023-09-25 19:04:05,696 [INFO] PluginManager:220 - loadIPPluginJar : add opamp
2023-09-25 19:04:05,811 [INFO] IPUIPlugin:80 - create IPUIPlugin
2023-09-25 19:04:05,811 [INFO] PluginManager:220 - loadIPPluginJar : add openamp
2023-09-25 19:04:05,929 [INFO] IPUIPlugin:80 - create IPUIPlugin
2023-09-25 19:04:05,929 [INFO] PluginManager:220 - loadIPPluginJar : add pdm2pcm
2023-09-25 19:04:05,956 [INFO] IPUIPlugin:80 - create IPUIPlugin
2023-09-25 19:04:05,960 [INFO] PluginManager:220 - loadIPPluginJar : add plateformsettings
2023-09-25 19:04:05,997 [INFO] IPUIPlugin:80 - create IPUIPlugin
2023-09-25 19:04:05,997 [INFO] PluginManager:220 - loadIPPluginJar : add quadspi
2023-09-25 19:04:06,021 [INFO] IPUIPlugin:80 - create IPUIPlugin
2023-09-25 19:04:06,021 [INFO] PluginManager:220 - loadIPPluginJar : add resmgrutility
2023-09-25 19:04:06,104 [INFO] IPUIPlugin:80 - create IPUIPlugin
2023-09-25 19:04:06,104 [INFO] PluginManager:220 - loadIPPluginJar : add sai
2023-09-25 19:04:06,175 [INFO] IPUIPlugin:80 - create IPUIPlugin
2023-09-25 19:04:06,175 [INFO] PluginManager:220 - loadIPPluginJar : add spi
2023-09-25 19:04:06,303 [INFO] IPUIPlugin:80 - create IPUIPlugin
2023-09-25 19:04:06,304 [INFO] PluginManager:220 - loadIPPluginJar : add stm32_wpan
2023-09-25 19:04:06,389 [INFO] IPUIPlugin:80 - create IPUIPlugin
2023-09-25 19:04:06,389 [INFO] PluginManager:220 - loadIPPluginJar : add tim
2023-09-25 19:04:06,499 [INFO] IPUIPlugin:80 - create IPUIPlugin
2023-09-25 19:04:06,499 [INFO] PluginManager:220 - loadIPPluginJar : add touchsensing
2023-09-25 19:04:06,541 [INFO] IPUIPlugin:80 - create IPUIPlugin
2023-09-25 19:04:06,541 [INFO] PluginManager:220 - loadIPPluginJar : add tracer_emb
2023-09-25 19:04:06,584 [INFO] IPUIPlugin:80 - create IPUIPlugin
2023-09-25 19:04:06,584 [INFO] PluginManager:220 - loadIPPluginJar : add ts
2023-09-25 19:04:06,624 [INFO] IPUIPlugin:80 - create IPUIPlugin
2023-09-25 19:04:06,624 [INFO] PluginManager:220 - loadIPPluginJar : add tsc
2023-09-25 19:04:06,663 [INFO] IPUIPlugin:80 - create IPUIPlugin
2023-09-25 19:04:06,663 [INFO] PluginManager:220 - loadIPPluginJar : add ucpd
2023-09-25 19:04:06,752 [INFO] IPUIPlugin:80 - create IPUIPlugin
2023-09-25 19:04:06,752 [INFO] PluginManager:220 - loadIPPluginJar : add usart
2023-09-25 19:04:06,842 [INFO] IPUIPlugin:80 - create IPUIPlugin
2023-09-25 19:04:06,843 [INFO] PluginManager:220 - loadIPPluginJar : add usbx
2023-09-25 19:04:07,024 [INFO] CADModel:165 - CPN selected for project level
2023-09-25 19:04:07,024 [INFO] CADModel:114 - Register for checkConnection events
2023-09-25 19:04:07,025 [FATAL] Updater:308 - Updater called before beeing initialized
2023-09-25 19:04:07,025 [ERROR] CADModel:125 - Updater not yet initialized, retry later 
2023-09-25 19:04:07,331 [INFO] CADModel:165 - CPN selected for project level
2023-09-25 19:04:07,332 [INFO] CADModel:114 - Register for checkConnection events
2023-09-25 19:04:07,332 [FATAL] Updater:308 - Updater called before beeing initialized
2023-09-25 19:04:07,332 [ERROR] CADModel:125 - Updater not yet initialized, retry later 
2023-09-25 19:04:07,340 [FATAL] Updater:308 - Updater called before beeing initialized
2023-09-25 19:04:07,546 [FATAL] Updater:308 - Updater called before beeing initialized
2023-09-25 19:04:07,567 [INFO] DbMcusAds:53 - JSON generation date=Tue Mar 07 09:50:55 CET 2023 (1678179055114)
2023-09-25 19:04:07,567 [FATAL] Updater:308 - Updater called before beeing initialized
2023-09-25 19:04:07,721 [WARN] DetailPanel:346 - Failed to get advertising image, set to default
2023-09-25 19:04:07,948 [FATAL] Updater:308 - Updater called before beeing initialized
2023-09-25 19:04:07,951 [FATAL] Updater:308 - Updater called before beeing initialized
2023-09-25 19:04:07,951 [FATAL] Updater:308 - Updater called before beeing initialized
2023-09-25 19:04:07,951 [WARN] DetailPanel:346 - Failed to get advertising image, set to default
2023-09-25 19:04:07,953 [FATAL] Updater:308 - Updater called before beeing initialized
2023-09-25 19:04:08,068 [ERROR] Updater:1120 - MainUpdater not yet initialized. External WinMGr cannot be set.
2023-09-25 19:04:08,083 [INFO] Updater:1056 - Updater Version found : 6.9.2
2023-09-25 19:04:08,117 [INFO] ApplicationProperties:184 - Using Application install path: C:\ST\STM32CubeIDE_1.11.0\STM32CubeIDE\plugins\com.st.stm32cube.common.mx_6.9.2.202309101412
2023-09-25 19:04:08,268 [INFO] ThirdPartyUpdaterWithRetryManager:70 - Updater plugin not ready yet. [3/15]
2023-09-25 19:04:08,572 [INFO] MainUpdater:2868 - connection check result : 10
2023-09-25 19:04:08,573 [INFO] MainUpdater:285 - Updater Check For Update Now.
2023-09-25 19:04:08,574 [INFO] MicroXplorer:498 - Change Database Version : DB.6.0.92
2023-09-25 19:04:08,602 [INFO] McuFinderGlobals:63 - Set McuFinder mode to 2 (CubeIDE integrated)
2023-09-25 19:04:08,603 [INFO] UserAuth:179 - activating auth plugin
2023-09-25 19:04:08,608 [INFO] UserAuth:393 - Internet connection configuration mode: 1
2023-09-25 19:04:08,646 [INFO] JxBrowserEngine:151 - Initiate JxBrowser Engine with user profile folder
2023-09-25 19:04:08,860 [INFO] CheckServerUpdateThread:120 - End of CheckServer Thread
2023-09-25 19:04:11,665 [WARN] PackLoader:240 - Cannot read IP mode file for STMicroelectronics.X-CUBE-SMBUS.2.1.0
2023-09-25 19:04:11,753 [WARN] PackLoader:240 - Cannot read IP mode file for STMicroelectronics.X-CUBE-AZRTOS-F7.1.1.0
2023-09-25 19:04:11,788 [WARN] PackLoader:240 - Cannot read IP mode file for STMicroelectronics.FP-SNS-MOTENV1.4.3.2
2023-09-25 19:04:11,824 [WARN] PackLoader:240 - Cannot read IP mode file for STMicroelectronics.X-CUBE-BLE1.6.2.3
2023-09-25 19:04:11,849 [WARN] PackLoader:240 - Cannot read IP mode file for STMicroelectronics.X-CUBE-BLE1.6.2.4
2023-09-25 19:04:11,878 [WARN] PackLoader:240 - Cannot read IP mode file for STMicroelectronics.FP-SNS-FLIGHT1.5.0.2
2023-09-25 19:04:11,920 [WARN] PackLoader:240 - Cannot read IP mode file for STMicroelectronics.X-CUBE-TOF1.3.1.0
2023-09-25 19:04:11,964 [WARN] PackLoader:240 - Cannot read IP mode file for STMicroelectronics.X-CUBE-DISPLAY.3.0.0
2023-09-25 19:04:11,996 [WARN] PackLoader:240 - Cannot read IP mode file for STMicroelectronics.X-CUBE-BLE1.7.0.0
2023-09-25 19:04:12,020 [WARN] PackLoader:240 - Cannot read IP mode file for STMicroelectronics.X-CUBE-TOUCHGFX.4.22.0
2023-09-25 19:04:12,145 [WARN] PackLoader:240 - Cannot read IP mode file for STMicroelectronics.X-CUBE-MEMS1.9.3.0
2023-09-25 19:04:12,570 [WARN] PackLoader:240 - Cannot read IP mode file for STMicroelectronics.X-CUBE-AI.7.2.0
2023-09-25 19:04:12,593 [WARN] PackLoader:240 - Cannot read IP mode file for STMicroelectronics.FP-SNS-SMARTAG2.1.2.0
2023-09-25 19:04:12,630 [INFO] LogOutputStream:77 - [STDOUT_REDIRECT] 1 : Invalid condition id : UX_CORESTACK_Condition cause : null
2023-09-25 19:04:12,631 [INFO] LogOutputStream:77 - [STDOUT_REDIRECT] 1 : Invalid condition id : UX_CORESTACK_Condition cause : null
2023-09-25 19:04:12,634 [INFO] LogOutputStream:77 - [STDOUT_REDIRECT] 1 : Invalid condition id : UX_CORESTACK_Condition cause : null
2023-09-25 19:04:12,636 [INFO] LogOutputStream:77 - [STDOUT_REDIRECT] 1 : Invalid condition id : UX_CORESTACK_Condition cause : null
2023-09-25 19:04:12,638 [INFO] LogOutputStream:77 - [STDOUT_REDIRECT] 1 : Invalid condition id : UX_CORESTACK_Condition cause : null
2023-09-25 19:04:12,644 [WARN] PackLoader:240 - Cannot read IP mode file for STMicroelectronics.X-CUBE-AZRTOS-WL.2.0.0
2023-09-25 19:04:12,671 [INFO] WebApp:157 - Instantiating new browser for Auth
2023-09-25 19:04:12,673 [WARN] PackLoader:240 - Cannot read IP mode file for WES.I-CUBE-Cesium.1.3.0
2023-09-25 19:04:12,694 [WARN] PackLoader:240 - Cannot read IP mode file for STMicroelectronics.X-CUBE-BLE2.3.3.0
2023-09-25 19:04:12,732 [WARN] PackLoader:240 - Cannot read IP mode file for STMicroelectronics.X-CUBE-DISPLAY.2.2.0
2023-09-25 19:04:12,778 [WARN] PackLoader:240 - Cannot read IP mode file for STMicroelectronics.X-CUBE-TOF1.3.2.0
2023-09-25 19:04:13,106 [WARN] PackLoader:240 - Cannot read IP mode file for STMicroelectronics.X-CUBE-ISPU.1.0.0
2023-09-25 19:04:13,159 [WARN] PackLoader:240 - Cannot read IP mode file for STMicroelectronics.X-CUBE-AZRTOS-H7.2.1.0
2023-09-25 19:04:13,186 [WARN] PackLoader:240 - Cannot read IP mode file for STMicroelectronics.X-CUBE-TOUCHGFX.4.21.1
2023-09-25 19:04:13,206 [WARN] PackLoader:240 - Cannot read IP mode file for STMicroelectronics.X-CUBE-TOUCHGFX.4.21.3
2023-09-25 19:04:13,314 [WARN] PackLoader:240 - Cannot read IP mode file for STMicroelectronics.X-CUBE-MEMS1.9.4.0
2023-09-25 19:04:13,552 [WARN] PackLoader:240 - Cannot read IP mode file for STMicroelectronics.X-CUBE-AI.7.3.0
2023-09-25 19:04:13,576 [WARN] PackLoader:240 - Cannot read IP mode file for STMicroelectronics.X-CUBE-ALGOBUILD.1.3.0
2023-09-25 19:04:13,628 [WARN] PackLoader:240 - Cannot read IP mode file for STMicroelectronics.X-CUBE-AZRTOS-G0.1.1.0
2023-09-25 19:04:13,655 [WARN] PackLoader:240 - Cannot read IP mode file for STMicroelectronics.X-CUBE-NFC4.3.0.0
2023-09-25 19:04:13,738 [WARN] PackLoader:240 - Cannot read IP mode file for SEGGER.I-CUBE-embOS.1.2.0
2023-09-25 19:04:13,840 [WARN] PackLoader:240 - Cannot read IP mode file for STMicroelectronics.X-CUBE-BLEMGR.1.3.0
2023-09-25 19:04:13,860 [INFO] WebApp:753 - Register for checkConnection events
2023-09-25 19:04:13,860 [INFO] WebApp:390 - Apply proxy settings
2023-09-25 19:04:13,861 [INFO] WebApp:475 - Chromium requires no authentication
2023-09-25 19:04:13,864 [WARN] PackLoader:240 - Cannot read IP mode file for STMicroelectronics.FP-ATR-SIGFOX1.3.2.0
2023-09-25 19:04:13,876 [INFO] WebApp:418 - Direct internet connection detected
2023-09-25 19:04:13,890 [WARN] PackLoader:240 - Cannot read IP mode file for emotas.I-CUBE-CANOPEN.1.1.2
2023-09-25 19:04:13,911 [WARN] PackLoader:240 - Cannot read IP mode file for STMicroelectronics.X-CUBE-TOUCHGFX.4.20.0
2023-09-25 19:04:14,027 [WARN] PackLoader:240 - Cannot read IP mode file for STMicroelectronics.X-CUBE-MEMS1.9.5.0
2023-09-25 19:04:14,286 [WARN] PackLoader:240 - Cannot read IP mode file for SEGGER.I-CUBE-embOS.1.3.1
2023-09-25 19:04:14,294 [INFO] WebApp:188 - Starting web application
2023-09-25 19:04:14,295 [INFO] WebApp:520 - Web application path used C:\ST\STM32CubeIDE_1.11.0\STM32CubeIDE\plugins\com.st.stm32cube.common.mx_6.9.2.202309101412\db\plugins\mcufinder\reactClient1\index.html
2023-09-25 19:04:14,353 [WARN] PackLoader:240 - Cannot read IP mode file for STMicroelectronics.X-CUBE-GNSS1.6.0.0
2023-09-25 19:04:14,421 [WARN] PackLoader:240 - Cannot read IP mode file for STMicroelectronics.X-CUBE-AZRTOS-F4.1.1.0
2023-09-25 19:04:14,455 [WARN] PackLoader:240 - Cannot read IP mode file for STMicroelectronics.X-CUBE-BLEMGR.1.2.0
2023-09-25 19:04:14,517 [WARN] PackLoader:240 - Cannot read IP mode file for STMicroelectronics.X-CUBE-AZRTOS-L5.2.0.0
2023-09-25 19:04:14,656 [WARN] PackLoader:240 - Cannot read IP mode file for STMicroelectronics.X-CUBE-MEMS1.9.6.0
2023-09-25 19:04:14,966 [WARN] PackLoader:240 - Cannot read IP mode file for STMicroelectronics.X-CUBE-BLEMGR.2.0.0
2023-09-25 19:04:14,986 [WARN] PackLoader:240 - Cannot read IP mode file for STMicroelectronics.X-CUBE-NFC4.2.0.5
2023-09-25 19:04:15,007 [WARN] PackLoader:240 - Cannot read IP mode file for STMicroelectronics.X-CUBE-NFC4.2.0.4
2023-09-25 19:04:15,071 [WARN] ConditionMgr:438 - getConditionDescription Invalid condition id : UX DEVICE CLASS RTOS Condition cause : null
2023-09-25 19:04:15,071 [WARN] ConditionMgr:438 - getConditionDescription Invalid condition id : UX DEVICE CLASS RTOS Condition cause : null
2023-09-25 19:04:15,077 [WARN] PackLoader:240 - Cannot read IP mode file for STMicroelectronics.X-CUBE-AZRTOS-H7.3.1.0
2023-09-25 19:04:15,078 [WARN] ConditionMgr:1039 - genDependencies : Invalid condition id : UX DEVICE CLASS RTOS Condition cause : null
2023-09-25 19:04:15,079 [WARN] ConditionMgr:1039 - genDependencies : Invalid condition id : UX DEVICE CLASS RTOS Condition cause : null
2023-09-25 19:04:15,080 [WARN] ConditionMgr:1039 - genDependencies : Invalid condition id : UX DEVICE CLASS RTOS Condition cause : null
2023-09-25 19:04:15,081 [WARN] ConditionMgr:1039 - genDependencies : Invalid condition id : UX DEVICE CLASS RTOS Condition cause : null
2023-09-25 19:04:15,081 [WARN] ConditionMgr:1039 - genDependencies : Invalid condition id : UX DEVICE CLASS RTOS Condition cause : null
2023-09-25 19:04:15,110 [WARN] PackLoader:240 - Cannot read IP mode file for wolfSSL.I-CUBE-wolfSSL.5.5.0
2023-09-25 19:04:15,130 [WARN] PackLoader:240 - Cannot read IP mode file for STMicroelectronics.X-CUBE-NFC7.1.0.1
2023-09-25 19:04:15,149 [WARN] PackLoader:240 - Cannot read IP mode file for STMicroelectronics.X-CUBE-NFC7.1.0.0
2023-09-25 19:04:15,174 [WARN] PackLoader:240 - Cannot read IP mode file for STMicroelectronics.X-CUBE-NFC6.3.0.0
2023-09-25 19:04:15,201 [WARN] PackLoader:240 - Cannot read IP mode file for STMicroelectronics.X-CUBE-EEPRMA1.4.1.0
2023-09-25 19:04:15,221 [WARN] PackLoader:240 - Cannot read IP mode file for STMicroelectronics.X-CUBE-AI.8.1.0
2023-09-25 19:04:15,271 [WARN] ConditionMgr:438 - getConditionDescription Invalid condition id : LAN8742 Phy interface Condition cause : null
2023-09-25 19:04:15,272 [WARN] PackLoader:240 - Cannot read IP mode file for STMicroelectronics.X-CUBE-AZRTOS-L4.2.0.0
2023-09-25 19:04:15,274 [WARN] ConditionMgr:1039 - genDependencies : Invalid condition id : LAN8742 Phy interface Condition cause : null
2023-09-25 19:04:15,274 [WARN] ConditionMgr:1039 - genDependencies : Invalid condition id : LAN8742 Phy interface Condition cause : null
2023-09-25 19:04:15,275 [WARN] ConditionMgr:1039 - genDependencies : Invalid condition id : LAN8742 Phy interface Condition cause : null
2023-09-25 19:04:15,301 [WARN] PackLoader:240 - Cannot read IP mode file for STMicroelectronics.X-CUBE-SFXS2LP1.4.0.0
2023-09-25 19:04:15,353 [WARN] PackLoader:240 - Cannot read IP mode file for STMicroelectronics.X-CUBE-AZRTOS-H7.3.0.0
2023-09-25 19:04:15,379 [WARN] PackLoader:240 - Cannot read IP mode file for STMicroelectronics.X-CUBE-ISPU.1.1.0
2023-09-25 19:04:15,406 [WARN] PackLoader:240 - Cannot read IP mode file for RoweBots.I-CUBE-UNISONRTOS.5.5.0-4
2023-09-25 19:04:15,424 [WARN] PackLoader:240 - Cannot read IP mode file for STMicroelectronics.X-CUBE-AI.8.0.0
2023-09-25 19:04:15,462 [WARN] ConditionMgr:438 - getConditionDescription Invalid condition id : UX DEVICE CLASS RTOS Condition cause : null
2023-09-25 19:04:15,462 [WARN] ConditionMgr:438 - getConditionDescription Invalid condition id : UX DEVICE CLASS RTOS Condition cause : null
2023-09-25 19:04:15,464 [WARN] PackLoader:240 - Cannot read IP mode file for STMicroelectronics.X-CUBE-AZRTOS-WB.2.0.0
2023-09-25 19:04:15,465 [WARN] ConditionMgr:1039 - genDependencies : Invalid condition id : UX DEVICE CLASS RTOS Condition cause : null
2023-09-25 19:04:15,465 [WARN] ConditionMgr:1039 - genDependencies : Invalid condition id : UX DEVICE CLASS RTOS Condition cause : null
2023-09-25 19:04:15,466 [WARN] ConditionMgr:1039 - genDependencies : Invalid condition id : UX DEVICE CLASS RTOS Condition cause : null
2023-09-25 19:04:15,467 [WARN] ConditionMgr:1039 - genDependencies : Invalid condition id : UX DEVICE CLASS RTOS Condition cause : null
2023-09-25 19:04:15,467 [WARN] ConditionMgr:1039 - genDependencies : Invalid condition id : UX DEVICE CLASS RTOS Condition cause : null
2023-09-25 19:04:15,504 [WARN] PackLoader:240 - Cannot read IP mode file for STMicroelectronics.X-CUBE-FREERTOS.1.0.0
2023-09-25 19:04:15,523 [WARN] PackLoader:240 - Cannot read IP mode file for STMicroelectronics.X-CUBE-FREERTOS.1.0.1
2023-09-25 19:04:15,544 [WARN] PackLoader:240 - Cannot read IP mode file for STMicroelectronics.X-CUBE-BLEMGR.1.0.0
2023-09-25 19:04:15,589 [WARN] PackLoader:240 - Cannot read IP mode file for STMicroelectronics.X-CUBE-AZRTOS-L5.1.1.0
2023-09-25 19:04:15,609 [WARN] PackLoader:240 - Cannot read IP mode file for STMicroelectronics.X-CUBE-AI.8.0.1
2023-09-25 19:04:15,644 [WARN] PackLoader:240 - Cannot read IP mode file for STMicroelectronics.X-CUBE-SUBG2.5.0.0
2023-09-25 19:04:15,676 [WARN] PackLoader:240 - Cannot read IP mode file for STMicroelectronics.X-CUBE-TOF1.3.3.1
2023-09-25 19:04:15,731 [WARN] PackLoader:240 - Cannot read IP mode file for STMicroelectronics.X-CUBE-AZRTOS-G4.2.0.0
2023-09-25 19:04:15,764 [WARN] PackLoader:240 - Cannot read IP mode file for STMicroelectronics.X-CUBE-TOF1.3.3.0
2023-09-25 19:04:15,800 [WARN] PackLoader:240 - Cannot read IP mode file for STMicroelectronics.FP-ATR-ASTRA1.1.1.1
2023-09-25 19:04:15,854 [WARN] PackLoader:240 - Cannot read IP mode file for STMicroelectronics.X-CUBE-AZRTOS-G4.1.0.0
2023-09-25 19:04:15,906 [WARN] PackLoader:240 - Cannot read IP mode file for STMicroelectronics.X-CUBE-AZRTOS-L4.1.0.0
2023-09-25 19:04:15,931 [WARN] PackLoader:240 - Cannot read IP mode file for STMicroelectronics.X-CUBE-FREERTOS.1.1.0
2023-09-25 19:04:15,970 [WARN] PackLoader:240 - Cannot read IP mode file for STMicroelectronics.X-CUBE-AZRTOS-WL.1.0.0
2023-09-25 19:04:15,998 [WARN] PackLoader:240 - Cannot read IP mode file for portGmbH.I-Cube-SoM-uGOAL.1.1.0
2023-09-25 19:04:16,023 [WARN] PackLoader:240 - Cannot read IP mode file for STMicroelectronics.X-CUBE-ALS.1.0.1
2023-09-25 19:04:16,076 [WARN] PackLoader:240 - Cannot read IP mode file for STMicroelectronics.X-CUBE-AZRTOS-WB.1.1.0
2023-09-25 19:04:16,122 [WARN] PackLoader:240 - Cannot read IP mode file for STMicroelectronics.X-CUBE-AZRTOS-L5.1.0.0
2023-09-25 19:04:16,146 [WARN] PackLoader:240 - Cannot read IP mode file for STMicroelectronics.X-CUBE-EEPRMA1.3.1.1
2023-09-25 19:04:16,168 [WARN] PackLoader:240 - Cannot read IP mode file for STMicroelectronics.FP-ATR-ASTRA1.2.0.0
2023-09-25 19:04:16,168 [INFO] ThirdParty:978 - Integrity check success = true
2023-09-25 19:04:16,169 [INFO] IntegrityCheckThread:100 - exiting critical section [integrity check]
2023-09-25 19:04:16,169 [INFO] IntegrityCheckThread:103 - End integrity checks thread
