2023-10-07 21:25:44,128 [INFO] Activator:176 - 


2023-10-07 21:25:44,135 [INFO] Activator:177 - !SESSION log4j initialized
2023-10-07 21:25:48,945 [INFO] LogOutputStream:77 - [STDOUT_REDIRECT] 
2023-10-07 21:25:51,270 [INFO] ApplicationProperties:184 - Using Application install path: C:\ST\STM32CubeIDE_1.11.0\STM32CubeIDE\plugins\com.st.stm32cube.common.mx_6.9.2.202309101412
2023-10-07 21:25:51,287 [INFO] DbMcusXml:78 - Set database path to: C:\ST\STM32CubeIDE_1.11.0\STM32CubeIDE\plugins\com.st.stm32cube.common.mx_6.9.2.202309101412\\db\/mcu/
2023-10-07 21:25:51,287 [INFO] ApiDb:274 - Set plugin database path to: C:\ST\STM32CubeIDE_1.11.0\STM32CubeIDE\plugins\com.st.stm32cube.common.mx_6.9.2.202309101412\\db\/plugins/boardmanager/
2023-10-07 21:25:51,288 [WARN] ApiDb:259 - Overriding images path with different value:  => C:\ST\STM32CubeIDE_1.11.0\STM32CubeIDE\plugins\com.st.stm32cube.common.mx_6.9.2.202309101412\\db\/plugins/mcufinder/images/
2023-10-07 21:25:51,302 [INFO] ApiDb:250 - Set database path to: C:\Users\sykojo\.stmcufinder\plugins\mcufinder//mcu/
2023-10-07 21:25:51,303 [INFO] DbMcusAds:125 - Set database path to: C:\Users\sykojo\.stmcufinder\plugins\mcufinder//mcu/
2023-10-07 21:25:51,305 [INFO] CrossReferenceDbSqlite:203 - Set database path to: C:\Users\sykojo\.stmcufinder\plugins\mcufinder//mcu/cs/
2023-10-07 21:25:51,415 [INFO] RulesReader:64 - Compatibility file has been processed (293 Rules)
2023-10-07 21:26:10,613 [ERROR] LogOutputStream:75 - [STDERR_REDIRECT] SLF4J: Failed to load class "org.slf4j.impl.StaticLoggerBinder".
2023-10-07 21:26:10,613 [ERROR] LogOutputStream:75 - [STDERR_REDIRECT] SLF4J: Defaulting to no-operation (NOP) logger implementation
2023-10-07 21:26:10,614 [ERROR] LogOutputStream:75 - [STDERR_REDIRECT] SLF4J: See http://www.slf4j.org/codes.html#StaticLoggerBinder for further details.
2023-10-07 21:26:54,653 [INFO] DbMcusXml:78 - Set database path to: C:\ST\STM32CubeIDE_1.11.0\STM32CubeIDE\plugins\com.st.stm32cube.common.mx_6.9.2.202309101412\\db\/mcu/
2023-10-07 21:26:54,653 [INFO] ApiDb:274 - Set plugin database path to: C:\ST\STM32CubeIDE_1.11.0\STM32CubeIDE\plugins\com.st.stm32cube.common.mx_6.9.2.202309101412\\db\/plugins/boardmanager/
2023-10-07 21:26:54,654 [INFO] ApiDb:261 - Set plugin images path to: C:\ST\STM32CubeIDE_1.11.0\STM32CubeIDE\plugins\com.st.stm32cube.common.mx_6.9.2.202309101412\\db\/plugins/mcufinder/images/
2023-10-07 21:26:54,654 [WARN] DbFile:41 - Overriding database path with different value: C:\Users\sykojo\.stmcufinder\plugins\mcufinder/ => C:\Users\sykojo\.stmcufinder\plugins\mcufinder
2023-10-07 21:26:54,654 [INFO] ApiDb:250 - Set database path to: C:\Users\sykojo\.stmcufinder\plugins\mcufinder//mcu/
2023-10-07 21:26:54,654 [WARN] DbFile:41 - Overriding database path with different value: C:\Users\sykojo\.stmcufinder\plugins\mcufinder/ => C:\Users\sykojo\.stmcufinder\plugins\mcufinder
2023-10-07 21:26:54,654 [INFO] DbMcusAds:125 - Set database path to: C:\Users\sykojo\.stmcufinder\plugins\mcufinder//mcu/
2023-10-07 21:26:54,654 [WARN] DbFile:41 - Overriding database path with different value: C:\Users\sykojo\.stmcufinder\plugins\mcufinder/ => C:\Users\sykojo\.stmcufinder\plugins\mcufinder
2023-10-07 21:26:54,654 [WARN] DbFile:41 - Overriding database path with different value: C:\Users\sykojo\.stmcufinder\plugins\mcufinder/ => C:\Users\sykojo\.stmcufinder\plugins\mcufinder
2023-10-07 21:26:54,658 [INFO] CrossReferenceDbSqlite:203 - Set database path to: C:\Users\sykojo\.stmcufinder\plugins\mcufinder//mcu/cs/
2023-10-07 21:26:54,730 [INFO] MainPanel:262 - HeapMemory: 665845760
2023-10-07 21:26:54,808 [INFO] DbMcusXml:78 - Set database path to: C:\ST\STM32CubeIDE_1.11.0\STM32CubeIDE\plugins\com.st.stm32cube.common.mx_6.9.2.202309101412\\db\/mcu/
2023-10-07 21:26:54,808 [INFO] ApiDb:274 - Set plugin database path to: C:\ST\STM32CubeIDE_1.11.0\STM32CubeIDE\plugins\com.st.stm32cube.common.mx_6.9.2.202309101412\\db\/plugins/boardmanager/
2023-10-07 21:26:54,808 [INFO] ApiDb:261 - Set plugin images path to: C:\ST\STM32CubeIDE_1.11.0\STM32CubeIDE\plugins\com.st.stm32cube.common.mx_6.9.2.202309101412\\db\/plugins/mcufinder/images/
2023-10-07 21:26:54,809 [WARN] DbFile:41 - Overriding database path with different value: C:\Users\sykojo\.stmcufinder\plugins\mcufinder/ => C:\Users\sykojo\.stmcufinder\plugins\mcufinder
2023-10-07 21:26:54,809 [INFO] ApiDb:250 - Set database path to: C:\Users\sykojo\.stmcufinder\plugins\mcufinder//mcu/
2023-10-07 21:26:54,809 [WARN] DbFile:41 - Overriding database path with different value: C:\Users\sykojo\.stmcufinder\plugins\mcufinder/ => C:\Users\sykojo\.stmcufinder\plugins\mcufinder
2023-10-07 21:26:54,809 [INFO] DbMcusAds:125 - Set database path to: C:\Users\sykojo\.stmcufinder\plugins\mcufinder//mcu/
2023-10-07 21:26:54,809 [WARN] DbFile:41 - Overriding database path with different value: C:\Users\sykojo\.stmcufinder\plugins\mcufinder/ => C:\Users\sykojo\.stmcufinder\plugins\mcufinder
2023-10-07 21:26:54,809 [WARN] DbFile:41 - Overriding database path with different value: C:\Users\sykojo\.stmcufinder\plugins\mcufinder/ => C:\Users\sykojo\.stmcufinder\plugins\mcufinder
2023-10-07 21:26:54,809 [INFO] CrossReferenceDbSqlite:203 - Set database path to: C:\Users\sykojo\.stmcufinder\plugins\mcufinder//mcu/cs/
2023-10-07 21:26:54,827 [INFO] ApplicationProperties:184 - Using Application install path: C:\ST\STM32CubeIDE_1.11.0\STM32CubeIDE\plugins\com.st.stm32cube.common.mx_6.9.2.202309101412
2023-10-07 21:26:54,828 [INFO] PluginManage:196 - Search for loadable plugins [exclusion list=, ]
2023-10-07 21:26:54,830 [INFO] PluginManage:310 - Check plugin analytics
2023-10-07 21:26:54,960 [INFO] AnalyticsPlugin:253 - Accepted Software Licenses: 
2023-10-07 21:26:54,960 [INFO] AnalyticsPlugin:255 - Accepted CMSIS Pack Licenses: STMicroelectronics.X-CUBE-TOF1.3.2.0
2023-10-07 21:26:54,960 [INFO] AnalyticsPlugin:257 - Accepted Firmware Licenses: 
2023-10-07 21:26:54,963 [INFO] PluginManage:359 - Loaded plugin analytics (category:tool,tabindex:-1)
2023-10-07 21:26:54,964 [INFO] PluginManage:310 - Check plugin cadmodel
2023-10-07 21:26:54,976 [INFO] CADModel:105 - Init CAD model plugin
2023-10-07 21:26:54,976 [INFO] PluginManage:359 - Loaded plugin cadmodel (category:power,tabindex:5)
2023-10-07 21:26:54,976 [INFO] PluginManage:310 - Check plugin clock
2023-10-07 21:26:54,991 [INFO] PluginManage:359 - Loaded plugin clock (category:base,tabindex:2)
2023-10-07 21:26:54,991 [INFO] PluginManage:310 - Check plugin ddr
2023-10-07 21:26:54,993 [INFO] PluginManage:359 - Loaded plugin ddr (category:tool,tabindex:6)
2023-10-07 21:26:54,993 [INFO] PluginManage:310 - Check plugin filemanager
2023-10-07 21:26:55,101 [INFO] PluginManage:359 - Loaded plugin filemanager (category:base,tabindex:10)
2023-10-07 21:26:55,101 [INFO] PluginManage:310 - Check plugin ipmanager
2023-10-07 21:26:55,109 [INFO] PluginManage:359 - Loaded plugin ipmanager (category:base,tabindex:5)
2023-10-07 21:26:55,109 [INFO] PluginManage:310 - Check plugin lpbam
2023-10-07 21:26:55,123 [INFO] PluginManage:359 - Loaded plugin lpbam (category:base,tabindex:0)
2023-10-07 21:26:55,123 [INFO] PluginManage:310 - Check plugin memorymap
2023-10-07 21:26:55,143 [INFO] PluginManage:359 - Loaded plugin memorymap (category:base,tabindex:4)
2023-10-07 21:26:55,144 [INFO] PluginManage:310 - Check plugin pinoutandconfiguration
2023-10-07 21:26:55,158 [INFO] PluginManage:359 - Loaded plugin pinoutandconfiguration (category:base,tabindex:1)
2023-10-07 21:26:55,160 [INFO] PluginManage:310 - Check plugin pinoutconfig
2023-10-07 21:26:55,241 [WARN] SupportedApi:132 - Cannot load RTOS API schema: s4s-elt-must-match.1: The content of 'definitions' must match (annotation?, (simpleType | complexType)?, (unique | key | keyref)*)). A problem was found starting at: attribute.
2023-10-07 21:26:55,357 [INFO] PluginManage:359 - Loaded plugin pinoutconfig (category:base,tabindex:0)
2023-10-07 21:26:55,358 [INFO] PluginManage:310 - Check plugin power
2023-10-07 21:26:55,376 [INFO] PluginManage:359 - Loaded plugin power (category:power,tabindex:4)
2023-10-07 21:26:55,376 [INFO] PluginManage:310 - Check plugin projectmanager
2023-10-07 21:26:55,390 [INFO] PluginManage:359 - Loaded plugin projectmanager (category:projectmanager,tabindex:3)
2023-10-07 21:26:55,391 [INFO] PluginManage:310 - Check plugin thirdparty
2023-10-07 21:26:55,630 [INFO] PluginManage:359 - Loaded plugin thirdparty (category:base,tabindex:-1)
2023-10-07 21:26:55,630 [WARN] IntegrityCheckThread:84 - waiting for thirdparty lock release [integrity check]
2023-10-07 21:26:55,630 [INFO] PluginManage:310 - Check plugin tools
2023-10-07 21:26:55,630 [INFO] IntegrityCheckThread:86 - entering critical section [integrity check]
2023-10-07 21:26:55,630 [INFO] ThirdPartyUpdaterWithRetryManager:70 - Updater plugin not ready yet. [1/15]
2023-10-07 21:26:55,656 [INFO] PluginManage:359 - Loaded plugin tools (category:base,tabindex:7)
2023-10-07 21:26:55,656 [INFO] PluginManage:310 - Check plugin tutovideos
2023-10-07 21:26:55,809 [INFO] PluginManage:359 - Loaded plugin tutovideos (category:base,tabindex:-1)
2023-10-07 21:26:55,809 [INFO] PluginManage:310 - Check plugin updater
2023-10-07 21:26:55,819 [INFO] PluginManage:359 - Loaded plugin updater (category:base,tabindex:12)
2023-10-07 21:26:55,820 [INFO] PluginManage:310 - Check plugin userauth
2023-10-07 21:26:55,825 [INFO] UserAuth:113 - Init User Auth plugin
2023-10-07 21:26:55,826 [INFO] PluginManage:359 - Loaded plugin userauth (category:base,tabindex:14)
2023-10-07 21:26:55,826 [INFO] PluginManage:283 - PluginManage : Loaded plugins [17]
2023-10-07 21:26:56,028 [INFO] PinOutPanel:1499 - setPackage(No Configuration,No Configuration)
2023-10-07 21:26:56,126 [INFO] CADModel:165 - CPN selected for project level
2023-10-07 21:26:56,126 [INFO] CADModel:114 - Register for checkConnection events
2023-10-07 21:26:56,147 [INFO] IPUIPlugin:80 - create IPUIPlugin
2023-10-07 21:26:56,147 [INFO] PluginManager:220 - loadIPPluginJar : add adc
2023-10-07 21:26:56,172 [INFO] IPUIPlugin:80 - create IPUIPlugin
2023-10-07 21:26:56,172 [INFO] PluginManager:220 - loadIPPluginJar : add aes
2023-10-07 21:26:56,203 [INFO] IPUIPlugin:80 - create IPUIPlugin
2023-10-07 21:26:56,204 [INFO] PluginManager:220 - loadIPPluginJar : add can
2023-10-07 21:26:56,221 [INFO] IPUIPlugin:80 - create IPUIPlugin
2023-10-07 21:26:56,221 [INFO] PluginManager:220 - loadIPPluginJar : add comp
2023-10-07 21:26:56,244 [INFO] IPUIPlugin:80 - create IPUIPlugin
2023-10-07 21:26:56,245 [INFO] PluginManager:220 - loadIPPluginJar : add cryp
2023-10-07 21:26:56,266 [INFO] IPUIPlugin:80 - create IPUIPlugin
2023-10-07 21:26:56,266 [INFO] PluginManager:220 - loadIPPluginJar : add dfsdm
2023-10-07 21:26:56,278 [INFO] IPUIPlugin:80 - create IPUIPlugin
2023-10-07 21:26:56,278 [INFO] PluginManager:220 - loadIPPluginJar : add dma
2023-10-07 21:26:56,310 [INFO] IPUIPlugin:80 - create IPUIPlugin
2023-10-07 21:26:56,311 [INFO] PluginManager:220 - loadIPPluginJar : add dma3
2023-10-07 21:26:56,327 [INFO] IPUIPlugin:80 - create IPUIPlugin
2023-10-07 21:26:56,327 [INFO] PluginManager:220 - loadIPPluginJar : add fatfs
2023-10-07 21:26:56,360 [INFO] IPUIPlugin:80 - create IPUIPlugin
2023-10-07 21:26:56,360 [INFO] PluginManager:220 - loadIPPluginJar : add fmc
2023-10-07 21:26:56,374 [INFO] IPUIPlugin:80 - create IPUIPlugin
2023-10-07 21:26:56,374 [INFO] PluginManager:220 - loadIPPluginJar : add freertos
2023-10-07 21:26:56,389 [INFO] IPUIPlugin:80 - create IPUIPlugin
2023-10-07 21:26:56,390 [INFO] PluginManager:220 - loadIPPluginJar : add genericplugin
2023-10-07 21:26:56,452 [INFO] IPUIPlugin:80 - create IPUIPlugin
2023-10-07 21:26:56,452 [INFO] PluginManager:220 - loadIPPluginJar : add gfxmmu
2023-10-07 21:26:56,541 [INFO] IPUIPlugin:80 - create IPUIPlugin
2023-10-07 21:26:56,541 [INFO] PluginManager:220 - loadIPPluginJar : add gic
2023-10-07 21:26:56,551 [INFO] IPUIPlugin:80 - create IPUIPlugin
2023-10-07 21:26:56,551 [INFO] PluginManager:220 - loadIPPluginJar : add gpio
2023-10-07 21:26:56,618 [INFO] IPUIPlugin:80 - create IPUIPlugin
2023-10-07 21:26:56,618 [INFO] PluginManager:220 - loadIPPluginJar : add gtzc
2023-10-07 21:26:56,648 [INFO] IPUIPlugin:80 - create IPUIPlugin
2023-10-07 21:26:56,648 [INFO] PluginManager:220 - loadIPPluginJar : add hash
2023-10-07 21:26:56,685 [INFO] IPUIPlugin:80 - create IPUIPlugin
2023-10-07 21:26:56,685 [INFO] PluginManager:220 - loadIPPluginJar : add i2c
2023-10-07 21:26:56,712 [INFO] IPUIPlugin:80 - create IPUIPlugin
2023-10-07 21:26:56,714 [INFO] PluginManager:220 - loadIPPluginJar : add i2s
2023-10-07 21:26:56,748 [INFO] IPUIPlugin:80 - create IPUIPlugin
2023-10-07 21:26:56,748 [INFO] PluginManager:220 - loadIPPluginJar : add i3c
2023-10-07 21:26:56,825 [INFO] IPUIPlugin:80 - create IPUIPlugin
2023-10-07 21:26:56,825 [INFO] PluginManager:220 - loadIPPluginJar : add ipddr
2023-10-07 21:26:56,887 [INFO] IPUIPlugin:80 - create IPUIPlugin
2023-10-07 21:26:56,887 [INFO] PluginManager:220 - loadIPPluginJar : add linkedlist
2023-10-07 21:26:56,912 [INFO] IPUIPlugin:80 - create IPUIPlugin
2023-10-07 21:26:56,912 [INFO] PluginManager:220 - loadIPPluginJar : add lorawan
2023-10-07 21:26:56,937 [INFO] IPUIPlugin:80 - create IPUIPlugin
2023-10-07 21:26:56,937 [INFO] PluginManager:220 - loadIPPluginJar : add ltdc
2023-10-07 21:26:56,949 [INFO] IPUIPlugin:80 - create IPUIPlugin
2023-10-07 21:26:56,949 [INFO] PluginManager:220 - loadIPPluginJar : add mdma
2023-10-07 21:26:56,959 [INFO] IPUIPlugin:80 - create IPUIPlugin
2023-10-07 21:26:56,959 [INFO] PluginManager:220 - loadIPPluginJar : add nvic
2023-10-07 21:26:56,986 [INFO] IPUIPlugin:80 - create IPUIPlugin
2023-10-07 21:26:56,986 [INFO] PluginManager:220 - loadIPPluginJar : add opamp
2023-10-07 21:26:57,034 [INFO] IPUIPlugin:80 - create IPUIPlugin
2023-10-07 21:26:57,034 [INFO] PluginManager:220 - loadIPPluginJar : add openamp
2023-10-07 21:26:57,064 [INFO] IPUIPlugin:80 - create IPUIPlugin
2023-10-07 21:26:57,064 [INFO] PluginManager:220 - loadIPPluginJar : add pdm2pcm
2023-10-07 21:26:57,075 [INFO] IPUIPlugin:80 - create IPUIPlugin
2023-10-07 21:26:57,077 [INFO] PluginManager:220 - loadIPPluginJar : add plateformsettings
2023-10-07 21:26:57,094 [INFO] IPUIPlugin:80 - create IPUIPlugin
2023-10-07 21:26:57,094 [INFO] PluginManager:220 - loadIPPluginJar : add quadspi
2023-10-07 21:26:57,104 [INFO] IPUIPlugin:80 - create IPUIPlugin
2023-10-07 21:26:57,104 [INFO] PluginManager:220 - loadIPPluginJar : add resmgrutility
2023-10-07 21:26:57,139 [INFO] IPUIPlugin:80 - create IPUIPlugin
2023-10-07 21:26:57,140 [INFO] PluginManager:220 - loadIPPluginJar : add sai
2023-10-07 21:26:57,167 [INFO] IPUIPlugin:80 - create IPUIPlugin
2023-10-07 21:26:57,167 [INFO] PluginManager:220 - loadIPPluginJar : add spi
2023-10-07 21:26:57,209 [INFO] IPUIPlugin:80 - create IPUIPlugin
2023-10-07 21:26:57,209 [INFO] PluginManager:220 - loadIPPluginJar : add stm32_wpan
2023-10-07 21:26:57,227 [INFO] IPUIPlugin:80 - create IPUIPlugin
2023-10-07 21:26:57,227 [INFO] PluginManager:220 - loadIPPluginJar : add tim
2023-10-07 21:26:57,266 [INFO] IPUIPlugin:80 - create IPUIPlugin
2023-10-07 21:26:57,266 [INFO] PluginManager:220 - loadIPPluginJar : add touchsensing
2023-10-07 21:26:57,283 [INFO] IPUIPlugin:80 - create IPUIPlugin
2023-10-07 21:26:57,283 [INFO] PluginManager:220 - loadIPPluginJar : add tracer_emb
2023-10-07 21:26:57,300 [INFO] IPUIPlugin:80 - create IPUIPlugin
2023-10-07 21:26:57,300 [INFO] PluginManager:220 - loadIPPluginJar : add ts
2023-10-07 21:26:57,316 [INFO] IPUIPlugin:80 - create IPUIPlugin
2023-10-07 21:26:57,316 [INFO] PluginManager:220 - loadIPPluginJar : add tsc
2023-10-07 21:26:57,332 [INFO] IPUIPlugin:80 - create IPUIPlugin
2023-10-07 21:26:57,332 [INFO] PluginManager:220 - loadIPPluginJar : add ucpd
2023-10-07 21:26:57,363 [INFO] IPUIPlugin:80 - create IPUIPlugin
2023-10-07 21:26:57,363 [INFO] PluginManager:220 - loadIPPluginJar : add usart
2023-10-07 21:26:57,393 [INFO] IPUIPlugin:80 - create IPUIPlugin
2023-10-07 21:26:57,393 [INFO] PluginManager:220 - loadIPPluginJar : add usbx
2023-10-07 21:26:57,536 [INFO] CADModel:165 - CPN selected for project level
2023-10-07 21:26:57,536 [INFO] CADModel:114 - Register for checkConnection events
2023-10-07 21:26:57,536 [FATAL] Updater:308 - Updater called before beeing initialized
2023-10-07 21:26:57,536 [ERROR] CADModel:125 - Updater not yet initialized, retry later 
2023-10-07 21:26:57,668 [INFO] CADModel:165 - CPN selected for project level
2023-10-07 21:26:57,668 [INFO] CADModel:114 - Register for checkConnection events
2023-10-07 21:26:57,668 [FATAL] Updater:308 - Updater called before beeing initialized
2023-10-07 21:26:57,668 [ERROR] CADModel:125 - Updater not yet initialized, retry later 
2023-10-07 21:26:57,671 [FATAL] Updater:308 - Updater called before beeing initialized
2023-10-07 21:26:57,764 [FATAL] Updater:308 - Updater called before beeing initialized
2023-10-07 21:26:57,776 [INFO] DbMcusAds:53 - JSON generation date=Tue Mar 07 09:50:55 CET 2023 (1678179055114)
2023-10-07 21:26:57,776 [FATAL] Updater:308 - Updater called before beeing initialized
2023-10-07 21:26:57,845 [WARN] DetailPanel:346 - Failed to get advertising image, set to default
2023-10-07 21:26:57,951 [FATAL] Updater:308 - Updater called before beeing initialized
2023-10-07 21:26:57,953 [FATAL] Updater:308 - Updater called before beeing initialized
2023-10-07 21:26:57,954 [FATAL] Updater:308 - Updater called before beeing initialized
2023-10-07 21:26:57,954 [WARN] DetailPanel:346 - Failed to get advertising image, set to default
2023-10-07 21:26:57,954 [FATAL] Updater:308 - Updater called before beeing initialized
2023-10-07 21:26:58,010 [ERROR] Updater:1120 - MainUpdater not yet initialized. External WinMGr cannot be set.
2023-10-07 21:26:58,018 [INFO] Updater:1056 - Updater Version found : 6.9.2
2023-10-07 21:26:58,033 [INFO] ApplicationProperties:184 - Using Application install path: C:\ST\STM32CubeIDE_1.11.0\STM32CubeIDE\plugins\com.st.stm32cube.common.mx_6.9.2.202309101412
2023-10-07 21:26:58,326 [INFO] MainUpdater:2868 - connection check result : 10
2023-10-07 21:26:58,326 [INFO] MainUpdater:3562 - Updater definition file requires update
2023-10-07 21:26:58,327 [INFO] MainUpdater:285 - Updater Check For Update Now.
2023-10-07 21:26:58,327 [INFO] MicroXplorer:498 - Change Database Version : DB.6.0.92
2023-10-07 21:26:58,340 [INFO] McuFinderGlobals:63 - Set McuFinder mode to 2 (CubeIDE integrated)
2023-10-07 21:26:58,341 [INFO] UserAuth:179 - activating auth plugin
2023-10-07 21:26:58,342 [INFO] UserAuth:393 - Internet connection configuration mode: 1
2023-10-07 21:26:58,355 [INFO] ServerAccessManage:473 - Download File updaters.zip
2023-10-07 21:26:58,362 [INFO] JxBrowserEngine:151 - Initiate JxBrowser Engine with user profile folder
2023-10-07 21:26:58,439 [INFO] FileExtend:240 - Unzip File : updaters.zip
2023-10-07 21:26:58,439 [INFO] FileExtend:255 - Standard Zip Deflate
2023-10-07 21:26:58,634 [WARN] MainUpdater:1189 - Updater busy. Cannot search thirdparties
2023-10-07 21:26:58,634 [INFO] ThirdPartyUpdaterWithRetryManager:96 - Updater plugin is busy. [1/15]
2023-10-07 21:26:58,772 [INFO] ServerAccessManage:473 - Download File PacksControlFlags.xml
2023-10-07 21:26:58,864 [INFO] ServerAccessManage:473 - Download File cubemx.pidx
2023-10-07 21:27:00,288 [INFO] ServerAccessManage:473 - Download File Infineon.AIROC-Wi-Fi-Bluetooth-STM32.pdsc
2023-10-07 21:27:00,814 [INFO] WebApp:157 - Instantiating new browser for Auth
2023-10-07 21:27:00,981 [WARN] PackLoader:240 - Cannot read IP mode file for Infineon.AIROC-Wi-Fi-Bluetooth-STM32.1.5.1
2023-10-07 21:27:00,990 [INFO] PopulateThirdPartyThread:66 - Ending populate Thread
2023-10-07 21:27:00,992 [INFO] ThirdParty:1030 - CMSIS Pack Vendor :Infineon AIROC-Wi-Fi-Bluetooth-STM32 1.5.1
2023-10-07 21:27:00,992 [INFO] LoadServerUpdatesThread:373 - End of LoadServerUpdate Thread
2023-10-07 21:27:01,099 [INFO] CheckServerUpdateThread:120 - End of CheckServer Thread
2023-10-07 21:27:01,309 [INFO] WebApp:753 - Register for checkConnection events
2023-10-07 21:27:01,309 [INFO] WebApp:390 - Apply proxy settings
2023-10-07 21:27:01,309 [INFO] WebApp:475 - Chromium requires no authentication
2023-10-07 21:27:01,317 [INFO] WebApp:418 - Direct internet connection detected
2023-10-07 21:27:01,463 [INFO] WebApp:188 - Starting web application
2023-10-07 21:27:01,463 [INFO] WebApp:520 - Web application path used C:\ST\STM32CubeIDE_1.11.0\STM32CubeIDE\plugins\com.st.stm32cube.common.mx_6.9.2.202309101412\db\plugins\mcufinder\reactClient1\index.html
2023-10-07 21:27:01,837 [WARN] PackLoader:240 - Cannot read IP mode file for STMicroelectronics.X-CUBE-SMBUS.2.1.0
2023-10-07 21:27:01,867 [WARN] PackLoader:240 - Cannot read IP mode file for STMicroelectronics.X-CUBE-AZRTOS-F7.1.1.0
2023-10-07 21:27:01,885 [WARN] PackLoader:240 - Cannot read IP mode file for STMicroelectronics.FP-SNS-MOTENV1.4.3.2
2023-10-07 21:27:01,903 [WARN] PackLoader:240 - Cannot read IP mode file for STMicroelectronics.X-CUBE-BLE1.6.2.3
2023-10-07 21:27:01,913 [WARN] PackLoader:240 - Cannot read IP mode file for STMicroelectronics.X-CUBE-BLE1.6.2.4
2023-10-07 21:27:01,918 [WARN] PackLoader:240 - Cannot read IP mode file for STMicroelectronics.FP-SNS-FLIGHT1.5.0.2
2023-10-07 21:27:01,936 [WARN] PackLoader:240 - Cannot read IP mode file for STMicroelectronics.X-CUBE-TOF1.3.1.0
2023-10-07 21:27:01,954 [WARN] PackLoader:240 - Cannot read IP mode file for STMicroelectronics.X-CUBE-DISPLAY.3.0.0
2023-10-07 21:27:01,969 [WARN] PackLoader:240 - Cannot read IP mode file for STMicroelectronics.X-CUBE-BLE1.7.0.0
2023-10-07 21:27:01,980 [WARN] PackLoader:240 - Cannot read IP mode file for STMicroelectronics.X-CUBE-TOUCHGFX.4.22.0
2023-10-07 21:27:01,988 [WARN] PackLoader:240 - Cannot read IP mode file for STMicroelectronics.X-CUBE-TOUCHGFX.4.22.1
2023-10-07 21:27:02,033 [WARN] PackLoader:240 - Cannot read IP mode file for STMicroelectronics.X-CUBE-MEMS1.9.3.0
2023-10-07 21:27:02,157 [WARN] PackLoader:240 - Cannot read IP mode file for STMicroelectronics.X-CUBE-AI.7.2.0
2023-10-07 21:27:02,169 [WARN] PackLoader:240 - Cannot read IP mode file for STMicroelectronics.FP-SNS-SMARTAG2.1.2.0
2023-10-07 21:27:02,188 [INFO] LogOutputStream:77 - [STDOUT_REDIRECT] 1 : Invalid condition id : UX_CORESTACK_Condition cause : null
2023-10-07 21:27:02,188 [INFO] LogOutputStream:77 - [STDOUT_REDIRECT] 1 : Invalid condition id : UX_CORESTACK_Condition cause : null
2023-10-07 21:27:02,189 [INFO] LogOutputStream:77 - [STDOUT_REDIRECT] 1 : Invalid condition id : UX_CORESTACK_Condition cause : null
2023-10-07 21:27:02,190 [INFO] LogOutputStream:77 - [STDOUT_REDIRECT] 1 : Invalid condition id : UX_CORESTACK_Condition cause : null
2023-10-07 21:27:02,190 [INFO] LogOutputStream:77 - [STDOUT_REDIRECT] 1 : Invalid condition id : UX_CORESTACK_Condition cause : null
2023-10-07 21:27:02,193 [WARN] PackLoader:240 - Cannot read IP mode file for STMicroelectronics.X-CUBE-AZRTOS-WL.2.0.0
2023-10-07 21:27:02,207 [WARN] PackLoader:240 - Cannot read IP mode file for WES.I-CUBE-Cesium.1.3.0
2023-10-07 21:27:02,217 [WARN] PackLoader:240 - Cannot read IP mode file for STMicroelectronics.X-CUBE-BLE2.3.3.0
2023-10-07 21:27:02,231 [WARN] PackLoader:240 - Cannot read IP mode file for STMicroelectronics.X-CUBE-DISPLAY.2.2.0
2023-10-07 21:27:02,250 [WARN] PackLoader:240 - Cannot read IP mode file for STMicroelectronics.X-CUBE-TOF1.3.2.0
2023-10-07 21:27:02,342 [WARN] PackLoader:240 - Cannot read IP mode file for STMicroelectronics.X-CUBE-ISPU.1.0.0
2023-10-07 21:27:02,372 [WARN] PackLoader:240 - Cannot read IP mode file for STMicroelectronics.X-CUBE-AZRTOS-H7.2.1.0
2023-10-07 21:27:02,384 [WARN] PackLoader:240 - Cannot read IP mode file for STMicroelectronics.X-CUBE-TOUCHGFX.4.21.1
2023-10-07 21:27:02,394 [WARN] PackLoader:240 - Cannot read IP mode file for STMicroelectronics.X-CUBE-TOUCHGFX.4.21.3
2023-10-07 21:27:02,443 [WARN] PackLoader:240 - Cannot read IP mode file for STMicroelectronics.X-CUBE-MEMS1.9.4.0
2023-10-07 21:27:02,525 [WARN] PackLoader:240 - Cannot read IP mode file for STMicroelectronics.X-CUBE-AI.7.3.0
2023-10-07 21:27:02,538 [WARN] PackLoader:240 - Cannot read IP mode file for STMicroelectronics.X-CUBE-ALGOBUILD.1.3.0
2023-10-07 21:27:02,564 [WARN] PackLoader:240 - Cannot read IP mode file for STMicroelectronics.X-CUBE-AZRTOS-G0.1.1.0
2023-10-07 21:27:02,578 [WARN] PackLoader:240 - Cannot read IP mode file for STMicroelectronics.X-CUBE-NFC4.3.0.0
2023-10-07 21:27:02,611 [WARN] PackLoader:240 - Cannot read IP mode file for SEGGER.I-CUBE-embOS.1.2.0
2023-10-07 21:27:02,644 [WARN] PackLoader:240 - Cannot read IP mode file for STMicroelectronics.X-CUBE-BLEMGR.1.3.0
2023-10-07 21:27:02,650 [WARN] PackLoader:240 - Cannot read IP mode file for STMicroelectronics.FP-ATR-SIGFOX1.3.2.0
2023-10-07 21:27:02,665 [WARN] PackLoader:240 - Cannot read IP mode file for emotas.I-CUBE-CANOPEN.1.1.2
2023-10-07 21:27:02,674 [WARN] PackLoader:240 - Cannot read IP mode file for STMicroelectronics.X-CUBE-TOUCHGFX.4.20.0
2023-10-07 21:27:02,715 [WARN] PackLoader:240 - Cannot read IP mode file for STMicroelectronics.X-CUBE-MEMS1.9.5.0
2023-10-07 21:27:02,833 [WARN] PackLoader:240 - Cannot read IP mode file for SEGGER.I-CUBE-embOS.1.3.1
2023-10-07 21:27:02,872 [WARN] PackLoader:240 - Cannot read IP mode file for STMicroelectronics.X-CUBE-GNSS1.6.0.0
2023-10-07 21:27:02,901 [WARN] PackLoader:240 - Cannot read IP mode file for STMicroelectronics.X-CUBE-AZRTOS-F4.1.1.0
2023-10-07 21:27:02,917 [WARN] PackLoader:240 - Cannot read IP mode file for STMicroelectronics.X-CUBE-BLEMGR.1.2.0
2023-10-07 21:27:02,945 [WARN] PackLoader:240 - Cannot read IP mode file for STMicroelectronics.X-CUBE-AZRTOS-L5.2.0.0
2023-10-07 21:27:02,991 [WARN] PackLoader:240 - Cannot read IP mode file for STMicroelectronics.X-CUBE-MEMS1.9.6.0
2023-10-07 21:27:03,119 [WARN] PackLoader:240 - Cannot read IP mode file for ITTIA_DB.I-CUBE-ITTIADB.8.8.0
2023-10-07 21:27:03,135 [WARN] PackLoader:240 - Cannot read IP mode file for STMicroelectronics.X-CUBE-BLEMGR.2.0.0
2023-10-07 21:27:03,149 [WARN] PackLoader:240 - Cannot read IP mode file for STMicroelectronics.X-CUBE-NFC4.2.0.5
2023-10-07 21:27:03,161 [WARN] PackLoader:240 - Cannot read IP mode file for STMicroelectronics.X-CUBE-NFC4.2.0.4
2023-10-07 21:27:03,189 [WARN] ConditionMgr:438 - getConditionDescription Invalid condition id : UX DEVICE CLASS RTOS Condition cause : null
2023-10-07 21:27:03,189 [WARN] ConditionMgr:438 - getConditionDescription Invalid condition id : UX DEVICE CLASS RTOS Condition cause : null
2023-10-07 21:27:03,193 [WARN] PackLoader:240 - Cannot read IP mode file for STMicroelectronics.X-CUBE-AZRTOS-H7.3.1.0
2023-10-07 21:27:03,194 [WARN] ConditionMgr:1039 - genDependencies : Invalid condition id : UX DEVICE CLASS RTOS Condition cause : null
2023-10-07 21:27:03,194 [WARN] ConditionMgr:1039 - genDependencies : Invalid condition id : UX DEVICE CLASS RTOS Condition cause : null
2023-10-07 21:27:03,195 [WARN] ConditionMgr:1039 - genDependencies : Invalid condition id : UX DEVICE CLASS RTOS Condition cause : null
2023-10-07 21:27:03,195 [WARN] ConditionMgr:1039 - genDependencies : Invalid condition id : UX DEVICE CLASS RTOS Condition cause : null
2023-10-07 21:27:03,196 [WARN] ConditionMgr:1039 - genDependencies : Invalid condition id : UX DEVICE CLASS RTOS Condition cause : null
2023-10-07 21:27:03,207 [WARN] PackLoader:240 - Cannot read IP mode file for wolfSSL.I-CUBE-wolfSSL.5.5.0
2023-10-07 21:27:03,219 [WARN] PackLoader:240 - Cannot read IP mode file for STMicroelectronics.X-CUBE-NFC7.1.0.1
2023-10-07 21:27:03,232 [WARN] PackLoader:240 - Cannot read IP mode file for STMicroelectronics.X-CUBE-NFC7.1.0.0
2023-10-07 21:27:03,248 [WARN] PackLoader:240 - Cannot read IP mode file for STMicroelectronics.X-CUBE-NFC6.3.0.0
2023-10-07 21:27:03,262 [WARN] PackLoader:240 - Cannot read IP mode file for STMicroelectronics.X-CUBE-EEPRMA1.4.1.0
2023-10-07 21:27:03,278 [WARN] PackLoader:240 - Cannot read IP mode file for STMicroelectronics.X-CUBE-AI.8.1.0
2023-10-07 21:27:03,301 [WARN] ConditionMgr:438 - getConditionDescription Invalid condition id : LAN8742 Phy interface Condition cause : null
2023-10-07 21:27:03,301 [WARN] PackLoader:240 - Cannot read IP mode file for STMicroelectronics.X-CUBE-AZRTOS-L4.2.0.0
2023-10-07 21:27:03,302 [WARN] ConditionMgr:1039 - genDependencies : Invalid condition id : LAN8742 Phy interface Condition cause : null
2023-10-07 21:27:03,302 [WARN] ConditionMgr:1039 - genDependencies : Invalid condition id : LAN8742 Phy interface Condition cause : null
2023-10-07 21:27:03,303 [WARN] ConditionMgr:1039 - genDependencies : Invalid condition id : LAN8742 Phy interface Condition cause : null
2023-10-07 21:27:03,318 [WARN] PackLoader:240 - Cannot read IP mode file for STMicroelectronics.X-CUBE-SFXS2LP1.4.0.0
2023-10-07 21:27:03,347 [WARN] PackLoader:240 - Cannot read IP mode file for STMicroelectronics.X-CUBE-AZRTOS-H7.3.0.0
2023-10-07 21:27:03,358 [WARN] PackLoader:240 - Cannot read IP mode file for STMicroelectronics.X-CUBE-ISPU.1.1.0
2023-10-07 21:27:03,373 [WARN] PackLoader:240 - Cannot read IP mode file for RoweBots.I-CUBE-UNISONRTOS.5.5.0-4
2023-10-07 21:27:03,384 [WARN] PackLoader:240 - Cannot read IP mode file for STMicroelectronics.X-CUBE-AI.8.0.0
2023-10-07 21:27:03,405 [WARN] ConditionMgr:438 - getConditionDescription Invalid condition id : UX DEVICE CLASS RTOS Condition cause : null
2023-10-07 21:27:03,405 [WARN] ConditionMgr:438 - getConditionDescription Invalid condition id : UX DEVICE CLASS RTOS Condition cause : null
2023-10-07 21:27:03,407 [WARN] PackLoader:240 - Cannot read IP mode file for STMicroelectronics.X-CUBE-AZRTOS-WB.2.0.0
2023-10-07 21:27:03,408 [WARN] ConditionMgr:1039 - genDependencies : Invalid condition id : UX DEVICE CLASS RTOS Condition cause : null
2023-10-07 21:27:03,408 [WARN] ConditionMgr:1039 - genDependencies : Invalid condition id : UX DEVICE CLASS RTOS Condition cause : null
2023-10-07 21:27:03,408 [WARN] ConditionMgr:1039 - genDependencies : Invalid condition id : UX DEVICE CLASS RTOS Condition cause : null
2023-10-07 21:27:03,409 [WARN] ConditionMgr:1039 - genDependencies : Invalid condition id : UX DEVICE CLASS RTOS Condition cause : null
2023-10-07 21:27:03,409 [WARN] ConditionMgr:1039 - genDependencies : Invalid condition id : UX DEVICE CLASS RTOS Condition cause : null
2023-10-07 21:27:03,421 [WARN] PackLoader:240 - Cannot read IP mode file for STMicroelectronics.X-CUBE-FREERTOS.1.0.0
2023-10-07 21:27:03,431 [WARN] PackLoader:240 - Cannot read IP mode file for STMicroelectronics.X-CUBE-FREERTOS.1.0.1
2023-10-07 21:27:03,444 [WARN] PackLoader:240 - Cannot read IP mode file for STMicroelectronics.X-CUBE-BLEMGR.1.0.0
2023-10-07 21:27:03,471 [WARN] PackLoader:240 - Cannot read IP mode file for STMicroelectronics.X-CUBE-AZRTOS-L5.1.1.0
2023-10-07 21:27:03,480 [WARN] PackLoader:240 - Cannot read IP mode file for STMicroelectronics.X-CUBE-AI.8.0.1
2023-10-07 21:27:03,497 [WARN] PackLoader:240 - Cannot read IP mode file for STMicroelectronics.X-CUBE-SUBG2.5.0.0
2023-10-07 21:27:03,516 [WARN] PackLoader:240 - Cannot read IP mode file for STMicroelectronics.X-CUBE-TOF1.3.3.1
2023-10-07 21:27:03,545 [WARN] PackLoader:240 - Cannot read IP mode file for STMicroelectronics.X-CUBE-AZRTOS-G4.2.0.0
2023-10-07 21:27:03,562 [WARN] PackLoader:240 - Cannot read IP mode file for STMicroelectronics.X-CUBE-TOF1.3.3.0
2023-10-07 21:27:03,576 [WARN] PackLoader:240 - Cannot read IP mode file for STMicroelectronics.FP-ATR-ASTRA1.1.1.1
2023-10-07 21:27:03,586 [WARN] PackLoader:240 - Cannot read IP mode file for Infineon.AIROC-Wi-Fi-Bluetooth-STM32.1.5.1
2023-10-07 21:27:03,608 [WARN] PackLoader:240 - Cannot read IP mode file for STMicroelectronics.X-CUBE-AZRTOS-G4.1.0.0
2023-10-07 21:27:03,631 [WARN] PackLoader:240 - Cannot read IP mode file for STMicroelectronics.X-CUBE-AZRTOS-L4.1.0.0
2023-10-07 21:27:03,642 [WARN] PackLoader:240 - Cannot read IP mode file for STMicroelectronics.X-CUBE-FREERTOS.1.1.0
2023-10-07 21:27:03,660 [WARN] PackLoader:240 - Cannot read IP mode file for STMicroelectronics.X-CUBE-AZRTOS-WL.1.0.0
2023-10-07 21:27:03,674 [WARN] PackLoader:240 - Cannot read IP mode file for portGmbH.I-Cube-SoM-uGOAL.1.1.0
2023-10-07 21:27:03,685 [WARN] PackLoader:240 - Cannot read IP mode file for STMicroelectronics.X-CUBE-ALS.1.0.1
2023-10-07 21:27:03,705 [WARN] PackLoader:240 - Cannot read IP mode file for STMicroelectronics.X-CUBE-AZRTOS-WB.1.1.0
2023-10-07 21:27:03,729 [WARN] PackLoader:240 - Cannot read IP mode file for STMicroelectronics.X-CUBE-AZRTOS-L5.1.0.0
2023-10-07 21:27:03,741 [WARN] PackLoader:240 - Cannot read IP mode file for STMicroelectronics.X-CUBE-EEPRMA1.3.1.1
2023-10-07 21:27:03,746 [WARN] PackLoader:240 - Cannot read IP mode file for STMicroelectronics.FP-ATR-ASTRA1.2.0.0
2023-10-07 21:27:03,747 [INFO] ThirdParty:978 - Integrity check success = true
2023-10-07 21:27:03,747 [INFO] IntegrityCheckThread:100 - exiting critical section [integrity check]
2023-10-07 21:27:03,747 [INFO] IntegrityCheckThread:103 - End integrity checks thread
