2024-02-05 11:57:45,707 [ERROR] LogOutputStream:75 - [STDERR_REDIRECT] 
2024-02-05 11:59:49,977 [INFO] Activator:176 - 


2024-02-05 11:59:49,981 [INFO] Activator:177 - !SESSION log4j initialized
2024-02-05 11:59:58,852 [INFO] LogOutputStream:77 - [STDOUT_REDIRECT] 
2024-02-05 12:00:02,674 [INFO] ApplicationProperties:184 - Using Application install path: C:\ST\STM32CubeIDE_1.14.0\STM32CubeIDE\plugins\com.st.stm32cube.common.mx_6.10.0.202311202037
2024-02-05 12:00:02,704 [INFO] DbMcusXml:78 - Set database path to: C:\ST\STM32CubeIDE_1.14.0\STM32CubeIDE\plugins\com.st.stm32cube.common.mx_6.10.0.202311202037\\db\/mcu/
2024-02-05 12:00:02,705 [INFO] ApiDb:274 - Set plugin database path to: C:\ST\STM32CubeIDE_1.14.0\STM32CubeIDE\plugins\com.st.stm32cube.common.mx_6.10.0.202311202037\\db\/plugins/boardmanager/
2024-02-05 12:00:02,705 [WARN] ApiDb:259 - Overriding images path with different value:  => C:\ST\STM32CubeIDE_1.14.0\STM32CubeIDE\plugins\com.st.stm32cube.common.mx_6.10.0.202311202037\\db\/plugins/mcufinder/images/
2024-02-05 12:00:02,715 [INFO] ApiDb:250 - Set database path to: C:\Users\sykojo\.stmcufinder\plugins\mcufinder//mcu/
2024-02-05 12:00:02,716 [INFO] DbMcusAds:125 - Set database path to: C:\Users\sykojo\.stmcufinder\plugins\mcufinder//mcu/
2024-02-05 12:00:02,719 [INFO] CrossReferenceDbSqlite:203 - Set database path to: C:\Users\sykojo\.stmcufinder\plugins\mcufinder//mcu/cs/
2024-02-05 12:00:02,918 [INFO] RulesReader:64 - Compatibility file has been processed (297 Rules)
2024-02-05 12:00:03,050 [INFO] DbMcusXml:78 - Set database path to: C:\ST\STM32CubeIDE_1.14.0\STM32CubeIDE\plugins\com.st.stm32cube.common.mx_6.10.0.202311202037\\db\/mcu/
2024-02-05 12:00:03,051 [INFO] ApiDb:274 - Set plugin database path to: C:\ST\STM32CubeIDE_1.14.0\STM32CubeIDE\plugins\com.st.stm32cube.common.mx_6.10.0.202311202037\\db\/plugins/boardmanager/
2024-02-05 12:00:03,051 [INFO] ApiDb:261 - Set plugin images path to: C:\ST\STM32CubeIDE_1.14.0\STM32CubeIDE\plugins\com.st.stm32cube.common.mx_6.10.0.202311202037\\db\/plugins/mcufinder/images/
2024-02-05 12:00:03,051 [WARN] DbFile:41 - Overriding database path with different value: C:\Users\sykojo\.stmcufinder\plugins\mcufinder/ => C:\Users\sykojo\.stmcufinder\plugins\mcufinder
2024-02-05 12:00:03,052 [INFO] ApiDb:250 - Set database path to: C:\Users\sykojo\.stmcufinder\plugins\mcufinder//mcu/
2024-02-05 12:00:03,052 [WARN] DbFile:41 - Overriding database path with different value: C:\Users\sykojo\.stmcufinder\plugins\mcufinder/ => C:\Users\sykojo\.stmcufinder\plugins\mcufinder
2024-02-05 12:00:03,052 [INFO] DbMcusAds:125 - Set database path to: C:\Users\sykojo\.stmcufinder\plugins\mcufinder//mcu/
2024-02-05 12:00:03,052 [WARN] DbFile:41 - Overriding database path with different value: C:\Users\sykojo\.stmcufinder\plugins\mcufinder/ => C:\Users\sykojo\.stmcufinder\plugins\mcufinder
2024-02-05 12:00:03,052 [WARN] DbFile:41 - Overriding database path with different value: C:\Users\sykojo\.stmcufinder\plugins\mcufinder/ => C:\Users\sykojo\.stmcufinder\plugins\mcufinder
2024-02-05 12:00:03,053 [INFO] CrossReferenceDbSqlite:203 - Set database path to: C:\Users\sykojo\.stmcufinder\plugins\mcufinder//mcu/cs/
2024-02-05 12:00:03,172 [INFO] MainPanel:264 - HeapMemory: 268435456
2024-02-05 12:00:03,314 [INFO] DbMcusXml:78 - Set database path to: C:\ST\STM32CubeIDE_1.14.0\STM32CubeIDE\plugins\com.st.stm32cube.common.mx_6.10.0.202311202037\\db\/mcu/
2024-02-05 12:00:03,315 [INFO] ApiDb:274 - Set plugin database path to: C:\ST\STM32CubeIDE_1.14.0\STM32CubeIDE\plugins\com.st.stm32cube.common.mx_6.10.0.202311202037\\db\/plugins/boardmanager/
2024-02-05 12:00:03,315 [INFO] ApiDb:261 - Set plugin images path to: C:\ST\STM32CubeIDE_1.14.0\STM32CubeIDE\plugins\com.st.stm32cube.common.mx_6.10.0.202311202037\\db\/plugins/mcufinder/images/
2024-02-05 12:00:03,315 [WARN] DbFile:41 - Overriding database path with different value: C:\Users\sykojo\.stmcufinder\plugins\mcufinder/ => C:\Users\sykojo\.stmcufinder\plugins\mcufinder
2024-02-05 12:00:03,315 [INFO] ApiDb:250 - Set database path to: C:\Users\sykojo\.stmcufinder\plugins\mcufinder//mcu/
2024-02-05 12:00:03,316 [WARN] DbFile:41 - Overriding database path with different value: C:\Users\sykojo\.stmcufinder\plugins\mcufinder/ => C:\Users\sykojo\.stmcufinder\plugins\mcufinder
2024-02-05 12:00:03,316 [INFO] DbMcusAds:125 - Set database path to: C:\Users\sykojo\.stmcufinder\plugins\mcufinder//mcu/
2024-02-05 12:00:03,316 [WARN] DbFile:41 - Overriding database path with different value: C:\Users\sykojo\.stmcufinder\plugins\mcufinder/ => C:\Users\sykojo\.stmcufinder\plugins\mcufinder
2024-02-05 12:00:03,316 [WARN] DbFile:41 - Overriding database path with different value: C:\Users\sykojo\.stmcufinder\plugins\mcufinder/ => C:\Users\sykojo\.stmcufinder\plugins\mcufinder
2024-02-05 12:00:03,316 [INFO] CrossReferenceDbSqlite:203 - Set database path to: C:\Users\sykojo\.stmcufinder\plugins\mcufinder//mcu/cs/
2024-02-05 12:00:03,351 [INFO] ApplicationProperties:184 - Using Application install path: C:\ST\STM32CubeIDE_1.14.0\STM32CubeIDE\plugins\com.st.stm32cube.common.mx_6.10.0.202311202037
2024-02-05 12:00:03,353 [INFO] PluginManage:196 - Search for loadable plugins [exclusion list=, ]
2024-02-05 12:00:03,356 [INFO] PluginManage:310 - Check plugin analytics
2024-02-05 12:00:03,620 [INFO] AnalyticsPlugin:253 - Accepted Software Licenses: 
2024-02-05 12:00:03,620 [INFO] AnalyticsPlugin:255 - Accepted CMSIS Pack Licenses: 
2024-02-05 12:00:03,621 [INFO] AnalyticsPlugin:257 - Accepted Firmware Licenses: 
2024-02-05 12:00:03,624 [INFO] PluginManage:359 - Loaded plugin analytics (category:tool,tabindex:-1)
2024-02-05 12:00:03,625 [INFO] PluginManage:310 - Check plugin cadmodel
2024-02-05 12:00:03,680 [INFO] CADModel:105 - Init CAD model plugin
2024-02-05 12:00:03,680 [INFO] PluginManage:359 - Loaded plugin cadmodel (category:power,tabindex:5)
2024-02-05 12:00:03,680 [INFO] PluginManage:310 - Check plugin clock
2024-02-05 12:00:03,708 [INFO] PluginManage:359 - Loaded plugin clock (category:base,tabindex:2)
2024-02-05 12:00:03,708 [INFO] PluginManage:310 - Check plugin ddr
2024-02-05 12:00:03,711 [INFO] PluginManage:359 - Loaded plugin ddr (category:tool,tabindex:6)
2024-02-05 12:00:03,711 [INFO] PluginManage:310 - Check plugin filemanager
2024-02-05 12:00:03,908 [INFO] PluginManage:359 - Loaded plugin filemanager (category:base,tabindex:10)
2024-02-05 12:00:03,908 [INFO] PluginManage:310 - Check plugin ipmanager
2024-02-05 12:00:03,920 [INFO] PluginManage:359 - Loaded plugin ipmanager (category:base,tabindex:5)
2024-02-05 12:00:03,920 [INFO] PluginManage:310 - Check plugin lpbam
2024-02-05 12:00:03,952 [INFO] PluginManage:359 - Loaded plugin lpbam (category:base,tabindex:0)
2024-02-05 12:00:03,952 [INFO] PluginManage:310 - Check plugin memorymap
2024-02-05 12:00:03,989 [INFO] PluginManage:359 - Loaded plugin memorymap (category:base,tabindex:4)
2024-02-05 12:00:03,989 [INFO] PluginManage:310 - Check plugin pinoutandconfiguration
2024-02-05 12:00:04,014 [INFO] PluginManage:359 - Loaded plugin pinoutandconfiguration (category:base,tabindex:1)
2024-02-05 12:00:04,014 [INFO] PluginManage:310 - Check plugin pinoutconfig
2024-02-05 12:00:04,164 [WARN] SupportedApi:132 - Cannot load RTOS API schema: s4s-elt-must-match.1: The content of 'definitions' must match (annotation?, (simpleType | complexType)?, (unique | key | keyref)*)). A problem was found starting at: attribute.
2024-02-05 12:00:04,377 [INFO] PluginManage:359 - Loaded plugin pinoutconfig (category:base,tabindex:0)
2024-02-05 12:00:04,377 [INFO] PluginManage:310 - Check plugin power
2024-02-05 12:00:04,405 [INFO] PluginManage:359 - Loaded plugin power (category:power,tabindex:4)
2024-02-05 12:00:04,405 [INFO] PluginManage:310 - Check plugin projectmanager
2024-02-05 12:00:04,430 [INFO] PluginManage:359 - Loaded plugin projectmanager (category:projectmanager,tabindex:3)
2024-02-05 12:00:04,430 [INFO] PluginManage:310 - Check plugin thirdparty
2024-02-05 12:00:04,916 [INFO] PluginManage:359 - Loaded plugin thirdparty (category:base,tabindex:-1)
2024-02-05 12:00:04,916 [WARN] IntegrityCheckThread:84 - waiting for thirdparty lock release [integrity check]
2024-02-05 12:00:04,917 [INFO] PluginManage:310 - Check plugin tools
2024-02-05 12:00:04,917 [INFO] IntegrityCheckThread:86 - entering critical section [integrity check]
2024-02-05 12:00:04,917 [INFO] ThirdPartyUpdaterWithRetryManager:70 - Updater plugin not ready yet. [1/15]
2024-02-05 12:00:04,973 [INFO] PluginManage:359 - Loaded plugin tools (category:base,tabindex:7)
2024-02-05 12:00:04,973 [INFO] PluginManage:310 - Check plugin tutovideos
2024-02-05 12:00:05,280 [INFO] PluginManage:359 - Loaded plugin tutovideos (category:base,tabindex:-1)
2024-02-05 12:00:05,280 [INFO] PluginManage:310 - Check plugin updater
2024-02-05 12:00:05,300 [INFO] PluginManage:359 - Loaded plugin updater (category:base,tabindex:12)
2024-02-05 12:00:05,300 [INFO] PluginManage:310 - Check plugin userauth
2024-02-05 12:00:05,309 [INFO] UserAuth:114 - Init User Auth plugin
2024-02-05 12:00:05,309 [INFO] PluginManage:359 - Loaded plugin userauth (category:base,tabindex:14)
2024-02-05 12:00:05,310 [INFO] PluginManage:283 - PluginManage : Loaded plugins [17]
2024-02-05 12:00:05,695 [INFO] PinOutPanel:1499 - setPackage(No Configuration,No Configuration)
2024-02-05 12:00:05,812 [INFO] CADModel:165 - CPN selected for project level
2024-02-05 12:00:05,812 [INFO] CADModel:114 - Register for checkConnection events
2024-02-05 12:00:05,854 [INFO] IPUIPlugin:80 - create IPUIPlugin
2024-02-05 12:00:05,855 [INFO] PluginManager:220 - loadIPPluginJar : add adc
2024-02-05 12:00:05,935 [INFO] IPUIPlugin:80 - create IPUIPlugin
2024-02-05 12:00:05,935 [INFO] PluginManager:220 - loadIPPluginJar : add aes
2024-02-05 12:00:06,014 [INFO] IPUIPlugin:80 - create IPUIPlugin
2024-02-05 12:00:06,014 [INFO] PluginManager:220 - loadIPPluginJar : add can
2024-02-05 12:00:06,051 [INFO] IPUIPlugin:80 - create IPUIPlugin
2024-02-05 12:00:06,051 [INFO] PluginManager:220 - loadIPPluginJar : add comp
2024-02-05 12:00:06,142 [INFO] IPUIPlugin:80 - create IPUIPlugin
2024-02-05 12:00:06,142 [INFO] PluginManager:220 - loadIPPluginJar : add cryp
2024-02-05 12:00:06,194 [INFO] IPUIPlugin:80 - create IPUIPlugin
2024-02-05 12:00:06,194 [INFO] PluginManager:220 - loadIPPluginJar : add dfsdm
2024-02-05 12:00:06,217 [INFO] IPUIPlugin:80 - create IPUIPlugin
2024-02-05 12:00:06,217 [INFO] PluginManager:220 - loadIPPluginJar : add dma
2024-02-05 12:00:06,291 [INFO] IPUIPlugin:80 - create IPUIPlugin
2024-02-05 12:00:06,291 [INFO] PluginManager:220 - loadIPPluginJar : add dma3
2024-02-05 12:00:06,322 [INFO] IPUIPlugin:80 - create IPUIPlugin
2024-02-05 12:00:06,322 [INFO] PluginManager:220 - loadIPPluginJar : add fatfs
2024-02-05 12:00:06,434 [INFO] IPUIPlugin:80 - create IPUIPlugin
2024-02-05 12:00:06,434 [INFO] PluginManager:220 - loadIPPluginJar : add fmc
2024-02-05 12:00:06,456 [INFO] IPUIPlugin:80 - create IPUIPlugin
2024-02-05 12:00:06,456 [INFO] PluginManager:220 - loadIPPluginJar : add freertos
2024-02-05 12:00:06,488 [INFO] IPUIPlugin:80 - create IPUIPlugin
2024-02-05 12:00:06,488 [INFO] PluginManager:220 - loadIPPluginJar : add genericplugin
2024-02-05 12:00:06,633 [INFO] IPUIPlugin:80 - create IPUIPlugin
2024-02-05 12:00:06,633 [INFO] PluginManager:220 - loadIPPluginJar : add gfxmmu
2024-02-05 12:00:06,839 [INFO] IPUIPlugin:80 - create IPUIPlugin
2024-02-05 12:00:06,840 [INFO] PluginManager:220 - loadIPPluginJar : add gic
2024-02-05 12:00:06,895 [INFO] IPUIPlugin:80 - create IPUIPlugin
2024-02-05 12:00:06,896 [INFO] PluginManager:220 - loadIPPluginJar : add gpio
2024-02-05 12:00:07,044 [INFO] IPUIPlugin:80 - create IPUIPlugin
2024-02-05 12:00:07,044 [INFO] PluginManager:220 - loadIPPluginJar : add gtzc
2024-02-05 12:00:07,102 [INFO] IPUIPlugin:80 - create IPUIPlugin
2024-02-05 12:00:07,102 [INFO] PluginManager:220 - loadIPPluginJar : add hash
2024-02-05 12:00:07,221 [INFO] IPUIPlugin:80 - create IPUIPlugin
2024-02-05 12:00:07,221 [INFO] PluginManager:220 - loadIPPluginJar : add i2c
2024-02-05 12:00:07,281 [INFO] IPUIPlugin:80 - create IPUIPlugin
2024-02-05 12:00:07,281 [INFO] PluginManager:220 - loadIPPluginJar : add i2s
2024-02-05 12:00:07,345 [INFO] IPUIPlugin:80 - create IPUIPlugin
2024-02-05 12:00:07,346 [INFO] PluginManager:220 - loadIPPluginJar : add i3c
2024-02-05 12:00:07,520 [INFO] IPUIPlugin:80 - create IPUIPlugin
2024-02-05 12:00:07,520 [INFO] PluginManager:220 - loadIPPluginJar : add ipddr
2024-02-05 12:00:07,666 [INFO] IPUIPlugin:80 - create IPUIPlugin
2024-02-05 12:00:07,667 [INFO] PluginManager:220 - loadIPPluginJar : add linkedlist
2024-02-05 12:00:07,724 [INFO] IPUIPlugin:80 - create IPUIPlugin
2024-02-05 12:00:07,724 [INFO] PluginManager:220 - loadIPPluginJar : add lorawan
2024-02-05 12:00:07,782 [INFO] IPUIPlugin:80 - create IPUIPlugin
2024-02-05 12:00:07,782 [INFO] PluginManager:220 - loadIPPluginJar : add ltdc
2024-02-05 12:00:07,806 [INFO] IPUIPlugin:80 - create IPUIPlugin
2024-02-05 12:00:07,806 [INFO] PluginManager:220 - loadIPPluginJar : add mdma
2024-02-05 12:00:07,826 [INFO] IPUIPlugin:80 - create IPUIPlugin
2024-02-05 12:00:07,826 [INFO] PluginManager:220 - loadIPPluginJar : add nvic
2024-02-05 12:00:07,883 [INFO] IPUIPlugin:80 - create IPUIPlugin
2024-02-05 12:00:07,883 [INFO] PluginManager:220 - loadIPPluginJar : add opamp
2024-02-05 12:00:07,918 [INFO] ThirdPartyUpdaterWithRetryManager:70 - Updater plugin not ready yet. [2/15]
2024-02-05 12:00:07,978 [INFO] IPUIPlugin:80 - create IPUIPlugin
2024-02-05 12:00:07,978 [INFO] PluginManager:220 - loadIPPluginJar : add openamp
2024-02-05 12:00:08,085 [INFO] IPUIPlugin:80 - create IPUIPlugin
2024-02-05 12:00:08,085 [INFO] PluginManager:220 - loadIPPluginJar : add pdm2pcm
2024-02-05 12:00:08,110 [INFO] IPUIPlugin:80 - create IPUIPlugin
2024-02-05 12:00:08,114 [INFO] PluginManager:220 - loadIPPluginJar : add plateformsettings
2024-02-05 12:00:08,154 [INFO] IPUIPlugin:80 - create IPUIPlugin
2024-02-05 12:00:08,155 [INFO] PluginManager:220 - loadIPPluginJar : add quadspi
2024-02-05 12:00:08,179 [INFO] IPUIPlugin:80 - create IPUIPlugin
2024-02-05 12:00:08,179 [INFO] PluginManager:220 - loadIPPluginJar : add resmgrutility
2024-02-05 12:00:08,270 [INFO] IPUIPlugin:80 - create IPUIPlugin
2024-02-05 12:00:08,270 [INFO] PluginManager:220 - loadIPPluginJar : add sai
2024-02-05 12:00:08,339 [INFO] IPUIPlugin:80 - create IPUIPlugin
2024-02-05 12:00:08,339 [INFO] PluginManager:220 - loadIPPluginJar : add spi
2024-02-05 12:00:08,462 [INFO] IPUIPlugin:80 - create IPUIPlugin
2024-02-05 12:00:08,462 [INFO] PluginManager:220 - loadIPPluginJar : add stm32_wpan
2024-02-05 12:00:08,536 [INFO] IPUIPlugin:80 - create IPUIPlugin
2024-02-05 12:00:08,536 [INFO] PluginManager:220 - loadIPPluginJar : add tim
2024-02-05 12:00:08,641 [INFO] IPUIPlugin:80 - create IPUIPlugin
2024-02-05 12:00:08,641 [INFO] PluginManager:220 - loadIPPluginJar : add touchsensing
2024-02-05 12:00:08,684 [INFO] IPUIPlugin:80 - create IPUIPlugin
2024-02-05 12:00:08,684 [INFO] PluginManager:220 - loadIPPluginJar : add tracer_emb
2024-02-05 12:00:08,728 [INFO] IPUIPlugin:80 - create IPUIPlugin
2024-02-05 12:00:08,728 [INFO] PluginManager:220 - loadIPPluginJar : add ts
2024-02-05 12:00:08,769 [INFO] IPUIPlugin:80 - create IPUIPlugin
2024-02-05 12:00:08,769 [INFO] PluginManager:220 - loadIPPluginJar : add tsc
2024-02-05 12:00:08,814 [INFO] IPUIPlugin:80 - create IPUIPlugin
2024-02-05 12:00:08,814 [INFO] PluginManager:220 - loadIPPluginJar : add ucpd
2024-02-05 12:00:08,909 [INFO] IPUIPlugin:80 - create IPUIPlugin
2024-02-05 12:00:08,909 [INFO] PluginManager:220 - loadIPPluginJar : add usart
2024-02-05 12:00:09,022 [INFO] IPUIPlugin:80 - create IPUIPlugin
2024-02-05 12:00:09,022 [INFO] PluginManager:220 - loadIPPluginJar : add usbx
2024-02-05 12:00:09,234 [INFO] CADModel:165 - CPN selected for project level
2024-02-05 12:00:09,234 [INFO] CADModel:114 - Register for checkConnection events
2024-02-05 12:00:09,234 [FATAL] Updater:308 - Updater called before beeing initialized
2024-02-05 12:00:09,235 [ERROR] CADModel:125 - Updater not yet initialized, retry later 
2024-02-05 12:00:09,551 [INFO] CADModel:165 - CPN selected for project level
2024-02-05 12:00:09,551 [INFO] CADModel:114 - Register for checkConnection events
2024-02-05 12:00:09,552 [FATAL] Updater:308 - Updater called before beeing initialized
2024-02-05 12:00:09,552 [ERROR] CADModel:125 - Updater not yet initialized, retry later 
2024-02-05 12:00:09,557 [FATAL] Updater:308 - Updater called before beeing initialized
2024-02-05 12:00:09,765 [FATAL] Updater:308 - Updater called before beeing initialized
2024-02-05 12:00:09,783 [INFO] DbMcusAds:53 - JSON generation date=Wed Nov 29 11:52:27 CET 2023 (1701255147349)
2024-02-05 12:00:09,783 [FATAL] Updater:308 - Updater called before beeing initialized
2024-02-05 12:00:09,925 [WARN] DetailPanel:346 - Failed to get advertising image, set to default
2024-02-05 12:00:10,103 [FATAL] Updater:308 - Updater called before beeing initialized
2024-02-05 12:00:10,107 [FATAL] Updater:308 - Updater called before beeing initialized
2024-02-05 12:00:10,107 [FATAL] Updater:308 - Updater called before beeing initialized
2024-02-05 12:00:10,107 [WARN] DetailPanel:346 - Failed to get advertising image, set to default
2024-02-05 12:00:10,108 [FATAL] Updater:308 - Updater called before beeing initialized
2024-02-05 12:00:10,221 [ERROR] Updater:1120 - MainUpdater not yet initialized. External WinMGr cannot be set.
2024-02-05 12:00:10,238 [INFO] Updater:1056 - Updater Version found : 6.10.0
2024-02-05 12:00:10,263 [INFO] ApplicationProperties:184 - Using Application install path: C:\ST\STM32CubeIDE_1.14.0\STM32CubeIDE\plugins\com.st.stm32cube.common.mx_6.10.0.202311202037
2024-02-05 12:00:10,920 [INFO] ThirdPartyUpdaterWithRetryManager:70 - Updater plugin not ready yet. [3/15]
2024-02-05 12:00:11,860 [ERROR] LogOutputStream:75 - [STDERR_REDIRECT] Feb 05, 2024 12:00:11 PM java.util.prefs.WindowsPreferences <init>
2024-02-05 12:00:11,862 [ERROR] LogOutputStream:75 - [STDERR_REDIRECT] WARNING: Could not open/create prefs root node Software\JavaSoft\Prefs at root 0xffffffff80000002. Windows RegCreateKeyEx(...) returned error code 5.
2024-02-05 12:00:11,863 [ERROR] LogOutputStream:75 - [STDERR_REDIRECT] 
2024-02-05 12:00:12,577 [INFO] MainUpdater:2873 - connection check result : 10
2024-02-05 12:00:12,578 [INFO] MainUpdater:290 - Updater Check For Update Now.
2024-02-05 12:00:12,579 [INFO] MicroXplorer:498 - Change Database Version : DB.6.0.100
2024-02-05 12:00:12,642 [INFO] McuFinderGlobals:63 - Set McuFinder mode to 2 (CubeIDE integrated)
2024-02-05 12:00:12,672 [INFO] UserAuth:404 - Internet connection configuration mode: 1
2024-02-05 12:00:12,716 [INFO] JxBrowserEngine:152 - Initiate JxBrowser Engine with user profile folder
2024-02-05 12:00:12,885 [INFO] CheckServerUpdateThread:120 - End of CheckServer Thread
2024-02-05 12:00:14,274 [WARN] PackLoader:240 - Cannot read IP mode file for STMicroelectronics.X-CUBE-SMBUS.2.1.0
2024-02-05 12:00:14,297 [WARN] PackLoader:240 - Cannot read IP mode file for STMicroelectronics.X-CUBE-TOUCHGFX.4.23.0
2024-02-05 12:00:14,372 [WARN] PackLoader:240 - Cannot read IP mode file for STMicroelectronics.X-CUBE-AZRTOS-F7.1.1.0
2024-02-05 12:00:14,402 [WARN] PackLoader:240 - Cannot read IP mode file for STMicroelectronics.FP-SNS-MOTENV1.4.3.2
2024-02-05 12:00:14,428 [WARN] PackLoader:240 - Cannot read IP mode file for STMicroelectronics.FP-SNS-FLIGHT1.5.0.2
2024-02-05 12:00:14,458 [WARN] PackLoader:240 - Cannot read IP mode file for STMicroelectronics.X-CUBE-DISPLAY.3.0.0
2024-02-05 12:00:14,494 [WARN] PackLoader:240 - Cannot read IP mode file for STMicroelectronics.X-CUBE-BLE1.7.0.0
2024-02-05 12:00:14,517 [WARN] PackLoader:240 - Cannot read IP mode file for emotas.I-CUBE-CANOPEN.1.3.0
2024-02-05 12:00:14,536 [WARN] PackLoader:240 - Cannot read IP mode file for STMicroelectronics.X-CUBE-TOUCHGFX.4.22.1
2024-02-05 12:00:14,558 [WARN] PackLoader:240 - Cannot read IP mode file for STMicroelectronics.FP-SNS-SMARTAG2.1.2.0
2024-02-05 12:00:14,592 [INFO] LogOutputStream:77 - [STDOUT_REDIRECT] 1 : Invalid condition id : UX_CORESTACK_Condition cause : null
2024-02-05 12:00:14,593 [INFO] LogOutputStream:77 - [STDOUT_REDIRECT] 1 : Invalid condition id : UX_CORESTACK_Condition cause : null
2024-02-05 12:00:14,595 [INFO] LogOutputStream:77 - [STDOUT_REDIRECT] 1 : Invalid condition id : UX_CORESTACK_Condition cause : null
2024-02-05 12:00:14,597 [INFO] LogOutputStream:77 - [STDOUT_REDIRECT] 1 : Invalid condition id : UX_CORESTACK_Condition cause : null
2024-02-05 12:00:14,599 [INFO] LogOutputStream:77 - [STDOUT_REDIRECT] 1 : Invalid condition id : UX_CORESTACK_Condition cause : null
2024-02-05 12:00:14,607 [WARN] PackLoader:240 - Cannot read IP mode file for STMicroelectronics.X-CUBE-AZRTOS-WL.2.0.0
2024-02-05 12:00:14,635 [WARN] PackLoader:240 - Cannot read IP mode file for WES.I-CUBE-Cesium.1.3.0
2024-02-05 12:00:14,656 [WARN] PackLoader:240 - Cannot read IP mode file for STMicroelectronics.X-CUBE-BLE2.3.3.0
2024-02-05 12:00:14,694 [WARN] PackLoader:240 - Cannot read IP mode file for STMicroelectronics.X-CUBE-ALGOBUILD.1.3.0
2024-02-05 12:00:14,754 [WARN] PackLoader:240 - Cannot read IP mode file for STMicroelectronics.X-CUBE-AZRTOS-G0.1.1.0
2024-02-05 12:00:14,814 [WARN] PackLoader:240 - Cannot read IP mode file for STMicroelectronics.X-CUBE-NFC4.3.0.0
2024-02-05 12:00:14,848 [WARN] PackLoader:240 - Cannot read IP mode file for STMicroelectronics.X-CUBE-BLEMGR.3.0.0
2024-02-05 12:00:14,888 [WARN] PackLoader:240 - Cannot read IP mode file for STMicroelectronics.FP-ATR-SIGFOX1.3.2.0
2024-02-05 12:00:14,913 [WARN] PackLoader:240 - Cannot read IP mode file for STMicroelectronics.X-CUBE-EEPRMA1.5.1.0
2024-02-05 12:00:14,980 [WARN] PackLoader:240 - Cannot read IP mode file for SEGGER.I-CUBE-embOS.1.3.1
2024-02-05 12:00:15,047 [WARN] PackLoader:240 - Cannot read IP mode file for STMicroelectronics.X-CUBE-GNSS1.6.0.0
2024-02-05 12:00:15,088 [WARN] PackLoader:240 - Cannot read IP mode file for STMicroelectronics.X-CUBE-AZRTOS-F4.1.1.0
2024-02-05 12:00:15,110 [WARN] PackLoader:240 - Cannot read IP mode file for wolfSSL.I-CUBE-wolfSSL.5.6.4
2024-02-05 12:00:15,157 [WARN] PackLoader:240 - Cannot read IP mode file for STMicroelectronics.X-CUBE-AZRTOS-L5.2.0.0
2024-02-05 12:00:15,179 [WARN] PackLoader:240 - Cannot read IP mode file for STMicroelectronics.X-CUBE-EEPRMA1.4.2.0
2024-02-05 12:00:15,202 [WARN] PackLoader:240 - Cannot read IP mode file for ITTIA_DB.I-CUBE-ITTIADB.8.8.0
2024-02-05 12:00:15,244 [WARN] ConditionMgr:438 - getConditionDescription Invalid condition id : UX DEVICE CLASS RTOS Condition cause : null
2024-02-05 12:00:15,245 [WARN] ConditionMgr:438 - getConditionDescription Invalid condition id : UX DEVICE CLASS RTOS Condition cause : null
2024-02-05 12:00:15,257 [WARN] PackLoader:240 - Cannot read IP mode file for STMicroelectronics.X-CUBE-AZRTOS-H7.3.1.0
2024-02-05 12:00:15,258 [WARN] ConditionMgr:1039 - genDependencies : Invalid condition id : UX DEVICE CLASS RTOS Condition cause : null
2024-02-05 12:00:15,258 [WARN] ConditionMgr:1039 - genDependencies : Invalid condition id : UX DEVICE CLASS RTOS Condition cause : null
2024-02-05 12:00:15,259 [WARN] ConditionMgr:1039 - genDependencies : Invalid condition id : UX DEVICE CLASS RTOS Condition cause : null
2024-02-05 12:00:15,260 [WARN] ConditionMgr:1039 - genDependencies : Invalid condition id : UX DEVICE CLASS RTOS Condition cause : null
2024-02-05 12:00:15,260 [WARN] ConditionMgr:1039 - genDependencies : Invalid condition id : UX DEVICE CLASS RTOS Condition cause : null
2024-02-05 12:00:15,282 [WARN] PackLoader:240 - Cannot read IP mode file for STMicroelectronics.X-CUBE-NFC7.1.0.1
2024-02-05 12:00:15,307 [WARN] PackLoader:240 - Cannot read IP mode file for STMicroelectronics.X-CUBE-NFC6.3.0.0
2024-02-05 12:00:15,328 [WARN] PackLoader:240 - Cannot read IP mode file for STMicroelectronics.X-CUBE-AI.8.1.0
2024-02-05 12:00:15,372 [WARN] ConditionMgr:438 - getConditionDescription Invalid condition id : LAN8742 Phy interface Condition cause : null
2024-02-05 12:00:15,373 [WARN] PackLoader:240 - Cannot read IP mode file for STMicroelectronics.X-CUBE-AZRTOS-L4.2.0.0
2024-02-05 12:00:15,374 [WARN] ConditionMgr:1039 - genDependencies : Invalid condition id : LAN8742 Phy interface Condition cause : null
2024-02-05 12:00:15,375 [WARN] ConditionMgr:1039 - genDependencies : Invalid condition id : LAN8742 Phy interface Condition cause : null
2024-02-05 12:00:15,376 [WARN] ConditionMgr:1039 - genDependencies : Invalid condition id : LAN8742 Phy interface Condition cause : null
2024-02-05 12:00:15,397 [WARN] PackLoader:240 - Cannot read IP mode file for STMicroelectronics.X-CUBE-SFXS2LP1.4.0.0
2024-02-05 12:00:15,415 [WARN] PackLoader:240 - Cannot read IP mode file for STMicroelectronics.X-CUBE-ISPU.1.1.0
2024-02-05 12:00:15,450 [WARN] ConditionMgr:438 - getConditionDescription Invalid condition id : UX DEVICE CLASS RTOS Condition cause : null
2024-02-05 12:00:15,451 [WARN] ConditionMgr:438 - getConditionDescription Invalid condition id : UX DEVICE CLASS RTOS Condition cause : null
2024-02-05 12:00:15,453 [WARN] PackLoader:240 - Cannot read IP mode file for STMicroelectronics.X-CUBE-AZRTOS-WB.2.0.0
2024-02-05 12:00:15,453 [WARN] ConditionMgr:1039 - genDependencies : Invalid condition id : UX DEVICE CLASS RTOS Condition cause : null
2024-02-05 12:00:15,454 [WARN] ConditionMgr:1039 - genDependencies : Invalid condition id : UX DEVICE CLASS RTOS Condition cause : null
2024-02-05 12:00:15,454 [WARN] ConditionMgr:1039 - genDependencies : Invalid condition id : UX DEVICE CLASS RTOS Condition cause : null
2024-02-05 12:00:15,454 [WARN] ConditionMgr:1039 - genDependencies : Invalid condition id : UX DEVICE CLASS RTOS Condition cause : null
2024-02-05 12:00:15,455 [WARN] ConditionMgr:1039 - genDependencies : Invalid condition id : UX DEVICE CLASS RTOS Condition cause : null
2024-02-05 12:00:15,483 [WARN] PackLoader:240 - Cannot read IP mode file for STMicroelectronics.X-CUBE-SUBG2.5.0.0
2024-02-05 12:00:15,530 [WARN] PackLoader:240 - Cannot read IP mode file for STMicroelectronics.X-CUBE-AZRTOS-G4.2.0.0
2024-02-05 12:00:15,563 [WARN] PackLoader:240 - Cannot read IP mode file for Infineon.AIROC-Wi-Fi-Bluetooth-STM32.1.5.1
2024-02-05 12:00:15,586 [WARN] PackLoader:240 - Cannot read IP mode file for STMicroelectronics.FP-SNS-MOTENVWB1.1.3.0
2024-02-05 12:00:15,605 [WARN] PackLoader:240 - Cannot read IP mode file for STMicroelectronics.FP-SNS-MOTENVWB1.1.3.1
2024-02-05 12:00:15,621 [WARN] PackLoader:240 - Cannot read IP mode file for STMicroelectronics.X-CUBE-ISPU.2.0.0
2024-02-05 12:00:15,694 [WARN] PackLoader:240 - Cannot read IP mode file for STMicroelectronics.X-CUBE-MEMS1.10.0.0
2024-02-05 12:00:15,984 [WARN] PackLoader:240 - Cannot read IP mode file for STMicroelectronics.X-CUBE-FREERTOS.1.1.0
2024-02-05 12:00:16,010 [WARN] PackLoader:240 - Cannot read IP mode file for portGmbH.I-Cube-SoM-uGOAL.1.1.0
2024-02-05 12:00:16,028 [WARN] PackLoader:240 - Cannot read IP mode file for STMicroelectronics.X-CUBE-ALS.1.0.1
2024-02-05 12:00:16,046 [WARN] PackLoader:240 - Cannot read IP mode file for STMicroelectronics.FP-ATR-ASTRA1.2.0.0
2024-02-05 12:00:16,078 [WARN] PackLoader:240 - Cannot read IP mode file for STMicroelectronics.X-CUBE-TOF1.3.4.0
2024-02-05 12:00:16,139 [WARN] PackLoader:240 - Cannot read IP mode file for STMicroelectronics.X-CUBE-AZRTOS-H7.3.2.0
2024-02-05 12:00:16,143 [INFO] ThirdParty:978 - Integrity check success = true
2024-02-05 12:00:16,143 [INFO] IntegrityCheckThread:100 - exiting critical section [integrity check]
2024-02-05 12:00:16,144 [INFO] IntegrityCheckThread:103 - End integrity checks thread
2024-02-05 12:00:17,621 [INFO] WebApp:161 - Instantiating new browser for Auth
2024-02-05 12:00:18,458 [INFO] WebApp:780 - Register for checkConnection events
2024-02-05 12:00:18,458 [INFO] WebApp:414 - Apply proxy settings
2024-02-05 12:00:18,459 [INFO] WebApp:499 - Chromium requires no authentication
2024-02-05 12:00:18,470 [INFO] WebApp:442 - Direct internet connection detected
2024-02-05 12:00:18,702 [INFO] WebApp:192 - Starting web application
2024-02-05 12:00:18,702 [INFO] WebApp:544 - Web application path used C:\ST\STM32CubeIDE_1.14.0\STM32CubeIDE\plugins\com.st.stm32cube.common.mx_6.10.0.202311202037\db\plugins\mcufinder\reactClient1\index.html
2024-02-05 12:00:21,901 [ERROR] LogOutputStream:75 - [STDERR_REDIRECT] SLF4J: Failed to load class "org.slf4j.impl.StaticLoggerBinder".
2024-02-05 12:00:21,903 [ERROR] LogOutputStream:75 - [STDERR_REDIRECT] SLF4J: Defaulting to no-operation (NOP) logger implementation
2024-02-05 12:00:21,905 [ERROR] LogOutputStream:75 - [STDERR_REDIRECT] SLF4J: See http://www.slf4j.org/codes.html#StaticLoggerBinder for further details.
2024-02-05 16:20:53,031 [ERROR] LogOutputStream:75 - [STDERR_REDIRECT] 
2024-02-05 16:20:53,035 [ERROR] LogOutputStream:75 - [STDERR_REDIRECT] 
2024-02-05 16:22:28,275 [INFO] Activator:176 - 


2024-02-05 16:22:28,276 [INFO] Activator:177 - !SESSION log4j initialized
2024-02-05 16:22:32,701 [INFO] LogOutputStream:77 - [STDOUT_REDIRECT] 
2024-02-05 16:22:33,654 [INFO] ApplicationProperties:184 - Using Application install path: C:\ST\STM32CubeIDE_1.14.0\STM32CubeIDE\plugins\com.st.stm32cube.common.mx_6.10.0.202311202037
2024-02-05 16:22:33,668 [INFO] DbMcusXml:78 - Set database path to: C:\ST\STM32CubeIDE_1.14.0\STM32CubeIDE\plugins\com.st.stm32cube.common.mx_6.10.0.202311202037\\db\/mcu/
2024-02-05 16:22:33,668 [INFO] ApiDb:274 - Set plugin database path to: C:\ST\STM32CubeIDE_1.14.0\STM32CubeIDE\plugins\com.st.stm32cube.common.mx_6.10.0.202311202037\\db\/plugins/boardmanager/
2024-02-05 16:22:33,668 [WARN] ApiDb:259 - Overriding images path with different value:  => C:\ST\STM32CubeIDE_1.14.0\STM32CubeIDE\plugins\com.st.stm32cube.common.mx_6.10.0.202311202037\\db\/plugins/mcufinder/images/
2024-02-05 16:22:33,674 [INFO] ApiDb:250 - Set database path to: C:\Users\sykojo\.stmcufinder\plugins\mcufinder//mcu/
2024-02-05 16:22:33,675 [INFO] DbMcusAds:125 - Set database path to: C:\Users\sykojo\.stmcufinder\plugins\mcufinder//mcu/
2024-02-05 16:22:33,676 [INFO] CrossReferenceDbSqlite:203 - Set database path to: C:\Users\sykojo\.stmcufinder\plugins\mcufinder//mcu/cs/
2024-02-05 16:22:33,782 [INFO] RulesReader:64 - Compatibility file has been processed (297 Rules)
2024-02-05 16:22:33,856 [INFO] DbMcusXml:78 - Set database path to: C:\ST\STM32CubeIDE_1.14.0\STM32CubeIDE\plugins\com.st.stm32cube.common.mx_6.10.0.202311202037\\db\/mcu/
2024-02-05 16:22:33,856 [INFO] ApiDb:274 - Set plugin database path to: C:\ST\STM32CubeIDE_1.14.0\STM32CubeIDE\plugins\com.st.stm32cube.common.mx_6.10.0.202311202037\\db\/plugins/boardmanager/
2024-02-05 16:22:33,856 [INFO] ApiDb:261 - Set plugin images path to: C:\ST\STM32CubeIDE_1.14.0\STM32CubeIDE\plugins\com.st.stm32cube.common.mx_6.10.0.202311202037\\db\/plugins/mcufinder/images/
2024-02-05 16:22:33,856 [WARN] DbFile:41 - Overriding database path with different value: C:\Users\sykojo\.stmcufinder\plugins\mcufinder/ => C:\Users\sykojo\.stmcufinder\plugins\mcufinder
2024-02-05 16:22:33,856 [INFO] ApiDb:250 - Set database path to: C:\Users\sykojo\.stmcufinder\plugins\mcufinder//mcu/
2024-02-05 16:22:33,856 [WARN] DbFile:41 - Overriding database path with different value: C:\Users\sykojo\.stmcufinder\plugins\mcufinder/ => C:\Users\sykojo\.stmcufinder\plugins\mcufinder
2024-02-05 16:22:33,857 [INFO] DbMcusAds:125 - Set database path to: C:\Users\sykojo\.stmcufinder\plugins\mcufinder//mcu/
2024-02-05 16:22:33,857 [WARN] DbFile:41 - Overriding database path with different value: C:\Users\sykojo\.stmcufinder\plugins\mcufinder/ => C:\Users\sykojo\.stmcufinder\plugins\mcufinder
2024-02-05 16:22:33,857 [WARN] DbFile:41 - Overriding database path with different value: C:\Users\sykojo\.stmcufinder\plugins\mcufinder/ => C:\Users\sykojo\.stmcufinder\plugins\mcufinder
2024-02-05 16:22:33,857 [INFO] CrossReferenceDbSqlite:203 - Set database path to: C:\Users\sykojo\.stmcufinder\plugins\mcufinder//mcu/cs/
2024-02-05 16:22:33,924 [INFO] MainPanel:264 - HeapMemory: 268435456
2024-02-05 16:22:33,999 [INFO] DbMcusXml:78 - Set database path to: C:\ST\STM32CubeIDE_1.14.0\STM32CubeIDE\plugins\com.st.stm32cube.common.mx_6.10.0.202311202037\\db\/mcu/
2024-02-05 16:22:33,999 [INFO] ApiDb:274 - Set plugin database path to: C:\ST\STM32CubeIDE_1.14.0\STM32CubeIDE\plugins\com.st.stm32cube.common.mx_6.10.0.202311202037\\db\/plugins/boardmanager/
2024-02-05 16:22:33,999 [INFO] ApiDb:261 - Set plugin images path to: C:\ST\STM32CubeIDE_1.14.0\STM32CubeIDE\plugins\com.st.stm32cube.common.mx_6.10.0.202311202037\\db\/plugins/mcufinder/images/
2024-02-05 16:22:33,999 [WARN] DbFile:41 - Overriding database path with different value: C:\Users\sykojo\.stmcufinder\plugins\mcufinder/ => C:\Users\sykojo\.stmcufinder\plugins\mcufinder
2024-02-05 16:22:33,999 [INFO] ApiDb:250 - Set database path to: C:\Users\sykojo\.stmcufinder\plugins\mcufinder//mcu/
2024-02-05 16:22:34,000 [WARN] DbFile:41 - Overriding database path with different value: C:\Users\sykojo\.stmcufinder\plugins\mcufinder/ => C:\Users\sykojo\.stmcufinder\plugins\mcufinder
2024-02-05 16:22:34,000 [INFO] DbMcusAds:125 - Set database path to: C:\Users\sykojo\.stmcufinder\plugins\mcufinder//mcu/
2024-02-05 16:22:34,000 [WARN] DbFile:41 - Overriding database path with different value: C:\Users\sykojo\.stmcufinder\plugins\mcufinder/ => C:\Users\sykojo\.stmcufinder\plugins\mcufinder
2024-02-05 16:22:34,000 [WARN] DbFile:41 - Overriding database path with different value: C:\Users\sykojo\.stmcufinder\plugins\mcufinder/ => C:\Users\sykojo\.stmcufinder\plugins\mcufinder
2024-02-05 16:22:34,000 [INFO] CrossReferenceDbSqlite:203 - Set database path to: C:\Users\sykojo\.stmcufinder\plugins\mcufinder//mcu/cs/
2024-02-05 16:22:34,014 [INFO] ApplicationProperties:184 - Using Application install path: C:\ST\STM32CubeIDE_1.14.0\STM32CubeIDE\plugins\com.st.stm32cube.common.mx_6.10.0.202311202037
2024-02-05 16:22:34,015 [INFO] PluginManage:196 - Search for loadable plugins [exclusion list=, ]
2024-02-05 16:22:34,016 [INFO] PluginManage:310 - Check plugin analytics
2024-02-05 16:22:34,115 [INFO] AnalyticsPlugin:253 - Accepted Software Licenses: 
2024-02-05 16:22:34,115 [INFO] AnalyticsPlugin:255 - Accepted CMSIS Pack Licenses: 
2024-02-05 16:22:34,115 [INFO] AnalyticsPlugin:257 - Accepted Firmware Licenses: 
2024-02-05 16:22:34,117 [INFO] PluginManage:359 - Loaded plugin analytics (category:tool,tabindex:-1)
2024-02-05 16:22:34,117 [INFO] PluginManage:310 - Check plugin cadmodel
2024-02-05 16:22:34,128 [INFO] CADModel:105 - Init CAD model plugin
2024-02-05 16:22:34,129 [INFO] PluginManage:359 - Loaded plugin cadmodel (category:power,tabindex:5)
2024-02-05 16:22:34,129 [INFO] PluginManage:310 - Check plugin clock
2024-02-05 16:22:34,142 [INFO] PluginManage:359 - Loaded plugin clock (category:base,tabindex:2)
2024-02-05 16:22:34,142 [INFO] PluginManage:310 - Check plugin ddr
2024-02-05 16:22:34,144 [INFO] PluginManage:359 - Loaded plugin ddr (category:tool,tabindex:6)
2024-02-05 16:22:34,144 [INFO] PluginManage:310 - Check plugin filemanager
2024-02-05 16:22:34,240 [INFO] PluginManage:359 - Loaded plugin filemanager (category:base,tabindex:10)
2024-02-05 16:22:34,240 [INFO] PluginManage:310 - Check plugin ipmanager
2024-02-05 16:22:34,246 [INFO] PluginManage:359 - Loaded plugin ipmanager (category:base,tabindex:5)
2024-02-05 16:22:34,246 [INFO] PluginManage:310 - Check plugin lpbam
2024-02-05 16:22:34,259 [INFO] PluginManage:359 - Loaded plugin lpbam (category:base,tabindex:0)
2024-02-05 16:22:34,259 [INFO] PluginManage:310 - Check plugin memorymap
2024-02-05 16:22:34,278 [INFO] PluginManage:359 - Loaded plugin memorymap (category:base,tabindex:4)
2024-02-05 16:22:34,278 [INFO] PluginManage:310 - Check plugin pinoutandconfiguration
2024-02-05 16:22:34,292 [INFO] PluginManage:359 - Loaded plugin pinoutandconfiguration (category:base,tabindex:1)
2024-02-05 16:22:34,292 [INFO] PluginManage:310 - Check plugin pinoutconfig
2024-02-05 16:22:34,380 [WARN] SupportedApi:132 - Cannot load RTOS API schema: s4s-elt-must-match.1: The content of 'definitions' must match (annotation?, (simpleType | complexType)?, (unique | key | keyref)*)). A problem was found starting at: attribute.
2024-02-05 16:22:34,481 [INFO] PluginManage:359 - Loaded plugin pinoutconfig (category:base,tabindex:0)
2024-02-05 16:22:34,481 [INFO] PluginManage:310 - Check plugin power
2024-02-05 16:22:34,497 [INFO] PluginManage:359 - Loaded plugin power (category:power,tabindex:4)
2024-02-05 16:22:34,497 [INFO] PluginManage:310 - Check plugin projectmanager
2024-02-05 16:22:34,510 [INFO] PluginManage:359 - Loaded plugin projectmanager (category:projectmanager,tabindex:3)
2024-02-05 16:22:34,510 [INFO] PluginManage:310 - Check plugin thirdparty
2024-02-05 16:22:34,718 [INFO] PluginManage:359 - Loaded plugin thirdparty (category:base,tabindex:-1)
2024-02-05 16:22:34,718 [WARN] IntegrityCheckThread:84 - waiting for thirdparty lock release [integrity check]
2024-02-05 16:22:34,719 [INFO] PluginManage:310 - Check plugin tools
2024-02-05 16:22:34,719 [INFO] IntegrityCheckThread:86 - entering critical section [integrity check]
2024-02-05 16:22:34,719 [INFO] ThirdPartyUpdaterWithRetryManager:70 - Updater plugin not ready yet. [1/15]
2024-02-05 16:22:34,745 [INFO] PluginManage:359 - Loaded plugin tools (category:base,tabindex:7)
2024-02-05 16:22:34,745 [INFO] PluginManage:310 - Check plugin tutovideos
2024-02-05 16:22:34,894 [INFO] PluginManage:359 - Loaded plugin tutovideos (category:base,tabindex:-1)
2024-02-05 16:22:34,895 [INFO] PluginManage:310 - Check plugin updater
2024-02-05 16:22:34,902 [INFO] PluginManage:359 - Loaded plugin updater (category:base,tabindex:12)
2024-02-05 16:22:34,902 [INFO] PluginManage:310 - Check plugin userauth
2024-02-05 16:22:34,907 [INFO] UserAuth:114 - Init User Auth plugin
2024-02-05 16:22:34,907 [INFO] PluginManage:359 - Loaded plugin userauth (category:base,tabindex:14)
2024-02-05 16:22:34,907 [INFO] PluginManage:283 - PluginManage : Loaded plugins [17]
2024-02-05 16:22:35,064 [INFO] PinOutPanel:1499 - setPackage(No Configuration,No Configuration)
2024-02-05 16:22:35,118 [INFO] CADModel:165 - CPN selected for project level
2024-02-05 16:22:35,118 [INFO] CADModel:114 - Register for checkConnection events
2024-02-05 16:22:35,140 [INFO] IPUIPlugin:80 - create IPUIPlugin
2024-02-05 16:22:35,140 [INFO] PluginManager:220 - loadIPPluginJar : add adc
2024-02-05 16:22:35,166 [INFO] IPUIPlugin:80 - create IPUIPlugin
2024-02-05 16:22:35,167 [INFO] PluginManager:220 - loadIPPluginJar : add aes
2024-02-05 16:22:35,196 [INFO] IPUIPlugin:80 - create IPUIPlugin
2024-02-05 16:22:35,196 [INFO] PluginManager:220 - loadIPPluginJar : add can
2024-02-05 16:22:35,214 [INFO] IPUIPlugin:80 - create IPUIPlugin
2024-02-05 16:22:35,214 [INFO] PluginManager:220 - loadIPPluginJar : add comp
2024-02-05 16:22:35,239 [INFO] IPUIPlugin:80 - create IPUIPlugin
2024-02-05 16:22:35,239 [INFO] PluginManager:220 - loadIPPluginJar : add cryp
2024-02-05 16:22:35,260 [INFO] IPUIPlugin:80 - create IPUIPlugin
2024-02-05 16:22:35,261 [INFO] PluginManager:220 - loadIPPluginJar : add dfsdm
2024-02-05 16:22:35,271 [INFO] IPUIPlugin:80 - create IPUIPlugin
2024-02-05 16:22:35,272 [INFO] PluginManager:220 - loadIPPluginJar : add dma
2024-02-05 16:22:35,303 [INFO] IPUIPlugin:80 - create IPUIPlugin
2024-02-05 16:22:35,303 [INFO] PluginManager:220 - loadIPPluginJar : add dma3
2024-02-05 16:22:35,318 [INFO] IPUIPlugin:80 - create IPUIPlugin
2024-02-05 16:22:35,318 [INFO] PluginManager:220 - loadIPPluginJar : add fatfs
2024-02-05 16:22:35,354 [INFO] IPUIPlugin:80 - create IPUIPlugin
2024-02-05 16:22:35,354 [INFO] PluginManager:220 - loadIPPluginJar : add fmc
2024-02-05 16:22:35,365 [INFO] IPUIPlugin:80 - create IPUIPlugin
2024-02-05 16:22:35,365 [INFO] PluginManager:220 - loadIPPluginJar : add freertos
2024-02-05 16:22:35,381 [INFO] IPUIPlugin:80 - create IPUIPlugin
2024-02-05 16:22:35,381 [INFO] PluginManager:220 - loadIPPluginJar : add genericplugin
2024-02-05 16:22:35,445 [INFO] IPUIPlugin:80 - create IPUIPlugin
2024-02-05 16:22:35,445 [INFO] PluginManager:220 - loadIPPluginJar : add gfxmmu
2024-02-05 16:22:35,535 [INFO] IPUIPlugin:80 - create IPUIPlugin
2024-02-05 16:22:35,535 [INFO] PluginManager:220 - loadIPPluginJar : add gic
2024-02-05 16:22:35,546 [INFO] IPUIPlugin:80 - create IPUIPlugin
2024-02-05 16:22:35,546 [INFO] PluginManager:220 - loadIPPluginJar : add gpio
2024-02-05 16:22:35,613 [INFO] IPUIPlugin:80 - create IPUIPlugin
2024-02-05 16:22:35,613 [INFO] PluginManager:220 - loadIPPluginJar : add gtzc
2024-02-05 16:22:35,637 [INFO] IPUIPlugin:80 - create IPUIPlugin
2024-02-05 16:22:35,637 [INFO] PluginManager:220 - loadIPPluginJar : add hash
2024-02-05 16:22:35,673 [INFO] IPUIPlugin:80 - create IPUIPlugin
2024-02-05 16:22:35,673 [INFO] PluginManager:220 - loadIPPluginJar : add i2c
2024-02-05 16:22:35,703 [INFO] IPUIPlugin:80 - create IPUIPlugin
2024-02-05 16:22:35,703 [INFO] PluginManager:220 - loadIPPluginJar : add i2s
2024-02-05 16:22:35,734 [INFO] IPUIPlugin:80 - create IPUIPlugin
2024-02-05 16:22:35,734 [INFO] PluginManager:220 - loadIPPluginJar : add i3c
2024-02-05 16:22:35,812 [INFO] IPUIPlugin:80 - create IPUIPlugin
2024-02-05 16:22:35,812 [INFO] PluginManager:220 - loadIPPluginJar : add ipddr
2024-02-05 16:22:35,876 [INFO] IPUIPlugin:80 - create IPUIPlugin
2024-02-05 16:22:35,876 [INFO] PluginManager:220 - loadIPPluginJar : add linkedlist
2024-02-05 16:22:35,902 [INFO] IPUIPlugin:80 - create IPUIPlugin
2024-02-05 16:22:35,902 [INFO] PluginManager:220 - loadIPPluginJar : add lorawan
2024-02-05 16:22:35,929 [INFO] IPUIPlugin:80 - create IPUIPlugin
2024-02-05 16:22:35,929 [INFO] PluginManager:220 - loadIPPluginJar : add ltdc
2024-02-05 16:22:35,940 [INFO] IPUIPlugin:80 - create IPUIPlugin
2024-02-05 16:22:35,941 [INFO] PluginManager:220 - loadIPPluginJar : add mdma
2024-02-05 16:22:35,950 [INFO] IPUIPlugin:80 - create IPUIPlugin
2024-02-05 16:22:35,950 [INFO] PluginManager:220 - loadIPPluginJar : add nvic
2024-02-05 16:22:35,976 [INFO] IPUIPlugin:80 - create IPUIPlugin
2024-02-05 16:22:35,976 [INFO] PluginManager:220 - loadIPPluginJar : add opamp
2024-02-05 16:22:36,019 [INFO] IPUIPlugin:80 - create IPUIPlugin
2024-02-05 16:22:36,020 [INFO] PluginManager:220 - loadIPPluginJar : add openamp
2024-02-05 16:22:36,050 [INFO] IPUIPlugin:80 - create IPUIPlugin
2024-02-05 16:22:36,050 [INFO] PluginManager:220 - loadIPPluginJar : add pdm2pcm
2024-02-05 16:22:36,062 [INFO] IPUIPlugin:80 - create IPUIPlugin
2024-02-05 16:22:36,063 [INFO] PluginManager:220 - loadIPPluginJar : add plateformsettings
2024-02-05 16:22:36,081 [INFO] IPUIPlugin:80 - create IPUIPlugin
2024-02-05 16:22:36,081 [INFO] PluginManager:220 - loadIPPluginJar : add quadspi
2024-02-05 16:22:36,090 [INFO] IPUIPlugin:80 - create IPUIPlugin
2024-02-05 16:22:36,091 [INFO] PluginManager:220 - loadIPPluginJar : add resmgrutility
2024-02-05 16:22:36,127 [INFO] IPUIPlugin:80 - create IPUIPlugin
2024-02-05 16:22:36,127 [INFO] PluginManager:220 - loadIPPluginJar : add sai
2024-02-05 16:22:36,154 [INFO] IPUIPlugin:80 - create IPUIPlugin
2024-02-05 16:22:36,154 [INFO] PluginManager:220 - loadIPPluginJar : add spi
2024-02-05 16:22:36,204 [INFO] IPUIPlugin:80 - create IPUIPlugin
2024-02-05 16:22:36,204 [INFO] PluginManager:220 - loadIPPluginJar : add stm32_wpan
2024-02-05 16:22:36,223 [INFO] IPUIPlugin:80 - create IPUIPlugin
2024-02-05 16:22:36,223 [INFO] PluginManager:220 - loadIPPluginJar : add tim
2024-02-05 16:22:36,266 [INFO] IPUIPlugin:80 - create IPUIPlugin
2024-02-05 16:22:36,266 [INFO] PluginManager:220 - loadIPPluginJar : add touchsensing
2024-02-05 16:22:36,283 [INFO] IPUIPlugin:80 - create IPUIPlugin
2024-02-05 16:22:36,283 [INFO] PluginManager:220 - loadIPPluginJar : add tracer_emb
2024-02-05 16:22:36,300 [INFO] IPUIPlugin:80 - create IPUIPlugin
2024-02-05 16:22:36,300 [INFO] PluginManager:220 - loadIPPluginJar : add ts
2024-02-05 16:22:36,316 [INFO] IPUIPlugin:80 - create IPUIPlugin
2024-02-05 16:22:36,316 [INFO] PluginManager:220 - loadIPPluginJar : add tsc
2024-02-05 16:22:36,333 [INFO] IPUIPlugin:80 - create IPUIPlugin
2024-02-05 16:22:36,333 [INFO] PluginManager:220 - loadIPPluginJar : add ucpd
2024-02-05 16:22:36,373 [INFO] IPUIPlugin:80 - create IPUIPlugin
2024-02-05 16:22:36,373 [INFO] PluginManager:220 - loadIPPluginJar : add usart
2024-02-05 16:22:36,405 [INFO] IPUIPlugin:80 - create IPUIPlugin
2024-02-05 16:22:36,405 [INFO] PluginManager:220 - loadIPPluginJar : add usbx
2024-02-05 16:22:36,516 [INFO] CADModel:165 - CPN selected for project level
2024-02-05 16:22:36,516 [INFO] CADModel:114 - Register for checkConnection events
2024-02-05 16:22:36,516 [FATAL] Updater:308 - Updater called before beeing initialized
2024-02-05 16:22:36,516 [ERROR] CADModel:125 - Updater not yet initialized, retry later 
2024-02-05 16:22:36,614 [INFO] CADModel:165 - CPN selected for project level
2024-02-05 16:22:36,615 [INFO] CADModel:114 - Register for checkConnection events
2024-02-05 16:22:36,615 [FATAL] Updater:308 - Updater called before beeing initialized
2024-02-05 16:22:36,615 [ERROR] CADModel:125 - Updater not yet initialized, retry later 
2024-02-05 16:22:36,617 [FATAL] Updater:308 - Updater called before beeing initialized
2024-02-05 16:22:36,695 [FATAL] Updater:308 - Updater called before beeing initialized
2024-02-05 16:22:36,703 [INFO] DbMcusAds:53 - JSON generation date=Wed Nov 29 11:52:27 CET 2023 (1701255147349)
2024-02-05 16:22:36,704 [FATAL] Updater:308 - Updater called before beeing initialized
2024-02-05 16:22:36,766 [WARN] DetailPanel:346 - Failed to get advertising image, set to default
2024-02-05 16:22:36,848 [FATAL] Updater:308 - Updater called before beeing initialized
2024-02-05 16:22:36,849 [FATAL] Updater:308 - Updater called before beeing initialized
2024-02-05 16:22:36,849 [FATAL] Updater:308 - Updater called before beeing initialized
2024-02-05 16:22:36,849 [WARN] DetailPanel:346 - Failed to get advertising image, set to default
2024-02-05 16:22:36,849 [FATAL] Updater:308 - Updater called before beeing initialized
2024-02-05 16:22:36,893 [ERROR] Updater:1120 - MainUpdater not yet initialized. External WinMGr cannot be set.
2024-02-05 16:22:36,903 [INFO] Updater:1056 - Updater Version found : 6.10.0
2024-02-05 16:22:36,917 [INFO] ApplicationProperties:184 - Using Application install path: C:\ST\STM32CubeIDE_1.14.0\STM32CubeIDE\plugins\com.st.stm32cube.common.mx_6.10.0.202311202037
2024-02-05 16:22:37,720 [INFO] ThirdPartyUpdaterWithRetryManager:70 - Updater plugin not ready yet. [2/15]
2024-02-05 16:22:38,493 [ERROR] LogOutputStream:75 - [STDERR_REDIRECT] Feb 05, 2024 4:22:38 PM java.util.prefs.WindowsPreferences <init>
2024-02-05 16:22:38,494 [ERROR] LogOutputStream:75 - [STDERR_REDIRECT] WARNING: Could not open/create prefs root node Software\JavaSoft\Prefs at root 0xffffffff80000002. Windows RegCreateKeyEx(...) returned error code 5.
2024-02-05 16:22:38,494 [ERROR] LogOutputStream:75 - [STDERR_REDIRECT] 
2024-02-05 16:22:38,966 [INFO] MainUpdater:2873 - connection check result : 10
2024-02-05 16:22:38,966 [INFO] MainUpdater:290 - Updater Check For Update Now.
2024-02-05 16:22:38,966 [INFO] MicroXplorer:498 - Change Database Version : DB.6.0.100
2024-02-05 16:22:38,984 [INFO] McuFinderGlobals:63 - Set McuFinder mode to 2 (CubeIDE integrated)
2024-02-05 16:22:38,995 [INFO] UserAuth:404 - Internet connection configuration mode: 1
2024-02-05 16:22:39,016 [INFO] JxBrowserEngine:152 - Initiate JxBrowser Engine with user profile folder
2024-02-05 16:22:39,141 [INFO] CheckServerUpdateThread:120 - End of CheckServer Thread
2024-02-05 16:22:40,912 [WARN] PackLoader:240 - Cannot read IP mode file for STMicroelectronics.X-CUBE-SMBUS.2.1.0
2024-02-05 16:22:40,931 [WARN] PackLoader:240 - Cannot read IP mode file for STMicroelectronics.X-CUBE-TOUCHGFX.4.23.0
2024-02-05 16:22:40,969 [WARN] PackLoader:240 - Cannot read IP mode file for STMicroelectronics.X-CUBE-AZRTOS-F7.1.1.0
2024-02-05 16:22:40,986 [WARN] PackLoader:240 - Cannot read IP mode file for STMicroelectronics.FP-SNS-MOTENV1.4.3.2
2024-02-05 16:22:40,999 [WARN] PackLoader:240 - Cannot read IP mode file for STMicroelectronics.FP-SNS-FLIGHT1.5.0.2
2024-02-05 16:22:41,016 [WARN] PackLoader:240 - Cannot read IP mode file for STMicroelectronics.X-CUBE-DISPLAY.3.0.0
2024-02-05 16:22:41,035 [WARN] PackLoader:240 - Cannot read IP mode file for STMicroelectronics.X-CUBE-BLE1.7.0.0
2024-02-05 16:22:41,043 [INFO] WebApp:161 - Instantiating new browser for Auth
2024-02-05 16:22:41,048 [WARN] PackLoader:240 - Cannot read IP mode file for emotas.I-CUBE-CANOPEN.1.3.0
2024-02-05 16:22:41,065 [WARN] PackLoader:240 - Cannot read IP mode file for STMicroelectronics.X-CUBE-TOUCHGFX.4.22.1
2024-02-05 16:22:41,082 [WARN] PackLoader:240 - Cannot read IP mode file for STMicroelectronics.FP-SNS-SMARTAG2.1.2.0
2024-02-05 16:22:41,104 [INFO] LogOutputStream:77 - [STDOUT_REDIRECT] 1 : Invalid condition id : UX_CORESTACK_Condition cause : null
2024-02-05 16:22:41,104 [INFO] LogOutputStream:77 - [STDOUT_REDIRECT] 1 : Invalid condition id : UX_CORESTACK_Condition cause : null
2024-02-05 16:22:41,105 [INFO] LogOutputStream:77 - [STDOUT_REDIRECT] 1 : Invalid condition id : UX_CORESTACK_Condition cause : null
2024-02-05 16:22:41,105 [INFO] LogOutputStream:77 - [STDOUT_REDIRECT] 1 : Invalid condition id : UX_CORESTACK_Condition cause : null
2024-02-05 16:22:41,106 [INFO] LogOutputStream:77 - [STDOUT_REDIRECT] 1 : Invalid condition id : UX_CORESTACK_Condition cause : null
2024-02-05 16:22:41,109 [WARN] PackLoader:240 - Cannot read IP mode file for STMicroelectronics.X-CUBE-AZRTOS-WL.2.0.0
2024-02-05 16:22:41,125 [WARN] PackLoader:240 - Cannot read IP mode file for WES.I-CUBE-Cesium.1.3.0
2024-02-05 16:22:41,142 [WARN] PackLoader:240 - Cannot read IP mode file for STMicroelectronics.X-CUBE-BLE2.3.3.0
2024-02-05 16:22:41,155 [WARN] PackLoader:240 - Cannot read IP mode file for STMicroelectronics.X-CUBE-ALGOBUILD.1.3.0
2024-02-05 16:22:41,181 [WARN] PackLoader:240 - Cannot read IP mode file for STMicroelectronics.X-CUBE-AZRTOS-G0.1.1.0
2024-02-05 16:22:41,198 [WARN] PackLoader:240 - Cannot read IP mode file for STMicroelectronics.X-CUBE-NFC4.3.0.0
2024-02-05 16:22:41,218 [WARN] PackLoader:240 - Cannot read IP mode file for STMicroelectronics.X-CUBE-BLEMGR.3.0.0
2024-02-05 16:22:41,231 [WARN] PackLoader:240 - Cannot read IP mode file for STMicroelectronics.FP-ATR-SIGFOX1.3.2.0
2024-02-05 16:22:41,242 [WARN] PackLoader:240 - Cannot read IP mode file for STMicroelectronics.X-CUBE-EEPRMA1.5.1.0
2024-02-05 16:22:41,274 [WARN] PackLoader:240 - Cannot read IP mode file for SEGGER.I-CUBE-embOS.1.3.1
2024-02-05 16:22:41,308 [WARN] PackLoader:240 - Cannot read IP mode file for STMicroelectronics.X-CUBE-GNSS1.6.0.0
2024-02-05 16:22:41,336 [WARN] PackLoader:240 - Cannot read IP mode file for STMicroelectronics.X-CUBE-AZRTOS-F4.1.1.0
2024-02-05 16:22:41,355 [WARN] PackLoader:240 - Cannot read IP mode file for wolfSSL.I-CUBE-wolfSSL.5.6.4
2024-02-05 16:22:41,398 [WARN] PackLoader:240 - Cannot read IP mode file for STMicroelectronics.X-CUBE-AZRTOS-L5.2.0.0
2024-02-05 16:22:41,418 [WARN] PackLoader:240 - Cannot read IP mode file for STMicroelectronics.X-CUBE-EEPRMA1.4.2.0
2024-02-05 16:22:41,448 [WARN] PackLoader:240 - Cannot read IP mode file for ITTIA_DB.I-CUBE-ITTIADB.8.8.0
2024-02-05 16:22:41,478 [WARN] ConditionMgr:438 - getConditionDescription Invalid condition id : UX DEVICE CLASS RTOS Condition cause : null
2024-02-05 16:22:41,478 [WARN] ConditionMgr:438 - getConditionDescription Invalid condition id : UX DEVICE CLASS RTOS Condition cause : null
2024-02-05 16:22:41,480 [WARN] PackLoader:240 - Cannot read IP mode file for STMicroelectronics.X-CUBE-AZRTOS-H7.3.1.0
2024-02-05 16:22:41,481 [WARN] ConditionMgr:1039 - genDependencies : Invalid condition id : UX DEVICE CLASS RTOS Condition cause : null
2024-02-05 16:22:41,481 [WARN] ConditionMgr:1039 - genDependencies : Invalid condition id : UX DEVICE CLASS RTOS Condition cause : null
2024-02-05 16:22:41,481 [WARN] ConditionMgr:1039 - genDependencies : Invalid condition id : UX DEVICE CLASS RTOS Condition cause : null
2024-02-05 16:22:41,481 [WARN] ConditionMgr:1039 - genDependencies : Invalid condition id : UX DEVICE CLASS RTOS Condition cause : null
2024-02-05 16:22:41,482 [WARN] ConditionMgr:1039 - genDependencies : Invalid condition id : UX DEVICE CLASS RTOS Condition cause : null
2024-02-05 16:22:41,493 [WARN] PackLoader:240 - Cannot read IP mode file for STMicroelectronics.X-CUBE-NFC7.1.0.1
2024-02-05 16:22:41,509 [WARN] PackLoader:240 - Cannot read IP mode file for STMicroelectronics.X-CUBE-NFC6.3.0.0
2024-02-05 16:22:41,523 [WARN] PackLoader:240 - Cannot read IP mode file for STMicroelectronics.X-CUBE-AI.8.1.0
2024-02-05 16:22:41,548 [WARN] ConditionMgr:438 - getConditionDescription Invalid condition id : LAN8742 Phy interface Condition cause : null
2024-02-05 16:22:41,548 [WARN] PackLoader:240 - Cannot read IP mode file for STMicroelectronics.X-CUBE-AZRTOS-L4.2.0.0
2024-02-05 16:22:41,549 [WARN] ConditionMgr:1039 - genDependencies : Invalid condition id : LAN8742 Phy interface Condition cause : null
2024-02-05 16:22:41,549 [WARN] ConditionMgr:1039 - genDependencies : Invalid condition id : LAN8742 Phy interface Condition cause : null
2024-02-05 16:22:41,550 [WARN] ConditionMgr:1039 - genDependencies : Invalid condition id : LAN8742 Phy interface Condition cause : null
2024-02-05 16:22:41,563 [WARN] PackLoader:240 - Cannot read IP mode file for STMicroelectronics.X-CUBE-SFXS2LP1.4.0.0
2024-02-05 16:22:41,577 [WARN] PackLoader:240 - Cannot read IP mode file for STMicroelectronics.X-CUBE-ISPU.1.1.0
2024-02-05 16:22:41,597 [WARN] ConditionMgr:438 - getConditionDescription Invalid condition id : UX DEVICE CLASS RTOS Condition cause : null
2024-02-05 16:22:41,597 [WARN] ConditionMgr:438 - getConditionDescription Invalid condition id : UX DEVICE CLASS RTOS Condition cause : null
2024-02-05 16:22:41,599 [WARN] PackLoader:240 - Cannot read IP mode file for STMicroelectronics.X-CUBE-AZRTOS-WB.2.0.0
2024-02-05 16:22:41,599 [WARN] ConditionMgr:1039 - genDependencies : Invalid condition id : UX DEVICE CLASS RTOS Condition cause : null
2024-02-05 16:22:41,599 [WARN] ConditionMgr:1039 - genDependencies : Invalid condition id : UX DEVICE CLASS RTOS Condition cause : null
2024-02-05 16:22:41,599 [WARN] ConditionMgr:1039 - genDependencies : Invalid condition id : UX DEVICE CLASS RTOS Condition cause : null
2024-02-05 16:22:41,599 [WARN] ConditionMgr:1039 - genDependencies : Invalid condition id : UX DEVICE CLASS RTOS Condition cause : null
2024-02-05 16:22:41,599 [WARN] ConditionMgr:1039 - genDependencies : Invalid condition id : UX DEVICE CLASS RTOS Condition cause : null
2024-02-05 16:22:41,605 [INFO] WebApp:780 - Register for checkConnection events
2024-02-05 16:22:41,605 [INFO] WebApp:414 - Apply proxy settings
2024-02-05 16:22:41,605 [INFO] WebApp:499 - Chromium requires no authentication
2024-02-05 16:22:41,612 [INFO] WebApp:442 - Direct internet connection detected
2024-02-05 16:22:41,615 [WARN] PackLoader:240 - Cannot read IP mode file for STMicroelectronics.X-CUBE-SUBG2.5.0.0
2024-02-05 16:22:41,639 [WARN] PackLoader:240 - Cannot read IP mode file for STMicroelectronics.X-CUBE-AZRTOS-G4.2.0.0
2024-02-05 16:22:41,662 [WARN] PackLoader:240 - Cannot read IP mode file for Infineon.AIROC-Wi-Fi-Bluetooth-STM32.1.5.1
2024-02-05 16:22:41,680 [WARN] PackLoader:240 - Cannot read IP mode file for STMicroelectronics.FP-SNS-MOTENVWB1.1.3.0
2024-02-05 16:22:41,691 [WARN] PackLoader:240 - Cannot read IP mode file for STMicroelectronics.FP-SNS-MOTENVWB1.1.3.1
2024-02-05 16:22:41,703 [WARN] PackLoader:240 - Cannot read IP mode file for STMicroelectronics.X-CUBE-ISPU.2.0.0
2024-02-05 16:22:41,744 [WARN] PackLoader:240 - Cannot read IP mode file for STMicroelectronics.X-CUBE-MEMS1.10.0.0
2024-02-05 16:22:41,778 [INFO] WebApp:192 - Starting web application
2024-02-05 16:22:41,779 [INFO] WebApp:544 - Web application path used C:\ST\STM32CubeIDE_1.14.0\STM32CubeIDE\plugins\com.st.stm32cube.common.mx_6.10.0.202311202037\db\plugins\mcufinder\reactClient1\index.html
2024-02-05 16:22:41,826 [WARN] PackLoader:240 - Cannot read IP mode file for STMicroelectronics.X-CUBE-FREERTOS.1.1.0
2024-02-05 16:22:41,840 [WARN] PackLoader:240 - Cannot read IP mode file for portGmbH.I-Cube-SoM-uGOAL.1.1.0
2024-02-05 16:22:41,856 [WARN] PackLoader:240 - Cannot read IP mode file for STMicroelectronics.X-CUBE-ALS.1.0.1
2024-02-05 16:22:41,870 [WARN] PackLoader:240 - Cannot read IP mode file for STMicroelectronics.FP-ATR-ASTRA1.2.0.0
2024-02-05 16:22:41,891 [WARN] PackLoader:240 - Cannot read IP mode file for STMicroelectronics.X-CUBE-TOF1.3.4.0
2024-02-05 16:22:41,924 [WARN] PackLoader:240 - Cannot read IP mode file for STMicroelectronics.X-CUBE-AZRTOS-H7.3.2.0
2024-02-05 16:22:41,926 [INFO] ThirdParty:978 - Integrity check success = true
2024-02-05 16:22:41,926 [INFO] IntegrityCheckThread:100 - exiting critical section [integrity check]
2024-02-05 16:22:41,926 [INFO] IntegrityCheckThread:103 - End integrity checks thread
2024-02-05 16:22:53,458 [ERROR] LogOutputStream:75 - [STDERR_REDIRECT] SLF4J: Failed to load class "org.slf4j.impl.StaticLoggerBinder".
2024-02-05 16:22:53,459 [ERROR] LogOutputStream:75 - [STDERR_REDIRECT] SLF4J: Defaulting to no-operation (NOP) logger implementation
2024-02-05 16:22:53,459 [ERROR] LogOutputStream:75 - [STDERR_REDIRECT] SLF4J: See http://www.slf4j.org/codes.html#StaticLoggerBinder for further details.
2024-02-05 22:22:26,271 [ERROR] LogOutputStream:75 - [STDERR_REDIRECT] 
