2023-09-27 10:50:12,418 [INFO] Activator:176 - 


2023-09-27 10:50:12,429 [INFO] Activator:177 - !SESSION log4j initialized
2023-09-27 10:50:20,596 [INFO] LogOutputStream:77 - [STDOUT_REDIRECT] 
2023-09-27 10:50:24,135 [INFO] ApplicationProperties:184 - Using Application install path: C:\ST\STM32CubeIDE_1.11.0\STM32CubeIDE\plugins\com.st.stm32cube.common.mx_6.9.2.202309101412
2023-09-27 10:50:24,168 [INFO] DbMcusXml:78 - Set database path to: C:\ST\STM32CubeIDE_1.11.0\STM32CubeIDE\plugins\com.st.stm32cube.common.mx_6.9.2.202309101412\\db\/mcu/
2023-09-27 10:50:24,168 [INFO] ApiDb:274 - Set plugin database path to: C:\ST\STM32CubeIDE_1.11.0\STM32CubeIDE\plugins\com.st.stm32cube.common.mx_6.9.2.202309101412\\db\/plugins/boardmanager/
2023-09-27 10:50:24,168 [WARN] ApiDb:259 - Overriding images path with different value:  => C:\ST\STM32CubeIDE_1.11.0\STM32CubeIDE\plugins\com.st.stm32cube.common.mx_6.9.2.202309101412\\db\/plugins/mcufinder/images/
2023-09-27 10:50:24,192 [INFO] ApiDb:250 - Set database path to: C:\Users\sykojo\.stmcufinder\plugins\mcufinder//mcu/
2023-09-27 10:50:24,198 [INFO] DbMcusAds:125 - Set database path to: C:\Users\sykojo\.stmcufinder\plugins\mcufinder//mcu/
2023-09-27 10:50:24,199 [INFO] CrossReferenceDbSqlite:203 - Set database path to: C:\Users\sykojo\.stmcufinder\plugins\mcufinder//mcu/cs/
2023-09-27 10:50:24,398 [INFO] RulesReader:64 - Compatibility file has been processed (293 Rules)
2023-09-27 10:50:43,426 [ERROR] LogOutputStream:75 - [STDERR_REDIRECT] SLF4J: Failed to load class "org.slf4j.impl.StaticLoggerBinder".
2023-09-27 10:50:43,426 [ERROR] LogOutputStream:75 - [STDERR_REDIRECT] SLF4J: Defaulting to no-operation (NOP) logger implementation
2023-09-27 10:50:43,432 [ERROR] LogOutputStream:75 - [STDERR_REDIRECT] SLF4J: See http://www.slf4j.org/codes.html#StaticLoggerBinder for further details.
2023-09-27 10:50:45,623 [INFO] DbMcusXml:78 - Set database path to: C:\ST\STM32CubeIDE_1.11.0\STM32CubeIDE\plugins\com.st.stm32cube.common.mx_6.9.2.202309101412\\db\/mcu/
2023-09-27 10:50:45,623 [INFO] ApiDb:274 - Set plugin database path to: C:\ST\STM32CubeIDE_1.11.0\STM32CubeIDE\plugins\com.st.stm32cube.common.mx_6.9.2.202309101412\\db\/plugins/boardmanager/
2023-09-27 10:50:45,625 [INFO] ApiDb:261 - Set plugin images path to: C:\ST\STM32CubeIDE_1.11.0\STM32CubeIDE\plugins\com.st.stm32cube.common.mx_6.9.2.202309101412\\db\/plugins/mcufinder/images/
2023-09-27 10:50:45,626 [WARN] DbFile:41 - Overriding database path with different value: C:\Users\sykojo\.stmcufinder\plugins\mcufinder/ => C:\Users\sykojo\.stmcufinder\plugins\mcufinder
2023-09-27 10:50:45,626 [INFO] ApiDb:250 - Set database path to: C:\Users\sykojo\.stmcufinder\plugins\mcufinder//mcu/
2023-09-27 10:50:45,626 [WARN] DbFile:41 - Overriding database path with different value: C:\Users\sykojo\.stmcufinder\plugins\mcufinder/ => C:\Users\sykojo\.stmcufinder\plugins\mcufinder
2023-09-27 10:50:45,627 [INFO] DbMcusAds:125 - Set database path to: C:\Users\sykojo\.stmcufinder\plugins\mcufinder//mcu/
2023-09-27 10:50:45,627 [WARN] DbFile:41 - Overriding database path with different value: C:\Users\sykojo\.stmcufinder\plugins\mcufinder/ => C:\Users\sykojo\.stmcufinder\plugins\mcufinder
2023-09-27 10:50:45,627 [WARN] DbFile:41 - Overriding database path with different value: C:\Users\sykojo\.stmcufinder\plugins\mcufinder/ => C:\Users\sykojo\.stmcufinder\plugins\mcufinder
2023-09-27 10:50:45,638 [INFO] CrossReferenceDbSqlite:203 - Set database path to: C:\Users\sykojo\.stmcufinder\plugins\mcufinder//mcu/cs/
2023-09-27 10:50:45,802 [INFO] MainPanel:262 - HeapMemory: 429916160
2023-09-27 10:50:45,973 [INFO] DbMcusXml:78 - Set database path to: C:\ST\STM32CubeIDE_1.11.0\STM32CubeIDE\plugins\com.st.stm32cube.common.mx_6.9.2.202309101412\\db\/mcu/
2023-09-27 10:50:45,973 [INFO] ApiDb:274 - Set plugin database path to: C:\ST\STM32CubeIDE_1.11.0\STM32CubeIDE\plugins\com.st.stm32cube.common.mx_6.9.2.202309101412\\db\/plugins/boardmanager/
2023-09-27 10:50:45,973 [INFO] ApiDb:261 - Set plugin images path to: C:\ST\STM32CubeIDE_1.11.0\STM32CubeIDE\plugins\com.st.stm32cube.common.mx_6.9.2.202309101412\\db\/plugins/mcufinder/images/
2023-09-27 10:50:45,975 [WARN] DbFile:41 - Overriding database path with different value: C:\Users\sykojo\.stmcufinder\plugins\mcufinder/ => C:\Users\sykojo\.stmcufinder\plugins\mcufinder
2023-09-27 10:50:45,975 [INFO] ApiDb:250 - Set database path to: C:\Users\sykojo\.stmcufinder\plugins\mcufinder//mcu/
2023-09-27 10:50:45,975 [WARN] DbFile:41 - Overriding database path with different value: C:\Users\sykojo\.stmcufinder\plugins\mcufinder/ => C:\Users\sykojo\.stmcufinder\plugins\mcufinder
2023-09-27 10:50:45,975 [INFO] DbMcusAds:125 - Set database path to: C:\Users\sykojo\.stmcufinder\plugins\mcufinder//mcu/
2023-09-27 10:50:45,975 [WARN] DbFile:41 - Overriding database path with different value: C:\Users\sykojo\.stmcufinder\plugins\mcufinder/ => C:\Users\sykojo\.stmcufinder\plugins\mcufinder
2023-09-27 10:50:45,975 [WARN] DbFile:41 - Overriding database path with different value: C:\Users\sykojo\.stmcufinder\plugins\mcufinder/ => C:\Users\sykojo\.stmcufinder\plugins\mcufinder
2023-09-27 10:50:45,975 [INFO] CrossReferenceDbSqlite:203 - Set database path to: C:\Users\sykojo\.stmcufinder\plugins\mcufinder//mcu/cs/
2023-09-27 10:50:46,013 [INFO] ApplicationProperties:184 - Using Application install path: C:\ST\STM32CubeIDE_1.11.0\STM32CubeIDE\plugins\com.st.stm32cube.common.mx_6.9.2.202309101412
2023-09-27 10:50:46,013 [INFO] PluginManage:196 - Search for loadable plugins [exclusion list=, ]
2023-09-27 10:50:46,019 [INFO] PluginManage:310 - Check plugin analytics
2023-09-27 10:50:46,349 [INFO] AnalyticsPlugin:253 - Accepted Software Licenses: 
2023-09-27 10:50:46,352 [INFO] AnalyticsPlugin:255 - Accepted CMSIS Pack Licenses: STMicroelectronics.X-CUBE-TOF1.3.2.0
2023-09-27 10:50:46,352 [INFO] AnalyticsPlugin:257 - Accepted Firmware Licenses: 
2023-09-27 10:50:46,356 [INFO] PluginManage:359 - Loaded plugin analytics (category:tool,tabindex:-1)
2023-09-27 10:50:46,356 [INFO] PluginManage:310 - Check plugin cadmodel
2023-09-27 10:50:46,384 [INFO] CADModel:105 - Init CAD model plugin
2023-09-27 10:50:46,384 [INFO] PluginManage:359 - Loaded plugin cadmodel (category:power,tabindex:5)
2023-09-27 10:50:46,389 [INFO] PluginManage:310 - Check plugin clock
2023-09-27 10:50:46,421 [INFO] PluginManage:359 - Loaded plugin clock (category:base,tabindex:2)
2023-09-27 10:50:46,421 [INFO] PluginManage:310 - Check plugin ddr
2023-09-27 10:50:46,426 [INFO] PluginManage:359 - Loaded plugin ddr (category:tool,tabindex:6)
2023-09-27 10:50:46,426 [INFO] PluginManage:310 - Check plugin filemanager
2023-09-27 10:50:46,704 [INFO] PluginManage:359 - Loaded plugin filemanager (category:base,tabindex:10)
2023-09-27 10:50:46,704 [INFO] PluginManage:310 - Check plugin ipmanager
2023-09-27 10:50:46,717 [INFO] PluginManage:359 - Loaded plugin ipmanager (category:base,tabindex:5)
2023-09-27 10:50:46,717 [INFO] PluginManage:310 - Check plugin lpbam
2023-09-27 10:50:46,747 [INFO] PluginManage:359 - Loaded plugin lpbam (category:base,tabindex:0)
2023-09-27 10:50:46,748 [INFO] PluginManage:310 - Check plugin memorymap
2023-09-27 10:50:46,784 [INFO] PluginManage:359 - Loaded plugin memorymap (category:base,tabindex:4)
2023-09-27 10:50:46,784 [INFO] PluginManage:310 - Check plugin pinoutandconfiguration
2023-09-27 10:50:46,814 [INFO] PluginManage:359 - Loaded plugin pinoutandconfiguration (category:base,tabindex:1)
2023-09-27 10:50:46,814 [INFO] PluginManage:310 - Check plugin pinoutconfig
2023-09-27 10:50:47,014 [WARN] SupportedApi:132 - Cannot load RTOS API schema: s4s-elt-must-match.1: The content of 'definitions' must match (annotation?, (simpleType | complexType)?, (unique | key | keyref)*)). A problem was found starting at: attribute.
2023-09-27 10:50:47,266 [INFO] PluginManage:359 - Loaded plugin pinoutconfig (category:base,tabindex:0)
2023-09-27 10:50:47,266 [INFO] PluginManage:310 - Check plugin power
2023-09-27 10:50:47,298 [INFO] PluginManage:359 - Loaded plugin power (category:power,tabindex:4)
2023-09-27 10:50:47,298 [INFO] PluginManage:310 - Check plugin projectmanager
2023-09-27 10:50:47,326 [INFO] PluginManage:359 - Loaded plugin projectmanager (category:projectmanager,tabindex:3)
2023-09-27 10:50:47,326 [INFO] PluginManage:310 - Check plugin thirdparty
2023-09-27 10:50:47,821 [INFO] PluginManage:359 - Loaded plugin thirdparty (category:base,tabindex:-1)
2023-09-27 10:50:47,821 [WARN] IntegrityCheckThread:84 - waiting for thirdparty lock release [integrity check]
2023-09-27 10:50:47,823 [INFO] PluginManage:310 - Check plugin tools
2023-09-27 10:50:47,823 [INFO] IntegrityCheckThread:86 - entering critical section [integrity check]
2023-09-27 10:50:47,823 [INFO] ThirdPartyUpdaterWithRetryManager:70 - Updater plugin not ready yet. [1/15]
2023-09-27 10:50:47,884 [INFO] PluginManage:359 - Loaded plugin tools (category:base,tabindex:7)
2023-09-27 10:50:47,884 [INFO] PluginManage:310 - Check plugin tutovideos
2023-09-27 10:50:48,257 [INFO] PluginManage:359 - Loaded plugin tutovideos (category:base,tabindex:-1)
2023-09-27 10:50:48,257 [INFO] PluginManage:310 - Check plugin updater
2023-09-27 10:50:48,274 [INFO] PluginManage:359 - Loaded plugin updater (category:base,tabindex:12)
2023-09-27 10:50:48,275 [INFO] PluginManage:310 - Check plugin userauth
2023-09-27 10:50:48,281 [INFO] UserAuth:113 - Init User Auth plugin
2023-09-27 10:50:48,281 [INFO] PluginManage:359 - Loaded plugin userauth (category:base,tabindex:14)
2023-09-27 10:50:48,281 [INFO] PluginManage:283 - PluginManage : Loaded plugins [17]
2023-09-27 10:50:48,716 [INFO] PinOutPanel:1499 - setPackage(No Configuration,No Configuration)
2023-09-27 10:50:48,969 [INFO] CADModel:165 - CPN selected for project level
2023-09-27 10:50:48,971 [INFO] CADModel:114 - Register for checkConnection events
2023-09-27 10:50:49,025 [INFO] IPUIPlugin:80 - create IPUIPlugin
2023-09-27 10:50:49,025 [INFO] PluginManager:220 - loadIPPluginJar : add adc
2023-09-27 10:50:49,094 [INFO] IPUIPlugin:80 - create IPUIPlugin
2023-09-27 10:50:49,094 [INFO] PluginManager:220 - loadIPPluginJar : add aes
2023-09-27 10:50:49,172 [INFO] IPUIPlugin:80 - create IPUIPlugin
2023-09-27 10:50:49,172 [INFO] PluginManager:220 - loadIPPluginJar : add can
2023-09-27 10:50:49,208 [INFO] IPUIPlugin:80 - create IPUIPlugin
2023-09-27 10:50:49,208 [INFO] PluginManager:220 - loadIPPluginJar : add comp
2023-09-27 10:50:49,275 [INFO] IPUIPlugin:80 - create IPUIPlugin
2023-09-27 10:50:49,275 [INFO] PluginManager:220 - loadIPPluginJar : add cryp
2023-09-27 10:50:49,324 [INFO] IPUIPlugin:80 - create IPUIPlugin
2023-09-27 10:50:49,324 [INFO] PluginManager:220 - loadIPPluginJar : add dfsdm
2023-09-27 10:50:49,348 [INFO] IPUIPlugin:80 - create IPUIPlugin
2023-09-27 10:50:49,348 [INFO] PluginManager:220 - loadIPPluginJar : add dma
2023-09-27 10:50:49,427 [INFO] IPUIPlugin:80 - create IPUIPlugin
2023-09-27 10:50:49,427 [INFO] PluginManager:220 - loadIPPluginJar : add dma3
2023-09-27 10:50:49,464 [INFO] IPUIPlugin:80 - create IPUIPlugin
2023-09-27 10:50:49,464 [INFO] PluginManager:220 - loadIPPluginJar : add fatfs
2023-09-27 10:50:49,573 [INFO] IPUIPlugin:80 - create IPUIPlugin
2023-09-27 10:50:49,573 [INFO] PluginManager:220 - loadIPPluginJar : add fmc
2023-09-27 10:50:49,596 [INFO] IPUIPlugin:80 - create IPUIPlugin
2023-09-27 10:50:49,596 [INFO] PluginManager:220 - loadIPPluginJar : add freertos
2023-09-27 10:50:49,637 [INFO] IPUIPlugin:80 - create IPUIPlugin
2023-09-27 10:50:49,637 [INFO] PluginManager:220 - loadIPPluginJar : add genericplugin
2023-09-27 10:50:49,816 [INFO] IPUIPlugin:80 - create IPUIPlugin
2023-09-27 10:50:49,816 [INFO] PluginManager:220 - loadIPPluginJar : add gfxmmu
2023-09-27 10:50:50,093 [INFO] IPUIPlugin:80 - create IPUIPlugin
2023-09-27 10:50:50,093 [INFO] PluginManager:220 - loadIPPluginJar : add gic
2023-09-27 10:50:50,113 [INFO] IPUIPlugin:80 - create IPUIPlugin
2023-09-27 10:50:50,115 [INFO] PluginManager:220 - loadIPPluginJar : add gpio
2023-09-27 10:50:50,311 [INFO] IPUIPlugin:80 - create IPUIPlugin
2023-09-27 10:50:50,314 [INFO] PluginManager:220 - loadIPPluginJar : add gtzc
2023-09-27 10:50:50,366 [INFO] IPUIPlugin:80 - create IPUIPlugin
2023-09-27 10:50:50,366 [INFO] PluginManager:220 - loadIPPluginJar : add hash
2023-09-27 10:50:50,445 [INFO] IPUIPlugin:80 - create IPUIPlugin
2023-09-27 10:50:50,445 [INFO] PluginManager:220 - loadIPPluginJar : add i2c
2023-09-27 10:50:50,523 [INFO] IPUIPlugin:80 - create IPUIPlugin
2023-09-27 10:50:50,523 [INFO] PluginManager:220 - loadIPPluginJar : add i2s
2023-09-27 10:50:50,584 [INFO] IPUIPlugin:80 - create IPUIPlugin
2023-09-27 10:50:50,584 [INFO] PluginManager:220 - loadIPPluginJar : add i3c
2023-09-27 10:50:50,827 [INFO] IPUIPlugin:80 - create IPUIPlugin
2023-09-27 10:50:50,828 [INFO] PluginManager:220 - loadIPPluginJar : add ipddr
2023-09-27 10:50:50,836 [INFO] ThirdPartyUpdaterWithRetryManager:70 - Updater plugin not ready yet. [2/15]
2023-09-27 10:50:50,990 [INFO] IPUIPlugin:80 - create IPUIPlugin
2023-09-27 10:50:50,990 [INFO] PluginManager:220 - loadIPPluginJar : add linkedlist
2023-09-27 10:50:51,047 [INFO] IPUIPlugin:80 - create IPUIPlugin
2023-09-27 10:50:51,048 [INFO] PluginManager:220 - loadIPPluginJar : add lorawan
2023-09-27 10:50:51,126 [INFO] IPUIPlugin:80 - create IPUIPlugin
2023-09-27 10:50:51,128 [INFO] PluginManager:220 - loadIPPluginJar : add ltdc
2023-09-27 10:50:51,154 [INFO] IPUIPlugin:80 - create IPUIPlugin
2023-09-27 10:50:51,154 [INFO] PluginManager:220 - loadIPPluginJar : add mdma
2023-09-27 10:50:51,178 [INFO] IPUIPlugin:80 - create IPUIPlugin
2023-09-27 10:50:51,178 [INFO] PluginManager:220 - loadIPPluginJar : add nvic
2023-09-27 10:50:51,248 [INFO] IPUIPlugin:80 - create IPUIPlugin
2023-09-27 10:50:51,248 [INFO] PluginManager:220 - loadIPPluginJar : add opamp
2023-09-27 10:50:51,356 [INFO] IPUIPlugin:80 - create IPUIPlugin
2023-09-27 10:50:51,356 [INFO] PluginManager:220 - loadIPPluginJar : add openamp
2023-09-27 10:50:51,457 [INFO] IPUIPlugin:80 - create IPUIPlugin
2023-09-27 10:50:51,457 [INFO] PluginManager:220 - loadIPPluginJar : add pdm2pcm
2023-09-27 10:50:51,475 [INFO] IPUIPlugin:80 - create IPUIPlugin
2023-09-27 10:50:51,479 [INFO] PluginManager:220 - loadIPPluginJar : add plateformsettings
2023-09-27 10:50:51,516 [INFO] IPUIPlugin:80 - create IPUIPlugin
2023-09-27 10:50:51,516 [INFO] PluginManager:220 - loadIPPluginJar : add quadspi
2023-09-27 10:50:51,534 [INFO] IPUIPlugin:80 - create IPUIPlugin
2023-09-27 10:50:51,534 [INFO] PluginManager:220 - loadIPPluginJar : add resmgrutility
2023-09-27 10:50:51,602 [INFO] IPUIPlugin:80 - create IPUIPlugin
2023-09-27 10:50:51,602 [INFO] PluginManager:220 - loadIPPluginJar : add sai
2023-09-27 10:50:51,669 [INFO] IPUIPlugin:80 - create IPUIPlugin
2023-09-27 10:50:51,669 [INFO] PluginManager:220 - loadIPPluginJar : add spi
2023-09-27 10:50:51,774 [INFO] IPUIPlugin:80 - create IPUIPlugin
2023-09-27 10:50:51,776 [INFO] PluginManager:220 - loadIPPluginJar : add stm32_wpan
2023-09-27 10:50:51,816 [INFO] IPUIPlugin:80 - create IPUIPlugin
2023-09-27 10:50:51,816 [INFO] PluginManager:220 - loadIPPluginJar : add tim
2023-09-27 10:50:51,911 [INFO] IPUIPlugin:80 - create IPUIPlugin
2023-09-27 10:50:51,911 [INFO] PluginManager:220 - loadIPPluginJar : add touchsensing
2023-09-27 10:50:51,950 [INFO] IPUIPlugin:80 - create IPUIPlugin
2023-09-27 10:50:51,952 [INFO] PluginManager:220 - loadIPPluginJar : add tracer_emb
2023-09-27 10:50:51,995 [INFO] IPUIPlugin:80 - create IPUIPlugin
2023-09-27 10:50:51,995 [INFO] PluginManager:220 - loadIPPluginJar : add ts
2023-09-27 10:50:52,032 [INFO] IPUIPlugin:80 - create IPUIPlugin
2023-09-27 10:50:52,032 [INFO] PluginManager:220 - loadIPPluginJar : add tsc
2023-09-27 10:50:52,074 [INFO] IPUIPlugin:80 - create IPUIPlugin
2023-09-27 10:50:52,074 [INFO] PluginManager:220 - loadIPPluginJar : add ucpd
2023-09-27 10:50:52,170 [INFO] IPUIPlugin:80 - create IPUIPlugin
2023-09-27 10:50:52,170 [INFO] PluginManager:220 - loadIPPluginJar : add usart
2023-09-27 10:50:52,259 [INFO] IPUIPlugin:80 - create IPUIPlugin
2023-09-27 10:50:52,259 [INFO] PluginManager:220 - loadIPPluginJar : add usbx
2023-09-27 10:50:52,448 [INFO] CADModel:165 - CPN selected for project level
2023-09-27 10:50:52,448 [INFO] CADModel:114 - Register for checkConnection events
2023-09-27 10:50:52,448 [FATAL] Updater:308 - Updater called before beeing initialized
2023-09-27 10:50:52,449 [ERROR] CADModel:125 - Updater not yet initialized, retry later 
2023-09-27 10:50:52,734 [INFO] CADModel:165 - CPN selected for project level
2023-09-27 10:50:52,734 [INFO] CADModel:114 - Register for checkConnection events
2023-09-27 10:50:52,734 [FATAL] Updater:308 - Updater called before beeing initialized
2023-09-27 10:50:52,734 [ERROR] CADModel:125 - Updater not yet initialized, retry later 
2023-09-27 10:50:52,740 [FATAL] Updater:308 - Updater called before beeing initialized
2023-09-27 10:50:52,934 [FATAL] Updater:308 - Updater called before beeing initialized
2023-09-27 10:50:52,951 [INFO] DbMcusAds:53 - JSON generation date=Tue Mar 07 09:50:55 CET 2023 (1678179055114)
2023-09-27 10:50:52,952 [FATAL] Updater:308 - Updater called before beeing initialized
2023-09-27 10:50:53,098 [WARN] DetailPanel:346 - Failed to get advertising image, set to default
2023-09-27 10:50:53,341 [FATAL] Updater:308 - Updater called before beeing initialized
2023-09-27 10:50:53,343 [FATAL] Updater:308 - Updater called before beeing initialized
2023-09-27 10:50:53,346 [FATAL] Updater:308 - Updater called before beeing initialized
2023-09-27 10:50:53,346 [WARN] DetailPanel:346 - Failed to get advertising image, set to default
2023-09-27 10:50:53,347 [FATAL] Updater:308 - Updater called before beeing initialized
2023-09-27 10:50:53,450 [ERROR] Updater:1120 - MainUpdater not yet initialized. External WinMGr cannot be set.
2023-09-27 10:50:53,468 [INFO] Updater:1056 - Updater Version found : 6.9.2
2023-09-27 10:50:53,496 [INFO] ApplicationProperties:184 - Using Application install path: C:\ST\STM32CubeIDE_1.11.0\STM32CubeIDE\plugins\com.st.stm32cube.common.mx_6.9.2.202309101412
2023-09-27 10:50:53,847 [INFO] ThirdPartyUpdaterWithRetryManager:70 - Updater plugin not ready yet. [3/15]
2023-09-27 10:50:53,901 [INFO] MainUpdater:2868 - connection check result : 10
2023-09-27 10:50:53,904 [INFO] MainUpdater:285 - Updater Check For Update Now.
2023-09-27 10:50:53,904 [INFO] MicroXplorer:498 - Change Database Version : DB.6.0.92
2023-09-27 10:50:53,928 [INFO] McuFinderGlobals:63 - Set McuFinder mode to 2 (CubeIDE integrated)
2023-09-27 10:50:53,928 [INFO] UserAuth:179 - activating auth plugin
2023-09-27 10:50:53,934 [INFO] UserAuth:393 - Internet connection configuration mode: 1
2023-09-27 10:50:53,964 [INFO] JxBrowserEngine:151 - Initiate JxBrowser Engine with user profile folder
2023-09-27 10:50:54,176 [INFO] CheckServerUpdateThread:120 - End of CheckServer Thread
2023-09-27 10:50:57,291 [WARN] PackLoader:240 - Cannot read IP mode file for STMicroelectronics.X-CUBE-SMBUS.2.1.0
2023-09-27 10:50:57,376 [WARN] PackLoader:240 - Cannot read IP mode file for STMicroelectronics.X-CUBE-AZRTOS-F7.1.1.0
2023-09-27 10:50:57,412 [WARN] PackLoader:240 - Cannot read IP mode file for STMicroelectronics.FP-SNS-MOTENV1.4.3.2
2023-09-27 10:50:57,448 [WARN] PackLoader:240 - Cannot read IP mode file for STMicroelectronics.X-CUBE-BLE1.6.2.3
2023-09-27 10:50:57,467 [WARN] PackLoader:240 - Cannot read IP mode file for STMicroelectronics.X-CUBE-BLE1.6.2.4
2023-09-27 10:50:57,491 [WARN] PackLoader:240 - Cannot read IP mode file for STMicroelectronics.FP-SNS-FLIGHT1.5.0.2
2023-09-27 10:50:57,544 [WARN] PackLoader:240 - Cannot read IP mode file for STMicroelectronics.X-CUBE-TOF1.3.1.0
2023-09-27 10:50:57,600 [WARN] PackLoader:240 - Cannot read IP mode file for STMicroelectronics.X-CUBE-DISPLAY.3.0.0
2023-09-27 10:50:57,637 [WARN] PackLoader:240 - Cannot read IP mode file for STMicroelectronics.X-CUBE-BLE1.7.0.0
2023-09-27 10:50:57,662 [WARN] PackLoader:240 - Cannot read IP mode file for STMicroelectronics.X-CUBE-TOUCHGFX.4.22.0
2023-09-27 10:50:57,801 [WARN] PackLoader:240 - Cannot read IP mode file for STMicroelectronics.X-CUBE-MEMS1.9.3.0
2023-09-27 10:50:58,086 [WARN] PackLoader:240 - Cannot read IP mode file for STMicroelectronics.X-CUBE-AI.7.2.0
2023-09-27 10:50:58,109 [WARN] PackLoader:240 - Cannot read IP mode file for STMicroelectronics.FP-SNS-SMARTAG2.1.2.0
2023-09-27 10:50:58,141 [INFO] LogOutputStream:77 - [STDOUT_REDIRECT] 1 : Invalid condition id : UX_CORESTACK_Condition cause : null
2023-09-27 10:50:58,141 [INFO] LogOutputStream:77 - [STDOUT_REDIRECT] 1 : Invalid condition id : UX_CORESTACK_Condition cause : null
2023-09-27 10:50:58,147 [INFO] LogOutputStream:77 - [STDOUT_REDIRECT] 1 : Invalid condition id : UX_CORESTACK_Condition cause : null
2023-09-27 10:50:58,147 [INFO] LogOutputStream:77 - [STDOUT_REDIRECT] 1 : Invalid condition id : UX_CORESTACK_Condition cause : null
2023-09-27 10:50:58,150 [INFO] LogOutputStream:77 - [STDOUT_REDIRECT] 1 : Invalid condition id : UX_CORESTACK_Condition cause : null
2023-09-27 10:50:58,156 [WARN] PackLoader:240 - Cannot read IP mode file for STMicroelectronics.X-CUBE-AZRTOS-WL.2.0.0
2023-09-27 10:50:58,182 [WARN] PackLoader:240 - Cannot read IP mode file for WES.I-CUBE-Cesium.1.3.0
2023-09-27 10:50:58,201 [WARN] PackLoader:240 - Cannot read IP mode file for STMicroelectronics.X-CUBE-BLE2.3.3.0
2023-09-27 10:50:58,225 [WARN] PackLoader:240 - Cannot read IP mode file for STMicroelectronics.X-CUBE-DISPLAY.2.2.0
2023-09-27 10:50:58,271 [WARN] PackLoader:240 - Cannot read IP mode file for STMicroelectronics.X-CUBE-TOF1.3.2.0
2023-09-27 10:50:58,618 [WARN] PackLoader:240 - Cannot read IP mode file for STMicroelectronics.X-CUBE-ISPU.1.0.0
2023-09-27 10:50:58,666 [WARN] PackLoader:240 - Cannot read IP mode file for STMicroelectronics.X-CUBE-AZRTOS-H7.2.1.0
2023-09-27 10:50:58,685 [WARN] PackLoader:240 - Cannot read IP mode file for STMicroelectronics.X-CUBE-TOUCHGFX.4.21.1
2023-09-27 10:50:58,704 [WARN] PackLoader:240 - Cannot read IP mode file for STMicroelectronics.X-CUBE-TOUCHGFX.4.21.3
2023-09-27 10:50:58,789 [WARN] PackLoader:240 - Cannot read IP mode file for STMicroelectronics.X-CUBE-MEMS1.9.4.0
2023-09-27 10:50:59,019 [WARN] PackLoader:240 - Cannot read IP mode file for STMicroelectronics.X-CUBE-AI.7.3.0
2023-09-27 10:50:59,037 [WARN] PackLoader:240 - Cannot read IP mode file for STMicroelectronics.X-CUBE-ALGOBUILD.1.3.0
2023-09-27 10:50:59,087 [WARN] PackLoader:240 - Cannot read IP mode file for STMicroelectronics.X-CUBE-AZRTOS-G0.1.1.0
2023-09-27 10:50:59,115 [WARN] PackLoader:240 - Cannot read IP mode file for STMicroelectronics.X-CUBE-NFC4.3.0.0
2023-09-27 10:50:59,188 [WARN] PackLoader:240 - Cannot read IP mode file for SEGGER.I-CUBE-embOS.1.2.0
2023-09-27 10:50:59,321 [WARN] PackLoader:240 - Cannot read IP mode file for STMicroelectronics.X-CUBE-BLEMGR.1.3.0
2023-09-27 10:50:59,345 [WARN] PackLoader:240 - Cannot read IP mode file for STMicroelectronics.FP-ATR-SIGFOX1.3.2.0
2023-09-27 10:50:59,374 [WARN] PackLoader:240 - Cannot read IP mode file for emotas.I-CUBE-CANOPEN.1.1.2
2023-09-27 10:50:59,400 [WARN] PackLoader:240 - Cannot read IP mode file for STMicroelectronics.X-CUBE-TOUCHGFX.4.20.0
2023-09-27 10:50:59,515 [WARN] PackLoader:240 - Cannot read IP mode file for STMicroelectronics.X-CUBE-MEMS1.9.5.0
2023-09-27 10:50:59,844 [WARN] PackLoader:240 - Cannot read IP mode file for SEGGER.I-CUBE-embOS.1.3.1
2023-09-27 10:50:59,900 [WARN] PackLoader:240 - Cannot read IP mode file for STMicroelectronics.X-CUBE-GNSS1.6.0.0
2023-09-27 10:50:59,948 [WARN] PackLoader:240 - Cannot read IP mode file for STMicroelectronics.X-CUBE-AZRTOS-F4.1.1.0
2023-09-27 10:50:59,970 [WARN] PackLoader:240 - Cannot read IP mode file for STMicroelectronics.X-CUBE-BLEMGR.1.2.0
2023-09-27 10:51:00,022 [WARN] PackLoader:240 - Cannot read IP mode file for STMicroelectronics.X-CUBE-AZRTOS-L5.2.0.0
2023-09-27 10:51:00,128 [WARN] PackLoader:240 - Cannot read IP mode file for STMicroelectronics.X-CUBE-MEMS1.9.6.0
2023-09-27 10:51:00,442 [WARN] PackLoader:240 - Cannot read IP mode file for STMicroelectronics.X-CUBE-BLEMGR.2.0.0
2023-09-27 10:51:00,466 [WARN] PackLoader:240 - Cannot read IP mode file for STMicroelectronics.X-CUBE-NFC4.2.0.5
2023-09-27 10:51:00,491 [WARN] PackLoader:240 - Cannot read IP mode file for STMicroelectronics.X-CUBE-NFC4.2.0.4
2023-09-27 10:51:00,534 [WARN] ConditionMgr:438 - getConditionDescription Invalid condition id : UX DEVICE CLASS RTOS Condition cause : null
2023-09-27 10:51:00,539 [WARN] ConditionMgr:438 - getConditionDescription Invalid condition id : UX DEVICE CLASS RTOS Condition cause : null
2023-09-27 10:51:00,543 [WARN] PackLoader:240 - Cannot read IP mode file for STMicroelectronics.X-CUBE-AZRTOS-H7.3.1.0
2023-09-27 10:51:00,545 [WARN] ConditionMgr:1039 - genDependencies : Invalid condition id : UX DEVICE CLASS RTOS Condition cause : null
2023-09-27 10:51:00,546 [WARN] ConditionMgr:1039 - genDependencies : Invalid condition id : UX DEVICE CLASS RTOS Condition cause : null
2023-09-27 10:51:00,548 [WARN] ConditionMgr:1039 - genDependencies : Invalid condition id : UX DEVICE CLASS RTOS Condition cause : null
2023-09-27 10:51:00,548 [WARN] ConditionMgr:1039 - genDependencies : Invalid condition id : UX DEVICE CLASS RTOS Condition cause : null
2023-09-27 10:51:00,548 [WARN] ConditionMgr:1039 - genDependencies : Invalid condition id : UX DEVICE CLASS RTOS Condition cause : null
2023-09-27 10:51:00,570 [WARN] PackLoader:240 - Cannot read IP mode file for wolfSSL.I-CUBE-wolfSSL.5.5.0
2023-09-27 10:51:00,594 [WARN] PackLoader:240 - Cannot read IP mode file for STMicroelectronics.X-CUBE-NFC7.1.0.1
2023-09-27 10:51:00,617 [WARN] PackLoader:240 - Cannot read IP mode file for STMicroelectronics.X-CUBE-NFC7.1.0.0
2023-09-27 10:51:00,643 [WARN] PackLoader:240 - Cannot read IP mode file for STMicroelectronics.X-CUBE-NFC6.3.0.0
2023-09-27 10:51:00,670 [WARN] PackLoader:240 - Cannot read IP mode file for STMicroelectronics.X-CUBE-EEPRMA1.4.1.0
2023-09-27 10:51:00,693 [WARN] PackLoader:240 - Cannot read IP mode file for STMicroelectronics.X-CUBE-AI.8.1.0
2023-09-27 10:51:00,740 [WARN] ConditionMgr:438 - getConditionDescription Invalid condition id : LAN8742 Phy interface Condition cause : null
2023-09-27 10:51:00,740 [WARN] PackLoader:240 - Cannot read IP mode file for STMicroelectronics.X-CUBE-AZRTOS-L4.2.0.0
2023-09-27 10:51:00,745 [WARN] ConditionMgr:1039 - genDependencies : Invalid condition id : LAN8742 Phy interface Condition cause : null
2023-09-27 10:51:00,745 [WARN] ConditionMgr:1039 - genDependencies : Invalid condition id : LAN8742 Phy interface Condition cause : null
2023-09-27 10:51:00,746 [WARN] ConditionMgr:1039 - genDependencies : Invalid condition id : LAN8742 Phy interface Condition cause : null
2023-09-27 10:51:00,772 [WARN] PackLoader:240 - Cannot read IP mode file for STMicroelectronics.X-CUBE-SFXS2LP1.4.0.0
2023-09-27 10:51:00,834 [WARN] PackLoader:240 - Cannot read IP mode file for STMicroelectronics.X-CUBE-AZRTOS-H7.3.0.0
2023-09-27 10:51:00,859 [WARN] PackLoader:240 - Cannot read IP mode file for STMicroelectronics.X-CUBE-ISPU.1.1.0
2023-09-27 10:51:00,885 [WARN] PackLoader:240 - Cannot read IP mode file for RoweBots.I-CUBE-UNISONRTOS.5.5.0-4
2023-09-27 10:51:00,905 [WARN] PackLoader:240 - Cannot read IP mode file for STMicroelectronics.X-CUBE-AI.8.0.0
2023-09-27 10:51:00,940 [WARN] ConditionMgr:438 - getConditionDescription Invalid condition id : UX DEVICE CLASS RTOS Condition cause : null
2023-09-27 10:51:00,940 [WARN] ConditionMgr:438 - getConditionDescription Invalid condition id : UX DEVICE CLASS RTOS Condition cause : null
2023-09-27 10:51:00,945 [WARN] PackLoader:240 - Cannot read IP mode file for STMicroelectronics.X-CUBE-AZRTOS-WB.2.0.0
2023-09-27 10:51:00,945 [WARN] ConditionMgr:1039 - genDependencies : Invalid condition id : UX DEVICE CLASS RTOS Condition cause : null
2023-09-27 10:51:00,946 [WARN] ConditionMgr:1039 - genDependencies : Invalid condition id : UX DEVICE CLASS RTOS Condition cause : null
2023-09-27 10:51:00,946 [WARN] ConditionMgr:1039 - genDependencies : Invalid condition id : UX DEVICE CLASS RTOS Condition cause : null
2023-09-27 10:51:00,946 [WARN] ConditionMgr:1039 - genDependencies : Invalid condition id : UX DEVICE CLASS RTOS Condition cause : null
2023-09-27 10:51:00,946 [WARN] ConditionMgr:1039 - genDependencies : Invalid condition id : UX DEVICE CLASS RTOS Condition cause : null
2023-09-27 10:51:00,969 [WARN] PackLoader:240 - Cannot read IP mode file for STMicroelectronics.X-CUBE-FREERTOS.1.0.0
2023-09-27 10:51:00,990 [WARN] PackLoader:240 - Cannot read IP mode file for STMicroelectronics.X-CUBE-FREERTOS.1.0.1
2023-09-27 10:51:01,013 [WARN] PackLoader:240 - Cannot read IP mode file for STMicroelectronics.X-CUBE-BLEMGR.1.0.0
2023-09-27 10:51:01,052 [WARN] PackLoader:240 - Cannot read IP mode file for STMicroelectronics.X-CUBE-AZRTOS-L5.1.1.0
2023-09-27 10:51:01,067 [WARN] PackLoader:240 - Cannot read IP mode file for STMicroelectronics.X-CUBE-AI.8.0.1
2023-09-27 10:51:01,097 [WARN] PackLoader:240 - Cannot read IP mode file for STMicroelectronics.X-CUBE-SUBG2.5.0.0
2023-09-27 10:51:01,128 [WARN] PackLoader:240 - Cannot read IP mode file for STMicroelectronics.X-CUBE-TOF1.3.3.1
2023-09-27 10:51:01,175 [WARN] PackLoader:240 - Cannot read IP mode file for STMicroelectronics.X-CUBE-AZRTOS-G4.2.0.0
2023-09-27 10:51:01,201 [WARN] PackLoader:240 - Cannot read IP mode file for STMicroelectronics.X-CUBE-TOF1.3.3.0
2023-09-27 10:51:01,236 [WARN] PackLoader:240 - Cannot read IP mode file for STMicroelectronics.FP-ATR-ASTRA1.1.1.1
2023-09-27 10:51:01,272 [WARN] PackLoader:240 - Cannot read IP mode file for STMicroelectronics.X-CUBE-AZRTOS-G4.1.0.0
2023-09-27 10:51:01,331 [WARN] PackLoader:240 - Cannot read IP mode file for STMicroelectronics.X-CUBE-AZRTOS-L4.1.0.0
2023-09-27 10:51:01,369 [WARN] PackLoader:240 - Cannot read IP mode file for STMicroelectronics.X-CUBE-FREERTOS.1.1.0
2023-09-27 10:51:01,401 [WARN] PackLoader:240 - Cannot read IP mode file for STMicroelectronics.X-CUBE-AZRTOS-WL.1.0.0
2023-09-27 10:51:01,422 [WARN] PackLoader:240 - Cannot read IP mode file for portGmbH.I-Cube-SoM-uGOAL.1.1.0
2023-09-27 10:51:01,442 [WARN] PackLoader:240 - Cannot read IP mode file for STMicroelectronics.X-CUBE-ALS.1.0.1
2023-09-27 10:51:01,479 [WARN] PackLoader:240 - Cannot read IP mode file for STMicroelectronics.X-CUBE-AZRTOS-WB.1.1.0
2023-09-27 10:51:01,522 [WARN] PackLoader:240 - Cannot read IP mode file for STMicroelectronics.X-CUBE-AZRTOS-L5.1.0.0
2023-09-27 10:51:01,545 [WARN] PackLoader:240 - Cannot read IP mode file for STMicroelectronics.X-CUBE-EEPRMA1.3.1.1
2023-09-27 10:51:01,565 [WARN] PackLoader:240 - Cannot read IP mode file for STMicroelectronics.FP-ATR-ASTRA1.2.0.0
2023-09-27 10:51:01,565 [INFO] ThirdParty:978 - Integrity check success = true
2023-09-27 10:51:01,565 [INFO] IntegrityCheckThread:100 - exiting critical section [integrity check]
2023-09-27 10:51:01,565 [INFO] IntegrityCheckThread:103 - End integrity checks thread
2023-09-27 10:51:04,084 [INFO] WebApp:157 - Instantiating new browser for Auth
2023-09-27 10:51:05,039 [INFO] WebApp:753 - Register for checkConnection events
2023-09-27 10:51:05,039 [INFO] WebApp:390 - Apply proxy settings
2023-09-27 10:51:05,039 [INFO] WebApp:475 - Chromium requires no authentication
2023-09-27 10:51:05,049 [INFO] WebApp:418 - Direct internet connection detected
2023-09-27 10:51:05,417 [INFO] WebApp:188 - Starting web application
2023-09-27 10:51:05,419 [INFO] WebApp:520 - Web application path used C:\ST\STM32CubeIDE_1.11.0\STM32CubeIDE\plugins\com.st.stm32cube.common.mx_6.9.2.202309101412\db\plugins\mcufinder\reactClient1\index.html
2023-09-27 21:01:48,770 [ERROR] LogOutputStream:75 - [STDERR_REDIRECT] 
