2024-02-12 17:36:43,914 [INFO] Activator:176 - 


2024-02-12 17:36:43,923 [INFO] Activator:177 - !SESSION log4j initialized
2024-02-12 17:36:52,395 [INFO] LogOutputStream:77 - [STDOUT_REDIRECT] 
2024-02-12 17:36:55,909 [INFO] ApplicationProperties:184 - Using Application install path: C:\ST\STM32CubeIDE_1.14.0\STM32CubeIDE\plugins\com.st.stm32cube.common.mx_6.10.0.202311202037
2024-02-12 17:36:55,935 [INFO] DbMcusXml:78 - Set database path to: C:\ST\STM32CubeIDE_1.14.0\STM32CubeIDE\plugins\com.st.stm32cube.common.mx_6.10.0.202311202037\\db\/mcu/
2024-02-12 17:36:55,936 [INFO] ApiDb:274 - Set plugin database path to: C:\ST\STM32CubeIDE_1.14.0\STM32CubeIDE\plugins\com.st.stm32cube.common.mx_6.10.0.202311202037\\db\/plugins/boardmanager/
2024-02-12 17:36:55,936 [WARN] ApiDb:259 - Overriding images path with different value:  => C:\ST\STM32CubeIDE_1.14.0\STM32CubeIDE\plugins\com.st.stm32cube.common.mx_6.10.0.202311202037\\db\/plugins/mcufinder/images/
2024-02-12 17:36:55,952 [INFO] ApiDb:250 - Set database path to: C:\Users\sykojo\.stmcufinder\plugins\mcufinder//mcu/
2024-02-12 17:36:55,955 [INFO] DbMcusAds:125 - Set database path to: C:\Users\sykojo\.stmcufinder\plugins\mcufinder//mcu/
2024-02-12 17:36:55,959 [INFO] CrossReferenceDbSqlite:203 - Set database path to: C:\Users\sykojo\.stmcufinder\plugins\mcufinder//mcu/cs/
2024-02-12 17:36:56,157 [INFO] RulesReader:64 - Compatibility file has been processed (297 Rules)
2024-02-12 17:36:56,290 [INFO] DbMcusXml:78 - Set database path to: C:\ST\STM32CubeIDE_1.14.0\STM32CubeIDE\plugins\com.st.stm32cube.common.mx_6.10.0.202311202037\\db\/mcu/
2024-02-12 17:36:56,291 [INFO] ApiDb:274 - Set plugin database path to: C:\ST\STM32CubeIDE_1.14.0\STM32CubeIDE\plugins\com.st.stm32cube.common.mx_6.10.0.202311202037\\db\/plugins/boardmanager/
2024-02-12 17:36:56,291 [INFO] ApiDb:261 - Set plugin images path to: C:\ST\STM32CubeIDE_1.14.0\STM32CubeIDE\plugins\com.st.stm32cube.common.mx_6.10.0.202311202037\\db\/plugins/mcufinder/images/
2024-02-12 17:36:56,291 [WARN] DbFile:41 - Overriding database path with different value: C:\Users\sykojo\.stmcufinder\plugins\mcufinder/ => C:\Users\sykojo\.stmcufinder\plugins\mcufinder
2024-02-12 17:36:56,291 [INFO] ApiDb:250 - Set database path to: C:\Users\sykojo\.stmcufinder\plugins\mcufinder//mcu/
2024-02-12 17:36:56,292 [WARN] DbFile:41 - Overriding database path with different value: C:\Users\sykojo\.stmcufinder\plugins\mcufinder/ => C:\Users\sykojo\.stmcufinder\plugins\mcufinder
2024-02-12 17:36:56,292 [INFO] DbMcusAds:125 - Set database path to: C:\Users\sykojo\.stmcufinder\plugins\mcufinder//mcu/
2024-02-12 17:36:56,292 [WARN] DbFile:41 - Overriding database path with different value: C:\Users\sykojo\.stmcufinder\plugins\mcufinder/ => C:\Users\sykojo\.stmcufinder\plugins\mcufinder
2024-02-12 17:36:56,292 [WARN] DbFile:41 - Overriding database path with different value: C:\Users\sykojo\.stmcufinder\plugins\mcufinder/ => C:\Users\sykojo\.stmcufinder\plugins\mcufinder
2024-02-12 17:36:56,292 [INFO] CrossReferenceDbSqlite:203 - Set database path to: C:\Users\sykojo\.stmcufinder\plugins\mcufinder//mcu/cs/
2024-02-12 17:36:56,420 [INFO] MainPanel:264 - HeapMemory: 268435456
2024-02-12 17:36:56,584 [INFO] DbMcusXml:78 - Set database path to: C:\ST\STM32CubeIDE_1.14.0\STM32CubeIDE\plugins\com.st.stm32cube.common.mx_6.10.0.202311202037\\db\/mcu/
2024-02-12 17:36:56,584 [INFO] ApiDb:274 - Set plugin database path to: C:\ST\STM32CubeIDE_1.14.0\STM32CubeIDE\plugins\com.st.stm32cube.common.mx_6.10.0.202311202037\\db\/plugins/boardmanager/
2024-02-12 17:36:56,584 [INFO] ApiDb:261 - Set plugin images path to: C:\ST\STM32CubeIDE_1.14.0\STM32CubeIDE\plugins\com.st.stm32cube.common.mx_6.10.0.202311202037\\db\/plugins/mcufinder/images/
2024-02-12 17:36:56,585 [WARN] DbFile:41 - Overriding database path with different value: C:\Users\sykojo\.stmcufinder\plugins\mcufinder/ => C:\Users\sykojo\.stmcufinder\plugins\mcufinder
2024-02-12 17:36:56,586 [INFO] ApiDb:250 - Set database path to: C:\Users\sykojo\.stmcufinder\plugins\mcufinder//mcu/
2024-02-12 17:36:56,586 [WARN] DbFile:41 - Overriding database path with different value: C:\Users\sykojo\.stmcufinder\plugins\mcufinder/ => C:\Users\sykojo\.stmcufinder\plugins\mcufinder
2024-02-12 17:36:56,586 [INFO] DbMcusAds:125 - Set database path to: C:\Users\sykojo\.stmcufinder\plugins\mcufinder//mcu/
2024-02-12 17:36:56,586 [WARN] DbFile:41 - Overriding database path with different value: C:\Users\sykojo\.stmcufinder\plugins\mcufinder/ => C:\Users\sykojo\.stmcufinder\plugins\mcufinder
2024-02-12 17:36:56,586 [WARN] DbFile:41 - Overriding database path with different value: C:\Users\sykojo\.stmcufinder\plugins\mcufinder/ => C:\Users\sykojo\.stmcufinder\plugins\mcufinder
2024-02-12 17:36:56,587 [INFO] CrossReferenceDbSqlite:203 - Set database path to: C:\Users\sykojo\.stmcufinder\plugins\mcufinder//mcu/cs/
2024-02-12 17:36:56,633 [INFO] ApplicationProperties:184 - Using Application install path: C:\ST\STM32CubeIDE_1.14.0\STM32CubeIDE\plugins\com.st.stm32cube.common.mx_6.10.0.202311202037
2024-02-12 17:36:56,636 [INFO] PluginManage:196 - Search for loadable plugins [exclusion list=, ]
2024-02-12 17:36:56,639 [INFO] PluginManage:310 - Check plugin analytics
2024-02-12 17:36:56,900 [INFO] AnalyticsPlugin:253 - Accepted Software Licenses: 
2024-02-12 17:36:56,900 [INFO] AnalyticsPlugin:255 - Accepted CMSIS Pack Licenses: 
2024-02-12 17:36:56,901 [INFO] AnalyticsPlugin:257 - Accepted Firmware Licenses: 
2024-02-12 17:36:56,904 [INFO] PluginManage:359 - Loaded plugin analytics (category:tool,tabindex:-1)
2024-02-12 17:36:56,904 [INFO] PluginManage:310 - Check plugin cadmodel
2024-02-12 17:36:56,926 [INFO] CADModel:105 - Init CAD model plugin
2024-02-12 17:36:56,926 [INFO] PluginManage:359 - Loaded plugin cadmodel (category:power,tabindex:5)
2024-02-12 17:36:56,927 [INFO] PluginManage:310 - Check plugin clock
2024-02-12 17:36:56,956 [INFO] PluginManage:359 - Loaded plugin clock (category:base,tabindex:2)
2024-02-12 17:36:56,956 [INFO] PluginManage:310 - Check plugin ddr
2024-02-12 17:36:56,959 [INFO] PluginManage:359 - Loaded plugin ddr (category:tool,tabindex:6)
2024-02-12 17:36:56,959 [INFO] PluginManage:310 - Check plugin filemanager
2024-02-12 17:36:57,191 [INFO] PluginManage:359 - Loaded plugin filemanager (category:base,tabindex:10)
2024-02-12 17:36:57,192 [INFO] PluginManage:310 - Check plugin ipmanager
2024-02-12 17:36:57,204 [INFO] PluginManage:359 - Loaded plugin ipmanager (category:base,tabindex:5)
2024-02-12 17:36:57,204 [INFO] PluginManage:310 - Check plugin lpbam
2024-02-12 17:36:57,231 [INFO] PluginManage:359 - Loaded plugin lpbam (category:base,tabindex:0)
2024-02-12 17:36:57,231 [INFO] PluginManage:310 - Check plugin memorymap
2024-02-12 17:36:57,264 [INFO] PluginManage:359 - Loaded plugin memorymap (category:base,tabindex:4)
2024-02-12 17:36:57,264 [INFO] PluginManage:310 - Check plugin pinoutandconfiguration
2024-02-12 17:36:57,291 [INFO] PluginManage:359 - Loaded plugin pinoutandconfiguration (category:base,tabindex:1)
2024-02-12 17:36:57,291 [INFO] PluginManage:310 - Check plugin pinoutconfig
2024-02-12 17:36:57,451 [WARN] SupportedApi:132 - Cannot load RTOS API schema: s4s-elt-must-match.1: The content of 'definitions' must match (annotation?, (simpleType | complexType)?, (unique | key | keyref)*)). A problem was found starting at: attribute.
2024-02-12 17:36:57,683 [INFO] PluginManage:359 - Loaded plugin pinoutconfig (category:base,tabindex:0)
2024-02-12 17:36:57,683 [INFO] PluginManage:310 - Check plugin power
2024-02-12 17:36:57,714 [INFO] PluginManage:359 - Loaded plugin power (category:power,tabindex:4)
2024-02-12 17:36:57,714 [INFO] PluginManage:310 - Check plugin projectmanager
2024-02-12 17:36:57,744 [INFO] PluginManage:359 - Loaded plugin projectmanager (category:projectmanager,tabindex:3)
2024-02-12 17:36:57,744 [INFO] PluginManage:310 - Check plugin thirdparty
2024-02-12 17:36:58,262 [INFO] PluginManage:359 - Loaded plugin thirdparty (category:base,tabindex:-1)
2024-02-12 17:36:58,262 [WARN] IntegrityCheckThread:84 - waiting for thirdparty lock release [integrity check]
2024-02-12 17:36:58,262 [INFO] PluginManage:310 - Check plugin tools
2024-02-12 17:36:58,262 [INFO] IntegrityCheckThread:86 - entering critical section [integrity check]
2024-02-12 17:36:58,263 [INFO] ThirdPartyUpdaterWithRetryManager:70 - Updater plugin not ready yet. [1/15]
2024-02-12 17:36:58,328 [INFO] PluginManage:359 - Loaded plugin tools (category:base,tabindex:7)
2024-02-12 17:36:58,328 [INFO] PluginManage:310 - Check plugin tutovideos
2024-02-12 17:36:58,680 [INFO] PluginManage:359 - Loaded plugin tutovideos (category:base,tabindex:-1)
2024-02-12 17:36:58,681 [INFO] PluginManage:310 - Check plugin updater
2024-02-12 17:36:58,698 [INFO] PluginManage:359 - Loaded plugin updater (category:base,tabindex:12)
2024-02-12 17:36:58,699 [INFO] PluginManage:310 - Check plugin userauth
2024-02-12 17:36:58,706 [INFO] UserAuth:114 - Init User Auth plugin
2024-02-12 17:36:58,707 [INFO] PluginManage:359 - Loaded plugin userauth (category:base,tabindex:14)
2024-02-12 17:36:58,707 [INFO] PluginManage:283 - PluginManage : Loaded plugins [17]
2024-02-12 17:36:59,041 [INFO] PinOutPanel:1499 - setPackage(No Configuration,No Configuration)
2024-02-12 17:36:59,148 [INFO] CADModel:165 - CPN selected for project level
2024-02-12 17:36:59,148 [INFO] CADModel:114 - Register for checkConnection events
2024-02-12 17:36:59,187 [INFO] IPUIPlugin:80 - create IPUIPlugin
2024-02-12 17:36:59,187 [INFO] PluginManager:220 - loadIPPluginJar : add adc
2024-02-12 17:36:59,241 [INFO] IPUIPlugin:80 - create IPUIPlugin
2024-02-12 17:36:59,241 [INFO] PluginManager:220 - loadIPPluginJar : add aes
2024-02-12 17:36:59,303 [INFO] IPUIPlugin:80 - create IPUIPlugin
2024-02-12 17:36:59,304 [INFO] PluginManager:220 - loadIPPluginJar : add can
2024-02-12 17:36:59,337 [INFO] IPUIPlugin:80 - create IPUIPlugin
2024-02-12 17:36:59,337 [INFO] PluginManager:220 - loadIPPluginJar : add comp
2024-02-12 17:36:59,388 [INFO] IPUIPlugin:80 - create IPUIPlugin
2024-02-12 17:36:59,388 [INFO] PluginManager:220 - loadIPPluginJar : add cryp
2024-02-12 17:36:59,433 [INFO] IPUIPlugin:80 - create IPUIPlugin
2024-02-12 17:36:59,434 [INFO] PluginManager:220 - loadIPPluginJar : add dfsdm
2024-02-12 17:36:59,454 [INFO] IPUIPlugin:80 - create IPUIPlugin
2024-02-12 17:36:59,455 [INFO] PluginManager:220 - loadIPPluginJar : add dma
2024-02-12 17:36:59,523 [INFO] IPUIPlugin:80 - create IPUIPlugin
2024-02-12 17:36:59,523 [INFO] PluginManager:220 - loadIPPluginJar : add dma3
2024-02-12 17:36:59,553 [INFO] IPUIPlugin:80 - create IPUIPlugin
2024-02-12 17:36:59,553 [INFO] PluginManager:220 - loadIPPluginJar : add fatfs
2024-02-12 17:36:59,625 [INFO] IPUIPlugin:80 - create IPUIPlugin
2024-02-12 17:36:59,626 [INFO] PluginManager:220 - loadIPPluginJar : add fmc
2024-02-12 17:36:59,649 [INFO] IPUIPlugin:80 - create IPUIPlugin
2024-02-12 17:36:59,649 [INFO] PluginManager:220 - loadIPPluginJar : add freertos
2024-02-12 17:36:59,680 [INFO] IPUIPlugin:80 - create IPUIPlugin
2024-02-12 17:36:59,680 [INFO] PluginManager:220 - loadIPPluginJar : add genericplugin
2024-02-12 17:36:59,818 [INFO] IPUIPlugin:80 - create IPUIPlugin
2024-02-12 17:36:59,818 [INFO] PluginManager:220 - loadIPPluginJar : add gfxmmu
2024-02-12 17:37:00,019 [INFO] IPUIPlugin:80 - create IPUIPlugin
2024-02-12 17:37:00,019 [INFO] PluginManager:220 - loadIPPluginJar : add gic
2024-02-12 17:37:00,066 [INFO] IPUIPlugin:80 - create IPUIPlugin
2024-02-12 17:37:00,066 [INFO] PluginManager:220 - loadIPPluginJar : add gpio
2024-02-12 17:37:00,213 [INFO] IPUIPlugin:80 - create IPUIPlugin
2024-02-12 17:37:00,213 [INFO] PluginManager:220 - loadIPPluginJar : add gtzc
2024-02-12 17:37:00,261 [INFO] IPUIPlugin:80 - create IPUIPlugin
2024-02-12 17:37:00,261 [INFO] PluginManager:220 - loadIPPluginJar : add hash
2024-02-12 17:37:00,339 [INFO] IPUIPlugin:80 - create IPUIPlugin
2024-02-12 17:37:00,339 [INFO] PluginManager:220 - loadIPPluginJar : add i2c
2024-02-12 17:37:00,398 [INFO] IPUIPlugin:80 - create IPUIPlugin
2024-02-12 17:37:00,398 [INFO] PluginManager:220 - loadIPPluginJar : add i2s
2024-02-12 17:37:00,461 [INFO] IPUIPlugin:80 - create IPUIPlugin
2024-02-12 17:37:00,461 [INFO] PluginManager:220 - loadIPPluginJar : add i3c
2024-02-12 17:37:00,665 [INFO] IPUIPlugin:80 - create IPUIPlugin
2024-02-12 17:37:00,665 [INFO] PluginManager:220 - loadIPPluginJar : add ipddr
2024-02-12 17:37:00,802 [INFO] IPUIPlugin:80 - create IPUIPlugin
2024-02-12 17:37:00,802 [INFO] PluginManager:220 - loadIPPluginJar : add linkedlist
2024-02-12 17:37:00,891 [INFO] IPUIPlugin:80 - create IPUIPlugin
2024-02-12 17:37:00,891 [INFO] PluginManager:220 - loadIPPluginJar : add lorawan
2024-02-12 17:37:00,947 [INFO] IPUIPlugin:80 - create IPUIPlugin
2024-02-12 17:37:00,947 [INFO] PluginManager:220 - loadIPPluginJar : add ltdc
2024-02-12 17:37:00,971 [INFO] IPUIPlugin:80 - create IPUIPlugin
2024-02-12 17:37:00,972 [INFO] PluginManager:220 - loadIPPluginJar : add mdma
2024-02-12 17:37:00,991 [INFO] IPUIPlugin:80 - create IPUIPlugin
2024-02-12 17:37:00,992 [INFO] PluginManager:220 - loadIPPluginJar : add nvic
2024-02-12 17:37:01,056 [INFO] IPUIPlugin:80 - create IPUIPlugin
2024-02-12 17:37:01,057 [INFO] PluginManager:220 - loadIPPluginJar : add opamp
2024-02-12 17:37:01,150 [INFO] IPUIPlugin:80 - create IPUIPlugin
2024-02-12 17:37:01,151 [INFO] PluginManager:220 - loadIPPluginJar : add openamp
2024-02-12 17:37:01,214 [INFO] IPUIPlugin:80 - create IPUIPlugin
2024-02-12 17:37:01,214 [INFO] PluginManager:220 - loadIPPluginJar : add pdm2pcm
2024-02-12 17:37:01,235 [INFO] IPUIPlugin:80 - create IPUIPlugin
2024-02-12 17:37:01,239 [INFO] PluginManager:220 - loadIPPluginJar : add plateformsettings
2024-02-12 17:37:01,264 [INFO] ThirdPartyUpdaterWithRetryManager:70 - Updater plugin not ready yet. [2/15]
2024-02-12 17:37:01,272 [INFO] IPUIPlugin:80 - create IPUIPlugin
2024-02-12 17:37:01,272 [INFO] PluginManager:220 - loadIPPluginJar : add quadspi
2024-02-12 17:37:01,291 [INFO] IPUIPlugin:80 - create IPUIPlugin
2024-02-12 17:37:01,291 [INFO] PluginManager:220 - loadIPPluginJar : add resmgrutility
2024-02-12 17:37:01,365 [INFO] IPUIPlugin:80 - create IPUIPlugin
2024-02-12 17:37:01,365 [INFO] PluginManager:220 - loadIPPluginJar : add sai
2024-02-12 17:37:01,420 [INFO] IPUIPlugin:80 - create IPUIPlugin
2024-02-12 17:37:01,421 [INFO] PluginManager:220 - loadIPPluginJar : add spi
2024-02-12 17:37:01,527 [INFO] IPUIPlugin:80 - create IPUIPlugin
2024-02-12 17:37:01,527 [INFO] PluginManager:220 - loadIPPluginJar : add stm32_wpan
2024-02-12 17:37:01,562 [INFO] IPUIPlugin:80 - create IPUIPlugin
2024-02-12 17:37:01,562 [INFO] PluginManager:220 - loadIPPluginJar : add tim
2024-02-12 17:37:01,646 [INFO] IPUIPlugin:80 - create IPUIPlugin
2024-02-12 17:37:01,646 [INFO] PluginManager:220 - loadIPPluginJar : add touchsensing
2024-02-12 17:37:01,680 [INFO] IPUIPlugin:80 - create IPUIPlugin
2024-02-12 17:37:01,681 [INFO] PluginManager:220 - loadIPPluginJar : add tracer_emb
2024-02-12 17:37:01,714 [INFO] IPUIPlugin:80 - create IPUIPlugin
2024-02-12 17:37:01,714 [INFO] PluginManager:220 - loadIPPluginJar : add ts
2024-02-12 17:37:01,746 [INFO] IPUIPlugin:80 - create IPUIPlugin
2024-02-12 17:37:01,746 [INFO] PluginManager:220 - loadIPPluginJar : add tsc
2024-02-12 17:37:01,779 [INFO] IPUIPlugin:80 - create IPUIPlugin
2024-02-12 17:37:01,779 [INFO] PluginManager:220 - loadIPPluginJar : add ucpd
2024-02-12 17:37:01,845 [INFO] IPUIPlugin:80 - create IPUIPlugin
2024-02-12 17:37:01,845 [INFO] PluginManager:220 - loadIPPluginJar : add usart
2024-02-12 17:37:01,910 [INFO] IPUIPlugin:80 - create IPUIPlugin
2024-02-12 17:37:01,911 [INFO] PluginManager:220 - loadIPPluginJar : add usbx
2024-02-12 17:37:02,084 [INFO] CADModel:165 - CPN selected for project level
2024-02-12 17:37:02,084 [INFO] CADModel:114 - Register for checkConnection events
2024-02-12 17:37:02,084 [FATAL] Updater:308 - Updater called before beeing initialized
2024-02-12 17:37:02,084 [ERROR] CADModel:125 - Updater not yet initialized, retry later 
2024-02-12 17:37:02,354 [INFO] CADModel:165 - CPN selected for project level
2024-02-12 17:37:02,354 [INFO] CADModel:114 - Register for checkConnection events
2024-02-12 17:37:02,354 [FATAL] Updater:308 - Updater called before beeing initialized
2024-02-12 17:37:02,354 [ERROR] CADModel:125 - Updater not yet initialized, retry later 
2024-02-12 17:37:02,359 [FATAL] Updater:308 - Updater called before beeing initialized
2024-02-12 17:37:02,520 [FATAL] Updater:308 - Updater called before beeing initialized
2024-02-12 17:37:02,536 [INFO] DbMcusAds:53 - JSON generation date=Wed Nov 29 11:52:27 CET 2023 (1701255147349)
2024-02-12 17:37:02,536 [FATAL] Updater:308 - Updater called before beeing initialized
2024-02-12 17:37:02,656 [WARN] DetailPanel:346 - Failed to get advertising image, set to default
2024-02-12 17:37:02,850 [FATAL] Updater:308 - Updater called before beeing initialized
2024-02-12 17:37:02,853 [FATAL] Updater:308 - Updater called before beeing initialized
2024-02-12 17:37:02,853 [FATAL] Updater:308 - Updater called before beeing initialized
2024-02-12 17:37:02,853 [WARN] DetailPanel:346 - Failed to get advertising image, set to default
2024-02-12 17:37:02,855 [FATAL] Updater:308 - Updater called before beeing initialized
2024-02-12 17:37:02,990 [ERROR] Updater:1120 - MainUpdater not yet initialized. External WinMGr cannot be set.
2024-02-12 17:37:03,007 [INFO] Updater:1056 - Updater Version found : 6.10.0
2024-02-12 17:37:03,030 [INFO] ApplicationProperties:184 - Using Application install path: C:\ST\STM32CubeIDE_1.14.0\STM32CubeIDE\plugins\com.st.stm32cube.common.mx_6.10.0.202311202037
2024-02-12 17:37:04,265 [INFO] ThirdPartyUpdaterWithRetryManager:70 - Updater plugin not ready yet. [3/15]
2024-02-12 17:37:04,655 [ERROR] LogOutputStream:75 - [STDERR_REDIRECT] Feb 12, 2024 5:37:04 PM java.util.prefs.WindowsPreferences <init>
2024-02-12 17:37:04,657 [ERROR] LogOutputStream:75 - [STDERR_REDIRECT] WARNING: Could not open/create prefs root node Software\JavaSoft\Prefs at root 0xffffffff80000002. Windows RegCreateKeyEx(...) returned error code 5.
2024-02-12 17:37:04,658 [ERROR] LogOutputStream:75 - [STDERR_REDIRECT] 
2024-02-12 17:37:05,105 [INFO] MainUpdater:2873 - connection check result : 10
2024-02-12 17:37:05,105 [INFO] MainUpdater:3567 - Updater definition file requires update
2024-02-12 17:37:05,107 [INFO] MainUpdater:290 - Updater Check For Update Now.
2024-02-12 17:37:05,107 [INFO] MicroXplorer:498 - Change Database Version : DB.6.0.100
2024-02-12 17:37:05,132 [INFO] McuFinderGlobals:63 - Set McuFinder mode to 2 (CubeIDE integrated)
2024-02-12 17:37:05,149 [INFO] UserAuth:404 - Internet connection configuration mode: 1
2024-02-12 17:37:05,182 [INFO] JxBrowserEngine:152 - Initiate JxBrowser Engine with user profile folder
2024-02-12 17:37:05,214 [INFO] ServerAccessManage:473 - Download File updaters.zip
2024-02-12 17:37:05,337 [INFO] FileExtend:240 - Unzip File : updaters.zip
2024-02-12 17:37:05,337 [INFO] FileExtend:255 - Standard Zip Deflate
2024-02-12 17:37:05,858 [INFO] ServerAccessManage:473 - Download File PacksControlFlags.xml
2024-02-12 17:37:06,003 [INFO] ServerAccessManage:473 - Download File cubemx.pidx
2024-02-12 17:37:06,207 [INFO] LoadServerUpdatesThread:375 - End of LoadServerUpdate Thread
2024-02-12 17:37:06,479 [INFO] CheckServerUpdateThread:120 - End of CheckServer Thread
2024-02-12 17:37:07,587 [WARN] PackLoader:240 - Cannot read IP mode file for STMicroelectronics.X-CUBE-SMBUS.2.1.0
2024-02-12 17:37:07,613 [WARN] PackLoader:240 - Cannot read IP mode file for STMicroelectronics.X-CUBE-TOUCHGFX.4.23.0
2024-02-12 17:37:07,689 [WARN] PackLoader:240 - Cannot read IP mode file for STMicroelectronics.X-CUBE-AZRTOS-F7.1.1.0
2024-02-12 17:37:07,727 [WARN] PackLoader:240 - Cannot read IP mode file for STMicroelectronics.FP-SNS-MOTENV1.4.3.2
2024-02-12 17:37:07,753 [WARN] PackLoader:240 - Cannot read IP mode file for STMicroelectronics.FP-SNS-FLIGHT1.5.0.2
2024-02-12 17:37:07,787 [WARN] PackLoader:240 - Cannot read IP mode file for STMicroelectronics.X-CUBE-DISPLAY.3.0.0
2024-02-12 17:37:07,823 [WARN] PackLoader:240 - Cannot read IP mode file for STMicroelectronics.X-CUBE-BLE1.7.0.0
2024-02-12 17:37:07,851 [WARN] PackLoader:240 - Cannot read IP mode file for emotas.I-CUBE-CANOPEN.1.3.0
2024-02-12 17:37:07,872 [WARN] PackLoader:240 - Cannot read IP mode file for STMicroelectronics.X-CUBE-TOUCHGFX.4.22.1
2024-02-12 17:37:07,891 [WARN] PackLoader:240 - Cannot read IP mode file for STMicroelectronics.FP-SNS-SMARTAG2.1.2.0
2024-02-12 17:37:07,923 [INFO] LogOutputStream:77 - [STDOUT_REDIRECT] 1 : Invalid condition id : UX_CORESTACK_Condition cause : null
2024-02-12 17:37:07,924 [INFO] LogOutputStream:77 - [STDOUT_REDIRECT] 1 : Invalid condition id : UX_CORESTACK_Condition cause : null
2024-02-12 17:37:07,925 [INFO] LogOutputStream:77 - [STDOUT_REDIRECT] 1 : Invalid condition id : UX_CORESTACK_Condition cause : null
2024-02-12 17:37:07,927 [INFO] LogOutputStream:77 - [STDOUT_REDIRECT] 1 : Invalid condition id : UX_CORESTACK_Condition cause : null
2024-02-12 17:37:07,928 [INFO] LogOutputStream:77 - [STDOUT_REDIRECT] 1 : Invalid condition id : UX_CORESTACK_Condition cause : null
2024-02-12 17:37:07,937 [WARN] PackLoader:240 - Cannot read IP mode file for STMicroelectronics.X-CUBE-AZRTOS-WL.2.0.0
2024-02-12 17:37:07,967 [WARN] PackLoader:240 - Cannot read IP mode file for WES.I-CUBE-Cesium.1.3.0
2024-02-12 17:37:07,992 [WARN] PackLoader:240 - Cannot read IP mode file for STMicroelectronics.X-CUBE-BLE2.3.3.0
2024-02-12 17:37:08,013 [WARN] PackLoader:240 - Cannot read IP mode file for STMicroelectronics.X-CUBE-ALGOBUILD.1.3.0
2024-02-12 17:37:08,067 [WARN] PackLoader:240 - Cannot read IP mode file for STMicroelectronics.X-CUBE-AZRTOS-G0.1.1.0
2024-02-12 17:37:08,102 [WARN] PackLoader:240 - Cannot read IP mode file for STMicroelectronics.X-CUBE-NFC4.3.0.0
2024-02-12 17:37:08,135 [WARN] PackLoader:240 - Cannot read IP mode file for STMicroelectronics.X-CUBE-BLEMGR.3.0.0
2024-02-12 17:37:08,159 [WARN] PackLoader:240 - Cannot read IP mode file for STMicroelectronics.FP-ATR-SIGFOX1.3.2.0
2024-02-12 17:37:08,181 [WARN] PackLoader:240 - Cannot read IP mode file for STMicroelectronics.X-CUBE-EEPRMA1.5.1.0
2024-02-12 17:37:08,260 [WARN] PackLoader:240 - Cannot read IP mode file for SEGGER.I-CUBE-embOS.1.3.1
2024-02-12 17:37:08,352 [WARN] PackLoader:240 - Cannot read IP mode file for STMicroelectronics.X-CUBE-GNSS1.6.0.0
2024-02-12 17:37:08,400 [WARN] PackLoader:240 - Cannot read IP mode file for STMicroelectronics.X-CUBE-AZRTOS-F4.1.1.0
2024-02-12 17:37:08,423 [WARN] PackLoader:240 - Cannot read IP mode file for wolfSSL.I-CUBE-wolfSSL.5.6.4
2024-02-12 17:37:08,460 [WARN] PackLoader:240 - Cannot read IP mode file for STMicroelectronics.X-CUBE-AZRTOS-L5.2.0.0
2024-02-12 17:37:08,480 [WARN] PackLoader:240 - Cannot read IP mode file for STMicroelectronics.X-CUBE-EEPRMA1.4.2.0
2024-02-12 17:37:08,501 [WARN] PackLoader:240 - Cannot read IP mode file for ITTIA_DB.I-CUBE-ITTIADB.8.8.0
2024-02-12 17:37:08,542 [WARN] ConditionMgr:438 - getConditionDescription Invalid condition id : UX DEVICE CLASS RTOS Condition cause : null
2024-02-12 17:37:08,542 [WARN] ConditionMgr:438 - getConditionDescription Invalid condition id : UX DEVICE CLASS RTOS Condition cause : null
2024-02-12 17:37:08,545 [WARN] PackLoader:240 - Cannot read IP mode file for STMicroelectronics.X-CUBE-AZRTOS-H7.3.1.0
2024-02-12 17:37:08,547 [WARN] ConditionMgr:1039 - genDependencies : Invalid condition id : UX DEVICE CLASS RTOS Condition cause : null
2024-02-12 17:37:08,547 [WARN] ConditionMgr:1039 - genDependencies : Invalid condition id : UX DEVICE CLASS RTOS Condition cause : null
2024-02-12 17:37:08,547 [WARN] ConditionMgr:1039 - genDependencies : Invalid condition id : UX DEVICE CLASS RTOS Condition cause : null
2024-02-12 17:37:08,548 [WARN] ConditionMgr:1039 - genDependencies : Invalid condition id : UX DEVICE CLASS RTOS Condition cause : null
2024-02-12 17:37:08,549 [WARN] ConditionMgr:1039 - genDependencies : Invalid condition id : UX DEVICE CLASS RTOS Condition cause : null
2024-02-12 17:37:08,568 [WARN] PackLoader:240 - Cannot read IP mode file for STMicroelectronics.X-CUBE-NFC7.1.0.1
2024-02-12 17:37:08,591 [WARN] PackLoader:240 - Cannot read IP mode file for STMicroelectronics.X-CUBE-NFC6.3.0.0
2024-02-12 17:37:08,615 [WARN] PackLoader:240 - Cannot read IP mode file for STMicroelectronics.X-CUBE-AI.8.1.0
2024-02-12 17:37:08,666 [WARN] ConditionMgr:438 - getConditionDescription Invalid condition id : LAN8742 Phy interface Condition cause : null
2024-02-12 17:37:08,666 [WARN] PackLoader:240 - Cannot read IP mode file for STMicroelectronics.X-CUBE-AZRTOS-L4.2.0.0
2024-02-12 17:37:08,669 [WARN] ConditionMgr:1039 - genDependencies : Invalid condition id : LAN8742 Phy interface Condition cause : null
2024-02-12 17:37:08,669 [WARN] ConditionMgr:1039 - genDependencies : Invalid condition id : LAN8742 Phy interface Condition cause : null
2024-02-12 17:37:08,670 [WARN] ConditionMgr:1039 - genDependencies : Invalid condition id : LAN8742 Phy interface Condition cause : null
2024-02-12 17:37:08,698 [WARN] PackLoader:240 - Cannot read IP mode file for STMicroelectronics.X-CUBE-SFXS2LP1.4.0.0
2024-02-12 17:37:08,716 [WARN] PackLoader:240 - Cannot read IP mode file for STMicroelectronics.X-CUBE-ISPU.1.1.0
2024-02-12 17:37:08,748 [WARN] ConditionMgr:438 - getConditionDescription Invalid condition id : UX DEVICE CLASS RTOS Condition cause : null
2024-02-12 17:37:08,748 [WARN] ConditionMgr:438 - getConditionDescription Invalid condition id : UX DEVICE CLASS RTOS Condition cause : null
2024-02-12 17:37:08,750 [WARN] PackLoader:240 - Cannot read IP mode file for STMicroelectronics.X-CUBE-AZRTOS-WB.2.0.0
2024-02-12 17:37:08,751 [WARN] ConditionMgr:1039 - genDependencies : Invalid condition id : UX DEVICE CLASS RTOS Condition cause : null
2024-02-12 17:37:08,751 [WARN] ConditionMgr:1039 - genDependencies : Invalid condition id : UX DEVICE CLASS RTOS Condition cause : null
2024-02-12 17:37:08,751 [WARN] ConditionMgr:1039 - genDependencies : Invalid condition id : UX DEVICE CLASS RTOS Condition cause : null
2024-02-12 17:37:08,752 [WARN] ConditionMgr:1039 - genDependencies : Invalid condition id : UX DEVICE CLASS RTOS Condition cause : null
2024-02-12 17:37:08,752 [WARN] ConditionMgr:1039 - genDependencies : Invalid condition id : UX DEVICE CLASS RTOS Condition cause : null
2024-02-12 17:37:08,783 [WARN] PackLoader:240 - Cannot read IP mode file for STMicroelectronics.X-CUBE-SUBG2.5.0.0
2024-02-12 17:37:08,825 [WARN] PackLoader:240 - Cannot read IP mode file for STMicroelectronics.X-CUBE-AZRTOS-G4.2.0.0
2024-02-12 17:37:08,913 [WARN] PackLoader:240 - Cannot read IP mode file for Infineon.AIROC-Wi-Fi-Bluetooth-STM32.1.5.1
2024-02-12 17:37:08,943 [WARN] PackLoader:240 - Cannot read IP mode file for STMicroelectronics.FP-SNS-MOTENVWB1.1.3.0
2024-02-12 17:37:08,965 [WARN] PackLoader:240 - Cannot read IP mode file for STMicroelectronics.FP-SNS-MOTENVWB1.1.3.1
2024-02-12 17:37:08,984 [WARN] PackLoader:240 - Cannot read IP mode file for STMicroelectronics.X-CUBE-ISPU.2.0.0
2024-02-12 17:37:09,084 [WARN] PackLoader:240 - Cannot read IP mode file for STMicroelectronics.X-CUBE-MEMS1.10.0.0
2024-02-12 17:37:09,288 [WARN] PackLoader:240 - Cannot read IP mode file for STMicroelectronics.X-CUBE-FREERTOS.1.1.0
2024-02-12 17:37:09,312 [WARN] PackLoader:240 - Cannot read IP mode file for portGmbH.I-Cube-SoM-uGOAL.1.1.0
2024-02-12 17:37:09,333 [WARN] PackLoader:240 - Cannot read IP mode file for STMicroelectronics.X-CUBE-ALS.1.0.1
2024-02-12 17:37:09,353 [WARN] PackLoader:240 - Cannot read IP mode file for STMicroelectronics.FP-ATR-ASTRA1.2.0.0
2024-02-12 17:37:09,389 [WARN] PackLoader:240 - Cannot read IP mode file for STMicroelectronics.X-CUBE-TOF1.3.4.0
2024-02-12 17:37:09,451 [WARN] PackLoader:240 - Cannot read IP mode file for STMicroelectronics.X-CUBE-AZRTOS-H7.3.2.0
2024-02-12 17:37:09,455 [INFO] ThirdParty:978 - Integrity check success = true
2024-02-12 17:37:09,455 [INFO] IntegrityCheckThread:100 - exiting critical section [integrity check]
2024-02-12 17:37:09,455 [INFO] IntegrityCheckThread:103 - End integrity checks thread
2024-02-12 17:37:10,568 [INFO] WebApp:161 - Instantiating new browser for Auth
2024-02-12 17:37:11,382 [INFO] WebApp:780 - Register for checkConnection events
2024-02-12 17:37:11,382 [INFO] WebApp:414 - Apply proxy settings
2024-02-12 17:37:11,382 [INFO] WebApp:499 - Chromium requires no authentication
2024-02-12 17:37:11,394 [INFO] WebApp:442 - Direct internet connection detected
2024-02-12 17:37:11,628 [INFO] WebApp:192 - Starting web application
2024-02-12 17:37:11,628 [INFO] WebApp:544 - Web application path used C:\ST\STM32CubeIDE_1.14.0\STM32CubeIDE\plugins\com.st.stm32cube.common.mx_6.10.0.202311202037\db\plugins\mcufinder\reactClient1\index.html
2024-02-12 17:37:15,226 [ERROR] LogOutputStream:75 - [STDERR_REDIRECT] SLF4J: Failed to load class "org.slf4j.impl.StaticLoggerBinder".
2024-02-12 17:37:15,228 [ERROR] LogOutputStream:75 - [STDERR_REDIRECT] SLF4J: Defaulting to no-operation (NOP) logger implementation
2024-02-12 17:37:15,230 [ERROR] LogOutputStream:75 - [STDERR_REDIRECT] SLF4J: See http://www.slf4j.org/codes.html#StaticLoggerBinder for further details.
2024-02-12 19:30:02,351 [ERROR] LogOutputStream:75 - [STDERR_REDIRECT] 
