2024-02-02 14:42:32,084 [ERROR] LogOutputStream:75 - [STDERR_REDIRECT] 
2024-02-02 18:33:27,043 [INFO] Activator:176 - 


2024-02-02 18:33:27,045 [INFO] Activator:177 - !SESSION log4j initialized
2024-02-02 18:33:31,790 [INFO] LogOutputStream:77 - [STDOUT_REDIRECT] 
2024-02-02 18:33:33,585 [INFO] ApplicationProperties:184 - Using Application install path: C:\ST\STM32CubeIDE_1.14.0\STM32CubeIDE\plugins\com.st.stm32cube.common.mx_6.10.0.202311202037
2024-02-02 18:33:33,600 [INFO] DbMcusXml:78 - Set database path to: C:\ST\STM32CubeIDE_1.14.0\STM32CubeIDE\plugins\com.st.stm32cube.common.mx_6.10.0.202311202037\\db\/mcu/
2024-02-02 18:33:33,601 [INFO] ApiDb:274 - Set plugin database path to: C:\ST\STM32CubeIDE_1.14.0\STM32CubeIDE\plugins\com.st.stm32cube.common.mx_6.10.0.202311202037\\db\/plugins/boardmanager/
2024-02-02 18:33:33,601 [WARN] ApiDb:259 - Overriding images path with different value:  => C:\ST\STM32CubeIDE_1.14.0\STM32CubeIDE\plugins\com.st.stm32cube.common.mx_6.10.0.202311202037\\db\/plugins/mcufinder/images/
2024-02-02 18:33:33,608 [INFO] ApiDb:250 - Set database path to: C:\Users\sykojo\.stmcufinder\plugins\mcufinder//mcu/
2024-02-02 18:33:33,610 [INFO] DbMcusAds:125 - Set database path to: C:\Users\sykojo\.stmcufinder\plugins\mcufinder//mcu/
2024-02-02 18:33:33,611 [INFO] CrossReferenceDbSqlite:203 - Set database path to: C:\Users\sykojo\.stmcufinder\plugins\mcufinder//mcu/cs/
2024-02-02 18:33:33,710 [INFO] RulesReader:64 - Compatibility file has been processed (297 Rules)
2024-02-02 18:33:33,790 [INFO] DbMcusXml:78 - Set database path to: C:\ST\STM32CubeIDE_1.14.0\STM32CubeIDE\plugins\com.st.stm32cube.common.mx_6.10.0.202311202037\\db\/mcu/
2024-02-02 18:33:33,790 [INFO] ApiDb:274 - Set plugin database path to: C:\ST\STM32CubeIDE_1.14.0\STM32CubeIDE\plugins\com.st.stm32cube.common.mx_6.10.0.202311202037\\db\/plugins/boardmanager/
2024-02-02 18:33:33,791 [INFO] ApiDb:261 - Set plugin images path to: C:\ST\STM32CubeIDE_1.14.0\STM32CubeIDE\plugins\com.st.stm32cube.common.mx_6.10.0.202311202037\\db\/plugins/mcufinder/images/
2024-02-02 18:33:33,791 [WARN] DbFile:41 - Overriding database path with different value: C:\Users\sykojo\.stmcufinder\plugins\mcufinder/ => C:\Users\sykojo\.stmcufinder\plugins\mcufinder
2024-02-02 18:33:33,791 [INFO] ApiDb:250 - Set database path to: C:\Users\sykojo\.stmcufinder\plugins\mcufinder//mcu/
2024-02-02 18:33:33,791 [WARN] DbFile:41 - Overriding database path with different value: C:\Users\sykojo\.stmcufinder\plugins\mcufinder/ => C:\Users\sykojo\.stmcufinder\plugins\mcufinder
2024-02-02 18:33:33,791 [INFO] DbMcusAds:125 - Set database path to: C:\Users\sykojo\.stmcufinder\plugins\mcufinder//mcu/
2024-02-02 18:33:33,791 [WARN] DbFile:41 - Overriding database path with different value: C:\Users\sykojo\.stmcufinder\plugins\mcufinder/ => C:\Users\sykojo\.stmcufinder\plugins\mcufinder
2024-02-02 18:33:33,791 [WARN] DbFile:41 - Overriding database path with different value: C:\Users\sykojo\.stmcufinder\plugins\mcufinder/ => C:\Users\sykojo\.stmcufinder\plugins\mcufinder
2024-02-02 18:33:33,791 [INFO] CrossReferenceDbSqlite:203 - Set database path to: C:\Users\sykojo\.stmcufinder\plugins\mcufinder//mcu/cs/
2024-02-02 18:33:33,855 [INFO] MainPanel:264 - HeapMemory: 268435456
2024-02-02 18:33:33,931 [INFO] DbMcusXml:78 - Set database path to: C:\ST\STM32CubeIDE_1.14.0\STM32CubeIDE\plugins\com.st.stm32cube.common.mx_6.10.0.202311202037\\db\/mcu/
2024-02-02 18:33:33,931 [INFO] ApiDb:274 - Set plugin database path to: C:\ST\STM32CubeIDE_1.14.0\STM32CubeIDE\plugins\com.st.stm32cube.common.mx_6.10.0.202311202037\\db\/plugins/boardmanager/
2024-02-02 18:33:33,931 [INFO] ApiDb:261 - Set plugin images path to: C:\ST\STM32CubeIDE_1.14.0\STM32CubeIDE\plugins\com.st.stm32cube.common.mx_6.10.0.202311202037\\db\/plugins/mcufinder/images/
2024-02-02 18:33:33,932 [WARN] DbFile:41 - Overriding database path with different value: C:\Users\sykojo\.stmcufinder\plugins\mcufinder/ => C:\Users\sykojo\.stmcufinder\plugins\mcufinder
2024-02-02 18:33:33,932 [INFO] ApiDb:250 - Set database path to: C:\Users\sykojo\.stmcufinder\plugins\mcufinder//mcu/
2024-02-02 18:33:33,932 [WARN] DbFile:41 - Overriding database path with different value: C:\Users\sykojo\.stmcufinder\plugins\mcufinder/ => C:\Users\sykojo\.stmcufinder\plugins\mcufinder
2024-02-02 18:33:33,932 [INFO] DbMcusAds:125 - Set database path to: C:\Users\sykojo\.stmcufinder\plugins\mcufinder//mcu/
2024-02-02 18:33:33,932 [WARN] DbFile:41 - Overriding database path with different value: C:\Users\sykojo\.stmcufinder\plugins\mcufinder/ => C:\Users\sykojo\.stmcufinder\plugins\mcufinder
2024-02-02 18:33:33,932 [WARN] DbFile:41 - Overriding database path with different value: C:\Users\sykojo\.stmcufinder\plugins\mcufinder/ => C:\Users\sykojo\.stmcufinder\plugins\mcufinder
2024-02-02 18:33:33,932 [INFO] CrossReferenceDbSqlite:203 - Set database path to: C:\Users\sykojo\.stmcufinder\plugins\mcufinder//mcu/cs/
2024-02-02 18:33:33,947 [INFO] ApplicationProperties:184 - Using Application install path: C:\ST\STM32CubeIDE_1.14.0\STM32CubeIDE\plugins\com.st.stm32cube.common.mx_6.10.0.202311202037
2024-02-02 18:33:33,948 [INFO] PluginManage:196 - Search for loadable plugins [exclusion list=, ]
2024-02-02 18:33:33,949 [INFO] PluginManage:310 - Check plugin analytics
2024-02-02 18:33:34,060 [INFO] AnalyticsPlugin:253 - Accepted Software Licenses: 
2024-02-02 18:33:34,061 [INFO] AnalyticsPlugin:255 - Accepted CMSIS Pack Licenses: 
2024-02-02 18:33:34,061 [INFO] AnalyticsPlugin:257 - Accepted Firmware Licenses: 
2024-02-02 18:33:34,062 [INFO] PluginManage:359 - Loaded plugin analytics (category:tool,tabindex:-1)
2024-02-02 18:33:34,063 [INFO] PluginManage:310 - Check plugin cadmodel
2024-02-02 18:33:34,075 [INFO] CADModel:105 - Init CAD model plugin
2024-02-02 18:33:34,075 [INFO] PluginManage:359 - Loaded plugin cadmodel (category:power,tabindex:5)
2024-02-02 18:33:34,075 [INFO] PluginManage:310 - Check plugin clock
2024-02-02 18:33:34,091 [INFO] PluginManage:359 - Loaded plugin clock (category:base,tabindex:2)
2024-02-02 18:33:34,091 [INFO] PluginManage:310 - Check plugin ddr
2024-02-02 18:33:34,093 [INFO] PluginManage:359 - Loaded plugin ddr (category:tool,tabindex:6)
2024-02-02 18:33:34,093 [INFO] PluginManage:310 - Check plugin filemanager
2024-02-02 18:33:34,193 [INFO] PluginManage:359 - Loaded plugin filemanager (category:base,tabindex:10)
2024-02-02 18:33:34,193 [INFO] PluginManage:310 - Check plugin ipmanager
2024-02-02 18:33:34,200 [INFO] PluginManage:359 - Loaded plugin ipmanager (category:base,tabindex:5)
2024-02-02 18:33:34,200 [INFO] PluginManage:310 - Check plugin lpbam
2024-02-02 18:33:34,215 [INFO] PluginManage:359 - Loaded plugin lpbam (category:base,tabindex:0)
2024-02-02 18:33:34,215 [INFO] PluginManage:310 - Check plugin memorymap
2024-02-02 18:33:34,234 [INFO] PluginManage:359 - Loaded plugin memorymap (category:base,tabindex:4)
2024-02-02 18:33:34,234 [INFO] PluginManage:310 - Check plugin pinoutandconfiguration
2024-02-02 18:33:34,247 [INFO] PluginManage:359 - Loaded plugin pinoutandconfiguration (category:base,tabindex:1)
2024-02-02 18:33:34,247 [INFO] PluginManage:310 - Check plugin pinoutconfig
2024-02-02 18:33:34,319 [WARN] SupportedApi:132 - Cannot load RTOS API schema: s4s-elt-must-match.1: The content of 'definitions' must match (annotation?, (simpleType | complexType)?, (unique | key | keyref)*)). A problem was found starting at: attribute.
2024-02-02 18:33:34,419 [INFO] PluginManage:359 - Loaded plugin pinoutconfig (category:base,tabindex:0)
2024-02-02 18:33:34,419 [INFO] PluginManage:310 - Check plugin power
2024-02-02 18:33:34,435 [INFO] PluginManage:359 - Loaded plugin power (category:power,tabindex:4)
2024-02-02 18:33:34,435 [INFO] PluginManage:310 - Check plugin projectmanager
2024-02-02 18:33:34,447 [INFO] PluginManage:359 - Loaded plugin projectmanager (category:projectmanager,tabindex:3)
2024-02-02 18:33:34,448 [INFO] PluginManage:310 - Check plugin thirdparty
2024-02-02 18:33:34,675 [INFO] PluginManage:359 - Loaded plugin thirdparty (category:base,tabindex:-1)
2024-02-02 18:33:34,675 [INFO] PluginManage:310 - Check plugin tools
2024-02-02 18:33:34,675 [WARN] IntegrityCheckThread:84 - waiting for thirdparty lock release [integrity check]
2024-02-02 18:33:34,675 [INFO] IntegrityCheckThread:86 - entering critical section [integrity check]
2024-02-02 18:33:34,676 [INFO] ThirdPartyUpdaterWithRetryManager:70 - Updater plugin not ready yet. [1/15]
2024-02-02 18:33:34,706 [INFO] PluginManage:359 - Loaded plugin tools (category:base,tabindex:7)
2024-02-02 18:33:34,706 [INFO] PluginManage:310 - Check plugin tutovideos
2024-02-02 18:33:34,876 [INFO] PluginManage:359 - Loaded plugin tutovideos (category:base,tabindex:-1)
2024-02-02 18:33:34,876 [INFO] PluginManage:310 - Check plugin updater
2024-02-02 18:33:34,885 [INFO] PluginManage:359 - Loaded plugin updater (category:base,tabindex:12)
2024-02-02 18:33:34,885 [INFO] PluginManage:310 - Check plugin userauth
2024-02-02 18:33:34,890 [INFO] UserAuth:114 - Init User Auth plugin
2024-02-02 18:33:34,890 [INFO] PluginManage:359 - Loaded plugin userauth (category:base,tabindex:14)
2024-02-02 18:33:34,890 [INFO] PluginManage:283 - PluginManage : Loaded plugins [17]
2024-02-02 18:33:35,057 [INFO] PinOutPanel:1499 - setPackage(No Configuration,No Configuration)
2024-02-02 18:33:35,117 [INFO] CADModel:165 - CPN selected for project level
2024-02-02 18:33:35,117 [INFO] CADModel:114 - Register for checkConnection events
2024-02-02 18:33:35,139 [INFO] IPUIPlugin:80 - create IPUIPlugin
2024-02-02 18:33:35,139 [INFO] PluginManager:220 - loadIPPluginJar : add adc
2024-02-02 18:33:35,167 [INFO] IPUIPlugin:80 - create IPUIPlugin
2024-02-02 18:33:35,167 [INFO] PluginManager:220 - loadIPPluginJar : add aes
2024-02-02 18:33:35,198 [INFO] IPUIPlugin:80 - create IPUIPlugin
2024-02-02 18:33:35,198 [INFO] PluginManager:220 - loadIPPluginJar : add can
2024-02-02 18:33:35,216 [INFO] IPUIPlugin:80 - create IPUIPlugin
2024-02-02 18:33:35,216 [INFO] PluginManager:220 - loadIPPluginJar : add comp
2024-02-02 18:33:35,244 [INFO] IPUIPlugin:80 - create IPUIPlugin
2024-02-02 18:33:35,244 [INFO] PluginManager:220 - loadIPPluginJar : add cryp
2024-02-02 18:33:35,267 [INFO] IPUIPlugin:80 - create IPUIPlugin
2024-02-02 18:33:35,267 [INFO] PluginManager:220 - loadIPPluginJar : add dfsdm
2024-02-02 18:33:35,278 [INFO] IPUIPlugin:80 - create IPUIPlugin
2024-02-02 18:33:35,279 [INFO] PluginManager:220 - loadIPPluginJar : add dma
2024-02-02 18:33:35,313 [INFO] IPUIPlugin:80 - create IPUIPlugin
2024-02-02 18:33:35,313 [INFO] PluginManager:220 - loadIPPluginJar : add dma3
2024-02-02 18:33:35,328 [INFO] IPUIPlugin:80 - create IPUIPlugin
2024-02-02 18:33:35,328 [INFO] PluginManager:220 - loadIPPluginJar : add fatfs
2024-02-02 18:33:35,364 [INFO] IPUIPlugin:80 - create IPUIPlugin
2024-02-02 18:33:35,365 [INFO] PluginManager:220 - loadIPPluginJar : add fmc
2024-02-02 18:33:35,377 [INFO] IPUIPlugin:80 - create IPUIPlugin
2024-02-02 18:33:35,377 [INFO] PluginManager:220 - loadIPPluginJar : add freertos
2024-02-02 18:33:35,393 [INFO] IPUIPlugin:80 - create IPUIPlugin
2024-02-02 18:33:35,393 [INFO] PluginManager:220 - loadIPPluginJar : add genericplugin
2024-02-02 18:33:35,459 [INFO] IPUIPlugin:80 - create IPUIPlugin
2024-02-02 18:33:35,460 [INFO] PluginManager:220 - loadIPPluginJar : add gfxmmu
2024-02-02 18:33:35,552 [INFO] IPUIPlugin:80 - create IPUIPlugin
2024-02-02 18:33:35,552 [INFO] PluginManager:220 - loadIPPluginJar : add gic
2024-02-02 18:33:35,562 [INFO] IPUIPlugin:80 - create IPUIPlugin
2024-02-02 18:33:35,563 [INFO] PluginManager:220 - loadIPPluginJar : add gpio
2024-02-02 18:33:35,630 [INFO] IPUIPlugin:80 - create IPUIPlugin
2024-02-02 18:33:35,630 [INFO] PluginManager:220 - loadIPPluginJar : add gtzc
2024-02-02 18:33:35,655 [INFO] IPUIPlugin:80 - create IPUIPlugin
2024-02-02 18:33:35,655 [INFO] PluginManager:220 - loadIPPluginJar : add hash
2024-02-02 18:33:35,695 [INFO] IPUIPlugin:80 - create IPUIPlugin
2024-02-02 18:33:35,695 [INFO] PluginManager:220 - loadIPPluginJar : add i2c
2024-02-02 18:33:35,728 [INFO] IPUIPlugin:80 - create IPUIPlugin
2024-02-02 18:33:35,728 [INFO] PluginManager:220 - loadIPPluginJar : add i2s
2024-02-02 18:33:35,770 [INFO] IPUIPlugin:80 - create IPUIPlugin
2024-02-02 18:33:35,770 [INFO] PluginManager:220 - loadIPPluginJar : add i3c
2024-02-02 18:33:35,852 [INFO] IPUIPlugin:80 - create IPUIPlugin
2024-02-02 18:33:35,852 [INFO] PluginManager:220 - loadIPPluginJar : add ipddr
2024-02-02 18:33:35,916 [INFO] IPUIPlugin:80 - create IPUIPlugin
2024-02-02 18:33:35,916 [INFO] PluginManager:220 - loadIPPluginJar : add linkedlist
2024-02-02 18:33:35,942 [INFO] IPUIPlugin:80 - create IPUIPlugin
2024-02-02 18:33:35,942 [INFO] PluginManager:220 - loadIPPluginJar : add lorawan
2024-02-02 18:33:35,968 [INFO] IPUIPlugin:80 - create IPUIPlugin
2024-02-02 18:33:35,968 [INFO] PluginManager:220 - loadIPPluginJar : add ltdc
2024-02-02 18:33:35,980 [INFO] IPUIPlugin:80 - create IPUIPlugin
2024-02-02 18:33:35,981 [INFO] PluginManager:220 - loadIPPluginJar : add mdma
2024-02-02 18:33:35,990 [INFO] IPUIPlugin:80 - create IPUIPlugin
2024-02-02 18:33:35,990 [INFO] PluginManager:220 - loadIPPluginJar : add nvic
2024-02-02 18:33:36,016 [INFO] IPUIPlugin:80 - create IPUIPlugin
2024-02-02 18:33:36,016 [INFO] PluginManager:220 - loadIPPluginJar : add opamp
2024-02-02 18:33:36,059 [INFO] IPUIPlugin:80 - create IPUIPlugin
2024-02-02 18:33:36,059 [INFO] PluginManager:220 - loadIPPluginJar : add openamp
2024-02-02 18:33:36,091 [INFO] IPUIPlugin:80 - create IPUIPlugin
2024-02-02 18:33:36,091 [INFO] PluginManager:220 - loadIPPluginJar : add pdm2pcm
2024-02-02 18:33:36,104 [INFO] IPUIPlugin:80 - create IPUIPlugin
2024-02-02 18:33:36,105 [INFO] PluginManager:220 - loadIPPluginJar : add plateformsettings
2024-02-02 18:33:36,123 [INFO] IPUIPlugin:80 - create IPUIPlugin
2024-02-02 18:33:36,123 [INFO] PluginManager:220 - loadIPPluginJar : add quadspi
2024-02-02 18:33:36,133 [INFO] IPUIPlugin:80 - create IPUIPlugin
2024-02-02 18:33:36,133 [INFO] PluginManager:220 - loadIPPluginJar : add resmgrutility
2024-02-02 18:33:36,175 [INFO] IPUIPlugin:80 - create IPUIPlugin
2024-02-02 18:33:36,175 [INFO] PluginManager:220 - loadIPPluginJar : add sai
2024-02-02 18:33:36,209 [INFO] IPUIPlugin:80 - create IPUIPlugin
2024-02-02 18:33:36,209 [INFO] PluginManager:220 - loadIPPluginJar : add spi
2024-02-02 18:33:36,261 [INFO] IPUIPlugin:80 - create IPUIPlugin
2024-02-02 18:33:36,261 [INFO] PluginManager:220 - loadIPPluginJar : add stm32_wpan
2024-02-02 18:33:36,281 [INFO] IPUIPlugin:80 - create IPUIPlugin
2024-02-02 18:33:36,281 [INFO] PluginManager:220 - loadIPPluginJar : add tim
2024-02-02 18:33:36,323 [INFO] IPUIPlugin:80 - create IPUIPlugin
2024-02-02 18:33:36,323 [INFO] PluginManager:220 - loadIPPluginJar : add touchsensing
2024-02-02 18:33:36,342 [INFO] IPUIPlugin:80 - create IPUIPlugin
2024-02-02 18:33:36,342 [INFO] PluginManager:220 - loadIPPluginJar : add tracer_emb
2024-02-02 18:33:36,360 [INFO] IPUIPlugin:80 - create IPUIPlugin
2024-02-02 18:33:36,360 [INFO] PluginManager:220 - loadIPPluginJar : add ts
2024-02-02 18:33:36,377 [INFO] IPUIPlugin:80 - create IPUIPlugin
2024-02-02 18:33:36,377 [INFO] PluginManager:220 - loadIPPluginJar : add tsc
2024-02-02 18:33:36,393 [INFO] IPUIPlugin:80 - create IPUIPlugin
2024-02-02 18:33:36,393 [INFO] PluginManager:220 - loadIPPluginJar : add ucpd
2024-02-02 18:33:36,426 [INFO] IPUIPlugin:80 - create IPUIPlugin
2024-02-02 18:33:36,426 [INFO] PluginManager:220 - loadIPPluginJar : add usart
2024-02-02 18:33:36,457 [INFO] IPUIPlugin:80 - create IPUIPlugin
2024-02-02 18:33:36,457 [INFO] PluginManager:220 - loadIPPluginJar : add usbx
2024-02-02 18:33:36,567 [INFO] CADModel:165 - CPN selected for project level
2024-02-02 18:33:36,568 [INFO] CADModel:114 - Register for checkConnection events
2024-02-02 18:33:36,568 [FATAL] Updater:308 - Updater called before beeing initialized
2024-02-02 18:33:36,568 [ERROR] CADModel:125 - Updater not yet initialized, retry later 
2024-02-02 18:33:36,671 [INFO] CADModel:165 - CPN selected for project level
2024-02-02 18:33:36,671 [INFO] CADModel:114 - Register for checkConnection events
2024-02-02 18:33:36,671 [FATAL] Updater:308 - Updater called before beeing initialized
2024-02-02 18:33:36,671 [ERROR] CADModel:125 - Updater not yet initialized, retry later 
2024-02-02 18:33:36,673 [FATAL] Updater:308 - Updater called before beeing initialized
2024-02-02 18:33:36,752 [FATAL] Updater:308 - Updater called before beeing initialized
2024-02-02 18:33:36,761 [INFO] DbMcusAds:53 - JSON generation date=Wed Nov 29 11:52:27 CET 2023 (1701255147349)
2024-02-02 18:33:36,761 [FATAL] Updater:308 - Updater called before beeing initialized
2024-02-02 18:33:36,826 [WARN] DetailPanel:346 - Failed to get advertising image, set to default
2024-02-02 18:33:36,914 [FATAL] Updater:308 - Updater called before beeing initialized
2024-02-02 18:33:36,916 [FATAL] Updater:308 - Updater called before beeing initialized
2024-02-02 18:33:36,917 [FATAL] Updater:308 - Updater called before beeing initialized
2024-02-02 18:33:36,917 [WARN] DetailPanel:346 - Failed to get advertising image, set to default
2024-02-02 18:33:36,917 [FATAL] Updater:308 - Updater called before beeing initialized
2024-02-02 18:33:36,986 [ERROR] Updater:1120 - MainUpdater not yet initialized. External WinMGr cannot be set.
2024-02-02 18:33:36,995 [INFO] Updater:1056 - Updater Version found : 6.10.0
2024-02-02 18:33:37,010 [INFO] ApplicationProperties:184 - Using Application install path: C:\ST\STM32CubeIDE_1.14.0\STM32CubeIDE\plugins\com.st.stm32cube.common.mx_6.10.0.202311202037
2024-02-02 18:33:37,677 [INFO] ThirdPartyUpdaterWithRetryManager:70 - Updater plugin not ready yet. [2/15]
2024-02-02 18:33:38,586 [ERROR] LogOutputStream:75 - [STDERR_REDIRECT] Feb 02, 2024 6:33:38 PM java.util.prefs.WindowsPreferences <init>
2024-02-02 18:33:38,587 [ERROR] LogOutputStream:75 - [STDERR_REDIRECT] WARNING: Could not open/create prefs root node Software\JavaSoft\Prefs at root 0xffffffff80000002. Windows RegCreateKeyEx(...) returned error code 5.
2024-02-02 18:33:38,587 [ERROR] LogOutputStream:75 - [STDERR_REDIRECT] 
2024-02-02 18:33:38,887 [INFO] MainUpdater:2873 - connection check result : 10
2024-02-02 18:33:38,888 [INFO] MainUpdater:290 - Updater Check For Update Now.
2024-02-02 18:33:38,888 [INFO] MicroXplorer:498 - Change Database Version : DB.6.0.100
2024-02-02 18:33:38,902 [INFO] McuFinderGlobals:63 - Set McuFinder mode to 2 (CubeIDE integrated)
2024-02-02 18:33:38,912 [INFO] UserAuth:404 - Internet connection configuration mode: 1
2024-02-02 18:33:38,938 [INFO] JxBrowserEngine:152 - Initiate JxBrowser Engine with user profile folder
2024-02-02 18:33:39,070 [INFO] CheckServerUpdateThread:120 - End of CheckServer Thread
2024-02-02 18:33:40,810 [WARN] PackLoader:240 - Cannot read IP mode file for STMicroelectronics.X-CUBE-SMBUS.2.1.0
2024-02-02 18:33:40,824 [WARN] PackLoader:240 - Cannot read IP mode file for STMicroelectronics.X-CUBE-TOUCHGFX.4.23.0
2024-02-02 18:33:40,857 [WARN] PackLoader:240 - Cannot read IP mode file for STMicroelectronics.X-CUBE-AZRTOS-F7.1.1.0
2024-02-02 18:33:40,872 [WARN] PackLoader:240 - Cannot read IP mode file for STMicroelectronics.FP-SNS-MOTENV1.4.3.2
2024-02-02 18:33:40,898 [WARN] PackLoader:240 - Cannot read IP mode file for STMicroelectronics.FP-SNS-FLIGHT1.5.0.2
2024-02-02 18:33:40,947 [WARN] PackLoader:240 - Cannot read IP mode file for STMicroelectronics.X-CUBE-DISPLAY.3.0.0
2024-02-02 18:33:40,966 [WARN] PackLoader:240 - Cannot read IP mode file for STMicroelectronics.X-CUBE-BLE1.7.0.0
2024-02-02 18:33:40,980 [WARN] PackLoader:240 - Cannot read IP mode file for emotas.I-CUBE-CANOPEN.1.3.0
2024-02-02 18:33:40,993 [WARN] PackLoader:240 - Cannot read IP mode file for STMicroelectronics.X-CUBE-TOUCHGFX.4.22.1
2024-02-02 18:33:41,007 [WARN] PackLoader:240 - Cannot read IP mode file for STMicroelectronics.FP-SNS-SMARTAG2.1.2.0
2024-02-02 18:33:41,030 [INFO] LogOutputStream:77 - [STDOUT_REDIRECT] 1 : Invalid condition id : UX_CORESTACK_Condition cause : null
2024-02-02 18:33:41,030 [INFO] LogOutputStream:77 - [STDOUT_REDIRECT] 1 : Invalid condition id : UX_CORESTACK_Condition cause : null
2024-02-02 18:33:41,033 [INFO] LogOutputStream:77 - [STDOUT_REDIRECT] 1 : Invalid condition id : UX_CORESTACK_Condition cause : null
2024-02-02 18:33:41,034 [INFO] LogOutputStream:77 - [STDOUT_REDIRECT] 1 : Invalid condition id : UX_CORESTACK_Condition cause : null
2024-02-02 18:33:41,035 [INFO] LogOutputStream:77 - [STDOUT_REDIRECT] 1 : Invalid condition id : UX_CORESTACK_Condition cause : null
2024-02-02 18:33:41,039 [WARN] PackLoader:240 - Cannot read IP mode file for STMicroelectronics.X-CUBE-AZRTOS-WL.2.0.0
2024-02-02 18:33:41,060 [WARN] PackLoader:240 - Cannot read IP mode file for WES.I-CUBE-Cesium.1.3.0
2024-02-02 18:33:41,083 [WARN] PackLoader:240 - Cannot read IP mode file for STMicroelectronics.X-CUBE-BLE2.3.3.0
2024-02-02 18:33:41,100 [WARN] PackLoader:240 - Cannot read IP mode file for STMicroelectronics.X-CUBE-ALGOBUILD.1.3.0
2024-02-02 18:33:41,128 [WARN] PackLoader:240 - Cannot read IP mode file for STMicroelectronics.X-CUBE-AZRTOS-G0.1.1.0
2024-02-02 18:33:41,150 [WARN] PackLoader:240 - Cannot read IP mode file for STMicroelectronics.X-CUBE-NFC4.3.0.0
2024-02-02 18:33:41,173 [WARN] PackLoader:240 - Cannot read IP mode file for STMicroelectronics.X-CUBE-BLEMGR.3.0.0
2024-02-02 18:33:41,184 [WARN] PackLoader:240 - Cannot read IP mode file for STMicroelectronics.FP-ATR-SIGFOX1.3.2.0
2024-02-02 18:33:41,196 [WARN] PackLoader:240 - Cannot read IP mode file for STMicroelectronics.X-CUBE-EEPRMA1.5.1.0
2024-02-02 18:33:41,222 [INFO] WebApp:161 - Instantiating new browser for Auth
2024-02-02 18:33:41,232 [WARN] PackLoader:240 - Cannot read IP mode file for SEGGER.I-CUBE-embOS.1.3.1
2024-02-02 18:33:41,298 [WARN] PackLoader:240 - Cannot read IP mode file for STMicroelectronics.X-CUBE-GNSS1.6.0.0
2024-02-02 18:33:41,326 [WARN] PackLoader:240 - Cannot read IP mode file for STMicroelectronics.X-CUBE-AZRTOS-F4.1.1.0
2024-02-02 18:33:41,344 [WARN] PackLoader:240 - Cannot read IP mode file for wolfSSL.I-CUBE-wolfSSL.5.6.4
2024-02-02 18:33:41,375 [WARN] PackLoader:240 - Cannot read IP mode file for STMicroelectronics.X-CUBE-AZRTOS-L5.2.0.0
2024-02-02 18:33:41,392 [WARN] PackLoader:240 - Cannot read IP mode file for STMicroelectronics.X-CUBE-EEPRMA1.4.2.0
2024-02-02 18:33:41,409 [WARN] PackLoader:240 - Cannot read IP mode file for ITTIA_DB.I-CUBE-ITTIADB.8.8.0
2024-02-02 18:33:41,440 [WARN] ConditionMgr:438 - getConditionDescription Invalid condition id : UX DEVICE CLASS RTOS Condition cause : null
2024-02-02 18:33:41,441 [WARN] ConditionMgr:438 - getConditionDescription Invalid condition id : UX DEVICE CLASS RTOS Condition cause : null
2024-02-02 18:33:41,444 [WARN] PackLoader:240 - Cannot read IP mode file for STMicroelectronics.X-CUBE-AZRTOS-H7.3.1.0
2024-02-02 18:33:41,446 [WARN] ConditionMgr:1039 - genDependencies : Invalid condition id : UX DEVICE CLASS RTOS Condition cause : null
2024-02-02 18:33:41,446 [WARN] ConditionMgr:1039 - genDependencies : Invalid condition id : UX DEVICE CLASS RTOS Condition cause : null
2024-02-02 18:33:41,446 [WARN] ConditionMgr:1039 - genDependencies : Invalid condition id : UX DEVICE CLASS RTOS Condition cause : null
2024-02-02 18:33:41,447 [WARN] ConditionMgr:1039 - genDependencies : Invalid condition id : UX DEVICE CLASS RTOS Condition cause : null
2024-02-02 18:33:41,447 [WARN] ConditionMgr:1039 - genDependencies : Invalid condition id : UX DEVICE CLASS RTOS Condition cause : null
2024-02-02 18:33:41,468 [WARN] PackLoader:240 - Cannot read IP mode file for STMicroelectronics.X-CUBE-NFC7.1.0.1
2024-02-02 18:33:41,489 [WARN] PackLoader:240 - Cannot read IP mode file for STMicroelectronics.X-CUBE-NFC6.3.0.0
2024-02-02 18:33:41,515 [WARN] PackLoader:240 - Cannot read IP mode file for STMicroelectronics.X-CUBE-AI.8.1.0
2024-02-02 18:33:41,548 [WARN] ConditionMgr:438 - getConditionDescription Invalid condition id : LAN8742 Phy interface Condition cause : null
2024-02-02 18:33:41,548 [WARN] PackLoader:240 - Cannot read IP mode file for STMicroelectronics.X-CUBE-AZRTOS-L4.2.0.0
2024-02-02 18:33:41,550 [WARN] ConditionMgr:1039 - genDependencies : Invalid condition id : LAN8742 Phy interface Condition cause : null
2024-02-02 18:33:41,550 [WARN] ConditionMgr:1039 - genDependencies : Invalid condition id : LAN8742 Phy interface Condition cause : null
2024-02-02 18:33:41,551 [WARN] ConditionMgr:1039 - genDependencies : Invalid condition id : LAN8742 Phy interface Condition cause : null
2024-02-02 18:33:41,565 [WARN] PackLoader:240 - Cannot read IP mode file for STMicroelectronics.X-CUBE-SFXS2LP1.4.0.0
2024-02-02 18:33:41,578 [WARN] PackLoader:240 - Cannot read IP mode file for STMicroelectronics.X-CUBE-ISPU.1.1.0
2024-02-02 18:33:41,599 [WARN] ConditionMgr:438 - getConditionDescription Invalid condition id : UX DEVICE CLASS RTOS Condition cause : null
2024-02-02 18:33:41,599 [WARN] ConditionMgr:438 - getConditionDescription Invalid condition id : UX DEVICE CLASS RTOS Condition cause : null
2024-02-02 18:33:41,600 [WARN] PackLoader:240 - Cannot read IP mode file for STMicroelectronics.X-CUBE-AZRTOS-WB.2.0.0
2024-02-02 18:33:41,601 [WARN] ConditionMgr:1039 - genDependencies : Invalid condition id : UX DEVICE CLASS RTOS Condition cause : null
2024-02-02 18:33:41,601 [WARN] ConditionMgr:1039 - genDependencies : Invalid condition id : UX DEVICE CLASS RTOS Condition cause : null
2024-02-02 18:33:41,601 [WARN] ConditionMgr:1039 - genDependencies : Invalid condition id : UX DEVICE CLASS RTOS Condition cause : null
2024-02-02 18:33:41,601 [WARN] ConditionMgr:1039 - genDependencies : Invalid condition id : UX DEVICE CLASS RTOS Condition cause : null
2024-02-02 18:33:41,601 [WARN] ConditionMgr:1039 - genDependencies : Invalid condition id : UX DEVICE CLASS RTOS Condition cause : null
2024-02-02 18:33:41,620 [WARN] PackLoader:240 - Cannot read IP mode file for STMicroelectronics.X-CUBE-SUBG2.5.0.0
2024-02-02 18:33:41,647 [WARN] PackLoader:240 - Cannot read IP mode file for STMicroelectronics.X-CUBE-AZRTOS-G4.2.0.0
2024-02-02 18:33:41,669 [WARN] PackLoader:240 - Cannot read IP mode file for Infineon.AIROC-Wi-Fi-Bluetooth-STM32.1.5.1
2024-02-02 18:33:41,687 [WARN] PackLoader:240 - Cannot read IP mode file for STMicroelectronics.FP-SNS-MOTENVWB1.1.3.0
2024-02-02 18:33:41,699 [WARN] PackLoader:240 - Cannot read IP mode file for STMicroelectronics.FP-SNS-MOTENVWB1.1.3.1
2024-02-02 18:33:41,710 [WARN] PackLoader:240 - Cannot read IP mode file for STMicroelectronics.X-CUBE-ISPU.2.0.0
2024-02-02 18:33:41,750 [WARN] PackLoader:240 - Cannot read IP mode file for STMicroelectronics.X-CUBE-MEMS1.10.0.0
2024-02-02 18:33:41,838 [INFO] WebApp:780 - Register for checkConnection events
2024-02-02 18:33:41,838 [INFO] WebApp:414 - Apply proxy settings
2024-02-02 18:33:41,838 [INFO] WebApp:499 - Chromium requires no authentication
2024-02-02 18:33:41,845 [INFO] WebApp:442 - Direct internet connection detected
2024-02-02 18:33:41,849 [WARN] PackLoader:240 - Cannot read IP mode file for STMicroelectronics.X-CUBE-FREERTOS.1.1.0
2024-02-02 18:33:41,860 [WARN] PackLoader:240 - Cannot read IP mode file for portGmbH.I-Cube-SoM-uGOAL.1.1.0
2024-02-02 18:33:41,872 [WARN] PackLoader:240 - Cannot read IP mode file for STMicroelectronics.X-CUBE-ALS.1.0.1
2024-02-02 18:33:41,884 [WARN] PackLoader:240 - Cannot read IP mode file for STMicroelectronics.FP-ATR-ASTRA1.2.0.0
2024-02-02 18:33:41,900 [WARN] PackLoader:240 - Cannot read IP mode file for STMicroelectronics.X-CUBE-TOF1.3.4.0
2024-02-02 18:33:41,929 [WARN] PackLoader:240 - Cannot read IP mode file for STMicroelectronics.X-CUBE-AZRTOS-H7.3.2.0
2024-02-02 18:33:41,938 [INFO] ThirdParty:978 - Integrity check success = true
2024-02-02 18:33:41,938 [INFO] IntegrityCheckThread:100 - exiting critical section [integrity check]
2024-02-02 18:33:41,938 [INFO] IntegrityCheckThread:103 - End integrity checks thread
2024-02-02 18:33:42,019 [INFO] WebApp:192 - Starting web application
2024-02-02 18:33:42,019 [INFO] WebApp:544 - Web application path used C:\ST\STM32CubeIDE_1.14.0\STM32CubeIDE\plugins\com.st.stm32cube.common.mx_6.10.0.202311202037\db\plugins\mcufinder\reactClient1\index.html
2024-02-02 18:33:53,245 [ERROR] LogOutputStream:75 - [STDERR_REDIRECT] SLF4J: Failed to load class "org.slf4j.impl.StaticLoggerBinder".
2024-02-02 18:33:53,245 [ERROR] LogOutputStream:75 - [STDERR_REDIRECT] SLF4J: Defaulting to no-operation (NOP) logger implementation
2024-02-02 18:33:53,246 [ERROR] LogOutputStream:75 - [STDERR_REDIRECT] SLF4J: See http://www.slf4j.org/codes.html#StaticLoggerBinder for further details.
2024-02-02 18:37:04,598 [ERROR] LogOutputStream:75 - [STDERR_REDIRECT] 
2024-02-02 18:37:04,599 [ERROR] LogOutputStream:75 - [STDERR_REDIRECT] 
