2023-09-21 11:22:02,472 [INFO] Activator:176 - 


2023-09-21 11:22:02,482 [INFO] Activator:177 - !SESSION log4j initialized
2023-09-21 11:22:13,623 [INFO] LogOutputStream:77 - [STDOUT_REDIRECT] 
2023-09-21 11:22:16,707 [INFO] ApplicationProperties:184 - Using Application install path: C:\ST\STM32CubeIDE_1.11.0\STM32CubeIDE\plugins\com.st.stm32cube.common.mx_6.9.1.202307191849
2023-09-21 11:22:16,741 [INFO] DbMcusXml:78 - Set database path to: C:\ST\STM32CubeIDE_1.11.0\STM32CubeIDE\plugins\com.st.stm32cube.common.mx_6.9.1.202307191849\\db\/mcu/
2023-09-21 11:22:16,742 [INFO] ApiDb:274 - Set plugin database path to: C:\ST\STM32CubeIDE_1.11.0\STM32CubeIDE\plugins\com.st.stm32cube.common.mx_6.9.1.202307191849\\db\/plugins/boardmanager/
2023-09-21 11:22:16,743 [WARN] ApiDb:259 - Overriding images path with different value:  => C:\ST\STM32CubeIDE_1.11.0\STM32CubeIDE\plugins\com.st.stm32cube.common.mx_6.9.1.202307191849\\db\/plugins/mcufinder/images/
2023-09-21 11:22:16,766 [INFO] ApiDb:250 - Set database path to: C:\Users\sykojo\.stmcufinder\plugins\mcufinder//mcu/
2023-09-21 11:22:16,769 [INFO] DbMcusAds:125 - Set database path to: C:\Users\sykojo\.stmcufinder\plugins\mcufinder//mcu/
2023-09-21 11:22:16,773 [INFO] CrossReferenceDbSqlite:203 - Set database path to: C:\Users\sykojo\.stmcufinder\plugins\mcufinder//mcu/cs/
2023-09-21 11:22:17,005 [INFO] RulesReader:64 - Compatibility file has been processed (293 Rules)
2023-09-21 11:22:59,320 [INFO] DbMcusXml:78 - Set database path to: C:\ST\STM32CubeIDE_1.11.0\STM32CubeIDE\plugins\com.st.stm32cube.common.mx_6.9.1.202307191849\\db\/mcu/
2023-09-21 11:22:59,320 [INFO] ApiDb:274 - Set plugin database path to: C:\ST\STM32CubeIDE_1.11.0\STM32CubeIDE\plugins\com.st.stm32cube.common.mx_6.9.1.202307191849\\db\/plugins/boardmanager/
2023-09-21 11:22:59,320 [INFO] ApiDb:261 - Set plugin images path to: C:\ST\STM32CubeIDE_1.11.0\STM32CubeIDE\plugins\com.st.stm32cube.common.mx_6.9.1.202307191849\\db\/plugins/mcufinder/images/
2023-09-21 11:22:59,321 [WARN] DbFile:41 - Overriding database path with different value: C:\Users\sykojo\.stmcufinder\plugins\mcufinder/ => C:\Users\sykojo\.stmcufinder\plugins\mcufinder
2023-09-21 11:22:59,321 [INFO] ApiDb:250 - Set database path to: C:\Users\sykojo\.stmcufinder\plugins\mcufinder//mcu/
2023-09-21 11:22:59,321 [WARN] DbFile:41 - Overriding database path with different value: C:\Users\sykojo\.stmcufinder\plugins\mcufinder/ => C:\Users\sykojo\.stmcufinder\plugins\mcufinder
2023-09-21 11:22:59,322 [INFO] DbMcusAds:125 - Set database path to: C:\Users\sykojo\.stmcufinder\plugins\mcufinder//mcu/
2023-09-21 11:22:59,322 [WARN] DbFile:41 - Overriding database path with different value: C:\Users\sykojo\.stmcufinder\plugins\mcufinder/ => C:\Users\sykojo\.stmcufinder\plugins\mcufinder
2023-09-21 11:22:59,322 [WARN] DbFile:41 - Overriding database path with different value: C:\Users\sykojo\.stmcufinder\plugins\mcufinder/ => C:\Users\sykojo\.stmcufinder\plugins\mcufinder
2023-09-21 11:22:59,334 [INFO] CrossReferenceDbSqlite:203 - Set database path to: C:\Users\sykojo\.stmcufinder\plugins\mcufinder//mcu/cs/
2023-09-21 11:22:59,482 [INFO] MainPanel:262 - HeapMemory: 268435456
2023-09-21 11:22:59,642 [INFO] DbMcusXml:78 - Set database path to: C:\ST\STM32CubeIDE_1.11.0\STM32CubeIDE\plugins\com.st.stm32cube.common.mx_6.9.1.202307191849\\db\/mcu/
2023-09-21 11:22:59,642 [INFO] ApiDb:274 - Set plugin database path to: C:\ST\STM32CubeIDE_1.11.0\STM32CubeIDE\plugins\com.st.stm32cube.common.mx_6.9.1.202307191849\\db\/plugins/boardmanager/
2023-09-21 11:22:59,642 [INFO] ApiDb:261 - Set plugin images path to: C:\ST\STM32CubeIDE_1.11.0\STM32CubeIDE\plugins\com.st.stm32cube.common.mx_6.9.1.202307191849\\db\/plugins/mcufinder/images/
2023-09-21 11:22:59,643 [WARN] DbFile:41 - Overriding database path with different value: C:\Users\sykojo\.stmcufinder\plugins\mcufinder/ => C:\Users\sykojo\.stmcufinder\plugins\mcufinder
2023-09-21 11:22:59,644 [INFO] ApiDb:250 - Set database path to: C:\Users\sykojo\.stmcufinder\plugins\mcufinder//mcu/
2023-09-21 11:22:59,644 [WARN] DbFile:41 - Overriding database path with different value: C:\Users\sykojo\.stmcufinder\plugins\mcufinder/ => C:\Users\sykojo\.stmcufinder\plugins\mcufinder
2023-09-21 11:22:59,644 [INFO] DbMcusAds:125 - Set database path to: C:\Users\sykojo\.stmcufinder\plugins\mcufinder//mcu/
2023-09-21 11:22:59,644 [WARN] DbFile:41 - Overriding database path with different value: C:\Users\sykojo\.stmcufinder\plugins\mcufinder/ => C:\Users\sykojo\.stmcufinder\plugins\mcufinder
2023-09-21 11:22:59,644 [WARN] DbFile:41 - Overriding database path with different value: C:\Users\sykojo\.stmcufinder\plugins\mcufinder/ => C:\Users\sykojo\.stmcufinder\plugins\mcufinder
2023-09-21 11:22:59,644 [INFO] CrossReferenceDbSqlite:203 - Set database path to: C:\Users\sykojo\.stmcufinder\plugins\mcufinder//mcu/cs/
2023-09-21 11:22:59,679 [INFO] ApplicationProperties:184 - Using Application install path: C:\ST\STM32CubeIDE_1.11.0\STM32CubeIDE\plugins\com.st.stm32cube.common.mx_6.9.1.202307191849
2023-09-21 11:22:59,681 [INFO] PluginManage:196 - Search for loadable plugins [exclusion list=, ]
2023-09-21 11:22:59,684 [INFO] PluginManage:310 - Check plugin analytics
2023-09-21 11:22:59,988 [INFO] AnalyticsPlugin:253 - Accepted Software Licenses: 
2023-09-21 11:22:59,988 [INFO] AnalyticsPlugin:255 - Accepted CMSIS Pack Licenses: STMicroelectronics.X-CUBE-TOF1.3.2.0
2023-09-21 11:22:59,989 [INFO] AnalyticsPlugin:257 - Accepted Firmware Licenses: 
2023-09-21 11:22:59,994 [INFO] PluginManage:359 - Loaded plugin analytics (category:tool,tabindex:-1)
2023-09-21 11:22:59,994 [INFO] PluginManage:310 - Check plugin cadmodel
2023-09-21 11:23:00,022 [INFO] CADModel:105 - Init CAD model plugin
2023-09-21 11:23:00,022 [INFO] PluginManage:359 - Loaded plugin cadmodel (category:power,tabindex:5)
2023-09-21 11:23:00,024 [INFO] PluginManage:310 - Check plugin clock
2023-09-21 11:23:00,061 [INFO] PluginManage:359 - Loaded plugin clock (category:base,tabindex:2)
2023-09-21 11:23:00,061 [INFO] PluginManage:310 - Check plugin ddr
2023-09-21 11:23:00,065 [INFO] PluginManage:359 - Loaded plugin ddr (category:tool,tabindex:6)
2023-09-21 11:23:00,065 [INFO] PluginManage:310 - Check plugin filemanager
2023-09-21 11:23:00,294 [INFO] PluginManage:359 - Loaded plugin filemanager (category:base,tabindex:10)
2023-09-21 11:23:00,294 [INFO] PluginManage:310 - Check plugin ipmanager
2023-09-21 11:23:00,306 [INFO] PluginManage:359 - Loaded plugin ipmanager (category:base,tabindex:5)
2023-09-21 11:23:00,306 [INFO] PluginManage:310 - Check plugin lpbam
2023-09-21 11:23:00,332 [INFO] PluginManage:359 - Loaded plugin lpbam (category:base,tabindex:0)
2023-09-21 11:23:00,333 [INFO] PluginManage:310 - Check plugin memorymap
2023-09-21 11:23:00,367 [INFO] PluginManage:359 - Loaded plugin memorymap (category:base,tabindex:4)
2023-09-21 11:23:00,367 [INFO] PluginManage:310 - Check plugin pinoutandconfiguration
2023-09-21 11:23:00,393 [INFO] PluginManage:359 - Loaded plugin pinoutandconfiguration (category:base,tabindex:1)
2023-09-21 11:23:00,393 [INFO] PluginManage:310 - Check plugin pinoutconfig
2023-09-21 11:23:00,537 [WARN] SupportedApi:132 - Cannot load RTOS API schema: s4s-elt-must-match.1: The content of 'definitions' must match (annotation?, (simpleType | complexType)?, (unique | key | keyref)*)). A problem was found starting at: attribute.
2023-09-21 11:23:00,742 [INFO] PluginManage:359 - Loaded plugin pinoutconfig (category:base,tabindex:0)
2023-09-21 11:23:00,742 [INFO] PluginManage:310 - Check plugin power
2023-09-21 11:23:00,781 [INFO] PluginManage:359 - Loaded plugin power (category:power,tabindex:4)
2023-09-21 11:23:00,782 [INFO] PluginManage:310 - Check plugin projectmanager
2023-09-21 11:23:00,809 [INFO] PluginManage:359 - Loaded plugin projectmanager (category:projectmanager,tabindex:3)
2023-09-21 11:23:00,810 [INFO] PluginManage:310 - Check plugin thirdparty
2023-09-21 11:23:01,295 [INFO] PluginManage:359 - Loaded plugin thirdparty (category:base,tabindex:-1)
2023-09-21 11:23:01,295 [WARN] IntegrityCheckThread:84 - waiting for thirdparty lock release [integrity check]
2023-09-21 11:23:01,295 [INFO] PluginManage:310 - Check plugin tools
2023-09-21 11:23:01,295 [INFO] IntegrityCheckThread:86 - entering critical section [integrity check]
2023-09-21 11:23:01,296 [INFO] ThirdPartyUpdaterWithRetryManager:70 - Updater plugin not ready yet. [1/15]
2023-09-21 11:23:01,361 [INFO] PluginManage:359 - Loaded plugin tools (category:base,tabindex:7)
2023-09-21 11:23:01,361 [INFO] PluginManage:310 - Check plugin tutovideos
2023-09-21 11:23:01,726 [INFO] PluginManage:359 - Loaded plugin tutovideos (category:base,tabindex:-1)
2023-09-21 11:23:01,728 [INFO] PluginManage:310 - Check plugin updater
2023-09-21 11:23:01,743 [INFO] PluginManage:359 - Loaded plugin updater (category:base,tabindex:12)
2023-09-21 11:23:01,743 [INFO] PluginManage:310 - Check plugin userauth
2023-09-21 11:23:01,753 [INFO] UserAuth:113 - Init User Auth plugin
2023-09-21 11:23:01,753 [INFO] PluginManage:359 - Loaded plugin userauth (category:base,tabindex:14)
2023-09-21 11:23:01,754 [INFO] PluginManage:283 - PluginManage : Loaded plugins [17]
2023-09-21 11:23:02,114 [INFO] PinOutPanel:1499 - setPackage(No Configuration,No Configuration)
2023-09-21 11:23:02,288 [INFO] CADModel:165 - CPN selected for project level
2023-09-21 11:23:02,288 [INFO] CADModel:114 - Register for checkConnection events
2023-09-21 11:23:02,328 [INFO] IPUIPlugin:80 - create IPUIPlugin
2023-09-21 11:23:02,328 [INFO] PluginManager:220 - loadIPPluginJar : add adc
2023-09-21 11:23:02,381 [INFO] IPUIPlugin:80 - create IPUIPlugin
2023-09-21 11:23:02,382 [INFO] PluginManager:220 - loadIPPluginJar : add aes
2023-09-21 11:23:02,442 [INFO] IPUIPlugin:80 - create IPUIPlugin
2023-09-21 11:23:02,442 [INFO] PluginManager:220 - loadIPPluginJar : add can
2023-09-21 11:23:02,475 [INFO] IPUIPlugin:80 - create IPUIPlugin
2023-09-21 11:23:02,476 [INFO] PluginManager:220 - loadIPPluginJar : add comp
2023-09-21 11:23:02,525 [INFO] IPUIPlugin:80 - create IPUIPlugin
2023-09-21 11:23:02,525 [INFO] PluginManager:220 - loadIPPluginJar : add cryp
2023-09-21 11:23:02,569 [INFO] IPUIPlugin:80 - create IPUIPlugin
2023-09-21 11:23:02,569 [INFO] PluginManager:220 - loadIPPluginJar : add dfsdm
2023-09-21 11:23:02,591 [INFO] IPUIPlugin:80 - create IPUIPlugin
2023-09-21 11:23:02,592 [INFO] PluginManager:220 - loadIPPluginJar : add dma
2023-09-21 11:23:02,654 [INFO] IPUIPlugin:80 - create IPUIPlugin
2023-09-21 11:23:02,654 [INFO] PluginManager:220 - loadIPPluginJar : add dma3
2023-09-21 11:23:02,685 [INFO] IPUIPlugin:80 - create IPUIPlugin
2023-09-21 11:23:02,685 [INFO] PluginManager:220 - loadIPPluginJar : add fatfs
2023-09-21 11:23:02,754 [INFO] IPUIPlugin:80 - create IPUIPlugin
2023-09-21 11:23:02,755 [INFO] PluginManager:220 - loadIPPluginJar : add fmc
2023-09-21 11:23:02,778 [INFO] IPUIPlugin:80 - create IPUIPlugin
2023-09-21 11:23:02,779 [INFO] PluginManager:220 - loadIPPluginJar : add freertos
2023-09-21 11:23:02,820 [INFO] IPUIPlugin:80 - create IPUIPlugin
2023-09-21 11:23:02,821 [INFO] PluginManager:220 - loadIPPluginJar : add genericplugin
2023-09-21 11:23:02,963 [INFO] IPUIPlugin:80 - create IPUIPlugin
2023-09-21 11:23:02,963 [INFO] PluginManager:220 - loadIPPluginJar : add gfxmmu
2023-09-21 11:23:03,156 [INFO] IPUIPlugin:80 - create IPUIPlugin
2023-09-21 11:23:03,156 [INFO] PluginManager:220 - loadIPPluginJar : add gic
2023-09-21 11:23:03,176 [INFO] IPUIPlugin:80 - create IPUIPlugin
2023-09-21 11:23:03,176 [INFO] PluginManager:220 - loadIPPluginJar : add gpio
2023-09-21 11:23:03,314 [INFO] IPUIPlugin:80 - create IPUIPlugin
2023-09-21 11:23:03,314 [INFO] PluginManager:220 - loadIPPluginJar : add gtzc
2023-09-21 11:23:03,397 [INFO] IPUIPlugin:80 - create IPUIPlugin
2023-09-21 11:23:03,397 [INFO] PluginManager:220 - loadIPPluginJar : add hash
2023-09-21 11:23:03,473 [INFO] IPUIPlugin:80 - create IPUIPlugin
2023-09-21 11:23:03,473 [INFO] PluginManager:220 - loadIPPluginJar : add i2c
2023-09-21 11:23:03,531 [INFO] IPUIPlugin:80 - create IPUIPlugin
2023-09-21 11:23:03,531 [INFO] PluginManager:220 - loadIPPluginJar : add i2s
2023-09-21 11:23:03,592 [INFO] IPUIPlugin:80 - create IPUIPlugin
2023-09-21 11:23:03,592 [INFO] PluginManager:220 - loadIPPluginJar : add i3c
2023-09-21 11:23:03,790 [INFO] IPUIPlugin:80 - create IPUIPlugin
2023-09-21 11:23:03,790 [INFO] PluginManager:220 - loadIPPluginJar : add ipddr
2023-09-21 11:23:03,929 [INFO] IPUIPlugin:80 - create IPUIPlugin
2023-09-21 11:23:03,929 [INFO] PluginManager:220 - loadIPPluginJar : add linkedlist
2023-09-21 11:23:03,980 [INFO] IPUIPlugin:80 - create IPUIPlugin
2023-09-21 11:23:03,980 [INFO] PluginManager:220 - loadIPPluginJar : add lorawan
2023-09-21 11:23:04,034 [INFO] IPUIPlugin:80 - create IPUIPlugin
2023-09-21 11:23:04,034 [INFO] PluginManager:220 - loadIPPluginJar : add ltdc
2023-09-21 11:23:04,056 [INFO] IPUIPlugin:80 - create IPUIPlugin
2023-09-21 11:23:04,056 [INFO] PluginManager:220 - loadIPPluginJar : add mdma
2023-09-21 11:23:04,074 [INFO] IPUIPlugin:80 - create IPUIPlugin
2023-09-21 11:23:04,074 [INFO] PluginManager:220 - loadIPPluginJar : add nvic
2023-09-21 11:23:04,126 [INFO] IPUIPlugin:80 - create IPUIPlugin
2023-09-21 11:23:04,126 [INFO] PluginManager:220 - loadIPPluginJar : add opamp
2023-09-21 11:23:04,212 [INFO] IPUIPlugin:80 - create IPUIPlugin
2023-09-21 11:23:04,213 [INFO] PluginManager:220 - loadIPPluginJar : add openamp
2023-09-21 11:23:04,277 [INFO] IPUIPlugin:80 - create IPUIPlugin
2023-09-21 11:23:04,277 [INFO] PluginManager:220 - loadIPPluginJar : add pdm2pcm
2023-09-21 11:23:04,298 [INFO] ThirdPartyUpdaterWithRetryManager:70 - Updater plugin not ready yet. [2/15]
2023-09-21 11:23:04,298 [INFO] IPUIPlugin:80 - create IPUIPlugin
2023-09-21 11:23:04,302 [INFO] PluginManager:220 - loadIPPluginJar : add plateformsettings
2023-09-21 11:23:04,334 [INFO] IPUIPlugin:80 - create IPUIPlugin
2023-09-21 11:23:04,334 [INFO] PluginManager:220 - loadIPPluginJar : add quadspi
2023-09-21 11:23:04,356 [INFO] IPUIPlugin:80 - create IPUIPlugin
2023-09-21 11:23:04,358 [INFO] PluginManager:220 - loadIPPluginJar : add resmgrutility
2023-09-21 11:23:04,430 [INFO] IPUIPlugin:80 - create IPUIPlugin
2023-09-21 11:23:04,431 [INFO] PluginManager:220 - loadIPPluginJar : add sai
2023-09-21 11:23:04,484 [INFO] IPUIPlugin:80 - create IPUIPlugin
2023-09-21 11:23:04,484 [INFO] PluginManager:220 - loadIPPluginJar : add spi
2023-09-21 11:23:04,570 [INFO] IPUIPlugin:80 - create IPUIPlugin
2023-09-21 11:23:04,570 [INFO] PluginManager:220 - loadIPPluginJar : add stm32_wpan
2023-09-21 11:23:04,604 [INFO] IPUIPlugin:80 - create IPUIPlugin
2023-09-21 11:23:04,604 [INFO] PluginManager:220 - loadIPPluginJar : add tim
2023-09-21 11:23:04,688 [INFO] IPUIPlugin:80 - create IPUIPlugin
2023-09-21 11:23:04,688 [INFO] PluginManager:220 - loadIPPluginJar : add touchsensing
2023-09-21 11:23:04,728 [INFO] IPUIPlugin:80 - create IPUIPlugin
2023-09-21 11:23:04,728 [INFO] PluginManager:220 - loadIPPluginJar : add tracer_emb
2023-09-21 11:23:04,762 [INFO] IPUIPlugin:80 - create IPUIPlugin
2023-09-21 11:23:04,762 [INFO] PluginManager:220 - loadIPPluginJar : add ts
2023-09-21 11:23:04,792 [INFO] IPUIPlugin:80 - create IPUIPlugin
2023-09-21 11:23:04,792 [INFO] PluginManager:220 - loadIPPluginJar : add tsc
2023-09-21 11:23:04,825 [INFO] IPUIPlugin:80 - create IPUIPlugin
2023-09-21 11:23:04,825 [INFO] PluginManager:220 - loadIPPluginJar : add ucpd
2023-09-21 11:23:04,899 [INFO] IPUIPlugin:80 - create IPUIPlugin
2023-09-21 11:23:04,899 [INFO] PluginManager:220 - loadIPPluginJar : add usart
2023-09-21 11:23:04,963 [INFO] IPUIPlugin:80 - create IPUIPlugin
2023-09-21 11:23:04,963 [INFO] PluginManager:220 - loadIPPluginJar : add usbx
2023-09-21 11:23:05,127 [INFO] CADModel:165 - CPN selected for project level
2023-09-21 11:23:05,128 [INFO] CADModel:114 - Register for checkConnection events
2023-09-21 11:23:05,128 [FATAL] Updater:308 - Updater called before beeing initialized
2023-09-21 11:23:05,128 [ERROR] CADModel:125 - Updater not yet initialized, retry later 
2023-09-21 11:23:05,369 [INFO] CADModel:165 - CPN selected for project level
2023-09-21 11:23:05,369 [INFO] CADModel:114 - Register for checkConnection events
2023-09-21 11:23:05,369 [FATAL] Updater:308 - Updater called before beeing initialized
2023-09-21 11:23:05,369 [ERROR] CADModel:125 - Updater not yet initialized, retry later 
2023-09-21 11:23:05,375 [FATAL] Updater:308 - Updater called before beeing initialized
2023-09-21 11:23:05,554 [FATAL] Updater:308 - Updater called before beeing initialized
2023-09-21 11:23:05,570 [INFO] DbMcusAds:53 - JSON generation date=Tue Mar 07 09:50:55 CET 2023 (1678179055114)
2023-09-21 11:23:05,570 [FATAL] Updater:308 - Updater called before beeing initialized
2023-09-21 11:23:05,701 [WARN] DetailPanel:346 - Failed to get advertising image, set to default
2023-09-21 11:23:05,889 [FATAL] Updater:308 - Updater called before beeing initialized
2023-09-21 11:23:05,892 [FATAL] Updater:308 - Updater called before beeing initialized
2023-09-21 11:23:05,892 [FATAL] Updater:308 - Updater called before beeing initialized
2023-09-21 11:23:05,892 [WARN] DetailPanel:346 - Failed to get advertising image, set to default
2023-09-21 11:23:05,893 [FATAL] Updater:308 - Updater called before beeing initialized
2023-09-21 11:23:05,985 [ERROR] Updater:1120 - MainUpdater not yet initialized. External WinMGr cannot be set.
2023-09-21 11:23:06,002 [INFO] Updater:1056 - Updater Version found : 6.9.1
2023-09-21 11:23:06,032 [INFO] ApplicationProperties:184 - Using Application install path: C:\ST\STM32CubeIDE_1.11.0\STM32CubeIDE\plugins\com.st.stm32cube.common.mx_6.9.1.202307191849
2023-09-21 11:23:06,693 [INFO] MainUpdater:2868 - connection check result : 10
2023-09-21 11:23:06,695 [INFO] MainUpdater:285 - Updater Check For Update Now.
2023-09-21 11:23:06,695 [INFO] MicroXplorer:498 - Change Database Version : DB.6.0.91
2023-09-21 11:23:06,722 [INFO] McuFinderGlobals:63 - Set McuFinder mode to 2 (CubeIDE integrated)
2023-09-21 11:23:06,722 [INFO] UserAuth:179 - activating auth plugin
2023-09-21 11:23:06,726 [INFO] UserAuth:393 - Internet connection configuration mode: 1
2023-09-21 11:23:06,764 [INFO] JxBrowserEngine:151 - Initiate JxBrowser Engine with user profile folder
2023-09-21 11:23:06,954 [INFO] CheckServerUpdateThread:120 - End of CheckServer Thread
2023-09-21 11:23:07,703 [WARN] PackLoader:240 - Cannot read IP mode file for STMicroelectronics.X-CUBE-SMBUS.2.1.0
2023-09-21 11:23:07,776 [WARN] PackLoader:240 - Cannot read IP mode file for STMicroelectronics.X-CUBE-AZRTOS-F7.1.1.0
2023-09-21 11:23:07,810 [WARN] PackLoader:240 - Cannot read IP mode file for STMicroelectronics.FP-SNS-MOTENV1.4.3.2
2023-09-21 11:23:07,841 [WARN] PackLoader:240 - Cannot read IP mode file for STMicroelectronics.X-CUBE-BLE1.6.2.3
2023-09-21 11:23:07,864 [WARN] PackLoader:240 - Cannot read IP mode file for STMicroelectronics.X-CUBE-BLE1.6.2.4
2023-09-21 11:23:07,884 [WARN] PackLoader:240 - Cannot read IP mode file for STMicroelectronics.FP-SNS-FLIGHT1.5.0.2
2023-09-21 11:23:07,920 [WARN] PackLoader:240 - Cannot read IP mode file for STMicroelectronics.X-CUBE-TOF1.3.1.0
2023-09-21 11:23:07,960 [WARN] PackLoader:240 - Cannot read IP mode file for STMicroelectronics.X-CUBE-DISPLAY.3.0.0
2023-09-21 11:23:07,990 [WARN] PackLoader:240 - Cannot read IP mode file for STMicroelectronics.X-CUBE-BLE1.7.0.0
2023-09-21 11:23:08,010 [WARN] PackLoader:240 - Cannot read IP mode file for STMicroelectronics.X-CUBE-TOUCHGFX.4.22.0
2023-09-21 11:23:08,136 [WARN] PackLoader:240 - Cannot read IP mode file for STMicroelectronics.X-CUBE-MEMS1.9.3.0
2023-09-21 11:23:08,406 [WARN] PackLoader:240 - Cannot read IP mode file for STMicroelectronics.X-CUBE-AI.7.2.0
2023-09-21 11:23:08,427 [WARN] PackLoader:240 - Cannot read IP mode file for STMicroelectronics.FP-SNS-SMARTAG2.1.2.0
2023-09-21 11:23:08,455 [INFO] LogOutputStream:77 - [STDOUT_REDIRECT] 1 : Invalid condition id : UX_CORESTACK_Condition cause : null
2023-09-21 11:23:08,455 [INFO] LogOutputStream:77 - [STDOUT_REDIRECT] 1 : Invalid condition id : UX_CORESTACK_Condition cause : null
2023-09-21 11:23:08,457 [INFO] LogOutputStream:77 - [STDOUT_REDIRECT] 1 : Invalid condition id : UX_CORESTACK_Condition cause : null
2023-09-21 11:23:08,458 [INFO] LogOutputStream:77 - [STDOUT_REDIRECT] 1 : Invalid condition id : UX_CORESTACK_Condition cause : null
2023-09-21 11:23:08,460 [INFO] LogOutputStream:77 - [STDOUT_REDIRECT] 1 : Invalid condition id : UX_CORESTACK_Condition cause : null
2023-09-21 11:23:08,464 [WARN] PackLoader:240 - Cannot read IP mode file for STMicroelectronics.X-CUBE-AZRTOS-WL.2.0.0
2023-09-21 11:23:08,486 [WARN] PackLoader:240 - Cannot read IP mode file for WES.I-CUBE-Cesium.1.3.0
2023-09-21 11:23:08,503 [WARN] PackLoader:240 - Cannot read IP mode file for STMicroelectronics.X-CUBE-BLE2.3.3.0
2023-09-21 11:23:08,528 [WARN] PackLoader:240 - Cannot read IP mode file for STMicroelectronics.X-CUBE-DISPLAY.2.2.0
2023-09-21 11:23:08,564 [WARN] PackLoader:240 - Cannot read IP mode file for STMicroelectronics.X-CUBE-TOF1.3.2.0
2023-09-21 11:23:08,813 [WARN] PackLoader:240 - Cannot read IP mode file for STMicroelectronics.X-CUBE-ISPU.1.0.0
2023-09-21 11:23:08,867 [WARN] PackLoader:240 - Cannot read IP mode file for STMicroelectronics.X-CUBE-AZRTOS-H7.2.1.0
2023-09-21 11:23:08,892 [WARN] PackLoader:240 - Cannot read IP mode file for STMicroelectronics.X-CUBE-TOUCHGFX.4.21.1
2023-09-21 11:23:08,908 [WARN] PackLoader:240 - Cannot read IP mode file for STMicroelectronics.X-CUBE-TOUCHGFX.4.21.3
2023-09-21 11:23:08,992 [WARN] PackLoader:240 - Cannot read IP mode file for STMicroelectronics.X-CUBE-MEMS1.9.4.0
2023-09-21 11:23:09,144 [WARN] PackLoader:240 - Cannot read IP mode file for STMicroelectronics.X-CUBE-AI.7.3.0
2023-09-21 11:23:09,176 [WARN] PackLoader:240 - Cannot read IP mode file for STMicroelectronics.X-CUBE-ALGOBUILD.1.3.0
2023-09-21 11:23:09,239 [WARN] PackLoader:240 - Cannot read IP mode file for STMicroelectronics.X-CUBE-AZRTOS-G0.1.1.0
2023-09-21 11:23:09,266 [WARN] PackLoader:240 - Cannot read IP mode file for STMicroelectronics.X-CUBE-NFC4.3.0.0
2023-09-21 11:23:09,352 [WARN] PackLoader:240 - Cannot read IP mode file for SEGGER.I-CUBE-embOS.1.2.0
2023-09-21 11:23:09,404 [WARN] PackLoader:240 - Cannot read IP mode file for STMicroelectronics.X-CUBE-BLEMGR.1.3.0
2023-09-21 11:23:09,423 [WARN] PackLoader:240 - Cannot read IP mode file for STMicroelectronics.FP-ATR-SIGFOX1.3.2.0
2023-09-21 11:23:09,443 [WARN] PackLoader:240 - Cannot read IP mode file for emotas.I-CUBE-CANOPEN.1.1.2
2023-09-21 11:23:09,461 [WARN] PackLoader:240 - Cannot read IP mode file for STMicroelectronics.X-CUBE-TOUCHGFX.4.20.0
2023-09-21 11:23:09,522 [WARN] PackLoader:240 - Cannot read IP mode file for STMicroelectronics.X-CUBE-MEMS1.9.5.0
2023-09-21 11:23:09,769 [WARN] PackLoader:240 - Cannot read IP mode file for SEGGER.I-CUBE-embOS.1.3.1
2023-09-21 11:23:09,849 [WARN] PackLoader:240 - Cannot read IP mode file for STMicroelectronics.X-CUBE-GNSS1.6.0.0
2023-09-21 11:23:09,932 [WARN] PackLoader:240 - Cannot read IP mode file for STMicroelectronics.X-CUBE-AZRTOS-F4.1.1.0
2023-09-21 11:23:09,966 [WARN] PackLoader:240 - Cannot read IP mode file for STMicroelectronics.X-CUBE-BLEMGR.1.2.0
2023-09-21 11:23:10,046 [WARN] PackLoader:240 - Cannot read IP mode file for STMicroelectronics.X-CUBE-AZRTOS-L5.2.0.0
2023-09-21 11:23:10,136 [WARN] PackLoader:240 - Cannot read IP mode file for STMicroelectronics.X-CUBE-MEMS1.9.6.0
2023-09-21 11:23:10,372 [WARN] PackLoader:240 - Cannot read IP mode file for STMicroelectronics.X-CUBE-BLEMGR.2.0.0
2023-09-21 11:23:10,402 [WARN] PackLoader:240 - Cannot read IP mode file for STMicroelectronics.X-CUBE-NFC4.2.0.5
2023-09-21 11:23:10,428 [WARN] PackLoader:240 - Cannot read IP mode file for STMicroelectronics.X-CUBE-NFC4.2.0.4
2023-09-21 11:23:10,478 [WARN] ConditionMgr:438 - getConditionDescription Invalid condition id : UX DEVICE CLASS RTOS Condition cause : null
2023-09-21 11:23:10,478 [WARN] ConditionMgr:438 - getConditionDescription Invalid condition id : UX DEVICE CLASS RTOS Condition cause : null
2023-09-21 11:23:10,483 [WARN] PackLoader:240 - Cannot read IP mode file for STMicroelectronics.X-CUBE-AZRTOS-H7.3.1.0
2023-09-21 11:23:10,485 [WARN] ConditionMgr:1039 - genDependencies : Invalid condition id : UX DEVICE CLASS RTOS Condition cause : null
2023-09-21 11:23:10,485 [WARN] ConditionMgr:1039 - genDependencies : Invalid condition id : UX DEVICE CLASS RTOS Condition cause : null
2023-09-21 11:23:10,486 [WARN] ConditionMgr:1039 - genDependencies : Invalid condition id : UX DEVICE CLASS RTOS Condition cause : null
2023-09-21 11:23:10,487 [WARN] ConditionMgr:1039 - genDependencies : Invalid condition id : UX DEVICE CLASS RTOS Condition cause : null
2023-09-21 11:23:10,487 [WARN] ConditionMgr:1039 - genDependencies : Invalid condition id : UX DEVICE CLASS RTOS Condition cause : null
2023-09-21 11:23:10,506 [WARN] PackLoader:240 - Cannot read IP mode file for wolfSSL.I-CUBE-wolfSSL.5.5.0
2023-09-21 11:23:10,525 [WARN] PackLoader:240 - Cannot read IP mode file for STMicroelectronics.X-CUBE-NFC7.1.0.1
2023-09-21 11:23:10,546 [WARN] PackLoader:240 - Cannot read IP mode file for STMicroelectronics.X-CUBE-NFC7.1.0.0
2023-09-21 11:23:10,572 [WARN] PackLoader:240 - Cannot read IP mode file for STMicroelectronics.X-CUBE-NFC6.3.0.0
2023-09-21 11:23:10,591 [WARN] PackLoader:240 - Cannot read IP mode file for STMicroelectronics.X-CUBE-EEPRMA1.4.1.0
2023-09-21 11:23:10,609 [WARN] PackLoader:240 - Cannot read IP mode file for STMicroelectronics.X-CUBE-AI.8.1.0
2023-09-21 11:23:10,654 [INFO] WebApp:157 - Instantiating new browser for Auth
2023-09-21 11:23:10,655 [WARN] ConditionMgr:438 - getConditionDescription Invalid condition id : LAN8742 Phy interface Condition cause : null
2023-09-21 11:23:10,657 [WARN] PackLoader:240 - Cannot read IP mode file for STMicroelectronics.X-CUBE-AZRTOS-L4.2.0.0
2023-09-21 11:23:10,658 [WARN] ConditionMgr:1039 - genDependencies : Invalid condition id : LAN8742 Phy interface Condition cause : null
2023-09-21 11:23:10,659 [WARN] ConditionMgr:1039 - genDependencies : Invalid condition id : LAN8742 Phy interface Condition cause : null
2023-09-21 11:23:10,659 [WARN] ConditionMgr:1039 - genDependencies : Invalid condition id : LAN8742 Phy interface Condition cause : null
2023-09-21 11:23:10,688 [WARN] PackLoader:240 - Cannot read IP mode file for STMicroelectronics.X-CUBE-SFXS2LP1.4.0.0
2023-09-21 11:23:10,745 [WARN] PackLoader:240 - Cannot read IP mode file for STMicroelectronics.X-CUBE-AZRTOS-H7.3.0.0
2023-09-21 11:23:10,765 [WARN] PackLoader:240 - Cannot read IP mode file for STMicroelectronics.X-CUBE-ISPU.1.1.0
2023-09-21 11:23:10,787 [WARN] PackLoader:240 - Cannot read IP mode file for RoweBots.I-CUBE-UNISONRTOS.5.5.0-4
2023-09-21 11:23:10,803 [WARN] PackLoader:240 - Cannot read IP mode file for STMicroelectronics.X-CUBE-AI.8.0.0
2023-09-21 11:23:10,834 [WARN] ConditionMgr:438 - getConditionDescription Invalid condition id : UX DEVICE CLASS RTOS Condition cause : null
2023-09-21 11:23:10,834 [WARN] ConditionMgr:438 - getConditionDescription Invalid condition id : UX DEVICE CLASS RTOS Condition cause : null
2023-09-21 11:23:10,837 [WARN] PackLoader:240 - Cannot read IP mode file for STMicroelectronics.X-CUBE-AZRTOS-WB.2.0.0
2023-09-21 11:23:10,837 [WARN] ConditionMgr:1039 - genDependencies : Invalid condition id : UX DEVICE CLASS RTOS Condition cause : null
2023-09-21 11:23:10,838 [WARN] ConditionMgr:1039 - genDependencies : Invalid condition id : UX DEVICE CLASS RTOS Condition cause : null
2023-09-21 11:23:10,838 [WARN] ConditionMgr:1039 - genDependencies : Invalid condition id : UX DEVICE CLASS RTOS Condition cause : null
2023-09-21 11:23:10,838 [WARN] ConditionMgr:1039 - genDependencies : Invalid condition id : UX DEVICE CLASS RTOS Condition cause : null
2023-09-21 11:23:10,838 [WARN] ConditionMgr:1039 - genDependencies : Invalid condition id : UX DEVICE CLASS RTOS Condition cause : null
2023-09-21 11:23:10,858 [WARN] PackLoader:240 - Cannot read IP mode file for STMicroelectronics.X-CUBE-FREERTOS.1.0.0
2023-09-21 11:23:10,877 [WARN] PackLoader:240 - Cannot read IP mode file for STMicroelectronics.X-CUBE-FREERTOS.1.0.1
2023-09-21 11:23:10,896 [WARN] PackLoader:240 - Cannot read IP mode file for STMicroelectronics.X-CUBE-BLEMGR.1.0.0
2023-09-21 11:23:10,941 [WARN] PackLoader:240 - Cannot read IP mode file for STMicroelectronics.X-CUBE-AZRTOS-L5.1.1.0
2023-09-21 11:23:10,960 [WARN] PackLoader:240 - Cannot read IP mode file for STMicroelectronics.X-CUBE-AI.8.0.1
2023-09-21 11:23:10,982 [WARN] PackLoader:240 - Cannot read IP mode file for STMicroelectronics.X-CUBE-SUBG2.5.0.0
2023-09-21 11:23:11,017 [WARN] PackLoader:240 - Cannot read IP mode file for STMicroelectronics.X-CUBE-TOF1.3.3.1
2023-09-21 11:23:11,058 [WARN] PackLoader:240 - Cannot read IP mode file for STMicroelectronics.X-CUBE-AZRTOS-G4.2.0.0
2023-09-21 11:23:11,083 [WARN] PackLoader:240 - Cannot read IP mode file for STMicroelectronics.X-CUBE-TOF1.3.3.0
2023-09-21 11:23:11,110 [WARN] PackLoader:240 - Cannot read IP mode file for STMicroelectronics.FP-ATR-ASTRA1.1.1.1
2023-09-21 11:23:11,144 [WARN] PackLoader:240 - Cannot read IP mode file for STMicroelectronics.X-CUBE-AZRTOS-G4.1.0.0
2023-09-21 11:23:11,184 [WARN] PackLoader:240 - Cannot read IP mode file for STMicroelectronics.X-CUBE-AZRTOS-L4.1.0.0
2023-09-21 11:23:11,210 [WARN] PackLoader:240 - Cannot read IP mode file for STMicroelectronics.X-CUBE-FREERTOS.1.1.0
2023-09-21 11:23:11,249 [WARN] PackLoader:240 - Cannot read IP mode file for STMicroelectronics.X-CUBE-AZRTOS-WL.1.0.0
2023-09-21 11:23:11,272 [WARN] PackLoader:240 - Cannot read IP mode file for portGmbH.I-Cube-SoM-uGOAL.1.1.0
2023-09-21 11:23:11,291 [WARN] PackLoader:240 - Cannot read IP mode file for STMicroelectronics.X-CUBE-ALS.1.0.1
2023-09-21 11:23:11,326 [WARN] PackLoader:240 - Cannot read IP mode file for STMicroelectronics.X-CUBE-AZRTOS-WB.1.1.0
2023-09-21 11:23:11,363 [WARN] PackLoader:240 - Cannot read IP mode file for STMicroelectronics.X-CUBE-AZRTOS-L5.1.0.0
2023-09-21 11:23:11,381 [WARN] PackLoader:240 - Cannot read IP mode file for STMicroelectronics.X-CUBE-EEPRMA1.3.1.1
2023-09-21 11:23:11,395 [WARN] PackLoader:240 - Cannot read IP mode file for STMicroelectronics.FP-ATR-ASTRA1.2.0.0
2023-09-21 11:23:11,395 [INFO] ThirdParty:978 - Integrity check success = true
2023-09-21 11:23:11,396 [INFO] IntegrityCheckThread:100 - exiting critical section [integrity check]
2023-09-21 11:23:11,396 [INFO] IntegrityCheckThread:103 - End integrity checks thread
2023-09-21 11:23:11,557 [INFO] WebApp:753 - Register for checkConnection events
2023-09-21 11:23:11,557 [INFO] WebApp:390 - Apply proxy settings
2023-09-21 11:23:11,559 [INFO] WebApp:475 - Chromium requires no authentication
2023-09-21 11:23:11,572 [INFO] WebApp:418 - Direct internet connection detected
2023-09-21 11:23:11,854 [INFO] WebApp:188 - Starting web application
2023-09-21 11:23:11,854 [INFO] WebApp:520 - Web application path used C:\ST\STM32CubeIDE_1.11.0\STM32CubeIDE\plugins\com.st.stm32cube.common.mx_6.9.1.202307191849\db\plugins\mcufinder\reactClient1\index.html
2023-09-21 11:23:33,399 [ERROR] LogOutputStream:75 - [STDERR_REDIRECT] SLF4J: Failed to load class "org.slf4j.impl.StaticLoggerBinder".
2023-09-21 11:23:33,400 [ERROR] LogOutputStream:75 - [STDERR_REDIRECT] SLF4J: Defaulting to no-operation (NOP) logger implementation
2023-09-21 11:23:33,402 [ERROR] LogOutputStream:75 - [STDERR_REDIRECT] SLF4J: See http://www.slf4j.org/codes.html#StaticLoggerBinder for further details.
2023-09-21 18:12:43,024 [ERROR] LogOutputStream:75 - [STDERR_REDIRECT] 
