2023-12-24 13:27:55,051 [ERROR] LogOutputStream:75 - [STDERR_REDIRECT] 
2023-12-24 13:28:22,557 [INFO] Activator:176 - 


2023-12-24 13:28:22,559 [INFO] Activator:177 - !SESSION log4j initialized
2023-12-24 13:28:26,953 [INFO] LogOutputStream:77 - [STDOUT_REDIRECT] 
2023-12-24 13:28:28,698 [INFO] ApplicationProperties:184 - Using Application install path: C:\ST\STM32CubeIDE_1.14.0\STM32CubeIDE\plugins\com.st.stm32cube.common.mx_6.10.0.202311202037
2023-12-24 13:28:28,711 [INFO] DbMcusXml:78 - Set database path to: C:\ST\STM32CubeIDE_1.14.0\STM32CubeIDE\plugins\com.st.stm32cube.common.mx_6.10.0.202311202037\\db\/mcu/
2023-12-24 13:28:28,711 [INFO] ApiDb:274 - Set plugin database path to: C:\ST\STM32CubeIDE_1.14.0\STM32CubeIDE\plugins\com.st.stm32cube.common.mx_6.10.0.202311202037\\db\/plugins/boardmanager/
2023-12-24 13:28:28,711 [WARN] ApiDb:259 - Overriding images path with different value:  => C:\ST\STM32CubeIDE_1.14.0\STM32CubeIDE\plugins\com.st.stm32cube.common.mx_6.10.0.202311202037\\db\/plugins/mcufinder/images/
2023-12-24 13:28:28,716 [INFO] ApiDb:250 - Set database path to: C:\Users\sykojo\.stmcufinder\plugins\mcufinder//mcu/
2023-12-24 13:28:28,716 [INFO] DbMcusAds:125 - Set database path to: C:\Users\sykojo\.stmcufinder\plugins\mcufinder//mcu/
2023-12-24 13:28:28,718 [INFO] CrossReferenceDbSqlite:203 - Set database path to: C:\Users\sykojo\.stmcufinder\plugins\mcufinder//mcu/cs/
2023-12-24 13:28:28,804 [INFO] RulesReader:64 - Compatibility file has been processed (297 Rules)
2023-12-24 13:28:28,862 [INFO] DbMcusXml:78 - Set database path to: C:\ST\STM32CubeIDE_1.14.0\STM32CubeIDE\plugins\com.st.stm32cube.common.mx_6.10.0.202311202037\\db\/mcu/
2023-12-24 13:28:28,862 [INFO] ApiDb:274 - Set plugin database path to: C:\ST\STM32CubeIDE_1.14.0\STM32CubeIDE\plugins\com.st.stm32cube.common.mx_6.10.0.202311202037\\db\/plugins/boardmanager/
2023-12-24 13:28:28,862 [INFO] ApiDb:261 - Set plugin images path to: C:\ST\STM32CubeIDE_1.14.0\STM32CubeIDE\plugins\com.st.stm32cube.common.mx_6.10.0.202311202037\\db\/plugins/mcufinder/images/
2023-12-24 13:28:28,862 [WARN] DbFile:41 - Overriding database path with different value: C:\Users\sykojo\.stmcufinder\plugins\mcufinder/ => C:\Users\sykojo\.stmcufinder\plugins\mcufinder
2023-12-24 13:28:28,862 [INFO] ApiDb:250 - Set database path to: C:\Users\sykojo\.stmcufinder\plugins\mcufinder//mcu/
2023-12-24 13:28:28,862 [WARN] DbFile:41 - Overriding database path with different value: C:\Users\sykojo\.stmcufinder\plugins\mcufinder/ => C:\Users\sykojo\.stmcufinder\plugins\mcufinder
2023-12-24 13:28:28,862 [INFO] DbMcusAds:125 - Set database path to: C:\Users\sykojo\.stmcufinder\plugins\mcufinder//mcu/
2023-12-24 13:28:28,863 [WARN] DbFile:41 - Overriding database path with different value: C:\Users\sykojo\.stmcufinder\plugins\mcufinder/ => C:\Users\sykojo\.stmcufinder\plugins\mcufinder
2023-12-24 13:28:28,863 [WARN] DbFile:41 - Overriding database path with different value: C:\Users\sykojo\.stmcufinder\plugins\mcufinder/ => C:\Users\sykojo\.stmcufinder\plugins\mcufinder
2023-12-24 13:28:28,863 [INFO] CrossReferenceDbSqlite:203 - Set database path to: C:\Users\sykojo\.stmcufinder\plugins\mcufinder//mcu/cs/
2023-12-24 13:28:28,919 [INFO] MainPanel:264 - HeapMemory: 268435456
2023-12-24 13:28:28,993 [INFO] DbMcusXml:78 - Set database path to: C:\ST\STM32CubeIDE_1.14.0\STM32CubeIDE\plugins\com.st.stm32cube.common.mx_6.10.0.202311202037\\db\/mcu/
2023-12-24 13:28:28,993 [INFO] ApiDb:274 - Set plugin database path to: C:\ST\STM32CubeIDE_1.14.0\STM32CubeIDE\plugins\com.st.stm32cube.common.mx_6.10.0.202311202037\\db\/plugins/boardmanager/
2023-12-24 13:28:28,993 [INFO] ApiDb:261 - Set plugin images path to: C:\ST\STM32CubeIDE_1.14.0\STM32CubeIDE\plugins\com.st.stm32cube.common.mx_6.10.0.202311202037\\db\/plugins/mcufinder/images/
2023-12-24 13:28:28,993 [WARN] DbFile:41 - Overriding database path with different value: C:\Users\sykojo\.stmcufinder\plugins\mcufinder/ => C:\Users\sykojo\.stmcufinder\plugins\mcufinder
2023-12-24 13:28:28,993 [INFO] ApiDb:250 - Set database path to: C:\Users\sykojo\.stmcufinder\plugins\mcufinder//mcu/
2023-12-24 13:28:28,993 [WARN] DbFile:41 - Overriding database path with different value: C:\Users\sykojo\.stmcufinder\plugins\mcufinder/ => C:\Users\sykojo\.stmcufinder\plugins\mcufinder
2023-12-24 13:28:28,994 [INFO] DbMcusAds:125 - Set database path to: C:\Users\sykojo\.stmcufinder\plugins\mcufinder//mcu/
2023-12-24 13:28:28,994 [WARN] DbFile:41 - Overriding database path with different value: C:\Users\sykojo\.stmcufinder\plugins\mcufinder/ => C:\Users\sykojo\.stmcufinder\plugins\mcufinder
2023-12-24 13:28:28,994 [WARN] DbFile:41 - Overriding database path with different value: C:\Users\sykojo\.stmcufinder\plugins\mcufinder/ => C:\Users\sykojo\.stmcufinder\plugins\mcufinder
2023-12-24 13:28:28,994 [INFO] CrossReferenceDbSqlite:203 - Set database path to: C:\Users\sykojo\.stmcufinder\plugins\mcufinder//mcu/cs/
2023-12-24 13:28:29,008 [INFO] ApplicationProperties:184 - Using Application install path: C:\ST\STM32CubeIDE_1.14.0\STM32CubeIDE\plugins\com.st.stm32cube.common.mx_6.10.0.202311202037
2023-12-24 13:28:29,010 [INFO] PluginManage:196 - Search for loadable plugins [exclusion list=, ]
2023-12-24 13:28:29,011 [INFO] PluginManage:310 - Check plugin analytics
2023-12-24 13:28:29,115 [INFO] AnalyticsPlugin:253 - Accepted Software Licenses: 
2023-12-24 13:28:29,115 [INFO] AnalyticsPlugin:255 - Accepted CMSIS Pack Licenses: 
2023-12-24 13:28:29,116 [INFO] AnalyticsPlugin:257 - Accepted Firmware Licenses: 
2023-12-24 13:28:29,118 [INFO] PluginManage:359 - Loaded plugin analytics (category:tool,tabindex:-1)
2023-12-24 13:28:29,118 [INFO] PluginManage:310 - Check plugin cadmodel
2023-12-24 13:28:29,129 [INFO] CADModel:105 - Init CAD model plugin
2023-12-24 13:28:29,129 [INFO] PluginManage:359 - Loaded plugin cadmodel (category:power,tabindex:5)
2023-12-24 13:28:29,129 [INFO] PluginManage:310 - Check plugin clock
2023-12-24 13:28:29,145 [INFO] PluginManage:359 - Loaded plugin clock (category:base,tabindex:2)
2023-12-24 13:28:29,145 [INFO] PluginManage:310 - Check plugin ddr
2023-12-24 13:28:29,147 [INFO] PluginManage:359 - Loaded plugin ddr (category:tool,tabindex:6)
2023-12-24 13:28:29,147 [INFO] PluginManage:310 - Check plugin filemanager
2023-12-24 13:28:29,256 [INFO] PluginManage:359 - Loaded plugin filemanager (category:base,tabindex:10)
2023-12-24 13:28:29,256 [INFO] PluginManage:310 - Check plugin ipmanager
2023-12-24 13:28:29,262 [INFO] PluginManage:359 - Loaded plugin ipmanager (category:base,tabindex:5)
2023-12-24 13:28:29,262 [INFO] PluginManage:310 - Check plugin lpbam
2023-12-24 13:28:29,276 [INFO] PluginManage:359 - Loaded plugin lpbam (category:base,tabindex:0)
2023-12-24 13:28:29,276 [INFO] PluginManage:310 - Check plugin memorymap
2023-12-24 13:28:29,295 [INFO] PluginManage:359 - Loaded plugin memorymap (category:base,tabindex:4)
2023-12-24 13:28:29,295 [INFO] PluginManage:310 - Check plugin pinoutandconfiguration
2023-12-24 13:28:29,307 [INFO] PluginManage:359 - Loaded plugin pinoutandconfiguration (category:base,tabindex:1)
2023-12-24 13:28:29,307 [INFO] PluginManage:310 - Check plugin pinoutconfig
2023-12-24 13:28:29,377 [WARN] SupportedApi:132 - Cannot load RTOS API schema: s4s-elt-must-match.1: The content of 'definitions' must match (annotation?, (simpleType | complexType)?, (unique | key | keyref)*)). A problem was found starting at: attribute.
2023-12-24 13:28:29,472 [INFO] PluginManage:359 - Loaded plugin pinoutconfig (category:base,tabindex:0)
2023-12-24 13:28:29,473 [INFO] PluginManage:310 - Check plugin power
2023-12-24 13:28:29,487 [INFO] PluginManage:359 - Loaded plugin power (category:power,tabindex:4)
2023-12-24 13:28:29,487 [INFO] PluginManage:310 - Check plugin projectmanager
2023-12-24 13:28:29,499 [INFO] PluginManage:359 - Loaded plugin projectmanager (category:projectmanager,tabindex:3)
2023-12-24 13:28:29,499 [INFO] PluginManage:310 - Check plugin thirdparty
2023-12-24 13:28:29,696 [INFO] PluginManage:359 - Loaded plugin thirdparty (category:base,tabindex:-1)
2023-12-24 13:28:29,697 [INFO] PluginManage:310 - Check plugin tools
2023-12-24 13:28:29,696 [WARN] IntegrityCheckThread:84 - waiting for thirdparty lock release [integrity check]
2023-12-24 13:28:29,697 [INFO] IntegrityCheckThread:86 - entering critical section [integrity check]
2023-12-24 13:28:29,697 [INFO] ThirdPartyUpdaterWithRetryManager:70 - Updater plugin not ready yet. [1/15]
2023-12-24 13:28:29,721 [INFO] PluginManage:359 - Loaded plugin tools (category:base,tabindex:7)
2023-12-24 13:28:29,721 [INFO] PluginManage:310 - Check plugin tutovideos
2023-12-24 13:28:29,865 [INFO] PluginManage:359 - Loaded plugin tutovideos (category:base,tabindex:-1)
2023-12-24 13:28:29,865 [INFO] PluginManage:310 - Check plugin updater
2023-12-24 13:28:29,872 [INFO] PluginManage:359 - Loaded plugin updater (category:base,tabindex:12)
2023-12-24 13:28:29,873 [INFO] PluginManage:310 - Check plugin userauth
2023-12-24 13:28:29,876 [INFO] UserAuth:114 - Init User Auth plugin
2023-12-24 13:28:29,876 [INFO] PluginManage:359 - Loaded plugin userauth (category:base,tabindex:14)
2023-12-24 13:28:29,876 [INFO] PluginManage:283 - PluginManage : Loaded plugins [17]
2023-12-24 13:28:30,044 [INFO] PinOutPanel:1499 - setPackage(No Configuration,No Configuration)
2023-12-24 13:28:30,105 [INFO] CADModel:165 - CPN selected for project level
2023-12-24 13:28:30,105 [INFO] CADModel:114 - Register for checkConnection events
2023-12-24 13:28:30,125 [INFO] IPUIPlugin:80 - create IPUIPlugin
2023-12-24 13:28:30,125 [INFO] PluginManager:220 - loadIPPluginJar : add adc
2023-12-24 13:28:30,152 [INFO] IPUIPlugin:80 - create IPUIPlugin
2023-12-24 13:28:30,152 [INFO] PluginManager:220 - loadIPPluginJar : add aes
2023-12-24 13:28:30,188 [INFO] IPUIPlugin:80 - create IPUIPlugin
2023-12-24 13:28:30,188 [INFO] PluginManager:220 - loadIPPluginJar : add can
2023-12-24 13:28:30,208 [INFO] IPUIPlugin:80 - create IPUIPlugin
2023-12-24 13:28:30,208 [INFO] PluginManager:220 - loadIPPluginJar : add comp
2023-12-24 13:28:30,237 [INFO] IPUIPlugin:80 - create IPUIPlugin
2023-12-24 13:28:30,237 [INFO] PluginManager:220 - loadIPPluginJar : add cryp
2023-12-24 13:28:30,264 [INFO] IPUIPlugin:80 - create IPUIPlugin
2023-12-24 13:28:30,264 [INFO] PluginManager:220 - loadIPPluginJar : add dfsdm
2023-12-24 13:28:30,279 [INFO] IPUIPlugin:80 - create IPUIPlugin
2023-12-24 13:28:30,279 [INFO] PluginManager:220 - loadIPPluginJar : add dma
2023-12-24 13:28:30,314 [INFO] IPUIPlugin:80 - create IPUIPlugin
2023-12-24 13:28:30,314 [INFO] PluginManager:220 - loadIPPluginJar : add dma3
2023-12-24 13:28:30,331 [INFO] IPUIPlugin:80 - create IPUIPlugin
2023-12-24 13:28:30,331 [INFO] PluginManager:220 - loadIPPluginJar : add fatfs
2023-12-24 13:28:30,367 [INFO] IPUIPlugin:80 - create IPUIPlugin
2023-12-24 13:28:30,367 [INFO] PluginManager:220 - loadIPPluginJar : add fmc
2023-12-24 13:28:30,382 [INFO] IPUIPlugin:80 - create IPUIPlugin
2023-12-24 13:28:30,382 [INFO] PluginManager:220 - loadIPPluginJar : add freertos
2023-12-24 13:28:30,403 [INFO] IPUIPlugin:80 - create IPUIPlugin
2023-12-24 13:28:30,403 [INFO] PluginManager:220 - loadIPPluginJar : add genericplugin
2023-12-24 13:28:30,485 [INFO] IPUIPlugin:80 - create IPUIPlugin
2023-12-24 13:28:30,485 [INFO] PluginManager:220 - loadIPPluginJar : add gfxmmu
2023-12-24 13:28:30,573 [INFO] IPUIPlugin:80 - create IPUIPlugin
2023-12-24 13:28:30,574 [INFO] PluginManager:220 - loadIPPluginJar : add gic
2023-12-24 13:28:30,584 [INFO] IPUIPlugin:80 - create IPUIPlugin
2023-12-24 13:28:30,584 [INFO] PluginManager:220 - loadIPPluginJar : add gpio
2023-12-24 13:28:30,651 [INFO] IPUIPlugin:80 - create IPUIPlugin
2023-12-24 13:28:30,651 [INFO] PluginManager:220 - loadIPPluginJar : add gtzc
2023-12-24 13:28:30,673 [INFO] IPUIPlugin:80 - create IPUIPlugin
2023-12-24 13:28:30,673 [INFO] PluginManager:220 - loadIPPluginJar : add hash
2023-12-24 13:28:30,709 [INFO] IPUIPlugin:80 - create IPUIPlugin
2023-12-24 13:28:30,709 [INFO] PluginManager:220 - loadIPPluginJar : add i2c
2023-12-24 13:28:30,737 [INFO] IPUIPlugin:80 - create IPUIPlugin
2023-12-24 13:28:30,737 [INFO] PluginManager:220 - loadIPPluginJar : add i2s
2023-12-24 13:28:30,766 [INFO] IPUIPlugin:80 - create IPUIPlugin
2023-12-24 13:28:30,766 [INFO] PluginManager:220 - loadIPPluginJar : add i3c
2023-12-24 13:28:30,840 [INFO] IPUIPlugin:80 - create IPUIPlugin
2023-12-24 13:28:30,840 [INFO] PluginManager:220 - loadIPPluginJar : add ipddr
2023-12-24 13:28:30,901 [INFO] IPUIPlugin:80 - create IPUIPlugin
2023-12-24 13:28:30,901 [INFO] PluginManager:220 - loadIPPluginJar : add linkedlist
2023-12-24 13:28:30,927 [INFO] IPUIPlugin:80 - create IPUIPlugin
2023-12-24 13:28:30,927 [INFO] PluginManager:220 - loadIPPluginJar : add lorawan
2023-12-24 13:28:30,952 [INFO] IPUIPlugin:80 - create IPUIPlugin
2023-12-24 13:28:30,953 [INFO] PluginManager:220 - loadIPPluginJar : add ltdc
2023-12-24 13:28:30,963 [INFO] IPUIPlugin:80 - create IPUIPlugin
2023-12-24 13:28:30,963 [INFO] PluginManager:220 - loadIPPluginJar : add mdma
2023-12-24 13:28:30,972 [INFO] IPUIPlugin:80 - create IPUIPlugin
2023-12-24 13:28:30,972 [INFO] PluginManager:220 - loadIPPluginJar : add nvic
2023-12-24 13:28:30,996 [INFO] IPUIPlugin:80 - create IPUIPlugin
2023-12-24 13:28:30,996 [INFO] PluginManager:220 - loadIPPluginJar : add opamp
2023-12-24 13:28:31,036 [INFO] IPUIPlugin:80 - create IPUIPlugin
2023-12-24 13:28:31,036 [INFO] PluginManager:220 - loadIPPluginJar : add openamp
2023-12-24 13:28:31,066 [INFO] IPUIPlugin:80 - create IPUIPlugin
2023-12-24 13:28:31,066 [INFO] PluginManager:220 - loadIPPluginJar : add pdm2pcm
2023-12-24 13:28:31,077 [INFO] IPUIPlugin:80 - create IPUIPlugin
2023-12-24 13:28:31,078 [INFO] PluginManager:220 - loadIPPluginJar : add plateformsettings
2023-12-24 13:28:31,094 [INFO] IPUIPlugin:80 - create IPUIPlugin
2023-12-24 13:28:31,094 [INFO] PluginManager:220 - loadIPPluginJar : add quadspi
2023-12-24 13:28:31,103 [INFO] IPUIPlugin:80 - create IPUIPlugin
2023-12-24 13:28:31,103 [INFO] PluginManager:220 - loadIPPluginJar : add resmgrutility
2023-12-24 13:28:31,137 [INFO] IPUIPlugin:80 - create IPUIPlugin
2023-12-24 13:28:31,137 [INFO] PluginManager:220 - loadIPPluginJar : add sai
2023-12-24 13:28:31,163 [INFO] IPUIPlugin:80 - create IPUIPlugin
2023-12-24 13:28:31,163 [INFO] PluginManager:220 - loadIPPluginJar : add spi
2023-12-24 13:28:31,212 [INFO] IPUIPlugin:80 - create IPUIPlugin
2023-12-24 13:28:31,212 [INFO] PluginManager:220 - loadIPPluginJar : add stm32_wpan
2023-12-24 13:28:31,230 [INFO] IPUIPlugin:80 - create IPUIPlugin
2023-12-24 13:28:31,231 [INFO] PluginManager:220 - loadIPPluginJar : add tim
2023-12-24 13:28:31,271 [INFO] IPUIPlugin:80 - create IPUIPlugin
2023-12-24 13:28:31,271 [INFO] PluginManager:220 - loadIPPluginJar : add touchsensing
2023-12-24 13:28:31,287 [INFO] IPUIPlugin:80 - create IPUIPlugin
2023-12-24 13:28:31,287 [INFO] PluginManager:220 - loadIPPluginJar : add tracer_emb
2023-12-24 13:28:31,303 [INFO] IPUIPlugin:80 - create IPUIPlugin
2023-12-24 13:28:31,303 [INFO] PluginManager:220 - loadIPPluginJar : add ts
2023-12-24 13:28:31,318 [INFO] IPUIPlugin:80 - create IPUIPlugin
2023-12-24 13:28:31,318 [INFO] PluginManager:220 - loadIPPluginJar : add tsc
2023-12-24 13:28:31,334 [INFO] IPUIPlugin:80 - create IPUIPlugin
2023-12-24 13:28:31,334 [INFO] PluginManager:220 - loadIPPluginJar : add ucpd
2023-12-24 13:28:31,364 [INFO] IPUIPlugin:80 - create IPUIPlugin
2023-12-24 13:28:31,365 [INFO] PluginManager:220 - loadIPPluginJar : add usart
2023-12-24 13:28:31,396 [INFO] IPUIPlugin:80 - create IPUIPlugin
2023-12-24 13:28:31,396 [INFO] PluginManager:220 - loadIPPluginJar : add usbx
2023-12-24 13:28:31,504 [INFO] CADModel:165 - CPN selected for project level
2023-12-24 13:28:31,504 [INFO] CADModel:114 - Register for checkConnection events
2023-12-24 13:28:31,505 [FATAL] Updater:308 - Updater called before beeing initialized
2023-12-24 13:28:31,505 [ERROR] CADModel:125 - Updater not yet initialized, retry later 
2023-12-24 13:28:31,606 [INFO] CADModel:165 - CPN selected for project level
2023-12-24 13:28:31,606 [INFO] CADModel:114 - Register for checkConnection events
2023-12-24 13:28:31,607 [FATAL] Updater:308 - Updater called before beeing initialized
2023-12-24 13:28:31,607 [ERROR] CADModel:125 - Updater not yet initialized, retry later 
2023-12-24 13:28:31,609 [FATAL] Updater:308 - Updater called before beeing initialized
2023-12-24 13:28:31,680 [FATAL] Updater:308 - Updater called before beeing initialized
2023-12-24 13:28:31,688 [INFO] DbMcusAds:53 - JSON generation date=Wed Nov 29 11:52:27 CET 2023 (1701255147349)
2023-12-24 13:28:31,688 [FATAL] Updater:308 - Updater called before beeing initialized
2023-12-24 13:28:31,748 [WARN] DetailPanel:346 - Failed to get advertising image, set to default
2023-12-24 13:28:31,829 [FATAL] Updater:308 - Updater called before beeing initialized
2023-12-24 13:28:31,830 [FATAL] Updater:308 - Updater called before beeing initialized
2023-12-24 13:28:31,830 [FATAL] Updater:308 - Updater called before beeing initialized
2023-12-24 13:28:31,830 [WARN] DetailPanel:346 - Failed to get advertising image, set to default
2023-12-24 13:28:31,831 [FATAL] Updater:308 - Updater called before beeing initialized
2023-12-24 13:28:31,873 [ERROR] Updater:1120 - MainUpdater not yet initialized. External WinMGr cannot be set.
2023-12-24 13:28:31,881 [INFO] Updater:1056 - Updater Version found : 6.10.0
2023-12-24 13:28:31,895 [INFO] ApplicationProperties:184 - Using Application install path: C:\ST\STM32CubeIDE_1.14.0\STM32CubeIDE\plugins\com.st.stm32cube.common.mx_6.10.0.202311202037
2023-12-24 13:28:32,698 [INFO] ThirdPartyUpdaterWithRetryManager:70 - Updater plugin not ready yet. [2/15]
2023-12-24 13:28:33,466 [ERROR] LogOutputStream:75 - [STDERR_REDIRECT] Dec 24, 2023 1:28:33 PM java.util.prefs.WindowsPreferences <init>
2023-12-24 13:28:33,467 [ERROR] LogOutputStream:75 - [STDERR_REDIRECT] WARNING: Could not open/create prefs root node Software\JavaSoft\Prefs at root 0xffffffff80000002. Windows RegCreateKeyEx(...) returned error code 5.
2023-12-24 13:28:33,467 [ERROR] LogOutputStream:75 - [STDERR_REDIRECT] 
2023-12-24 13:28:33,651 [INFO] MainUpdater:2873 - connection check result : 10
2023-12-24 13:28:33,652 [INFO] MainUpdater:290 - Updater Check For Update Now.
2023-12-24 13:28:33,652 [INFO] MicroXplorer:498 - Change Database Version : DB.6.0.100
2023-12-24 13:28:33,664 [INFO] McuFinderGlobals:63 - Set McuFinder mode to 2 (CubeIDE integrated)
2023-12-24 13:28:33,828 [INFO] CheckServerUpdateThread:120 - End of CheckServer Thread
2023-12-24 13:28:33,860 [INFO] UserAuth:404 - Internet connection configuration mode: 1
2023-12-24 13:28:33,880 [INFO] JxBrowserEngine:152 - Initiate JxBrowser Engine with user profile folder
2023-12-24 13:28:35,745 [INFO] WebApp:161 - Instantiating new browser for Auth
2023-12-24 13:28:35,838 [WARN] PackLoader:240 - Cannot read IP mode file for STMicroelectronics.X-CUBE-SMBUS.2.1.0
2023-12-24 13:28:35,852 [WARN] PackLoader:240 - Cannot read IP mode file for STMicroelectronics.X-CUBE-TOUCHGFX.4.23.0
2023-12-24 13:28:35,896 [WARN] PackLoader:240 - Cannot read IP mode file for STMicroelectronics.X-CUBE-AZRTOS-F7.1.1.0
2023-12-24 13:28:35,918 [WARN] PackLoader:240 - Cannot read IP mode file for STMicroelectronics.FP-SNS-MOTENV1.4.3.2
2023-12-24 13:28:35,933 [WARN] PackLoader:240 - Cannot read IP mode file for STMicroelectronics.FP-SNS-FLIGHT1.5.0.2
2023-12-24 13:28:35,947 [WARN] PackLoader:240 - Cannot read IP mode file for STMicroelectronics.X-CUBE-DISPLAY.3.0.0
2023-12-24 13:28:35,966 [WARN] PackLoader:240 - Cannot read IP mode file for STMicroelectronics.X-CUBE-BLE1.7.0.0
2023-12-24 13:28:35,979 [WARN] PackLoader:240 - Cannot read IP mode file for emotas.I-CUBE-CANOPEN.1.3.0
2023-12-24 13:28:35,993 [WARN] PackLoader:240 - Cannot read IP mode file for STMicroelectronics.X-CUBE-TOUCHGFX.4.22.1
2023-12-24 13:28:36,007 [WARN] PackLoader:240 - Cannot read IP mode file for STMicroelectronics.FP-SNS-SMARTAG2.1.2.0
2023-12-24 13:28:36,032 [INFO] LogOutputStream:77 - [STDOUT_REDIRECT] 1 : Invalid condition id : UX_CORESTACK_Condition cause : null
2023-12-24 13:28:36,033 [INFO] LogOutputStream:77 - [STDOUT_REDIRECT] 1 : Invalid condition id : UX_CORESTACK_Condition cause : null
2023-12-24 13:28:36,033 [INFO] LogOutputStream:77 - [STDOUT_REDIRECT] 1 : Invalid condition id : UX_CORESTACK_Condition cause : null
2023-12-24 13:28:36,034 [INFO] LogOutputStream:77 - [STDOUT_REDIRECT] 1 : Invalid condition id : UX_CORESTACK_Condition cause : null
2023-12-24 13:28:36,035 [INFO] LogOutputStream:77 - [STDOUT_REDIRECT] 1 : Invalid condition id : UX_CORESTACK_Condition cause : null
2023-12-24 13:28:36,038 [WARN] PackLoader:240 - Cannot read IP mode file for STMicroelectronics.X-CUBE-AZRTOS-WL.2.0.0
2023-12-24 13:28:36,055 [WARN] PackLoader:240 - Cannot read IP mode file for WES.I-CUBE-Cesium.1.3.0
2023-12-24 13:28:36,067 [WARN] PackLoader:240 - Cannot read IP mode file for STMicroelectronics.X-CUBE-BLE2.3.3.0
2023-12-24 13:28:36,080 [WARN] PackLoader:240 - Cannot read IP mode file for STMicroelectronics.X-CUBE-ALGOBUILD.1.3.0
2023-12-24 13:28:36,108 [WARN] PackLoader:240 - Cannot read IP mode file for STMicroelectronics.X-CUBE-AZRTOS-G0.1.1.0
2023-12-24 13:28:36,124 [WARN] PackLoader:240 - Cannot read IP mode file for STMicroelectronics.X-CUBE-NFC4.3.0.0
2023-12-24 13:28:36,142 [WARN] PackLoader:240 - Cannot read IP mode file for STMicroelectronics.X-CUBE-BLEMGR.3.0.0
2023-12-24 13:28:36,158 [WARN] PackLoader:240 - Cannot read IP mode file for STMicroelectronics.FP-ATR-SIGFOX1.3.2.0
2023-12-24 13:28:36,187 [WARN] PackLoader:240 - Cannot read IP mode file for SEGGER.I-CUBE-embOS.1.3.1
2023-12-24 13:28:36,220 [WARN] PackLoader:240 - Cannot read IP mode file for STMicroelectronics.X-CUBE-GNSS1.6.0.0
2023-12-24 13:28:36,244 [WARN] PackLoader:240 - Cannot read IP mode file for STMicroelectronics.X-CUBE-AZRTOS-F4.1.1.0
2023-12-24 13:28:36,298 [INFO] WebApp:780 - Register for checkConnection events
2023-12-24 13:28:36,299 [INFO] WebApp:414 - Apply proxy settings
2023-12-24 13:28:36,299 [INFO] WebApp:499 - Chromium requires no authentication
2023-12-24 13:28:36,307 [INFO] WebApp:442 - Direct internet connection detected
2023-12-24 13:28:36,312 [WARN] PackLoader:240 - Cannot read IP mode file for wolfSSL.I-CUBE-wolfSSL.5.6.4
2023-12-24 13:28:36,344 [WARN] PackLoader:240 - Cannot read IP mode file for STMicroelectronics.X-CUBE-AZRTOS-L5.2.0.0
2023-12-24 13:28:36,365 [WARN] PackLoader:240 - Cannot read IP mode file for STMicroelectronics.X-CUBE-EEPRMA1.4.2.0
2023-12-24 13:28:36,382 [WARN] PackLoader:240 - Cannot read IP mode file for ITTIA_DB.I-CUBE-ITTIADB.8.8.0
2023-12-24 13:28:36,423 [WARN] ConditionMgr:438 - getConditionDescription Invalid condition id : UX DEVICE CLASS RTOS Condition cause : null
2023-12-24 13:28:36,423 [WARN] ConditionMgr:438 - getConditionDescription Invalid condition id : UX DEVICE CLASS RTOS Condition cause : null
2023-12-24 13:28:36,425 [WARN] PackLoader:240 - Cannot read IP mode file for STMicroelectronics.X-CUBE-AZRTOS-H7.3.1.0
2023-12-24 13:28:36,426 [WARN] ConditionMgr:1039 - genDependencies : Invalid condition id : UX DEVICE CLASS RTOS Condition cause : null
2023-12-24 13:28:36,426 [WARN] ConditionMgr:1039 - genDependencies : Invalid condition id : UX DEVICE CLASS RTOS Condition cause : null
2023-12-24 13:28:36,427 [WARN] ConditionMgr:1039 - genDependencies : Invalid condition id : UX DEVICE CLASS RTOS Condition cause : null
2023-12-24 13:28:36,427 [WARN] ConditionMgr:1039 - genDependencies : Invalid condition id : UX DEVICE CLASS RTOS Condition cause : null
2023-12-24 13:28:36,427 [WARN] ConditionMgr:1039 - genDependencies : Invalid condition id : UX DEVICE CLASS RTOS Condition cause : null
2023-12-24 13:28:36,442 [WARN] PackLoader:240 - Cannot read IP mode file for STMicroelectronics.X-CUBE-NFC7.1.0.1
2023-12-24 13:28:36,457 [WARN] PackLoader:240 - Cannot read IP mode file for STMicroelectronics.X-CUBE-NFC6.3.0.0
2023-12-24 13:28:36,471 [WARN] PackLoader:240 - Cannot read IP mode file for STMicroelectronics.X-CUBE-AI.8.1.0
2023-12-24 13:28:36,496 [WARN] ConditionMgr:438 - getConditionDescription Invalid condition id : LAN8742 Phy interface Condition cause : null
2023-12-24 13:28:36,497 [WARN] PackLoader:240 - Cannot read IP mode file for STMicroelectronics.X-CUBE-AZRTOS-L4.2.0.0
2023-12-24 13:28:36,498 [WARN] ConditionMgr:1039 - genDependencies : Invalid condition id : LAN8742 Phy interface Condition cause : null
2023-12-24 13:28:36,498 [WARN] ConditionMgr:1039 - genDependencies : Invalid condition id : LAN8742 Phy interface Condition cause : null
2023-12-24 13:28:36,498 [WARN] ConditionMgr:1039 - genDependencies : Invalid condition id : LAN8742 Phy interface Condition cause : null
2023-12-24 13:28:36,511 [INFO] WebApp:192 - Starting web application
2023-12-24 13:28:36,511 [INFO] WebApp:544 - Web application path used C:\ST\STM32CubeIDE_1.14.0\STM32CubeIDE\plugins\com.st.stm32cube.common.mx_6.10.0.202311202037\db\plugins\mcufinder\reactClient1\index.html
2023-12-24 13:28:36,513 [WARN] PackLoader:240 - Cannot read IP mode file for STMicroelectronics.X-CUBE-SFXS2LP1.4.0.0
2023-12-24 13:28:36,524 [WARN] PackLoader:240 - Cannot read IP mode file for STMicroelectronics.X-CUBE-ISPU.1.1.0
2023-12-24 13:28:36,544 [WARN] ConditionMgr:438 - getConditionDescription Invalid condition id : UX DEVICE CLASS RTOS Condition cause : null
2023-12-24 13:28:36,545 [WARN] ConditionMgr:438 - getConditionDescription Invalid condition id : UX DEVICE CLASS RTOS Condition cause : null
2023-12-24 13:28:36,546 [WARN] PackLoader:240 - Cannot read IP mode file for STMicroelectronics.X-CUBE-AZRTOS-WB.2.0.0
2023-12-24 13:28:36,547 [WARN] ConditionMgr:1039 - genDependencies : Invalid condition id : UX DEVICE CLASS RTOS Condition cause : null
2023-12-24 13:28:36,547 [WARN] ConditionMgr:1039 - genDependencies : Invalid condition id : UX DEVICE CLASS RTOS Condition cause : null
2023-12-24 13:28:36,547 [WARN] ConditionMgr:1039 - genDependencies : Invalid condition id : UX DEVICE CLASS RTOS Condition cause : null
2023-12-24 13:28:36,547 [WARN] ConditionMgr:1039 - genDependencies : Invalid condition id : UX DEVICE CLASS RTOS Condition cause : null
2023-12-24 13:28:36,547 [WARN] ConditionMgr:1039 - genDependencies : Invalid condition id : UX DEVICE CLASS RTOS Condition cause : null
2023-12-24 13:28:36,565 [WARN] PackLoader:240 - Cannot read IP mode file for STMicroelectronics.X-CUBE-SUBG2.5.0.0
2023-12-24 13:28:36,586 [WARN] PackLoader:240 - Cannot read IP mode file for STMicroelectronics.X-CUBE-AZRTOS-G4.2.0.0
2023-12-24 13:28:36,606 [WARN] PackLoader:240 - Cannot read IP mode file for Infineon.AIROC-Wi-Fi-Bluetooth-STM32.1.5.1
2023-12-24 13:28:36,620 [WARN] PackLoader:240 - Cannot read IP mode file for STMicroelectronics.FP-SNS-MOTENVWB1.1.3.0
2023-12-24 13:28:36,633 [WARN] PackLoader:240 - Cannot read IP mode file for STMicroelectronics.FP-SNS-MOTENVWB1.1.3.1
2023-12-24 13:28:36,646 [WARN] PackLoader:240 - Cannot read IP mode file for STMicroelectronics.X-CUBE-ISPU.2.0.0
2023-12-24 13:28:36,694 [WARN] PackLoader:240 - Cannot read IP mode file for STMicroelectronics.X-CUBE-MEMS1.10.0.0
2023-12-24 13:28:36,781 [WARN] PackLoader:240 - Cannot read IP mode file for STMicroelectronics.X-CUBE-FREERTOS.1.1.0
2023-12-24 13:28:36,793 [WARN] PackLoader:240 - Cannot read IP mode file for portGmbH.I-Cube-SoM-uGOAL.1.1.0
2023-12-24 13:28:36,806 [WARN] PackLoader:240 - Cannot read IP mode file for STMicroelectronics.X-CUBE-ALS.1.0.1
2023-12-24 13:28:36,818 [WARN] PackLoader:240 - Cannot read IP mode file for STMicroelectronics.FP-ATR-ASTRA1.2.0.0
2023-12-24 13:28:36,835 [WARN] PackLoader:240 - Cannot read IP mode file for STMicroelectronics.X-CUBE-TOF1.3.4.0
2023-12-24 13:28:36,873 [WARN] PackLoader:240 - Cannot read IP mode file for STMicroelectronics.X-CUBE-AZRTOS-H7.3.2.0
2023-12-24 13:28:36,876 [INFO] ThirdParty:978 - Integrity check success = true
2023-12-24 13:28:36,876 [INFO] IntegrityCheckThread:100 - exiting critical section [integrity check]
2023-12-24 13:28:36,876 [INFO] IntegrityCheckThread:103 - End integrity checks thread
2023-12-24 13:28:57,205 [ERROR] LogOutputStream:75 - [STDERR_REDIRECT] SLF4J: Failed to load class "org.slf4j.impl.StaticLoggerBinder".
2023-12-24 13:28:57,207 [ERROR] LogOutputStream:75 - [STDERR_REDIRECT] SLF4J: Defaulting to no-operation (NOP) logger implementation
2023-12-24 13:28:57,208 [ERROR] LogOutputStream:75 - [STDERR_REDIRECT] SLF4J: See http://www.slf4j.org/codes.html#StaticLoggerBinder for further details.
2023-12-24 13:32:18,879 [INFO] WebApp:354 - JxBrowser engine has been closed 
2023-12-24 13:32:44,572 [ERROR] LogOutputStream:75 - [STDERR_REDIRECT] 
2023-12-24 13:32:44,573 [ERROR] LogOutputStream:75 - [STDERR_REDIRECT] 
2023-12-24 13:43:25,008 [INFO] Activator:176 - 


2023-12-24 13:43:25,009 [INFO] Activator:177 - !SESSION log4j initialized
2023-12-24 13:43:29,379 [INFO] LogOutputStream:77 - [STDOUT_REDIRECT] 
2023-12-24 13:43:31,589 [INFO] ApplicationProperties:184 - Using Application install path: C:\ST\STM32CubeIDE_1.14.0\STM32CubeIDE\plugins\com.st.stm32cube.common.mx_6.10.0.202311202037
2023-12-24 13:43:31,604 [INFO] DbMcusXml:78 - Set database path to: C:\ST\STM32CubeIDE_1.14.0\STM32CubeIDE\plugins\com.st.stm32cube.common.mx_6.10.0.202311202037\\db\/mcu/
2023-12-24 13:43:31,605 [INFO] ApiDb:274 - Set plugin database path to: C:\ST\STM32CubeIDE_1.14.0\STM32CubeIDE\plugins\com.st.stm32cube.common.mx_6.10.0.202311202037\\db\/plugins/boardmanager/
2023-12-24 13:43:31,605 [WARN] ApiDb:259 - Overriding images path with different value:  => C:\ST\STM32CubeIDE_1.14.0\STM32CubeIDE\plugins\com.st.stm32cube.common.mx_6.10.0.202311202037\\db\/plugins/mcufinder/images/
2023-12-24 13:43:31,612 [INFO] ApiDb:250 - Set database path to: C:\Users\sykojo\.stmcufinder\plugins\mcufinder//mcu/
2023-12-24 13:43:31,613 [INFO] DbMcusAds:125 - Set database path to: C:\Users\sykojo\.stmcufinder\plugins\mcufinder//mcu/
2023-12-24 13:43:31,615 [INFO] CrossReferenceDbSqlite:203 - Set database path to: C:\Users\sykojo\.stmcufinder\plugins\mcufinder//mcu/cs/
2023-12-24 13:43:31,706 [INFO] RulesReader:64 - Compatibility file has been processed (297 Rules)
2023-12-24 13:43:31,770 [INFO] DbMcusXml:78 - Set database path to: C:\ST\STM32CubeIDE_1.14.0\STM32CubeIDE\plugins\com.st.stm32cube.common.mx_6.10.0.202311202037\\db\/mcu/
2023-12-24 13:43:31,770 [INFO] ApiDb:274 - Set plugin database path to: C:\ST\STM32CubeIDE_1.14.0\STM32CubeIDE\plugins\com.st.stm32cube.common.mx_6.10.0.202311202037\\db\/plugins/boardmanager/
2023-12-24 13:43:31,770 [INFO] ApiDb:261 - Set plugin images path to: C:\ST\STM32CubeIDE_1.14.0\STM32CubeIDE\plugins\com.st.stm32cube.common.mx_6.10.0.202311202037\\db\/plugins/mcufinder/images/
2023-12-24 13:43:31,771 [WARN] DbFile:41 - Overriding database path with different value: C:\Users\sykojo\.stmcufinder\plugins\mcufinder/ => C:\Users\sykojo\.stmcufinder\plugins\mcufinder
2023-12-24 13:43:31,771 [INFO] ApiDb:250 - Set database path to: C:\Users\sykojo\.stmcufinder\plugins\mcufinder//mcu/
2023-12-24 13:43:31,771 [WARN] DbFile:41 - Overriding database path with different value: C:\Users\sykojo\.stmcufinder\plugins\mcufinder/ => C:\Users\sykojo\.stmcufinder\plugins\mcufinder
2023-12-24 13:43:31,771 [INFO] DbMcusAds:125 - Set database path to: C:\Users\sykojo\.stmcufinder\plugins\mcufinder//mcu/
2023-12-24 13:43:31,771 [WARN] DbFile:41 - Overriding database path with different value: C:\Users\sykojo\.stmcufinder\plugins\mcufinder/ => C:\Users\sykojo\.stmcufinder\plugins\mcufinder
2023-12-24 13:43:31,771 [WARN] DbFile:41 - Overriding database path with different value: C:\Users\sykojo\.stmcufinder\plugins\mcufinder/ => C:\Users\sykojo\.stmcufinder\plugins\mcufinder
2023-12-24 13:43:31,771 [INFO] CrossReferenceDbSqlite:203 - Set database path to: C:\Users\sykojo\.stmcufinder\plugins\mcufinder//mcu/cs/
2023-12-24 13:43:31,832 [INFO] MainPanel:264 - HeapMemory: 268435456
2023-12-24 13:43:31,906 [INFO] DbMcusXml:78 - Set database path to: C:\ST\STM32CubeIDE_1.14.0\STM32CubeIDE\plugins\com.st.stm32cube.common.mx_6.10.0.202311202037\\db\/mcu/
2023-12-24 13:43:31,906 [INFO] ApiDb:274 - Set plugin database path to: C:\ST\STM32CubeIDE_1.14.0\STM32CubeIDE\plugins\com.st.stm32cube.common.mx_6.10.0.202311202037\\db\/plugins/boardmanager/
2023-12-24 13:43:31,906 [INFO] ApiDb:261 - Set plugin images path to: C:\ST\STM32CubeIDE_1.14.0\STM32CubeIDE\plugins\com.st.stm32cube.common.mx_6.10.0.202311202037\\db\/plugins/mcufinder/images/
2023-12-24 13:43:31,906 [WARN] DbFile:41 - Overriding database path with different value: C:\Users\sykojo\.stmcufinder\plugins\mcufinder/ => C:\Users\sykojo\.stmcufinder\plugins\mcufinder
2023-12-24 13:43:31,907 [INFO] ApiDb:250 - Set database path to: C:\Users\sykojo\.stmcufinder\plugins\mcufinder//mcu/
2023-12-24 13:43:31,907 [WARN] DbFile:41 - Overriding database path with different value: C:\Users\sykojo\.stmcufinder\plugins\mcufinder/ => C:\Users\sykojo\.stmcufinder\plugins\mcufinder
2023-12-24 13:43:31,907 [INFO] DbMcusAds:125 - Set database path to: C:\Users\sykojo\.stmcufinder\plugins\mcufinder//mcu/
2023-12-24 13:43:31,907 [WARN] DbFile:41 - Overriding database path with different value: C:\Users\sykojo\.stmcufinder\plugins\mcufinder/ => C:\Users\sykojo\.stmcufinder\plugins\mcufinder
2023-12-24 13:43:31,907 [WARN] DbFile:41 - Overriding database path with different value: C:\Users\sykojo\.stmcufinder\plugins\mcufinder/ => C:\Users\sykojo\.stmcufinder\plugins\mcufinder
2023-12-24 13:43:31,907 [INFO] CrossReferenceDbSqlite:203 - Set database path to: C:\Users\sykojo\.stmcufinder\plugins\mcufinder//mcu/cs/
2023-12-24 13:43:31,922 [INFO] ApplicationProperties:184 - Using Application install path: C:\ST\STM32CubeIDE_1.14.0\STM32CubeIDE\plugins\com.st.stm32cube.common.mx_6.10.0.202311202037
2023-12-24 13:43:31,923 [INFO] PluginManage:196 - Search for loadable plugins [exclusion list=, ]
2023-12-24 13:43:31,924 [INFO] PluginManage:310 - Check plugin analytics
2023-12-24 13:43:32,035 [INFO] AnalyticsPlugin:253 - Accepted Software Licenses: 
2023-12-24 13:43:32,035 [INFO] AnalyticsPlugin:255 - Accepted CMSIS Pack Licenses: 
2023-12-24 13:43:32,035 [INFO] AnalyticsPlugin:257 - Accepted Firmware Licenses: 
2023-12-24 13:43:32,037 [INFO] PluginManage:359 - Loaded plugin analytics (category:tool,tabindex:-1)
2023-12-24 13:43:32,037 [INFO] PluginManage:310 - Check plugin cadmodel
2023-12-24 13:43:32,049 [INFO] CADModel:105 - Init CAD model plugin
2023-12-24 13:43:32,049 [INFO] PluginManage:359 - Loaded plugin cadmodel (category:power,tabindex:5)
2023-12-24 13:43:32,049 [INFO] PluginManage:310 - Check plugin clock
2023-12-24 13:43:32,065 [INFO] PluginManage:359 - Loaded plugin clock (category:base,tabindex:2)
2023-12-24 13:43:32,065 [INFO] PluginManage:310 - Check plugin ddr
2023-12-24 13:43:32,067 [INFO] PluginManage:359 - Loaded plugin ddr (category:tool,tabindex:6)
2023-12-24 13:43:32,067 [INFO] PluginManage:310 - Check plugin filemanager
2023-12-24 13:43:32,172 [INFO] PluginManage:359 - Loaded plugin filemanager (category:base,tabindex:10)
2023-12-24 13:43:32,172 [INFO] PluginManage:310 - Check plugin ipmanager
2023-12-24 13:43:32,177 [INFO] PluginManage:359 - Loaded plugin ipmanager (category:base,tabindex:5)
2023-12-24 13:43:32,177 [INFO] PluginManage:310 - Check plugin lpbam
2023-12-24 13:43:32,191 [INFO] PluginManage:359 - Loaded plugin lpbam (category:base,tabindex:0)
2023-12-24 13:43:32,191 [INFO] PluginManage:310 - Check plugin memorymap
2023-12-24 13:43:32,209 [INFO] PluginManage:359 - Loaded plugin memorymap (category:base,tabindex:4)
2023-12-24 13:43:32,209 [INFO] PluginManage:310 - Check plugin pinoutandconfiguration
2023-12-24 13:43:32,222 [INFO] PluginManage:359 - Loaded plugin pinoutandconfiguration (category:base,tabindex:1)
2023-12-24 13:43:32,222 [INFO] PluginManage:310 - Check plugin pinoutconfig
2023-12-24 13:43:32,297 [WARN] SupportedApi:132 - Cannot load RTOS API schema: s4s-elt-must-match.1: The content of 'definitions' must match (annotation?, (simpleType | complexType)?, (unique | key | keyref)*)). A problem was found starting at: attribute.
2023-12-24 13:43:32,401 [INFO] PluginManage:359 - Loaded plugin pinoutconfig (category:base,tabindex:0)
2023-12-24 13:43:32,402 [INFO] PluginManage:310 - Check plugin power
2023-12-24 13:43:32,418 [INFO] PluginManage:359 - Loaded plugin power (category:power,tabindex:4)
2023-12-24 13:43:32,418 [INFO] PluginManage:310 - Check plugin projectmanager
2023-12-24 13:43:32,430 [INFO] PluginManage:359 - Loaded plugin projectmanager (category:projectmanager,tabindex:3)
2023-12-24 13:43:32,431 [INFO] PluginManage:310 - Check plugin thirdparty
2023-12-24 13:43:32,682 [INFO] PluginManage:359 - Loaded plugin thirdparty (category:base,tabindex:-1)
2023-12-24 13:43:32,682 [WARN] IntegrityCheckThread:84 - waiting for thirdparty lock release [integrity check]
2023-12-24 13:43:32,682 [INFO] PluginManage:310 - Check plugin tools
2023-12-24 13:43:32,682 [INFO] IntegrityCheckThread:86 - entering critical section [integrity check]
2023-12-24 13:43:32,682 [INFO] ThirdPartyUpdaterWithRetryManager:70 - Updater plugin not ready yet. [1/15]
2023-12-24 13:43:32,725 [INFO] PluginManage:359 - Loaded plugin tools (category:base,tabindex:7)
2023-12-24 13:43:32,725 [INFO] PluginManage:310 - Check plugin tutovideos
2023-12-24 13:43:32,892 [INFO] PluginManage:359 - Loaded plugin tutovideos (category:base,tabindex:-1)
2023-12-24 13:43:32,893 [INFO] PluginManage:310 - Check plugin updater
2023-12-24 13:43:32,902 [INFO] PluginManage:359 - Loaded plugin updater (category:base,tabindex:12)
2023-12-24 13:43:32,903 [INFO] PluginManage:310 - Check plugin userauth
2023-12-24 13:43:32,907 [INFO] UserAuth:114 - Init User Auth plugin
2023-12-24 13:43:32,907 [INFO] PluginManage:359 - Loaded plugin userauth (category:base,tabindex:14)
2023-12-24 13:43:32,907 [INFO] PluginManage:283 - PluginManage : Loaded plugins [17]
2023-12-24 13:43:33,096 [INFO] PinOutPanel:1499 - setPackage(No Configuration,No Configuration)
2023-12-24 13:43:33,159 [INFO] CADModel:165 - CPN selected for project level
2023-12-24 13:43:33,159 [INFO] CADModel:114 - Register for checkConnection events
2023-12-24 13:43:33,185 [INFO] IPUIPlugin:80 - create IPUIPlugin
2023-12-24 13:43:33,185 [INFO] PluginManager:220 - loadIPPluginJar : add adc
2023-12-24 13:43:33,215 [INFO] IPUIPlugin:80 - create IPUIPlugin
2023-12-24 13:43:33,215 [INFO] PluginManager:220 - loadIPPluginJar : add aes
2023-12-24 13:43:33,247 [INFO] IPUIPlugin:80 - create IPUIPlugin
2023-12-24 13:43:33,247 [INFO] PluginManager:220 - loadIPPluginJar : add can
2023-12-24 13:43:33,265 [INFO] IPUIPlugin:80 - create IPUIPlugin
2023-12-24 13:43:33,265 [INFO] PluginManager:220 - loadIPPluginJar : add comp
2023-12-24 13:43:33,287 [INFO] IPUIPlugin:80 - create IPUIPlugin
2023-12-24 13:43:33,287 [INFO] PluginManager:220 - loadIPPluginJar : add cryp
2023-12-24 13:43:33,307 [INFO] IPUIPlugin:80 - create IPUIPlugin
2023-12-24 13:43:33,307 [INFO] PluginManager:220 - loadIPPluginJar : add dfsdm
2023-12-24 13:43:33,319 [INFO] IPUIPlugin:80 - create IPUIPlugin
2023-12-24 13:43:33,319 [INFO] PluginManager:220 - loadIPPluginJar : add dma
2023-12-24 13:43:33,353 [INFO] IPUIPlugin:80 - create IPUIPlugin
2023-12-24 13:43:33,353 [INFO] PluginManager:220 - loadIPPluginJar : add dma3
2023-12-24 13:43:33,371 [INFO] IPUIPlugin:80 - create IPUIPlugin
2023-12-24 13:43:33,371 [INFO] PluginManager:220 - loadIPPluginJar : add fatfs
2023-12-24 13:43:33,407 [INFO] IPUIPlugin:80 - create IPUIPlugin
2023-12-24 13:43:33,407 [INFO] PluginManager:220 - loadIPPluginJar : add fmc
2023-12-24 13:43:33,420 [INFO] IPUIPlugin:80 - create IPUIPlugin
2023-12-24 13:43:33,421 [INFO] PluginManager:220 - loadIPPluginJar : add freertos
2023-12-24 13:43:33,437 [INFO] IPUIPlugin:80 - create IPUIPlugin
2023-12-24 13:43:33,437 [INFO] PluginManager:220 - loadIPPluginJar : add genericplugin
2023-12-24 13:43:33,503 [INFO] IPUIPlugin:80 - create IPUIPlugin
2023-12-24 13:43:33,503 [INFO] PluginManager:220 - loadIPPluginJar : add gfxmmu
2023-12-24 13:43:33,595 [INFO] IPUIPlugin:80 - create IPUIPlugin
2023-12-24 13:43:33,595 [INFO] PluginManager:220 - loadIPPluginJar : add gic
2023-12-24 13:43:33,605 [INFO] IPUIPlugin:80 - create IPUIPlugin
2023-12-24 13:43:33,605 [INFO] PluginManager:220 - loadIPPluginJar : add gpio
2023-12-24 13:43:33,670 [INFO] IPUIPlugin:80 - create IPUIPlugin
2023-12-24 13:43:33,671 [INFO] PluginManager:220 - loadIPPluginJar : add gtzc
2023-12-24 13:43:33,696 [INFO] IPUIPlugin:80 - create IPUIPlugin
2023-12-24 13:43:33,696 [INFO] PluginManager:220 - loadIPPluginJar : add hash
2023-12-24 13:43:33,734 [INFO] IPUIPlugin:80 - create IPUIPlugin
2023-12-24 13:43:33,734 [INFO] PluginManager:220 - loadIPPluginJar : add i2c
2023-12-24 13:43:33,765 [INFO] IPUIPlugin:80 - create IPUIPlugin
2023-12-24 13:43:33,766 [INFO] PluginManager:220 - loadIPPluginJar : add i2s
2023-12-24 13:43:33,800 [INFO] IPUIPlugin:80 - create IPUIPlugin
2023-12-24 13:43:33,801 [INFO] PluginManager:220 - loadIPPluginJar : add i3c
2023-12-24 13:43:33,879 [INFO] IPUIPlugin:80 - create IPUIPlugin
2023-12-24 13:43:33,879 [INFO] PluginManager:220 - loadIPPluginJar : add ipddr
2023-12-24 13:43:33,939 [INFO] IPUIPlugin:80 - create IPUIPlugin
2023-12-24 13:43:33,940 [INFO] PluginManager:220 - loadIPPluginJar : add linkedlist
2023-12-24 13:43:33,965 [INFO] IPUIPlugin:80 - create IPUIPlugin
2023-12-24 13:43:33,966 [INFO] PluginManager:220 - loadIPPluginJar : add lorawan
2023-12-24 13:43:33,991 [INFO] IPUIPlugin:80 - create IPUIPlugin
2023-12-24 13:43:33,992 [INFO] PluginManager:220 - loadIPPluginJar : add ltdc
2023-12-24 13:43:34,002 [INFO] IPUIPlugin:80 - create IPUIPlugin
2023-12-24 13:43:34,002 [INFO] PluginManager:220 - loadIPPluginJar : add mdma
2023-12-24 13:43:34,011 [INFO] IPUIPlugin:80 - create IPUIPlugin
2023-12-24 13:43:34,011 [INFO] PluginManager:220 - loadIPPluginJar : add nvic
2023-12-24 13:43:34,036 [INFO] IPUIPlugin:80 - create IPUIPlugin
2023-12-24 13:43:34,037 [INFO] PluginManager:220 - loadIPPluginJar : add opamp
2023-12-24 13:43:34,076 [INFO] IPUIPlugin:80 - create IPUIPlugin
2023-12-24 13:43:34,076 [INFO] PluginManager:220 - loadIPPluginJar : add openamp
2023-12-24 13:43:34,104 [INFO] IPUIPlugin:80 - create IPUIPlugin
2023-12-24 13:43:34,105 [INFO] PluginManager:220 - loadIPPluginJar : add pdm2pcm
2023-12-24 13:43:34,116 [INFO] IPUIPlugin:80 - create IPUIPlugin
2023-12-24 13:43:34,117 [INFO] PluginManager:220 - loadIPPluginJar : add plateformsettings
2023-12-24 13:43:34,132 [INFO] IPUIPlugin:80 - create IPUIPlugin
2023-12-24 13:43:34,132 [INFO] PluginManager:220 - loadIPPluginJar : add quadspi
2023-12-24 13:43:34,142 [INFO] IPUIPlugin:80 - create IPUIPlugin
2023-12-24 13:43:34,142 [INFO] PluginManager:220 - loadIPPluginJar : add resmgrutility
2023-12-24 13:43:34,178 [INFO] IPUIPlugin:80 - create IPUIPlugin
2023-12-24 13:43:34,178 [INFO] PluginManager:220 - loadIPPluginJar : add sai
2023-12-24 13:43:34,205 [INFO] IPUIPlugin:80 - create IPUIPlugin
2023-12-24 13:43:34,205 [INFO] PluginManager:220 - loadIPPluginJar : add spi
2023-12-24 13:43:34,257 [INFO] IPUIPlugin:80 - create IPUIPlugin
2023-12-24 13:43:34,257 [INFO] PluginManager:220 - loadIPPluginJar : add stm32_wpan
2023-12-24 13:43:34,274 [INFO] IPUIPlugin:80 - create IPUIPlugin
2023-12-24 13:43:34,274 [INFO] PluginManager:220 - loadIPPluginJar : add tim
2023-12-24 13:43:34,312 [INFO] IPUIPlugin:80 - create IPUIPlugin
2023-12-24 13:43:34,312 [INFO] PluginManager:220 - loadIPPluginJar : add touchsensing
2023-12-24 13:43:34,329 [INFO] IPUIPlugin:80 - create IPUIPlugin
2023-12-24 13:43:34,329 [INFO] PluginManager:220 - loadIPPluginJar : add tracer_emb
2023-12-24 13:43:34,345 [INFO] IPUIPlugin:80 - create IPUIPlugin
2023-12-24 13:43:34,345 [INFO] PluginManager:220 - loadIPPluginJar : add ts
2023-12-24 13:43:34,361 [INFO] IPUIPlugin:80 - create IPUIPlugin
2023-12-24 13:43:34,362 [INFO] PluginManager:220 - loadIPPluginJar : add tsc
2023-12-24 13:43:34,377 [INFO] IPUIPlugin:80 - create IPUIPlugin
2023-12-24 13:43:34,377 [INFO] PluginManager:220 - loadIPPluginJar : add ucpd
2023-12-24 13:43:34,406 [INFO] IPUIPlugin:80 - create IPUIPlugin
2023-12-24 13:43:34,406 [INFO] PluginManager:220 - loadIPPluginJar : add usart
2023-12-24 13:43:34,436 [INFO] IPUIPlugin:80 - create IPUIPlugin
2023-12-24 13:43:34,436 [INFO] PluginManager:220 - loadIPPluginJar : add usbx
2023-12-24 13:43:34,547 [INFO] CADModel:165 - CPN selected for project level
2023-12-24 13:43:34,548 [INFO] CADModel:114 - Register for checkConnection events
2023-12-24 13:43:34,548 [FATAL] Updater:308 - Updater called before beeing initialized
2023-12-24 13:43:34,548 [ERROR] CADModel:125 - Updater not yet initialized, retry later 
2023-12-24 13:43:34,649 [INFO] CADModel:165 - CPN selected for project level
2023-12-24 13:43:34,649 [INFO] CADModel:114 - Register for checkConnection events
2023-12-24 13:43:34,649 [FATAL] Updater:308 - Updater called before beeing initialized
2023-12-24 13:43:34,649 [ERROR] CADModel:125 - Updater not yet initialized, retry later 
2023-12-24 13:43:34,651 [FATAL] Updater:308 - Updater called before beeing initialized
2023-12-24 13:43:34,733 [FATAL] Updater:308 - Updater called before beeing initialized
2023-12-24 13:43:34,741 [INFO] DbMcusAds:53 - JSON generation date=Wed Nov 29 11:52:27 CET 2023 (1701255147349)
2023-12-24 13:43:34,741 [FATAL] Updater:308 - Updater called before beeing initialized
2023-12-24 13:43:34,802 [WARN] DetailPanel:346 - Failed to get advertising image, set to default
2023-12-24 13:43:34,879 [FATAL] Updater:308 - Updater called before beeing initialized
2023-12-24 13:43:34,881 [FATAL] Updater:308 - Updater called before beeing initialized
2023-12-24 13:43:34,881 [FATAL] Updater:308 - Updater called before beeing initialized
2023-12-24 13:43:34,881 [WARN] DetailPanel:346 - Failed to get advertising image, set to default
2023-12-24 13:43:34,881 [FATAL] Updater:308 - Updater called before beeing initialized
2023-12-24 13:43:34,924 [ERROR] Updater:1120 - MainUpdater not yet initialized. External WinMGr cannot be set.
2023-12-24 13:43:34,933 [INFO] Updater:1056 - Updater Version found : 6.10.0
2023-12-24 13:43:34,948 [INFO] ApplicationProperties:184 - Using Application install path: C:\ST\STM32CubeIDE_1.14.0\STM32CubeIDE\plugins\com.st.stm32cube.common.mx_6.10.0.202311202037
2023-12-24 13:43:35,685 [INFO] ThirdPartyUpdaterWithRetryManager:70 - Updater plugin not ready yet. [2/15]
2023-12-24 13:43:36,540 [ERROR] LogOutputStream:75 - [STDERR_REDIRECT] Dec 24, 2023 1:43:36 PM java.util.prefs.WindowsPreferences <init>
2023-12-24 13:43:36,541 [ERROR] LogOutputStream:75 - [STDERR_REDIRECT] WARNING: Could not open/create prefs root node Software\JavaSoft\Prefs at root 0xffffffff80000002. Windows RegCreateKeyEx(...) returned error code 5.
2023-12-24 13:43:36,541 [ERROR] LogOutputStream:75 - [STDERR_REDIRECT] 
2023-12-24 13:43:36,815 [INFO] MainUpdater:2873 - connection check result : 10
2023-12-24 13:43:36,816 [INFO] MainUpdater:290 - Updater Check For Update Now.
2023-12-24 13:43:36,816 [INFO] MicroXplorer:498 - Change Database Version : DB.6.0.100
2023-12-24 13:43:36,828 [INFO] McuFinderGlobals:63 - Set McuFinder mode to 2 (CubeIDE integrated)
2023-12-24 13:43:36,992 [INFO] CheckServerUpdateThread:120 - End of CheckServer Thread
2023-12-24 13:43:37,066 [INFO] UserAuth:404 - Internet connection configuration mode: 1
2023-12-24 13:43:37,087 [INFO] JxBrowserEngine:152 - Initiate JxBrowser Engine with user profile folder
2023-12-24 13:43:38,846 [WARN] PackLoader:240 - Cannot read IP mode file for STMicroelectronics.X-CUBE-SMBUS.2.1.0
2023-12-24 13:43:38,860 [WARN] PackLoader:240 - Cannot read IP mode file for STMicroelectronics.X-CUBE-TOUCHGFX.4.23.0
2023-12-24 13:43:38,894 [WARN] PackLoader:240 - Cannot read IP mode file for STMicroelectronics.X-CUBE-AZRTOS-F7.1.1.0
2023-12-24 13:43:38,909 [WARN] PackLoader:240 - Cannot read IP mode file for STMicroelectronics.FP-SNS-MOTENV1.4.3.2
2023-12-24 13:43:38,923 [WARN] PackLoader:240 - Cannot read IP mode file for STMicroelectronics.FP-SNS-FLIGHT1.5.0.2
2023-12-24 13:43:38,936 [WARN] PackLoader:240 - Cannot read IP mode file for STMicroelectronics.X-CUBE-DISPLAY.3.0.0
2023-12-24 13:43:38,952 [WARN] PackLoader:240 - Cannot read IP mode file for STMicroelectronics.X-CUBE-BLE1.7.0.0
2023-12-24 13:43:38,970 [WARN] PackLoader:240 - Cannot read IP mode file for emotas.I-CUBE-CANOPEN.1.3.0
2023-12-24 13:43:38,982 [WARN] PackLoader:240 - Cannot read IP mode file for STMicroelectronics.X-CUBE-TOUCHGFX.4.22.1
2023-12-24 13:43:38,994 [WARN] PackLoader:240 - Cannot read IP mode file for STMicroelectronics.FP-SNS-SMARTAG2.1.2.0
2023-12-24 13:43:39,034 [INFO] LogOutputStream:77 - [STDOUT_REDIRECT] 1 : Invalid condition id : UX_CORESTACK_Condition cause : null
2023-12-24 13:43:39,035 [INFO] LogOutputStream:77 - [STDOUT_REDIRECT] 1 : Invalid condition id : UX_CORESTACK_Condition cause : null
2023-12-24 13:43:39,036 [INFO] LogOutputStream:77 - [STDOUT_REDIRECT] 1 : Invalid condition id : UX_CORESTACK_Condition cause : null
2023-12-24 13:43:39,036 [INFO] LogOutputStream:77 - [STDOUT_REDIRECT] 1 : Invalid condition id : UX_CORESTACK_Condition cause : null
2023-12-24 13:43:39,037 [INFO] LogOutputStream:77 - [STDOUT_REDIRECT] 1 : Invalid condition id : UX_CORESTACK_Condition cause : null
2023-12-24 13:43:39,039 [WARN] PackLoader:240 - Cannot read IP mode file for STMicroelectronics.X-CUBE-AZRTOS-WL.2.0.0
2023-12-24 13:43:39,054 [WARN] PackLoader:240 - Cannot read IP mode file for WES.I-CUBE-Cesium.1.3.0
2023-12-24 13:43:39,065 [WARN] PackLoader:240 - Cannot read IP mode file for STMicroelectronics.X-CUBE-BLE2.3.3.0
2023-12-24 13:43:39,080 [WARN] PackLoader:240 - Cannot read IP mode file for STMicroelectronics.X-CUBE-ALGOBUILD.1.3.0
2023-12-24 13:43:39,155 [WARN] PackLoader:240 - Cannot read IP mode file for STMicroelectronics.X-CUBE-AZRTOS-G0.1.1.0
2023-12-24 13:43:39,173 [WARN] PackLoader:240 - Cannot read IP mode file for STMicroelectronics.X-CUBE-NFC4.3.0.0
2023-12-24 13:43:39,188 [WARN] PackLoader:240 - Cannot read IP mode file for STMicroelectronics.X-CUBE-BLEMGR.3.0.0
2023-12-24 13:43:39,201 [WARN] PackLoader:240 - Cannot read IP mode file for STMicroelectronics.FP-ATR-SIGFOX1.3.2.0
2023-12-24 13:43:39,249 [WARN] PackLoader:240 - Cannot read IP mode file for SEGGER.I-CUBE-embOS.1.3.1
2023-12-24 13:43:39,327 [WARN] PackLoader:240 - Cannot read IP mode file for STMicroelectronics.X-CUBE-GNSS1.6.0.0
2023-12-24 13:43:39,362 [WARN] PackLoader:240 - Cannot read IP mode file for STMicroelectronics.X-CUBE-AZRTOS-F4.1.1.0
2023-12-24 13:43:39,380 [WARN] PackLoader:240 - Cannot read IP mode file for wolfSSL.I-CUBE-wolfSSL.5.6.4
2023-12-24 13:43:39,408 [WARN] PackLoader:240 - Cannot read IP mode file for STMicroelectronics.X-CUBE-AZRTOS-L5.2.0.0
2023-12-24 13:43:39,421 [WARN] PackLoader:240 - Cannot read IP mode file for STMicroelectronics.X-CUBE-EEPRMA1.4.2.0
2023-12-24 13:43:39,430 [INFO] WebApp:161 - Instantiating new browser for Auth
2023-12-24 13:43:39,434 [WARN] PackLoader:240 - Cannot read IP mode file for ITTIA_DB.I-CUBE-ITTIADB.8.8.0
2023-12-24 13:43:39,469 [WARN] ConditionMgr:438 - getConditionDescription Invalid condition id : UX DEVICE CLASS RTOS Condition cause : null
2023-12-24 13:43:39,469 [WARN] ConditionMgr:438 - getConditionDescription Invalid condition id : UX DEVICE CLASS RTOS Condition cause : null
2023-12-24 13:43:39,472 [WARN] PackLoader:240 - Cannot read IP mode file for STMicroelectronics.X-CUBE-AZRTOS-H7.3.1.0
2023-12-24 13:43:39,474 [WARN] ConditionMgr:1039 - genDependencies : Invalid condition id : UX DEVICE CLASS RTOS Condition cause : null
2023-12-24 13:43:39,474 [WARN] ConditionMgr:1039 - genDependencies : Invalid condition id : UX DEVICE CLASS RTOS Condition cause : null
2023-12-24 13:43:39,475 [WARN] ConditionMgr:1039 - genDependencies : Invalid condition id : UX DEVICE CLASS RTOS Condition cause : null
2023-12-24 13:43:39,475 [WARN] ConditionMgr:1039 - genDependencies : Invalid condition id : UX DEVICE CLASS RTOS Condition cause : null
2023-12-24 13:43:39,475 [WARN] ConditionMgr:1039 - genDependencies : Invalid condition id : UX DEVICE CLASS RTOS Condition cause : null
2023-12-24 13:43:39,492 [WARN] PackLoader:240 - Cannot read IP mode file for STMicroelectronics.X-CUBE-NFC7.1.0.1
2023-12-24 13:43:39,509 [WARN] PackLoader:240 - Cannot read IP mode file for STMicroelectronics.X-CUBE-NFC6.3.0.0
2023-12-24 13:43:39,523 [WARN] PackLoader:240 - Cannot read IP mode file for STMicroelectronics.X-CUBE-AI.8.1.0
2023-12-24 13:43:39,551 [WARN] ConditionMgr:438 - getConditionDescription Invalid condition id : LAN8742 Phy interface Condition cause : null
2023-12-24 13:43:39,552 [WARN] PackLoader:240 - Cannot read IP mode file for STMicroelectronics.X-CUBE-AZRTOS-L4.2.0.0
2023-12-24 13:43:39,552 [WARN] ConditionMgr:1039 - genDependencies : Invalid condition id : LAN8742 Phy interface Condition cause : null
2023-12-24 13:43:39,553 [WARN] ConditionMgr:1039 - genDependencies : Invalid condition id : LAN8742 Phy interface Condition cause : null
2023-12-24 13:43:39,553 [WARN] ConditionMgr:1039 - genDependencies : Invalid condition id : LAN8742 Phy interface Condition cause : null
2023-12-24 13:43:39,570 [WARN] PackLoader:240 - Cannot read IP mode file for STMicroelectronics.X-CUBE-SFXS2LP1.4.0.0
2023-12-24 13:43:39,587 [WARN] PackLoader:240 - Cannot read IP mode file for STMicroelectronics.X-CUBE-ISPU.1.1.0
2023-12-24 13:43:39,613 [WARN] ConditionMgr:438 - getConditionDescription Invalid condition id : UX DEVICE CLASS RTOS Condition cause : null
2023-12-24 13:43:39,613 [WARN] ConditionMgr:438 - getConditionDescription Invalid condition id : UX DEVICE CLASS RTOS Condition cause : null
2023-12-24 13:43:39,616 [WARN] PackLoader:240 - Cannot read IP mode file for STMicroelectronics.X-CUBE-AZRTOS-WB.2.0.0
2023-12-24 13:43:39,618 [WARN] ConditionMgr:1039 - genDependencies : Invalid condition id : UX DEVICE CLASS RTOS Condition cause : null
2023-12-24 13:43:39,618 [WARN] ConditionMgr:1039 - genDependencies : Invalid condition id : UX DEVICE CLASS RTOS Condition cause : null
2023-12-24 13:43:39,619 [WARN] ConditionMgr:1039 - genDependencies : Invalid condition id : UX DEVICE CLASS RTOS Condition cause : null
2023-12-24 13:43:39,620 [WARN] ConditionMgr:1039 - genDependencies : Invalid condition id : UX DEVICE CLASS RTOS Condition cause : null
2023-12-24 13:43:39,620 [WARN] ConditionMgr:1039 - genDependencies : Invalid condition id : UX DEVICE CLASS RTOS Condition cause : null
2023-12-24 13:43:39,646 [WARN] PackLoader:240 - Cannot read IP mode file for STMicroelectronics.X-CUBE-SUBG2.5.0.0
2023-12-24 13:43:39,678 [WARN] PackLoader:240 - Cannot read IP mode file for STMicroelectronics.X-CUBE-AZRTOS-G4.2.0.0
2023-12-24 13:43:39,702 [WARN] PackLoader:240 - Cannot read IP mode file for Infineon.AIROC-Wi-Fi-Bluetooth-STM32.1.5.1
2023-12-24 13:43:39,718 [WARN] PackLoader:240 - Cannot read IP mode file for STMicroelectronics.FP-SNS-MOTENVWB1.1.3.0
2023-12-24 13:43:39,731 [WARN] PackLoader:240 - Cannot read IP mode file for STMicroelectronics.FP-SNS-MOTENVWB1.1.3.1
2023-12-24 13:43:39,742 [WARN] PackLoader:240 - Cannot read IP mode file for STMicroelectronics.X-CUBE-ISPU.2.0.0
2023-12-24 13:43:39,782 [WARN] PackLoader:240 - Cannot read IP mode file for STMicroelectronics.X-CUBE-MEMS1.10.0.0
2023-12-24 13:43:39,913 [WARN] PackLoader:240 - Cannot read IP mode file for STMicroelectronics.X-CUBE-FREERTOS.1.1.0
2023-12-24 13:43:39,925 [WARN] PackLoader:240 - Cannot read IP mode file for portGmbH.I-Cube-SoM-uGOAL.1.1.0
2023-12-24 13:43:39,939 [WARN] PackLoader:240 - Cannot read IP mode file for STMicroelectronics.X-CUBE-ALS.1.0.1
2023-12-24 13:43:39,950 [WARN] PackLoader:240 - Cannot read IP mode file for STMicroelectronics.FP-ATR-ASTRA1.2.0.0
2023-12-24 13:43:39,969 [WARN] PackLoader:240 - Cannot read IP mode file for STMicroelectronics.X-CUBE-TOF1.3.4.0
2023-12-24 13:43:40,010 [WARN] PackLoader:240 - Cannot read IP mode file for STMicroelectronics.X-CUBE-AZRTOS-H7.3.2.0
2023-12-24 13:43:40,014 [INFO] ThirdParty:978 - Integrity check success = true
2023-12-24 13:43:40,014 [INFO] IntegrityCheckThread:100 - exiting critical section [integrity check]
2023-12-24 13:43:40,014 [INFO] IntegrityCheckThread:103 - End integrity checks thread
2023-12-24 13:43:40,025 [INFO] WebApp:780 - Register for checkConnection events
2023-12-24 13:43:40,025 [INFO] WebApp:414 - Apply proxy settings
2023-12-24 13:43:40,026 [INFO] WebApp:499 - Chromium requires no authentication
2023-12-24 13:43:40,035 [INFO] WebApp:442 - Direct internet connection detected
2023-12-24 13:43:40,214 [INFO] WebApp:192 - Starting web application
2023-12-24 13:43:40,214 [INFO] WebApp:544 - Web application path used C:\ST\STM32CubeIDE_1.14.0\STM32CubeIDE\plugins\com.st.stm32cube.common.mx_6.10.0.202311202037\db\plugins\mcufinder\reactClient1\index.html
2023-12-24 13:44:00,821 [ERROR] LogOutputStream:75 - [STDERR_REDIRECT] SLF4J: Failed to load class "org.slf4j.impl.StaticLoggerBinder".
2023-12-24 13:44:00,822 [ERROR] LogOutputStream:75 - [STDERR_REDIRECT] SLF4J: Defaulting to no-operation (NOP) logger implementation
2023-12-24 13:44:00,823 [ERROR] LogOutputStream:75 - [STDERR_REDIRECT] SLF4J: See http://www.slf4j.org/codes.html#StaticLoggerBinder for further details.
2023-12-24 17:05:18,607 [INFO] McuFinderGlobals:63 - Set McuFinder mode to 2 (CubeIDE integrated)
2023-12-24 17:05:18,629 [INFO] MainUpdater:2873 - connection check result : 10
2023-12-24 17:05:18,635 [INFO] MainUpdater:2873 - connection check result : 10
2023-12-24 17:05:18,819 [INFO] MicroXplorer:468 - Change Database Path : 
2023-12-24 17:05:18,819 [INFO] MicroXplorer:498 - Change Database Version : DB.6.0.100
2023-12-24 17:05:18,822 [WARN] ThirdParty:871 - waiting for thirdparty lock release [close project]
2023-12-24 17:05:18,822 [INFO] ThirdParty:873 - entering critical section [close project]
2023-12-24 17:05:18,823 [INFO] ThirdParty:883 - exiting critical section [close project]
2023-12-24 17:05:18,825 [INFO] PinOutPanel:1499 - setPackage(No Configuration,No Configuration)
2023-12-24 17:05:18,828 [INFO] UtilMem:75 - Begin LoadConfig() Used Memory: 224535440 Bytes (580911104)
2023-12-24 17:05:18,829 [INFO] MicroXplorer:468 - Change Database Path : 
2023-12-24 17:05:18,829 [INFO] MicroXplorer:498 - Change Database Version : DB.6.0.100
2023-12-24 17:05:18,829 [INFO] OpenFileManager:312 - Change cursor
2023-12-24 17:05:18,860 [INFO] Mcu:2016 - Initializing MCU STM32F103R(C-D-E)Tx STM32F103RETx STM32F103RET6
2023-12-24 17:05:19,715 [INFO] Context:659 - Trying to add GPIOservice into a context  which must be forbidden
2023-12-24 17:05:19,987 [INFO] RtosManager:555 - Registered RTOS mode: class=CMSIS, group=RTOS, mode=CMSIS_V1, owner=FREERTOS
2023-12-24 17:05:19,987 [INFO] RtosManager:555 - Registered RTOS mode: class=CMSIS, group=RTOS2, mode=CMSIS_V2, owner=FREERTOS
2023-12-24 17:05:19,987 [INFO] RtosManager:555 - Registered RTOS mode: class=RTOS, group=Core, mode=CMSIS_V1, owner=FREERTOS
2023-12-24 17:05:19,987 [INFO] RtosManager:555 - Registered RTOS mode: class=RTOS, group=Core, mode=CMSIS_V2, owner=FREERTOS
2023-12-24 17:05:19,987 [WARN] ModelIntegratedComponent:184 - Missing modes for component STMicroelectronics:FreeRTOS:0.0.1:STMicroelectronics:RTOS:FreeRTOS:Core:::10.2.0:
2023-12-24 17:05:19,997 [WARN] ModelIntegratedComponent:63 - No mode defined for component null
2023-12-24 17:05:19,997 [WARN] ModelIntegratedComponent:63 - No mode defined for component null
2023-12-24 17:05:19,998 [WARN] ModelIntegratedComponent:63 - No mode defined for component null
2023-12-24 17:05:19,998 [WARN] ModelIntegratedComponent:63 - No mode defined for component null
2023-12-24 17:05:19,998 [WARN] ModelIntegratedComponent:63 - No mode defined for component null
2023-12-24 17:05:19,998 [WARN] ModelIntegratedComponent:63 - No mode defined for component null
2023-12-24 17:05:19,998 [WARN] ModelIntegratedComponent:63 - No mode defined for component null
2023-12-24 17:05:19,998 [WARN] ModelIntegratedComponent:63 - No mode defined for component null
2023-12-24 17:05:19,998 [WARN] ModelIntegratedComponent:63 - No mode defined for component null
2023-12-24 17:05:19,998 [WARN] ModelIntegratedComponent:63 - No mode defined for component null
2023-12-24 17:05:19,998 [WARN] ModelIntegratedComponent:63 - No mode defined for component null
2023-12-24 17:05:19,998 [WARN] ModelIntegratedComponent:63 - No mode defined for component null
2023-12-24 17:05:19,998 [WARN] ModelIntegratedComponent:63 - No mode defined for component null
2023-12-24 17:05:19,998 [WARN] ModelIntegratedComponent:63 - No mode defined for component null
2023-12-24 17:05:19,998 [WARN] ModelIntegratedComponent:63 - No mode defined for component null
2023-12-24 17:05:19,998 [WARN] ModelIntegratedComponent:63 - No mode defined for component null
2023-12-24 17:05:19,998 [WARN] ModelIntegratedComponent:63 - No mode defined for component null
2023-12-24 17:05:19,998 [WARN] ModelIntegratedComponent:63 - No mode defined for component null
2023-12-24 17:05:19,998 [WARN] ModelIntegratedComponent:63 - No mode defined for component null
2023-12-24 17:05:19,998 [WARN] ModelIntegratedComponent:63 - No mode defined for component null
2023-12-24 17:05:19,998 [WARN] ModelIntegratedComponent:63 - No mode defined for component null
2023-12-24 17:05:19,998 [WARN] ModelIntegratedComponent:63 - No mode defined for component null
2023-12-24 17:05:19,998 [WARN] ModelIntegratedComponent:63 - No mode defined for component null
2023-12-24 17:05:19,998 [WARN] ModelIntegratedComponent:63 - No mode defined for component null
2023-12-24 17:05:19,998 [WARN] ModelIntegratedComponent:63 - No mode defined for component null
2023-12-24 17:05:19,998 [WARN] ModelIntegratedComponent:63 - No mode defined for component null
2023-12-24 17:05:19,999 [WARN] ModelIntegratedComponent:63 - No mode defined for component null
2023-12-24 17:05:19,999 [WARN] ModelIntegratedComponent:63 - No mode defined for component null
2023-12-24 17:05:19,999 [WARN] ModelIntegratedComponent:63 - No mode defined for component null
2023-12-24 17:05:19,999 [WARN] ModelIntegratedComponent:63 - No mode defined for component null
2023-12-24 17:05:19,999 [WARN] ModelIntegratedComponent:63 - No mode defined for component null
2023-12-24 17:05:19,999 [WARN] ModelIntegratedComponent:63 - No mode defined for component null
2023-12-24 17:05:19,999 [WARN] ModelIntegratedComponent:63 - No mode defined for component null
2023-12-24 17:05:20,095 [INFO] ThirdPartyModel:298 - Start build external matchings
2023-12-24 17:05:20,243 [INFO] ThirdPartyModel:316 - End build external matchings
2023-12-24 17:05:20,255 [INFO] ImportTextPane:194 - (OptionalMessage_ERROR) IP (DMA) : Parameter (Instance) has Id (UART4_TX) currently not set
2023-12-24 17:05:20,255 [INFO] ImportTextPane:194 - (OptionalMessage_ERROR) IP (DMA) : Parameter (Direction) has Id (UART4_TX) currently not set
2023-12-24 17:05:20,256 [INFO] ImportTextPane:194 - (OptionalMessage_ERROR) IP (DMA) : Parameter (PeriphInc) has Id (UART4_TX) currently not set
2023-12-24 17:05:20,256 [INFO] ImportTextPane:194 - (OptionalMessage_ERROR) IP (DMA) : Parameter (MemInc) has Id (UART4_TX) currently not set
2023-12-24 17:05:20,256 [INFO] ImportTextPane:194 - (OptionalMessage_ERROR) IP (DMA) : Parameter (PeriphDataAlignment) has Id (UART4_TX) currently not set
2023-12-24 17:05:20,256 [INFO] ImportTextPane:194 - (OptionalMessage_ERROR) IP (DMA) : Parameter (MemDataAlignment) has Id (UART4_TX) currently not set
2023-12-24 17:05:20,256 [INFO] ImportTextPane:194 - (OptionalMessage_ERROR) IP (DMA) : Parameter (Mode) has Id (UART4_TX) currently not set
2023-12-24 17:05:20,256 [INFO] ImportTextPane:194 - (OptionalMessage_ERROR) IP (DMA) : Parameter (Priority) has Id (UART4_TX) currently not set
2023-12-24 17:05:20,257 [INFO] ImportTextPane:194 - (OptionalMessage_ERROR) IP (RCC) : Parameter (ADCFreqValue) has invalid value (36000000)
2023-12-24 17:05:20,257 [INFO] ImportTextPane:194 - (OptionalMessage_ERROR) IP (RCC) : Invalid parameter (FamilyName)
2023-12-24 17:05:20,257 [INFO] ImportTextPane:194 - (OptionalMessage_ERROR) IP (RCC) : Parameter (MCOFreq_Value) has invalid value (72000000)
2023-12-24 17:05:20,257 [INFO] ImportTextPane:194 - (OptionalMessage_ERROR) IP (RCC) : Parameter (USBFreq_Value) has invalid value (72000000)
2023-12-24 17:05:20,463 [INFO] UtilMem:75 - End LoadConfig() Used Memory: 202033216 Bytes (580911104)
2023-12-24 17:05:20,549 [INFO] ApiDb:581 - Connected to CubeFinder SQLite database (C:\Users\sykojo\.stmcufinder\plugins\mcufinder\mcu\cube-finder-db.db)
2023-12-24 17:05:20,616 [INFO] ApiDb:668 - CubeFinder database Data Model version=2.1
2023-12-24 17:05:20,616 [INFO] ApiDb:669 - CubeFinder database Configuration version=3.0.39
2023-12-24 17:05:20,617 [INFO] ApiDb:670 - CubeFinder database generation date=2023-12-08 (1702028721)
2023-12-24 17:05:20,617 [INFO] ApiDb:671 - CubeFinder database FW Pack versions=[FP-ATR-ASTRA1_V2.0.0, FP-SNS-FLIGHT1_V5.0.1, FP-SNS-FLIGHT1_V5.0.2, FP-SNS-MOTENV1_V4.3.1, FP-SNS-MOTENV1_V4.3.2, FP-SNS-MOTENVWB1_V1.3.1, FP-SNS-SMARTAG2_V1.2.0, STM32Cube_FW_C0_V1.1.0, STM32Cube_FW_F4_V1.28.0, STM32Cube_FW_F7_V1.17.0, STM32Cube_FW_G0_V1.6.1, STM32Cube_FW_G4_V1.5.1, STM32Cube_FW_H5_V0.5.1, STM32Cube_FW_H5_V1.1.1, STM32Cube_FW_H5_V1.2.0RC2, STM32Cube_FW_H7_V1.11.0, STM32Cube_FW_L0_V1.12.2, STM32Cube_FW_L5_V1.5.0, STM32Cube_FW_U5_V1.3.0RC4, STM32Cube_FW_U5_V1.4.0, STM32Cube_FW_WBA_V1.0.0RC1, STM32Cube_FW_WBA_V1.1.0RC1, STM32Cube_FW_WBA_V1.2.0, STM32Cube_FW_WBA_V1.2.0RC2, STM32Cube_FW_WB_V1.15.0RC1, STM32Cube_FW_WB_V1.16.0, STM32Cube_FW_WB_V1.16.0RC2, STM32Cube_FW_WB_V1.18.0, STM32Cube_FW_WL_V1.3.0, X-CUBE-ALGOBUILD_V1.3.0, X-CUBE-ALS_V1.0.1, X-CUBE-AZRTOS-F4_V1.1.0, X-CUBE-AZRTOS-F7_V1.1.0, X-CUBE-AZRTOS-G0_V1.1.0, X-CUBE-AZRTOS-G4_V2.0.0, X-CUBE-AZRTOS-H7_V3.1.0, X-CUBE-AZRTOS-L4_V1.0.0, X-CUBE-AZRTOS-L4_V2.0.0, X-CUBE-AZRTOS-L5_V1.1.0, X-CUBE-AZRTOS-WB_V2.0.0, X-CUBE-AZRTOS-WL_V2.0.0, X-CUBE-BLE1_V7.0.0, X-CUBE-BLE2_V3.3.0, X-CUBE-BLEMGR_V3.0.0, X-CUBE-EEPRMA1_V4.1.0, X-CUBE-EEPRMA1_V4.2.0, X-CUBE-FREERTOS_V1.1.0, X-CUBE-GNSS1_V6.0.0, X-CUBE-MEMS1_V10.0.0, X-CUBE-MEMS1_V9.1.0, X-CUBE-MEMS1_V9.4.0, X-CUBE-MEMS1_V9.6.0, X-CUBE-NFC4_V3.0.0, X-CUBE-NFC7_V1.0.1, X-CUBE-SFXS2LP1_V4.0.0, X-CUBE-SUBG2_V5.0.0, X-CUBE-TOF1_V3.4.0]
2023-12-24 17:05:22,316 [INFO] ApiDb:240 - Found 371 in-development CPN: [B-G473E-ZEST1S, B-WB1M-WPAN1, B-WL5M-SUBG1, NUCLEO-C031C6, NUCLEO-H503RB, NUCLEO-H563ZI, NUCLEO-U545RE-Q, NUCLEO-U5A5ZJ-Q, NUCLEO-WBA52CG, NUCLEO-WBA55CG, STEVAL-MKBOXPRO, STEVAL-PROTEUS1, STEVAL-STWINBX1, STM320518-EVAL, STM32C0116-DK, STM32C011D6Y3TR, STM32C011D6Y6TR, STM32C011F4P3, STM32C011F4P6, STM32C011F4U3, STM32C011F4U6TR, STM32C011F6P3, STM32C011F6P6, STM32C011F6U3, STM32C011F6U6TR, STM32C011J4M3, STM32C011J4M6, STM32C011J6M3, STM32C011J6M6, STM32C0316-DK, STM32C031C4T3, STM32C031C4T6, STM32C031C4U3, STM32C031C4U6, STM32C031C6T3, STM32C031C6T6, STM32C031C6U3, STM32C031C6U6, STM32C031F4P3, STM32C031F4P6, STM32C031F6P3, STM32C031F6P6, STM32C031G4U3, STM32C031G4U6, STM32C031G6U3, STM32C031G6U6, STM32C031K4T3, STM32C031K4T6, STM32C031K4U3, STM32C031K4U6, STM32C031K6T3, STM32C031K6T6, STM32C031K6U3, STM32C031K6U6, STM32G071K8TXN, STM32G071K8UXN, STM32G081GBU6N, STM32G081KBT6N, STM32G081KBUXN, STM32G0B1CCT6N, STM32G0B1KCT6, STM32G0B1NEY6TR, STM32G0B1RCT6N, STM32G0C1CCT6, STM32G0C1CCT6N, STM32G0C1CCU6N, STM32G0C1CET6N, STM32G0C1CEU6N, STM32G0C1KCT6, STM32G0C1NEY6TR, STM32G0C1RCI6N, STM32G0C1RCT6N, STM32G0C1REI6N, STM32G0C1RET6N, STM32G0C1VCI6, STM32G0C1VEI6, STM32G471CCT6, STM32G471CCU6, STM32G471CET3, STM32G471CET6, STM32G471CEU3, STM32G471CEU6, STM32G471MCT6, STM32G471MET3, STM32G471MET6, STM32G471MEY6TR, STM32G471QCT6, STM32G471QET3, STM32G471RCT6, STM32G471RET3, STM32G471RET6, STM32G471VCH6, STM32G471VCI6, STM32G471VCT6, STM32G471VEH3, STM32G471VEH6, STM32G471VEI3, STM32G471VEI6, STM32G471VET3, STM32G471VET6, STM32G474CCT6, STM32H503CBT6, STM32H503CBU6, STM32H503EBY6TR, STM32H503KBU6, STM32H503RBT6, STM32H562AGI6, STM32H562AII6, STM32H562IGK6, STM32H562IGT6, STM32H562IIK6, STM32H562IIT6, STM32H562RGT6, STM32H562RGV6, STM32H562RIT6, STM32H562RIV6, STM32H562VGT6, STM32H562VIT6, STM32H562ZGT6, STM32H562ZIT6, STM32H563AGI6, STM32H563AII3Q, STM32H563AII6, STM32H563IGK6, STM32H563IGT6, STM32H563IIK3Q, STM32H563IIK6, STM32H563IIT3Q, STM32H563IIT6, STM32H563MIY3QTR, STM32H563RGT6, STM32H563RGV6, STM32H563RIT6, STM32H563RIV6, STM32H563VGT6, STM32H563VIT3Q, STM32H563VIT6, STM32H563ZGT6, STM32H563ZIT3Q, STM32H563ZIT6, STM32H573AII3Q, STM32H573AII6, STM32H573I-DK, STM32H573IIK3Q, STM32H573IIK6, STM32H573IIT3Q, STM32H573IIT6, STM32H573MIY3QTR, STM32H573RIT6, STM32H573RIV6, STM32H573VIT3Q, STM32H573VIT6, STM32H573ZIT3Q, STM32H573ZIT6, STM32L4R5QGI6STR, STM32MP131AAE3, STM32MP131AAF3, STM32MP131AAG3, STM32MP131CAE3, STM32MP131CAF3, STM32MP131CAG3, STM32MP131DAE7, STM32MP131DAF7, STM32MP131DAG7, STM32MP131FAE7, STM32MP131FAF7, STM32MP131FAG7, STM32MP133AAE3, STM32MP133AAF3, STM32MP133AAG3, STM32MP133CAE3, STM32MP133CAF3, STM32MP133CAG3, STM32MP133DAE7, STM32MP133DAF7, STM32MP133DAG7, STM32MP133FAE7, STM32MP133FAF7, STM32MP133FAG7, STM32MP135AAE3, STM32MP135AAF3, STM32MP135AAG3, STM32MP135CAE3, STM32MP135CAF3, STM32MP135CAG3, STM32MP135DAE7, STM32MP135DAF7, STM32MP135DAG7, STM32MP135F-DK, STM32MP135FAE7, STM32MP135FAF7, STM32MP135FAF7T, STM32MP135FAF7U, STM32MP135FAG7, STM32U535CBT6, STM32U535CBT6Q, STM32U535CBU6, STM32U535CBU6Q, STM32U535CCT6, STM32U535CCT6Q, STM32U535CCU6, STM32U535CCU6Q, STM32U535CET6, STM32U535CET6Q, STM32U535CEU6, STM32U535CEU6Q, STM32U535JEY6QTR, STM32U535NCY6QTR, STM32U535NEY6QTR, STM32U535RBI6, STM32U535RBI6Q, STM32U535RBT6, STM32U535RBT6Q, STM32U535RCI6, STM32U535RCI6Q, STM32U535RCT6, STM32U535RCT6Q, STM32U535REI6, STM32U535REI6Q, STM32U535RET6, STM32U535RET6Q, STM32U535VCI6, STM32U535VCI6Q, STM32U535VCT6, STM32U535VCT6Q, STM32U535VEI6, STM32U535VEI6Q, STM32U535VET6, STM32U535VET6Q, STM32U545CET6, STM32U545CET6Q, STM32U545CEU6, STM32U545CEU6Q, STM32U545JEY6QTR, STM32U545NEY6QTR, STM32U545REI6, STM32U545REI6Q, STM32U545RET6, STM32U545RET6Q, STM32U545VEI6, STM32U545VEI6Q, STM32U545VET6, STM32U545VET6Q, STM32U595AIH6, STM32U595AIH6Q, STM32U595AJH6, STM32U595AJH6Q, STM32U595QII6, STM32U595QII6Q, STM32U595QJI6, STM32U595QJI6Q, STM32U595RIT6, STM32U595RIT6Q, STM32U595RJT6, STM32U595RJT6Q, STM32U595VIT6, STM32U595VIT6Q, STM32U595VJT6, STM32U595VJT6Q, STM32U595ZIT6, STM32U595ZIT6Q, STM32U595ZIY6QTR, STM32U595ZJT6, STM32U595ZJT6Q, STM32U595ZJY6QTR, STM32U599BJY6QTR, STM32U599NIH6Q, STM32U599NJH6Q, STM32U599VIT6Q, STM32U599VJT6, STM32U599VJT6Q, STM32U599ZIT6Q, STM32U599ZIY6QTR, STM32U599ZJT6Q, STM32U599ZJY6QTR, STM32U5A5AJH6, STM32U5A5AJH6Q, STM32U5A5QJI6, STM32U5A5QJI6Q, STM32U5A5RJT6, STM32U5A5RJT6Q, STM32U5A5VJT6, STM32U5A5VJT6Q, STM32U5A5ZJT6, STM32U5A5ZJT6Q, STM32U5A5ZJY6QTR, STM32U5A9BJY6QTR, STM32U5A9J-DK, STM32U5A9NJH6Q, STM32U5A9VJT6Q, STM32U5A9ZJT6Q, STM32U5A9ZJY6QTR, STM32U5F7VIT6, STM32U5F7VIT6Q, STM32U5F7VJT6, STM32U5F7VJT6Q, STM32U5F9BJY6QTR, STM32U5F9NJH6Q, STM32U5F9VIT6Q, STM32U5F9VJT6Q, STM32U5F9ZIJ6QTR, STM32U5F9ZIT6Q, STM32U5F9ZJJ6QTR, STM32U5F9ZJT6Q, STM32U5G7VJT6, STM32U5G7VJT6Q, STM32U5G9BJY6QTR, STM32U5G9J-DK1, STM32U5G9J-DK2, STM32U5G9NJH6Q, STM32U5G9VJT6Q, STM32U5G9ZJJ6QTR, STM32U5G9ZJT6Q, STM32WB1MMCH6, STM32WBA50KEU6, STM32WBA50KEU6TR, STM32WBA50KGU6, STM32WBA50KGU6TR, STM32WBA52CEU6, STM32WBA52CEU6TR, STM32WBA52CEU7, STM32WBA52CEU7TR, STM32WBA52CGU6, STM32WBA52CGU6TR, STM32WBA52CGU6U, STM32WBA52CGU7, STM32WBA52CGU7TR, STM32WBA52KEU6, STM32WBA52KEU6TR, STM32WBA52KGU6, STM32WBA52KGU6TR, STM32WBA54CEU6, STM32WBA54CEU6TR, STM32WBA54CEU7, STM32WBA54CEU7TR, STM32WBA54CGU6, STM32WBA54CGU6TR, STM32WBA54CGU7, STM32WBA54CGU7TR, STM32WBA54KEU6, STM32WBA54KEU6TR, STM32WBA54KEU7, STM32WBA54KEU7TR, STM32WBA54KGU6, STM32WBA54KGU6TR, STM32WBA54KGU7, STM32WBA54KGU7TR, STM32WBA55CEU6, STM32WBA55CEU6TR, STM32WBA55CEU7, STM32WBA55CEU7TR, STM32WBA55CGU6, STM32WBA55CGU6TR, STM32WBA55CGU6U, STM32WBA55CGU7, STM32WBA55CGU7TR, STM32WBA55G-DK1, STM32WBA55HEF6, STM32WBA55HEF7, STM32WBA55HGF6, STM32WBA55HGF7, STM32WBA55UEI6, STM32WBA55UEI6TR, STM32WBA55UEI7, STM32WBA55UEI7TR, STM32WBA55UGI6, STM32WBA55UGI6TR, STM32WBA55UGI7, STM32WBA55UGI7TR, STM32WL5MOCH6, STM32WL5MOCH6TR]
2023-12-24 17:05:22,318 [INFO] DbMcus:218 - Found 3930 MCUs, 3930 are supported
2023-12-24 17:05:22,319 [INFO] ApiDb:423 - Load user favorites file C:\Users\sykojo/.stm32cubeide/favorites.mcus.txt: 0 item(s)
2023-12-24 17:05:22,319 [INFO] ApiDb:427 - User favorites MCUs=[]
2023-12-24 17:05:22,319 [INFO] DbMcus:224 - Set 0 / 0 favorites MCUs
2023-12-24 17:05:22,607 [INFO] MicroXplorer:468 - Change Database Path : 
2023-12-24 17:05:22,607 [INFO] MicroXplorer:498 - Change Database Version : DB.6.0.100
2023-12-24 17:05:22,607 [WARN] ThirdParty:833 - waiting for thirdparty lock release [change project]
2023-12-24 17:05:22,607 [INFO] ThirdParty:835 - entering critical section [change project]
2023-12-24 17:05:22,608 [INFO] ThirdParty:1030 - CMSIS Pack Vendor :STMicroelectronics X-CUBE-ISPU 1.1.0
2023-12-24 17:05:22,608 [INFO] ThirdParty:1030 - CMSIS Pack Vendor :STMicroelectronics USBPD 4.1
2023-12-24 17:05:22,608 [INFO] ThirdParty:1030 - CMSIS Pack Vendor :STMicroelectronics X-CUBE-GNSS1 6.0.0
2023-12-24 17:05:22,608 [INFO] ThirdParty:1030 - CMSIS Pack Vendor :STMicroelectronics USB_HOST 2.0.0
2023-12-24 17:05:22,608 [INFO] ThirdParty:1030 - CMSIS Pack Vendor :STMicroelectronics X-CUBE-AZRTOS-F4 1.1.0
2023-12-24 17:05:22,608 [INFO] ThirdParty:1030 - CMSIS Pack Vendor :STMicroelectronics LIBJPEG 8.0.0
2023-12-24 17:05:22,608 [INFO] ThirdParty:1030 - CMSIS Pack Vendor :wolfSSL I-CUBE-wolfSSL 5.6.4
2023-12-24 17:05:22,608 [INFO] ThirdParty:1030 - CMSIS Pack Vendor :STMicroelectronics X-CUBE-SMBUS 2.1.0
2023-12-24 17:05:22,608 [INFO] ThirdParty:1030 - CMSIS Pack Vendor :STMicroelectronics USB_DEVICE 3.0.0
2023-12-24 17:05:22,608 [INFO] ThirdParty:1030 - CMSIS Pack Vendor :STMicroelectronics X-CUBE-AZRTOS-WB 2.0.0
2023-12-24 17:05:22,608 [INFO] ThirdParty:1030 - CMSIS Pack Vendor :STMicroelectronics X-CUBE-TOUCHGFX 4.23.0
2023-12-24 17:05:22,608 [INFO] ThirdParty:1030 - CMSIS Pack Vendor :STMicroelectronics X-CUBE-AZRTOS-F7 1.1.0
2023-12-24 17:05:22,608 [INFO] ThirdParty:1030 - CMSIS Pack Vendor :STMicroelectronics X-CUBE-AZRTOS-L5 2.0.0
2023-12-24 17:05:22,608 [INFO] ThirdParty:1030 - CMSIS Pack Vendor :STMicroelectronics USB_DEVICE 2.0.0
2023-12-24 17:05:22,608 [INFO] ThirdParty:1030 - CMSIS Pack Vendor :STMicroelectronics X-CUBE-EEPRMA1 4.2.0
2023-12-24 17:05:22,608 [INFO] ThirdParty:1030 - CMSIS Pack Vendor :ITTIA_DB I-CUBE-ITTIADB 8.8.0
2023-12-24 17:05:22,608 [INFO] ThirdParty:1030 - CMSIS Pack Vendor :STMicroelectronics FP-SNS-MOTENV1 4.3.2
2023-12-24 17:05:22,608 [INFO] ThirdParty:1030 - CMSIS Pack Vendor :STMicroelectronics X-CUBE-ALGOBUILD 1.3.0
2023-12-24 17:05:22,608 [INFO] ThirdParty:1030 - CMSIS Pack Vendor :STMicroelectronics FreeRTOS 0.0.1
2023-12-24 17:05:22,608 [INFO] ThirdParty:1030 - CMSIS Pack Vendor :STMicroelectronics X-CUBE-AZRTOS-G0 1.1.0
2023-12-24 17:05:22,608 [INFO] ThirdParty:1030 - CMSIS Pack Vendor :STMicroelectronics X-CUBE-NFC4 3.0.0
2023-12-24 17:05:22,608 [INFO] ThirdParty:1030 - CMSIS Pack Vendor :STMicroelectronics X-CUBE-SUBG2 5.0.0
2023-12-24 17:05:22,608 [INFO] ThirdParty:1030 - CMSIS Pack Vendor :STMicroelectronics STM32_WPAN 1.0.0
2023-12-24 17:05:22,608 [INFO] ThirdParty:1030 - CMSIS Pack Vendor :STMicroelectronics lwIP 2.0.3
2023-12-24 17:05:22,608 [INFO] ThirdParty:1030 - CMSIS Pack Vendor :STMicroelectronics FP-SNS-FLIGHT1 5.0.2
2023-12-24 17:05:22,608 [INFO] ThirdParty:1030 - CMSIS Pack Vendor :STMicroelectronics USB_HOST 1.0.0
2023-12-24 17:05:22,608 [INFO] ThirdParty:1030 - CMSIS Pack Vendor :STMicroelectronics X-CUBE-AZRTOS-G4 2.0.0
2023-12-24 17:05:22,608 [INFO] ThirdParty:1030 - CMSIS Pack Vendor :STMicroelectronics PDM2PCM 3.1.0
2023-12-24 17:05:22,608 [INFO] ThirdParty:1030 - CMSIS Pack Vendor :STMicroelectronics X-CUBE-AZRTOS-H7 3.1.0
2023-12-24 17:05:22,608 [INFO] ThirdParty:1030 - CMSIS Pack Vendor :Infineon AIROC-Wi-Fi-Bluetooth-STM32 1.5.1
2023-12-24 17:05:22,609 [INFO] ThirdParty:1030 - CMSIS Pack Vendor :STMicroelectronics X-CUBE-BLEMGR 3.0.0
2023-12-24 17:05:22,609 [INFO] ThirdParty:1030 - CMSIS Pack Vendor :STMicroelectronics PDM2PCM 3.3.0
2023-12-24 17:05:22,609 [INFO] ThirdParty:1030 - CMSIS Pack Vendor :STMicroelectronics X-CUBE-DISPLAY 3.0.0
2023-12-24 17:05:22,609 [INFO] ThirdParty:1030 - CMSIS Pack Vendor :STMicroelectronics FP-SNS-MOTENVWB1 1.3.0
2023-12-24 17:05:22,609 [INFO] ThirdParty:1030 - CMSIS Pack Vendor :STMicroelectronics FP-SNS-MOTENVWB1 1.3.1
2023-12-24 17:05:22,609 [INFO] ThirdParty:1030 - CMSIS Pack Vendor :STMicroelectronics X-CUBE-BLE1 7.0.0
2023-12-24 17:05:22,609 [INFO] ThirdParty:1030 - CMSIS Pack Vendor :STMicroelectronics FP-ATR-SIGFOX1 3.2.0
2023-12-24 17:05:22,609 [INFO] ThirdParty:1030 - CMSIS Pack Vendor :STMicroelectronics X-CUBE-ISPU 2.0.0
2023-12-24 17:05:22,609 [INFO] ThirdParty:1030 - CMSIS Pack Vendor :STMicroelectronics HAL Drivers 0.0.0
2023-12-24 17:05:22,609 [INFO] ThirdParty:1030 - CMSIS Pack Vendor :STMicroelectronics MBEDTLS 2.16.2
2023-12-24 17:05:22,609 [INFO] ThirdParty:1030 - CMSIS Pack Vendor :emotas I-CUBE-CANOPEN 1.3.0
2023-12-24 17:05:22,609 [INFO] ThirdParty:1030 - CMSIS Pack Vendor :STMicroelectronics X-CUBE-MEMS1 10.0.0
2023-12-24 17:05:22,609 [INFO] ThirdParty:1030 - CMSIS Pack Vendor :STMicroelectronics X-CUBE-FREERTOS 1.1.0
2023-12-24 17:05:22,609 [INFO] ThirdParty:1030 - CMSIS Pack Vendor :STMicroelectronics X-CUBE-NFC7 1.0.1
2023-12-24 17:05:22,609 [INFO] ThirdParty:1030 - CMSIS Pack Vendor :STMicroelectronics MBEDTLS 2.14.1
2023-12-24 17:05:22,609 [INFO] ThirdParty:1030 - CMSIS Pack Vendor :STMicroelectronics X-CUBE-TOUCHGFX 4.22.1
2023-12-24 17:05:22,609 [INFO] ThirdParty:1030 - CMSIS Pack Vendor :STMicroelectronics X-CUBE-NFC6 3.0.0
2023-12-24 17:05:22,609 [INFO] ThirdParty:1030 - CMSIS Pack Vendor :portGmbH I-Cube-SoM-uGOAL 1.1.0
2023-12-24 17:05:22,609 [INFO] ThirdParty:1030 - CMSIS Pack Vendor :STMicroelectronics X-CUBE-ALS 1.0.1
2023-12-24 17:05:22,609 [INFO] ThirdParty:1030 - CMSIS Pack Vendor :STMicroelectronics ThreadX 1.0.0
2023-12-24 17:05:22,609 [INFO] ThirdParty:1030 - CMSIS Pack Vendor :STMicroelectronics FP-SNS-SMARTAG2 1.2.0
2023-12-24 17:05:22,609 [INFO] ThirdParty:1030 - CMSIS Pack Vendor :STMicroelectronics X-CUBE-AZRTOS-WL 2.0.0
2023-12-24 17:05:22,609 [INFO] ThirdParty:1030 - CMSIS Pack Vendor :SEGGER I-CUBE-embOS 1.3.1
2023-12-24 17:05:22,609 [INFO] ThirdParty:1030 - CMSIS Pack Vendor :STMicroelectronics USB_DEVICE 1.0.0
2023-12-24 17:05:22,609 [INFO] ThirdParty:1030 - CMSIS Pack Vendor :STMicroelectronics X-CUBE-AI 8.1.0
2023-12-24 17:05:22,609 [INFO] ThirdParty:1030 - CMSIS Pack Vendor :STMicroelectronics X-CUBE-AZRTOS-L4 2.0.0
2023-12-24 17:05:22,609 [INFO] ThirdParty:1030 - CMSIS Pack Vendor :STMicroelectronics ThreadX 0.0.2
2023-12-24 17:05:22,609 [INFO] ThirdParty:1030 - CMSIS Pack Vendor :WES I-CUBE-Cesium 1.3.0
2023-12-24 17:05:22,609 [INFO] ThirdParty:1030 - CMSIS Pack Vendor :STMicroelectronics FP-ATR-ASTRA1 2.0.0
2023-12-24 17:05:22,609 [INFO] ThirdParty:1030 - CMSIS Pack Vendor :STMicroelectronics lwIP 2.1.2
2023-12-24 17:05:22,609 [INFO] ThirdParty:1030 - CMSIS Pack Vendor :STMicroelectronics X-CUBE-SFXS2LP1 4.0.0
2023-12-24 17:05:22,609 [INFO] ThirdParty:1030 - CMSIS Pack Vendor :STMicroelectronics X-CUBE-BLE2 3.3.0
2023-12-24 17:05:22,609 [INFO] ThirdParty:1030 - CMSIS Pack Vendor :STMicroelectronics X-CUBE-TOF1 3.4.0
2023-12-24 17:05:22,609 [INFO] ThirdParty:1030 - CMSIS Pack Vendor :STMicroelectronics X-CUBE-AZRTOS-H7 3.2.0
2023-12-24 17:05:22,609 [INFO] ThirdParty:1030 - CMSIS Pack Vendor :STMicroelectronics PDM2PCM 3.2.0
2023-12-24 17:05:22,610 [INFO] ThirdParty:841 - exiting critical section [change project]
2023-12-24 17:05:22,829 [INFO] PinOutPanel:1499 - setPackage(No Configuration,No Configuration)
2023-12-24 17:05:22,830 [INFO] PinOutPanel:1499 - setPackage(STM32F103RETx,LQFP64)
2023-12-24 17:05:23,206 [INFO] UtilMem:75 - Before build in PCC Used Memory: 270290016 Bytes (580911104)
2023-12-24 17:05:23,741 [INFO] UtilMem:75 - After build in PCC Used Memory: 356392576 Bytes (580911104)
2023-12-24 17:05:23,763 [INFO] IPUIPlugin:80 - create IPUIPlugin
2023-12-24 17:05:23,763 [INFO] IPUIPlugin:80 - create IPUIPlugin
2023-12-24 17:05:23,763 [INFO] IPUIPlugin:80 - create IPUIPlugin
2023-12-24 17:05:23,763 [INFO] IPUIPlugin:80 - create IPUIPlugin
2023-12-24 17:05:23,763 [INFO] IPUIPlugin:80 - create IPUIPlugin
2023-12-24 17:05:23,763 [INFO] IPUIPlugin:80 - create IPUIPlugin
2023-12-24 17:05:23,763 [INFO] IPUIPlugin:80 - create IPUIPlugin
2023-12-24 17:05:23,763 [INFO] IPUIPlugin:80 - create IPUIPlugin
2023-12-24 17:05:23,764 [INFO] IPUIPlugin:80 - create IPUIPlugin
2023-12-24 17:05:23,764 [INFO] IPUIPlugin:80 - create IPUIPlugin
2023-12-24 17:05:23,764 [INFO] IPUIPlugin:80 - create IPUIPlugin
2023-12-24 17:05:23,764 [INFO] IPUIPlugin:80 - create IPUIPlugin
2023-12-24 17:05:23,764 [INFO] IPUIPlugin:80 - create IPUIPlugin
2023-12-24 17:05:23,764 [INFO] IPUIPlugin:80 - create IPUIPlugin
2023-12-24 17:05:23,764 [INFO] IPUIPlugin:80 - create IPUIPlugin
2023-12-24 17:05:23,764 [INFO] IPUIPlugin:80 - create IPUIPlugin
2023-12-24 17:05:23,764 [INFO] IPUIPlugin:80 - create IPUIPlugin
2023-12-24 17:05:23,765 [INFO] IPUIPlugin:80 - create IPUIPlugin
2023-12-24 17:05:23,765 [INFO] IPUIPlugin:80 - create IPUIPlugin
2023-12-24 17:05:23,765 [INFO] IPUIPlugin:80 - create IPUIPlugin
2023-12-24 17:05:23,765 [INFO] IPUIPlugin:80 - create IPUIPlugin
2023-12-24 17:05:23,765 [INFO] IPUIPlugin:80 - create IPUIPlugin
2023-12-24 17:05:23,765 [INFO] IPUIPlugin:80 - create IPUIPlugin
2023-12-24 17:05:23,765 [INFO] IPUIPlugin:80 - create IPUIPlugin
2023-12-24 17:05:23,765 [INFO] IPUIPlugin:80 - create IPUIPlugin
2023-12-24 17:05:23,765 [INFO] IPUIPlugin:80 - create IPUIPlugin
2023-12-24 17:05:23,766 [INFO] IPUIPlugin:80 - create IPUIPlugin
2023-12-24 17:05:23,766 [INFO] IPUIPlugin:80 - create IPUIPlugin
2023-12-24 17:05:23,766 [INFO] IPUIPlugin:80 - create IPUIPlugin
2023-12-24 17:05:23,766 [INFO] IPUIPlugin:80 - create IPUIPlugin
2023-12-24 17:05:23,766 [INFO] IPUIPlugin:80 - create IPUIPlugin
2023-12-24 17:05:23,766 [INFO] IPUIPlugin:80 - create IPUIPlugin
2023-12-24 17:05:23,767 [INFO] IPUIPlugin:80 - create IPUIPlugin
2023-12-24 17:05:23,767 [INFO] IPUIPlugin:80 - create IPUIPlugin
2023-12-24 17:05:23,767 [INFO] IPUIPlugin:80 - create IPUIPlugin
2023-12-24 17:05:23,767 [INFO] IPUIPlugin:80 - create IPUIPlugin
2023-12-24 17:05:23,767 [INFO] IPUIPlugin:80 - create IPUIPlugin
2023-12-24 17:05:23,767 [INFO] IPUIPlugin:80 - create IPUIPlugin
2023-12-24 17:05:23,767 [INFO] IPUIPlugin:80 - create IPUIPlugin
2023-12-24 17:05:23,776 [WARN] IP:2119 - I2C_Coeff_DF not found: check if there is a RefParameter without a condition.
2023-12-24 17:05:23,776 [WARN] IP:2119 - Analog_Filter not found: check if there is a RefParameter without a condition.
2023-12-24 17:05:23,926 [INFO] CADModel:165 - CPN selected for project levelSTM32F103RET6
2023-12-24 17:05:23,926 [INFO] CADModel:114 - Register for checkConnection events
2023-12-24 17:05:23,976 [INFO] OpenFileManager:343 - Restore cursor
2023-12-24 17:05:24,099 [WARN] IP:2119 - I2C_Coeff_DF not found: check if there is a RefParameter without a condition.
2023-12-24 17:05:24,099 [WARN] IP:2119 - Analog_Filter not found: check if there is a RefParameter without a condition.
2023-12-24 17:05:24,099 [WARN] IP:2119 - I2C_Coeff_DF not found: check if there is a RefParameter without a condition.
2023-12-24 17:05:24,099 [WARN] IP:2119 - Analog_Filter not found: check if there is a RefParameter without a condition.
2023-12-24 17:05:56,390 [WARN] IP:2119 - I2C_Coeff_DF not found: check if there is a RefParameter without a condition.
2023-12-24 17:05:56,391 [WARN] IP:2119 - Analog_Filter not found: check if there is a RefParameter without a condition.
2023-12-24 17:05:56,391 [WARN] IP:2119 - I2C_Coeff_DF not found: check if there is a RefParameter without a condition.
2023-12-24 17:05:56,391 [WARN] IP:2119 - Analog_Filter not found: check if there is a RefParameter without a condition.
2023-12-24 17:05:56,408 [WARN] IP:2119 - I2C_Coeff_DF not found: check if there is a RefParameter without a condition.
2023-12-24 17:05:56,408 [WARN] IP:2119 - Analog_Filter not found: check if there is a RefParameter without a condition.
2023-12-24 17:05:56,423 [WARN] IP:2119 - I2C_Coeff_DF not found: check if there is a RefParameter without a condition.
2023-12-24 17:05:56,423 [WARN] IP:2119 - Analog_Filter not found: check if there is a RefParameter without a condition.
2023-12-24 17:06:07,833 [INFO] UtilMem:75 - End SaveConfig() Used Memory: 301083360 Bytes (580911104)
2023-12-24 17:06:09,289 [INFO] UtilMem:75 - End SaveConfig() Used Memory: 321006304 Bytes (580911104)
2023-12-24 17:06:14,101 [INFO] UtilMem:75 - End SaveConfig() Used Memory: 454697688 Bytes (580911104)
2023-12-24 17:06:14,427 [INFO] BlockDiagram:2759 - set Specific Code input for plugin: SPI
2023-12-24 17:06:14,427 [INFO] BlockDiagram:2759 - set Specific Code input for plugin: NVIC
2023-12-24 17:06:14,427 [INFO] BlockDiagram:2759 - set Specific Code input for plugin: DMA
2023-12-24 17:06:14,427 [INFO] BlockDiagram:2759 - set Specific Code input for plugin: UART
2023-12-24 17:06:14,427 [INFO] BlockDiagram:2759 - set Specific Code input for plugin: UART
2023-12-24 17:06:14,427 [INFO] BlockDiagram:2759 - set Specific Code input for plugin: SYS
2023-12-24 17:06:14,427 [INFO] BlockDiagram:2759 - set Specific Code input for plugin: GPIO
2023-12-24 17:06:14,427 [INFO] BlockDiagram:2759 - set Specific Code input for plugin: RCC
2023-12-24 17:06:14,427 [INFO] BlockDiagram:2759 - set Specific Code input for plugin: I2C
2023-12-24 17:06:14,429 [INFO] CodeGenerator:807 - code generatio: config db path: C:\ST\STM32CubeIDE_1.14.0\STM32CubeIDE\plugins\com.st.stm32cube.common.mx_6.10.0.202311202037\\db\
2023-12-24 17:06:14,435 [WARN] IP:2119 - I2C_Coeff_DF not found: check if there is a RefParameter without a condition.
2023-12-24 17:06:14,435 [WARN] IP:2119 - Analog_Filter not found: check if there is a RefParameter without a condition.
2023-12-24 17:06:14,621 [INFO] CodeEngine:255 - oldGeneratedFile, C:\Users\sykojo\Documents\_electronics\hall_probe\FW\MXTmpFiles\license.tmp_save
2023-12-24 17:06:14,895 [INFO] CodeEngine:279 - Generated code: C:\Users\sykojo\Documents\_electronics\hall_probe\FW\MXTmpFiles\license.tmp
2023-12-24 17:06:15,006 [INFO] CodeEngine:255 - oldGeneratedFile, C:\Users\sykojo\Documents\_electronics\hall_probe\FW\Core\Src\gpio.c_save
2023-12-24 17:06:15,140 [INFO] CodeEngine:279 - Generated code: C:\Users\sykojo\Documents\_electronics\hall_probe\FW\Core\Src\gpio.c
2023-12-24 17:06:15,161 [INFO] CodeEngine:255 - oldGeneratedFile, C:\Users\sykojo\Documents\_electronics\hall_probe\FW\Core\Inc\gpio.h_save
2023-12-24 17:06:15,245 [INFO] CodeEngine:279 - Generated code: C:\Users\sykojo\Documents\_electronics\hall_probe\FW\Core\Inc\gpio.h
2023-12-24 17:06:15,532 [INFO] CodeEngine:255 - oldGeneratedFile, C:\Users\sykojo\Documents\_electronics\hall_probe\FW\Core\Src\dma.c_save
2023-12-24 17:06:15,616 [INFO] CodeEngine:279 - Generated code: C:\Users\sykojo\Documents\_electronics\hall_probe\FW\Core\Src\dma.c
2023-12-24 17:06:15,637 [INFO] CodeEngine:255 - oldGeneratedFile, C:\Users\sykojo\Documents\_electronics\hall_probe\FW\Core\Inc\dma.h_save
2023-12-24 17:06:15,717 [INFO] CodeEngine:279 - Generated code: C:\Users\sykojo\Documents\_electronics\hall_probe\FW\Core\Inc\dma.h
2023-12-24 17:06:15,742 [INFO] CodeEngine:255 - oldGeneratedFile, C:\Users\sykojo\Documents\_electronics\hall_probe\FW\Core\Src\i2c.c_save
2023-12-24 17:06:15,866 [INFO] CodeEngine:279 - Generated code: C:\Users\sykojo\Documents\_electronics\hall_probe\FW\Core\Src\i2c.c
2023-12-24 17:06:15,885 [INFO] CodeEngine:255 - oldGeneratedFile, C:\Users\sykojo\Documents\_electronics\hall_probe\FW\Core\Inc\i2c.h_save
2023-12-24 17:06:15,966 [INFO] CodeEngine:279 - Generated code: C:\Users\sykojo\Documents\_electronics\hall_probe\FW\Core\Inc\i2c.h
2023-12-24 17:06:15,982 [INFO] CodeEngine:255 - oldGeneratedFile, C:\Users\sykojo\Documents\_electronics\hall_probe\FW\Core\Src\spi.c_save
2023-12-24 17:06:16,094 [INFO] CodeEngine:279 - Generated code: C:\Users\sykojo\Documents\_electronics\hall_probe\FW\Core\Src\spi.c
2023-12-24 17:06:16,100 [INFO] CodeEngine:255 - oldGeneratedFile, C:\Users\sykojo\Documents\_electronics\hall_probe\FW\Core\Inc\spi.h_save
2023-12-24 17:06:16,172 [INFO] CodeEngine:279 - Generated code: C:\Users\sykojo\Documents\_electronics\hall_probe\FW\Core\Inc\spi.h
2023-12-24 17:06:16,189 [INFO] CodeEngine:255 - oldGeneratedFile, C:\Users\sykojo\Documents\_electronics\hall_probe\FW\Core\Src\usart.c_save
2023-12-24 17:06:16,276 [INFO] CodeEngine:279 - Generated code: C:\Users\sykojo\Documents\_electronics\hall_probe\FW\Core\Src\usart.c
2023-12-24 17:06:16,281 [INFO] CodeEngine:255 - oldGeneratedFile, C:\Users\sykojo\Documents\_electronics\hall_probe\FW\Core\Inc\usart.h_save
2023-12-24 17:06:16,345 [INFO] CodeEngine:279 - Generated code: C:\Users\sykojo\Documents\_electronics\hall_probe\FW\Core\Inc\usart.h
2023-12-24 17:06:16,370 [INFO] CodeEngine:255 - oldGeneratedFile, C:\Users\sykojo\Documents\_electronics\hall_probe\FW\Core\Src\stm32f1xx_it.c_save
2023-12-24 17:06:16,452 [INFO] CodeEngine:279 - Generated code: C:\Users\sykojo\Documents\_electronics\hall_probe\FW\Core\Src\stm32f1xx_it.c
2023-12-24 17:06:16,468 [INFO] CodeEngine:255 - oldGeneratedFile, C:\Users\sykojo\Documents\_electronics\hall_probe\FW\Core\Inc\stm32f1xx_it.h_save
2023-12-24 17:06:16,539 [INFO] CodeEngine:279 - Generated code: C:\Users\sykojo\Documents\_electronics\hall_probe\FW\Core\Inc\stm32f1xx_it.h
2023-12-24 17:06:16,564 [INFO] CodeEngine:255 - oldGeneratedFile, C:\Users\sykojo\Documents\_electronics\hall_probe\FW\Core\Src\stm32f1xx_hal_msp.c_save
2023-12-24 17:06:16,653 [INFO] CodeEngine:279 - Generated code: C:\Users\sykojo\Documents\_electronics\hall_probe\FW\Core\Src\stm32f1xx_hal_msp.c
2023-12-24 17:06:16,661 [INFO] CodeEngine:255 - oldGeneratedFile, C:\Users\sykojo\Documents\_electronics\hall_probe\FW\MXTmpFiles\system.tmp_save
2023-12-24 17:06:16,718 [INFO] CodeEngine:279 - Generated code: C:\Users\sykojo\Documents\_electronics\hall_probe\FW\MXTmpFiles\system.tmp
2023-12-24 17:06:16,739 [INFO] CodeEngine:311 - oldGeneratedFile, C:\Users\sykojo\Documents\_electronics\hall_probe\FW\Core\Inc\stm32f1xx_hal_conf.h_save
2023-12-24 17:06:16,816 [INFO] CodeEngine:335 - Generated code: C:\Users\sykojo\Documents\_electronics\hall_probe\FW\Core\Inc\stm32f1xx_hal_conf.h
2023-12-24 17:06:16,861 [INFO] CodeEngine:255 - oldGeneratedFile, C:\Users\sykojo\Documents\_electronics\hall_probe\FW\Core\Inc\main.h_save
2023-12-24 17:06:16,976 [INFO] CodeEngine:279 - Generated code: C:\Users\sykojo\Documents\_electronics\hall_probe\FW\Core\Inc\main.h
2023-12-24 17:06:16,994 [INFO] CodeEngine:255 - oldGeneratedFile, C:\Users\sykojo\Documents\_electronics\hall_probe\FW\Core\Src\main.c_save
2023-12-24 17:06:17,090 [INFO] CodeEngine:279 - Generated code: C:\Users\sykojo\Documents\_electronics\hall_probe\FW\Core\Src\main.c
2023-12-24 17:06:17,563 [INFO] ProjectBuilder:3076 - Time for Copy HAL[1] : 152mS.
2023-12-24 17:06:17,568 [INFO] ProjectBuilder:4485 - Project Generator version: 4.2.0-B44
2023-12-24 17:06:17,788 [INFO] ConfigFileManager:1495 - The Die is : DIE414
2023-12-24 17:06:17,848 [INFO] ApiDbMcu:508 - Load IP Config File for FATFS
2023-12-24 17:06:17,859 [INFO] ApiDbMcu:508 - Load IP Config File for FREERTOS
2023-12-24 17:06:17,872 [INFO] ApiDbMcu:508 - Load IP Config File for USB_DEVICE
2023-12-24 17:06:18,846 [INFO] LogOutputStream:77 - [STDOUT_REDIRECT] 
2023-12-24 17:06:19,926 [INFO] ProjectBuilder:4747 - Time for Generating toolchain IDE Files: 2357mS.
2023-12-24 17:06:19,927 [INFO] ProjectBuilder:2947 - Time for Copy CMSIS : 1mS.
2023-12-24 17:06:19,929 [INFO] ProjectBuilder:2947 - Time for Copy CMSIS : 0mS.
