2023-10-05 08:18:50,462 [INFO] Activator:176 - 


2023-10-05 08:18:50,466 [INFO] Activator:177 - !SESSION log4j initialized
2023-10-05 08:18:55,023 [INFO] LogOutputStream:77 - [STDOUT_REDIRECT] 
2023-10-05 08:18:57,577 [INFO] ApplicationProperties:184 - Using Application install path: C:\ST\STM32CubeIDE_1.11.0\STM32CubeIDE\plugins\com.st.stm32cube.common.mx_6.9.2.202309101412
2023-10-05 08:18:57,593 [INFO] DbMcusXml:78 - Set database path to: C:\ST\STM32CubeIDE_1.11.0\STM32CubeIDE\plugins\com.st.stm32cube.common.mx_6.9.2.202309101412\\db\/mcu/
2023-10-05 08:18:57,594 [INFO] ApiDb:274 - Set plugin database path to: C:\ST\STM32CubeIDE_1.11.0\STM32CubeIDE\plugins\com.st.stm32cube.common.mx_6.9.2.202309101412\\db\/plugins/boardmanager/
2023-10-05 08:18:57,594 [WARN] ApiDb:259 - Overriding images path with different value:  => C:\ST\STM32CubeIDE_1.11.0\STM32CubeIDE\plugins\com.st.stm32cube.common.mx_6.9.2.202309101412\\db\/plugins/mcufinder/images/
2023-10-05 08:18:57,605 [INFO] ApiDb:250 - Set database path to: C:\Users\sykojo\.stmcufinder\plugins\mcufinder//mcu/
2023-10-05 08:18:57,605 [INFO] DbMcusAds:125 - Set database path to: C:\Users\sykojo\.stmcufinder\plugins\mcufinder//mcu/
2023-10-05 08:18:57,607 [INFO] CrossReferenceDbSqlite:203 - Set database path to: C:\Users\sykojo\.stmcufinder\plugins\mcufinder//mcu/cs/
2023-10-05 08:18:57,709 [INFO] RulesReader:64 - Compatibility file has been processed (293 Rules)
2023-10-05 08:19:16,829 [ERROR] LogOutputStream:75 - [STDERR_REDIRECT] SLF4J: Failed to load class "org.slf4j.impl.StaticLoggerBinder".
2023-10-05 08:19:16,829 [ERROR] LogOutputStream:75 - [STDERR_REDIRECT] SLF4J: Defaulting to no-operation (NOP) logger implementation
2023-10-05 08:19:16,830 [ERROR] LogOutputStream:75 - [STDERR_REDIRECT] SLF4J: See http://www.slf4j.org/codes.html#StaticLoggerBinder for further details.
2023-10-05 08:20:00,954 [INFO] DbMcusXml:78 - Set database path to: C:\ST\STM32CubeIDE_1.11.0\STM32CubeIDE\plugins\com.st.stm32cube.common.mx_6.9.2.202309101412\\db\/mcu/
2023-10-05 08:20:00,955 [INFO] ApiDb:274 - Set plugin database path to: C:\ST\STM32CubeIDE_1.11.0\STM32CubeIDE\plugins\com.st.stm32cube.common.mx_6.9.2.202309101412\\db\/plugins/boardmanager/
2023-10-05 08:20:00,955 [INFO] ApiDb:261 - Set plugin images path to: C:\ST\STM32CubeIDE_1.11.0\STM32CubeIDE\plugins\com.st.stm32cube.common.mx_6.9.2.202309101412\\db\/plugins/mcufinder/images/
2023-10-05 08:20:00,955 [WARN] DbFile:41 - Overriding database path with different value: C:\Users\sykojo\.stmcufinder\plugins\mcufinder/ => C:\Users\sykojo\.stmcufinder\plugins\mcufinder
2023-10-05 08:20:00,955 [INFO] ApiDb:250 - Set database path to: C:\Users\sykojo\.stmcufinder\plugins\mcufinder//mcu/
2023-10-05 08:20:00,955 [WARN] DbFile:41 - Overriding database path with different value: C:\Users\sykojo\.stmcufinder\plugins\mcufinder/ => C:\Users\sykojo\.stmcufinder\plugins\mcufinder
2023-10-05 08:20:00,955 [INFO] DbMcusAds:125 - Set database path to: C:\Users\sykojo\.stmcufinder\plugins\mcufinder//mcu/
2023-10-05 08:20:00,955 [WARN] DbFile:41 - Overriding database path with different value: C:\Users\sykojo\.stmcufinder\plugins\mcufinder/ => C:\Users\sykojo\.stmcufinder\plugins\mcufinder
2023-10-05 08:20:00,955 [WARN] DbFile:41 - Overriding database path with different value: C:\Users\sykojo\.stmcufinder\plugins\mcufinder/ => C:\Users\sykojo\.stmcufinder\plugins\mcufinder
2023-10-05 08:20:00,957 [INFO] CrossReferenceDbSqlite:203 - Set database path to: C:\Users\sykojo\.stmcufinder\plugins\mcufinder//mcu/cs/
2023-10-05 08:20:01,028 [INFO] MainPanel:262 - HeapMemory: 713031680
2023-10-05 08:20:01,110 [INFO] DbMcusXml:78 - Set database path to: C:\ST\STM32CubeIDE_1.11.0\STM32CubeIDE\plugins\com.st.stm32cube.common.mx_6.9.2.202309101412\\db\/mcu/
2023-10-05 08:20:01,110 [INFO] ApiDb:274 - Set plugin database path to: C:\ST\STM32CubeIDE_1.11.0\STM32CubeIDE\plugins\com.st.stm32cube.common.mx_6.9.2.202309101412\\db\/plugins/boardmanager/
2023-10-05 08:20:01,110 [INFO] ApiDb:261 - Set plugin images path to: C:\ST\STM32CubeIDE_1.11.0\STM32CubeIDE\plugins\com.st.stm32cube.common.mx_6.9.2.202309101412\\db\/plugins/mcufinder/images/
2023-10-05 08:20:01,110 [WARN] DbFile:41 - Overriding database path with different value: C:\Users\sykojo\.stmcufinder\plugins\mcufinder/ => C:\Users\sykojo\.stmcufinder\plugins\mcufinder
2023-10-05 08:20:01,110 [INFO] ApiDb:250 - Set database path to: C:\Users\sykojo\.stmcufinder\plugins\mcufinder//mcu/
2023-10-05 08:20:01,110 [WARN] DbFile:41 - Overriding database path with different value: C:\Users\sykojo\.stmcufinder\plugins\mcufinder/ => C:\Users\sykojo\.stmcufinder\plugins\mcufinder
2023-10-05 08:20:01,110 [INFO] DbMcusAds:125 - Set database path to: C:\Users\sykojo\.stmcufinder\plugins\mcufinder//mcu/
2023-10-05 08:20:01,110 [WARN] DbFile:41 - Overriding database path with different value: C:\Users\sykojo\.stmcufinder\plugins\mcufinder/ => C:\Users\sykojo\.stmcufinder\plugins\mcufinder
2023-10-05 08:20:01,112 [WARN] DbFile:41 - Overriding database path with different value: C:\Users\sykojo\.stmcufinder\plugins\mcufinder/ => C:\Users\sykojo\.stmcufinder\plugins\mcufinder
2023-10-05 08:20:01,112 [INFO] CrossReferenceDbSqlite:203 - Set database path to: C:\Users\sykojo\.stmcufinder\plugins\mcufinder//mcu/cs/
2023-10-05 08:20:01,129 [INFO] ApplicationProperties:184 - Using Application install path: C:\ST\STM32CubeIDE_1.11.0\STM32CubeIDE\plugins\com.st.stm32cube.common.mx_6.9.2.202309101412
2023-10-05 08:20:01,130 [INFO] PluginManage:196 - Search for loadable plugins [exclusion list=, ]
2023-10-05 08:20:01,132 [INFO] PluginManage:310 - Check plugin analytics
2023-10-05 08:20:01,259 [INFO] AnalyticsPlugin:253 - Accepted Software Licenses: 
2023-10-05 08:20:01,260 [INFO] AnalyticsPlugin:255 - Accepted CMSIS Pack Licenses: STMicroelectronics.X-CUBE-TOF1.3.2.0
2023-10-05 08:20:01,260 [INFO] AnalyticsPlugin:257 - Accepted Firmware Licenses: 
2023-10-05 08:20:01,261 [INFO] PluginManage:359 - Loaded plugin analytics (category:tool,tabindex:-1)
2023-10-05 08:20:01,263 [INFO] PluginManage:310 - Check plugin cadmodel
2023-10-05 08:20:01,275 [INFO] CADModel:105 - Init CAD model plugin
2023-10-05 08:20:01,276 [INFO] PluginManage:359 - Loaded plugin cadmodel (category:power,tabindex:5)
2023-10-05 08:20:01,276 [INFO] PluginManage:310 - Check plugin clock
2023-10-05 08:20:01,292 [INFO] PluginManage:359 - Loaded plugin clock (category:base,tabindex:2)
2023-10-05 08:20:01,292 [INFO] PluginManage:310 - Check plugin ddr
2023-10-05 08:20:01,294 [INFO] PluginManage:359 - Loaded plugin ddr (category:tool,tabindex:6)
2023-10-05 08:20:01,294 [INFO] PluginManage:310 - Check plugin filemanager
2023-10-05 08:20:01,398 [INFO] PluginManage:359 - Loaded plugin filemanager (category:base,tabindex:10)
2023-10-05 08:20:01,399 [INFO] PluginManage:310 - Check plugin ipmanager
2023-10-05 08:20:01,406 [INFO] PluginManage:359 - Loaded plugin ipmanager (category:base,tabindex:5)
2023-10-05 08:20:01,406 [INFO] PluginManage:310 - Check plugin lpbam
2023-10-05 08:20:01,422 [INFO] PluginManage:359 - Loaded plugin lpbam (category:base,tabindex:0)
2023-10-05 08:20:01,422 [INFO] PluginManage:310 - Check plugin memorymap
2023-10-05 08:20:01,441 [INFO] PluginManage:359 - Loaded plugin memorymap (category:base,tabindex:4)
2023-10-05 08:20:01,441 [INFO] PluginManage:310 - Check plugin pinoutandconfiguration
2023-10-05 08:20:01,455 [INFO] PluginManage:359 - Loaded plugin pinoutandconfiguration (category:base,tabindex:1)
2023-10-05 08:20:01,455 [INFO] PluginManage:310 - Check plugin pinoutconfig
2023-10-05 08:20:01,551 [WARN] SupportedApi:132 - Cannot load RTOS API schema: s4s-elt-must-match.1: The content of 'definitions' must match (annotation?, (simpleType | complexType)?, (unique | key | keyref)*)). A problem was found starting at: attribute.
2023-10-05 08:20:01,680 [INFO] PluginManage:359 - Loaded plugin pinoutconfig (category:base,tabindex:0)
2023-10-05 08:20:01,680 [INFO] PluginManage:310 - Check plugin power
2023-10-05 08:20:01,701 [INFO] PluginManage:359 - Loaded plugin power (category:power,tabindex:4)
2023-10-05 08:20:01,701 [INFO] PluginManage:310 - Check plugin projectmanager
2023-10-05 08:20:01,716 [INFO] PluginManage:359 - Loaded plugin projectmanager (category:projectmanager,tabindex:3)
2023-10-05 08:20:01,716 [INFO] PluginManage:310 - Check plugin thirdparty
2023-10-05 08:20:01,977 [INFO] PluginManage:359 - Loaded plugin thirdparty (category:base,tabindex:-1)
2023-10-05 08:20:01,977 [WARN] IntegrityCheckThread:84 - waiting for thirdparty lock release [integrity check]
2023-10-05 08:20:01,978 [INFO] IntegrityCheckThread:86 - entering critical section [integrity check]
2023-10-05 08:20:01,978 [INFO] PluginManage:310 - Check plugin tools
2023-10-05 08:20:01,978 [INFO] ThirdPartyUpdaterWithRetryManager:70 - Updater plugin not ready yet. [1/15]
2023-10-05 08:20:02,002 [INFO] PluginManage:359 - Loaded plugin tools (category:base,tabindex:7)
2023-10-05 08:20:02,002 [INFO] PluginManage:310 - Check plugin tutovideos
2023-10-05 08:20:02,164 [INFO] PluginManage:359 - Loaded plugin tutovideos (category:base,tabindex:-1)
2023-10-05 08:20:02,164 [INFO] PluginManage:310 - Check plugin updater
2023-10-05 08:20:02,174 [INFO] PluginManage:359 - Loaded plugin updater (category:base,tabindex:12)
2023-10-05 08:20:02,174 [INFO] PluginManage:310 - Check plugin userauth
2023-10-05 08:20:02,180 [INFO] UserAuth:113 - Init User Auth plugin
2023-10-05 08:20:02,180 [INFO] PluginManage:359 - Loaded plugin userauth (category:base,tabindex:14)
2023-10-05 08:20:02,180 [INFO] PluginManage:283 - PluginManage : Loaded plugins [17]
2023-10-05 08:20:02,390 [INFO] PinOutPanel:1499 - setPackage(No Configuration,No Configuration)
2023-10-05 08:20:02,490 [INFO] CADModel:165 - CPN selected for project level
2023-10-05 08:20:02,490 [INFO] CADModel:114 - Register for checkConnection events
2023-10-05 08:20:02,512 [INFO] IPUIPlugin:80 - create IPUIPlugin
2023-10-05 08:20:02,512 [INFO] PluginManager:220 - loadIPPluginJar : add adc
2023-10-05 08:20:02,537 [INFO] IPUIPlugin:80 - create IPUIPlugin
2023-10-05 08:20:02,538 [INFO] PluginManager:220 - loadIPPluginJar : add aes
2023-10-05 08:20:02,574 [INFO] IPUIPlugin:80 - create IPUIPlugin
2023-10-05 08:20:02,574 [INFO] PluginManager:220 - loadIPPluginJar : add can
2023-10-05 08:20:02,593 [INFO] IPUIPlugin:80 - create IPUIPlugin
2023-10-05 08:20:02,594 [INFO] PluginManager:220 - loadIPPluginJar : add comp
2023-10-05 08:20:02,621 [INFO] IPUIPlugin:80 - create IPUIPlugin
2023-10-05 08:20:02,621 [INFO] PluginManager:220 - loadIPPluginJar : add cryp
2023-10-05 08:20:02,645 [INFO] IPUIPlugin:80 - create IPUIPlugin
2023-10-05 08:20:02,645 [INFO] PluginManager:220 - loadIPPluginJar : add dfsdm
2023-10-05 08:20:02,657 [INFO] IPUIPlugin:80 - create IPUIPlugin
2023-10-05 08:20:02,657 [INFO] PluginManager:220 - loadIPPluginJar : add dma
2023-10-05 08:20:02,689 [INFO] IPUIPlugin:80 - create IPUIPlugin
2023-10-05 08:20:02,689 [INFO] PluginManager:220 - loadIPPluginJar : add dma3
2023-10-05 08:20:02,703 [INFO] IPUIPlugin:80 - create IPUIPlugin
2023-10-05 08:20:02,703 [INFO] PluginManager:220 - loadIPPluginJar : add fatfs
2023-10-05 08:20:02,737 [INFO] IPUIPlugin:80 - create IPUIPlugin
2023-10-05 08:20:02,737 [INFO] PluginManager:220 - loadIPPluginJar : add fmc
2023-10-05 08:20:02,749 [INFO] IPUIPlugin:80 - create IPUIPlugin
2023-10-05 08:20:02,749 [INFO] PluginManager:220 - loadIPPluginJar : add freertos
2023-10-05 08:20:02,764 [INFO] IPUIPlugin:80 - create IPUIPlugin
2023-10-05 08:20:02,764 [INFO] PluginManager:220 - loadIPPluginJar : add genericplugin
2023-10-05 08:20:02,827 [INFO] IPUIPlugin:80 - create IPUIPlugin
2023-10-05 08:20:02,827 [INFO] PluginManager:220 - loadIPPluginJar : add gfxmmu
2023-10-05 08:20:02,916 [INFO] IPUIPlugin:80 - create IPUIPlugin
2023-10-05 08:20:02,917 [INFO] PluginManager:220 - loadIPPluginJar : add gic
2023-10-05 08:20:02,927 [INFO] IPUIPlugin:80 - create IPUIPlugin
2023-10-05 08:20:02,927 [INFO] PluginManager:220 - loadIPPluginJar : add gpio
2023-10-05 08:20:02,993 [INFO] IPUIPlugin:80 - create IPUIPlugin
2023-10-05 08:20:02,993 [INFO] PluginManager:220 - loadIPPluginJar : add gtzc
2023-10-05 08:20:03,015 [INFO] IPUIPlugin:80 - create IPUIPlugin
2023-10-05 08:20:03,015 [INFO] PluginManager:220 - loadIPPluginJar : add hash
2023-10-05 08:20:03,051 [INFO] IPUIPlugin:80 - create IPUIPlugin
2023-10-05 08:20:03,052 [INFO] PluginManager:220 - loadIPPluginJar : add i2c
2023-10-05 08:20:03,079 [INFO] IPUIPlugin:80 - create IPUIPlugin
2023-10-05 08:20:03,079 [INFO] PluginManager:220 - loadIPPluginJar : add i2s
2023-10-05 08:20:03,119 [INFO] IPUIPlugin:80 - create IPUIPlugin
2023-10-05 08:20:03,119 [INFO] PluginManager:220 - loadIPPluginJar : add i3c
2023-10-05 08:20:03,228 [INFO] IPUIPlugin:80 - create IPUIPlugin
2023-10-05 08:20:03,228 [INFO] PluginManager:220 - loadIPPluginJar : add ipddr
2023-10-05 08:20:03,293 [INFO] IPUIPlugin:80 - create IPUIPlugin
2023-10-05 08:20:03,293 [INFO] PluginManager:220 - loadIPPluginJar : add linkedlist
2023-10-05 08:20:03,319 [INFO] IPUIPlugin:80 - create IPUIPlugin
2023-10-05 08:20:03,319 [INFO] PluginManager:220 - loadIPPluginJar : add lorawan
2023-10-05 08:20:03,347 [INFO] IPUIPlugin:80 - create IPUIPlugin
2023-10-05 08:20:03,347 [INFO] PluginManager:220 - loadIPPluginJar : add ltdc
2023-10-05 08:20:03,358 [INFO] IPUIPlugin:80 - create IPUIPlugin
2023-10-05 08:20:03,358 [INFO] PluginManager:220 - loadIPPluginJar : add mdma
2023-10-05 08:20:03,369 [INFO] IPUIPlugin:80 - create IPUIPlugin
2023-10-05 08:20:03,369 [INFO] PluginManager:220 - loadIPPluginJar : add nvic
2023-10-05 08:20:03,395 [INFO] IPUIPlugin:80 - create IPUIPlugin
2023-10-05 08:20:03,395 [INFO] PluginManager:220 - loadIPPluginJar : add opamp
2023-10-05 08:20:03,435 [INFO] IPUIPlugin:80 - create IPUIPlugin
2023-10-05 08:20:03,436 [INFO] PluginManager:220 - loadIPPluginJar : add openamp
2023-10-05 08:20:03,466 [INFO] IPUIPlugin:80 - create IPUIPlugin
2023-10-05 08:20:03,466 [INFO] PluginManager:220 - loadIPPluginJar : add pdm2pcm
2023-10-05 08:20:03,477 [INFO] IPUIPlugin:80 - create IPUIPlugin
2023-10-05 08:20:03,479 [INFO] PluginManager:220 - loadIPPluginJar : add plateformsettings
2023-10-05 08:20:03,495 [INFO] IPUIPlugin:80 - create IPUIPlugin
2023-10-05 08:20:03,495 [INFO] PluginManager:220 - loadIPPluginJar : add quadspi
2023-10-05 08:20:03,506 [INFO] IPUIPlugin:80 - create IPUIPlugin
2023-10-05 08:20:03,506 [INFO] PluginManager:220 - loadIPPluginJar : add resmgrutility
2023-10-05 08:20:03,539 [INFO] IPUIPlugin:80 - create IPUIPlugin
2023-10-05 08:20:03,539 [INFO] PluginManager:220 - loadIPPluginJar : add sai
2023-10-05 08:20:03,565 [INFO] IPUIPlugin:80 - create IPUIPlugin
2023-10-05 08:20:03,565 [INFO] PluginManager:220 - loadIPPluginJar : add spi
2023-10-05 08:20:03,606 [INFO] IPUIPlugin:80 - create IPUIPlugin
2023-10-05 08:20:03,606 [INFO] PluginManager:220 - loadIPPluginJar : add stm32_wpan
2023-10-05 08:20:03,623 [INFO] IPUIPlugin:80 - create IPUIPlugin
2023-10-05 08:20:03,623 [INFO] PluginManager:220 - loadIPPluginJar : add tim
2023-10-05 08:20:03,662 [INFO] IPUIPlugin:80 - create IPUIPlugin
2023-10-05 08:20:03,662 [INFO] PluginManager:220 - loadIPPluginJar : add touchsensing
2023-10-05 08:20:03,679 [INFO] IPUIPlugin:80 - create IPUIPlugin
2023-10-05 08:20:03,679 [INFO] PluginManager:220 - loadIPPluginJar : add tracer_emb
2023-10-05 08:20:03,697 [INFO] IPUIPlugin:80 - create IPUIPlugin
2023-10-05 08:20:03,697 [INFO] PluginManager:220 - loadIPPluginJar : add ts
2023-10-05 08:20:03,711 [INFO] IPUIPlugin:80 - create IPUIPlugin
2023-10-05 08:20:03,711 [INFO] PluginManager:220 - loadIPPluginJar : add tsc
2023-10-05 08:20:03,727 [INFO] IPUIPlugin:80 - create IPUIPlugin
2023-10-05 08:20:03,727 [INFO] PluginManager:220 - loadIPPluginJar : add ucpd
2023-10-05 08:20:03,766 [INFO] IPUIPlugin:80 - create IPUIPlugin
2023-10-05 08:20:03,766 [INFO] PluginManager:220 - loadIPPluginJar : add usart
2023-10-05 08:20:03,800 [INFO] IPUIPlugin:80 - create IPUIPlugin
2023-10-05 08:20:03,800 [INFO] PluginManager:220 - loadIPPluginJar : add usbx
2023-10-05 08:20:03,919 [INFO] CADModel:165 - CPN selected for project level
2023-10-05 08:20:03,919 [INFO] CADModel:114 - Register for checkConnection events
2023-10-05 08:20:03,919 [FATAL] Updater:308 - Updater called before beeing initialized
2023-10-05 08:20:03,919 [ERROR] CADModel:125 - Updater not yet initialized, retry later 
2023-10-05 08:20:04,054 [INFO] CADModel:165 - CPN selected for project level
2023-10-05 08:20:04,054 [INFO] CADModel:114 - Register for checkConnection events
2023-10-05 08:20:04,054 [FATAL] Updater:308 - Updater called before beeing initialized
2023-10-05 08:20:04,054 [ERROR] CADModel:125 - Updater not yet initialized, retry later 
2023-10-05 08:20:04,058 [FATAL] Updater:308 - Updater called before beeing initialized
2023-10-05 08:20:04,145 [FATAL] Updater:308 - Updater called before beeing initialized
2023-10-05 08:20:04,155 [INFO] DbMcusAds:53 - JSON generation date=Tue Mar 07 09:50:55 CET 2023 (1678179055114)
2023-10-05 08:20:04,155 [FATAL] Updater:308 - Updater called before beeing initialized
2023-10-05 08:20:04,223 [WARN] DetailPanel:346 - Failed to get advertising image, set to default
2023-10-05 08:20:04,308 [FATAL] Updater:308 - Updater called before beeing initialized
2023-10-05 08:20:04,311 [FATAL] Updater:308 - Updater called before beeing initialized
2023-10-05 08:20:04,311 [FATAL] Updater:308 - Updater called before beeing initialized
2023-10-05 08:20:04,311 [WARN] DetailPanel:346 - Failed to get advertising image, set to default
2023-10-05 08:20:04,312 [FATAL] Updater:308 - Updater called before beeing initialized
2023-10-05 08:20:04,362 [ERROR] Updater:1120 - MainUpdater not yet initialized. External WinMGr cannot be set.
2023-10-05 08:20:04,370 [INFO] Updater:1056 - Updater Version found : 6.9.2
2023-10-05 08:20:04,388 [INFO] ApplicationProperties:184 - Using Application install path: C:\ST\STM32CubeIDE_1.11.0\STM32CubeIDE\plugins\com.st.stm32cube.common.mx_6.9.2.202309101412
2023-10-05 08:20:04,629 [INFO] MainUpdater:2868 - connection check result : 10
2023-10-05 08:20:04,630 [INFO] MainUpdater:285 - Updater Check For Update Now.
2023-10-05 08:20:04,630 [INFO] MicroXplorer:498 - Change Database Version : DB.6.0.92
2023-10-05 08:20:04,643 [INFO] McuFinderGlobals:63 - Set McuFinder mode to 2 (CubeIDE integrated)
2023-10-05 08:20:04,644 [INFO] UserAuth:179 - activating auth plugin
2023-10-05 08:20:04,646 [INFO] UserAuth:393 - Internet connection configuration mode: 1
2023-10-05 08:20:04,669 [INFO] JxBrowserEngine:151 - Initiate JxBrowser Engine with user profile folder
2023-10-05 08:20:04,819 [INFO] CheckServerUpdateThread:120 - End of CheckServer Thread
2023-10-05 08:20:05,195 [WARN] PackLoader:240 - Cannot read IP mode file for STMicroelectronics.X-CUBE-SMBUS.2.1.0
2023-10-05 08:20:05,237 [WARN] PackLoader:240 - Cannot read IP mode file for STMicroelectronics.X-CUBE-AZRTOS-F7.1.1.0
2023-10-05 08:20:05,255 [WARN] PackLoader:240 - Cannot read IP mode file for STMicroelectronics.FP-SNS-MOTENV1.4.3.2
2023-10-05 08:20:05,272 [WARN] PackLoader:240 - Cannot read IP mode file for STMicroelectronics.X-CUBE-BLE1.6.2.3
2023-10-05 08:20:05,283 [WARN] PackLoader:240 - Cannot read IP mode file for STMicroelectronics.X-CUBE-BLE1.6.2.4
2023-10-05 08:20:05,296 [WARN] PackLoader:240 - Cannot read IP mode file for STMicroelectronics.FP-SNS-FLIGHT1.5.0.2
2023-10-05 08:20:05,316 [WARN] PackLoader:240 - Cannot read IP mode file for STMicroelectronics.X-CUBE-TOF1.3.1.0
2023-10-05 08:20:05,338 [WARN] PackLoader:240 - Cannot read IP mode file for STMicroelectronics.X-CUBE-DISPLAY.3.0.0
2023-10-05 08:20:05,354 [WARN] PackLoader:240 - Cannot read IP mode file for STMicroelectronics.X-CUBE-BLE1.7.0.0
2023-10-05 08:20:05,366 [WARN] PackLoader:240 - Cannot read IP mode file for STMicroelectronics.X-CUBE-TOUCHGFX.4.22.0
2023-10-05 08:20:05,376 [WARN] PackLoader:240 - Cannot read IP mode file for STMicroelectronics.X-CUBE-TOUCHGFX.4.22.1
2023-10-05 08:20:05,440 [WARN] PackLoader:240 - Cannot read IP mode file for STMicroelectronics.X-CUBE-MEMS1.9.3.0
2023-10-05 08:20:05,567 [WARN] PackLoader:240 - Cannot read IP mode file for STMicroelectronics.X-CUBE-AI.7.2.0
2023-10-05 08:20:05,581 [WARN] PackLoader:240 - Cannot read IP mode file for STMicroelectronics.FP-SNS-SMARTAG2.1.2.0
2023-10-05 08:20:05,598 [INFO] LogOutputStream:77 - [STDOUT_REDIRECT] 1 : Invalid condition id : UX_CORESTACK_Condition cause : null
2023-10-05 08:20:05,598 [INFO] LogOutputStream:77 - [STDOUT_REDIRECT] 1 : Invalid condition id : UX_CORESTACK_Condition cause : null
2023-10-05 08:20:05,600 [INFO] LogOutputStream:77 - [STDOUT_REDIRECT] 1 : Invalid condition id : UX_CORESTACK_Condition cause : null
2023-10-05 08:20:05,601 [INFO] LogOutputStream:77 - [STDOUT_REDIRECT] 1 : Invalid condition id : UX_CORESTACK_Condition cause : null
2023-10-05 08:20:05,602 [INFO] LogOutputStream:77 - [STDOUT_REDIRECT] 1 : Invalid condition id : UX_CORESTACK_Condition cause : null
2023-10-05 08:20:05,604 [WARN] PackLoader:240 - Cannot read IP mode file for STMicroelectronics.X-CUBE-AZRTOS-WL.2.0.0
2023-10-05 08:20:05,620 [WARN] PackLoader:240 - Cannot read IP mode file for WES.I-CUBE-Cesium.1.3.0
2023-10-05 08:20:05,630 [WARN] PackLoader:240 - Cannot read IP mode file for STMicroelectronics.X-CUBE-BLE2.3.3.0
2023-10-05 08:20:05,644 [WARN] PackLoader:240 - Cannot read IP mode file for STMicroelectronics.X-CUBE-DISPLAY.2.2.0
2023-10-05 08:20:05,667 [WARN] PackLoader:240 - Cannot read IP mode file for STMicroelectronics.X-CUBE-TOF1.3.2.0
2023-10-05 08:20:05,802 [WARN] PackLoader:240 - Cannot read IP mode file for STMicroelectronics.X-CUBE-ISPU.1.0.0
2023-10-05 08:20:05,830 [WARN] PackLoader:240 - Cannot read IP mode file for STMicroelectronics.X-CUBE-AZRTOS-H7.2.1.0
2023-10-05 08:20:05,842 [WARN] PackLoader:240 - Cannot read IP mode file for STMicroelectronics.X-CUBE-TOUCHGFX.4.21.1
2023-10-05 08:20:05,854 [WARN] PackLoader:240 - Cannot read IP mode file for STMicroelectronics.X-CUBE-TOUCHGFX.4.21.3
2023-10-05 08:20:05,893 [WARN] PackLoader:240 - Cannot read IP mode file for STMicroelectronics.X-CUBE-MEMS1.9.4.0
2023-10-05 08:20:05,987 [WARN] PackLoader:240 - Cannot read IP mode file for STMicroelectronics.X-CUBE-AI.7.3.0
2023-10-05 08:20:06,000 [WARN] PackLoader:240 - Cannot read IP mode file for STMicroelectronics.X-CUBE-ALGOBUILD.1.3.0
2023-10-05 08:20:06,026 [WARN] PackLoader:240 - Cannot read IP mode file for STMicroelectronics.X-CUBE-AZRTOS-G0.1.1.0
2023-10-05 08:20:06,046 [WARN] PackLoader:240 - Cannot read IP mode file for STMicroelectronics.X-CUBE-NFC4.3.0.0
2023-10-05 08:20:06,090 [WARN] PackLoader:240 - Cannot read IP mode file for SEGGER.I-CUBE-embOS.1.2.0
2023-10-05 08:20:06,136 [WARN] PackLoader:240 - Cannot read IP mode file for STMicroelectronics.X-CUBE-BLEMGR.1.3.0
2023-10-05 08:20:06,148 [WARN] PackLoader:240 - Cannot read IP mode file for STMicroelectronics.FP-ATR-SIGFOX1.3.2.0
2023-10-05 08:20:06,161 [WARN] PackLoader:240 - Cannot read IP mode file for emotas.I-CUBE-CANOPEN.1.1.2
2023-10-05 08:20:06,173 [WARN] PackLoader:240 - Cannot read IP mode file for STMicroelectronics.X-CUBE-TOUCHGFX.4.20.0
2023-10-05 08:20:06,222 [WARN] PackLoader:240 - Cannot read IP mode file for STMicroelectronics.X-CUBE-MEMS1.9.5.0
2023-10-05 08:20:06,405 [WARN] PackLoader:240 - Cannot read IP mode file for SEGGER.I-CUBE-embOS.1.3.1
2023-10-05 08:20:06,476 [WARN] PackLoader:240 - Cannot read IP mode file for STMicroelectronics.X-CUBE-GNSS1.6.0.0
2023-10-05 08:20:06,516 [WARN] PackLoader:240 - Cannot read IP mode file for STMicroelectronics.X-CUBE-AZRTOS-F4.1.1.0
2023-10-05 08:20:06,532 [WARN] PackLoader:240 - Cannot read IP mode file for STMicroelectronics.X-CUBE-BLEMGR.1.2.0
2023-10-05 08:20:06,561 [WARN] PackLoader:240 - Cannot read IP mode file for STMicroelectronics.X-CUBE-AZRTOS-L5.2.0.0
2023-10-05 08:20:06,605 [WARN] PackLoader:240 - Cannot read IP mode file for STMicroelectronics.X-CUBE-MEMS1.9.6.0
2023-10-05 08:20:06,721 [WARN] PackLoader:240 - Cannot read IP mode file for ITTIA_DB.I-CUBE-ITTIADB.8.8.0
2023-10-05 08:20:06,734 [WARN] PackLoader:240 - Cannot read IP mode file for STMicroelectronics.X-CUBE-BLEMGR.2.0.0
2023-10-05 08:20:06,750 [WARN] PackLoader:240 - Cannot read IP mode file for STMicroelectronics.X-CUBE-NFC4.2.0.5
2023-10-05 08:20:06,762 [WARN] PackLoader:240 - Cannot read IP mode file for STMicroelectronics.X-CUBE-NFC4.2.0.4
2023-10-05 08:20:06,787 [WARN] ConditionMgr:438 - getConditionDescription Invalid condition id : UX DEVICE CLASS RTOS Condition cause : null
2023-10-05 08:20:06,787 [WARN] ConditionMgr:438 - getConditionDescription Invalid condition id : UX DEVICE CLASS RTOS Condition cause : null
2023-10-05 08:20:06,790 [WARN] PackLoader:240 - Cannot read IP mode file for STMicroelectronics.X-CUBE-AZRTOS-H7.3.1.0
2023-10-05 08:20:06,791 [WARN] ConditionMgr:1039 - genDependencies : Invalid condition id : UX DEVICE CLASS RTOS Condition cause : null
2023-10-05 08:20:06,791 [WARN] ConditionMgr:1039 - genDependencies : Invalid condition id : UX DEVICE CLASS RTOS Condition cause : null
2023-10-05 08:20:06,792 [WARN] ConditionMgr:1039 - genDependencies : Invalid condition id : UX DEVICE CLASS RTOS Condition cause : null
2023-10-05 08:20:06,792 [WARN] ConditionMgr:1039 - genDependencies : Invalid condition id : UX DEVICE CLASS RTOS Condition cause : null
2023-10-05 08:20:06,792 [WARN] ConditionMgr:1039 - genDependencies : Invalid condition id : UX DEVICE CLASS RTOS Condition cause : null
2023-10-05 08:20:06,805 [WARN] PackLoader:240 - Cannot read IP mode file for wolfSSL.I-CUBE-wolfSSL.5.5.0
2023-10-05 08:20:06,817 [WARN] PackLoader:240 - Cannot read IP mode file for STMicroelectronics.X-CUBE-NFC7.1.0.1
2023-10-05 08:20:06,836 [WARN] PackLoader:240 - Cannot read IP mode file for STMicroelectronics.X-CUBE-NFC7.1.0.0
2023-10-05 08:20:06,855 [WARN] PackLoader:240 - Cannot read IP mode file for STMicroelectronics.X-CUBE-NFC6.3.0.0
2023-10-05 08:20:06,875 [WARN] PackLoader:240 - Cannot read IP mode file for STMicroelectronics.X-CUBE-EEPRMA1.4.1.0
2023-10-05 08:20:06,896 [WARN] PackLoader:240 - Cannot read IP mode file for STMicroelectronics.X-CUBE-AI.8.1.0
2023-10-05 08:20:06,933 [WARN] ConditionMgr:438 - getConditionDescription Invalid condition id : LAN8742 Phy interface Condition cause : null
2023-10-05 08:20:06,934 [WARN] PackLoader:240 - Cannot read IP mode file for STMicroelectronics.X-CUBE-AZRTOS-L4.2.0.0
2023-10-05 08:20:06,935 [WARN] ConditionMgr:1039 - genDependencies : Invalid condition id : LAN8742 Phy interface Condition cause : null
2023-10-05 08:20:06,936 [WARN] ConditionMgr:1039 - genDependencies : Invalid condition id : LAN8742 Phy interface Condition cause : null
2023-10-05 08:20:06,936 [WARN] ConditionMgr:1039 - genDependencies : Invalid condition id : LAN8742 Phy interface Condition cause : null
2023-10-05 08:20:06,952 [WARN] PackLoader:240 - Cannot read IP mode file for STMicroelectronics.X-CUBE-SFXS2LP1.4.0.0
2023-10-05 08:20:06,986 [WARN] PackLoader:240 - Cannot read IP mode file for STMicroelectronics.X-CUBE-AZRTOS-H7.3.0.0
2023-10-05 08:20:07,001 [WARN] PackLoader:240 - Cannot read IP mode file for STMicroelectronics.X-CUBE-ISPU.1.1.0
2023-10-05 08:20:07,014 [WARN] PackLoader:240 - Cannot read IP mode file for RoweBots.I-CUBE-UNISONRTOS.5.5.0-4
2023-10-05 08:20:07,026 [WARN] PackLoader:240 - Cannot read IP mode file for STMicroelectronics.X-CUBE-AI.8.0.0
2023-10-05 08:20:07,052 [WARN] ConditionMgr:438 - getConditionDescription Invalid condition id : UX DEVICE CLASS RTOS Condition cause : null
2023-10-05 08:20:07,052 [WARN] ConditionMgr:438 - getConditionDescription Invalid condition id : UX DEVICE CLASS RTOS Condition cause : null
2023-10-05 08:20:07,055 [WARN] PackLoader:240 - Cannot read IP mode file for STMicroelectronics.X-CUBE-AZRTOS-WB.2.0.0
2023-10-05 08:20:07,055 [WARN] ConditionMgr:1039 - genDependencies : Invalid condition id : UX DEVICE CLASS RTOS Condition cause : null
2023-10-05 08:20:07,055 [WARN] ConditionMgr:1039 - genDependencies : Invalid condition id : UX DEVICE CLASS RTOS Condition cause : null
2023-10-05 08:20:07,056 [WARN] ConditionMgr:1039 - genDependencies : Invalid condition id : UX DEVICE CLASS RTOS Condition cause : null
2023-10-05 08:20:07,056 [WARN] ConditionMgr:1039 - genDependencies : Invalid condition id : UX DEVICE CLASS RTOS Condition cause : null
2023-10-05 08:20:07,056 [WARN] ConditionMgr:1039 - genDependencies : Invalid condition id : UX DEVICE CLASS RTOS Condition cause : null
2023-10-05 08:20:07,070 [WARN] PackLoader:240 - Cannot read IP mode file for STMicroelectronics.X-CUBE-FREERTOS.1.0.0
2023-10-05 08:20:07,076 [INFO] WebApp:157 - Instantiating new browser for Auth
2023-10-05 08:20:07,085 [WARN] PackLoader:240 - Cannot read IP mode file for STMicroelectronics.X-CUBE-FREERTOS.1.0.1
2023-10-05 08:20:07,111 [WARN] PackLoader:240 - Cannot read IP mode file for STMicroelectronics.X-CUBE-BLEMGR.1.0.0
2023-10-05 08:20:07,145 [WARN] PackLoader:240 - Cannot read IP mode file for STMicroelectronics.X-CUBE-AZRTOS-L5.1.1.0
2023-10-05 08:20:07,160 [WARN] PackLoader:240 - Cannot read IP mode file for STMicroelectronics.X-CUBE-AI.8.0.1
2023-10-05 08:20:07,182 [WARN] PackLoader:240 - Cannot read IP mode file for STMicroelectronics.X-CUBE-SUBG2.5.0.0
2023-10-05 08:20:07,206 [WARN] PackLoader:240 - Cannot read IP mode file for STMicroelectronics.X-CUBE-TOF1.3.3.1
2023-10-05 08:20:07,242 [WARN] PackLoader:240 - Cannot read IP mode file for STMicroelectronics.X-CUBE-AZRTOS-G4.2.0.0
2023-10-05 08:20:07,264 [WARN] PackLoader:240 - Cannot read IP mode file for STMicroelectronics.X-CUBE-TOF1.3.3.0
2023-10-05 08:20:07,285 [WARN] PackLoader:240 - Cannot read IP mode file for STMicroelectronics.FP-ATR-ASTRA1.1.1.1
2023-10-05 08:20:07,306 [WARN] PackLoader:240 - Cannot read IP mode file for STMicroelectronics.X-CUBE-AZRTOS-G4.1.0.0
2023-10-05 08:20:07,334 [WARN] PackLoader:240 - Cannot read IP mode file for STMicroelectronics.X-CUBE-AZRTOS-L4.1.0.0
2023-10-05 08:20:07,345 [WARN] PackLoader:240 - Cannot read IP mode file for STMicroelectronics.X-CUBE-FREERTOS.1.1.0
2023-10-05 08:20:07,365 [WARN] PackLoader:240 - Cannot read IP mode file for STMicroelectronics.X-CUBE-AZRTOS-WL.1.0.0
2023-10-05 08:20:07,380 [WARN] PackLoader:240 - Cannot read IP mode file for portGmbH.I-Cube-SoM-uGOAL.1.1.0
2023-10-05 08:20:07,388 [WARN] PackLoader:240 - Cannot read IP mode file for STMicroelectronics.X-CUBE-ALS.1.0.1
2023-10-05 08:20:07,410 [WARN] PackLoader:240 - Cannot read IP mode file for STMicroelectronics.X-CUBE-AZRTOS-WB.1.1.0
2023-10-05 08:20:07,431 [WARN] PackLoader:240 - Cannot read IP mode file for STMicroelectronics.X-CUBE-AZRTOS-L5.1.0.0
2023-10-05 08:20:07,443 [WARN] PackLoader:240 - Cannot read IP mode file for STMicroelectronics.X-CUBE-EEPRMA1.3.1.1
2023-10-05 08:20:07,454 [WARN] PackLoader:240 - Cannot read IP mode file for STMicroelectronics.FP-ATR-ASTRA1.2.0.0
2023-10-05 08:20:07,454 [INFO] ThirdParty:978 - Integrity check success = true
2023-10-05 08:20:07,455 [INFO] IntegrityCheckThread:100 - exiting critical section [integrity check]
2023-10-05 08:20:07,455 [INFO] IntegrityCheckThread:103 - End integrity checks thread
2023-10-05 08:20:07,667 [INFO] WebApp:753 - Register for checkConnection events
2023-10-05 08:20:07,669 [INFO] WebApp:390 - Apply proxy settings
2023-10-05 08:20:07,669 [INFO] WebApp:475 - Chromium requires no authentication
2023-10-05 08:20:07,675 [INFO] WebApp:418 - Direct internet connection detected
2023-10-05 08:20:07,841 [INFO] WebApp:188 - Starting web application
2023-10-05 08:20:07,841 [INFO] WebApp:520 - Web application path used C:\ST\STM32CubeIDE_1.11.0\STM32CubeIDE\plugins\com.st.stm32cube.common.mx_6.9.2.202309101412\db\plugins\mcufinder\reactClient1\index.html
2023-10-05 11:10:19,213 [ERROR] LogOutputStream:75 - [STDERR_REDIRECT] 
2023-10-05 18:05:17,372 [INFO] Activator:176 - 


2023-10-05 18:05:17,376 [INFO] Activator:177 - !SESSION log4j initialized
2023-10-05 18:05:26,121 [INFO] LogOutputStream:77 - [STDOUT_REDIRECT] 
2023-10-05 18:05:29,593 [INFO] ApplicationProperties:184 - Using Application install path: C:\ST\STM32CubeIDE_1.11.0\STM32CubeIDE\plugins\com.st.stm32cube.common.mx_6.9.2.202309101412
2023-10-05 18:05:29,624 [INFO] DbMcusXml:78 - Set database path to: C:\ST\STM32CubeIDE_1.11.0\STM32CubeIDE\plugins\com.st.stm32cube.common.mx_6.9.2.202309101412\\db\/mcu/
2023-10-05 18:05:29,625 [INFO] ApiDb:274 - Set plugin database path to: C:\ST\STM32CubeIDE_1.11.0\STM32CubeIDE\plugins\com.st.stm32cube.common.mx_6.9.2.202309101412\\db\/plugins/boardmanager/
2023-10-05 18:05:29,625 [WARN] ApiDb:259 - Overriding images path with different value:  => C:\ST\STM32CubeIDE_1.11.0\STM32CubeIDE\plugins\com.st.stm32cube.common.mx_6.9.2.202309101412\\db\/plugins/mcufinder/images/
2023-10-05 18:05:29,647 [INFO] ApiDb:250 - Set database path to: C:\Users\sykojo\.stmcufinder\plugins\mcufinder//mcu/
2023-10-05 18:05:29,649 [INFO] DbMcusAds:125 - Set database path to: C:\Users\sykojo\.stmcufinder\plugins\mcufinder//mcu/
2023-10-05 18:05:29,652 [INFO] CrossReferenceDbSqlite:203 - Set database path to: C:\Users\sykojo\.stmcufinder\plugins\mcufinder//mcu/cs/
2023-10-05 18:05:29,851 [INFO] RulesReader:64 - Compatibility file has been processed (293 Rules)
2023-10-05 18:05:49,069 [ERROR] LogOutputStream:75 - [STDERR_REDIRECT] SLF4J: Failed to load class "org.slf4j.impl.StaticLoggerBinder".
2023-10-05 18:05:49,070 [ERROR] LogOutputStream:75 - [STDERR_REDIRECT] SLF4J: Defaulting to no-operation (NOP) logger implementation
2023-10-05 18:05:49,072 [ERROR] LogOutputStream:75 - [STDERR_REDIRECT] SLF4J: See http://www.slf4j.org/codes.html#StaticLoggerBinder for further details.
2023-10-05 18:06:33,189 [INFO] DbMcusXml:78 - Set database path to: C:\ST\STM32CubeIDE_1.11.0\STM32CubeIDE\plugins\com.st.stm32cube.common.mx_6.9.2.202309101412\\db\/mcu/
2023-10-05 18:06:33,189 [INFO] ApiDb:274 - Set plugin database path to: C:\ST\STM32CubeIDE_1.11.0\STM32CubeIDE\plugins\com.st.stm32cube.common.mx_6.9.2.202309101412\\db\/plugins/boardmanager/
2023-10-05 18:06:33,189 [INFO] ApiDb:261 - Set plugin images path to: C:\ST\STM32CubeIDE_1.11.0\STM32CubeIDE\plugins\com.st.stm32cube.common.mx_6.9.2.202309101412\\db\/plugins/mcufinder/images/
2023-10-05 18:06:33,189 [WARN] DbFile:41 - Overriding database path with different value: C:\Users\sykojo\.stmcufinder\plugins\mcufinder/ => C:\Users\sykojo\.stmcufinder\plugins\mcufinder
2023-10-05 18:06:33,191 [INFO] ApiDb:250 - Set database path to: C:\Users\sykojo\.stmcufinder\plugins\mcufinder//mcu/
2023-10-05 18:06:33,191 [WARN] DbFile:41 - Overriding database path with different value: C:\Users\sykojo\.stmcufinder\plugins\mcufinder/ => C:\Users\sykojo\.stmcufinder\plugins\mcufinder
2023-10-05 18:06:33,191 [INFO] DbMcusAds:125 - Set database path to: C:\Users\sykojo\.stmcufinder\plugins\mcufinder//mcu/
2023-10-05 18:06:33,191 [WARN] DbFile:41 - Overriding database path with different value: C:\Users\sykojo\.stmcufinder\plugins\mcufinder/ => C:\Users\sykojo\.stmcufinder\plugins\mcufinder
2023-10-05 18:06:33,192 [WARN] DbFile:41 - Overriding database path with different value: C:\Users\sykojo\.stmcufinder\plugins\mcufinder/ => C:\Users\sykojo\.stmcufinder\plugins\mcufinder
2023-10-05 18:06:33,200 [INFO] CrossReferenceDbSqlite:203 - Set database path to: C:\Users\sykojo\.stmcufinder\plugins\mcufinder//mcu/cs/
2023-10-05 18:06:33,340 [INFO] MainPanel:262 - HeapMemory: 738197504
2023-10-05 18:06:33,492 [INFO] DbMcusXml:78 - Set database path to: C:\ST\STM32CubeIDE_1.11.0\STM32CubeIDE\plugins\com.st.stm32cube.common.mx_6.9.2.202309101412\\db\/mcu/
2023-10-05 18:06:33,493 [INFO] ApiDb:274 - Set plugin database path to: C:\ST\STM32CubeIDE_1.11.0\STM32CubeIDE\plugins\com.st.stm32cube.common.mx_6.9.2.202309101412\\db\/plugins/boardmanager/
2023-10-05 18:06:33,493 [INFO] ApiDb:261 - Set plugin images path to: C:\ST\STM32CubeIDE_1.11.0\STM32CubeIDE\plugins\com.st.stm32cube.common.mx_6.9.2.202309101412\\db\/plugins/mcufinder/images/
2023-10-05 18:06:33,494 [WARN] DbFile:41 - Overriding database path with different value: C:\Users\sykojo\.stmcufinder\plugins\mcufinder/ => C:\Users\sykojo\.stmcufinder\plugins\mcufinder
2023-10-05 18:06:33,494 [INFO] ApiDb:250 - Set database path to: C:\Users\sykojo\.stmcufinder\plugins\mcufinder//mcu/
2023-10-05 18:06:33,494 [WARN] DbFile:41 - Overriding database path with different value: C:\Users\sykojo\.stmcufinder\plugins\mcufinder/ => C:\Users\sykojo\.stmcufinder\plugins\mcufinder
2023-10-05 18:06:33,494 [INFO] DbMcusAds:125 - Set database path to: C:\Users\sykojo\.stmcufinder\plugins\mcufinder//mcu/
2023-10-05 18:06:33,494 [WARN] DbFile:41 - Overriding database path with different value: C:\Users\sykojo\.stmcufinder\plugins\mcufinder/ => C:\Users\sykojo\.stmcufinder\plugins\mcufinder
2023-10-05 18:06:33,495 [WARN] DbFile:41 - Overriding database path with different value: C:\Users\sykojo\.stmcufinder\plugins\mcufinder/ => C:\Users\sykojo\.stmcufinder\plugins\mcufinder
2023-10-05 18:06:33,495 [INFO] CrossReferenceDbSqlite:203 - Set database path to: C:\Users\sykojo\.stmcufinder\plugins\mcufinder//mcu/cs/
2023-10-05 18:06:33,531 [INFO] ApplicationProperties:184 - Using Application install path: C:\ST\STM32CubeIDE_1.11.0\STM32CubeIDE\plugins\com.st.stm32cube.common.mx_6.9.2.202309101412
2023-10-05 18:06:33,533 [INFO] PluginManage:196 - Search for loadable plugins [exclusion list=, ]
2023-10-05 18:06:33,536 [INFO] PluginManage:310 - Check plugin analytics
2023-10-05 18:06:33,806 [INFO] AnalyticsPlugin:253 - Accepted Software Licenses: 
2023-10-05 18:06:33,806 [INFO] AnalyticsPlugin:255 - Accepted CMSIS Pack Licenses: STMicroelectronics.X-CUBE-TOF1.3.2.0
2023-10-05 18:06:33,806 [INFO] AnalyticsPlugin:257 - Accepted Firmware Licenses: 
2023-10-05 18:06:33,809 [INFO] PluginManage:359 - Loaded plugin analytics (category:tool,tabindex:-1)
2023-10-05 18:06:33,811 [INFO] PluginManage:310 - Check plugin cadmodel
2023-10-05 18:06:33,833 [INFO] CADModel:105 - Init CAD model plugin
2023-10-05 18:06:33,834 [INFO] PluginManage:359 - Loaded plugin cadmodel (category:power,tabindex:5)
2023-10-05 18:06:33,834 [INFO] PluginManage:310 - Check plugin clock
2023-10-05 18:06:33,868 [INFO] PluginManage:359 - Loaded plugin clock (category:base,tabindex:2)
2023-10-05 18:06:33,868 [INFO] PluginManage:310 - Check plugin ddr
2023-10-05 18:06:33,871 [INFO] PluginManage:359 - Loaded plugin ddr (category:tool,tabindex:6)
2023-10-05 18:06:33,872 [INFO] PluginManage:310 - Check plugin filemanager
2023-10-05 18:06:34,080 [INFO] PluginManage:359 - Loaded plugin filemanager (category:base,tabindex:10)
2023-10-05 18:06:34,080 [INFO] PluginManage:310 - Check plugin ipmanager
2023-10-05 18:06:34,094 [INFO] PluginManage:359 - Loaded plugin ipmanager (category:base,tabindex:5)
2023-10-05 18:06:34,094 [INFO] PluginManage:310 - Check plugin lpbam
2023-10-05 18:06:34,123 [INFO] PluginManage:359 - Loaded plugin lpbam (category:base,tabindex:0)
2023-10-05 18:06:34,123 [INFO] PluginManage:310 - Check plugin memorymap
2023-10-05 18:06:34,161 [INFO] PluginManage:359 - Loaded plugin memorymap (category:base,tabindex:4)
2023-10-05 18:06:34,161 [INFO] PluginManage:310 - Check plugin pinoutandconfiguration
2023-10-05 18:06:34,190 [INFO] PluginManage:359 - Loaded plugin pinoutandconfiguration (category:base,tabindex:1)
2023-10-05 18:06:34,190 [INFO] PluginManage:310 - Check plugin pinoutconfig
2023-10-05 18:06:34,344 [WARN] SupportedApi:132 - Cannot load RTOS API schema: s4s-elt-must-match.1: The content of 'definitions' must match (annotation?, (simpleType | complexType)?, (unique | key | keyref)*)). A problem was found starting at: attribute.
2023-10-05 18:06:34,624 [INFO] PluginManage:359 - Loaded plugin pinoutconfig (category:base,tabindex:0)
2023-10-05 18:06:34,625 [INFO] PluginManage:310 - Check plugin power
2023-10-05 18:06:34,666 [INFO] PluginManage:359 - Loaded plugin power (category:power,tabindex:4)
2023-10-05 18:06:34,667 [INFO] PluginManage:310 - Check plugin projectmanager
2023-10-05 18:06:34,700 [INFO] PluginManage:359 - Loaded plugin projectmanager (category:projectmanager,tabindex:3)
2023-10-05 18:06:34,700 [INFO] PluginManage:310 - Check plugin thirdparty
2023-10-05 18:06:35,200 [INFO] PluginManage:359 - Loaded plugin thirdparty (category:base,tabindex:-1)
2023-10-05 18:06:35,200 [WARN] IntegrityCheckThread:84 - waiting for thirdparty lock release [integrity check]
2023-10-05 18:06:35,201 [INFO] PluginManage:310 - Check plugin tools
2023-10-05 18:06:35,201 [INFO] IntegrityCheckThread:86 - entering critical section [integrity check]
2023-10-05 18:06:35,201 [INFO] ThirdPartyUpdaterWithRetryManager:70 - Updater plugin not ready yet. [1/15]
2023-10-05 18:06:35,269 [INFO] PluginManage:359 - Loaded plugin tools (category:base,tabindex:7)
2023-10-05 18:06:35,269 [INFO] PluginManage:310 - Check plugin tutovideos
2023-10-05 18:06:35,628 [INFO] PluginManage:359 - Loaded plugin tutovideos (category:base,tabindex:-1)
2023-10-05 18:06:35,629 [INFO] PluginManage:310 - Check plugin updater
2023-10-05 18:06:35,647 [INFO] PluginManage:359 - Loaded plugin updater (category:base,tabindex:12)
2023-10-05 18:06:35,647 [INFO] PluginManage:310 - Check plugin userauth
2023-10-05 18:06:35,657 [INFO] UserAuth:113 - Init User Auth plugin
2023-10-05 18:06:35,657 [INFO] PluginManage:359 - Loaded plugin userauth (category:base,tabindex:14)
2023-10-05 18:06:35,658 [INFO] PluginManage:283 - PluginManage : Loaded plugins [17]
2023-10-05 18:06:36,023 [INFO] PinOutPanel:1499 - setPackage(No Configuration,No Configuration)
2023-10-05 18:06:36,201 [INFO] CADModel:165 - CPN selected for project level
2023-10-05 18:06:36,201 [INFO] CADModel:114 - Register for checkConnection events
2023-10-05 18:06:36,239 [INFO] IPUIPlugin:80 - create IPUIPlugin
2023-10-05 18:06:36,239 [INFO] PluginManager:220 - loadIPPluginJar : add adc
2023-10-05 18:06:36,292 [INFO] IPUIPlugin:80 - create IPUIPlugin
2023-10-05 18:06:36,292 [INFO] PluginManager:220 - loadIPPluginJar : add aes
2023-10-05 18:06:36,352 [INFO] IPUIPlugin:80 - create IPUIPlugin
2023-10-05 18:06:36,352 [INFO] PluginManager:220 - loadIPPluginJar : add can
2023-10-05 18:06:36,395 [INFO] IPUIPlugin:80 - create IPUIPlugin
2023-10-05 18:06:36,395 [INFO] PluginManager:220 - loadIPPluginJar : add comp
2023-10-05 18:06:36,442 [INFO] IPUIPlugin:80 - create IPUIPlugin
2023-10-05 18:06:36,442 [INFO] PluginManager:220 - loadIPPluginJar : add cryp
2023-10-05 18:06:36,485 [INFO] IPUIPlugin:80 - create IPUIPlugin
2023-10-05 18:06:36,485 [INFO] PluginManager:220 - loadIPPluginJar : add dfsdm
2023-10-05 18:06:36,507 [INFO] IPUIPlugin:80 - create IPUIPlugin
2023-10-05 18:06:36,508 [INFO] PluginManager:220 - loadIPPluginJar : add dma
2023-10-05 18:06:36,573 [INFO] IPUIPlugin:80 - create IPUIPlugin
2023-10-05 18:06:36,573 [INFO] PluginManager:220 - loadIPPluginJar : add dma3
2023-10-05 18:06:36,602 [INFO] IPUIPlugin:80 - create IPUIPlugin
2023-10-05 18:06:36,603 [INFO] PluginManager:220 - loadIPPluginJar : add fatfs
2023-10-05 18:06:36,674 [INFO] IPUIPlugin:80 - create IPUIPlugin
2023-10-05 18:06:36,674 [INFO] PluginManager:220 - loadIPPluginJar : add fmc
2023-10-05 18:06:36,697 [INFO] IPUIPlugin:80 - create IPUIPlugin
2023-10-05 18:06:36,697 [INFO] PluginManager:220 - loadIPPluginJar : add freertos
2023-10-05 18:06:36,727 [INFO] IPUIPlugin:80 - create IPUIPlugin
2023-10-05 18:06:36,727 [INFO] PluginManager:220 - loadIPPluginJar : add genericplugin
2023-10-05 18:06:36,864 [INFO] IPUIPlugin:80 - create IPUIPlugin
2023-10-05 18:06:36,864 [INFO] PluginManager:220 - loadIPPluginJar : add gfxmmu
2023-10-05 18:06:37,083 [INFO] IPUIPlugin:80 - create IPUIPlugin
2023-10-05 18:06:37,083 [INFO] PluginManager:220 - loadIPPluginJar : add gic
2023-10-05 18:06:37,136 [INFO] IPUIPlugin:80 - create IPUIPlugin
2023-10-05 18:06:37,136 [INFO] PluginManager:220 - loadIPPluginJar : add gpio
2023-10-05 18:06:37,279 [INFO] IPUIPlugin:80 - create IPUIPlugin
2023-10-05 18:06:37,279 [INFO] PluginManager:220 - loadIPPluginJar : add gtzc
2023-10-05 18:06:37,360 [INFO] IPUIPlugin:80 - create IPUIPlugin
2023-10-05 18:06:37,361 [INFO] PluginManager:220 - loadIPPluginJar : add hash
2023-10-05 18:06:37,436 [INFO] IPUIPlugin:80 - create IPUIPlugin
2023-10-05 18:06:37,437 [INFO] PluginManager:220 - loadIPPluginJar : add i2c
2023-10-05 18:06:37,494 [INFO] IPUIPlugin:80 - create IPUIPlugin
2023-10-05 18:06:37,494 [INFO] PluginManager:220 - loadIPPluginJar : add i2s
2023-10-05 18:06:37,554 [INFO] IPUIPlugin:80 - create IPUIPlugin
2023-10-05 18:06:37,554 [INFO] PluginManager:220 - loadIPPluginJar : add i3c
2023-10-05 18:06:37,725 [INFO] IPUIPlugin:80 - create IPUIPlugin
2023-10-05 18:06:37,725 [INFO] PluginManager:220 - loadIPPluginJar : add ipddr
2023-10-05 18:06:37,882 [INFO] IPUIPlugin:80 - create IPUIPlugin
2023-10-05 18:06:37,882 [INFO] PluginManager:220 - loadIPPluginJar : add linkedlist
2023-10-05 18:06:37,947 [INFO] IPUIPlugin:80 - create IPUIPlugin
2023-10-05 18:06:37,947 [INFO] PluginManager:220 - loadIPPluginJar : add lorawan
2023-10-05 18:06:38,014 [INFO] IPUIPlugin:80 - create IPUIPlugin
2023-10-05 18:06:38,014 [INFO] PluginManager:220 - loadIPPluginJar : add ltdc
2023-10-05 18:06:38,035 [INFO] IPUIPlugin:80 - create IPUIPlugin
2023-10-05 18:06:38,036 [INFO] PluginManager:220 - loadIPPluginJar : add mdma
2023-10-05 18:06:38,058 [INFO] IPUIPlugin:80 - create IPUIPlugin
2023-10-05 18:06:38,058 [INFO] PluginManager:220 - loadIPPluginJar : add nvic
2023-10-05 18:06:38,118 [INFO] IPUIPlugin:80 - create IPUIPlugin
2023-10-05 18:06:38,118 [INFO] PluginManager:220 - loadIPPluginJar : add opamp
2023-10-05 18:06:38,202 [INFO] ThirdPartyUpdaterWithRetryManager:70 - Updater plugin not ready yet. [2/15]
2023-10-05 18:06:38,229 [INFO] IPUIPlugin:80 - create IPUIPlugin
2023-10-05 18:06:38,229 [INFO] PluginManager:220 - loadIPPluginJar : add openamp
2023-10-05 18:06:38,303 [INFO] IPUIPlugin:80 - create IPUIPlugin
2023-10-05 18:06:38,304 [INFO] PluginManager:220 - loadIPPluginJar : add pdm2pcm
2023-10-05 18:06:38,328 [INFO] IPUIPlugin:80 - create IPUIPlugin
2023-10-05 18:06:38,331 [INFO] PluginManager:220 - loadIPPluginJar : add plateformsettings
2023-10-05 18:06:38,370 [INFO] IPUIPlugin:80 - create IPUIPlugin
2023-10-05 18:06:38,370 [INFO] PluginManager:220 - loadIPPluginJar : add quadspi
2023-10-05 18:06:38,390 [INFO] IPUIPlugin:80 - create IPUIPlugin
2023-10-05 18:06:38,390 [INFO] PluginManager:220 - loadIPPluginJar : add resmgrutility
2023-10-05 18:06:38,464 [INFO] IPUIPlugin:80 - create IPUIPlugin
2023-10-05 18:06:38,464 [INFO] PluginManager:220 - loadIPPluginJar : add sai
2023-10-05 18:06:38,520 [INFO] IPUIPlugin:80 - create IPUIPlugin
2023-10-05 18:06:38,520 [INFO] PluginManager:220 - loadIPPluginJar : add spi
2023-10-05 18:06:38,612 [INFO] IPUIPlugin:80 - create IPUIPlugin
2023-10-05 18:06:38,613 [INFO] PluginManager:220 - loadIPPluginJar : add stm32_wpan
2023-10-05 18:06:38,649 [INFO] IPUIPlugin:80 - create IPUIPlugin
2023-10-05 18:06:38,649 [INFO] PluginManager:220 - loadIPPluginJar : add tim
2023-10-05 18:06:38,748 [INFO] IPUIPlugin:80 - create IPUIPlugin
2023-10-05 18:06:38,748 [INFO] PluginManager:220 - loadIPPluginJar : add touchsensing
2023-10-05 18:06:38,788 [INFO] IPUIPlugin:80 - create IPUIPlugin
2023-10-05 18:06:38,788 [INFO] PluginManager:220 - loadIPPluginJar : add tracer_emb
2023-10-05 18:06:38,825 [INFO] IPUIPlugin:80 - create IPUIPlugin
2023-10-05 18:06:38,825 [INFO] PluginManager:220 - loadIPPluginJar : add ts
2023-10-05 18:06:38,862 [INFO] IPUIPlugin:80 - create IPUIPlugin
2023-10-05 18:06:38,863 [INFO] PluginManager:220 - loadIPPluginJar : add tsc
2023-10-05 18:06:38,909 [INFO] IPUIPlugin:80 - create IPUIPlugin
2023-10-05 18:06:38,909 [INFO] PluginManager:220 - loadIPPluginJar : add ucpd
2023-10-05 18:06:38,985 [INFO] IPUIPlugin:80 - create IPUIPlugin
2023-10-05 18:06:38,985 [INFO] PluginManager:220 - loadIPPluginJar : add usart
2023-10-05 18:06:39,054 [INFO] IPUIPlugin:80 - create IPUIPlugin
2023-10-05 18:06:39,054 [INFO] PluginManager:220 - loadIPPluginJar : add usbx
2023-10-05 18:06:39,211 [INFO] CADModel:165 - CPN selected for project level
2023-10-05 18:06:39,211 [INFO] CADModel:114 - Register for checkConnection events
2023-10-05 18:06:39,211 [FATAL] Updater:308 - Updater called before beeing initialized
2023-10-05 18:06:39,211 [ERROR] CADModel:125 - Updater not yet initialized, retry later 
2023-10-05 18:06:39,482 [INFO] CADModel:165 - CPN selected for project level
2023-10-05 18:06:39,483 [INFO] CADModel:114 - Register for checkConnection events
2023-10-05 18:06:39,483 [FATAL] Updater:308 - Updater called before beeing initialized
2023-10-05 18:06:39,483 [ERROR] CADModel:125 - Updater not yet initialized, retry later 
2023-10-05 18:06:39,488 [FATAL] Updater:308 - Updater called before beeing initialized
2023-10-05 18:06:39,659 [FATAL] Updater:308 - Updater called before beeing initialized
2023-10-05 18:06:39,676 [INFO] DbMcusAds:53 - JSON generation date=Tue Mar 07 09:50:55 CET 2023 (1678179055114)
2023-10-05 18:06:39,677 [FATAL] Updater:308 - Updater called before beeing initialized
2023-10-05 18:06:39,797 [WARN] DetailPanel:346 - Failed to get advertising image, set to default
2023-10-05 18:06:39,981 [FATAL] Updater:308 - Updater called before beeing initialized
2023-10-05 18:06:39,984 [FATAL] Updater:308 - Updater called before beeing initialized
2023-10-05 18:06:39,984 [FATAL] Updater:308 - Updater called before beeing initialized
2023-10-05 18:06:39,984 [WARN] DetailPanel:346 - Failed to get advertising image, set to default
2023-10-05 18:06:39,985 [FATAL] Updater:308 - Updater called before beeing initialized
2023-10-05 18:06:40,083 [ERROR] Updater:1120 - MainUpdater not yet initialized. External WinMGr cannot be set.
2023-10-05 18:06:40,098 [INFO] Updater:1056 - Updater Version found : 6.9.2
2023-10-05 18:06:40,122 [INFO] ApplicationProperties:184 - Using Application install path: C:\ST\STM32CubeIDE_1.11.0\STM32CubeIDE\plugins\com.st.stm32cube.common.mx_6.9.2.202309101412
2023-10-05 18:06:40,571 [INFO] MainUpdater:2868 - connection check result : 10
2023-10-05 18:06:40,573 [INFO] MainUpdater:285 - Updater Check For Update Now.
2023-10-05 18:06:40,573 [INFO] MicroXplorer:498 - Change Database Version : DB.6.0.92
2023-10-05 18:06:40,596 [INFO] McuFinderGlobals:63 - Set McuFinder mode to 2 (CubeIDE integrated)
2023-10-05 18:06:40,597 [INFO] UserAuth:179 - activating auth plugin
2023-10-05 18:06:40,601 [INFO] UserAuth:393 - Internet connection configuration mode: 1
2023-10-05 18:06:40,638 [INFO] JxBrowserEngine:151 - Initiate JxBrowser Engine with user profile folder
2023-10-05 18:06:40,897 [INFO] CheckServerUpdateThread:120 - End of CheckServer Thread
2023-10-05 18:06:41,598 [WARN] PackLoader:240 - Cannot read IP mode file for STMicroelectronics.X-CUBE-SMBUS.2.1.0
2023-10-05 18:06:41,680 [WARN] PackLoader:240 - Cannot read IP mode file for STMicroelectronics.X-CUBE-AZRTOS-F7.1.1.0
2023-10-05 18:06:41,714 [WARN] PackLoader:240 - Cannot read IP mode file for STMicroelectronics.FP-SNS-MOTENV1.4.3.2
2023-10-05 18:06:41,742 [WARN] PackLoader:240 - Cannot read IP mode file for STMicroelectronics.X-CUBE-BLE1.6.2.3
2023-10-05 18:06:41,763 [WARN] PackLoader:240 - Cannot read IP mode file for STMicroelectronics.X-CUBE-BLE1.6.2.4
2023-10-05 18:06:41,784 [WARN] PackLoader:240 - Cannot read IP mode file for STMicroelectronics.FP-SNS-FLIGHT1.5.0.2
2023-10-05 18:06:41,821 [WARN] PackLoader:240 - Cannot read IP mode file for STMicroelectronics.X-CUBE-TOF1.3.1.0
2023-10-05 18:06:41,862 [WARN] PackLoader:240 - Cannot read IP mode file for STMicroelectronics.X-CUBE-DISPLAY.3.0.0
2023-10-05 18:06:41,892 [WARN] PackLoader:240 - Cannot read IP mode file for STMicroelectronics.X-CUBE-BLE1.7.0.0
2023-10-05 18:06:41,913 [WARN] PackLoader:240 - Cannot read IP mode file for STMicroelectronics.X-CUBE-TOUCHGFX.4.22.0
2023-10-05 18:06:41,932 [WARN] PackLoader:240 - Cannot read IP mode file for STMicroelectronics.X-CUBE-TOUCHGFX.4.22.1
2023-10-05 18:06:42,018 [WARN] PackLoader:240 - Cannot read IP mode file for STMicroelectronics.X-CUBE-MEMS1.9.3.0
2023-10-05 18:06:42,232 [WARN] PackLoader:240 - Cannot read IP mode file for STMicroelectronics.X-CUBE-AI.7.2.0
2023-10-05 18:06:42,251 [WARN] PackLoader:240 - Cannot read IP mode file for STMicroelectronics.FP-SNS-SMARTAG2.1.2.0
2023-10-05 18:06:42,285 [INFO] LogOutputStream:77 - [STDOUT_REDIRECT] 1 : Invalid condition id : UX_CORESTACK_Condition cause : null
2023-10-05 18:06:42,285 [INFO] LogOutputStream:77 - [STDOUT_REDIRECT] 1 : Invalid condition id : UX_CORESTACK_Condition cause : null
2023-10-05 18:06:42,288 [INFO] LogOutputStream:77 - [STDOUT_REDIRECT] 1 : Invalid condition id : UX_CORESTACK_Condition cause : null
2023-10-05 18:06:42,290 [INFO] LogOutputStream:77 - [STDOUT_REDIRECT] 1 : Invalid condition id : UX_CORESTACK_Condition cause : null
2023-10-05 18:06:42,291 [INFO] LogOutputStream:77 - [STDOUT_REDIRECT] 1 : Invalid condition id : UX_CORESTACK_Condition cause : null
2023-10-05 18:06:42,295 [WARN] PackLoader:240 - Cannot read IP mode file for STMicroelectronics.X-CUBE-AZRTOS-WL.2.0.0
2023-10-05 18:06:42,316 [WARN] PackLoader:240 - Cannot read IP mode file for WES.I-CUBE-Cesium.1.3.0
2023-10-05 18:06:42,334 [WARN] PackLoader:240 - Cannot read IP mode file for STMicroelectronics.X-CUBE-BLE2.3.3.0
2023-10-05 18:06:42,353 [WARN] PackLoader:240 - Cannot read IP mode file for STMicroelectronics.X-CUBE-DISPLAY.2.2.0
2023-10-05 18:06:42,386 [WARN] PackLoader:240 - Cannot read IP mode file for STMicroelectronics.X-CUBE-TOF1.3.2.0
2023-10-05 18:06:42,618 [WARN] PackLoader:240 - Cannot read IP mode file for STMicroelectronics.X-CUBE-ISPU.1.0.0
2023-10-05 18:06:42,662 [WARN] PackLoader:240 - Cannot read IP mode file for STMicroelectronics.X-CUBE-AZRTOS-H7.2.1.0
2023-10-05 18:06:42,684 [WARN] PackLoader:240 - Cannot read IP mode file for STMicroelectronics.X-CUBE-TOUCHGFX.4.21.1
2023-10-05 18:06:42,698 [WARN] PackLoader:240 - Cannot read IP mode file for STMicroelectronics.X-CUBE-TOUCHGFX.4.21.3
2023-10-05 18:06:42,769 [WARN] PackLoader:240 - Cannot read IP mode file for STMicroelectronics.X-CUBE-MEMS1.9.4.0
2023-10-05 18:06:42,970 [WARN] PackLoader:240 - Cannot read IP mode file for STMicroelectronics.X-CUBE-AI.7.3.0
2023-10-05 18:06:42,994 [WARN] PackLoader:240 - Cannot read IP mode file for STMicroelectronics.X-CUBE-ALGOBUILD.1.3.0
2023-10-05 18:06:43,041 [WARN] PackLoader:240 - Cannot read IP mode file for STMicroelectronics.X-CUBE-AZRTOS-G0.1.1.0
2023-10-05 18:06:43,065 [WARN] PackLoader:240 - Cannot read IP mode file for STMicroelectronics.X-CUBE-NFC4.3.0.0
2023-10-05 18:06:43,139 [WARN] PackLoader:240 - Cannot read IP mode file for SEGGER.I-CUBE-embOS.1.2.0
2023-10-05 18:06:43,253 [WARN] PackLoader:240 - Cannot read IP mode file for STMicroelectronics.X-CUBE-BLEMGR.1.3.0
2023-10-05 18:06:43,273 [WARN] PackLoader:240 - Cannot read IP mode file for STMicroelectronics.FP-ATR-SIGFOX1.3.2.0
2023-10-05 18:06:43,298 [WARN] PackLoader:240 - Cannot read IP mode file for emotas.I-CUBE-CANOPEN.1.1.2
2023-10-05 18:06:43,319 [WARN] PackLoader:240 - Cannot read IP mode file for STMicroelectronics.X-CUBE-TOUCHGFX.4.20.0
2023-10-05 18:06:43,426 [WARN] PackLoader:240 - Cannot read IP mode file for STMicroelectronics.X-CUBE-MEMS1.9.5.0
2023-10-05 18:06:43,773 [WARN] PackLoader:240 - Cannot read IP mode file for SEGGER.I-CUBE-embOS.1.3.1
2023-10-05 18:06:43,872 [WARN] PackLoader:240 - Cannot read IP mode file for STMicroelectronics.X-CUBE-GNSS1.6.0.0
2023-10-05 18:06:43,924 [WARN] PackLoader:240 - Cannot read IP mode file for STMicroelectronics.X-CUBE-AZRTOS-F4.1.1.0
2023-10-05 18:06:43,962 [WARN] PackLoader:240 - Cannot read IP mode file for STMicroelectronics.X-CUBE-BLEMGR.1.2.0
2023-10-05 18:06:44,037 [WARN] PackLoader:240 - Cannot read IP mode file for STMicroelectronics.X-CUBE-AZRTOS-L5.2.0.0
2023-10-05 18:06:44,134 [WARN] PackLoader:240 - Cannot read IP mode file for STMicroelectronics.X-CUBE-MEMS1.9.6.0
2023-10-05 18:06:44,507 [WARN] PackLoader:240 - Cannot read IP mode file for ITTIA_DB.I-CUBE-ITTIADB.8.8.0
2023-10-05 18:06:44,545 [WARN] PackLoader:240 - Cannot read IP mode file for STMicroelectronics.X-CUBE-BLEMGR.2.0.0
2023-10-05 18:06:44,578 [WARN] PackLoader:240 - Cannot read IP mode file for STMicroelectronics.X-CUBE-NFC4.2.0.5
2023-10-05 18:06:44,611 [WARN] PackLoader:240 - Cannot read IP mode file for STMicroelectronics.X-CUBE-NFC4.2.0.4
2023-10-05 18:06:44,688 [WARN] ConditionMgr:438 - getConditionDescription Invalid condition id : UX DEVICE CLASS RTOS Condition cause : null
2023-10-05 18:06:44,689 [WARN] ConditionMgr:438 - getConditionDescription Invalid condition id : UX DEVICE CLASS RTOS Condition cause : null
2023-10-05 18:06:44,701 [WARN] PackLoader:240 - Cannot read IP mode file for STMicroelectronics.X-CUBE-AZRTOS-H7.3.1.0
2023-10-05 18:06:44,705 [WARN] ConditionMgr:1039 - genDependencies : Invalid condition id : UX DEVICE CLASS RTOS Condition cause : null
2023-10-05 18:06:44,705 [WARN] ConditionMgr:1039 - genDependencies : Invalid condition id : UX DEVICE CLASS RTOS Condition cause : null
2023-10-05 18:06:44,707 [WARN] ConditionMgr:1039 - genDependencies : Invalid condition id : UX DEVICE CLASS RTOS Condition cause : null
2023-10-05 18:06:44,709 [WARN] ConditionMgr:1039 - genDependencies : Invalid condition id : UX DEVICE CLASS RTOS Condition cause : null
2023-10-05 18:06:44,709 [WARN] ConditionMgr:1039 - genDependencies : Invalid condition id : UX DEVICE CLASS RTOS Condition cause : null
2023-10-05 18:06:44,781 [WARN] PackLoader:240 - Cannot read IP mode file for wolfSSL.I-CUBE-wolfSSL.5.5.0
2023-10-05 18:06:44,811 [WARN] PackLoader:240 - Cannot read IP mode file for STMicroelectronics.X-CUBE-NFC7.1.0.1
2023-10-05 18:06:44,841 [WARN] PackLoader:240 - Cannot read IP mode file for STMicroelectronics.X-CUBE-NFC7.1.0.0
2023-10-05 18:06:44,876 [WARN] PackLoader:240 - Cannot read IP mode file for STMicroelectronics.X-CUBE-NFC6.3.0.0
2023-10-05 18:06:44,910 [WARN] PackLoader:240 - Cannot read IP mode file for STMicroelectronics.X-CUBE-EEPRMA1.4.1.0
2023-10-05 18:06:44,935 [WARN] PackLoader:240 - Cannot read IP mode file for STMicroelectronics.X-CUBE-AI.8.1.0
2023-10-05 18:06:45,007 [WARN] ConditionMgr:438 - getConditionDescription Invalid condition id : LAN8742 Phy interface Condition cause : null
2023-10-05 18:06:45,009 [WARN] PackLoader:240 - Cannot read IP mode file for STMicroelectronics.X-CUBE-AZRTOS-L4.2.0.0
2023-10-05 18:06:45,011 [WARN] ConditionMgr:1039 - genDependencies : Invalid condition id : LAN8742 Phy interface Condition cause : null
2023-10-05 18:06:45,012 [WARN] ConditionMgr:1039 - genDependencies : Invalid condition id : LAN8742 Phy interface Condition cause : null
2023-10-05 18:06:45,013 [WARN] ConditionMgr:1039 - genDependencies : Invalid condition id : LAN8742 Phy interface Condition cause : null
2023-10-05 18:06:45,041 [WARN] PackLoader:240 - Cannot read IP mode file for STMicroelectronics.X-CUBE-SFXS2LP1.4.0.0
2023-10-05 18:06:45,091 [WARN] PackLoader:240 - Cannot read IP mode file for STMicroelectronics.X-CUBE-AZRTOS-H7.3.0.0
2023-10-05 18:06:45,116 [INFO] WebApp:157 - Instantiating new browser for Auth
2023-10-05 18:06:45,116 [WARN] PackLoader:240 - Cannot read IP mode file for STMicroelectronics.X-CUBE-ISPU.1.1.0
2023-10-05 18:06:45,144 [WARN] PackLoader:240 - Cannot read IP mode file for RoweBots.I-CUBE-UNISONRTOS.5.5.0-4
2023-10-05 18:06:45,172 [WARN] PackLoader:240 - Cannot read IP mode file for STMicroelectronics.X-CUBE-AI.8.0.0
2023-10-05 18:06:45,223 [WARN] ConditionMgr:438 - getConditionDescription Invalid condition id : UX DEVICE CLASS RTOS Condition cause : null
2023-10-05 18:06:45,224 [WARN] ConditionMgr:438 - getConditionDescription Invalid condition id : UX DEVICE CLASS RTOS Condition cause : null
2023-10-05 18:06:45,228 [WARN] PackLoader:240 - Cannot read IP mode file for STMicroelectronics.X-CUBE-AZRTOS-WB.2.0.0
2023-10-05 18:06:45,229 [WARN] ConditionMgr:1039 - genDependencies : Invalid condition id : UX DEVICE CLASS RTOS Condition cause : null
2023-10-05 18:06:45,230 [WARN] ConditionMgr:1039 - genDependencies : Invalid condition id : UX DEVICE CLASS RTOS Condition cause : null
2023-10-05 18:06:45,231 [WARN] ConditionMgr:1039 - genDependencies : Invalid condition id : UX DEVICE CLASS RTOS Condition cause : null
2023-10-05 18:06:45,231 [WARN] ConditionMgr:1039 - genDependencies : Invalid condition id : UX DEVICE CLASS RTOS Condition cause : null
2023-10-05 18:06:45,231 [WARN] ConditionMgr:1039 - genDependencies : Invalid condition id : UX DEVICE CLASS RTOS Condition cause : null
2023-10-05 18:06:45,256 [WARN] PackLoader:240 - Cannot read IP mode file for STMicroelectronics.X-CUBE-FREERTOS.1.0.0
2023-10-05 18:06:45,284 [WARN] PackLoader:240 - Cannot read IP mode file for STMicroelectronics.X-CUBE-FREERTOS.1.0.1
2023-10-05 18:06:45,317 [WARN] PackLoader:240 - Cannot read IP mode file for STMicroelectronics.X-CUBE-BLEMGR.1.0.0
2023-10-05 18:06:45,374 [WARN] PackLoader:240 - Cannot read IP mode file for STMicroelectronics.X-CUBE-AZRTOS-L5.1.1.0
2023-10-05 18:06:45,402 [WARN] PackLoader:240 - Cannot read IP mode file for STMicroelectronics.X-CUBE-AI.8.0.1
2023-10-05 18:06:45,441 [WARN] PackLoader:240 - Cannot read IP mode file for STMicroelectronics.X-CUBE-SUBG2.5.0.0
2023-10-05 18:06:45,479 [WARN] PackLoader:240 - Cannot read IP mode file for STMicroelectronics.X-CUBE-TOF1.3.3.1
2023-10-05 18:06:45,523 [WARN] PackLoader:240 - Cannot read IP mode file for STMicroelectronics.X-CUBE-AZRTOS-G4.2.0.0
2023-10-05 18:06:45,548 [WARN] PackLoader:240 - Cannot read IP mode file for STMicroelectronics.X-CUBE-TOF1.3.3.0
2023-10-05 18:06:45,572 [WARN] PackLoader:240 - Cannot read IP mode file for STMicroelectronics.FP-ATR-ASTRA1.1.1.1
2023-10-05 18:06:45,602 [WARN] PackLoader:240 - Cannot read IP mode file for STMicroelectronics.X-CUBE-AZRTOS-G4.1.0.0
2023-10-05 18:06:45,638 [WARN] PackLoader:240 - Cannot read IP mode file for STMicroelectronics.X-CUBE-AZRTOS-L4.1.0.0
2023-10-05 18:06:45,657 [WARN] PackLoader:240 - Cannot read IP mode file for STMicroelectronics.X-CUBE-FREERTOS.1.1.0
2023-10-05 18:06:45,683 [WARN] PackLoader:240 - Cannot read IP mode file for STMicroelectronics.X-CUBE-AZRTOS-WL.1.0.0
2023-10-05 18:06:45,706 [WARN] PackLoader:240 - Cannot read IP mode file for portGmbH.I-Cube-SoM-uGOAL.1.1.0
2023-10-05 18:06:45,728 [WARN] PackLoader:240 - Cannot read IP mode file for STMicroelectronics.X-CUBE-ALS.1.0.1
2023-10-05 18:06:45,771 [WARN] PackLoader:240 - Cannot read IP mode file for STMicroelectronics.X-CUBE-AZRTOS-WB.1.1.0
2023-10-05 18:06:45,827 [WARN] PackLoader:240 - Cannot read IP mode file for STMicroelectronics.X-CUBE-AZRTOS-L5.1.0.0
2023-10-05 18:06:45,862 [WARN] PackLoader:240 - Cannot read IP mode file for STMicroelectronics.X-CUBE-EEPRMA1.3.1.1
2023-10-05 18:06:45,888 [WARN] PackLoader:240 - Cannot read IP mode file for STMicroelectronics.FP-ATR-ASTRA1.2.0.0
2023-10-05 18:06:45,891 [INFO] ThirdParty:978 - Integrity check success = true
2023-10-05 18:06:45,891 [INFO] IntegrityCheckThread:100 - exiting critical section [integrity check]
2023-10-05 18:06:45,891 [INFO] IntegrityCheckThread:103 - End integrity checks thread
2023-10-05 18:06:46,242 [INFO] WebApp:753 - Register for checkConnection events
2023-10-05 18:06:46,243 [INFO] WebApp:390 - Apply proxy settings
2023-10-05 18:06:46,243 [INFO] WebApp:475 - Chromium requires no authentication
2023-10-05 18:06:46,257 [INFO] WebApp:418 - Direct internet connection detected
2023-10-05 18:06:46,565 [INFO] WebApp:188 - Starting web application
2023-10-05 18:06:46,565 [INFO] WebApp:520 - Web application path used C:\ST\STM32CubeIDE_1.11.0\STM32CubeIDE\plugins\com.st.stm32cube.common.mx_6.9.2.202309101412\db\plugins\mcufinder\reactClient1\index.html
