2024-02-04 14:09:29,462 [ERROR] LogOutputStream:75 - [STDERR_REDIRECT] 
2024-02-04 15:38:06,417 [INFO] Activator:176 - 


2024-02-04 15:38:06,419 [INFO] Activator:177 - !SESSION log4j initialized
2024-02-04 15:38:10,883 [INFO] LogOutputStream:77 - [STDOUT_REDIRECT] 
2024-02-04 15:38:12,667 [INFO] ApplicationProperties:184 - Using Application install path: C:\ST\STM32CubeIDE_1.14.0\STM32CubeIDE\plugins\com.st.stm32cube.common.mx_6.10.0.202311202037
2024-02-04 15:38:12,682 [INFO] DbMcusXml:78 - Set database path to: C:\ST\STM32CubeIDE_1.14.0\STM32CubeIDE\plugins\com.st.stm32cube.common.mx_6.10.0.202311202037\\db\/mcu/
2024-02-04 15:38:12,682 [INFO] ApiDb:274 - Set plugin database path to: C:\ST\STM32CubeIDE_1.14.0\STM32CubeIDE\plugins\com.st.stm32cube.common.mx_6.10.0.202311202037\\db\/plugins/boardmanager/
2024-02-04 15:38:12,682 [WARN] ApiDb:259 - Overriding images path with different value:  => C:\ST\STM32CubeIDE_1.14.0\STM32CubeIDE\plugins\com.st.stm32cube.common.mx_6.10.0.202311202037\\db\/plugins/mcufinder/images/
2024-02-04 15:38:12,691 [INFO] ApiDb:250 - Set database path to: C:\Users\sykojo\.stmcufinder\plugins\mcufinder//mcu/
2024-02-04 15:38:12,692 [INFO] DbMcusAds:125 - Set database path to: C:\Users\sykojo\.stmcufinder\plugins\mcufinder//mcu/
2024-02-04 15:38:12,693 [INFO] CrossReferenceDbSqlite:203 - Set database path to: C:\Users\sykojo\.stmcufinder\plugins\mcufinder//mcu/cs/
2024-02-04 15:38:12,788 [INFO] RulesReader:64 - Compatibility file has been processed (297 Rules)
2024-02-04 15:38:12,865 [INFO] DbMcusXml:78 - Set database path to: C:\ST\STM32CubeIDE_1.14.0\STM32CubeIDE\plugins\com.st.stm32cube.common.mx_6.10.0.202311202037\\db\/mcu/
2024-02-04 15:38:12,865 [INFO] ApiDb:274 - Set plugin database path to: C:\ST\STM32CubeIDE_1.14.0\STM32CubeIDE\plugins\com.st.stm32cube.common.mx_6.10.0.202311202037\\db\/plugins/boardmanager/
2024-02-04 15:38:12,865 [INFO] ApiDb:261 - Set plugin images path to: C:\ST\STM32CubeIDE_1.14.0\STM32CubeIDE\plugins\com.st.stm32cube.common.mx_6.10.0.202311202037\\db\/plugins/mcufinder/images/
2024-02-04 15:38:12,866 [WARN] DbFile:41 - Overriding database path with different value: C:\Users\sykojo\.stmcufinder\plugins\mcufinder/ => C:\Users\sykojo\.stmcufinder\plugins\mcufinder
2024-02-04 15:38:12,866 [INFO] ApiDb:250 - Set database path to: C:\Users\sykojo\.stmcufinder\plugins\mcufinder//mcu/
2024-02-04 15:38:12,866 [WARN] DbFile:41 - Overriding database path with different value: C:\Users\sykojo\.stmcufinder\plugins\mcufinder/ => C:\Users\sykojo\.stmcufinder\plugins\mcufinder
2024-02-04 15:38:12,866 [INFO] DbMcusAds:125 - Set database path to: C:\Users\sykojo\.stmcufinder\plugins\mcufinder//mcu/
2024-02-04 15:38:12,866 [WARN] DbFile:41 - Overriding database path with different value: C:\Users\sykojo\.stmcufinder\plugins\mcufinder/ => C:\Users\sykojo\.stmcufinder\plugins\mcufinder
2024-02-04 15:38:12,866 [WARN] DbFile:41 - Overriding database path with different value: C:\Users\sykojo\.stmcufinder\plugins\mcufinder/ => C:\Users\sykojo\.stmcufinder\plugins\mcufinder
2024-02-04 15:38:12,866 [INFO] CrossReferenceDbSqlite:203 - Set database path to: C:\Users\sykojo\.stmcufinder\plugins\mcufinder//mcu/cs/
2024-02-04 15:38:12,933 [INFO] MainPanel:264 - HeapMemory: 268435456
2024-02-04 15:38:13,012 [INFO] DbMcusXml:78 - Set database path to: C:\ST\STM32CubeIDE_1.14.0\STM32CubeIDE\plugins\com.st.stm32cube.common.mx_6.10.0.202311202037\\db\/mcu/
2024-02-04 15:38:13,012 [INFO] ApiDb:274 - Set plugin database path to: C:\ST\STM32CubeIDE_1.14.0\STM32CubeIDE\plugins\com.st.stm32cube.common.mx_6.10.0.202311202037\\db\/plugins/boardmanager/
2024-02-04 15:38:13,012 [INFO] ApiDb:261 - Set plugin images path to: C:\ST\STM32CubeIDE_1.14.0\STM32CubeIDE\plugins\com.st.stm32cube.common.mx_6.10.0.202311202037\\db\/plugins/mcufinder/images/
2024-02-04 15:38:13,012 [WARN] DbFile:41 - Overriding database path with different value: C:\Users\sykojo\.stmcufinder\plugins\mcufinder/ => C:\Users\sykojo\.stmcufinder\plugins\mcufinder
2024-02-04 15:38:13,013 [INFO] ApiDb:250 - Set database path to: C:\Users\sykojo\.stmcufinder\plugins\mcufinder//mcu/
2024-02-04 15:38:13,013 [WARN] DbFile:41 - Overriding database path with different value: C:\Users\sykojo\.stmcufinder\plugins\mcufinder/ => C:\Users\sykojo\.stmcufinder\plugins\mcufinder
2024-02-04 15:38:13,013 [INFO] DbMcusAds:125 - Set database path to: C:\Users\sykojo\.stmcufinder\plugins\mcufinder//mcu/
2024-02-04 15:38:13,013 [WARN] DbFile:41 - Overriding database path with different value: C:\Users\sykojo\.stmcufinder\plugins\mcufinder/ => C:\Users\sykojo\.stmcufinder\plugins\mcufinder
2024-02-04 15:38:13,013 [WARN] DbFile:41 - Overriding database path with different value: C:\Users\sykojo\.stmcufinder\plugins\mcufinder/ => C:\Users\sykojo\.stmcufinder\plugins\mcufinder
2024-02-04 15:38:13,013 [INFO] CrossReferenceDbSqlite:203 - Set database path to: C:\Users\sykojo\.stmcufinder\plugins\mcufinder//mcu/cs/
2024-02-04 15:38:13,031 [INFO] ApplicationProperties:184 - Using Application install path: C:\ST\STM32CubeIDE_1.14.0\STM32CubeIDE\plugins\com.st.stm32cube.common.mx_6.10.0.202311202037
2024-02-04 15:38:13,032 [INFO] PluginManage:196 - Search for loadable plugins [exclusion list=, ]
2024-02-04 15:38:13,033 [INFO] PluginManage:310 - Check plugin analytics
2024-02-04 15:38:13,143 [INFO] AnalyticsPlugin:253 - Accepted Software Licenses: 
2024-02-04 15:38:13,143 [INFO] AnalyticsPlugin:255 - Accepted CMSIS Pack Licenses: 
2024-02-04 15:38:13,143 [INFO] AnalyticsPlugin:257 - Accepted Firmware Licenses: 
2024-02-04 15:38:13,145 [INFO] PluginManage:359 - Loaded plugin analytics (category:tool,tabindex:-1)
2024-02-04 15:38:13,145 [INFO] PluginManage:310 - Check plugin cadmodel
2024-02-04 15:38:13,157 [INFO] CADModel:105 - Init CAD model plugin
2024-02-04 15:38:13,158 [INFO] PluginManage:359 - Loaded plugin cadmodel (category:power,tabindex:5)
2024-02-04 15:38:13,158 [INFO] PluginManage:310 - Check plugin clock
2024-02-04 15:38:13,172 [INFO] PluginManage:359 - Loaded plugin clock (category:base,tabindex:2)
2024-02-04 15:38:13,172 [INFO] PluginManage:310 - Check plugin ddr
2024-02-04 15:38:13,174 [INFO] PluginManage:359 - Loaded plugin ddr (category:tool,tabindex:6)
2024-02-04 15:38:13,174 [INFO] PluginManage:310 - Check plugin filemanager
2024-02-04 15:38:13,274 [INFO] PluginManage:359 - Loaded plugin filemanager (category:base,tabindex:10)
2024-02-04 15:38:13,274 [INFO] PluginManage:310 - Check plugin ipmanager
2024-02-04 15:38:13,280 [INFO] PluginManage:359 - Loaded plugin ipmanager (category:base,tabindex:5)
2024-02-04 15:38:13,280 [INFO] PluginManage:310 - Check plugin lpbam
2024-02-04 15:38:13,293 [INFO] PluginManage:359 - Loaded plugin lpbam (category:base,tabindex:0)
2024-02-04 15:38:13,293 [INFO] PluginManage:310 - Check plugin memorymap
2024-02-04 15:38:13,312 [INFO] PluginManage:359 - Loaded plugin memorymap (category:base,tabindex:4)
2024-02-04 15:38:13,312 [INFO] PluginManage:310 - Check plugin pinoutandconfiguration
2024-02-04 15:38:13,325 [INFO] PluginManage:359 - Loaded plugin pinoutandconfiguration (category:base,tabindex:1)
2024-02-04 15:38:13,325 [INFO] PluginManage:310 - Check plugin pinoutconfig
2024-02-04 15:38:13,394 [WARN] SupportedApi:132 - Cannot load RTOS API schema: s4s-elt-must-match.1: The content of 'definitions' must match (annotation?, (simpleType | complexType)?, (unique | key | keyref)*)). A problem was found starting at: attribute.
2024-02-04 15:38:13,492 [INFO] PluginManage:359 - Loaded plugin pinoutconfig (category:base,tabindex:0)
2024-02-04 15:38:13,492 [INFO] PluginManage:310 - Check plugin power
2024-02-04 15:38:13,507 [INFO] PluginManage:359 - Loaded plugin power (category:power,tabindex:4)
2024-02-04 15:38:13,507 [INFO] PluginManage:310 - Check plugin projectmanager
2024-02-04 15:38:13,519 [INFO] PluginManage:359 - Loaded plugin projectmanager (category:projectmanager,tabindex:3)
2024-02-04 15:38:13,519 [INFO] PluginManage:310 - Check plugin thirdparty
2024-02-04 15:38:13,747 [INFO] PluginManage:359 - Loaded plugin thirdparty (category:base,tabindex:-1)
2024-02-04 15:38:13,747 [INFO] PluginManage:310 - Check plugin tools
2024-02-04 15:38:13,747 [WARN] IntegrityCheckThread:84 - waiting for thirdparty lock release [integrity check]
2024-02-04 15:38:13,747 [INFO] IntegrityCheckThread:86 - entering critical section [integrity check]
2024-02-04 15:38:13,747 [INFO] ThirdPartyUpdaterWithRetryManager:70 - Updater plugin not ready yet. [1/15]
2024-02-04 15:38:13,775 [INFO] PluginManage:359 - Loaded plugin tools (category:base,tabindex:7)
2024-02-04 15:38:13,776 [INFO] PluginManage:310 - Check plugin tutovideos
2024-02-04 15:38:13,922 [INFO] PluginManage:359 - Loaded plugin tutovideos (category:base,tabindex:-1)
2024-02-04 15:38:13,922 [INFO] PluginManage:310 - Check plugin updater
2024-02-04 15:38:13,930 [INFO] PluginManage:359 - Loaded plugin updater (category:base,tabindex:12)
2024-02-04 15:38:13,930 [INFO] PluginManage:310 - Check plugin userauth
2024-02-04 15:38:13,934 [INFO] UserAuth:114 - Init User Auth plugin
2024-02-04 15:38:13,934 [INFO] PluginManage:359 - Loaded plugin userauth (category:base,tabindex:14)
2024-02-04 15:38:13,935 [INFO] PluginManage:283 - PluginManage : Loaded plugins [17]
2024-02-04 15:38:14,097 [INFO] PinOutPanel:1499 - setPackage(No Configuration,No Configuration)
2024-02-04 15:38:14,156 [INFO] CADModel:165 - CPN selected for project level
2024-02-04 15:38:14,156 [INFO] CADModel:114 - Register for checkConnection events
2024-02-04 15:38:14,178 [INFO] IPUIPlugin:80 - create IPUIPlugin
2024-02-04 15:38:14,178 [INFO] PluginManager:220 - loadIPPluginJar : add adc
2024-02-04 15:38:14,206 [INFO] IPUIPlugin:80 - create IPUIPlugin
2024-02-04 15:38:14,206 [INFO] PluginManager:220 - loadIPPluginJar : add aes
2024-02-04 15:38:14,236 [INFO] IPUIPlugin:80 - create IPUIPlugin
2024-02-04 15:38:14,236 [INFO] PluginManager:220 - loadIPPluginJar : add can
2024-02-04 15:38:14,255 [INFO] IPUIPlugin:80 - create IPUIPlugin
2024-02-04 15:38:14,255 [INFO] PluginManager:220 - loadIPPluginJar : add comp
2024-02-04 15:38:14,280 [INFO] IPUIPlugin:80 - create IPUIPlugin
2024-02-04 15:38:14,280 [INFO] PluginManager:220 - loadIPPluginJar : add cryp
2024-02-04 15:38:14,303 [INFO] IPUIPlugin:80 - create IPUIPlugin
2024-02-04 15:38:14,304 [INFO] PluginManager:220 - loadIPPluginJar : add dfsdm
2024-02-04 15:38:14,315 [INFO] IPUIPlugin:80 - create IPUIPlugin
2024-02-04 15:38:14,316 [INFO] PluginManager:220 - loadIPPluginJar : add dma
2024-02-04 15:38:14,351 [INFO] IPUIPlugin:80 - create IPUIPlugin
2024-02-04 15:38:14,351 [INFO] PluginManager:220 - loadIPPluginJar : add dma3
2024-02-04 15:38:14,367 [INFO] IPUIPlugin:80 - create IPUIPlugin
2024-02-04 15:38:14,367 [INFO] PluginManager:220 - loadIPPluginJar : add fatfs
2024-02-04 15:38:14,404 [INFO] IPUIPlugin:80 - create IPUIPlugin
2024-02-04 15:38:14,404 [INFO] PluginManager:220 - loadIPPluginJar : add fmc
2024-02-04 15:38:14,416 [INFO] IPUIPlugin:80 - create IPUIPlugin
2024-02-04 15:38:14,416 [INFO] PluginManager:220 - loadIPPluginJar : add freertos
2024-02-04 15:38:14,432 [INFO] IPUIPlugin:80 - create IPUIPlugin
2024-02-04 15:38:14,432 [INFO] PluginManager:220 - loadIPPluginJar : add genericplugin
2024-02-04 15:38:14,505 [INFO] IPUIPlugin:80 - create IPUIPlugin
2024-02-04 15:38:14,505 [INFO] PluginManager:220 - loadIPPluginJar : add gfxmmu
2024-02-04 15:38:14,599 [INFO] IPUIPlugin:80 - create IPUIPlugin
2024-02-04 15:38:14,599 [INFO] PluginManager:220 - loadIPPluginJar : add gic
2024-02-04 15:38:14,610 [INFO] IPUIPlugin:80 - create IPUIPlugin
2024-02-04 15:38:14,610 [INFO] PluginManager:220 - loadIPPluginJar : add gpio
2024-02-04 15:38:14,680 [INFO] IPUIPlugin:80 - create IPUIPlugin
2024-02-04 15:38:14,680 [INFO] PluginManager:220 - loadIPPluginJar : add gtzc
2024-02-04 15:38:14,705 [INFO] IPUIPlugin:80 - create IPUIPlugin
2024-02-04 15:38:14,705 [INFO] PluginManager:220 - loadIPPluginJar : add hash
2024-02-04 15:38:14,745 [INFO] IPUIPlugin:80 - create IPUIPlugin
2024-02-04 15:38:14,745 [INFO] PluginManager:220 - loadIPPluginJar : add i2c
2024-02-04 15:38:14,774 [INFO] IPUIPlugin:80 - create IPUIPlugin
2024-02-04 15:38:14,774 [INFO] PluginManager:220 - loadIPPluginJar : add i2s
2024-02-04 15:38:14,804 [INFO] IPUIPlugin:80 - create IPUIPlugin
2024-02-04 15:38:14,804 [INFO] PluginManager:220 - loadIPPluginJar : add i3c
2024-02-04 15:38:14,886 [INFO] IPUIPlugin:80 - create IPUIPlugin
2024-02-04 15:38:14,886 [INFO] PluginManager:220 - loadIPPluginJar : add ipddr
2024-02-04 15:38:14,953 [INFO] IPUIPlugin:80 - create IPUIPlugin
2024-02-04 15:38:14,953 [INFO] PluginManager:220 - loadIPPluginJar : add linkedlist
2024-02-04 15:38:14,980 [INFO] IPUIPlugin:80 - create IPUIPlugin
2024-02-04 15:38:14,980 [INFO] PluginManager:220 - loadIPPluginJar : add lorawan
2024-02-04 15:38:15,007 [INFO] IPUIPlugin:80 - create IPUIPlugin
2024-02-04 15:38:15,007 [INFO] PluginManager:220 - loadIPPluginJar : add ltdc
2024-02-04 15:38:15,018 [INFO] IPUIPlugin:80 - create IPUIPlugin
2024-02-04 15:38:15,018 [INFO] PluginManager:220 - loadIPPluginJar : add mdma
2024-02-04 15:38:15,028 [INFO] IPUIPlugin:80 - create IPUIPlugin
2024-02-04 15:38:15,028 [INFO] PluginManager:220 - loadIPPluginJar : add nvic
2024-02-04 15:38:15,055 [INFO] IPUIPlugin:80 - create IPUIPlugin
2024-02-04 15:38:15,055 [INFO] PluginManager:220 - loadIPPluginJar : add opamp
2024-02-04 15:38:15,101 [INFO] IPUIPlugin:80 - create IPUIPlugin
2024-02-04 15:38:15,101 [INFO] PluginManager:220 - loadIPPluginJar : add openamp
2024-02-04 15:38:15,140 [INFO] IPUIPlugin:80 - create IPUIPlugin
2024-02-04 15:38:15,140 [INFO] PluginManager:220 - loadIPPluginJar : add pdm2pcm
2024-02-04 15:38:15,154 [INFO] IPUIPlugin:80 - create IPUIPlugin
2024-02-04 15:38:15,155 [INFO] PluginManager:220 - loadIPPluginJar : add plateformsettings
2024-02-04 15:38:15,174 [INFO] IPUIPlugin:80 - create IPUIPlugin
2024-02-04 15:38:15,174 [INFO] PluginManager:220 - loadIPPluginJar : add quadspi
2024-02-04 15:38:15,184 [INFO] IPUIPlugin:80 - create IPUIPlugin
2024-02-04 15:38:15,184 [INFO] PluginManager:220 - loadIPPluginJar : add resmgrutility
2024-02-04 15:38:15,222 [INFO] IPUIPlugin:80 - create IPUIPlugin
2024-02-04 15:38:15,222 [INFO] PluginManager:220 - loadIPPluginJar : add sai
2024-02-04 15:38:15,251 [INFO] IPUIPlugin:80 - create IPUIPlugin
2024-02-04 15:38:15,251 [INFO] PluginManager:220 - loadIPPluginJar : add spi
2024-02-04 15:38:15,302 [INFO] IPUIPlugin:80 - create IPUIPlugin
2024-02-04 15:38:15,302 [INFO] PluginManager:220 - loadIPPluginJar : add stm32_wpan
2024-02-04 15:38:15,321 [INFO] IPUIPlugin:80 - create IPUIPlugin
2024-02-04 15:38:15,321 [INFO] PluginManager:220 - loadIPPluginJar : add tim
2024-02-04 15:38:15,370 [INFO] IPUIPlugin:80 - create IPUIPlugin
2024-02-04 15:38:15,370 [INFO] PluginManager:220 - loadIPPluginJar : add touchsensing
2024-02-04 15:38:15,387 [INFO] IPUIPlugin:80 - create IPUIPlugin
2024-02-04 15:38:15,387 [INFO] PluginManager:220 - loadIPPluginJar : add tracer_emb
2024-02-04 15:38:15,405 [INFO] IPUIPlugin:80 - create IPUIPlugin
2024-02-04 15:38:15,405 [INFO] PluginManager:220 - loadIPPluginJar : add ts
2024-02-04 15:38:15,421 [INFO] IPUIPlugin:80 - create IPUIPlugin
2024-02-04 15:38:15,421 [INFO] PluginManager:220 - loadIPPluginJar : add tsc
2024-02-04 15:38:15,437 [INFO] IPUIPlugin:80 - create IPUIPlugin
2024-02-04 15:38:15,438 [INFO] PluginManager:220 - loadIPPluginJar : add ucpd
2024-02-04 15:38:15,473 [INFO] IPUIPlugin:80 - create IPUIPlugin
2024-02-04 15:38:15,473 [INFO] PluginManager:220 - loadIPPluginJar : add usart
2024-02-04 15:38:15,505 [INFO] IPUIPlugin:80 - create IPUIPlugin
2024-02-04 15:38:15,505 [INFO] PluginManager:220 - loadIPPluginJar : add usbx
2024-02-04 15:38:15,620 [INFO] CADModel:165 - CPN selected for project level
2024-02-04 15:38:15,620 [INFO] CADModel:114 - Register for checkConnection events
2024-02-04 15:38:15,620 [FATAL] Updater:308 - Updater called before beeing initialized
2024-02-04 15:38:15,620 [ERROR] CADModel:125 - Updater not yet initialized, retry later 
2024-02-04 15:38:15,721 [INFO] CADModel:165 - CPN selected for project level
2024-02-04 15:38:15,721 [INFO] CADModel:114 - Register for checkConnection events
2024-02-04 15:38:15,721 [FATAL] Updater:308 - Updater called before beeing initialized
2024-02-04 15:38:15,721 [ERROR] CADModel:125 - Updater not yet initialized, retry later 
2024-02-04 15:38:15,723 [FATAL] Updater:308 - Updater called before beeing initialized
2024-02-04 15:38:15,801 [FATAL] Updater:308 - Updater called before beeing initialized
2024-02-04 15:38:15,810 [INFO] DbMcusAds:53 - JSON generation date=Wed Nov 29 11:52:27 CET 2023 (1701255147349)
2024-02-04 15:38:15,810 [FATAL] Updater:308 - Updater called before beeing initialized
2024-02-04 15:38:15,874 [WARN] DetailPanel:346 - Failed to get advertising image, set to default
2024-02-04 15:38:15,959 [FATAL] Updater:308 - Updater called before beeing initialized
2024-02-04 15:38:15,961 [FATAL] Updater:308 - Updater called before beeing initialized
2024-02-04 15:38:15,961 [FATAL] Updater:308 - Updater called before beeing initialized
2024-02-04 15:38:15,961 [WARN] DetailPanel:346 - Failed to get advertising image, set to default
2024-02-04 15:38:15,962 [FATAL] Updater:308 - Updater called before beeing initialized
2024-02-04 15:38:16,033 [ERROR] Updater:1120 - MainUpdater not yet initialized. External WinMGr cannot be set.
2024-02-04 15:38:16,042 [INFO] Updater:1056 - Updater Version found : 6.10.0
2024-02-04 15:38:16,056 [INFO] ApplicationProperties:184 - Using Application install path: C:\ST\STM32CubeIDE_1.14.0\STM32CubeIDE\plugins\com.st.stm32cube.common.mx_6.10.0.202311202037
2024-02-04 15:38:16,750 [INFO] ThirdPartyUpdaterWithRetryManager:70 - Updater plugin not ready yet. [2/15]
2024-02-04 15:38:17,631 [ERROR] LogOutputStream:75 - [STDERR_REDIRECT] Feb 04, 2024 3:38:17 PM java.util.prefs.WindowsPreferences <init>
2024-02-04 15:38:17,632 [ERROR] LogOutputStream:75 - [STDERR_REDIRECT] WARNING: Could not open/create prefs root node Software\JavaSoft\Prefs at root 0xffffffff80000002. Windows RegCreateKeyEx(...) returned error code 5.
2024-02-04 15:38:17,632 [ERROR] LogOutputStream:75 - [STDERR_REDIRECT] 
2024-02-04 15:38:17,934 [INFO] MainUpdater:2873 - connection check result : 10
2024-02-04 15:38:17,934 [INFO] MainUpdater:3567 - Updater definition file requires update
2024-02-04 15:38:17,935 [INFO] MainUpdater:290 - Updater Check For Update Now.
2024-02-04 15:38:17,935 [INFO] MicroXplorer:498 - Change Database Version : DB.6.0.100
2024-02-04 15:38:17,949 [INFO] McuFinderGlobals:63 - Set McuFinder mode to 2 (CubeIDE integrated)
2024-02-04 15:38:17,959 [INFO] UserAuth:404 - Internet connection configuration mode: 1
2024-02-04 15:38:17,976 [INFO] JxBrowserEngine:152 - Initiate JxBrowser Engine with user profile folder
2024-02-04 15:38:18,074 [INFO] ServerAccessManage:473 - Download File updaters.zip
2024-02-04 15:38:18,204 [INFO] FileExtend:240 - Unzip File : updaters.zip
2024-02-04 15:38:18,204 [INFO] FileExtend:255 - Standard Zip Deflate
2024-02-04 15:38:18,546 [INFO] ServerAccessManage:473 - Download File PacksControlFlags.xml
2024-02-04 15:38:18,655 [INFO] ServerAccessManage:473 - Download File cubemx.pidx
2024-02-04 15:38:18,785 [INFO] LoadServerUpdatesThread:375 - End of LoadServerUpdate Thread
2024-02-04 15:38:19,004 [INFO] CheckServerUpdateThread:120 - End of CheckServer Thread
2024-02-04 15:38:19,924 [WARN] PackLoader:240 - Cannot read IP mode file for STMicroelectronics.X-CUBE-SMBUS.2.1.0
2024-02-04 15:38:19,939 [WARN] PackLoader:240 - Cannot read IP mode file for STMicroelectronics.X-CUBE-TOUCHGFX.4.23.0
2024-02-04 15:38:19,977 [WARN] PackLoader:240 - Cannot read IP mode file for STMicroelectronics.X-CUBE-AZRTOS-F7.1.1.0
2024-02-04 15:38:19,998 [WARN] PackLoader:240 - Cannot read IP mode file for STMicroelectronics.FP-SNS-MOTENV1.4.3.2
2024-02-04 15:38:20,016 [WARN] PackLoader:240 - Cannot read IP mode file for STMicroelectronics.FP-SNS-FLIGHT1.5.0.2
2024-02-04 15:38:20,034 [WARN] PackLoader:240 - Cannot read IP mode file for STMicroelectronics.X-CUBE-DISPLAY.3.0.0
2024-02-04 15:38:20,056 [WARN] PackLoader:240 - Cannot read IP mode file for STMicroelectronics.X-CUBE-BLE1.7.0.0
2024-02-04 15:38:20,070 [WARN] PackLoader:240 - Cannot read IP mode file for emotas.I-CUBE-CANOPEN.1.3.0
2024-02-04 15:38:20,082 [WARN] PackLoader:240 - Cannot read IP mode file for STMicroelectronics.X-CUBE-TOUCHGFX.4.22.1
2024-02-04 15:38:20,095 [WARN] PackLoader:240 - Cannot read IP mode file for STMicroelectronics.FP-SNS-SMARTAG2.1.2.0
2024-02-04 15:38:20,116 [INFO] LogOutputStream:77 - [STDOUT_REDIRECT] 1 : Invalid condition id : UX_CORESTACK_Condition cause : null
2024-02-04 15:38:20,116 [INFO] LogOutputStream:77 - [STDOUT_REDIRECT] 1 : Invalid condition id : UX_CORESTACK_Condition cause : null
2024-02-04 15:38:20,117 [INFO] LogOutputStream:77 - [STDOUT_REDIRECT] 1 : Invalid condition id : UX_CORESTACK_Condition cause : null
2024-02-04 15:38:20,118 [INFO] LogOutputStream:77 - [STDOUT_REDIRECT] 1 : Invalid condition id : UX_CORESTACK_Condition cause : null
2024-02-04 15:38:20,119 [INFO] LogOutputStream:77 - [STDOUT_REDIRECT] 1 : Invalid condition id : UX_CORESTACK_Condition cause : null
2024-02-04 15:38:20,125 [WARN] PackLoader:240 - Cannot read IP mode file for STMicroelectronics.X-CUBE-AZRTOS-WL.2.0.0
2024-02-04 15:38:20,142 [WARN] PackLoader:240 - Cannot read IP mode file for WES.I-CUBE-Cesium.1.3.0
2024-02-04 15:38:20,156 [WARN] PackLoader:240 - Cannot read IP mode file for STMicroelectronics.X-CUBE-BLE2.3.3.0
2024-02-04 15:38:20,171 [WARN] PackLoader:240 - Cannot read IP mode file for STMicroelectronics.X-CUBE-ALGOBUILD.1.3.0
2024-02-04 15:38:20,204 [WARN] PackLoader:240 - Cannot read IP mode file for STMicroelectronics.X-CUBE-AZRTOS-G0.1.1.0
2024-02-04 15:38:20,220 [WARN] PackLoader:240 - Cannot read IP mode file for STMicroelectronics.X-CUBE-NFC4.3.0.0
2024-02-04 15:38:20,240 [WARN] PackLoader:240 - Cannot read IP mode file for STMicroelectronics.X-CUBE-BLEMGR.3.0.0
2024-02-04 15:38:20,255 [WARN] PackLoader:240 - Cannot read IP mode file for STMicroelectronics.FP-ATR-SIGFOX1.3.2.0
2024-02-04 15:38:20,267 [WARN] PackLoader:240 - Cannot read IP mode file for STMicroelectronics.X-CUBE-EEPRMA1.5.1.0
2024-02-04 15:38:20,312 [WARN] PackLoader:240 - Cannot read IP mode file for SEGGER.I-CUBE-embOS.1.3.1
2024-02-04 15:38:20,365 [WARN] PackLoader:240 - Cannot read IP mode file for STMicroelectronics.X-CUBE-GNSS1.6.0.0
2024-02-04 15:38:20,393 [WARN] PackLoader:240 - Cannot read IP mode file for STMicroelectronics.X-CUBE-AZRTOS-F4.1.1.0
2024-02-04 15:38:20,409 [WARN] PackLoader:240 - Cannot read IP mode file for wolfSSL.I-CUBE-wolfSSL.5.6.4
2024-02-04 15:38:20,437 [WARN] PackLoader:240 - Cannot read IP mode file for STMicroelectronics.X-CUBE-AZRTOS-L5.2.0.0
2024-02-04 15:38:20,453 [WARN] PackLoader:240 - Cannot read IP mode file for STMicroelectronics.X-CUBE-EEPRMA1.4.2.0
2024-02-04 15:38:20,477 [WARN] PackLoader:240 - Cannot read IP mode file for ITTIA_DB.I-CUBE-ITTIADB.8.8.0
2024-02-04 15:38:20,544 [WARN] ConditionMgr:438 - getConditionDescription Invalid condition id : UX DEVICE CLASS RTOS Condition cause : null
2024-02-04 15:38:20,544 [WARN] ConditionMgr:438 - getConditionDescription Invalid condition id : UX DEVICE CLASS RTOS Condition cause : null
2024-02-04 15:38:20,547 [WARN] PackLoader:240 - Cannot read IP mode file for STMicroelectronics.X-CUBE-AZRTOS-H7.3.1.0
2024-02-04 15:38:20,548 [WARN] ConditionMgr:1039 - genDependencies : Invalid condition id : UX DEVICE CLASS RTOS Condition cause : null
2024-02-04 15:38:20,548 [WARN] ConditionMgr:1039 - genDependencies : Invalid condition id : UX DEVICE CLASS RTOS Condition cause : null
2024-02-04 15:38:20,549 [WARN] ConditionMgr:1039 - genDependencies : Invalid condition id : UX DEVICE CLASS RTOS Condition cause : null
2024-02-04 15:38:20,550 [WARN] ConditionMgr:1039 - genDependencies : Invalid condition id : UX DEVICE CLASS RTOS Condition cause : null
2024-02-04 15:38:20,550 [WARN] ConditionMgr:1039 - genDependencies : Invalid condition id : UX DEVICE CLASS RTOS Condition cause : null
2024-02-04 15:38:20,565 [WARN] PackLoader:240 - Cannot read IP mode file for STMicroelectronics.X-CUBE-NFC7.1.0.1
2024-02-04 15:38:20,581 [WARN] PackLoader:240 - Cannot read IP mode file for STMicroelectronics.X-CUBE-NFC6.3.0.0
2024-02-04 15:38:20,596 [WARN] PackLoader:240 - Cannot read IP mode file for STMicroelectronics.X-CUBE-AI.8.1.0
2024-02-04 15:38:20,631 [WARN] ConditionMgr:438 - getConditionDescription Invalid condition id : LAN8742 Phy interface Condition cause : null
2024-02-04 15:38:20,632 [WARN] PackLoader:240 - Cannot read IP mode file for STMicroelectronics.X-CUBE-AZRTOS-L4.2.0.0
2024-02-04 15:38:20,633 [WARN] ConditionMgr:1039 - genDependencies : Invalid condition id : LAN8742 Phy interface Condition cause : null
2024-02-04 15:38:20,634 [WARN] ConditionMgr:1039 - genDependencies : Invalid condition id : LAN8742 Phy interface Condition cause : null
2024-02-04 15:38:20,635 [WARN] ConditionMgr:1039 - genDependencies : Invalid condition id : LAN8742 Phy interface Condition cause : null
2024-02-04 15:38:20,677 [WARN] PackLoader:240 - Cannot read IP mode file for STMicroelectronics.X-CUBE-SFXS2LP1.4.0.0
2024-02-04 15:38:20,694 [WARN] PackLoader:240 - Cannot read IP mode file for STMicroelectronics.X-CUBE-ISPU.1.1.0
2024-02-04 15:38:20,721 [WARN] ConditionMgr:438 - getConditionDescription Invalid condition id : UX DEVICE CLASS RTOS Condition cause : null
2024-02-04 15:38:20,721 [WARN] ConditionMgr:438 - getConditionDescription Invalid condition id : UX DEVICE CLASS RTOS Condition cause : null
2024-02-04 15:38:20,724 [WARN] PackLoader:240 - Cannot read IP mode file for STMicroelectronics.X-CUBE-AZRTOS-WB.2.0.0
2024-02-04 15:38:20,724 [WARN] ConditionMgr:1039 - genDependencies : Invalid condition id : UX DEVICE CLASS RTOS Condition cause : null
2024-02-04 15:38:20,724 [WARN] ConditionMgr:1039 - genDependencies : Invalid condition id : UX DEVICE CLASS RTOS Condition cause : null
2024-02-04 15:38:20,725 [WARN] ConditionMgr:1039 - genDependencies : Invalid condition id : UX DEVICE CLASS RTOS Condition cause : null
2024-02-04 15:38:20,725 [WARN] ConditionMgr:1039 - genDependencies : Invalid condition id : UX DEVICE CLASS RTOS Condition cause : null
2024-02-04 15:38:20,725 [WARN] ConditionMgr:1039 - genDependencies : Invalid condition id : UX DEVICE CLASS RTOS Condition cause : null
2024-02-04 15:38:20,744 [WARN] PackLoader:240 - Cannot read IP mode file for STMicroelectronics.X-CUBE-SUBG2.5.0.0
2024-02-04 15:38:20,776 [WARN] PackLoader:240 - Cannot read IP mode file for STMicroelectronics.X-CUBE-AZRTOS-G4.2.0.0
2024-02-04 15:38:20,801 [WARN] PackLoader:240 - Cannot read IP mode file for Infineon.AIROC-Wi-Fi-Bluetooth-STM32.1.5.1
2024-02-04 15:38:20,802 [INFO] WebApp:161 - Instantiating new browser for Auth
2024-02-04 15:38:20,823 [WARN] PackLoader:240 - Cannot read IP mode file for STMicroelectronics.FP-SNS-MOTENVWB1.1.3.0
2024-02-04 15:38:20,842 [WARN] PackLoader:240 - Cannot read IP mode file for STMicroelectronics.FP-SNS-MOTENVWB1.1.3.1
2024-02-04 15:38:20,856 [WARN] PackLoader:240 - Cannot read IP mode file for STMicroelectronics.X-CUBE-ISPU.2.0.0
2024-02-04 15:38:20,909 [WARN] PackLoader:240 - Cannot read IP mode file for STMicroelectronics.X-CUBE-MEMS1.10.0.0
2024-02-04 15:38:21,020 [WARN] PackLoader:240 - Cannot read IP mode file for STMicroelectronics.X-CUBE-FREERTOS.1.1.0
2024-02-04 15:38:21,040 [WARN] PackLoader:240 - Cannot read IP mode file for portGmbH.I-Cube-SoM-uGOAL.1.1.0
2024-02-04 15:38:21,054 [WARN] PackLoader:240 - Cannot read IP mode file for STMicroelectronics.X-CUBE-ALS.1.0.1
2024-02-04 15:38:21,072 [WARN] PackLoader:240 - Cannot read IP mode file for STMicroelectronics.FP-ATR-ASTRA1.2.0.0
2024-02-04 15:38:21,094 [WARN] PackLoader:240 - Cannot read IP mode file for STMicroelectronics.X-CUBE-TOF1.3.4.0
2024-02-04 15:38:21,133 [WARN] PackLoader:240 - Cannot read IP mode file for STMicroelectronics.X-CUBE-AZRTOS-H7.3.2.0
2024-02-04 15:38:21,136 [INFO] ThirdParty:978 - Integrity check success = true
2024-02-04 15:38:21,136 [INFO] IntegrityCheckThread:100 - exiting critical section [integrity check]
2024-02-04 15:38:21,136 [INFO] IntegrityCheckThread:103 - End integrity checks thread
2024-02-04 15:38:21,410 [INFO] WebApp:780 - Register for checkConnection events
2024-02-04 15:38:21,410 [INFO] WebApp:414 - Apply proxy settings
2024-02-04 15:38:21,410 [INFO] WebApp:499 - Chromium requires no authentication
2024-02-04 15:38:21,418 [INFO] WebApp:442 - Direct internet connection detected
2024-02-04 15:38:21,588 [INFO] WebApp:192 - Starting web application
2024-02-04 15:38:21,588 [INFO] WebApp:544 - Web application path used C:\ST\STM32CubeIDE_1.14.0\STM32CubeIDE\plugins\com.st.stm32cube.common.mx_6.10.0.202311202037\db\plugins\mcufinder\reactClient1\index.html
2024-02-04 15:38:32,421 [ERROR] LogOutputStream:75 - [STDERR_REDIRECT] SLF4J: Failed to load class "org.slf4j.impl.StaticLoggerBinder".
2024-02-04 15:38:32,421 [ERROR] LogOutputStream:75 - [STDERR_REDIRECT] SLF4J: Defaulting to no-operation (NOP) logger implementation
2024-02-04 15:38:32,422 [ERROR] LogOutputStream:75 - [STDERR_REDIRECT] SLF4J: See http://www.slf4j.org/codes.html#StaticLoggerBinder for further details.
2024-02-04 18:00:00,173 [INFO] McuFinderGlobals:63 - Set McuFinder mode to 2 (CubeIDE integrated)
2024-02-04 18:00:00,195 [INFO] MainUpdater:2873 - connection check result : 10
2024-02-04 18:00:00,201 [INFO] MainUpdater:2873 - connection check result : 10
2024-02-04 18:00:00,365 [INFO] MicroXplorer:468 - Change Database Path : 
2024-02-04 18:00:00,365 [INFO] MicroXplorer:498 - Change Database Version : DB.6.0.100
2024-02-04 18:00:00,369 [WARN] ThirdParty:871 - waiting for thirdparty lock release [close project]
2024-02-04 18:00:00,369 [INFO] ThirdParty:873 - entering critical section [close project]
2024-02-04 18:00:00,370 [INFO] ThirdParty:883 - exiting critical section [close project]
2024-02-04 18:00:00,372 [INFO] PinOutPanel:1499 - setPackage(No Configuration,No Configuration)
2024-02-04 18:00:00,374 [INFO] UtilMem:75 - Begin LoadConfig() Used Memory: 290585216 Bytes (570425344)
2024-02-04 18:00:00,375 [INFO] MicroXplorer:468 - Change Database Path : 
2024-02-04 18:00:00,375 [INFO] MicroXplorer:498 - Change Database Version : DB.6.0.100
2024-02-04 18:00:00,375 [INFO] OpenFileManager:312 - Change cursor
2024-02-04 18:00:00,408 [INFO] Mcu:2016 - Initializing MCU STM32F103R(C-D-E)Tx STM32F103RETx STM32F103RET6
2024-02-04 18:00:01,267 [INFO] Context:659 - Trying to add GPIOservice into a context  which must be forbidden
2024-02-04 18:00:01,529 [INFO] RtosManager:555 - Registered RTOS mode: class=CMSIS, group=RTOS, mode=CMSIS_V1, owner=FREERTOS
2024-02-04 18:00:01,529 [INFO] RtosManager:555 - Registered RTOS mode: class=CMSIS, group=RTOS2, mode=CMSIS_V2, owner=FREERTOS
2024-02-04 18:00:01,529 [INFO] RtosManager:555 - Registered RTOS mode: class=RTOS, group=Core, mode=CMSIS_V1, owner=FREERTOS
2024-02-04 18:00:01,529 [INFO] RtosManager:555 - Registered RTOS mode: class=RTOS, group=Core, mode=CMSIS_V2, owner=FREERTOS
2024-02-04 18:00:01,529 [WARN] ModelIntegratedComponent:184 - Missing modes for component STMicroelectronics:FreeRTOS:0.0.1:STMicroelectronics:RTOS:FreeRTOS:Core:::10.2.0:
2024-02-04 18:00:01,540 [WARN] ModelIntegratedComponent:63 - No mode defined for component null
2024-02-04 18:00:01,540 [WARN] ModelIntegratedComponent:63 - No mode defined for component null
2024-02-04 18:00:01,540 [WARN] ModelIntegratedComponent:63 - No mode defined for component null
2024-02-04 18:00:01,540 [WARN] ModelIntegratedComponent:63 - No mode defined for component null
2024-02-04 18:00:01,540 [WARN] ModelIntegratedComponent:63 - No mode defined for component null
2024-02-04 18:00:01,540 [WARN] ModelIntegratedComponent:63 - No mode defined for component null
2024-02-04 18:00:01,540 [WARN] ModelIntegratedComponent:63 - No mode defined for component null
2024-02-04 18:00:01,540 [WARN] ModelIntegratedComponent:63 - No mode defined for component null
2024-02-04 18:00:01,540 [WARN] ModelIntegratedComponent:63 - No mode defined for component null
2024-02-04 18:00:01,540 [WARN] ModelIntegratedComponent:63 - No mode defined for component null
2024-02-04 18:00:01,540 [WARN] ModelIntegratedComponent:63 - No mode defined for component null
2024-02-04 18:00:01,541 [WARN] ModelIntegratedComponent:63 - No mode defined for component null
2024-02-04 18:00:01,541 [WARN] ModelIntegratedComponent:63 - No mode defined for component null
2024-02-04 18:00:01,541 [WARN] ModelIntegratedComponent:63 - No mode defined for component null
2024-02-04 18:00:01,541 [WARN] ModelIntegratedComponent:63 - No mode defined for component null
2024-02-04 18:00:01,541 [WARN] ModelIntegratedComponent:63 - No mode defined for component null
2024-02-04 18:00:01,541 [WARN] ModelIntegratedComponent:63 - No mode defined for component null
2024-02-04 18:00:01,541 [WARN] ModelIntegratedComponent:63 - No mode defined for component null
2024-02-04 18:00:01,541 [WARN] ModelIntegratedComponent:63 - No mode defined for component null
2024-02-04 18:00:01,541 [WARN] ModelIntegratedComponent:63 - No mode defined for component null
2024-02-04 18:00:01,541 [WARN] ModelIntegratedComponent:63 - No mode defined for component null
2024-02-04 18:00:01,541 [WARN] ModelIntegratedComponent:63 - No mode defined for component null
2024-02-04 18:00:01,541 [WARN] ModelIntegratedComponent:63 - No mode defined for component null
2024-02-04 18:00:01,541 [WARN] ModelIntegratedComponent:63 - No mode defined for component null
2024-02-04 18:00:01,541 [WARN] ModelIntegratedComponent:63 - No mode defined for component null
2024-02-04 18:00:01,541 [WARN] ModelIntegratedComponent:63 - No mode defined for component null
2024-02-04 18:00:01,541 [WARN] ModelIntegratedComponent:63 - No mode defined for component null
2024-02-04 18:00:01,541 [WARN] ModelIntegratedComponent:63 - No mode defined for component null
2024-02-04 18:00:01,541 [WARN] ModelIntegratedComponent:63 - No mode defined for component null
2024-02-04 18:00:01,541 [WARN] ModelIntegratedComponent:63 - No mode defined for component null
2024-02-04 18:00:01,541 [WARN] ModelIntegratedComponent:63 - No mode defined for component null
2024-02-04 18:00:01,541 [WARN] ModelIntegratedComponent:63 - No mode defined for component null
2024-02-04 18:00:01,541 [WARN] ModelIntegratedComponent:63 - No mode defined for component null
2024-02-04 18:00:01,600 [INFO] ThirdPartyModel:298 - Start build external matchings
2024-02-04 18:00:01,747 [INFO] ThirdPartyModel:316 - End build external matchings
2024-02-04 18:00:01,760 [INFO] ImportTextPane:194 - (OptionalMessage_ERROR) IP (DMA) : Parameter (Instance) has Id (UART4_TX) currently not set
2024-02-04 18:00:01,760 [INFO] ImportTextPane:194 - (OptionalMessage_ERROR) IP (DMA) : Parameter (Direction) has Id (UART4_TX) currently not set
2024-02-04 18:00:01,760 [INFO] ImportTextPane:194 - (OptionalMessage_ERROR) IP (DMA) : Parameter (PeriphInc) has Id (UART4_TX) currently not set
2024-02-04 18:00:01,760 [INFO] ImportTextPane:194 - (OptionalMessage_ERROR) IP (DMA) : Parameter (MemInc) has Id (UART4_TX) currently not set
2024-02-04 18:00:01,760 [INFO] ImportTextPane:194 - (OptionalMessage_ERROR) IP (DMA) : Parameter (PeriphDataAlignment) has Id (UART4_TX) currently not set
2024-02-04 18:00:01,760 [INFO] ImportTextPane:194 - (OptionalMessage_ERROR) IP (DMA) : Parameter (MemDataAlignment) has Id (UART4_TX) currently not set
2024-02-04 18:00:01,760 [INFO] ImportTextPane:194 - (OptionalMessage_ERROR) IP (DMA) : Parameter (Mode) has Id (UART4_TX) currently not set
2024-02-04 18:00:01,761 [INFO] ImportTextPane:194 - (OptionalMessage_ERROR) IP (DMA) : Parameter (Priority) has Id (UART4_TX) currently not set
2024-02-04 18:00:01,762 [INFO] ImportTextPane:194 - (OptionalMessage_ERROR) IP (RCC) : Parameter (ADCFreqValue) has invalid value (36000000)
2024-02-04 18:00:01,762 [INFO] ImportTextPane:194 - (OptionalMessage_ERROR) IP (RCC) : Invalid parameter (FamilyName)
2024-02-04 18:00:01,762 [INFO] ImportTextPane:194 - (OptionalMessage_ERROR) IP (RCC) : Parameter (MCOFreq_Value) has invalid value (72000000)
2024-02-04 18:00:01,762 [INFO] ImportTextPane:194 - (OptionalMessage_ERROR) IP (RCC) : Parameter (USBFreq_Value) has invalid value (72000000)
2024-02-04 18:00:01,954 [INFO] UtilMem:75 - End LoadConfig() Used Memory: 434748008 Bytes (570425344)
2024-02-04 18:00:02,080 [INFO] ApiDb:581 - Connected to CubeFinder SQLite database (C:\Users\sykojo\.stmcufinder\plugins\mcufinder\mcu\cube-finder-db.db)
2024-02-04 18:00:02,147 [INFO] ApiDb:668 - CubeFinder database Data Model version=2.1
2024-02-04 18:00:02,148 [INFO] ApiDb:669 - CubeFinder database Configuration version=3.0.39
2024-02-04 18:00:02,149 [INFO] ApiDb:670 - CubeFinder database generation date=2023-12-08 (1702028721)
2024-02-04 18:00:02,149 [INFO] ApiDb:671 - CubeFinder database FW Pack versions=[FP-ATR-ASTRA1_V2.0.0, FP-SNS-FLIGHT1_V5.0.1, FP-SNS-FLIGHT1_V5.0.2, FP-SNS-MOTENV1_V4.3.1, FP-SNS-MOTENV1_V4.3.2, FP-SNS-MOTENVWB1_V1.3.1, FP-SNS-SMARTAG2_V1.2.0, STM32Cube_FW_C0_V1.1.0, STM32Cube_FW_F4_V1.28.0, STM32Cube_FW_F7_V1.17.0, STM32Cube_FW_G0_V1.6.1, STM32Cube_FW_G4_V1.5.1, STM32Cube_FW_H5_V0.5.1, STM32Cube_FW_H5_V1.1.1, STM32Cube_FW_H5_V1.2.0RC2, STM32Cube_FW_H7_V1.11.0, STM32Cube_FW_L0_V1.12.2, STM32Cube_FW_L5_V1.5.0, STM32Cube_FW_U5_V1.3.0RC4, STM32Cube_FW_U5_V1.4.0, STM32Cube_FW_WBA_V1.0.0RC1, STM32Cube_FW_WBA_V1.1.0RC1, STM32Cube_FW_WBA_V1.2.0, STM32Cube_FW_WBA_V1.2.0RC2, STM32Cube_FW_WB_V1.15.0RC1, STM32Cube_FW_WB_V1.16.0, STM32Cube_FW_WB_V1.16.0RC2, STM32Cube_FW_WB_V1.18.0, STM32Cube_FW_WL_V1.3.0, X-CUBE-ALGOBUILD_V1.3.0, X-CUBE-ALS_V1.0.1, X-CUBE-AZRTOS-F4_V1.1.0, X-CUBE-AZRTOS-F7_V1.1.0, X-CUBE-AZRTOS-G0_V1.1.0, X-CUBE-AZRTOS-G4_V2.0.0, X-CUBE-AZRTOS-H7_V3.1.0, X-CUBE-AZRTOS-L4_V1.0.0, X-CUBE-AZRTOS-L4_V2.0.0, X-CUBE-AZRTOS-L5_V1.1.0, X-CUBE-AZRTOS-WB_V2.0.0, X-CUBE-AZRTOS-WL_V2.0.0, X-CUBE-BLE1_V7.0.0, X-CUBE-BLE2_V3.3.0, X-CUBE-BLEMGR_V3.0.0, X-CUBE-EEPRMA1_V4.1.0, X-CUBE-EEPRMA1_V4.2.0, X-CUBE-FREERTOS_V1.1.0, X-CUBE-GNSS1_V6.0.0, X-CUBE-MEMS1_V10.0.0, X-CUBE-MEMS1_V9.1.0, X-CUBE-MEMS1_V9.4.0, X-CUBE-MEMS1_V9.6.0, X-CUBE-NFC4_V3.0.0, X-CUBE-NFC7_V1.0.1, X-CUBE-SFXS2LP1_V4.0.0, X-CUBE-SUBG2_V5.0.0, X-CUBE-TOF1_V3.4.0]
2024-02-04 18:00:04,019 [INFO] ApiDb:240 - Found 371 in-development CPN: [B-G473E-ZEST1S, B-WB1M-WPAN1, B-WL5M-SUBG1, NUCLEO-C031C6, NUCLEO-H503RB, NUCLEO-H563ZI, NUCLEO-U545RE-Q, NUCLEO-U5A5ZJ-Q, NUCLEO-WBA52CG, NUCLEO-WBA55CG, STEVAL-MKBOXPRO, STEVAL-PROTEUS1, STEVAL-STWINBX1, STM320518-EVAL, STM32C0116-DK, STM32C011D6Y3TR, STM32C011D6Y6TR, STM32C011F4P3, STM32C011F4P6, STM32C011F4U3, STM32C011F4U6TR, STM32C011F6P3, STM32C011F6P6, STM32C011F6U3, STM32C011F6U6TR, STM32C011J4M3, STM32C011J4M6, STM32C011J6M3, STM32C011J6M6, STM32C0316-DK, STM32C031C4T3, STM32C031C4T6, STM32C031C4U3, STM32C031C4U6, STM32C031C6T3, STM32C031C6T6, STM32C031C6U3, STM32C031C6U6, STM32C031F4P3, STM32C031F4P6, STM32C031F6P3, STM32C031F6P6, STM32C031G4U3, STM32C031G4U6, STM32C031G6U3, STM32C031G6U6, STM32C031K4T3, STM32C031K4T6, STM32C031K4U3, STM32C031K4U6, STM32C031K6T3, STM32C031K6T6, STM32C031K6U3, STM32C031K6U6, STM32G071K8TXN, STM32G071K8UXN, STM32G081GBU6N, STM32G081KBT6N, STM32G081KBUXN, STM32G0B1CCT6N, STM32G0B1KCT6, STM32G0B1NEY6TR, STM32G0B1RCT6N, STM32G0C1CCT6, STM32G0C1CCT6N, STM32G0C1CCU6N, STM32G0C1CET6N, STM32G0C1CEU6N, STM32G0C1KCT6, STM32G0C1NEY6TR, STM32G0C1RCI6N, STM32G0C1RCT6N, STM32G0C1REI6N, STM32G0C1RET6N, STM32G0C1VCI6, STM32G0C1VEI6, STM32G471CCT6, STM32G471CCU6, STM32G471CET3, STM32G471CET6, STM32G471CEU3, STM32G471CEU6, STM32G471MCT6, STM32G471MET3, STM32G471MET6, STM32G471MEY6TR, STM32G471QCT6, STM32G471QET3, STM32G471RCT6, STM32G471RET3, STM32G471RET6, STM32G471VCH6, STM32G471VCI6, STM32G471VCT6, STM32G471VEH3, STM32G471VEH6, STM32G471VEI3, STM32G471VEI6, STM32G471VET3, STM32G471VET6, STM32G474CCT6, STM32H503CBT6, STM32H503CBU6, STM32H503EBY6TR, STM32H503KBU6, STM32H503RBT6, STM32H562AGI6, STM32H562AII6, STM32H562IGK6, STM32H562IGT6, STM32H562IIK6, STM32H562IIT6, STM32H562RGT6, STM32H562RGV6, STM32H562RIT6, STM32H562RIV6, STM32H562VGT6, STM32H562VIT6, STM32H562ZGT6, STM32H562ZIT6, STM32H563AGI6, STM32H563AII3Q, STM32H563AII6, STM32H563IGK6, STM32H563IGT6, STM32H563IIK3Q, STM32H563IIK6, STM32H563IIT3Q, STM32H563IIT6, STM32H563MIY3QTR, STM32H563RGT6, STM32H563RGV6, STM32H563RIT6, STM32H563RIV6, STM32H563VGT6, STM32H563VIT3Q, STM32H563VIT6, STM32H563ZGT6, STM32H563ZIT3Q, STM32H563ZIT6, STM32H573AII3Q, STM32H573AII6, STM32H573I-DK, STM32H573IIK3Q, STM32H573IIK6, STM32H573IIT3Q, STM32H573IIT6, STM32H573MIY3QTR, STM32H573RIT6, STM32H573RIV6, STM32H573VIT3Q, STM32H573VIT6, STM32H573ZIT3Q, STM32H573ZIT6, STM32L4R5QGI6STR, STM32MP131AAE3, STM32MP131AAF3, STM32MP131AAG3, STM32MP131CAE3, STM32MP131CAF3, STM32MP131CAG3, STM32MP131DAE7, STM32MP131DAF7, STM32MP131DAG7, STM32MP131FAE7, STM32MP131FAF7, STM32MP131FAG7, STM32MP133AAE3, STM32MP133AAF3, STM32MP133AAG3, STM32MP133CAE3, STM32MP133CAF3, STM32MP133CAG3, STM32MP133DAE7, STM32MP133DAF7, STM32MP133DAG7, STM32MP133FAE7, STM32MP133FAF7, STM32MP133FAG7, STM32MP135AAE3, STM32MP135AAF3, STM32MP135AAG3, STM32MP135CAE3, STM32MP135CAF3, STM32MP135CAG3, STM32MP135DAE7, STM32MP135DAF7, STM32MP135DAG7, STM32MP135F-DK, STM32MP135FAE7, STM32MP135FAF7, STM32MP135FAF7T, STM32MP135FAF7U, STM32MP135FAG7, STM32U535CBT6, STM32U535CBT6Q, STM32U535CBU6, STM32U535CBU6Q, STM32U535CCT6, STM32U535CCT6Q, STM32U535CCU6, STM32U535CCU6Q, STM32U535CET6, STM32U535CET6Q, STM32U535CEU6, STM32U535CEU6Q, STM32U535JEY6QTR, STM32U535NCY6QTR, STM32U535NEY6QTR, STM32U535RBI6, STM32U535RBI6Q, STM32U535RBT6, STM32U535RBT6Q, STM32U535RCI6, STM32U535RCI6Q, STM32U535RCT6, STM32U535RCT6Q, STM32U535REI6, STM32U535REI6Q, STM32U535RET6, STM32U535RET6Q, STM32U535VCI6, STM32U535VCI6Q, STM32U535VCT6, STM32U535VCT6Q, STM32U535VEI6, STM32U535VEI6Q, STM32U535VET6, STM32U535VET6Q, STM32U545CET6, STM32U545CET6Q, STM32U545CEU6, STM32U545CEU6Q, STM32U545JEY6QTR, STM32U545NEY6QTR, STM32U545REI6, STM32U545REI6Q, STM32U545RET6, STM32U545RET6Q, STM32U545VEI6, STM32U545VEI6Q, STM32U545VET6, STM32U545VET6Q, STM32U595AIH6, STM32U595AIH6Q, STM32U595AJH6, STM32U595AJH6Q, STM32U595QII6, STM32U595QII6Q, STM32U595QJI6, STM32U595QJI6Q, STM32U595RIT6, STM32U595RIT6Q, STM32U595RJT6, STM32U595RJT6Q, STM32U595VIT6, STM32U595VIT6Q, STM32U595VJT6, STM32U595VJT6Q, STM32U595ZIT6, STM32U595ZIT6Q, STM32U595ZIY6QTR, STM32U595ZJT6, STM32U595ZJT6Q, STM32U595ZJY6QTR, STM32U599BJY6QTR, STM32U599NIH6Q, STM32U599NJH6Q, STM32U599VIT6Q, STM32U599VJT6, STM32U599VJT6Q, STM32U599ZIT6Q, STM32U599ZIY6QTR, STM32U599ZJT6Q, STM32U599ZJY6QTR, STM32U5A5AJH6, STM32U5A5AJH6Q, STM32U5A5QJI6, STM32U5A5QJI6Q, STM32U5A5RJT6, STM32U5A5RJT6Q, STM32U5A5VJT6, STM32U5A5VJT6Q, STM32U5A5ZJT6, STM32U5A5ZJT6Q, STM32U5A5ZJY6QTR, STM32U5A9BJY6QTR, STM32U5A9J-DK, STM32U5A9NJH6Q, STM32U5A9VJT6Q, STM32U5A9ZJT6Q, STM32U5A9ZJY6QTR, STM32U5F7VIT6, STM32U5F7VIT6Q, STM32U5F7VJT6, STM32U5F7VJT6Q, STM32U5F9BJY6QTR, STM32U5F9NJH6Q, STM32U5F9VIT6Q, STM32U5F9VJT6Q, STM32U5F9ZIJ6QTR, STM32U5F9ZIT6Q, STM32U5F9ZJJ6QTR, STM32U5F9ZJT6Q, STM32U5G7VJT6, STM32U5G7VJT6Q, STM32U5G9BJY6QTR, STM32U5G9J-DK1, STM32U5G9J-DK2, STM32U5G9NJH6Q, STM32U5G9VJT6Q, STM32U5G9ZJJ6QTR, STM32U5G9ZJT6Q, STM32WB1MMCH6, STM32WBA50KEU6, STM32WBA50KEU6TR, STM32WBA50KGU6, STM32WBA50KGU6TR, STM32WBA52CEU6, STM32WBA52CEU6TR, STM32WBA52CEU7, STM32WBA52CEU7TR, STM32WBA52CGU6, STM32WBA52CGU6TR, STM32WBA52CGU6U, STM32WBA52CGU7, STM32WBA52CGU7TR, STM32WBA52KEU6, STM32WBA52KEU6TR, STM32WBA52KGU6, STM32WBA52KGU6TR, STM32WBA54CEU6, STM32WBA54CEU6TR, STM32WBA54CEU7, STM32WBA54CEU7TR, STM32WBA54CGU6, STM32WBA54CGU6TR, STM32WBA54CGU7, STM32WBA54CGU7TR, STM32WBA54KEU6, STM32WBA54KEU6TR, STM32WBA54KEU7, STM32WBA54KEU7TR, STM32WBA54KGU6, STM32WBA54KGU6TR, STM32WBA54KGU7, STM32WBA54KGU7TR, STM32WBA55CEU6, STM32WBA55CEU6TR, STM32WBA55CEU7, STM32WBA55CEU7TR, STM32WBA55CGU6, STM32WBA55CGU6TR, STM32WBA55CGU6U, STM32WBA55CGU7, STM32WBA55CGU7TR, STM32WBA55G-DK1, STM32WBA55HEF6, STM32WBA55HEF7, STM32WBA55HGF6, STM32WBA55HGF7, STM32WBA55UEI6, STM32WBA55UEI6TR, STM32WBA55UEI7, STM32WBA55UEI7TR, STM32WBA55UGI6, STM32WBA55UGI6TR, STM32WBA55UGI7, STM32WBA55UGI7TR, STM32WL5MOCH6, STM32WL5MOCH6TR]
2024-02-04 18:00:04,022 [INFO] DbMcus:218 - Found 3930 MCUs, 3930 are supported
2024-02-04 18:00:04,022 [INFO] ApiDb:423 - Load user favorites file C:\Users\sykojo/.stm32cubeide/favorites.mcus.txt: 0 item(s)
2024-02-04 18:00:04,022 [INFO] ApiDb:427 - User favorites MCUs=[]
2024-02-04 18:00:04,022 [INFO] DbMcus:224 - Set 0 / 0 favorites MCUs
2024-02-04 18:00:04,265 [INFO] MicroXplorer:468 - Change Database Path : 
2024-02-04 18:00:04,265 [INFO] MicroXplorer:498 - Change Database Version : DB.6.0.100
2024-02-04 18:00:04,265 [WARN] ThirdParty:833 - waiting for thirdparty lock release [change project]
2024-02-04 18:00:04,265 [INFO] ThirdParty:835 - entering critical section [change project]
2024-02-04 18:00:04,265 [INFO] ThirdParty:1030 - CMSIS Pack Vendor :STMicroelectronics X-CUBE-ISPU 1.1.0
2024-02-04 18:00:04,265 [INFO] ThirdParty:1030 - CMSIS Pack Vendor :STMicroelectronics USBPD 4.1
2024-02-04 18:00:04,266 [INFO] ThirdParty:1030 - CMSIS Pack Vendor :STMicroelectronics X-CUBE-GNSS1 6.0.0
2024-02-04 18:00:04,266 [INFO] ThirdParty:1030 - CMSIS Pack Vendor :STMicroelectronics USB_HOST 2.0.0
2024-02-04 18:00:04,266 [INFO] ThirdParty:1030 - CMSIS Pack Vendor :STMicroelectronics X-CUBE-AZRTOS-F4 1.1.0
2024-02-04 18:00:04,266 [INFO] ThirdParty:1030 - CMSIS Pack Vendor :STMicroelectronics LIBJPEG 8.0.0
2024-02-04 18:00:04,266 [INFO] ThirdParty:1030 - CMSIS Pack Vendor :wolfSSL I-CUBE-wolfSSL 5.6.4
2024-02-04 18:00:04,266 [INFO] ThirdParty:1030 - CMSIS Pack Vendor :STMicroelectronics X-CUBE-SMBUS 2.1.0
2024-02-04 18:00:04,266 [INFO] ThirdParty:1030 - CMSIS Pack Vendor :STMicroelectronics USB_DEVICE 3.0.0
2024-02-04 18:00:04,266 [INFO] ThirdParty:1030 - CMSIS Pack Vendor :STMicroelectronics X-CUBE-AZRTOS-WB 2.0.0
2024-02-04 18:00:04,266 [INFO] ThirdParty:1030 - CMSIS Pack Vendor :STMicroelectronics X-CUBE-TOUCHGFX 4.23.0
2024-02-04 18:00:04,266 [INFO] ThirdParty:1030 - CMSIS Pack Vendor :STMicroelectronics X-CUBE-AZRTOS-F7 1.1.0
2024-02-04 18:00:04,266 [INFO] ThirdParty:1030 - CMSIS Pack Vendor :STMicroelectronics X-CUBE-AZRTOS-L5 2.0.0
2024-02-04 18:00:04,266 [INFO] ThirdParty:1030 - CMSIS Pack Vendor :STMicroelectronics USB_DEVICE 2.0.0
2024-02-04 18:00:04,266 [INFO] ThirdParty:1030 - CMSIS Pack Vendor :STMicroelectronics X-CUBE-EEPRMA1 4.2.0
2024-02-04 18:00:04,266 [INFO] ThirdParty:1030 - CMSIS Pack Vendor :ITTIA_DB I-CUBE-ITTIADB 8.8.0
2024-02-04 18:00:04,266 [INFO] ThirdParty:1030 - CMSIS Pack Vendor :STMicroelectronics FP-SNS-MOTENV1 4.3.2
2024-02-04 18:00:04,266 [INFO] ThirdParty:1030 - CMSIS Pack Vendor :STMicroelectronics X-CUBE-ALGOBUILD 1.3.0
2024-02-04 18:00:04,266 [INFO] ThirdParty:1030 - CMSIS Pack Vendor :STMicroelectronics FreeRTOS 0.0.1
2024-02-04 18:00:04,266 [INFO] ThirdParty:1030 - CMSIS Pack Vendor :STMicroelectronics X-CUBE-AZRTOS-G0 1.1.0
2024-02-04 18:00:04,266 [INFO] ThirdParty:1030 - CMSIS Pack Vendor :STMicroelectronics X-CUBE-NFC4 3.0.0
2024-02-04 18:00:04,266 [INFO] ThirdParty:1030 - CMSIS Pack Vendor :STMicroelectronics X-CUBE-SUBG2 5.0.0
2024-02-04 18:00:04,266 [INFO] ThirdParty:1030 - CMSIS Pack Vendor :STMicroelectronics STM32_WPAN 1.0.0
2024-02-04 18:00:04,266 [INFO] ThirdParty:1030 - CMSIS Pack Vendor :STMicroelectronics lwIP 2.0.3
2024-02-04 18:00:04,266 [INFO] ThirdParty:1030 - CMSIS Pack Vendor :STMicroelectronics FP-SNS-FLIGHT1 5.0.2
2024-02-04 18:00:04,266 [INFO] ThirdParty:1030 - CMSIS Pack Vendor :STMicroelectronics USB_HOST 1.0.0
2024-02-04 18:00:04,266 [INFO] ThirdParty:1030 - CMSIS Pack Vendor :STMicroelectronics X-CUBE-AZRTOS-G4 2.0.0
2024-02-04 18:00:04,266 [INFO] ThirdParty:1030 - CMSIS Pack Vendor :STMicroelectronics PDM2PCM 3.1.0
2024-02-04 18:00:04,266 [INFO] ThirdParty:1030 - CMSIS Pack Vendor :STMicroelectronics X-CUBE-AZRTOS-H7 3.1.0
2024-02-04 18:00:04,266 [INFO] ThirdParty:1030 - CMSIS Pack Vendor :Infineon AIROC-Wi-Fi-Bluetooth-STM32 1.5.1
2024-02-04 18:00:04,267 [INFO] ThirdParty:1030 - CMSIS Pack Vendor :STMicroelectronics X-CUBE-BLEMGR 3.0.0
2024-02-04 18:00:04,267 [INFO] ThirdParty:1030 - CMSIS Pack Vendor :STMicroelectronics PDM2PCM 3.3.0
2024-02-04 18:00:04,267 [INFO] ThirdParty:1030 - CMSIS Pack Vendor :STMicroelectronics X-CUBE-DISPLAY 3.0.0
2024-02-04 18:00:04,267 [INFO] ThirdParty:1030 - CMSIS Pack Vendor :STMicroelectronics FP-SNS-MOTENVWB1 1.3.0
2024-02-04 18:00:04,267 [INFO] ThirdParty:1030 - CMSIS Pack Vendor :STMicroelectronics FP-SNS-MOTENVWB1 1.3.1
2024-02-04 18:00:04,267 [INFO] ThirdParty:1030 - CMSIS Pack Vendor :STMicroelectronics X-CUBE-BLE1 7.0.0
2024-02-04 18:00:04,267 [INFO] ThirdParty:1030 - CMSIS Pack Vendor :STMicroelectronics FP-ATR-SIGFOX1 3.2.0
2024-02-04 18:00:04,267 [INFO] ThirdParty:1030 - CMSIS Pack Vendor :STMicroelectronics X-CUBE-ISPU 2.0.0
2024-02-04 18:00:04,267 [INFO] ThirdParty:1030 - CMSIS Pack Vendor :STMicroelectronics X-CUBE-EEPRMA1 5.1.0
2024-02-04 18:00:04,267 [INFO] ThirdParty:1030 - CMSIS Pack Vendor :STMicroelectronics HAL Drivers 0.0.0
2024-02-04 18:00:04,267 [INFO] ThirdParty:1030 - CMSIS Pack Vendor :STMicroelectronics MBEDTLS 2.16.2
2024-02-04 18:00:04,267 [INFO] ThirdParty:1030 - CMSIS Pack Vendor :emotas I-CUBE-CANOPEN 1.3.0
2024-02-04 18:00:04,267 [INFO] ThirdParty:1030 - CMSIS Pack Vendor :STMicroelectronics X-CUBE-MEMS1 10.0.0
2024-02-04 18:00:04,267 [INFO] ThirdParty:1030 - CMSIS Pack Vendor :STMicroelectronics X-CUBE-FREERTOS 1.1.0
2024-02-04 18:00:04,267 [INFO] ThirdParty:1030 - CMSIS Pack Vendor :STMicroelectronics X-CUBE-NFC7 1.0.1
2024-02-04 18:00:04,267 [INFO] ThirdParty:1030 - CMSIS Pack Vendor :STMicroelectronics MBEDTLS 2.14.1
2024-02-04 18:00:04,267 [INFO] ThirdParty:1030 - CMSIS Pack Vendor :STMicroelectronics X-CUBE-TOUCHGFX 4.22.1
2024-02-04 18:00:04,267 [INFO] ThirdParty:1030 - CMSIS Pack Vendor :STMicroelectronics X-CUBE-NFC6 3.0.0
2024-02-04 18:00:04,267 [INFO] ThirdParty:1030 - CMSIS Pack Vendor :portGmbH I-Cube-SoM-uGOAL 1.1.0
2024-02-04 18:00:04,267 [INFO] ThirdParty:1030 - CMSIS Pack Vendor :STMicroelectronics X-CUBE-ALS 1.0.1
2024-02-04 18:00:04,267 [INFO] ThirdParty:1030 - CMSIS Pack Vendor :STMicroelectronics ThreadX 1.0.0
2024-02-04 18:00:04,267 [INFO] ThirdParty:1030 - CMSIS Pack Vendor :STMicroelectronics FP-SNS-SMARTAG2 1.2.0
2024-02-04 18:00:04,267 [INFO] ThirdParty:1030 - CMSIS Pack Vendor :STMicroelectronics X-CUBE-AZRTOS-WL 2.0.0
2024-02-04 18:00:04,267 [INFO] ThirdParty:1030 - CMSIS Pack Vendor :SEGGER I-CUBE-embOS 1.3.1
2024-02-04 18:00:04,267 [INFO] ThirdParty:1030 - CMSIS Pack Vendor :STMicroelectronics USB_DEVICE 1.0.0
2024-02-04 18:00:04,267 [INFO] ThirdParty:1030 - CMSIS Pack Vendor :STMicroelectronics X-CUBE-AI 8.1.0
2024-02-04 18:00:04,267 [INFO] ThirdParty:1030 - CMSIS Pack Vendor :STMicroelectronics X-CUBE-AZRTOS-L4 2.0.0
2024-02-04 18:00:04,267 [INFO] ThirdParty:1030 - CMSIS Pack Vendor :STMicroelectronics ThreadX 0.0.2
2024-02-04 18:00:04,267 [INFO] ThirdParty:1030 - CMSIS Pack Vendor :WES I-CUBE-Cesium 1.3.0
2024-02-04 18:00:04,267 [INFO] ThirdParty:1030 - CMSIS Pack Vendor :STMicroelectronics FP-ATR-ASTRA1 2.0.0
2024-02-04 18:00:04,268 [INFO] ThirdParty:1030 - CMSIS Pack Vendor :STMicroelectronics lwIP 2.1.2
2024-02-04 18:00:04,268 [INFO] ThirdParty:1030 - CMSIS Pack Vendor :STMicroelectronics X-CUBE-SFXS2LP1 4.0.0
2024-02-04 18:00:04,268 [INFO] ThirdParty:1030 - CMSIS Pack Vendor :STMicroelectronics X-CUBE-BLE2 3.3.0
2024-02-04 18:00:04,268 [INFO] ThirdParty:1030 - CMSIS Pack Vendor :STMicroelectronics X-CUBE-TOF1 3.4.0
2024-02-04 18:00:04,268 [INFO] ThirdParty:1030 - CMSIS Pack Vendor :STMicroelectronics X-CUBE-AZRTOS-H7 3.2.0
2024-02-04 18:00:04,268 [INFO] ThirdParty:1030 - CMSIS Pack Vendor :STMicroelectronics PDM2PCM 3.2.0
2024-02-04 18:00:04,268 [INFO] ThirdParty:841 - exiting critical section [change project]
2024-02-04 18:00:04,500 [INFO] PinOutPanel:1499 - setPackage(No Configuration,No Configuration)
2024-02-04 18:00:04,501 [INFO] PinOutPanel:1499 - setPackage(STM32F103RETx,LQFP64)
2024-02-04 18:00:04,844 [INFO] UtilMem:75 - Before build in PCC Used Memory: 441513304 Bytes (570425344)
2024-02-04 18:00:05,428 [INFO] UtilMem:75 - After build in PCC Used Memory: 265958368 Bytes (570425344)
2024-02-04 18:00:05,448 [INFO] IPUIPlugin:80 - create IPUIPlugin
2024-02-04 18:00:05,448 [INFO] IPUIPlugin:80 - create IPUIPlugin
2024-02-04 18:00:05,448 [INFO] IPUIPlugin:80 - create IPUIPlugin
2024-02-04 18:00:05,448 [INFO] IPUIPlugin:80 - create IPUIPlugin
2024-02-04 18:00:05,449 [INFO] IPUIPlugin:80 - create IPUIPlugin
2024-02-04 18:00:05,449 [INFO] IPUIPlugin:80 - create IPUIPlugin
2024-02-04 18:00:05,449 [INFO] IPUIPlugin:80 - create IPUIPlugin
2024-02-04 18:00:05,449 [INFO] IPUIPlugin:80 - create IPUIPlugin
2024-02-04 18:00:05,449 [INFO] IPUIPlugin:80 - create IPUIPlugin
2024-02-04 18:00:05,449 [INFO] IPUIPlugin:80 - create IPUIPlugin
2024-02-04 18:00:05,449 [INFO] IPUIPlugin:80 - create IPUIPlugin
2024-02-04 18:00:05,449 [INFO] IPUIPlugin:80 - create IPUIPlugin
2024-02-04 18:00:05,449 [INFO] IPUIPlugin:80 - create IPUIPlugin
2024-02-04 18:00:05,449 [INFO] IPUIPlugin:80 - create IPUIPlugin
2024-02-04 18:00:05,450 [INFO] IPUIPlugin:80 - create IPUIPlugin
2024-02-04 18:00:05,450 [INFO] IPUIPlugin:80 - create IPUIPlugin
2024-02-04 18:00:05,450 [INFO] IPUIPlugin:80 - create IPUIPlugin
2024-02-04 18:00:05,450 [INFO] IPUIPlugin:80 - create IPUIPlugin
2024-02-04 18:00:05,450 [INFO] IPUIPlugin:80 - create IPUIPlugin
2024-02-04 18:00:05,450 [INFO] IPUIPlugin:80 - create IPUIPlugin
2024-02-04 18:00:05,450 [INFO] IPUIPlugin:80 - create IPUIPlugin
2024-02-04 18:00:05,450 [INFO] IPUIPlugin:80 - create IPUIPlugin
2024-02-04 18:00:05,451 [INFO] IPUIPlugin:80 - create IPUIPlugin
2024-02-04 18:00:05,451 [INFO] IPUIPlugin:80 - create IPUIPlugin
2024-02-04 18:00:05,451 [INFO] IPUIPlugin:80 - create IPUIPlugin
2024-02-04 18:00:05,451 [INFO] IPUIPlugin:80 - create IPUIPlugin
2024-02-04 18:00:05,451 [INFO] IPUIPlugin:80 - create IPUIPlugin
2024-02-04 18:00:05,451 [INFO] IPUIPlugin:80 - create IPUIPlugin
2024-02-04 18:00:05,451 [INFO] IPUIPlugin:80 - create IPUIPlugin
2024-02-04 18:00:05,452 [INFO] IPUIPlugin:80 - create IPUIPlugin
2024-02-04 18:00:05,452 [INFO] IPUIPlugin:80 - create IPUIPlugin
2024-02-04 18:00:05,452 [INFO] IPUIPlugin:80 - create IPUIPlugin
2024-02-04 18:00:05,452 [INFO] IPUIPlugin:80 - create IPUIPlugin
2024-02-04 18:00:05,452 [INFO] IPUIPlugin:80 - create IPUIPlugin
2024-02-04 18:00:05,452 [INFO] IPUIPlugin:80 - create IPUIPlugin
2024-02-04 18:00:05,452 [INFO] IPUIPlugin:80 - create IPUIPlugin
2024-02-04 18:00:05,453 [INFO] IPUIPlugin:80 - create IPUIPlugin
2024-02-04 18:00:05,453 [INFO] IPUIPlugin:80 - create IPUIPlugin
2024-02-04 18:00:05,453 [INFO] IPUIPlugin:80 - create IPUIPlugin
2024-02-04 18:00:05,460 [WARN] IP:2119 - I2C_Coeff_DF not found: check if there is a RefParameter without a condition.
2024-02-04 18:00:05,460 [WARN] IP:2119 - Analog_Filter not found: check if there is a RefParameter without a condition.
2024-02-04 18:00:05,615 [INFO] CADModel:165 - CPN selected for project levelSTM32F103RET6
2024-02-04 18:00:05,615 [INFO] CADModel:114 - Register for checkConnection events
2024-02-04 18:00:05,666 [INFO] OpenFileManager:343 - Restore cursor
2024-02-04 18:00:05,783 [WARN] IP:2119 - I2C_Coeff_DF not found: check if there is a RefParameter without a condition.
2024-02-04 18:00:05,783 [WARN] IP:2119 - Analog_Filter not found: check if there is a RefParameter without a condition.
2024-02-04 18:00:05,783 [WARN] IP:2119 - I2C_Coeff_DF not found: check if there is a RefParameter without a condition.
2024-02-04 18:00:05,783 [WARN] IP:2119 - Analog_Filter not found: check if there is a RefParameter without a condition.
