2024-01-07 22:17:51,646 [INFO] Activator:176 - 


2024-01-07 22:17:51,651 [INFO] Activator:177 - !SESSION log4j initialized
2024-01-07 22:17:56,629 [INFO] LogOutputStream:77 - [STDOUT_REDIRECT] 
2024-01-07 22:17:59,246 [ERROR] ConfigurationRetriever:142 - IOException on connection: Read timed out
2024-01-07 22:17:59,380 [INFO] ApplicationProperties:184 - Using Application install path: C:\ST\STM32CubeIDE_1.14.0\STM32CubeIDE\plugins\com.st.stm32cube.common.mx_6.10.0.202311202037
2024-01-07 22:17:59,395 [INFO] DbMcusXml:78 - Set database path to: C:\ST\STM32CubeIDE_1.14.0\STM32CubeIDE\plugins\com.st.stm32cube.common.mx_6.10.0.202311202037\\db\/mcu/
2024-01-07 22:17:59,396 [INFO] ApiDb:274 - Set plugin database path to: C:\ST\STM32CubeIDE_1.14.0\STM32CubeIDE\plugins\com.st.stm32cube.common.mx_6.10.0.202311202037\\db\/plugins/boardmanager/
2024-01-07 22:17:59,396 [WARN] ApiDb:259 - Overriding images path with different value:  => C:\ST\STM32CubeIDE_1.14.0\STM32CubeIDE\plugins\com.st.stm32cube.common.mx_6.10.0.202311202037\\db\/plugins/mcufinder/images/
2024-01-07 22:17:59,405 [INFO] ApiDb:250 - Set database path to: C:\Users\sykojo\.stmcufinder\plugins\mcufinder//mcu/
2024-01-07 22:17:59,406 [INFO] DbMcusAds:125 - Set database path to: C:\Users\sykojo\.stmcufinder\plugins\mcufinder//mcu/
2024-01-07 22:17:59,408 [INFO] CrossReferenceDbSqlite:203 - Set database path to: C:\Users\sykojo\.stmcufinder\plugins\mcufinder//mcu/cs/
2024-01-07 22:17:59,511 [INFO] RulesReader:64 - Compatibility file has been processed (297 Rules)
2024-01-07 22:17:59,582 [INFO] DbMcusXml:78 - Set database path to: C:\ST\STM32CubeIDE_1.14.0\STM32CubeIDE\plugins\com.st.stm32cube.common.mx_6.10.0.202311202037\\db\/mcu/
2024-01-07 22:17:59,582 [INFO] ApiDb:274 - Set plugin database path to: C:\ST\STM32CubeIDE_1.14.0\STM32CubeIDE\plugins\com.st.stm32cube.common.mx_6.10.0.202311202037\\db\/plugins/boardmanager/
2024-01-07 22:17:59,582 [INFO] ApiDb:261 - Set plugin images path to: C:\ST\STM32CubeIDE_1.14.0\STM32CubeIDE\plugins\com.st.stm32cube.common.mx_6.10.0.202311202037\\db\/plugins/mcufinder/images/
2024-01-07 22:17:59,583 [WARN] DbFile:41 - Overriding database path with different value: C:\Users\sykojo\.stmcufinder\plugins\mcufinder/ => C:\Users\sykojo\.stmcufinder\plugins\mcufinder
2024-01-07 22:17:59,583 [INFO] ApiDb:250 - Set database path to: C:\Users\sykojo\.stmcufinder\plugins\mcufinder//mcu/
2024-01-07 22:17:59,583 [WARN] DbFile:41 - Overriding database path with different value: C:\Users\sykojo\.stmcufinder\plugins\mcufinder/ => C:\Users\sykojo\.stmcufinder\plugins\mcufinder
2024-01-07 22:17:59,583 [INFO] DbMcusAds:125 - Set database path to: C:\Users\sykojo\.stmcufinder\plugins\mcufinder//mcu/
2024-01-07 22:17:59,583 [WARN] DbFile:41 - Overriding database path with different value: C:\Users\sykojo\.stmcufinder\plugins\mcufinder/ => C:\Users\sykojo\.stmcufinder\plugins\mcufinder
2024-01-07 22:17:59,583 [WARN] DbFile:41 - Overriding database path with different value: C:\Users\sykojo\.stmcufinder\plugins\mcufinder/ => C:\Users\sykojo\.stmcufinder\plugins\mcufinder
2024-01-07 22:17:59,583 [INFO] CrossReferenceDbSqlite:203 - Set database path to: C:\Users\sykojo\.stmcufinder\plugins\mcufinder//mcu/cs/
2024-01-07 22:17:59,645 [INFO] MainPanel:264 - HeapMemory: 268435456
2024-01-07 22:17:59,717 [INFO] DbMcusXml:78 - Set database path to: C:\ST\STM32CubeIDE_1.14.0\STM32CubeIDE\plugins\com.st.stm32cube.common.mx_6.10.0.202311202037\\db\/mcu/
2024-01-07 22:17:59,717 [INFO] ApiDb:274 - Set plugin database path to: C:\ST\STM32CubeIDE_1.14.0\STM32CubeIDE\plugins\com.st.stm32cube.common.mx_6.10.0.202311202037\\db\/plugins/boardmanager/
2024-01-07 22:17:59,717 [INFO] ApiDb:261 - Set plugin images path to: C:\ST\STM32CubeIDE_1.14.0\STM32CubeIDE\plugins\com.st.stm32cube.common.mx_6.10.0.202311202037\\db\/plugins/mcufinder/images/
2024-01-07 22:17:59,718 [WARN] DbFile:41 - Overriding database path with different value: C:\Users\sykojo\.stmcufinder\plugins\mcufinder/ => C:\Users\sykojo\.stmcufinder\plugins\mcufinder
2024-01-07 22:17:59,718 [INFO] ApiDb:250 - Set database path to: C:\Users\sykojo\.stmcufinder\plugins\mcufinder//mcu/
2024-01-07 22:17:59,718 [WARN] DbFile:41 - Overriding database path with different value: C:\Users\sykojo\.stmcufinder\plugins\mcufinder/ => C:\Users\sykojo\.stmcufinder\plugins\mcufinder
2024-01-07 22:17:59,718 [INFO] DbMcusAds:125 - Set database path to: C:\Users\sykojo\.stmcufinder\plugins\mcufinder//mcu/
2024-01-07 22:17:59,718 [WARN] DbFile:41 - Overriding database path with different value: C:\Users\sykojo\.stmcufinder\plugins\mcufinder/ => C:\Users\sykojo\.stmcufinder\plugins\mcufinder
2024-01-07 22:17:59,718 [WARN] DbFile:41 - Overriding database path with different value: C:\Users\sykojo\.stmcufinder\plugins\mcufinder/ => C:\Users\sykojo\.stmcufinder\plugins\mcufinder
2024-01-07 22:17:59,718 [INFO] CrossReferenceDbSqlite:203 - Set database path to: C:\Users\sykojo\.stmcufinder\plugins\mcufinder//mcu/cs/
2024-01-07 22:17:59,734 [INFO] ApplicationProperties:184 - Using Application install path: C:\ST\STM32CubeIDE_1.14.0\STM32CubeIDE\plugins\com.st.stm32cube.common.mx_6.10.0.202311202037
2024-01-07 22:17:59,735 [INFO] PluginManage:196 - Search for loadable plugins [exclusion list=, ]
2024-01-07 22:17:59,736 [INFO] PluginManage:310 - Check plugin analytics
2024-01-07 22:17:59,853 [INFO] AnalyticsPlugin:253 - Accepted Software Licenses: 
2024-01-07 22:17:59,853 [INFO] AnalyticsPlugin:255 - Accepted CMSIS Pack Licenses: 
2024-01-07 22:17:59,853 [INFO] AnalyticsPlugin:257 - Accepted Firmware Licenses: 
2024-01-07 22:17:59,855 [INFO] PluginManage:359 - Loaded plugin analytics (category:tool,tabindex:-1)
2024-01-07 22:17:59,855 [INFO] PluginManage:310 - Check plugin cadmodel
2024-01-07 22:17:59,867 [INFO] CADModel:105 - Init CAD model plugin
2024-01-07 22:17:59,867 [INFO] PluginManage:359 - Loaded plugin cadmodel (category:power,tabindex:5)
2024-01-07 22:17:59,867 [INFO] PluginManage:310 - Check plugin clock
2024-01-07 22:17:59,884 [INFO] PluginManage:359 - Loaded plugin clock (category:base,tabindex:2)
2024-01-07 22:17:59,884 [INFO] PluginManage:310 - Check plugin ddr
2024-01-07 22:17:59,886 [INFO] PluginManage:359 - Loaded plugin ddr (category:tool,tabindex:6)
2024-01-07 22:17:59,886 [INFO] PluginManage:310 - Check plugin filemanager
2024-01-07 22:17:59,988 [INFO] PluginManage:359 - Loaded plugin filemanager (category:base,tabindex:10)
2024-01-07 22:17:59,988 [INFO] PluginManage:310 - Check plugin ipmanager
2024-01-07 22:17:59,994 [INFO] PluginManage:359 - Loaded plugin ipmanager (category:base,tabindex:5)
2024-01-07 22:17:59,994 [INFO] PluginManage:310 - Check plugin lpbam
2024-01-07 22:18:00,009 [INFO] PluginManage:359 - Loaded plugin lpbam (category:base,tabindex:0)
2024-01-07 22:18:00,009 [INFO] PluginManage:310 - Check plugin memorymap
2024-01-07 22:18:00,030 [INFO] PluginManage:359 - Loaded plugin memorymap (category:base,tabindex:4)
2024-01-07 22:18:00,030 [INFO] PluginManage:310 - Check plugin pinoutandconfiguration
2024-01-07 22:18:00,046 [INFO] PluginManage:359 - Loaded plugin pinoutandconfiguration (category:base,tabindex:1)
2024-01-07 22:18:00,046 [INFO] PluginManage:310 - Check plugin pinoutconfig
2024-01-07 22:18:00,123 [WARN] SupportedApi:132 - Cannot load RTOS API schema: s4s-elt-must-match.1: The content of 'definitions' must match (annotation?, (simpleType | complexType)?, (unique | key | keyref)*)). A problem was found starting at: attribute.
2024-01-07 22:18:00,223 [INFO] PluginManage:359 - Loaded plugin pinoutconfig (category:base,tabindex:0)
2024-01-07 22:18:00,224 [INFO] PluginManage:310 - Check plugin power
2024-01-07 22:18:00,240 [INFO] PluginManage:359 - Loaded plugin power (category:power,tabindex:4)
2024-01-07 22:18:00,240 [INFO] PluginManage:310 - Check plugin projectmanager
2024-01-07 22:18:00,253 [INFO] PluginManage:359 - Loaded plugin projectmanager (category:projectmanager,tabindex:3)
2024-01-07 22:18:00,253 [INFO] PluginManage:310 - Check plugin thirdparty
2024-01-07 22:18:00,482 [INFO] PluginManage:359 - Loaded plugin thirdparty (category:base,tabindex:-1)
2024-01-07 22:18:00,482 [WARN] IntegrityCheckThread:84 - waiting for thirdparty lock release [integrity check]
2024-01-07 22:18:00,483 [INFO] PluginManage:310 - Check plugin tools
2024-01-07 22:18:00,483 [INFO] IntegrityCheckThread:86 - entering critical section [integrity check]
2024-01-07 22:18:00,483 [INFO] ThirdPartyUpdaterWithRetryManager:70 - Updater plugin not ready yet. [1/15]
2024-01-07 22:18:00,512 [INFO] PluginManage:359 - Loaded plugin tools (category:base,tabindex:7)
2024-01-07 22:18:00,512 [INFO] PluginManage:310 - Check plugin tutovideos
2024-01-07 22:18:00,662 [INFO] PluginManage:359 - Loaded plugin tutovideos (category:base,tabindex:-1)
2024-01-07 22:18:00,663 [INFO] PluginManage:310 - Check plugin updater
2024-01-07 22:18:00,671 [INFO] PluginManage:359 - Loaded plugin updater (category:base,tabindex:12)
2024-01-07 22:18:00,671 [INFO] PluginManage:310 - Check plugin userauth
2024-01-07 22:18:00,676 [INFO] UserAuth:114 - Init User Auth plugin
2024-01-07 22:18:00,676 [INFO] PluginManage:359 - Loaded plugin userauth (category:base,tabindex:14)
2024-01-07 22:18:00,676 [INFO] PluginManage:283 - PluginManage : Loaded plugins [17]
2024-01-07 22:18:00,856 [INFO] PinOutPanel:1499 - setPackage(No Configuration,No Configuration)
2024-01-07 22:18:00,918 [INFO] CADModel:165 - CPN selected for project level
2024-01-07 22:18:00,918 [INFO] CADModel:114 - Register for checkConnection events
2024-01-07 22:18:00,940 [INFO] IPUIPlugin:80 - create IPUIPlugin
2024-01-07 22:18:00,940 [INFO] PluginManager:220 - loadIPPluginJar : add adc
2024-01-07 22:18:00,966 [INFO] IPUIPlugin:80 - create IPUIPlugin
2024-01-07 22:18:00,966 [INFO] PluginManager:220 - loadIPPluginJar : add aes
2024-01-07 22:18:00,996 [INFO] IPUIPlugin:80 - create IPUIPlugin
2024-01-07 22:18:00,996 [INFO] PluginManager:220 - loadIPPluginJar : add can
2024-01-07 22:18:01,013 [INFO] IPUIPlugin:80 - create IPUIPlugin
2024-01-07 22:18:01,013 [INFO] PluginManager:220 - loadIPPluginJar : add comp
2024-01-07 22:18:01,039 [INFO] IPUIPlugin:80 - create IPUIPlugin
2024-01-07 22:18:01,039 [INFO] PluginManager:220 - loadIPPluginJar : add cryp
2024-01-07 22:18:01,062 [INFO] IPUIPlugin:80 - create IPUIPlugin
2024-01-07 22:18:01,062 [INFO] PluginManager:220 - loadIPPluginJar : add dfsdm
2024-01-07 22:18:01,074 [INFO] IPUIPlugin:80 - create IPUIPlugin
2024-01-07 22:18:01,075 [INFO] PluginManager:220 - loadIPPluginJar : add dma
2024-01-07 22:18:01,106 [INFO] IPUIPlugin:80 - create IPUIPlugin
2024-01-07 22:18:01,106 [INFO] PluginManager:220 - loadIPPluginJar : add dma3
2024-01-07 22:18:01,122 [INFO] IPUIPlugin:80 - create IPUIPlugin
2024-01-07 22:18:01,122 [INFO] PluginManager:220 - loadIPPluginJar : add fatfs
2024-01-07 22:18:01,157 [INFO] IPUIPlugin:80 - create IPUIPlugin
2024-01-07 22:18:01,158 [INFO] PluginManager:220 - loadIPPluginJar : add fmc
2024-01-07 22:18:01,170 [INFO] IPUIPlugin:80 - create IPUIPlugin
2024-01-07 22:18:01,170 [INFO] PluginManager:220 - loadIPPluginJar : add freertos
2024-01-07 22:18:01,185 [INFO] IPUIPlugin:80 - create IPUIPlugin
2024-01-07 22:18:01,185 [INFO] PluginManager:220 - loadIPPluginJar : add genericplugin
2024-01-07 22:18:01,247 [INFO] IPUIPlugin:80 - create IPUIPlugin
2024-01-07 22:18:01,247 [INFO] PluginManager:220 - loadIPPluginJar : add gfxmmu
2024-01-07 22:18:01,336 [INFO] IPUIPlugin:80 - create IPUIPlugin
2024-01-07 22:18:01,336 [INFO] PluginManager:220 - loadIPPluginJar : add gic
2024-01-07 22:18:01,346 [INFO] IPUIPlugin:80 - create IPUIPlugin
2024-01-07 22:18:01,347 [INFO] PluginManager:220 - loadIPPluginJar : add gpio
2024-01-07 22:18:01,413 [INFO] IPUIPlugin:80 - create IPUIPlugin
2024-01-07 22:18:01,413 [INFO] PluginManager:220 - loadIPPluginJar : add gtzc
2024-01-07 22:18:01,438 [INFO] IPUIPlugin:80 - create IPUIPlugin
2024-01-07 22:18:01,438 [INFO] PluginManager:220 - loadIPPluginJar : add hash
2024-01-07 22:18:01,475 [INFO] IPUIPlugin:80 - create IPUIPlugin
2024-01-07 22:18:01,476 [INFO] PluginManager:220 - loadIPPluginJar : add i2c
2024-01-07 22:18:01,502 [INFO] IPUIPlugin:80 - create IPUIPlugin
2024-01-07 22:18:01,502 [INFO] PluginManager:220 - loadIPPluginJar : add i2s
2024-01-07 22:18:01,532 [INFO] IPUIPlugin:80 - create IPUIPlugin
2024-01-07 22:18:01,532 [INFO] PluginManager:220 - loadIPPluginJar : add i3c
2024-01-07 22:18:01,621 [INFO] IPUIPlugin:80 - create IPUIPlugin
2024-01-07 22:18:01,621 [INFO] PluginManager:220 - loadIPPluginJar : add ipddr
2024-01-07 22:18:01,713 [INFO] IPUIPlugin:80 - create IPUIPlugin
2024-01-07 22:18:01,713 [INFO] PluginManager:220 - loadIPPluginJar : add linkedlist
2024-01-07 22:18:01,740 [INFO] IPUIPlugin:80 - create IPUIPlugin
2024-01-07 22:18:01,740 [INFO] PluginManager:220 - loadIPPluginJar : add lorawan
2024-01-07 22:18:01,766 [INFO] IPUIPlugin:80 - create IPUIPlugin
2024-01-07 22:18:01,766 [INFO] PluginManager:220 - loadIPPluginJar : add ltdc
2024-01-07 22:18:01,778 [INFO] IPUIPlugin:80 - create IPUIPlugin
2024-01-07 22:18:01,778 [INFO] PluginManager:220 - loadIPPluginJar : add mdma
2024-01-07 22:18:01,787 [INFO] IPUIPlugin:80 - create IPUIPlugin
2024-01-07 22:18:01,787 [INFO] PluginManager:220 - loadIPPluginJar : add nvic
2024-01-07 22:18:01,814 [INFO] IPUIPlugin:80 - create IPUIPlugin
2024-01-07 22:18:01,814 [INFO] PluginManager:220 - loadIPPluginJar : add opamp
2024-01-07 22:18:01,856 [INFO] IPUIPlugin:80 - create IPUIPlugin
2024-01-07 22:18:01,856 [INFO] PluginManager:220 - loadIPPluginJar : add openamp
2024-01-07 22:18:01,887 [INFO] IPUIPlugin:80 - create IPUIPlugin
2024-01-07 22:18:01,887 [INFO] PluginManager:220 - loadIPPluginJar : add pdm2pcm
2024-01-07 22:18:01,899 [INFO] IPUIPlugin:80 - create IPUIPlugin
2024-01-07 22:18:01,901 [INFO] PluginManager:220 - loadIPPluginJar : add plateformsettings
2024-01-07 22:18:01,918 [INFO] IPUIPlugin:80 - create IPUIPlugin
2024-01-07 22:18:01,918 [INFO] PluginManager:220 - loadIPPluginJar : add quadspi
2024-01-07 22:18:01,928 [INFO] IPUIPlugin:80 - create IPUIPlugin
2024-01-07 22:18:01,928 [INFO] PluginManager:220 - loadIPPluginJar : add resmgrutility
2024-01-07 22:18:01,964 [INFO] IPUIPlugin:80 - create IPUIPlugin
2024-01-07 22:18:01,964 [INFO] PluginManager:220 - loadIPPluginJar : add sai
2024-01-07 22:18:01,991 [INFO] IPUIPlugin:80 - create IPUIPlugin
2024-01-07 22:18:01,991 [INFO] PluginManager:220 - loadIPPluginJar : add spi
2024-01-07 22:18:02,043 [INFO] IPUIPlugin:80 - create IPUIPlugin
2024-01-07 22:18:02,043 [INFO] PluginManager:220 - loadIPPluginJar : add stm32_wpan
2024-01-07 22:18:02,059 [INFO] IPUIPlugin:80 - create IPUIPlugin
2024-01-07 22:18:02,059 [INFO] PluginManager:220 - loadIPPluginJar : add tim
2024-01-07 22:18:02,099 [INFO] IPUIPlugin:80 - create IPUIPlugin
2024-01-07 22:18:02,099 [INFO] PluginManager:220 - loadIPPluginJar : add touchsensing
2024-01-07 22:18:02,116 [INFO] IPUIPlugin:80 - create IPUIPlugin
2024-01-07 22:18:02,116 [INFO] PluginManager:220 - loadIPPluginJar : add tracer_emb
2024-01-07 22:18:02,133 [INFO] IPUIPlugin:80 - create IPUIPlugin
2024-01-07 22:18:02,133 [INFO] PluginManager:220 - loadIPPluginJar : add ts
2024-01-07 22:18:02,148 [INFO] IPUIPlugin:80 - create IPUIPlugin
2024-01-07 22:18:02,149 [INFO] PluginManager:220 - loadIPPluginJar : add tsc
2024-01-07 22:18:02,165 [INFO] IPUIPlugin:80 - create IPUIPlugin
2024-01-07 22:18:02,165 [INFO] PluginManager:220 - loadIPPluginJar : add ucpd
2024-01-07 22:18:02,198 [INFO] IPUIPlugin:80 - create IPUIPlugin
2024-01-07 22:18:02,198 [INFO] PluginManager:220 - loadIPPluginJar : add usart
2024-01-07 22:18:02,229 [INFO] IPUIPlugin:80 - create IPUIPlugin
2024-01-07 22:18:02,229 [INFO] PluginManager:220 - loadIPPluginJar : add usbx
2024-01-07 22:18:02,344 [INFO] CADModel:165 - CPN selected for project level
2024-01-07 22:18:02,344 [INFO] CADModel:114 - Register for checkConnection events
2024-01-07 22:18:02,345 [FATAL] Updater:308 - Updater called before beeing initialized
2024-01-07 22:18:02,345 [ERROR] CADModel:125 - Updater not yet initialized, retry later 
2024-01-07 22:18:02,455 [INFO] CADModel:165 - CPN selected for project level
2024-01-07 22:18:02,456 [INFO] CADModel:114 - Register for checkConnection events
2024-01-07 22:18:02,456 [FATAL] Updater:308 - Updater called before beeing initialized
2024-01-07 22:18:02,456 [ERROR] CADModel:125 - Updater not yet initialized, retry later 
2024-01-07 22:18:02,458 [FATAL] Updater:308 - Updater called before beeing initialized
2024-01-07 22:18:02,537 [FATAL] Updater:308 - Updater called before beeing initialized
2024-01-07 22:18:02,544 [INFO] DbMcusAds:53 - JSON generation date=Wed Nov 29 11:52:27 CET 2023 (1701255147349)
2024-01-07 22:18:02,545 [FATAL] Updater:308 - Updater called before beeing initialized
2024-01-07 22:18:02,605 [WARN] DetailPanel:346 - Failed to get advertising image, set to default
2024-01-07 22:18:02,687 [FATAL] Updater:308 - Updater called before beeing initialized
2024-01-07 22:18:02,689 [FATAL] Updater:308 - Updater called before beeing initialized
2024-01-07 22:18:02,689 [FATAL] Updater:308 - Updater called before beeing initialized
2024-01-07 22:18:02,689 [WARN] DetailPanel:346 - Failed to get advertising image, set to default
2024-01-07 22:18:02,690 [FATAL] Updater:308 - Updater called before beeing initialized
2024-01-07 22:18:02,738 [ERROR] Updater:1120 - MainUpdater not yet initialized. External WinMGr cannot be set.
2024-01-07 22:18:02,747 [INFO] Updater:1056 - Updater Version found : 6.10.0
2024-01-07 22:18:02,762 [INFO] ApplicationProperties:184 - Using Application install path: C:\ST\STM32CubeIDE_1.14.0\STM32CubeIDE\plugins\com.st.stm32cube.common.mx_6.10.0.202311202037
2024-01-07 22:18:03,485 [INFO] ThirdPartyUpdaterWithRetryManager:70 - Updater plugin not ready yet. [2/15]
2024-01-07 22:18:04,337 [ERROR] LogOutputStream:75 - [STDERR_REDIRECT] Jan 07, 2024 10:18:04 PM java.util.prefs.WindowsPreferences <init>
2024-01-07 22:18:04,338 [ERROR] LogOutputStream:75 - [STDERR_REDIRECT] WARNING: Could not open/create prefs root node Software\JavaSoft\Prefs at root 0xffffffff80000002. Windows RegCreateKeyEx(...) returned error code 5.
2024-01-07 22:18:04,338 [ERROR] LogOutputStream:75 - [STDERR_REDIRECT] 
2024-01-07 22:18:04,542 [INFO] MainUpdater:2873 - connection check result : 10
2024-01-07 22:18:04,542 [INFO] MainUpdater:3567 - Updater definition file requires update
2024-01-07 22:18:04,543 [INFO] MainUpdater:290 - Updater Check For Update Now.
2024-01-07 22:18:04,543 [INFO] MicroXplorer:498 - Change Database Version : DB.6.0.100
2024-01-07 22:18:04,557 [INFO] McuFinderGlobals:63 - Set McuFinder mode to 2 (CubeIDE integrated)
2024-01-07 22:18:04,638 [INFO] ServerAccessManage:473 - Download File updaters.zip
2024-01-07 22:18:04,694 [INFO] FileExtend:240 - Unzip File : updaters.zip
2024-01-07 22:18:04,695 [INFO] FileExtend:255 - Standard Zip Deflate
2024-01-07 22:18:04,880 [INFO] UserAuth:404 - Internet connection configuration mode: 1
2024-01-07 22:18:04,912 [INFO] JxBrowserEngine:152 - Initiate JxBrowser Engine with user profile folder
2024-01-07 22:18:05,070 [INFO] ServerAccessManage:473 - Download File PacksControlFlags.xml
2024-01-07 22:18:05,205 [INFO] ServerAccessManage:473 - Download File cubemx.pidx
2024-01-07 22:18:05,288 [INFO] LoadServerUpdatesThread:375 - End of LoadServerUpdate Thread
2024-01-07 22:18:05,445 [INFO] CheckServerUpdateThread:120 - End of CheckServer Thread
2024-01-07 22:18:06,619 [WARN] PackLoader:240 - Cannot read IP mode file for STMicroelectronics.X-CUBE-SMBUS.2.1.0
2024-01-07 22:18:06,634 [WARN] PackLoader:240 - Cannot read IP mode file for STMicroelectronics.X-CUBE-TOUCHGFX.4.23.0
2024-01-07 22:18:06,677 [WARN] PackLoader:240 - Cannot read IP mode file for STMicroelectronics.X-CUBE-AZRTOS-F7.1.1.0
2024-01-07 22:18:06,694 [WARN] PackLoader:240 - Cannot read IP mode file for STMicroelectronics.FP-SNS-MOTENV1.4.3.2
2024-01-07 22:18:06,709 [WARN] PackLoader:240 - Cannot read IP mode file for STMicroelectronics.FP-SNS-FLIGHT1.5.0.2
2024-01-07 22:18:06,727 [WARN] PackLoader:240 - Cannot read IP mode file for STMicroelectronics.X-CUBE-DISPLAY.3.0.0
2024-01-07 22:18:06,745 [WARN] PackLoader:240 - Cannot read IP mode file for STMicroelectronics.X-CUBE-BLE1.7.0.0
2024-01-07 22:18:06,761 [WARN] PackLoader:240 - Cannot read IP mode file for emotas.I-CUBE-CANOPEN.1.3.0
2024-01-07 22:18:06,772 [WARN] PackLoader:240 - Cannot read IP mode file for STMicroelectronics.X-CUBE-TOUCHGFX.4.22.1
2024-01-07 22:18:06,783 [WARN] PackLoader:240 - Cannot read IP mode file for STMicroelectronics.FP-SNS-SMARTAG2.1.2.0
2024-01-07 22:18:06,800 [INFO] LogOutputStream:77 - [STDOUT_REDIRECT] 1 : Invalid condition id : UX_CORESTACK_Condition cause : null
2024-01-07 22:18:06,800 [INFO] LogOutputStream:77 - [STDOUT_REDIRECT] 1 : Invalid condition id : UX_CORESTACK_Condition cause : null
2024-01-07 22:18:06,801 [INFO] LogOutputStream:77 - [STDOUT_REDIRECT] 1 : Invalid condition id : UX_CORESTACK_Condition cause : null
2024-01-07 22:18:06,802 [INFO] LogOutputStream:77 - [STDOUT_REDIRECT] 1 : Invalid condition id : UX_CORESTACK_Condition cause : null
2024-01-07 22:18:06,802 [INFO] LogOutputStream:77 - [STDOUT_REDIRECT] 1 : Invalid condition id : UX_CORESTACK_Condition cause : null
2024-01-07 22:18:06,806 [WARN] PackLoader:240 - Cannot read IP mode file for STMicroelectronics.X-CUBE-AZRTOS-WL.2.0.0
2024-01-07 22:18:06,819 [WARN] PackLoader:240 - Cannot read IP mode file for WES.I-CUBE-Cesium.1.3.0
2024-01-07 22:18:06,829 [WARN] PackLoader:240 - Cannot read IP mode file for STMicroelectronics.X-CUBE-BLE2.3.3.0
2024-01-07 22:18:06,840 [WARN] PackLoader:240 - Cannot read IP mode file for STMicroelectronics.X-CUBE-ALGOBUILD.1.3.0
2024-01-07 22:18:06,863 [WARN] PackLoader:240 - Cannot read IP mode file for STMicroelectronics.X-CUBE-AZRTOS-G0.1.1.0
2024-01-07 22:18:06,878 [WARN] PackLoader:240 - Cannot read IP mode file for STMicroelectronics.X-CUBE-NFC4.3.0.0
2024-01-07 22:18:06,895 [WARN] PackLoader:240 - Cannot read IP mode file for STMicroelectronics.X-CUBE-BLEMGR.3.0.0
2024-01-07 22:18:06,908 [WARN] PackLoader:240 - Cannot read IP mode file for STMicroelectronics.FP-ATR-SIGFOX1.3.2.0
2024-01-07 22:18:06,944 [WARN] PackLoader:240 - Cannot read IP mode file for SEGGER.I-CUBE-embOS.1.3.1
2024-01-07 22:18:06,991 [WARN] PackLoader:240 - Cannot read IP mode file for STMicroelectronics.X-CUBE-GNSS1.6.0.0
2024-01-07 22:18:07,020 [WARN] PackLoader:240 - Cannot read IP mode file for STMicroelectronics.X-CUBE-AZRTOS-F4.1.1.0
2024-01-07 22:18:07,035 [WARN] PackLoader:240 - Cannot read IP mode file for wolfSSL.I-CUBE-wolfSSL.5.6.4
2024-01-07 22:18:07,057 [WARN] PackLoader:240 - Cannot read IP mode file for STMicroelectronics.X-CUBE-AZRTOS-L5.2.0.0
2024-01-07 22:18:07,070 [WARN] PackLoader:240 - Cannot read IP mode file for STMicroelectronics.X-CUBE-EEPRMA1.4.2.0
2024-01-07 22:18:07,082 [WARN] PackLoader:240 - Cannot read IP mode file for ITTIA_DB.I-CUBE-ITTIADB.8.8.0
2024-01-07 22:18:07,104 [WARN] ConditionMgr:438 - getConditionDescription Invalid condition id : UX DEVICE CLASS RTOS Condition cause : null
2024-01-07 22:18:07,104 [WARN] ConditionMgr:438 - getConditionDescription Invalid condition id : UX DEVICE CLASS RTOS Condition cause : null
2024-01-07 22:18:07,106 [WARN] PackLoader:240 - Cannot read IP mode file for STMicroelectronics.X-CUBE-AZRTOS-H7.3.1.0
2024-01-07 22:18:07,107 [WARN] ConditionMgr:1039 - genDependencies : Invalid condition id : UX DEVICE CLASS RTOS Condition cause : null
2024-01-07 22:18:07,107 [WARN] ConditionMgr:1039 - genDependencies : Invalid condition id : UX DEVICE CLASS RTOS Condition cause : null
2024-01-07 22:18:07,108 [WARN] ConditionMgr:1039 - genDependencies : Invalid condition id : UX DEVICE CLASS RTOS Condition cause : null
2024-01-07 22:18:07,108 [WARN] ConditionMgr:1039 - genDependencies : Invalid condition id : UX DEVICE CLASS RTOS Condition cause : null
2024-01-07 22:18:07,108 [WARN] ConditionMgr:1039 - genDependencies : Invalid condition id : UX DEVICE CLASS RTOS Condition cause : null
2024-01-07 22:18:07,122 [WARN] PackLoader:240 - Cannot read IP mode file for STMicroelectronics.X-CUBE-NFC7.1.0.1
2024-01-07 22:18:07,137 [WARN] PackLoader:240 - Cannot read IP mode file for STMicroelectronics.X-CUBE-NFC6.3.0.0
2024-01-07 22:18:07,150 [WARN] PackLoader:240 - Cannot read IP mode file for STMicroelectronics.X-CUBE-AI.8.1.0
2024-01-07 22:18:07,175 [WARN] ConditionMgr:438 - getConditionDescription Invalid condition id : LAN8742 Phy interface Condition cause : null
2024-01-07 22:18:07,176 [WARN] PackLoader:240 - Cannot read IP mode file for STMicroelectronics.X-CUBE-AZRTOS-L4.2.0.0
2024-01-07 22:18:07,177 [WARN] ConditionMgr:1039 - genDependencies : Invalid condition id : LAN8742 Phy interface Condition cause : null
2024-01-07 22:18:07,177 [WARN] ConditionMgr:1039 - genDependencies : Invalid condition id : LAN8742 Phy interface Condition cause : null
2024-01-07 22:18:07,177 [WARN] ConditionMgr:1039 - genDependencies : Invalid condition id : LAN8742 Phy interface Condition cause : null
2024-01-07 22:18:07,191 [WARN] PackLoader:240 - Cannot read IP mode file for STMicroelectronics.X-CUBE-SFXS2LP1.4.0.0
2024-01-07 22:18:07,203 [WARN] PackLoader:240 - Cannot read IP mode file for STMicroelectronics.X-CUBE-ISPU.1.1.0
2024-01-07 22:18:07,224 [WARN] ConditionMgr:438 - getConditionDescription Invalid condition id : UX DEVICE CLASS RTOS Condition cause : null
2024-01-07 22:18:07,224 [WARN] ConditionMgr:438 - getConditionDescription Invalid condition id : UX DEVICE CLASS RTOS Condition cause : null
2024-01-07 22:18:07,226 [WARN] PackLoader:240 - Cannot read IP mode file for STMicroelectronics.X-CUBE-AZRTOS-WB.2.0.0
2024-01-07 22:18:07,226 [WARN] ConditionMgr:1039 - genDependencies : Invalid condition id : UX DEVICE CLASS RTOS Condition cause : null
2024-01-07 22:18:07,226 [WARN] ConditionMgr:1039 - genDependencies : Invalid condition id : UX DEVICE CLASS RTOS Condition cause : null
2024-01-07 22:18:07,227 [WARN] ConditionMgr:1039 - genDependencies : Invalid condition id : UX DEVICE CLASS RTOS Condition cause : null
2024-01-07 22:18:07,227 [WARN] ConditionMgr:1039 - genDependencies : Invalid condition id : UX DEVICE CLASS RTOS Condition cause : null
2024-01-07 22:18:07,227 [WARN] ConditionMgr:1039 - genDependencies : Invalid condition id : UX DEVICE CLASS RTOS Condition cause : null
2024-01-07 22:18:07,295 [WARN] PackLoader:240 - Cannot read IP mode file for STMicroelectronics.X-CUBE-SUBG2.5.0.0
2024-01-07 22:18:07,321 [WARN] PackLoader:240 - Cannot read IP mode file for STMicroelectronics.X-CUBE-AZRTOS-G4.2.0.0
2024-01-07 22:18:07,346 [WARN] PackLoader:240 - Cannot read IP mode file for Infineon.AIROC-Wi-Fi-Bluetooth-STM32.1.5.1
2024-01-07 22:18:07,363 [WARN] PackLoader:240 - Cannot read IP mode file for STMicroelectronics.FP-SNS-MOTENVWB1.1.3.0
2024-01-07 22:18:07,376 [WARN] PackLoader:240 - Cannot read IP mode file for STMicroelectronics.FP-SNS-MOTENVWB1.1.3.1
2024-01-07 22:18:07,391 [WARN] PackLoader:240 - Cannot read IP mode file for STMicroelectronics.X-CUBE-ISPU.2.0.0
2024-01-07 22:18:07,451 [WARN] PackLoader:240 - Cannot read IP mode file for STMicroelectronics.X-CUBE-MEMS1.10.0.0
2024-01-07 22:18:07,575 [WARN] PackLoader:240 - Cannot read IP mode file for STMicroelectronics.X-CUBE-FREERTOS.1.1.0
2024-01-07 22:18:07,590 [WARN] PackLoader:240 - Cannot read IP mode file for portGmbH.I-Cube-SoM-uGOAL.1.1.0
2024-01-07 22:18:07,604 [WARN] PackLoader:240 - Cannot read IP mode file for STMicroelectronics.X-CUBE-ALS.1.0.1
2024-01-07 22:18:07,607 [INFO] WebApp:161 - Instantiating new browser for Auth
2024-01-07 22:18:07,618 [WARN] PackLoader:240 - Cannot read IP mode file for STMicroelectronics.FP-ATR-ASTRA1.2.0.0
2024-01-07 22:18:07,646 [WARN] PackLoader:240 - Cannot read IP mode file for STMicroelectronics.X-CUBE-TOF1.3.4.0
2024-01-07 22:18:07,689 [WARN] PackLoader:240 - Cannot read IP mode file for STMicroelectronics.X-CUBE-AZRTOS-H7.3.2.0
2024-01-07 22:18:07,692 [INFO] ThirdParty:978 - Integrity check success = true
2024-01-07 22:18:07,692 [INFO] IntegrityCheckThread:100 - exiting critical section [integrity check]
2024-01-07 22:18:07,692 [INFO] IntegrityCheckThread:103 - End integrity checks thread
2024-01-07 22:18:08,157 [INFO] WebApp:780 - Register for checkConnection events
2024-01-07 22:18:08,157 [INFO] WebApp:414 - Apply proxy settings
2024-01-07 22:18:08,157 [INFO] WebApp:499 - Chromium requires no authentication
2024-01-07 22:18:08,163 [INFO] WebApp:442 - Direct internet connection detected
2024-01-07 22:18:08,297 [INFO] WebApp:192 - Starting web application
2024-01-07 22:18:08,298 [INFO] WebApp:544 - Web application path used C:\ST\STM32CubeIDE_1.14.0\STM32CubeIDE\plugins\com.st.stm32cube.common.mx_6.10.0.202311202037\db\plugins\mcufinder\reactClient1\index.html
2024-01-07 22:18:29,014 [ERROR] LogOutputStream:75 - [STDERR_REDIRECT] SLF4J: Failed to load class "org.slf4j.impl.StaticLoggerBinder".
2024-01-07 22:18:29,015 [ERROR] LogOutputStream:75 - [STDERR_REDIRECT] SLF4J: Defaulting to no-operation (NOP) logger implementation
2024-01-07 22:18:29,016 [ERROR] LogOutputStream:75 - [STDERR_REDIRECT] SLF4J: See http://www.slf4j.org/codes.html#StaticLoggerBinder for further details.
2024-01-07 22:20:55,413 [ERROR] LogOutputStream:75 - [STDERR_REDIRECT] 
2024-01-07 22:20:55,413 [ERROR] LogOutputStream:75 - [STDERR_REDIRECT] 
