2023-09-19 20:30:29,146 [INFO] Activator:176 - 


2023-09-19 20:30:29,152 [INFO] Activator:177 - !SESSION log4j initialized
2023-09-19 20:30:34,111 [INFO] LogOutputStream:77 - [STDOUT_REDIRECT] 
2023-09-19 20:30:35,673 [INFO] ApplicationProperties:184 - Using Application install path: C:\ST\STM32CubeIDE_1.11.0\STM32CubeIDE\plugins\com.st.stm32cube.common.mx_6.9.1.202307191849
2023-09-19 20:30:35,689 [INFO] DbMcusXml:78 - Set database path to: C:\ST\STM32CubeIDE_1.11.0\STM32CubeIDE\plugins\com.st.stm32cube.common.mx_6.9.1.202307191849\\db\/mcu/
2023-09-19 20:30:35,689 [INFO] ApiDb:274 - Set plugin database path to: C:\ST\STM32CubeIDE_1.11.0\STM32CubeIDE\plugins\com.st.stm32cube.common.mx_6.9.1.202307191849\\db\/plugins/boardmanager/
2023-09-19 20:30:35,690 [WARN] ApiDb:259 - Overriding images path with different value:  => C:\ST\STM32CubeIDE_1.11.0\STM32CubeIDE\plugins\com.st.stm32cube.common.mx_6.9.1.202307191849\\db\/plugins/mcufinder/images/
2023-09-19 20:30:35,700 [INFO] ApiDb:250 - Set database path to: C:\Users\sykojo\.stmcufinder\plugins\mcufinder//mcu/
2023-09-19 20:30:35,701 [INFO] DbMcusAds:125 - Set database path to: C:\Users\sykojo\.stmcufinder\plugins\mcufinder//mcu/
2023-09-19 20:30:35,703 [INFO] CrossReferenceDbSqlite:203 - Set database path to: C:\Users\sykojo\.stmcufinder\plugins\mcufinder//mcu/cs/
2023-09-19 20:30:35,795 [INFO] RulesReader:64 - Compatibility file has been processed (293 Rules)
2023-09-19 20:30:56,928 [INFO] DbMcusXml:78 - Set database path to: C:\ST\STM32CubeIDE_1.11.0\STM32CubeIDE\plugins\com.st.stm32cube.common.mx_6.9.1.202307191849\\db\/mcu/
2023-09-19 20:30:56,928 [INFO] ApiDb:274 - Set plugin database path to: C:\ST\STM32CubeIDE_1.11.0\STM32CubeIDE\plugins\com.st.stm32cube.common.mx_6.9.1.202307191849\\db\/plugins/boardmanager/
2023-09-19 20:30:56,928 [INFO] ApiDb:261 - Set plugin images path to: C:\ST\STM32CubeIDE_1.11.0\STM32CubeIDE\plugins\com.st.stm32cube.common.mx_6.9.1.202307191849\\db\/plugins/mcufinder/images/
2023-09-19 20:30:56,930 [WARN] DbFile:41 - Overriding database path with different value: C:\Users\sykojo\.stmcufinder\plugins\mcufinder/ => C:\Users\sykojo\.stmcufinder\plugins\mcufinder
2023-09-19 20:30:56,930 [INFO] ApiDb:250 - Set database path to: C:\Users\sykojo\.stmcufinder\plugins\mcufinder//mcu/
2023-09-19 20:30:56,930 [WARN] DbFile:41 - Overriding database path with different value: C:\Users\sykojo\.stmcufinder\plugins\mcufinder/ => C:\Users\sykojo\.stmcufinder\plugins\mcufinder
2023-09-19 20:30:56,930 [INFO] DbMcusAds:125 - Set database path to: C:\Users\sykojo\.stmcufinder\plugins\mcufinder//mcu/
2023-09-19 20:30:56,930 [WARN] DbFile:41 - Overriding database path with different value: C:\Users\sykojo\.stmcufinder\plugins\mcufinder/ => C:\Users\sykojo\.stmcufinder\plugins\mcufinder
2023-09-19 20:30:56,930 [WARN] DbFile:41 - Overriding database path with different value: C:\Users\sykojo\.stmcufinder\plugins\mcufinder/ => C:\Users\sykojo\.stmcufinder\plugins\mcufinder
2023-09-19 20:30:56,933 [INFO] CrossReferenceDbSqlite:203 - Set database path to: C:\Users\sykojo\.stmcufinder\plugins\mcufinder//mcu/cs/
2023-09-19 20:30:57,008 [INFO] MainPanel:262 - HeapMemory: 268435456
2023-09-19 20:30:57,092 [INFO] DbMcusXml:78 - Set database path to: C:\ST\STM32CubeIDE_1.11.0\STM32CubeIDE\plugins\com.st.stm32cube.common.mx_6.9.1.202307191849\\db\/mcu/
2023-09-19 20:30:57,092 [INFO] ApiDb:274 - Set plugin database path to: C:\ST\STM32CubeIDE_1.11.0\STM32CubeIDE\plugins\com.st.stm32cube.common.mx_6.9.1.202307191849\\db\/plugins/boardmanager/
2023-09-19 20:30:57,092 [INFO] ApiDb:261 - Set plugin images path to: C:\ST\STM32CubeIDE_1.11.0\STM32CubeIDE\plugins\com.st.stm32cube.common.mx_6.9.1.202307191849\\db\/plugins/mcufinder/images/
2023-09-19 20:30:57,094 [WARN] DbFile:41 - Overriding database path with different value: C:\Users\sykojo\.stmcufinder\plugins\mcufinder/ => C:\Users\sykojo\.stmcufinder\plugins\mcufinder
2023-09-19 20:30:57,094 [INFO] ApiDb:250 - Set database path to: C:\Users\sykojo\.stmcufinder\plugins\mcufinder//mcu/
2023-09-19 20:30:57,094 [WARN] DbFile:41 - Overriding database path with different value: C:\Users\sykojo\.stmcufinder\plugins\mcufinder/ => C:\Users\sykojo\.stmcufinder\plugins\mcufinder
2023-09-19 20:30:57,094 [INFO] DbMcusAds:125 - Set database path to: C:\Users\sykojo\.stmcufinder\plugins\mcufinder//mcu/
2023-09-19 20:30:57,094 [WARN] DbFile:41 - Overriding database path with different value: C:\Users\sykojo\.stmcufinder\plugins\mcufinder/ => C:\Users\sykojo\.stmcufinder\plugins\mcufinder
2023-09-19 20:30:57,094 [WARN] DbFile:41 - Overriding database path with different value: C:\Users\sykojo\.stmcufinder\plugins\mcufinder/ => C:\Users\sykojo\.stmcufinder\plugins\mcufinder
2023-09-19 20:30:57,094 [INFO] CrossReferenceDbSqlite:203 - Set database path to: C:\Users\sykojo\.stmcufinder\plugins\mcufinder//mcu/cs/
2023-09-19 20:30:57,112 [INFO] ApplicationProperties:184 - Using Application install path: C:\ST\STM32CubeIDE_1.11.0\STM32CubeIDE\plugins\com.st.stm32cube.common.mx_6.9.1.202307191849
2023-09-19 20:30:57,113 [INFO] PluginManage:196 - Search for loadable plugins [exclusion list=, ]
2023-09-19 20:30:57,114 [INFO] PluginManage:310 - Check plugin analytics
2023-09-19 20:30:57,257 [INFO] AnalyticsPlugin:253 - Accepted Software Licenses: 
2023-09-19 20:30:57,258 [INFO] AnalyticsPlugin:255 - Accepted CMSIS Pack Licenses: STMicroelectronics.X-CUBE-TOF1.3.2.0
2023-09-19 20:30:57,258 [INFO] AnalyticsPlugin:257 - Accepted Firmware Licenses: 
2023-09-19 20:30:57,260 [INFO] PluginManage:359 - Loaded plugin analytics (category:tool,tabindex:-1)
2023-09-19 20:30:57,260 [INFO] PluginManage:310 - Check plugin cadmodel
2023-09-19 20:30:57,274 [INFO] CADModel:105 - Init CAD model plugin
2023-09-19 20:30:57,274 [INFO] PluginManage:359 - Loaded plugin cadmodel (category:power,tabindex:5)
2023-09-19 20:30:57,274 [INFO] PluginManage:310 - Check plugin clock
2023-09-19 20:30:57,291 [INFO] PluginManage:359 - Loaded plugin clock (category:base,tabindex:2)
2023-09-19 20:30:57,291 [INFO] PluginManage:310 - Check plugin ddr
2023-09-19 20:30:57,294 [INFO] PluginManage:359 - Loaded plugin ddr (category:tool,tabindex:6)
2023-09-19 20:30:57,294 [INFO] PluginManage:310 - Check plugin filemanager
2023-09-19 20:30:57,407 [INFO] PluginManage:359 - Loaded plugin filemanager (category:base,tabindex:10)
2023-09-19 20:30:57,407 [INFO] PluginManage:310 - Check plugin ipmanager
2023-09-19 20:30:57,414 [INFO] PluginManage:359 - Loaded plugin ipmanager (category:base,tabindex:5)
2023-09-19 20:30:57,415 [INFO] PluginManage:310 - Check plugin lpbam
2023-09-19 20:30:57,430 [INFO] PluginManage:359 - Loaded plugin lpbam (category:base,tabindex:0)
2023-09-19 20:30:57,430 [INFO] PluginManage:310 - Check plugin memorymap
2023-09-19 20:30:57,453 [INFO] PluginManage:359 - Loaded plugin memorymap (category:base,tabindex:4)
2023-09-19 20:30:57,453 [INFO] PluginManage:310 - Check plugin pinoutandconfiguration
2023-09-19 20:30:57,472 [INFO] PluginManage:359 - Loaded plugin pinoutandconfiguration (category:base,tabindex:1)
2023-09-19 20:30:57,472 [INFO] PluginManage:310 - Check plugin pinoutconfig
2023-09-19 20:30:57,566 [WARN] SupportedApi:132 - Cannot load RTOS API schema: s4s-elt-must-match.1: The content of 'definitions' must match (annotation?, (simpleType | complexType)?, (unique | key | keyref)*)). A problem was found starting at: attribute.
2023-09-19 20:30:57,682 [INFO] PluginManage:359 - Loaded plugin pinoutconfig (category:base,tabindex:0)
2023-09-19 20:30:57,682 [INFO] PluginManage:310 - Check plugin power
2023-09-19 20:30:57,700 [INFO] PluginManage:359 - Loaded plugin power (category:power,tabindex:4)
2023-09-19 20:30:57,700 [INFO] PluginManage:310 - Check plugin projectmanager
2023-09-19 20:30:57,716 [INFO] PluginManage:359 - Loaded plugin projectmanager (category:projectmanager,tabindex:3)
2023-09-19 20:30:57,716 [INFO] PluginManage:310 - Check plugin thirdparty
2023-09-19 20:30:58,011 [INFO] PluginManage:359 - Loaded plugin thirdparty (category:base,tabindex:-1)
2023-09-19 20:30:58,013 [INFO] PluginManage:310 - Check plugin tools
2023-09-19 20:30:58,013 [WARN] IntegrityCheckThread:84 - waiting for thirdparty lock release [integrity check]
2023-09-19 20:30:58,013 [INFO] IntegrityCheckThread:86 - entering critical section [integrity check]
2023-09-19 20:30:58,014 [INFO] ThirdPartyUpdaterWithRetryManager:70 - Updater plugin not ready yet. [1/15]
2023-09-19 20:30:58,046 [INFO] PluginManage:359 - Loaded plugin tools (category:base,tabindex:7)
2023-09-19 20:30:58,046 [INFO] PluginManage:310 - Check plugin tutovideos
2023-09-19 20:30:58,246 [INFO] PluginManage:359 - Loaded plugin tutovideos (category:base,tabindex:-1)
2023-09-19 20:30:58,247 [INFO] PluginManage:310 - Check plugin updater
2023-09-19 20:30:58,258 [INFO] PluginManage:359 - Loaded plugin updater (category:base,tabindex:12)
2023-09-19 20:30:58,259 [INFO] PluginManage:310 - Check plugin userauth
2023-09-19 20:30:58,266 [INFO] UserAuth:113 - Init User Auth plugin
2023-09-19 20:30:58,266 [INFO] PluginManage:359 - Loaded plugin userauth (category:base,tabindex:14)
2023-09-19 20:30:58,267 [INFO] PluginManage:283 - PluginManage : Loaded plugins [17]
2023-09-19 20:30:58,483 [INFO] PinOutPanel:1499 - setPackage(No Configuration,No Configuration)
2023-09-19 20:30:58,585 [INFO] CADModel:165 - CPN selected for project level
2023-09-19 20:30:58,585 [INFO] CADModel:114 - Register for checkConnection events
2023-09-19 20:30:58,611 [INFO] IPUIPlugin:80 - create IPUIPlugin
2023-09-19 20:30:58,612 [INFO] PluginManager:220 - loadIPPluginJar : add adc
2023-09-19 20:30:58,637 [INFO] IPUIPlugin:80 - create IPUIPlugin
2023-09-19 20:30:58,637 [INFO] PluginManager:220 - loadIPPluginJar : add aes
2023-09-19 20:30:58,667 [INFO] IPUIPlugin:80 - create IPUIPlugin
2023-09-19 20:30:58,667 [INFO] PluginManager:220 - loadIPPluginJar : add can
2023-09-19 20:30:58,684 [INFO] IPUIPlugin:80 - create IPUIPlugin
2023-09-19 20:30:58,684 [INFO] PluginManager:220 - loadIPPluginJar : add comp
2023-09-19 20:30:58,714 [INFO] IPUIPlugin:80 - create IPUIPlugin
2023-09-19 20:30:58,714 [INFO] PluginManager:220 - loadIPPluginJar : add cryp
2023-09-19 20:30:58,742 [INFO] IPUIPlugin:80 - create IPUIPlugin
2023-09-19 20:30:58,742 [INFO] PluginManager:220 - loadIPPluginJar : add dfsdm
2023-09-19 20:30:58,753 [INFO] IPUIPlugin:80 - create IPUIPlugin
2023-09-19 20:30:58,754 [INFO] PluginManager:220 - loadIPPluginJar : add dma
2023-09-19 20:30:58,786 [INFO] IPUIPlugin:80 - create IPUIPlugin
2023-09-19 20:30:58,786 [INFO] PluginManager:220 - loadIPPluginJar : add dma3
2023-09-19 20:30:58,804 [INFO] IPUIPlugin:80 - create IPUIPlugin
2023-09-19 20:30:58,804 [INFO] PluginManager:220 - loadIPPluginJar : add fatfs
2023-09-19 20:30:58,839 [INFO] IPUIPlugin:80 - create IPUIPlugin
2023-09-19 20:30:58,839 [INFO] PluginManager:220 - loadIPPluginJar : add fmc
2023-09-19 20:30:58,853 [INFO] IPUIPlugin:80 - create IPUIPlugin
2023-09-19 20:30:58,854 [INFO] PluginManager:220 - loadIPPluginJar : add freertos
2023-09-19 20:30:58,871 [INFO] IPUIPlugin:80 - create IPUIPlugin
2023-09-19 20:30:58,871 [INFO] PluginManager:220 - loadIPPluginJar : add genericplugin
2023-09-19 20:30:58,938 [INFO] IPUIPlugin:80 - create IPUIPlugin
2023-09-19 20:30:58,938 [INFO] PluginManager:220 - loadIPPluginJar : add gfxmmu
2023-09-19 20:30:59,029 [INFO] IPUIPlugin:80 - create IPUIPlugin
2023-09-19 20:30:59,030 [INFO] PluginManager:220 - loadIPPluginJar : add gic
2023-09-19 20:30:59,042 [INFO] IPUIPlugin:80 - create IPUIPlugin
2023-09-19 20:30:59,042 [INFO] PluginManager:220 - loadIPPluginJar : add gpio
2023-09-19 20:30:59,104 [INFO] IPUIPlugin:80 - create IPUIPlugin
2023-09-19 20:30:59,104 [INFO] PluginManager:220 - loadIPPluginJar : add gtzc
2023-09-19 20:30:59,128 [INFO] IPUIPlugin:80 - create IPUIPlugin
2023-09-19 20:30:59,128 [INFO] PluginManager:220 - loadIPPluginJar : add hash
2023-09-19 20:30:59,164 [INFO] IPUIPlugin:80 - create IPUIPlugin
2023-09-19 20:30:59,164 [INFO] PluginManager:220 - loadIPPluginJar : add i2c
2023-09-19 20:30:59,194 [INFO] IPUIPlugin:80 - create IPUIPlugin
2023-09-19 20:30:59,194 [INFO] PluginManager:220 - loadIPPluginJar : add i2s
2023-09-19 20:30:59,225 [INFO] IPUIPlugin:80 - create IPUIPlugin
2023-09-19 20:30:59,226 [INFO] PluginManager:220 - loadIPPluginJar : add i3c
2023-09-19 20:30:59,300 [INFO] IPUIPlugin:80 - create IPUIPlugin
2023-09-19 20:30:59,300 [INFO] PluginManager:220 - loadIPPluginJar : add ipddr
2023-09-19 20:30:59,366 [INFO] IPUIPlugin:80 - create IPUIPlugin
2023-09-19 20:30:59,366 [INFO] PluginManager:220 - loadIPPluginJar : add linkedlist
2023-09-19 20:30:59,392 [INFO] IPUIPlugin:80 - create IPUIPlugin
2023-09-19 20:30:59,392 [INFO] PluginManager:220 - loadIPPluginJar : add lorawan
2023-09-19 20:30:59,420 [INFO] IPUIPlugin:80 - create IPUIPlugin
2023-09-19 20:30:59,420 [INFO] PluginManager:220 - loadIPPluginJar : add ltdc
2023-09-19 20:30:59,433 [INFO] IPUIPlugin:80 - create IPUIPlugin
2023-09-19 20:30:59,433 [INFO] PluginManager:220 - loadIPPluginJar : add mdma
2023-09-19 20:30:59,443 [INFO] IPUIPlugin:80 - create IPUIPlugin
2023-09-19 20:30:59,443 [INFO] PluginManager:220 - loadIPPluginJar : add nvic
2023-09-19 20:30:59,471 [INFO] IPUIPlugin:80 - create IPUIPlugin
2023-09-19 20:30:59,471 [INFO] PluginManager:220 - loadIPPluginJar : add opamp
2023-09-19 20:30:59,515 [INFO] IPUIPlugin:80 - create IPUIPlugin
2023-09-19 20:30:59,515 [INFO] PluginManager:220 - loadIPPluginJar : add openamp
2023-09-19 20:30:59,544 [INFO] IPUIPlugin:80 - create IPUIPlugin
2023-09-19 20:30:59,544 [INFO] PluginManager:220 - loadIPPluginJar : add pdm2pcm
2023-09-19 20:30:59,556 [INFO] IPUIPlugin:80 - create IPUIPlugin
2023-09-19 20:30:59,557 [INFO] PluginManager:220 - loadIPPluginJar : add plateformsettings
2023-09-19 20:30:59,576 [INFO] IPUIPlugin:80 - create IPUIPlugin
2023-09-19 20:30:59,576 [INFO] PluginManager:220 - loadIPPluginJar : add quadspi
2023-09-19 20:30:59,586 [INFO] IPUIPlugin:80 - create IPUIPlugin
2023-09-19 20:30:59,586 [INFO] PluginManager:220 - loadIPPluginJar : add resmgrutility
2023-09-19 20:30:59,622 [INFO] IPUIPlugin:80 - create IPUIPlugin
2023-09-19 20:30:59,623 [INFO] PluginManager:220 - loadIPPluginJar : add sai
2023-09-19 20:30:59,652 [INFO] IPUIPlugin:80 - create IPUIPlugin
2023-09-19 20:30:59,652 [INFO] PluginManager:220 - loadIPPluginJar : add spi
2023-09-19 20:30:59,694 [INFO] IPUIPlugin:80 - create IPUIPlugin
2023-09-19 20:30:59,695 [INFO] PluginManager:220 - loadIPPluginJar : add stm32_wpan
2023-09-19 20:30:59,712 [INFO] IPUIPlugin:80 - create IPUIPlugin
2023-09-19 20:30:59,713 [INFO] PluginManager:220 - loadIPPluginJar : add tim
2023-09-19 20:30:59,754 [INFO] IPUIPlugin:80 - create IPUIPlugin
2023-09-19 20:30:59,754 [INFO] PluginManager:220 - loadIPPluginJar : add touchsensing
2023-09-19 20:30:59,772 [INFO] IPUIPlugin:80 - create IPUIPlugin
2023-09-19 20:30:59,772 [INFO] PluginManager:220 - loadIPPluginJar : add tracer_emb
2023-09-19 20:30:59,788 [INFO] IPUIPlugin:80 - create IPUIPlugin
2023-09-19 20:30:59,788 [INFO] PluginManager:220 - loadIPPluginJar : add ts
2023-09-19 20:30:59,805 [INFO] IPUIPlugin:80 - create IPUIPlugin
2023-09-19 20:30:59,805 [INFO] PluginManager:220 - loadIPPluginJar : add tsc
2023-09-19 20:30:59,822 [INFO] IPUIPlugin:80 - create IPUIPlugin
2023-09-19 20:30:59,822 [INFO] PluginManager:220 - loadIPPluginJar : add ucpd
2023-09-19 20:30:59,855 [INFO] IPUIPlugin:80 - create IPUIPlugin
2023-09-19 20:30:59,855 [INFO] PluginManager:220 - loadIPPluginJar : add usart
2023-09-19 20:30:59,893 [INFO] IPUIPlugin:80 - create IPUIPlugin
2023-09-19 20:30:59,894 [INFO] PluginManager:220 - loadIPPluginJar : add usbx
2023-09-19 20:31:00,027 [INFO] CADModel:165 - CPN selected for project level
2023-09-19 20:31:00,027 [INFO] CADModel:114 - Register for checkConnection events
2023-09-19 20:31:00,027 [FATAL] Updater:308 - Updater called before beeing initialized
2023-09-19 20:31:00,027 [ERROR] CADModel:125 - Updater not yet initialized, retry later 
2023-09-19 20:31:00,173 [INFO] CADModel:165 - CPN selected for project level
2023-09-19 20:31:00,173 [INFO] CADModel:114 - Register for checkConnection events
2023-09-19 20:31:00,173 [FATAL] Updater:308 - Updater called before beeing initialized
2023-09-19 20:31:00,173 [ERROR] CADModel:125 - Updater not yet initialized, retry later 
2023-09-19 20:31:00,177 [FATAL] Updater:308 - Updater called before beeing initialized
2023-09-19 20:31:00,277 [FATAL] Updater:308 - Updater called before beeing initialized
2023-09-19 20:31:00,286 [INFO] DbMcusAds:53 - JSON generation date=Tue Mar 07 09:50:55 CET 2023 (1678179055114)
2023-09-19 20:31:00,286 [FATAL] Updater:308 - Updater called before beeing initialized
2023-09-19 20:31:00,359 [WARN] DetailPanel:346 - Failed to get advertising image, set to default
2023-09-19 20:31:00,446 [FATAL] Updater:308 - Updater called before beeing initialized
2023-09-19 20:31:00,448 [FATAL] Updater:308 - Updater called before beeing initialized
2023-09-19 20:31:00,448 [FATAL] Updater:308 - Updater called before beeing initialized
2023-09-19 20:31:00,448 [WARN] DetailPanel:346 - Failed to get advertising image, set to default
2023-09-19 20:31:00,449 [FATAL] Updater:308 - Updater called before beeing initialized
2023-09-19 20:31:00,504 [ERROR] Updater:1120 - MainUpdater not yet initialized. External WinMGr cannot be set.
2023-09-19 20:31:00,512 [INFO] Updater:1056 - Updater Version found : 6.9.1
2023-09-19 20:31:00,530 [INFO] ApplicationProperties:184 - Using Application install path: C:\ST\STM32CubeIDE_1.11.0\STM32CubeIDE\plugins\com.st.stm32cube.common.mx_6.9.1.202307191849
2023-09-19 20:31:00,774 [INFO] MainUpdater:2868 - connection check result : 10
2023-09-19 20:31:00,774 [INFO] MainUpdater:3562 - Updater definition file requires update
2023-09-19 20:31:00,775 [INFO] MainUpdater:285 - Updater Check For Update Now.
2023-09-19 20:31:00,775 [INFO] MicroXplorer:498 - Change Database Version : DB.6.0.91
2023-09-19 20:31:00,788 [INFO] McuFinderGlobals:63 - Set McuFinder mode to 2 (CubeIDE integrated)
2023-09-19 20:31:00,788 [INFO] UserAuth:179 - activating auth plugin
2023-09-19 20:31:00,790 [INFO] UserAuth:393 - Internet connection configuration mode: 1
2023-09-19 20:31:00,811 [INFO] JxBrowserEngine:151 - Initiate JxBrowser Engine with user profile folder
2023-09-19 20:31:00,812 [INFO] ServerAccessManage:473 - Download File updaters.zip
2023-09-19 20:31:00,916 [INFO] FileExtend:240 - Unzip File : updaters.zip
2023-09-19 20:31:00,916 [INFO] FileExtend:255 - Standard Zip Deflate
2023-09-19 20:31:01,014 [WARN] MainUpdater:1189 - Updater busy. Cannot search thirdparties
2023-09-19 20:31:01,015 [INFO] ThirdPartyUpdaterWithRetryManager:96 - Updater plugin is busy. [1/15]
2023-09-19 20:31:01,280 [INFO] ServerAccessManage:473 - Download File PacksControlFlags.xml
2023-09-19 20:31:01,358 [INFO] ServerAccessManage:473 - Download File cubemx.pidx
2023-09-19 20:31:01,467 [INFO] LoadServerUpdatesThread:373 - End of LoadServerUpdate Thread
2023-09-19 20:31:01,627 [INFO] CheckServerUpdateThread:120 - End of CheckServer Thread
2023-09-19 20:31:03,033 [INFO] WebApp:157 - Instantiating new browser for Auth
2023-09-19 20:31:03,568 [INFO] WebApp:753 - Register for checkConnection events
2023-09-19 20:31:03,569 [INFO] WebApp:390 - Apply proxy settings
2023-09-19 20:31:03,569 [INFO] WebApp:475 - Chromium requires no authentication
2023-09-19 20:31:03,579 [INFO] WebApp:418 - Direct internet connection detected
2023-09-19 20:31:03,772 [INFO] WebApp:188 - Starting web application
2023-09-19 20:31:03,772 [INFO] WebApp:520 - Web application path used C:\ST\STM32CubeIDE_1.11.0\STM32CubeIDE\plugins\com.st.stm32cube.common.mx_6.9.1.202307191849\db\plugins\mcufinder\reactClient1\index.html
2023-09-19 20:31:04,239 [WARN] PackLoader:240 - Cannot read IP mode file for STMicroelectronics.X-CUBE-SMBUS.2.1.0
2023-09-19 20:31:04,284 [WARN] PackLoader:240 - Cannot read IP mode file for STMicroelectronics.X-CUBE-AZRTOS-F7.1.1.0
2023-09-19 20:31:04,304 [WARN] PackLoader:240 - Cannot read IP mode file for STMicroelectronics.FP-SNS-MOTENV1.4.3.2
2023-09-19 20:31:04,325 [WARN] PackLoader:240 - Cannot read IP mode file for STMicroelectronics.X-CUBE-BLE1.6.2.3
2023-09-19 20:31:04,337 [WARN] PackLoader:240 - Cannot read IP mode file for STMicroelectronics.X-CUBE-BLE1.6.2.4
2023-09-19 20:31:04,348 [WARN] PackLoader:240 - Cannot read IP mode file for STMicroelectronics.FP-SNS-FLIGHT1.5.0.2
2023-09-19 20:31:04,369 [WARN] PackLoader:240 - Cannot read IP mode file for STMicroelectronics.X-CUBE-TOF1.3.1.0
2023-09-19 20:31:04,392 [WARN] PackLoader:240 - Cannot read IP mode file for STMicroelectronics.X-CUBE-DISPLAY.3.0.0
2023-09-19 20:31:04,409 [WARN] PackLoader:240 - Cannot read IP mode file for STMicroelectronics.X-CUBE-BLE1.7.0.0
2023-09-19 20:31:04,423 [WARN] PackLoader:240 - Cannot read IP mode file for STMicroelectronics.X-CUBE-TOUCHGFX.4.22.0
2023-09-19 20:31:04,486 [WARN] PackLoader:240 - Cannot read IP mode file for STMicroelectronics.X-CUBE-MEMS1.9.3.0
2023-09-19 20:31:04,620 [WARN] PackLoader:240 - Cannot read IP mode file for STMicroelectronics.X-CUBE-AI.7.2.0
2023-09-19 20:31:04,632 [WARN] PackLoader:240 - Cannot read IP mode file for STMicroelectronics.FP-SNS-SMARTAG2.1.2.0
2023-09-19 20:31:04,648 [INFO] LogOutputStream:77 - [STDOUT_REDIRECT] 1 : Invalid condition id : UX_CORESTACK_Condition cause : null
2023-09-19 20:31:04,648 [INFO] LogOutputStream:77 - [STDOUT_REDIRECT] 1 : Invalid condition id : UX_CORESTACK_Condition cause : null
2023-09-19 20:31:04,649 [INFO] LogOutputStream:77 - [STDOUT_REDIRECT] 1 : Invalid condition id : UX_CORESTACK_Condition cause : null
2023-09-19 20:31:04,650 [INFO] LogOutputStream:77 - [STDOUT_REDIRECT] 1 : Invalid condition id : UX_CORESTACK_Condition cause : null
2023-09-19 20:31:04,651 [INFO] LogOutputStream:77 - [STDOUT_REDIRECT] 1 : Invalid condition id : UX_CORESTACK_Condition cause : null
2023-09-19 20:31:04,656 [WARN] PackLoader:240 - Cannot read IP mode file for STMicroelectronics.X-CUBE-AZRTOS-WL.2.0.0
2023-09-19 20:31:04,675 [WARN] PackLoader:240 - Cannot read IP mode file for WES.I-CUBE-Cesium.1.3.0
2023-09-19 20:31:04,689 [WARN] PackLoader:240 - Cannot read IP mode file for STMicroelectronics.X-CUBE-BLE2.3.3.0
2023-09-19 20:31:04,701 [WARN] PackLoader:240 - Cannot read IP mode file for STMicroelectronics.X-CUBE-DISPLAY.2.2.0
2023-09-19 20:31:04,724 [WARN] PackLoader:240 - Cannot read IP mode file for STMicroelectronics.X-CUBE-TOF1.3.2.0
2023-09-19 20:31:04,853 [WARN] PackLoader:240 - Cannot read IP mode file for STMicroelectronics.X-CUBE-ISPU.1.0.0
2023-09-19 20:31:04,882 [WARN] PackLoader:240 - Cannot read IP mode file for STMicroelectronics.X-CUBE-AZRTOS-H7.2.1.0
2023-09-19 20:31:04,895 [WARN] PackLoader:240 - Cannot read IP mode file for STMicroelectronics.X-CUBE-TOUCHGFX.4.21.1
2023-09-19 20:31:04,904 [WARN] PackLoader:240 - Cannot read IP mode file for STMicroelectronics.X-CUBE-TOUCHGFX.4.21.3
2023-09-19 20:31:04,950 [WARN] PackLoader:240 - Cannot read IP mode file for STMicroelectronics.X-CUBE-MEMS1.9.4.0
2023-09-19 20:31:05,054 [WARN] PackLoader:240 - Cannot read IP mode file for STMicroelectronics.X-CUBE-AI.7.3.0
2023-09-19 20:31:05,067 [WARN] PackLoader:240 - Cannot read IP mode file for STMicroelectronics.X-CUBE-ALGOBUILD.1.3.0
2023-09-19 20:31:05,094 [WARN] PackLoader:240 - Cannot read IP mode file for STMicroelectronics.X-CUBE-AZRTOS-G0.1.1.0
2023-09-19 20:31:05,109 [WARN] PackLoader:240 - Cannot read IP mode file for STMicroelectronics.X-CUBE-NFC4.3.0.0
2023-09-19 20:31:05,160 [WARN] PackLoader:240 - Cannot read IP mode file for SEGGER.I-CUBE-embOS.1.2.0
2023-09-19 20:31:05,210 [WARN] PackLoader:240 - Cannot read IP mode file for STMicroelectronics.X-CUBE-BLEMGR.1.3.0
2023-09-19 20:31:05,221 [WARN] PackLoader:240 - Cannot read IP mode file for STMicroelectronics.FP-ATR-SIGFOX1.3.2.0
2023-09-19 20:31:05,235 [WARN] PackLoader:240 - Cannot read IP mode file for emotas.I-CUBE-CANOPEN.1.1.2
2023-09-19 20:31:05,245 [WARN] PackLoader:240 - Cannot read IP mode file for STMicroelectronics.X-CUBE-TOUCHGFX.4.20.0
2023-09-19 20:31:05,285 [WARN] PackLoader:240 - Cannot read IP mode file for STMicroelectronics.X-CUBE-MEMS1.9.5.0
2023-09-19 20:31:05,422 [WARN] PackLoader:240 - Cannot read IP mode file for SEGGER.I-CUBE-embOS.1.3.1
2023-09-19 20:31:05,451 [WARN] PackLoader:240 - Cannot read IP mode file for STMicroelectronics.X-CUBE-GNSS1.6.0.0
2023-09-19 20:31:05,475 [WARN] PackLoader:240 - Cannot read IP mode file for STMicroelectronics.X-CUBE-AZRTOS-F4.1.1.0
2023-09-19 20:31:05,489 [WARN] PackLoader:240 - Cannot read IP mode file for STMicroelectronics.X-CUBE-BLEMGR.1.2.0
2023-09-19 20:31:05,516 [WARN] PackLoader:240 - Cannot read IP mode file for STMicroelectronics.X-CUBE-AZRTOS-L5.2.0.0
2023-09-19 20:31:05,560 [WARN] PackLoader:240 - Cannot read IP mode file for STMicroelectronics.X-CUBE-MEMS1.9.6.0
2023-09-19 20:31:05,655 [WARN] PackLoader:240 - Cannot read IP mode file for STMicroelectronics.X-CUBE-BLEMGR.2.0.0
2023-09-19 20:31:05,666 [WARN] PackLoader:240 - Cannot read IP mode file for STMicroelectronics.X-CUBE-NFC4.2.0.5
2023-09-19 20:31:05,679 [WARN] PackLoader:240 - Cannot read IP mode file for STMicroelectronics.X-CUBE-NFC4.2.0.4
2023-09-19 20:31:05,704 [WARN] ConditionMgr:438 - getConditionDescription Invalid condition id : UX DEVICE CLASS RTOS Condition cause : null
2023-09-19 20:31:05,705 [WARN] ConditionMgr:438 - getConditionDescription Invalid condition id : UX DEVICE CLASS RTOS Condition cause : null
2023-09-19 20:31:05,707 [WARN] PackLoader:240 - Cannot read IP mode file for STMicroelectronics.X-CUBE-AZRTOS-H7.3.1.0
2023-09-19 20:31:05,708 [WARN] ConditionMgr:1039 - genDependencies : Invalid condition id : UX DEVICE CLASS RTOS Condition cause : null
2023-09-19 20:31:05,708 [WARN] ConditionMgr:1039 - genDependencies : Invalid condition id : UX DEVICE CLASS RTOS Condition cause : null
2023-09-19 20:31:05,709 [WARN] ConditionMgr:1039 - genDependencies : Invalid condition id : UX DEVICE CLASS RTOS Condition cause : null
2023-09-19 20:31:05,709 [WARN] ConditionMgr:1039 - genDependencies : Invalid condition id : UX DEVICE CLASS RTOS Condition cause : null
2023-09-19 20:31:05,709 [WARN] ConditionMgr:1039 - genDependencies : Invalid condition id : UX DEVICE CLASS RTOS Condition cause : null
2023-09-19 20:31:05,720 [WARN] PackLoader:240 - Cannot read IP mode file for wolfSSL.I-CUBE-wolfSSL.5.5.0
2023-09-19 20:31:05,729 [WARN] PackLoader:240 - Cannot read IP mode file for STMicroelectronics.X-CUBE-NFC7.1.0.1
2023-09-19 20:31:05,739 [WARN] PackLoader:240 - Cannot read IP mode file for STMicroelectronics.X-CUBE-NFC7.1.0.0
2023-09-19 20:31:05,754 [WARN] PackLoader:240 - Cannot read IP mode file for STMicroelectronics.X-CUBE-NFC6.3.0.0
2023-09-19 20:31:05,766 [WARN] PackLoader:240 - Cannot read IP mode file for STMicroelectronics.X-CUBE-EEPRMA1.4.1.0
2023-09-19 20:31:05,778 [WARN] PackLoader:240 - Cannot read IP mode file for STMicroelectronics.X-CUBE-AI.8.1.0
2023-09-19 20:31:05,799 [WARN] ConditionMgr:438 - getConditionDescription Invalid condition id : LAN8742 Phy interface Condition cause : null
2023-09-19 20:31:05,799 [WARN] PackLoader:240 - Cannot read IP mode file for STMicroelectronics.X-CUBE-AZRTOS-L4.2.0.0
2023-09-19 20:31:05,799 [WARN] ConditionMgr:1039 - genDependencies : Invalid condition id : LAN8742 Phy interface Condition cause : null
2023-09-19 20:31:05,799 [WARN] ConditionMgr:1039 - genDependencies : Invalid condition id : LAN8742 Phy interface Condition cause : null
2023-09-19 20:31:05,800 [WARN] ConditionMgr:1039 - genDependencies : Invalid condition id : LAN8742 Phy interface Condition cause : null
2023-09-19 20:31:05,813 [WARN] PackLoader:240 - Cannot read IP mode file for STMicroelectronics.X-CUBE-SFXS2LP1.4.0.0
2023-09-19 20:31:05,843 [WARN] PackLoader:240 - Cannot read IP mode file for STMicroelectronics.X-CUBE-AZRTOS-H7.3.0.0
2023-09-19 20:31:05,854 [WARN] PackLoader:240 - Cannot read IP mode file for STMicroelectronics.X-CUBE-ISPU.1.1.0
2023-09-19 20:31:05,868 [WARN] PackLoader:240 - Cannot read IP mode file for RoweBots.I-CUBE-UNISONRTOS.5.5.0-4
2023-09-19 20:31:05,880 [WARN] PackLoader:240 - Cannot read IP mode file for STMicroelectronics.X-CUBE-AI.8.0.0
2023-09-19 20:31:05,901 [WARN] ConditionMgr:438 - getConditionDescription Invalid condition id : UX DEVICE CLASS RTOS Condition cause : null
2023-09-19 20:31:05,901 [WARN] ConditionMgr:438 - getConditionDescription Invalid condition id : UX DEVICE CLASS RTOS Condition cause : null
2023-09-19 20:31:05,903 [WARN] PackLoader:240 - Cannot read IP mode file for STMicroelectronics.X-CUBE-AZRTOS-WB.2.0.0
2023-09-19 20:31:05,904 [WARN] ConditionMgr:1039 - genDependencies : Invalid condition id : UX DEVICE CLASS RTOS Condition cause : null
2023-09-19 20:31:05,904 [WARN] ConditionMgr:1039 - genDependencies : Invalid condition id : UX DEVICE CLASS RTOS Condition cause : null
2023-09-19 20:31:05,904 [WARN] ConditionMgr:1039 - genDependencies : Invalid condition id : UX DEVICE CLASS RTOS Condition cause : null
2023-09-19 20:31:05,904 [WARN] ConditionMgr:1039 - genDependencies : Invalid condition id : UX DEVICE CLASS RTOS Condition cause : null
2023-09-19 20:31:05,904 [WARN] ConditionMgr:1039 - genDependencies : Invalid condition id : UX DEVICE CLASS RTOS Condition cause : null
2023-09-19 20:31:05,917 [WARN] PackLoader:240 - Cannot read IP mode file for STMicroelectronics.X-CUBE-FREERTOS.1.0.0
2023-09-19 20:31:05,930 [WARN] PackLoader:240 - Cannot read IP mode file for STMicroelectronics.X-CUBE-FREERTOS.1.0.1
2023-09-19 20:31:05,945 [WARN] PackLoader:240 - Cannot read IP mode file for STMicroelectronics.X-CUBE-BLEMGR.1.0.0
2023-09-19 20:31:05,972 [WARN] PackLoader:240 - Cannot read IP mode file for STMicroelectronics.X-CUBE-AZRTOS-L5.1.1.0
2023-09-19 20:31:05,988 [WARN] PackLoader:240 - Cannot read IP mode file for STMicroelectronics.X-CUBE-AI.8.0.1
2023-09-19 20:31:06,013 [WARN] PackLoader:240 - Cannot read IP mode file for STMicroelectronics.X-CUBE-SUBG2.5.0.0
2023-09-19 20:31:06,035 [WARN] PackLoader:240 - Cannot read IP mode file for STMicroelectronics.X-CUBE-TOF1.3.3.1
2023-09-19 20:31:06,068 [WARN] PackLoader:240 - Cannot read IP mode file for STMicroelectronics.X-CUBE-AZRTOS-G4.2.0.0
2023-09-19 20:31:06,091 [WARN] PackLoader:240 - Cannot read IP mode file for STMicroelectronics.X-CUBE-TOF1.3.3.0
2023-09-19 20:31:06,115 [WARN] PackLoader:240 - Cannot read IP mode file for STMicroelectronics.FP-ATR-ASTRA1.1.1.1
2023-09-19 20:31:06,146 [WARN] PackLoader:240 - Cannot read IP mode file for STMicroelectronics.X-CUBE-AZRTOS-G4.1.0.0
2023-09-19 20:31:06,175 [WARN] PackLoader:240 - Cannot read IP mode file for STMicroelectronics.X-CUBE-AZRTOS-L4.1.0.0
2023-09-19 20:31:06,192 [WARN] PackLoader:240 - Cannot read IP mode file for STMicroelectronics.X-CUBE-FREERTOS.1.1.0
2023-09-19 20:31:06,214 [WARN] PackLoader:240 - Cannot read IP mode file for STMicroelectronics.X-CUBE-AZRTOS-WL.1.0.0
2023-09-19 20:31:06,232 [WARN] PackLoader:240 - Cannot read IP mode file for portGmbH.I-Cube-SoM-uGOAL.1.1.0
2023-09-19 20:31:06,248 [WARN] PackLoader:240 - Cannot read IP mode file for STMicroelectronics.X-CUBE-ALS.1.0.1
2023-09-19 20:31:06,274 [WARN] PackLoader:240 - Cannot read IP mode file for STMicroelectronics.X-CUBE-AZRTOS-WB.1.1.0
2023-09-19 20:31:06,301 [WARN] PackLoader:240 - Cannot read IP mode file for STMicroelectronics.X-CUBE-AZRTOS-L5.1.0.0
2023-09-19 20:31:06,316 [WARN] PackLoader:240 - Cannot read IP mode file for STMicroelectronics.X-CUBE-EEPRMA1.3.1.1
2023-09-19 20:31:06,328 [WARN] PackLoader:240 - Cannot read IP mode file for STMicroelectronics.FP-ATR-ASTRA1.2.0.0
2023-09-19 20:31:06,328 [INFO] ThirdParty:978 - Integrity check success = true
2023-09-19 20:31:06,328 [INFO] IntegrityCheckThread:100 - exiting critical section [integrity check]
2023-09-19 20:31:06,328 [INFO] IntegrityCheckThread:103 - End integrity checks thread
2023-09-19 20:31:24,663 [ERROR] LogOutputStream:75 - [STDERR_REDIRECT] SLF4J: Failed to load class "org.slf4j.impl.StaticLoggerBinder".
2023-09-19 20:31:24,664 [ERROR] LogOutputStream:75 - [STDERR_REDIRECT] SLF4J: Defaulting to no-operation (NOP) logger implementation
2023-09-19 20:31:24,665 [ERROR] LogOutputStream:75 - [STDERR_REDIRECT] SLF4J: See http://www.slf4j.org/codes.html#StaticLoggerBinder for further details.
2023-09-19 20:32:09,869 [INFO] McuFinderGlobals:63 - Set McuFinder mode to 2 (CubeIDE integrated)
2023-09-19 20:32:09,892 [INFO] MainUpdater:2868 - connection check result : 10
2023-09-19 20:32:09,897 [INFO] MainUpdater:2868 - connection check result : 10
2023-09-19 20:32:10,072 [INFO] MicroXplorer:468 - Change Database Path : 
2023-09-19 20:32:10,072 [INFO] MicroXplorer:498 - Change Database Version : DB.6.0.91
2023-09-19 20:32:10,076 [WARN] ThirdParty:871 - waiting for thirdparty lock release [close project]
2023-09-19 20:32:10,076 [INFO] ThirdParty:873 - entering critical section [close project]
2023-09-19 20:32:10,076 [INFO] ThirdParty:883 - exiting critical section [close project]
2023-09-19 20:32:10,078 [INFO] PinOutPanel:1499 - setPackage(No Configuration,No Configuration)
2023-09-19 20:32:10,085 [INFO] UtilMem:75 - Begin LoadConfig() Used Memory: 541615616 Bytes (888143872)
2023-09-19 20:32:10,087 [INFO] MicroXplorer:468 - Change Database Path : 
2023-09-19 20:32:10,087 [INFO] MicroXplorer:498 - Change Database Version : DB.6.0.91
2023-09-19 20:32:10,087 [INFO] OpenFileManager:308 - Change cursor
2023-09-19 20:32:10,119 [INFO] Mcu:1946 - Initializing MCU STM32F103R(C-D-E)Tx STM32F103RETx STM32F103RET6
2023-09-19 20:32:11,014 [INFO] Context:659 - Trying to add GPIOservice into a context  which must be forbidden
2023-09-19 20:32:11,408 [INFO] RtosManager:555 - Registered RTOS mode: class=CMSIS, group=RTOS, mode=CMSIS_V1, owner=FREERTOS
2023-09-19 20:32:11,408 [INFO] RtosManager:555 - Registered RTOS mode: class=CMSIS, group=RTOS2, mode=CMSIS_V2, owner=FREERTOS
2023-09-19 20:32:11,408 [INFO] RtosManager:555 - Registered RTOS mode: class=RTOS, group=Core, mode=CMSIS_V1, owner=FREERTOS
2023-09-19 20:32:11,408 [INFO] RtosManager:555 - Registered RTOS mode: class=RTOS, group=Core, mode=CMSIS_V2, owner=FREERTOS
2023-09-19 20:32:11,408 [WARN] ModelIntegratedComponent:184 - Missing modes for component STMicroelectronics:FreeRTOS:0.0.1:STMicroelectronics:RTOS:FreeRTOS:Core:::10.2.0:
2023-09-19 20:32:11,421 [WARN] ModelIntegratedComponent:63 - No mode defined for component null
2023-09-19 20:32:11,421 [WARN] ModelIntegratedComponent:63 - No mode defined for component null
2023-09-19 20:32:11,421 [WARN] ModelIntegratedComponent:63 - No mode defined for component null
2023-09-19 20:32:11,421 [WARN] ModelIntegratedComponent:63 - No mode defined for component null
2023-09-19 20:32:11,421 [WARN] ModelIntegratedComponent:63 - No mode defined for component null
2023-09-19 20:32:11,421 [WARN] ModelIntegratedComponent:63 - No mode defined for component null
2023-09-19 20:32:11,421 [WARN] ModelIntegratedComponent:63 - No mode defined for component null
2023-09-19 20:32:11,422 [WARN] ModelIntegratedComponent:63 - No mode defined for component null
2023-09-19 20:32:11,422 [WARN] ModelIntegratedComponent:63 - No mode defined for component null
2023-09-19 20:32:11,422 [WARN] ModelIntegratedComponent:63 - No mode defined for component null
2023-09-19 20:32:11,422 [WARN] ModelIntegratedComponent:63 - No mode defined for component null
2023-09-19 20:32:11,422 [WARN] ModelIntegratedComponent:63 - No mode defined for component null
2023-09-19 20:32:11,422 [WARN] ModelIntegratedComponent:63 - No mode defined for component null
2023-09-19 20:32:11,422 [WARN] ModelIntegratedComponent:63 - No mode defined for component null
2023-09-19 20:32:11,422 [WARN] ModelIntegratedComponent:63 - No mode defined for component null
2023-09-19 20:32:11,422 [WARN] ModelIntegratedComponent:63 - No mode defined for component null
2023-09-19 20:32:11,422 [WARN] ModelIntegratedComponent:63 - No mode defined for component null
2023-09-19 20:32:11,422 [WARN] ModelIntegratedComponent:63 - No mode defined for component null
2023-09-19 20:32:11,422 [WARN] ModelIntegratedComponent:63 - No mode defined for component null
2023-09-19 20:32:11,422 [WARN] ModelIntegratedComponent:63 - No mode defined for component null
2023-09-19 20:32:11,422 [WARN] ModelIntegratedComponent:63 - No mode defined for component null
2023-09-19 20:32:11,422 [WARN] ModelIntegratedComponent:63 - No mode defined for component null
2023-09-19 20:32:11,422 [WARN] ModelIntegratedComponent:63 - No mode defined for component null
2023-09-19 20:32:11,422 [WARN] ModelIntegratedComponent:63 - No mode defined for component null
2023-09-19 20:32:11,422 [WARN] ModelIntegratedComponent:63 - No mode defined for component null
2023-09-19 20:32:11,422 [WARN] ModelIntegratedComponent:63 - No mode defined for component null
2023-09-19 20:32:11,422 [WARN] ModelIntegratedComponent:63 - No mode defined for component null
2023-09-19 20:32:11,422 [WARN] ModelIntegratedComponent:63 - No mode defined for component null
2023-09-19 20:32:11,422 [WARN] ModelIntegratedComponent:63 - No mode defined for component null
2023-09-19 20:32:11,422 [WARN] ModelIntegratedComponent:63 - No mode defined for component null
2023-09-19 20:32:11,422 [WARN] ModelIntegratedComponent:63 - No mode defined for component null
2023-09-19 20:32:11,422 [WARN] ModelIntegratedComponent:63 - No mode defined for component null
2023-09-19 20:32:11,422 [WARN] ModelIntegratedComponent:63 - No mode defined for component null
2023-09-19 20:32:11,529 [INFO] ThirdPartyModel:298 - Start build external matchings
2023-09-19 20:32:12,894 [INFO] ThirdPartyModel:316 - End build external matchings
2023-09-19 20:32:12,955 [INFO] ImportTextPane:194 - (OptionalMessage_ERROR) IP (RCC) : Invalid parameter (FamilyName)
2023-09-19 20:32:13,174 [INFO] UtilMem:75 - End LoadConfig() Used Memory: 792338264 Bytes (1073741824)
2023-09-19 20:32:13,291 [INFO] ApiDb:581 - Connected to CubeFinder SQLite database (C:\Users\sykojo\.stmcufinder\plugins\mcufinder\mcu\cube-finder-db.db)
2023-09-19 20:32:13,366 [INFO] ApiDb:668 - CubeFinder database Data Model version=2.1
2023-09-19 20:32:13,366 [INFO] ApiDb:669 - CubeFinder database Configuration version=3.0.37
2023-09-19 20:32:13,366 [INFO] ApiDb:670 - CubeFinder database generation date=2023-08-09 (1691586011)
2023-09-19 20:32:13,366 [INFO] ApiDb:671 - CubeFinder database FW Pack versions=[FP-ATR-ASTRA1_V2.0.0, FP-SNS-FLIGHT1_V5.0.1, FP-SNS-FLIGHT1_V5.0.2, FP-SNS-MOTENV1_V4.3.1, FP-SNS-MOTENV1_V4.3.2, STM32Cube_FW_C0_V1.1.0, STM32Cube_FW_F4_V1.27.1, STM32Cube_FW_F7_V1.17.0, STM32Cube_FW_G0_V1.6.1, STM32Cube_FW_G4_V1.5.1, STM32Cube_FW_H5_V0.5.1, STM32Cube_FW_H5_V1.1.0, STM32Cube_FW_H7_V1.11.0, STM32Cube_FW_L0_V1.12.2, STM32Cube_FW_L5_V1.5.0, STM32Cube_FW_U5_V1.3.0, STM32Cube_FW_U5_V1.3.0RC4, STM32Cube_FW_WBA_V1.0.0RC1, STM32Cube_FW_WBA_V1.1.0, STM32Cube_FW_WBA_V1.1.0RC1, STM32Cube_FW_WB_V1.15.0RC1, STM32Cube_FW_WB_V1.16.0, STM32Cube_FW_WB_V1.16.0RC2, STM32Cube_FW_WB_V1.17.0, STM32Cube_FW_WL_V1.3.0, X-CUBE-ALGOBUILD_V1.3.0, X-CUBE-ALS_V1.0.1, X-CUBE-AZRTOS-F4_V1.1.0, X-CUBE-AZRTOS-F7_V1.1.0, X-CUBE-AZRTOS-G0_V1.1.0, X-CUBE-AZRTOS-G4_V2.0.0, X-CUBE-AZRTOS-H7_V3.1.0, X-CUBE-AZRTOS-L4_V1.0.0, X-CUBE-AZRTOS-L4_V2.0.0, X-CUBE-AZRTOS-L5_V1.1.0, X-CUBE-AZRTOS-WB_V1.1.0, X-CUBE-AZRTOS-WL_V2.0.0, X-CUBE-BLE1_V7.0.0, X-CUBE-BLE2_V3.3.0, X-CUBE-BLEMGR_V2.0.0, X-CUBE-EEPRMA1_V4.1.0, X-CUBE-FREERTOS_V1.1.0, X-CUBE-GNSS1_V6.0.0, X-CUBE-MEMS1_V9.1.0, X-CUBE-MEMS1_V9.4.0, X-CUBE-MEMS1_V9.6.0, X-CUBE-NFC4_V3.0.0, X-CUBE-NFC7_V1.0.0, X-CUBE-SFXS2LP1_V4.0.0, X-CUBE-SUBG2_V5.0.0, X-CUBE-TOF1_V3.3.1]
2023-09-19 20:32:15,486 [INFO] ApiDb:240 - Found 323 in-development CPN: [B-G473E-ZEST1S, B-WB1M-WPAN1, B-WL5M-SUBG1, NUCLEO-C031C6, NUCLEO-H503RB, NUCLEO-H563ZI, NUCLEO-U545RE-Q, NUCLEO-U5A5ZJ-Q, NUCLEO-WBA52CG, STEVAL-PROTEUS1, STEVAL-SMARTAG2, STEVAL-STWINBX1, STM320518-EVAL, STM32C0116-DK, STM32C011D6Y3TR, STM32C011D6Y6TR, STM32C011F4P3, STM32C011F4P6, STM32C011F4U3, STM32C011F4U6TR, STM32C011F6P3, STM32C011F6P6, STM32C011F6U3, STM32C011F6U6TR, STM32C011J4M3, STM32C011J4M6, STM32C011J6M3, STM32C011J6M6, STM32C0316-DK, STM32C031C4T3, STM32C031C4T6, STM32C031C4U3, STM32C031C4U6, STM32C031C6T3, STM32C031C6T6, STM32C031C6U3, STM32C031C6U6, STM32C031F4P3, STM32C031F4P6, STM32C031F6P3, STM32C031F6P6, STM32C031G4U3, STM32C031G4U6, STM32C031G6U3, STM32C031G6U6, STM32C031K4T3, STM32C031K4T6, STM32C031K4U3, STM32C031K4U6, STM32C031K6T3, STM32C031K6T6, STM32C031K6U3, STM32C031K6U6, STM32G071K8TXN, STM32G071K8UXN, STM32G081GBU6N, STM32G081KBT6N, STM32G081KBUXN, STM32G0B1CCT6N, STM32G0B1KCT6, STM32G0B1NEY6TR, STM32G0B1RCT6N, STM32G0C1CCT6, STM32G0C1CCT6N, STM32G0C1CCU6N, STM32G0C1CET6N, STM32G0C1CEU6N, STM32G0C1KCT6, STM32G0C1NEY6TR, STM32G0C1RCI6N, STM32G0C1RCT6N, STM32G0C1REI6N, STM32G0C1RET6N, STM32G0C1VCI6, STM32G0C1VEI6, STM32G471CCT6, STM32G471CCU6, STM32G471CET3, STM32G471CET6, STM32G471CEU3, STM32G471CEU6, STM32G471MCT6, STM32G471MET3, STM32G471MET6, STM32G471MEY6TR, STM32G471QCT6, STM32G471QET3, STM32G471RCT6, STM32G471RET3, STM32G471RET6, STM32G471VCH6, STM32G471VCI6, STM32G471VCT6, STM32G471VEH3, STM32G471VEH6, STM32G471VEI3, STM32G471VEI6, STM32G471VET3, STM32G471VET6, STM32G474CCT6, STM32H503CBT6, STM32H503CBU6, STM32H503EBY6TR, STM32H503KBU6, STM32H503RBT6, STM32H562AGI6, STM32H562AII6, STM32H562IGK6, STM32H562IGT6, STM32H562IIK6, STM32H562IIT6, STM32H562RGT6, STM32H562RGV6, STM32H562RIT6, STM32H562RIV6, STM32H562VGT6, STM32H562VIT6, STM32H562ZGT6, STM32H562ZIT6, STM32H563AGI6, STM32H563AII3Q, STM32H563AII6, STM32H563IGK6, STM32H563IGT6, STM32H563IIK3Q, STM32H563IIK6, STM32H563IIT3Q, STM32H563IIT6, STM32H563MIY3QTR, STM32H563RGT6, STM32H563RGV6, STM32H563RIT6, STM32H563RIV6, STM32H563VGT6, STM32H563VIT3Q, STM32H563VIT6, STM32H563ZGT6, STM32H563ZIT3Q, STM32H563ZIT6, STM32H573AII3Q, STM32H573AII6, STM32H573I-DK, STM32H573IIK3Q, STM32H573IIK6, STM32H573IIT3Q, STM32H573IIT6, STM32H573MIY3QTR, STM32H573RIT6, STM32H573RIV6, STM32H573VIT3Q, STM32H573VIT6, STM32H573ZIT3Q, STM32H573ZIT6, STM32L4R5QGI6STR, STM32MP131AAE3, STM32MP131AAF3, STM32MP131AAG3, STM32MP131CAE3, STM32MP131CAF3, STM32MP131CAG3, STM32MP131DAE7, STM32MP131DAF7, STM32MP131DAG7, STM32MP131FAE7, STM32MP131FAF7, STM32MP131FAG7, STM32MP133AAE3, STM32MP133AAF3, STM32MP133AAG3, STM32MP133CAE3, STM32MP133CAF3, STM32MP133CAG3, STM32MP133DAE7, STM32MP133DAF7, STM32MP133DAG7, STM32MP133FAE7, STM32MP133FAF7, STM32MP133FAG7, STM32MP135AAE3, STM32MP135AAF3, STM32MP135AAG3, STM32MP135CAE3, STM32MP135CAF3, STM32MP135CAG3, STM32MP135DAE7, STM32MP135DAF7, STM32MP135DAG7, STM32MP135F-DK, STM32MP135FAE7, STM32MP135FAF7, STM32MP135FAF7T, STM32MP135FAF7U, STM32MP135FAG7, STM32U535CBT6, STM32U535CBT6Q, STM32U535CBU6, STM32U535CBU6Q, STM32U535CCT6, STM32U535CCT6Q, STM32U535CCU6, STM32U535CCU6Q, STM32U535CET6, STM32U535CET6Q, STM32U535CEU6, STM32U535CEU6Q, STM32U535JEY6QTR, STM32U535NCY6QTR, STM32U535NEY6QTR, STM32U535RBI6, STM32U535RBI6Q, STM32U535RBT6, STM32U535RBT6Q, STM32U535RCI6, STM32U535RCI6Q, STM32U535RCT6, STM32U535RCT6Q, STM32U535REI6, STM32U535REI6Q, STM32U535RET6, STM32U535RET6Q, STM32U535VCI6, STM32U535VCI6Q, STM32U535VCT6, STM32U535VCT6Q, STM32U535VEI6, STM32U535VEI6Q, STM32U535VET6, STM32U535VET6Q, STM32U545CET6, STM32U545CET6Q, STM32U545CEU6, STM32U545CEU6Q, STM32U545JEY6QTR, STM32U545NEY6QTR, STM32U545REI6, STM32U545REI6Q, STM32U545RET6, STM32U545RET6Q, STM32U545VEI6, STM32U545VEI6Q, STM32U545VET6, STM32U545VET6Q, STM32U595AIH6, STM32U595AIH6Q, STM32U595AJH6, STM32U595AJH6Q, STM32U595QII6, STM32U595QII6Q, STM32U595QJI6, STM32U595QJI6Q, STM32U595RIT6, STM32U595RIT6Q, STM32U595RJT6, STM32U595RJT6Q, STM32U595VIT6, STM32U595VIT6Q, STM32U595VJT6, STM32U595VJT6Q, STM32U595ZIT6, STM32U595ZIT6Q, STM32U595ZIY6QTR, STM32U595ZJT6, STM32U595ZJT6Q, STM32U595ZJY6QTR, STM32U599BJY6QTR, STM32U599NIH6Q, STM32U599NJH6Q, STM32U599VIT6Q, STM32U599VJT6, STM32U599VJT6Q, STM32U599ZIT6Q, STM32U599ZIY6QTR, STM32U599ZJT6Q, STM32U599ZJY6QTR, STM32U5A5AJH6, STM32U5A5AJH6Q, STM32U5A5QJI6, STM32U5A5QJI6Q, STM32U5A5RJT6, STM32U5A5RJT6Q, STM32U5A5VJT6, STM32U5A5VJT6Q, STM32U5A5ZJT6, STM32U5A5ZJT6Q, STM32U5A5ZJY6QTR, STM32U5A9BJY6QTR, STM32U5A9J-DK, STM32U5A9NJH6Q, STM32U5A9VJT6Q, STM32U5A9ZJT6Q, STM32U5A9ZJY6QTR, STM32U5F7VIT6, STM32U5F7VIT6Q, STM32U5F7VJT6, STM32U5F7VJT6Q, STM32U5F9BJY6QTR, STM32U5F9NJH6Q, STM32U5F9VIT6Q, STM32U5F9VJT6Q, STM32U5F9ZIJ6QTR, STM32U5F9ZIT6Q, STM32U5F9ZJJ6QTR, STM32U5F9ZJT6Q, STM32U5G7VJT6, STM32U5G7VJT6Q, STM32U5G9BJY6QTR, STM32U5G9J-DK1, STM32U5G9J-DK2, STM32U5G9NJH6Q, STM32U5G9VJT6Q, STM32U5G9ZJJ6QTR, STM32U5G9ZJT6Q, STM32WB1MMCH6, STM32WBA52CEU6, STM32WBA52CEU6T, STM32WBA52CGU6, STM32WBA52CGU6T, STM32WBA52KEU6, STM32WBA52KEU6T, STM32WBA52KGU6, STM32WBA52KGU6T, STM32WL5MOCH6, STM32WL5MOCH6TR]
2023-09-19 20:32:15,491 [INFO] DbMcus:217 - Found 3848 MCUs, 3848 are supported
2023-09-19 20:32:15,491 [INFO] ApiDb:423 - Load user favorites file C:\Users\sykojo/.stm32cubeide/favorites.mcus.txt: 0 item(s)
2023-09-19 20:32:15,492 [INFO] ApiDb:427 - User favorites MCUs=[]
2023-09-19 20:32:15,492 [INFO] DbMcus:223 - Set 0 / 0 favorites MCUs
2023-09-19 20:32:15,837 [WARN] ThirdParty:833 - waiting for thirdparty lock release [change project]
2023-09-19 20:32:15,837 [INFO] ThirdParty:835 - entering critical section [change project]
2023-09-19 20:32:15,837 [INFO] ThirdParty:1030 - CMSIS Pack Vendor :STMicroelectronics X-CUBE-ISPU 1.1.0
2023-09-19 20:32:15,837 [INFO] ThirdParty:1030 - CMSIS Pack Vendor :STMicroelectronics USBPD 4.1
2023-09-19 20:32:15,837 [INFO] ThirdParty:1030 - CMSIS Pack Vendor :RoweBots I-CUBE-UNISONRTOS 5.5.0-4
2023-09-19 20:32:15,837 [INFO] ThirdParty:1030 - CMSIS Pack Vendor :STMicroelectronics X-CUBE-GNSS1 6.0.0
2023-09-19 20:32:15,837 [INFO] ThirdParty:1030 - CMSIS Pack Vendor :STMicroelectronics X-CUBE-AZRTOS-H7 2.1.0
2023-09-19 20:32:15,837 [INFO] ThirdParty:1030 - CMSIS Pack Vendor :STMicroelectronics USB_HOST 2.0.0
2023-09-19 20:32:15,837 [INFO] ThirdParty:1030 - CMSIS Pack Vendor :STMicroelectronics X-CUBE-AZRTOS-F4 1.1.0
2023-09-19 20:32:15,837 [INFO] ThirdParty:1030 - CMSIS Pack Vendor :STMicroelectronics LIBJPEG 8.0.0
2023-09-19 20:32:15,837 [INFO] ThirdParty:1030 - CMSIS Pack Vendor :STMicroelectronics X-CUBE-SMBUS 2.1.0
2023-09-19 20:32:15,837 [INFO] ThirdParty:1030 - CMSIS Pack Vendor :STMicroelectronics USB_DEVICE 3.0.0
2023-09-19 20:32:15,837 [INFO] ThirdParty:1030 - CMSIS Pack Vendor :STMicroelectronics X-CUBE-AI 8.0.0
2023-09-19 20:32:15,837 [INFO] ThirdParty:1030 - CMSIS Pack Vendor :STMicroelectronics X-CUBE-AZRTOS-WB 2.0.0
2023-09-19 20:32:15,837 [INFO] ThirdParty:1030 - CMSIS Pack Vendor :STMicroelectronics X-CUBE-FREERTOS 1.0.0
2023-09-19 20:32:15,837 [INFO] ThirdParty:1030 - CMSIS Pack Vendor :STMicroelectronics X-CUBE-FREERTOS 1.0.1
2023-09-19 20:32:15,837 [INFO] ThirdParty:1030 - CMSIS Pack Vendor :STMicroelectronics X-CUBE-TOUCHGFX 4.21.1
2023-09-19 20:32:15,837 [INFO] ThirdParty:1030 - CMSIS Pack Vendor :STMicroelectronics X-CUBE-TOUCHGFX 4.21.3
2023-09-19 20:32:15,837 [INFO] ThirdParty:1030 - CMSIS Pack Vendor :STMicroelectronics X-CUBE-BLEMGR 1.0.0
2023-09-19 20:32:15,837 [INFO] ThirdParty:1030 - CMSIS Pack Vendor :STMicroelectronics X-CUBE-BLEMGR 1.2.0
2023-09-19 20:32:15,837 [INFO] ThirdParty:1030 - CMSIS Pack Vendor :STMicroelectronics X-CUBE-AZRTOS-F7 1.1.0
2023-09-19 20:32:15,837 [INFO] ThirdParty:1030 - CMSIS Pack Vendor :STMicroelectronics X-CUBE-AZRTOS-L5 2.0.0
2023-09-19 20:32:15,837 [INFO] ThirdParty:1030 - CMSIS Pack Vendor :STMicroelectronics X-CUBE-MEMS1 9.4.0
2023-09-19 20:32:15,838 [INFO] ThirdParty:1030 - CMSIS Pack Vendor :STMicroelectronics USB_DEVICE 2.0.0
2023-09-19 20:32:15,838 [INFO] ThirdParty:1030 - CMSIS Pack Vendor :STMicroelectronics X-CUBE-AI 7.3.0
2023-09-19 20:32:15,838 [INFO] ThirdParty:1030 - CMSIS Pack Vendor :STMicroelectronics X-CUBE-MEMS1 9.6.0
2023-09-19 20:32:15,838 [INFO] ThirdParty:1030 - CMSIS Pack Vendor :STMicroelectronics FP-SNS-MOTENV1 4.3.2
2023-09-19 20:32:15,838 [INFO] ThirdParty:1030 - CMSIS Pack Vendor :STMicroelectronics X-CUBE-BLE1 6.2.3
2023-09-19 20:32:15,838 [INFO] ThirdParty:1030 - CMSIS Pack Vendor :STMicroelectronics X-CUBE-ALGOBUILD 1.3.0
2023-09-19 20:32:15,838 [INFO] ThirdParty:1030 - CMSIS Pack Vendor :STMicroelectronics X-CUBE-BLE1 6.2.4
2023-09-19 20:32:15,838 [INFO] ThirdParty:1030 - CMSIS Pack Vendor :STMicroelectronics X-CUBE-AZRTOS-L5 1.1.0
2023-09-19 20:32:15,838 [INFO] ThirdParty:1030 - CMSIS Pack Vendor :STMicroelectronics FreeRTOS 0.0.1
2023-09-19 20:32:15,838 [INFO] ThirdParty:1030 - CMSIS Pack Vendor :STMicroelectronics X-CUBE-AZRTOS-G0 1.1.0
2023-09-19 20:32:15,838 [INFO] ThirdParty:1030 - CMSIS Pack Vendor :STMicroelectronics X-CUBE-BLEMGR 2.0.0
2023-09-19 20:32:15,838 [INFO] ThirdParty:1030 - CMSIS Pack Vendor :STMicroelectronics X-CUBE-AI 8.0.1
2023-09-19 20:32:15,838 [INFO] ThirdParty:1030 - CMSIS Pack Vendor :STMicroelectronics X-CUBE-NFC4 3.0.0
2023-09-19 20:32:15,838 [INFO] ThirdParty:1030 - CMSIS Pack Vendor :SEGGER I-CUBE-embOS 1.2.0
2023-09-19 20:32:15,838 [INFO] ThirdParty:1030 - CMSIS Pack Vendor :STMicroelectronics X-CUBE-SUBG2 5.0.0
2023-09-19 20:32:15,838 [INFO] ThirdParty:1030 - CMSIS Pack Vendor :STMicroelectronics STM32_WPAN 1.0.0
2023-09-19 20:32:15,838 [INFO] ThirdParty:1030 - CMSIS Pack Vendor :STMicroelectronics lwIP 2.0.3
2023-09-19 20:32:15,838 [INFO] ThirdParty:1030 - CMSIS Pack Vendor :STMicroelectronics FP-SNS-FLIGHT1 5.0.2
2023-09-19 20:32:15,838 [INFO] ThirdParty:1030 - CMSIS Pack Vendor :STMicroelectronics X-CUBE-NFC4 2.0.5
2023-09-19 20:32:15,838 [INFO] ThirdParty:1030 - CMSIS Pack Vendor :STMicroelectronics X-CUBE-NFC4 2.0.4
2023-09-19 20:32:15,838 [INFO] ThirdParty:1030 - CMSIS Pack Vendor :STMicroelectronics USB_HOST 1.0.0
2023-09-19 20:32:15,838 [INFO] ThirdParty:1030 - CMSIS Pack Vendor :STMicroelectronics X-CUBE-TOF1 3.3.1
2023-09-19 20:32:15,838 [INFO] ThirdParty:1030 - CMSIS Pack Vendor :STMicroelectronics X-CUBE-AZRTOS-G4 2.0.0
2023-09-19 20:32:15,838 [INFO] ThirdParty:1030 - CMSIS Pack Vendor :STMicroelectronics PDM2PCM 3.1.0
2023-09-19 20:32:15,838 [INFO] ThirdParty:1030 - CMSIS Pack Vendor :STMicroelectronics X-CUBE-AZRTOS-H7 3.1.0
2023-09-19 20:32:15,838 [INFO] ThirdParty:1030 - CMSIS Pack Vendor :STMicroelectronics X-CUBE-TOF1 3.3.0
2023-09-19 20:32:15,838 [INFO] ThirdParty:1030 - CMSIS Pack Vendor :STMicroelectronics FP-ATR-ASTRA1 1.1.1
2023-09-19 20:32:15,838 [INFO] ThirdParty:1030 - CMSIS Pack Vendor :STMicroelectronics PDM2PCM 3.3.0
2023-09-19 20:32:15,838 [INFO] ThirdParty:1030 - CMSIS Pack Vendor :STMicroelectronics X-CUBE-TOF1 3.1.0
2023-09-19 20:32:15,838 [INFO] ThirdParty:1030 - CMSIS Pack Vendor :STMicroelectronics X-CUBE-DISPLAY 3.0.0
2023-09-19 20:32:15,838 [INFO] ThirdParty:1030 - CMSIS Pack Vendor :STMicroelectronics X-CUBE-BLEMGR 1.3.0
2023-09-19 20:32:15,838 [INFO] ThirdParty:1030 - CMSIS Pack Vendor :STMicroelectronics X-CUBE-BLE1 7.0.0
2023-09-19 20:32:15,838 [INFO] ThirdParty:1030 - CMSIS Pack Vendor :STMicroelectronics FP-ATR-SIGFOX1 3.2.0
2023-09-19 20:32:15,839 [INFO] ThirdParty:1030 - CMSIS Pack Vendor :STMicroelectronics X-CUBE-AZRTOS-G4 1.0.0
2023-09-19 20:32:15,839 [INFO] ThirdParty:1030 - CMSIS Pack Vendor :STMicroelectronics X-CUBE-AZRTOS-L4 1.0.0
2023-09-19 20:32:15,839 [INFO] ThirdParty:1030 - CMSIS Pack Vendor :wolfSSL I-CUBE-wolfSSL 5.5.0
2023-09-19 20:32:15,839 [INFO] ThirdParty:1030 - CMSIS Pack Vendor :STMicroelectronics HAL Drivers 0.0.0
2023-09-19 20:32:15,839 [INFO] ThirdParty:1030 - CMSIS Pack Vendor :STMicroelectronics MBEDTLS 2.16.2
2023-09-19 20:32:15,839 [INFO] ThirdParty:1030 - CMSIS Pack Vendor :emotas I-CUBE-CANOPEN 1.1.2
2023-09-19 20:32:15,839 [INFO] ThirdParty:1030 - CMSIS Pack Vendor :STMicroelectronics X-CUBE-TOUCHGFX 4.20.0
2023-09-19 20:32:15,839 [INFO] ThirdParty:1030 - CMSIS Pack Vendor :STMicroelectronics X-CUBE-FREERTOS 1.1.0
2023-09-19 20:32:15,839 [INFO] ThirdParty:1030 - CMSIS Pack Vendor :STMicroelectronics X-CUBE-TOUCHGFX 4.22.0
2023-09-19 20:32:15,839 [INFO] ThirdParty:1030 - CMSIS Pack Vendor :STMicroelectronics X-CUBE-NFC7 1.0.1
2023-09-19 20:32:15,839 [INFO] ThirdParty:1030 - CMSIS Pack Vendor :STMicroelectronics MBEDTLS 2.14.1
2023-09-19 20:32:15,839 [INFO] ThirdParty:1030 - CMSIS Pack Vendor :STMicroelectronics X-CUBE-NFC7 1.0.0
2023-09-19 20:32:15,839 [INFO] ThirdParty:1030 - CMSIS Pack Vendor :STMicroelectronics X-CUBE-AZRTOS-WL 1.0.0
2023-09-19 20:32:15,839 [INFO] ThirdParty:1030 - CMSIS Pack Vendor :STMicroelectronics X-CUBE-NFC6 3.0.0
2023-09-19 20:32:15,839 [INFO] ThirdParty:1030 - CMSIS Pack Vendor :STMicroelectronics X-CUBE-MEMS1 9.3.0
2023-09-19 20:32:15,839 [INFO] ThirdParty:1030 - CMSIS Pack Vendor :STMicroelectronics X-CUBE-EEPRMA1 4.1.0
2023-09-19 20:32:15,839 [INFO] ThirdParty:1030 - CMSIS Pack Vendor :portGmbH I-Cube-SoM-uGOAL 1.1.0
2023-09-19 20:32:15,839 [INFO] ThirdParty:1030 - CMSIS Pack Vendor :STMicroelectronics X-CUBE-ALS 1.0.1
2023-09-19 20:32:15,839 [INFO] ThirdParty:1030 - CMSIS Pack Vendor :STMicroelectronics X-CUBE-AI 7.2.0
2023-09-19 20:32:15,839 [INFO] ThirdParty:1030 - CMSIS Pack Vendor :STMicroelectronics X-CUBE-MEMS1 9.5.0
2023-09-19 20:32:15,839 [INFO] ThirdParty:1030 - CMSIS Pack Vendor :STMicroelectronics ThreadX 1.0.0
2023-09-19 20:32:15,839 [INFO] ThirdParty:1030 - CMSIS Pack Vendor :STMicroelectronics FP-SNS-SMARTAG2 1.2.0
2023-09-19 20:32:15,839 [INFO] ThirdParty:1030 - CMSIS Pack Vendor :STMicroelectronics X-CUBE-AZRTOS-WB 1.1.0
2023-09-19 20:32:15,839 [INFO] ThirdParty:1030 - CMSIS Pack Vendor :STMicroelectronics X-CUBE-AZRTOS-WL 2.0.0
2023-09-19 20:32:15,839 [INFO] ThirdParty:1030 - CMSIS Pack Vendor :SEGGER I-CUBE-embOS 1.3.1
2023-09-19 20:32:15,839 [INFO] ThirdParty:1030 - CMSIS Pack Vendor :STMicroelectronics X-CUBE-AZRTOS-L5 1.0.0
2023-09-19 20:32:15,839 [INFO] ThirdParty:1030 - CMSIS Pack Vendor :STMicroelectronics USB_DEVICE 1.0.0
2023-09-19 20:32:15,839 [INFO] ThirdParty:1030 - CMSIS Pack Vendor :STMicroelectronics X-CUBE-AI 8.1.0
2023-09-19 20:32:15,839 [INFO] ThirdParty:1030 - CMSIS Pack Vendor :STMicroelectronics X-CUBE-EEPRMA1 3.1.1
2023-09-19 20:32:15,839 [INFO] ThirdParty:1030 - CMSIS Pack Vendor :STMicroelectronics X-CUBE-AZRTOS-L4 2.0.0
2023-09-19 20:32:15,839 [INFO] ThirdParty:1030 - CMSIS Pack Vendor :STMicroelectronics ThreadX 0.0.2
2023-09-19 20:32:15,839 [INFO] ThirdParty:1030 - CMSIS Pack Vendor :WES I-CUBE-Cesium 1.3.0
2023-09-19 20:32:15,839 [INFO] ThirdParty:1030 - CMSIS Pack Vendor :STMicroelectronics FP-ATR-ASTRA1 2.0.0
2023-09-19 20:32:15,839 [INFO] ThirdParty:1030 - CMSIS Pack Vendor :STMicroelectronics lwIP 2.1.2
2023-09-19 20:32:15,840 [INFO] ThirdParty:1030 - CMSIS Pack Vendor :STMicroelectronics X-CUBE-SFXS2LP1 4.0.0
2023-09-19 20:32:15,840 [INFO] ThirdParty:1030 - CMSIS Pack Vendor :STMicroelectronics X-CUBE-BLE2 3.3.0
2023-09-19 20:32:15,840 [INFO] ThirdParty:1030 - CMSIS Pack Vendor :STMicroelectronics X-CUBE-DISPLAY 2.2.0
2023-09-19 20:32:15,840 [INFO] ThirdParty:1030 - CMSIS Pack Vendor :STMicroelectronics X-CUBE-TOF1 3.2.0
2023-09-19 20:32:15,840 [INFO] ThirdParty:1030 - CMSIS Pack Vendor :STMicroelectronics PDM2PCM 3.2.0
2023-09-19 20:32:15,840 [INFO] ThirdParty:1030 - CMSIS Pack Vendor :STMicroelectronics X-CUBE-AZRTOS-H7 3.0.0
2023-09-19 20:32:15,840 [INFO] ThirdParty:1030 - CMSIS Pack Vendor :STMicroelectronics X-CUBE-ISPU 1.0.0
2023-09-19 20:32:15,840 [INFO] ThirdParty:841 - exiting critical section [change project]
2023-09-19 20:32:16,144 [INFO] PinOutPanel:1499 - setPackage(No Configuration,No Configuration)
2023-09-19 20:32:16,145 [INFO] PinOutPanel:1499 - setPackage(STM32F103RETx,LQFP64)
2023-09-19 20:32:16,493 [INFO] UtilMem:75 - Before build in PCC Used Memory: 550329224 Bytes (1073741824)
2023-09-19 20:32:17,146 [INFO] UtilMem:75 - After build in PCC Used Memory: 633688968 Bytes (1073741824)
2023-09-19 20:32:17,186 [INFO] IPUIPlugin:80 - create IPUIPlugin
2023-09-19 20:32:17,186 [INFO] IPUIPlugin:80 - create IPUIPlugin
2023-09-19 20:32:17,186 [INFO] IPUIPlugin:80 - create IPUIPlugin
2023-09-19 20:32:17,186 [INFO] IPUIPlugin:80 - create IPUIPlugin
2023-09-19 20:32:17,187 [INFO] IPUIPlugin:80 - create IPUIPlugin
2023-09-19 20:32:17,187 [INFO] IPUIPlugin:80 - create IPUIPlugin
2023-09-19 20:32:17,187 [INFO] IPUIPlugin:80 - create IPUIPlugin
2023-09-19 20:32:17,187 [INFO] IPUIPlugin:80 - create IPUIPlugin
2023-09-19 20:32:17,187 [INFO] IPUIPlugin:80 - create IPUIPlugin
2023-09-19 20:32:17,187 [INFO] IPUIPlugin:80 - create IPUIPlugin
2023-09-19 20:32:17,188 [INFO] IPUIPlugin:80 - create IPUIPlugin
2023-09-19 20:32:17,188 [INFO] IPUIPlugin:80 - create IPUIPlugin
2023-09-19 20:32:17,188 [INFO] IPUIPlugin:80 - create IPUIPlugin
2023-09-19 20:32:17,188 [INFO] IPUIPlugin:80 - create IPUIPlugin
2023-09-19 20:32:17,188 [INFO] IPUIPlugin:80 - create IPUIPlugin
2023-09-19 20:32:17,188 [INFO] IPUIPlugin:80 - create IPUIPlugin
2023-09-19 20:32:17,189 [INFO] IPUIPlugin:80 - create IPUIPlugin
2023-09-19 20:32:17,189 [INFO] IPUIPlugin:80 - create IPUIPlugin
2023-09-19 20:32:17,189 [INFO] IPUIPlugin:80 - create IPUIPlugin
2023-09-19 20:32:17,189 [INFO] IPUIPlugin:80 - create IPUIPlugin
2023-09-19 20:32:17,190 [INFO] IPUIPlugin:80 - create IPUIPlugin
2023-09-19 20:32:17,190 [INFO] IPUIPlugin:80 - create IPUIPlugin
2023-09-19 20:32:17,190 [INFO] IPUIPlugin:80 - create IPUIPlugin
2023-09-19 20:32:17,190 [INFO] IPUIPlugin:80 - create IPUIPlugin
2023-09-19 20:32:17,192 [INFO] IPUIPlugin:80 - create IPUIPlugin
2023-09-19 20:32:17,192 [INFO] IPUIPlugin:80 - create IPUIPlugin
2023-09-19 20:32:17,193 [INFO] IPUIPlugin:80 - create IPUIPlugin
2023-09-19 20:32:17,193 [INFO] IPUIPlugin:80 - create IPUIPlugin
2023-09-19 20:32:17,193 [INFO] IPUIPlugin:80 - create IPUIPlugin
2023-09-19 20:32:17,193 [INFO] IPUIPlugin:80 - create IPUIPlugin
2023-09-19 20:32:17,194 [INFO] IPUIPlugin:80 - create IPUIPlugin
2023-09-19 20:32:17,194 [INFO] IPUIPlugin:80 - create IPUIPlugin
2023-09-19 20:32:17,194 [INFO] IPUIPlugin:80 - create IPUIPlugin
2023-09-19 20:32:17,195 [INFO] IPUIPlugin:80 - create IPUIPlugin
2023-09-19 20:32:17,195 [INFO] IPUIPlugin:80 - create IPUIPlugin
2023-09-19 20:32:17,196 [INFO] IPUIPlugin:80 - create IPUIPlugin
2023-09-19 20:32:17,196 [INFO] IPUIPlugin:80 - create IPUIPlugin
2023-09-19 20:32:17,197 [INFO] IPUIPlugin:80 - create IPUIPlugin
2023-09-19 20:32:17,197 [INFO] IPUIPlugin:80 - create IPUIPlugin
2023-09-19 20:32:17,208 [WARN] IP:2114 - I2C_Coeff_DF not found: check if there is a RefParameter without a condition.
2023-09-19 20:32:17,208 [WARN] IP:2114 - Analog_Filter not found: check if there is a RefParameter without a condition.
2023-09-19 20:32:17,415 [INFO] CADModel:165 - CPN selected for project levelSTM32F103RET6
2023-09-19 20:32:17,416 [INFO] CADModel:114 - Register for checkConnection events
2023-09-19 20:32:17,481 [INFO] OpenFileManager:328 - Restore cursor
2023-09-19 20:32:17,644 [WARN] IP:2114 - I2C_Coeff_DF not found: check if there is a RefParameter without a condition.
2023-09-19 20:32:17,644 [WARN] IP:2114 - Analog_Filter not found: check if there is a RefParameter without a condition.
2023-09-19 20:32:17,645 [WARN] IP:2114 - I2C_Coeff_DF not found: check if there is a RefParameter without a condition.
2023-09-19 20:32:17,645 [WARN] IP:2114 - Analog_Filter not found: check if there is a RefParameter without a condition.
2023-09-19 20:51:51,947 [WARN] IP:2114 - I2C_Coeff_DF not found: check if there is a RefParameter without a condition.
2023-09-19 20:51:51,947 [WARN] IP:2114 - Analog_Filter not found: check if there is a RefParameter without a condition.
2023-09-19 20:51:51,947 [WARN] IP:2114 - I2C_Coeff_DF not found: check if there is a RefParameter without a condition.
2023-09-19 20:51:51,947 [WARN] IP:2114 - Analog_Filter not found: check if there is a RefParameter without a condition.
2023-09-19 20:51:51,967 [WARN] IP:2114 - I2C_Coeff_DF not found: check if there is a RefParameter without a condition.
2023-09-19 20:51:51,967 [WARN] IP:2114 - Analog_Filter not found: check if there is a RefParameter without a condition.
2023-09-19 20:51:51,986 [WARN] IP:2114 - I2C_Coeff_DF not found: check if there is a RefParameter without a condition.
2023-09-19 20:51:51,986 [WARN] IP:2114 - Analog_Filter not found: check if there is a RefParameter without a condition.
2023-09-19 20:52:57,560 [WARN] IP:2114 - I2C_Coeff_DF not found: check if there is a RefParameter without a condition.
2023-09-19 20:52:57,560 [WARN] IP:2114 - Analog_Filter not found: check if there is a RefParameter without a condition.
2023-09-19 20:52:57,560 [WARN] IP:2114 - I2C_Coeff_DF not found: check if there is a RefParameter without a condition.
2023-09-19 20:52:57,560 [WARN] IP:2114 - Analog_Filter not found: check if there is a RefParameter without a condition.
2023-09-19 20:52:57,572 [WARN] IP:2114 - I2C_Coeff_DF not found: check if there is a RefParameter without a condition.
2023-09-19 20:52:57,572 [WARN] IP:2114 - Analog_Filter not found: check if there is a RefParameter without a condition.
2023-09-19 20:52:57,582 [WARN] IP:2114 - I2C_Coeff_DF not found: check if there is a RefParameter without a condition.
2023-09-19 20:52:57,582 [WARN] IP:2114 - Analog_Filter not found: check if there is a RefParameter without a condition.
2023-09-19 20:53:03,687 [WARN] IP:2114 - I2C_Coeff_DF not found: check if there is a RefParameter without a condition.
2023-09-19 20:53:03,687 [WARN] IP:2114 - Analog_Filter not found: check if there is a RefParameter without a condition.
2023-09-19 20:53:03,687 [WARN] IP:2114 - I2C_Coeff_DF not found: check if there is a RefParameter without a condition.
2023-09-19 20:53:03,687 [WARN] IP:2114 - Analog_Filter not found: check if there is a RefParameter without a condition.
2023-09-19 20:53:03,704 [WARN] IP:2114 - I2C_Coeff_DF not found: check if there is a RefParameter without a condition.
2023-09-19 20:53:03,704 [WARN] IP:2114 - Analog_Filter not found: check if there is a RefParameter without a condition.
2023-09-19 20:53:03,717 [WARN] IP:2114 - I2C_Coeff_DF not found: check if there is a RefParameter without a condition.
2023-09-19 20:53:03,717 [WARN] IP:2114 - Analog_Filter not found: check if there is a RefParameter without a condition.
2023-09-19 20:56:25,913 [WARN] IP:2114 - I2C_Coeff_DF not found: check if there is a RefParameter without a condition.
2023-09-19 20:56:25,914 [WARN] IP:2114 - Analog_Filter not found: check if there is a RefParameter without a condition.
2023-09-19 20:56:25,914 [WARN] IP:2114 - I2C_Coeff_DF not found: check if there is a RefParameter without a condition.
2023-09-19 20:56:25,914 [WARN] IP:2114 - Analog_Filter not found: check if there is a RefParameter without a condition.
2023-09-19 20:56:25,922 [WARN] IP:2114 - I2C_Coeff_DF not found: check if there is a RefParameter without a condition.
2023-09-19 20:56:25,922 [WARN] IP:2114 - Analog_Filter not found: check if there is a RefParameter without a condition.
2023-09-19 20:56:25,930 [WARN] IP:2114 - I2C_Coeff_DF not found: check if there is a RefParameter without a condition.
2023-09-19 20:56:25,930 [WARN] IP:2114 - Analog_Filter not found: check if there is a RefParameter without a condition.
2023-09-19 20:58:16,290 [WARN] IP:2114 - I2C_Coeff_DF not found: check if there is a RefParameter without a condition.
2023-09-19 20:58:16,290 [WARN] IP:2114 - Analog_Filter not found: check if there is a RefParameter without a condition.
2023-09-19 20:58:16,290 [WARN] IP:2114 - I2C_Coeff_DF not found: check if there is a RefParameter without a condition.
2023-09-19 20:58:16,290 [WARN] IP:2114 - Analog_Filter not found: check if there is a RefParameter without a condition.
2023-09-19 20:58:20,828 [WARN] IP:2114 - I2C_Coeff_DF not found: check if there is a RefParameter without a condition.
2023-09-19 20:58:20,828 [WARN] IP:2114 - Analog_Filter not found: check if there is a RefParameter without a condition.
2023-09-19 20:58:20,828 [WARN] IP:2114 - I2C_Coeff_DF not found: check if there is a RefParameter without a condition.
2023-09-19 20:58:20,828 [WARN] IP:2114 - Analog_Filter not found: check if there is a RefParameter without a condition.
2023-09-19 20:58:41,485 [INFO] NvicIntPanel:101 - NVIC parent = com.st.microxplorer.plugins.ip.nvic.MultiNvicIntPanel[,0,0,568x377,layout=javax.swing.BoxLayout,alignmentX=0.0,alignmentY=0.0,border=,flags=9,maximumSize=,minimumSize=,preferredSize=]
2023-09-19 21:01:51,984 [WARN] IP:2114 - I2C_Coeff_DF not found: check if there is a RefParameter without a condition.
2023-09-19 21:01:51,984 [WARN] IP:2114 - Analog_Filter not found: check if there is a RefParameter without a condition.
2023-09-19 21:01:51,984 [WARN] IP:2114 - I2C_Coeff_DF not found: check if there is a RefParameter without a condition.
2023-09-19 21:01:51,984 [WARN] IP:2114 - Analog_Filter not found: check if there is a RefParameter without a condition.
2023-09-19 21:01:51,995 [WARN] IP:2114 - I2C_Coeff_DF not found: check if there is a RefParameter without a condition.
2023-09-19 21:01:51,995 [WARN] IP:2114 - Analog_Filter not found: check if there is a RefParameter without a condition.
2023-09-19 21:01:52,005 [WARN] IP:2114 - I2C_Coeff_DF not found: check if there is a RefParameter without a condition.
2023-09-19 21:01:52,005 [WARN] IP:2114 - Analog_Filter not found: check if there is a RefParameter without a condition.
2023-09-19 21:01:54,845 [WARN] IP:2114 - I2C_Coeff_DF not found: check if there is a RefParameter without a condition.
2023-09-19 21:01:54,845 [WARN] IP:2114 - Analog_Filter not found: check if there is a RefParameter without a condition.
2023-09-19 21:01:54,846 [WARN] IP:2114 - I2C_Coeff_DF not found: check if there is a RefParameter without a condition.
2023-09-19 21:01:54,846 [WARN] IP:2114 - Analog_Filter not found: check if there is a RefParameter without a condition.
2023-09-19 21:01:54,854 [WARN] IP:2114 - I2C_Coeff_DF not found: check if there is a RefParameter without a condition.
2023-09-19 21:01:54,854 [WARN] IP:2114 - Analog_Filter not found: check if there is a RefParameter without a condition.
2023-09-19 21:01:54,864 [WARN] IP:2114 - I2C_Coeff_DF not found: check if there is a RefParameter without a condition.
2023-09-19 21:01:54,865 [WARN] IP:2114 - Analog_Filter not found: check if there is a RefParameter without a condition.
2023-09-19 21:02:04,480 [WARN] IP:2114 - I2C_Coeff_DF not found: check if there is a RefParameter without a condition.
2023-09-19 21:02:04,480 [WARN] IP:2114 - Analog_Filter not found: check if there is a RefParameter without a condition.
2023-09-19 21:02:04,480 [WARN] IP:2114 - I2C_Coeff_DF not found: check if there is a RefParameter without a condition.
2023-09-19 21:02:04,480 [WARN] IP:2114 - Analog_Filter not found: check if there is a RefParameter without a condition.
2023-09-19 21:02:04,489 [WARN] IP:2114 - I2C_Coeff_DF not found: check if there is a RefParameter without a condition.
2023-09-19 21:02:04,489 [WARN] IP:2114 - Analog_Filter not found: check if there is a RefParameter without a condition.
2023-09-19 21:02:04,498 [WARN] IP:2114 - I2C_Coeff_DF not found: check if there is a RefParameter without a condition.
2023-09-19 21:02:04,498 [WARN] IP:2114 - Analog_Filter not found: check if there is a RefParameter without a condition.
2023-09-19 21:56:07,699 [INFO] UtilMem:75 - End SaveConfig() Used Memory: 790982136 Bytes (1073741824)
2023-09-19 21:56:09,880 [INFO] UtilMem:75 - End SaveConfig() Used Memory: 809694992 Bytes (1073741824)
2023-09-19 21:56:59,703 [ERROR] LogOutputStream:75 - [STDERR_REDIRECT] 
