2023-09-10 16:16:29,874 [INFO] Activator:176 - 


2023-09-10 16:16:29,879 [INFO] Activator:177 - !SESSION log4j initialized
2023-09-10 16:16:34,838 [INFO] LogOutputStream:77 - [STDOUT_REDIRECT] 
2023-09-10 16:16:35,901 [INFO] ApplicationProperties:184 - Using Application install path: C:\ST\STM32CubeIDE_1.11.0\STM32CubeIDE\plugins\com.st.stm32cube.common.mx_6.9.1.202307191849
2023-09-10 16:16:35,918 [INFO] DbMcusXml:78 - Set database path to: C:\ST\STM32CubeIDE_1.11.0\STM32CubeIDE\plugins\com.st.stm32cube.common.mx_6.9.1.202307191849\\db\/mcu/
2023-09-10 16:16:35,918 [INFO] ApiDb:274 - Set plugin database path to: C:\ST\STM32CubeIDE_1.11.0\STM32CubeIDE\plugins\com.st.stm32cube.common.mx_6.9.1.202307191849\\db\/plugins/boardmanager/
2023-09-10 16:16:35,919 [WARN] ApiDb:259 - Overriding images path with different value:  => C:\ST\STM32CubeIDE_1.11.0\STM32CubeIDE\plugins\com.st.stm32cube.common.mx_6.9.1.202307191849\\db\/plugins/mcufinder/images/
2023-09-10 16:16:35,929 [INFO] ApiDb:250 - Set database path to: C:\Users\sykojo\.stmcufinder\plugins\mcufinder//mcu/
2023-09-10 16:16:35,931 [INFO] DbMcusAds:125 - Set database path to: C:\Users\sykojo\.stmcufinder\plugins\mcufinder//mcu/
2023-09-10 16:16:35,932 [INFO] CrossReferenceDbSqlite:203 - Set database path to: C:\Users\sykojo\.stmcufinder\plugins\mcufinder//mcu/cs/
2023-09-10 16:16:36,021 [INFO] RulesReader:64 - Compatibility file has been processed (293 Rules)
2023-09-10 16:16:36,098 [INFO] DbMcusXml:78 - Set database path to: C:\ST\STM32CubeIDE_1.11.0\STM32CubeIDE\plugins\com.st.stm32cube.common.mx_6.9.1.202307191849\\db\/mcu/
2023-09-10 16:16:36,098 [INFO] ApiDb:274 - Set plugin database path to: C:\ST\STM32CubeIDE_1.11.0\STM32CubeIDE\plugins\com.st.stm32cube.common.mx_6.9.1.202307191849\\db\/plugins/boardmanager/
2023-09-10 16:16:36,098 [INFO] ApiDb:261 - Set plugin images path to: C:\ST\STM32CubeIDE_1.11.0\STM32CubeIDE\plugins\com.st.stm32cube.common.mx_6.9.1.202307191849\\db\/plugins/mcufinder/images/
2023-09-10 16:16:36,098 [WARN] DbFile:41 - Overriding database path with different value: C:\Users\sykojo\.stmcufinder\plugins\mcufinder/ => C:\Users\sykojo\.stmcufinder\plugins\mcufinder
2023-09-10 16:16:36,098 [INFO] ApiDb:250 - Set database path to: C:\Users\sykojo\.stmcufinder\plugins\mcufinder//mcu/
2023-09-10 16:16:36,098 [WARN] DbFile:41 - Overriding database path with different value: C:\Users\sykojo\.stmcufinder\plugins\mcufinder/ => C:\Users\sykojo\.stmcufinder\plugins\mcufinder
2023-09-10 16:16:36,098 [INFO] DbMcusAds:125 - Set database path to: C:\Users\sykojo\.stmcufinder\plugins\mcufinder//mcu/
2023-09-10 16:16:36,098 [WARN] DbFile:41 - Overriding database path with different value: C:\Users\sykojo\.stmcufinder\plugins\mcufinder/ => C:\Users\sykojo\.stmcufinder\plugins\mcufinder
2023-09-10 16:16:36,098 [WARN] DbFile:41 - Overriding database path with different value: C:\Users\sykojo\.stmcufinder\plugins\mcufinder/ => C:\Users\sykojo\.stmcufinder\plugins\mcufinder
2023-09-10 16:16:36,098 [INFO] CrossReferenceDbSqlite:203 - Set database path to: C:\Users\sykojo\.stmcufinder\plugins\mcufinder//mcu/cs/
2023-09-10 16:16:36,164 [INFO] MainPanel:262 - HeapMemory: 268435456
2023-09-10 16:16:36,251 [INFO] DbMcusXml:78 - Set database path to: C:\ST\STM32CubeIDE_1.11.0\STM32CubeIDE\plugins\com.st.stm32cube.common.mx_6.9.1.202307191849\\db\/mcu/
2023-09-10 16:16:36,251 [INFO] ApiDb:274 - Set plugin database path to: C:\ST\STM32CubeIDE_1.11.0\STM32CubeIDE\plugins\com.st.stm32cube.common.mx_6.9.1.202307191849\\db\/plugins/boardmanager/
2023-09-10 16:16:36,251 [INFO] ApiDb:261 - Set plugin images path to: C:\ST\STM32CubeIDE_1.11.0\STM32CubeIDE\plugins\com.st.stm32cube.common.mx_6.9.1.202307191849\\db\/plugins/mcufinder/images/
2023-09-10 16:16:36,251 [WARN] DbFile:41 - Overriding database path with different value: C:\Users\sykojo\.stmcufinder\plugins\mcufinder/ => C:\Users\sykojo\.stmcufinder\plugins\mcufinder
2023-09-10 16:16:36,251 [INFO] ApiDb:250 - Set database path to: C:\Users\sykojo\.stmcufinder\plugins\mcufinder//mcu/
2023-09-10 16:16:36,251 [WARN] DbFile:41 - Overriding database path with different value: C:\Users\sykojo\.stmcufinder\plugins\mcufinder/ => C:\Users\sykojo\.stmcufinder\plugins\mcufinder
2023-09-10 16:16:36,252 [INFO] DbMcusAds:125 - Set database path to: C:\Users\sykojo\.stmcufinder\plugins\mcufinder//mcu/
2023-09-10 16:16:36,252 [WARN] DbFile:41 - Overriding database path with different value: C:\Users\sykojo\.stmcufinder\plugins\mcufinder/ => C:\Users\sykojo\.stmcufinder\plugins\mcufinder
2023-09-10 16:16:36,252 [WARN] DbFile:41 - Overriding database path with different value: C:\Users\sykojo\.stmcufinder\plugins\mcufinder/ => C:\Users\sykojo\.stmcufinder\plugins\mcufinder
2023-09-10 16:16:36,252 [INFO] CrossReferenceDbSqlite:203 - Set database path to: C:\Users\sykojo\.stmcufinder\plugins\mcufinder//mcu/cs/
2023-09-10 16:16:36,271 [INFO] ApplicationProperties:184 - Using Application install path: C:\ST\STM32CubeIDE_1.11.0\STM32CubeIDE\plugins\com.st.stm32cube.common.mx_6.9.1.202307191849
2023-09-10 16:16:36,272 [INFO] PluginManage:196 - Search for loadable plugins [exclusion list=, ]
2023-09-10 16:16:36,275 [INFO] PluginManage:310 - Check plugin analytics
2023-09-10 16:16:36,406 [INFO] AnalyticsPlugin:253 - Accepted Software Licenses: 
2023-09-10 16:16:36,406 [INFO] AnalyticsPlugin:255 - Accepted CMSIS Pack Licenses: STMicroelectronics.X-CUBE-TOF1.3.2.0
2023-09-10 16:16:36,406 [INFO] AnalyticsPlugin:257 - Accepted Firmware Licenses: 
2023-09-10 16:16:36,408 [INFO] PluginManage:359 - Loaded plugin analytics (category:tool,tabindex:-1)
2023-09-10 16:16:36,408 [INFO] PluginManage:310 - Check plugin cadmodel
2023-09-10 16:16:36,421 [INFO] CADModel:105 - Init CAD model plugin
2023-09-10 16:16:36,421 [INFO] PluginManage:359 - Loaded plugin cadmodel (category:power,tabindex:5)
2023-09-10 16:16:36,421 [INFO] PluginManage:310 - Check plugin clock
2023-09-10 16:16:36,438 [INFO] PluginManage:359 - Loaded plugin clock (category:base,tabindex:2)
2023-09-10 16:16:36,439 [INFO] PluginManage:310 - Check plugin ddr
2023-09-10 16:16:36,441 [INFO] PluginManage:359 - Loaded plugin ddr (category:tool,tabindex:6)
2023-09-10 16:16:36,441 [INFO] PluginManage:310 - Check plugin filemanager
2023-09-10 16:16:36,555 [INFO] PluginManage:359 - Loaded plugin filemanager (category:base,tabindex:10)
2023-09-10 16:16:36,555 [INFO] PluginManage:310 - Check plugin ipmanager
2023-09-10 16:16:36,560 [INFO] PluginManage:359 - Loaded plugin ipmanager (category:base,tabindex:5)
2023-09-10 16:16:36,560 [INFO] PluginManage:310 - Check plugin lpbam
2023-09-10 16:16:36,574 [INFO] PluginManage:359 - Loaded plugin lpbam (category:base,tabindex:0)
2023-09-10 16:16:36,574 [INFO] PluginManage:310 - Check plugin memorymap
2023-09-10 16:16:36,593 [INFO] PluginManage:359 - Loaded plugin memorymap (category:base,tabindex:4)
2023-09-10 16:16:36,593 [INFO] PluginManage:310 - Check plugin pinoutandconfiguration
2023-09-10 16:16:36,606 [INFO] PluginManage:359 - Loaded plugin pinoutandconfiguration (category:base,tabindex:1)
2023-09-10 16:16:36,607 [INFO] PluginManage:310 - Check plugin pinoutconfig
2023-09-10 16:16:36,681 [WARN] SupportedApi:132 - Cannot load RTOS API schema: s4s-elt-must-match.1: The content of 'definitions' must match (annotation?, (simpleType | complexType)?, (unique | key | keyref)*)). A problem was found starting at: attribute.
2023-09-10 16:16:36,781 [INFO] PluginManage:359 - Loaded plugin pinoutconfig (category:base,tabindex:0)
2023-09-10 16:16:36,781 [INFO] PluginManage:310 - Check plugin power
2023-09-10 16:16:36,797 [INFO] PluginManage:359 - Loaded plugin power (category:power,tabindex:4)
2023-09-10 16:16:36,797 [INFO] PluginManage:310 - Check plugin projectmanager
2023-09-10 16:16:36,808 [INFO] PluginManage:359 - Loaded plugin projectmanager (category:projectmanager,tabindex:3)
2023-09-10 16:16:36,808 [INFO] PluginManage:310 - Check plugin thirdparty
2023-09-10 16:16:37,016 [INFO] PluginManage:359 - Loaded plugin thirdparty (category:base,tabindex:-1)
2023-09-10 16:16:37,016 [WARN] IntegrityCheckThread:84 - waiting for thirdparty lock release [integrity check]
2023-09-10 16:16:37,017 [INFO] PluginManage:310 - Check plugin tools
2023-09-10 16:16:37,017 [INFO] IntegrityCheckThread:86 - entering critical section [integrity check]
2023-09-10 16:16:37,017 [INFO] ThirdPartyUpdaterWithRetryManager:70 - Updater plugin not ready yet. [1/15]
2023-09-10 16:16:37,042 [INFO] PluginManage:359 - Loaded plugin tools (category:base,tabindex:7)
2023-09-10 16:16:37,043 [INFO] PluginManage:310 - Check plugin tutovideos
2023-09-10 16:16:37,195 [INFO] PluginManage:359 - Loaded plugin tutovideos (category:base,tabindex:-1)
2023-09-10 16:16:37,195 [INFO] PluginManage:310 - Check plugin updater
2023-09-10 16:16:37,205 [INFO] PluginManage:359 - Loaded plugin updater (category:base,tabindex:12)
2023-09-10 16:16:37,205 [INFO] PluginManage:310 - Check plugin userauth
2023-09-10 16:16:37,210 [INFO] UserAuth:113 - Init User Auth plugin
2023-09-10 16:16:37,210 [INFO] PluginManage:359 - Loaded plugin userauth (category:base,tabindex:14)
2023-09-10 16:16:37,210 [INFO] PluginManage:283 - PluginManage : Loaded plugins [17]
2023-09-10 16:16:37,389 [INFO] PinOutPanel:1499 - setPackage(No Configuration,No Configuration)
2023-09-10 16:16:37,479 [INFO] CADModel:165 - CPN selected for project level
2023-09-10 16:16:37,479 [INFO] CADModel:114 - Register for checkConnection events
2023-09-10 16:16:37,512 [INFO] IPUIPlugin:80 - create IPUIPlugin
2023-09-10 16:16:37,512 [INFO] PluginManager:220 - loadIPPluginJar : add adc
2023-09-10 16:16:37,537 [INFO] IPUIPlugin:80 - create IPUIPlugin
2023-09-10 16:16:37,538 [INFO] PluginManager:220 - loadIPPluginJar : add aes
2023-09-10 16:16:37,566 [INFO] IPUIPlugin:80 - create IPUIPlugin
2023-09-10 16:16:37,566 [INFO] PluginManager:220 - loadIPPluginJar : add can
2023-09-10 16:16:37,582 [INFO] IPUIPlugin:80 - create IPUIPlugin
2023-09-10 16:16:37,582 [INFO] PluginManager:220 - loadIPPluginJar : add comp
2023-09-10 16:16:37,606 [INFO] IPUIPlugin:80 - create IPUIPlugin
2023-09-10 16:16:37,606 [INFO] PluginManager:220 - loadIPPluginJar : add cryp
2023-09-10 16:16:37,627 [INFO] IPUIPlugin:80 - create IPUIPlugin
2023-09-10 16:16:37,627 [INFO] PluginManager:220 - loadIPPluginJar : add dfsdm
2023-09-10 16:16:37,638 [INFO] IPUIPlugin:80 - create IPUIPlugin
2023-09-10 16:16:37,639 [INFO] PluginManager:220 - loadIPPluginJar : add dma
2023-09-10 16:16:37,667 [INFO] IPUIPlugin:80 - create IPUIPlugin
2023-09-10 16:16:37,667 [INFO] PluginManager:220 - loadIPPluginJar : add dma3
2023-09-10 16:16:37,682 [INFO] IPUIPlugin:80 - create IPUIPlugin
2023-09-10 16:16:37,682 [INFO] PluginManager:220 - loadIPPluginJar : add fatfs
2023-09-10 16:16:37,714 [INFO] IPUIPlugin:80 - create IPUIPlugin
2023-09-10 16:16:37,714 [INFO] PluginManager:220 - loadIPPluginJar : add fmc
2023-09-10 16:16:37,726 [INFO] IPUIPlugin:80 - create IPUIPlugin
2023-09-10 16:16:37,727 [INFO] PluginManager:220 - loadIPPluginJar : add freertos
2023-09-10 16:16:37,742 [INFO] IPUIPlugin:80 - create IPUIPlugin
2023-09-10 16:16:37,742 [INFO] PluginManager:220 - loadIPPluginJar : add genericplugin
2023-09-10 16:16:37,807 [INFO] IPUIPlugin:80 - create IPUIPlugin
2023-09-10 16:16:37,807 [INFO] PluginManager:220 - loadIPPluginJar : add gfxmmu
2023-09-10 16:16:37,892 [INFO] IPUIPlugin:80 - create IPUIPlugin
2023-09-10 16:16:37,892 [INFO] PluginManager:220 - loadIPPluginJar : add gic
2023-09-10 16:16:37,902 [INFO] IPUIPlugin:80 - create IPUIPlugin
2023-09-10 16:16:37,903 [INFO] PluginManager:220 - loadIPPluginJar : add gpio
2023-09-10 16:16:37,965 [INFO] IPUIPlugin:80 - create IPUIPlugin
2023-09-10 16:16:37,965 [INFO] PluginManager:220 - loadIPPluginJar : add gtzc
2023-09-10 16:16:37,987 [INFO] IPUIPlugin:80 - create IPUIPlugin
2023-09-10 16:16:37,987 [INFO] PluginManager:220 - loadIPPluginJar : add hash
2023-09-10 16:16:38,022 [INFO] IPUIPlugin:80 - create IPUIPlugin
2023-09-10 16:16:38,022 [INFO] PluginManager:220 - loadIPPluginJar : add i2c
2023-09-10 16:16:38,049 [INFO] IPUIPlugin:80 - create IPUIPlugin
2023-09-10 16:16:38,049 [INFO] PluginManager:220 - loadIPPluginJar : add i2s
2023-09-10 16:16:38,078 [INFO] IPUIPlugin:80 - create IPUIPlugin
2023-09-10 16:16:38,078 [INFO] PluginManager:220 - loadIPPluginJar : add i3c
2023-09-10 16:16:38,151 [INFO] IPUIPlugin:80 - create IPUIPlugin
2023-09-10 16:16:38,151 [INFO] PluginManager:220 - loadIPPluginJar : add ipddr
2023-09-10 16:16:38,213 [INFO] IPUIPlugin:80 - create IPUIPlugin
2023-09-10 16:16:38,213 [INFO] PluginManager:220 - loadIPPluginJar : add linkedlist
2023-09-10 16:16:38,237 [INFO] IPUIPlugin:80 - create IPUIPlugin
2023-09-10 16:16:38,238 [INFO] PluginManager:220 - loadIPPluginJar : add lorawan
2023-09-10 16:16:38,263 [INFO] IPUIPlugin:80 - create IPUIPlugin
2023-09-10 16:16:38,263 [INFO] PluginManager:220 - loadIPPluginJar : add ltdc
2023-09-10 16:16:38,274 [INFO] IPUIPlugin:80 - create IPUIPlugin
2023-09-10 16:16:38,274 [INFO] PluginManager:220 - loadIPPluginJar : add mdma
2023-09-10 16:16:38,283 [INFO] IPUIPlugin:80 - create IPUIPlugin
2023-09-10 16:16:38,283 [INFO] PluginManager:220 - loadIPPluginJar : add nvic
2023-09-10 16:16:38,308 [INFO] IPUIPlugin:80 - create IPUIPlugin
2023-09-10 16:16:38,308 [INFO] PluginManager:220 - loadIPPluginJar : add opamp
2023-09-10 16:16:38,349 [INFO] IPUIPlugin:80 - create IPUIPlugin
2023-09-10 16:16:38,349 [INFO] PluginManager:220 - loadIPPluginJar : add openamp
2023-09-10 16:16:38,379 [INFO] IPUIPlugin:80 - create IPUIPlugin
2023-09-10 16:16:38,379 [INFO] PluginManager:220 - loadIPPluginJar : add pdm2pcm
2023-09-10 16:16:38,389 [INFO] IPUIPlugin:80 - create IPUIPlugin
2023-09-10 16:16:38,391 [INFO] PluginManager:220 - loadIPPluginJar : add plateformsettings
2023-09-10 16:16:38,406 [INFO] IPUIPlugin:80 - create IPUIPlugin
2023-09-10 16:16:38,406 [INFO] PluginManager:220 - loadIPPluginJar : add quadspi
2023-09-10 16:16:38,417 [INFO] IPUIPlugin:80 - create IPUIPlugin
2023-09-10 16:16:38,417 [INFO] PluginManager:220 - loadIPPluginJar : add resmgrutility
2023-09-10 16:16:38,450 [INFO] IPUIPlugin:80 - create IPUIPlugin
2023-09-10 16:16:38,450 [INFO] PluginManager:220 - loadIPPluginJar : add sai
2023-09-10 16:16:38,476 [INFO] IPUIPlugin:80 - create IPUIPlugin
2023-09-10 16:16:38,476 [INFO] PluginManager:220 - loadIPPluginJar : add spi
2023-09-10 16:16:38,514 [INFO] IPUIPlugin:80 - create IPUIPlugin
2023-09-10 16:16:38,514 [INFO] PluginManager:220 - loadIPPluginJar : add stm32_wpan
2023-09-10 16:16:38,531 [INFO] IPUIPlugin:80 - create IPUIPlugin
2023-09-10 16:16:38,531 [INFO] PluginManager:220 - loadIPPluginJar : add tim
2023-09-10 16:16:38,569 [INFO] IPUIPlugin:80 - create IPUIPlugin
2023-09-10 16:16:38,569 [INFO] PluginManager:220 - loadIPPluginJar : add touchsensing
2023-09-10 16:16:38,586 [INFO] IPUIPlugin:80 - create IPUIPlugin
2023-09-10 16:16:38,586 [INFO] PluginManager:220 - loadIPPluginJar : add tracer_emb
2023-09-10 16:16:38,602 [INFO] IPUIPlugin:80 - create IPUIPlugin
2023-09-10 16:16:38,602 [INFO] PluginManager:220 - loadIPPluginJar : add ts
2023-09-10 16:16:38,616 [INFO] IPUIPlugin:80 - create IPUIPlugin
2023-09-10 16:16:38,617 [INFO] PluginManager:220 - loadIPPluginJar : add tsc
2023-09-10 16:16:38,632 [INFO] IPUIPlugin:80 - create IPUIPlugin
2023-09-10 16:16:38,632 [INFO] PluginManager:220 - loadIPPluginJar : add ucpd
2023-09-10 16:16:38,663 [INFO] IPUIPlugin:80 - create IPUIPlugin
2023-09-10 16:16:38,663 [INFO] PluginManager:220 - loadIPPluginJar : add usart
2023-09-10 16:16:38,692 [INFO] IPUIPlugin:80 - create IPUIPlugin
2023-09-10 16:16:38,692 [INFO] PluginManager:220 - loadIPPluginJar : add usbx
2023-09-10 16:16:38,805 [INFO] CADModel:165 - CPN selected for project level
2023-09-10 16:16:38,805 [INFO] CADModel:114 - Register for checkConnection events
2023-09-10 16:16:38,805 [FATAL] Updater:308 - Updater called before beeing initialized
2023-09-10 16:16:38,806 [ERROR] CADModel:125 - Updater not yet initialized, retry later 
2023-09-10 16:16:38,919 [INFO] CADModel:165 - CPN selected for project level
2023-09-10 16:16:38,920 [INFO] CADModel:114 - Register for checkConnection events
2023-09-10 16:16:38,920 [FATAL] Updater:308 - Updater called before beeing initialized
2023-09-10 16:16:38,920 [ERROR] CADModel:125 - Updater not yet initialized, retry later 
2023-09-10 16:16:38,922 [FATAL] Updater:308 - Updater called before beeing initialized
2023-09-10 16:16:39,006 [FATAL] Updater:308 - Updater called before beeing initialized
2023-09-10 16:16:39,016 [INFO] DbMcusAds:53 - JSON generation date=Thu Sep 30 08:55:09 CEST 2021 (1632984909247)
2023-09-10 16:16:39,016 [FATAL] Updater:308 - Updater called before beeing initialized
2023-09-10 16:16:39,080 [WARN] DetailPanel:346 - Failed to get advertising image, set to default
2023-09-10 16:16:39,164 [FATAL] Updater:308 - Updater called before beeing initialized
2023-09-10 16:16:39,166 [FATAL] Updater:308 - Updater called before beeing initialized
2023-09-10 16:16:39,166 [FATAL] Updater:308 - Updater called before beeing initialized
2023-09-10 16:16:39,166 [WARN] DetailPanel:346 - Failed to get advertising image, set to default
2023-09-10 16:16:39,167 [FATAL] Updater:308 - Updater called before beeing initialized
2023-09-10 16:16:39,210 [ERROR] Updater:1120 - MainUpdater not yet initialized. External WinMGr cannot be set.
2023-09-10 16:16:39,219 [INFO] Updater:1056 - Updater Version found : 6.9.1
2023-09-10 16:16:39,232 [INFO] ApplicationProperties:184 - Using Application install path: C:\ST\STM32CubeIDE_1.11.0\STM32CubeIDE\plugins\com.st.stm32cube.common.mx_6.9.1.202307191849
2023-09-10 16:16:39,466 [INFO] MainUpdater:2868 - connection check result : 10
2023-09-10 16:16:39,467 [INFO] MainUpdater:285 - Updater Check For Update Now.
2023-09-10 16:16:39,467 [INFO] MicroXplorer:498 - Change Database Version : DB.6.0.91
2023-09-10 16:16:39,478 [INFO] McuFinderGlobals:63 - Set McuFinder mode to 2 (CubeIDE integrated)
2023-09-10 16:16:39,479 [INFO] UserAuth:179 - activating auth plugin
2023-09-10 16:16:39,481 [INFO] UserAuth:393 - Internet connection configuration mode: 1
2023-09-10 16:16:39,502 [INFO] JxBrowserEngine:151 - Initiate JxBrowser Engine with user profile folder
2023-09-10 16:16:39,637 [INFO] CheckServerUpdateThread:120 - End of CheckServer Thread
2023-09-10 16:16:40,183 [WARN] PackLoader:240 - Cannot read IP mode file for STMicroelectronics.X-CUBE-SMBUS.2.1.0
2023-09-10 16:16:40,215 [WARN] PackLoader:240 - Cannot read IP mode file for STMicroelectronics.X-CUBE-AZRTOS-F7.1.1.0
2023-09-10 16:16:40,230 [WARN] PackLoader:240 - Cannot read IP mode file for STMicroelectronics.FP-SNS-MOTENV1.4.3.2
2023-09-10 16:16:40,246 [WARN] PackLoader:240 - Cannot read IP mode file for STMicroelectronics.X-CUBE-BLE1.6.2.3
2023-09-10 16:16:40,257 [WARN] PackLoader:240 - Cannot read IP mode file for STMicroelectronics.X-CUBE-BLE1.6.2.4
2023-09-10 16:16:40,268 [WARN] PackLoader:240 - Cannot read IP mode file for STMicroelectronics.FP-SNS-FLIGHT1.5.0.2
2023-09-10 16:16:40,284 [WARN] PackLoader:240 - Cannot read IP mode file for STMicroelectronics.X-CUBE-TOF1.3.1.0
2023-09-10 16:16:40,299 [WARN] PackLoader:240 - Cannot read IP mode file for STMicroelectronics.X-CUBE-DISPLAY.3.0.0
2023-09-10 16:16:40,312 [WARN] PackLoader:240 - Cannot read IP mode file for STMicroelectronics.X-CUBE-BLE1.7.0.0
2023-09-10 16:16:40,323 [WARN] PackLoader:240 - Cannot read IP mode file for STMicroelectronics.X-CUBE-TOUCHGFX.4.22.0
2023-09-10 16:16:40,362 [WARN] PackLoader:240 - Cannot read IP mode file for STMicroelectronics.X-CUBE-MEMS1.9.3.0
2023-09-10 16:16:40,457 [WARN] PackLoader:240 - Cannot read IP mode file for STMicroelectronics.X-CUBE-AI.7.2.0
2023-09-10 16:16:40,469 [WARN] PackLoader:240 - Cannot read IP mode file for STMicroelectronics.FP-SNS-SMARTAG2.1.2.0
2023-09-10 16:16:40,484 [INFO] LogOutputStream:77 - [STDOUT_REDIRECT] 1 : Invalid condition id : UX_CORESTACK_Condition cause : null
2023-09-10 16:16:40,484 [INFO] LogOutputStream:77 - [STDOUT_REDIRECT] 1 : Invalid condition id : UX_CORESTACK_Condition cause : null
2023-09-10 16:16:40,485 [INFO] LogOutputStream:77 - [STDOUT_REDIRECT] 1 : Invalid condition id : UX_CORESTACK_Condition cause : null
2023-09-10 16:16:40,485 [INFO] LogOutputStream:77 - [STDOUT_REDIRECT] 1 : Invalid condition id : UX_CORESTACK_Condition cause : null
2023-09-10 16:16:40,486 [INFO] LogOutputStream:77 - [STDOUT_REDIRECT] 1 : Invalid condition id : UX_CORESTACK_Condition cause : null
2023-09-10 16:16:40,488 [WARN] PackLoader:240 - Cannot read IP mode file for STMicroelectronics.X-CUBE-AZRTOS-WL.2.0.0
2023-09-10 16:16:40,503 [WARN] PackLoader:240 - Cannot read IP mode file for WES.I-CUBE-Cesium.1.3.0
2023-09-10 16:16:40,514 [WARN] PackLoader:240 - Cannot read IP mode file for STMicroelectronics.X-CUBE-BLE2.3.3.0
2023-09-10 16:16:40,525 [WARN] PackLoader:240 - Cannot read IP mode file for STMicroelectronics.X-CUBE-DISPLAY.2.2.0
2023-09-10 16:16:40,543 [WARN] PackLoader:240 - Cannot read IP mode file for STMicroelectronics.X-CUBE-TOF1.3.2.0
2023-09-10 16:16:40,659 [WARN] PackLoader:240 - Cannot read IP mode file for STMicroelectronics.X-CUBE-ISPU.1.0.0
2023-09-10 16:16:40,684 [WARN] PackLoader:240 - Cannot read IP mode file for STMicroelectronics.X-CUBE-AZRTOS-H7.2.1.0
2023-09-10 16:16:40,697 [WARN] PackLoader:240 - Cannot read IP mode file for STMicroelectronics.X-CUBE-TOUCHGFX.4.21.1
2023-09-10 16:16:40,707 [WARN] PackLoader:240 - Cannot read IP mode file for STMicroelectronics.X-CUBE-TOUCHGFX.4.21.3
2023-09-10 16:16:40,749 [WARN] PackLoader:240 - Cannot read IP mode file for STMicroelectronics.X-CUBE-MEMS1.9.4.0
2023-09-10 16:16:40,821 [WARN] PackLoader:240 - Cannot read IP mode file for STMicroelectronics.X-CUBE-AI.7.3.0
2023-09-10 16:16:40,832 [WARN] PackLoader:240 - Cannot read IP mode file for STMicroelectronics.X-CUBE-ALGOBUILD.1.3.0
2023-09-10 16:16:40,854 [WARN] PackLoader:240 - Cannot read IP mode file for STMicroelectronics.X-CUBE-AZRTOS-G0.1.1.0
2023-09-10 16:16:40,864 [WARN] PackLoader:240 - Cannot read IP mode file for STMicroelectronics.X-CUBE-NFC4.3.0.0
2023-09-10 16:16:40,895 [WARN] PackLoader:240 - Cannot read IP mode file for SEGGER.I-CUBE-embOS.1.2.0
2023-09-10 16:16:40,924 [WARN] PackLoader:240 - Cannot read IP mode file for STMicroelectronics.X-CUBE-BLEMGR.1.3.0
2023-09-10 16:16:40,934 [WARN] PackLoader:240 - Cannot read IP mode file for STMicroelectronics.FP-ATR-SIGFOX1.3.2.0
2023-09-10 16:16:40,945 [WARN] PackLoader:240 - Cannot read IP mode file for emotas.I-CUBE-CANOPEN.1.1.2
2023-09-10 16:16:40,955 [WARN] PackLoader:240 - Cannot read IP mode file for STMicroelectronics.X-CUBE-TOUCHGFX.4.20.0
2023-09-10 16:16:40,988 [WARN] PackLoader:240 - Cannot read IP mode file for STMicroelectronics.X-CUBE-MEMS1.9.5.0
2023-09-10 16:16:41,085 [WARN] PackLoader:240 - Cannot read IP mode file for SEGGER.I-CUBE-embOS.1.3.1
2023-09-10 16:16:41,117 [WARN] PackLoader:240 - Cannot read IP mode file for STMicroelectronics.X-CUBE-GNSS1.6.0.0
2023-09-10 16:16:41,183 [WARN] PackLoader:240 - Cannot read IP mode file for STMicroelectronics.X-CUBE-AZRTOS-F4.1.1.0
2023-09-10 16:16:41,196 [WARN] PackLoader:240 - Cannot read IP mode file for STMicroelectronics.X-CUBE-BLEMGR.1.2.0
2023-09-10 16:16:41,219 [WARN] PackLoader:240 - Cannot read IP mode file for STMicroelectronics.X-CUBE-AZRTOS-L5.2.0.0
2023-09-10 16:16:41,262 [WARN] PackLoader:240 - Cannot read IP mode file for STMicroelectronics.X-CUBE-MEMS1.9.6.0
2023-09-10 16:16:41,402 [WARN] PackLoader:240 - Cannot read IP mode file for STMicroelectronics.X-CUBE-BLEMGR.2.0.0
2023-09-10 16:16:41,417 [WARN] PackLoader:240 - Cannot read IP mode file for STMicroelectronics.X-CUBE-NFC4.2.0.5
2023-09-10 16:16:41,430 [WARN] PackLoader:240 - Cannot read IP mode file for STMicroelectronics.X-CUBE-NFC4.2.0.4
2023-09-10 16:16:41,460 [WARN] ConditionMgr:438 - getConditionDescription Invalid condition id : UX DEVICE CLASS RTOS Condition cause : null
2023-09-10 16:16:41,461 [WARN] ConditionMgr:438 - getConditionDescription Invalid condition id : UX DEVICE CLASS RTOS Condition cause : null
2023-09-10 16:16:41,463 [WARN] PackLoader:240 - Cannot read IP mode file for STMicroelectronics.X-CUBE-AZRTOS-H7.3.1.0
2023-09-10 16:16:41,464 [WARN] ConditionMgr:1039 - genDependencies : Invalid condition id : UX DEVICE CLASS RTOS Condition cause : null
2023-09-10 16:16:41,464 [WARN] ConditionMgr:1039 - genDependencies : Invalid condition id : UX DEVICE CLASS RTOS Condition cause : null
2023-09-10 16:16:41,465 [WARN] ConditionMgr:1039 - genDependencies : Invalid condition id : UX DEVICE CLASS RTOS Condition cause : null
2023-09-10 16:16:41,465 [WARN] ConditionMgr:1039 - genDependencies : Invalid condition id : UX DEVICE CLASS RTOS Condition cause : null
2023-09-10 16:16:41,465 [WARN] ConditionMgr:1039 - genDependencies : Invalid condition id : UX DEVICE CLASS RTOS Condition cause : null
2023-09-10 16:16:41,478 [WARN] PackLoader:240 - Cannot read IP mode file for wolfSSL.I-CUBE-wolfSSL.5.5.0
2023-09-10 16:16:41,490 [WARN] PackLoader:240 - Cannot read IP mode file for STMicroelectronics.X-CUBE-NFC7.1.0.1
2023-09-10 16:16:41,501 [WARN] PackLoader:240 - Cannot read IP mode file for STMicroelectronics.X-CUBE-NFC7.1.0.0
2023-09-10 16:16:41,517 [WARN] PackLoader:240 - Cannot read IP mode file for STMicroelectronics.X-CUBE-NFC6.3.0.0
2023-09-10 16:16:41,530 [WARN] PackLoader:240 - Cannot read IP mode file for STMicroelectronics.X-CUBE-EEPRMA1.4.1.0
2023-09-10 16:16:41,543 [WARN] PackLoader:240 - Cannot read IP mode file for STMicroelectronics.X-CUBE-AI.8.1.0
2023-09-10 16:16:41,551 [INFO] WebApp:157 - Instantiating new browser for Auth
2023-09-10 16:16:41,571 [WARN] ConditionMgr:438 - getConditionDescription Invalid condition id : LAN8742 Phy interface Condition cause : null
2023-09-10 16:16:41,572 [WARN] PackLoader:240 - Cannot read IP mode file for STMicroelectronics.X-CUBE-AZRTOS-L4.2.0.0
2023-09-10 16:16:41,574 [WARN] ConditionMgr:1039 - genDependencies : Invalid condition id : LAN8742 Phy interface Condition cause : null
2023-09-10 16:16:41,574 [WARN] ConditionMgr:1039 - genDependencies : Invalid condition id : LAN8742 Phy interface Condition cause : null
2023-09-10 16:16:41,575 [WARN] ConditionMgr:1039 - genDependencies : Invalid condition id : LAN8742 Phy interface Condition cause : null
2023-09-10 16:16:41,591 [WARN] PackLoader:240 - Cannot read IP mode file for STMicroelectronics.X-CUBE-SFXS2LP1.4.0.0
2023-09-10 16:16:41,617 [WARN] PackLoader:240 - Cannot read IP mode file for STMicroelectronics.X-CUBE-AZRTOS-H7.3.0.0
2023-09-10 16:16:41,628 [WARN] PackLoader:240 - Cannot read IP mode file for STMicroelectronics.X-CUBE-ISPU.1.1.0
2023-09-10 16:16:41,639 [WARN] PackLoader:240 - Cannot read IP mode file for RoweBots.I-CUBE-UNISONRTOS.5.5.0-4
2023-09-10 16:16:41,651 [WARN] PackLoader:240 - Cannot read IP mode file for STMicroelectronics.X-CUBE-AI.8.0.0
2023-09-10 16:16:41,670 [WARN] ConditionMgr:438 - getConditionDescription Invalid condition id : UX DEVICE CLASS RTOS Condition cause : null
2023-09-10 16:16:41,670 [WARN] ConditionMgr:438 - getConditionDescription Invalid condition id : UX DEVICE CLASS RTOS Condition cause : null
2023-09-10 16:16:41,671 [WARN] PackLoader:240 - Cannot read IP mode file for STMicroelectronics.X-CUBE-AZRTOS-WB.2.0.0
2023-09-10 16:16:41,672 [WARN] ConditionMgr:1039 - genDependencies : Invalid condition id : UX DEVICE CLASS RTOS Condition cause : null
2023-09-10 16:16:41,672 [WARN] ConditionMgr:1039 - genDependencies : Invalid condition id : UX DEVICE CLASS RTOS Condition cause : null
2023-09-10 16:16:41,672 [WARN] ConditionMgr:1039 - genDependencies : Invalid condition id : UX DEVICE CLASS RTOS Condition cause : null
2023-09-10 16:16:41,672 [WARN] ConditionMgr:1039 - genDependencies : Invalid condition id : UX DEVICE CLASS RTOS Condition cause : null
2023-09-10 16:16:41,672 [WARN] ConditionMgr:1039 - genDependencies : Invalid condition id : UX DEVICE CLASS RTOS Condition cause : null
2023-09-10 16:16:41,682 [WARN] PackLoader:240 - Cannot read IP mode file for STMicroelectronics.X-CUBE-FREERTOS.1.0.0
2023-09-10 16:16:41,692 [WARN] PackLoader:240 - Cannot read IP mode file for STMicroelectronics.X-CUBE-FREERTOS.1.0.1
2023-09-10 16:16:41,703 [WARN] PackLoader:240 - Cannot read IP mode file for STMicroelectronics.X-CUBE-BLEMGR.1.0.0
2023-09-10 16:16:41,724 [WARN] PackLoader:240 - Cannot read IP mode file for STMicroelectronics.X-CUBE-AZRTOS-L5.1.1.0
2023-09-10 16:16:41,734 [WARN] PackLoader:240 - Cannot read IP mode file for STMicroelectronics.X-CUBE-AI.8.0.1
2023-09-10 16:16:41,747 [WARN] PackLoader:240 - Cannot read IP mode file for STMicroelectronics.X-CUBE-SUBG2.5.0.0
2023-09-10 16:16:41,763 [WARN] PackLoader:240 - Cannot read IP mode file for STMicroelectronics.X-CUBE-TOF1.3.3.1
2023-09-10 16:16:41,789 [WARN] PackLoader:240 - Cannot read IP mode file for STMicroelectronics.X-CUBE-AZRTOS-G4.2.0.0
2023-09-10 16:16:41,804 [WARN] PackLoader:240 - Cannot read IP mode file for STMicroelectronics.X-CUBE-TOF1.3.3.0
2023-09-10 16:16:41,818 [WARN] PackLoader:240 - Cannot read IP mode file for STMicroelectronics.FP-ATR-ASTRA1.1.1.1
2023-09-10 16:16:41,839 [WARN] PackLoader:240 - Cannot read IP mode file for STMicroelectronics.X-CUBE-AZRTOS-G4.1.0.0
2023-09-10 16:16:41,865 [WARN] PackLoader:240 - Cannot read IP mode file for STMicroelectronics.X-CUBE-AZRTOS-L4.1.0.0
2023-09-10 16:16:41,884 [WARN] PackLoader:240 - Cannot read IP mode file for STMicroelectronics.X-CUBE-FREERTOS.1.1.0
2023-09-10 16:16:41,904 [WARN] PackLoader:240 - Cannot read IP mode file for STMicroelectronics.X-CUBE-AZRTOS-WL.1.0.0
2023-09-10 16:16:41,917 [WARN] PackLoader:240 - Cannot read IP mode file for portGmbH.I-Cube-SoM-uGOAL.1.1.0
2023-09-10 16:16:41,928 [WARN] PackLoader:240 - Cannot read IP mode file for STMicroelectronics.X-CUBE-ALS.1.0.1
2023-09-10 16:16:41,946 [WARN] PackLoader:240 - Cannot read IP mode file for STMicroelectronics.X-CUBE-AZRTOS-WB.1.1.0
2023-09-10 16:16:41,967 [WARN] PackLoader:240 - Cannot read IP mode file for STMicroelectronics.X-CUBE-AZRTOS-L5.1.0.0
2023-09-10 16:16:41,978 [WARN] PackLoader:240 - Cannot read IP mode file for STMicroelectronics.X-CUBE-EEPRMA1.3.1.1
2023-09-10 16:16:41,987 [WARN] PackLoader:240 - Cannot read IP mode file for STMicroelectronics.FP-ATR-ASTRA1.2.0.0
2023-09-10 16:16:41,988 [INFO] ThirdParty:978 - Integrity check success = true
2023-09-10 16:16:41,988 [INFO] IntegrityCheckThread:100 - exiting critical section [integrity check]
2023-09-10 16:16:41,988 [INFO] IntegrityCheckThread:103 - End integrity checks thread
2023-09-10 16:16:42,096 [INFO] WebApp:753 - Register for checkConnection events
2023-09-10 16:16:42,096 [INFO] WebApp:390 - Apply proxy settings
2023-09-10 16:16:42,097 [INFO] WebApp:475 - Chromium requires no authentication
2023-09-10 16:16:42,104 [INFO] WebApp:418 - Direct internet connection detected
2023-09-10 16:16:42,250 [INFO] WebApp:188 - Starting web application
2023-09-10 16:16:42,251 [INFO] WebApp:520 - Web application path used C:\ST\STM32CubeIDE_1.11.0\STM32CubeIDE\plugins\com.st.stm32cube.common.mx_6.9.1.202307191849\db\plugins\mcufinder\reactClient1\index.html
2023-09-10 16:17:02,885 [ERROR] LogOutputStream:75 - [STDERR_REDIRECT] SLF4J: Failed to load class "org.slf4j.impl.StaticLoggerBinder".
2023-09-10 16:17:02,885 [ERROR] LogOutputStream:75 - [STDERR_REDIRECT] SLF4J: Defaulting to no-operation (NOP) logger implementation
2023-09-10 16:17:02,886 [ERROR] LogOutputStream:75 - [STDERR_REDIRECT] SLF4J: See http://www.slf4j.org/codes.html#StaticLoggerBinder for further details.
2023-09-10 21:09:32,713 [ERROR] LogOutputStream:75 - [STDERR_REDIRECT] 
