2024-02-01 20:51:55,650 [INFO] Activator:176 - 


2024-02-01 20:51:55,655 [INFO] Activator:177 - !SESSION log4j initialized
2024-02-01 20:52:00,405 [INFO] LogOutputStream:77 - [STDOUT_REDIRECT] 
2024-02-01 20:52:02,199 [INFO] ApplicationProperties:184 - Using Application install path: C:\ST\STM32CubeIDE_1.14.0\STM32CubeIDE\plugins\com.st.stm32cube.common.mx_6.10.0.202311202037
2024-02-01 20:52:02,217 [INFO] DbMcusXml:78 - Set database path to: C:\ST\STM32CubeIDE_1.14.0\STM32CubeIDE\plugins\com.st.stm32cube.common.mx_6.10.0.202311202037\\db\/mcu/
2024-02-01 20:52:02,217 [INFO] ApiDb:274 - Set plugin database path to: C:\ST\STM32CubeIDE_1.14.0\STM32CubeIDE\plugins\com.st.stm32cube.common.mx_6.10.0.202311202037\\db\/plugins/boardmanager/
2024-02-01 20:52:02,218 [WARN] ApiDb:259 - Overriding images path with different value:  => C:\ST\STM32CubeIDE_1.14.0\STM32CubeIDE\plugins\com.st.stm32cube.common.mx_6.10.0.202311202037\\db\/plugins/mcufinder/images/
2024-02-01 20:52:02,226 [INFO] ApiDb:250 - Set database path to: C:\Users\sykojo\.stmcufinder\plugins\mcufinder//mcu/
2024-02-01 20:52:02,227 [INFO] DbMcusAds:125 - Set database path to: C:\Users\sykojo\.stmcufinder\plugins\mcufinder//mcu/
2024-02-01 20:52:02,229 [INFO] CrossReferenceDbSqlite:203 - Set database path to: C:\Users\sykojo\.stmcufinder\plugins\mcufinder//mcu/cs/
2024-02-01 20:52:02,351 [INFO] RulesReader:64 - Compatibility file has been processed (297 Rules)
2024-02-01 20:52:02,441 [INFO] DbMcusXml:78 - Set database path to: C:\ST\STM32CubeIDE_1.14.0\STM32CubeIDE\plugins\com.st.stm32cube.common.mx_6.10.0.202311202037\\db\/mcu/
2024-02-01 20:52:02,441 [INFO] ApiDb:274 - Set plugin database path to: C:\ST\STM32CubeIDE_1.14.0\STM32CubeIDE\plugins\com.st.stm32cube.common.mx_6.10.0.202311202037\\db\/plugins/boardmanager/
2024-02-01 20:52:02,441 [INFO] ApiDb:261 - Set plugin images path to: C:\ST\STM32CubeIDE_1.14.0\STM32CubeIDE\plugins\com.st.stm32cube.common.mx_6.10.0.202311202037\\db\/plugins/mcufinder/images/
2024-02-01 20:52:02,441 [WARN] DbFile:41 - Overriding database path with different value: C:\Users\sykojo\.stmcufinder\plugins\mcufinder/ => C:\Users\sykojo\.stmcufinder\plugins\mcufinder
2024-02-01 20:52:02,441 [INFO] ApiDb:250 - Set database path to: C:\Users\sykojo\.stmcufinder\plugins\mcufinder//mcu/
2024-02-01 20:52:02,441 [WARN] DbFile:41 - Overriding database path with different value: C:\Users\sykojo\.stmcufinder\plugins\mcufinder/ => C:\Users\sykojo\.stmcufinder\plugins\mcufinder
2024-02-01 20:52:02,441 [INFO] DbMcusAds:125 - Set database path to: C:\Users\sykojo\.stmcufinder\plugins\mcufinder//mcu/
2024-02-01 20:52:02,442 [WARN] DbFile:41 - Overriding database path with different value: C:\Users\sykojo\.stmcufinder\plugins\mcufinder/ => C:\Users\sykojo\.stmcufinder\plugins\mcufinder
2024-02-01 20:52:02,442 [WARN] DbFile:41 - Overriding database path with different value: C:\Users\sykojo\.stmcufinder\plugins\mcufinder/ => C:\Users\sykojo\.stmcufinder\plugins\mcufinder
2024-02-01 20:52:02,442 [INFO] CrossReferenceDbSqlite:203 - Set database path to: C:\Users\sykojo\.stmcufinder\plugins\mcufinder//mcu/cs/
2024-02-01 20:52:02,522 [INFO] MainPanel:264 - HeapMemory: 268435456
2024-02-01 20:52:02,599 [INFO] DbMcusXml:78 - Set database path to: C:\ST\STM32CubeIDE_1.14.0\STM32CubeIDE\plugins\com.st.stm32cube.common.mx_6.10.0.202311202037\\db\/mcu/
2024-02-01 20:52:02,599 [INFO] ApiDb:274 - Set plugin database path to: C:\ST\STM32CubeIDE_1.14.0\STM32CubeIDE\plugins\com.st.stm32cube.common.mx_6.10.0.202311202037\\db\/plugins/boardmanager/
2024-02-01 20:52:02,599 [INFO] ApiDb:261 - Set plugin images path to: C:\ST\STM32CubeIDE_1.14.0\STM32CubeIDE\plugins\com.st.stm32cube.common.mx_6.10.0.202311202037\\db\/plugins/mcufinder/images/
2024-02-01 20:52:02,599 [WARN] DbFile:41 - Overriding database path with different value: C:\Users\sykojo\.stmcufinder\plugins\mcufinder/ => C:\Users\sykojo\.stmcufinder\plugins\mcufinder
2024-02-01 20:52:02,599 [INFO] ApiDb:250 - Set database path to: C:\Users\sykojo\.stmcufinder\plugins\mcufinder//mcu/
2024-02-01 20:52:02,599 [WARN] DbFile:41 - Overriding database path with different value: C:\Users\sykojo\.stmcufinder\plugins\mcufinder/ => C:\Users\sykojo\.stmcufinder\plugins\mcufinder
2024-02-01 20:52:02,599 [INFO] DbMcusAds:125 - Set database path to: C:\Users\sykojo\.stmcufinder\plugins\mcufinder//mcu/
2024-02-01 20:52:02,600 [WARN] DbFile:41 - Overriding database path with different value: C:\Users\sykojo\.stmcufinder\plugins\mcufinder/ => C:\Users\sykojo\.stmcufinder\plugins\mcufinder
2024-02-01 20:52:02,600 [WARN] DbFile:41 - Overriding database path with different value: C:\Users\sykojo\.stmcufinder\plugins\mcufinder/ => C:\Users\sykojo\.stmcufinder\plugins\mcufinder
2024-02-01 20:52:02,600 [INFO] CrossReferenceDbSqlite:203 - Set database path to: C:\Users\sykojo\.stmcufinder\plugins\mcufinder//mcu/cs/
2024-02-01 20:52:02,618 [INFO] ApplicationProperties:184 - Using Application install path: C:\ST\STM32CubeIDE_1.14.0\STM32CubeIDE\plugins\com.st.stm32cube.common.mx_6.10.0.202311202037
2024-02-01 20:52:02,620 [INFO] PluginManage:196 - Search for loadable plugins [exclusion list=, ]
2024-02-01 20:52:02,621 [INFO] PluginManage:310 - Check plugin analytics
2024-02-01 20:52:02,776 [INFO] AnalyticsPlugin:253 - Accepted Software Licenses: 
2024-02-01 20:52:02,776 [INFO] AnalyticsPlugin:255 - Accepted CMSIS Pack Licenses: 
2024-02-01 20:52:02,776 [INFO] AnalyticsPlugin:257 - Accepted Firmware Licenses: 
2024-02-01 20:52:02,778 [INFO] PluginManage:359 - Loaded plugin analytics (category:tool,tabindex:-1)
2024-02-01 20:52:02,778 [INFO] PluginManage:310 - Check plugin cadmodel
2024-02-01 20:52:02,793 [INFO] CADModel:105 - Init CAD model plugin
2024-02-01 20:52:02,793 [INFO] PluginManage:359 - Loaded plugin cadmodel (category:power,tabindex:5)
2024-02-01 20:52:02,794 [INFO] PluginManage:310 - Check plugin clock
2024-02-01 20:52:02,815 [INFO] PluginManage:359 - Loaded plugin clock (category:base,tabindex:2)
2024-02-01 20:52:02,815 [INFO] PluginManage:310 - Check plugin ddr
2024-02-01 20:52:02,818 [INFO] PluginManage:359 - Loaded plugin ddr (category:tool,tabindex:6)
2024-02-01 20:52:02,818 [INFO] PluginManage:310 - Check plugin filemanager
2024-02-01 20:52:02,958 [INFO] PluginManage:359 - Loaded plugin filemanager (category:base,tabindex:10)
2024-02-01 20:52:02,958 [INFO] PluginManage:310 - Check plugin ipmanager
2024-02-01 20:52:02,966 [INFO] PluginManage:359 - Loaded plugin ipmanager (category:base,tabindex:5)
2024-02-01 20:52:02,966 [INFO] PluginManage:310 - Check plugin lpbam
2024-02-01 20:52:02,984 [INFO] PluginManage:359 - Loaded plugin lpbam (category:base,tabindex:0)
2024-02-01 20:52:02,984 [INFO] PluginManage:310 - Check plugin memorymap
2024-02-01 20:52:03,006 [INFO] PluginManage:359 - Loaded plugin memorymap (category:base,tabindex:4)
2024-02-01 20:52:03,006 [INFO] PluginManage:310 - Check plugin pinoutandconfiguration
2024-02-01 20:52:03,021 [INFO] PluginManage:359 - Loaded plugin pinoutandconfiguration (category:base,tabindex:1)
2024-02-01 20:52:03,021 [INFO] PluginManage:310 - Check plugin pinoutconfig
2024-02-01 20:52:03,111 [WARN] SupportedApi:132 - Cannot load RTOS API schema: s4s-elt-must-match.1: The content of 'definitions' must match (annotation?, (simpleType | complexType)?, (unique | key | keyref)*)). A problem was found starting at: attribute.
2024-02-01 20:52:03,220 [INFO] PluginManage:359 - Loaded plugin pinoutconfig (category:base,tabindex:0)
2024-02-01 20:52:03,220 [INFO] PluginManage:310 - Check plugin power
2024-02-01 20:52:03,237 [INFO] PluginManage:359 - Loaded plugin power (category:power,tabindex:4)
2024-02-01 20:52:03,237 [INFO] PluginManage:310 - Check plugin projectmanager
2024-02-01 20:52:03,252 [INFO] PluginManage:359 - Loaded plugin projectmanager (category:projectmanager,tabindex:3)
2024-02-01 20:52:03,252 [INFO] PluginManage:310 - Check plugin thirdparty
2024-02-01 20:52:03,494 [INFO] PluginManage:359 - Loaded plugin thirdparty (category:base,tabindex:-1)
2024-02-01 20:52:03,494 [WARN] IntegrityCheckThread:84 - waiting for thirdparty lock release [integrity check]
2024-02-01 20:52:03,495 [INFO] PluginManage:310 - Check plugin tools
2024-02-01 20:52:03,495 [INFO] IntegrityCheckThread:86 - entering critical section [integrity check]
2024-02-01 20:52:03,495 [INFO] ThirdPartyUpdaterWithRetryManager:70 - Updater plugin not ready yet. [1/15]
2024-02-01 20:52:03,523 [INFO] PluginManage:359 - Loaded plugin tools (category:base,tabindex:7)
2024-02-01 20:52:03,523 [INFO] PluginManage:310 - Check plugin tutovideos
2024-02-01 20:52:03,679 [INFO] PluginManage:359 - Loaded plugin tutovideos (category:base,tabindex:-1)
2024-02-01 20:52:03,679 [INFO] PluginManage:310 - Check plugin updater
2024-02-01 20:52:03,690 [INFO] PluginManage:359 - Loaded plugin updater (category:base,tabindex:12)
2024-02-01 20:52:03,690 [INFO] PluginManage:310 - Check plugin userauth
2024-02-01 20:52:03,695 [INFO] UserAuth:114 - Init User Auth plugin
2024-02-01 20:52:03,695 [INFO] PluginManage:359 - Loaded plugin userauth (category:base,tabindex:14)
2024-02-01 20:52:03,696 [INFO] PluginManage:283 - PluginManage : Loaded plugins [17]
2024-02-01 20:52:03,897 [INFO] PinOutPanel:1499 - setPackage(No Configuration,No Configuration)
2024-02-01 20:52:03,966 [INFO] CADModel:165 - CPN selected for project level
2024-02-01 20:52:03,966 [INFO] CADModel:114 - Register for checkConnection events
2024-02-01 20:52:03,990 [INFO] IPUIPlugin:80 - create IPUIPlugin
2024-02-01 20:52:03,990 [INFO] PluginManager:220 - loadIPPluginJar : add adc
2024-02-01 20:52:04,021 [INFO] IPUIPlugin:80 - create IPUIPlugin
2024-02-01 20:52:04,021 [INFO] PluginManager:220 - loadIPPluginJar : add aes
2024-02-01 20:52:04,057 [INFO] IPUIPlugin:80 - create IPUIPlugin
2024-02-01 20:52:04,057 [INFO] PluginManager:220 - loadIPPluginJar : add can
2024-02-01 20:52:04,074 [INFO] IPUIPlugin:80 - create IPUIPlugin
2024-02-01 20:52:04,074 [INFO] PluginManager:220 - loadIPPluginJar : add comp
2024-02-01 20:52:04,100 [INFO] IPUIPlugin:80 - create IPUIPlugin
2024-02-01 20:52:04,100 [INFO] PluginManager:220 - loadIPPluginJar : add cryp
2024-02-01 20:52:04,124 [INFO] IPUIPlugin:80 - create IPUIPlugin
2024-02-01 20:52:04,124 [INFO] PluginManager:220 - loadIPPluginJar : add dfsdm
2024-02-01 20:52:04,136 [INFO] IPUIPlugin:80 - create IPUIPlugin
2024-02-01 20:52:04,137 [INFO] PluginManager:220 - loadIPPluginJar : add dma
2024-02-01 20:52:04,173 [INFO] IPUIPlugin:80 - create IPUIPlugin
2024-02-01 20:52:04,174 [INFO] PluginManager:220 - loadIPPluginJar : add dma3
2024-02-01 20:52:04,190 [INFO] IPUIPlugin:80 - create IPUIPlugin
2024-02-01 20:52:04,190 [INFO] PluginManager:220 - loadIPPluginJar : add fatfs
2024-02-01 20:52:04,228 [INFO] IPUIPlugin:80 - create IPUIPlugin
2024-02-01 20:52:04,228 [INFO] PluginManager:220 - loadIPPluginJar : add fmc
2024-02-01 20:52:04,241 [INFO] IPUIPlugin:80 - create IPUIPlugin
2024-02-01 20:52:04,241 [INFO] PluginManager:220 - loadIPPluginJar : add freertos
2024-02-01 20:52:04,257 [INFO] IPUIPlugin:80 - create IPUIPlugin
2024-02-01 20:52:04,257 [INFO] PluginManager:220 - loadIPPluginJar : add genericplugin
2024-02-01 20:52:04,331 [INFO] IPUIPlugin:80 - create IPUIPlugin
2024-02-01 20:52:04,331 [INFO] PluginManager:220 - loadIPPluginJar : add gfxmmu
2024-02-01 20:52:04,444 [INFO] IPUIPlugin:80 - create IPUIPlugin
2024-02-01 20:52:04,444 [INFO] PluginManager:220 - loadIPPluginJar : add gic
2024-02-01 20:52:04,456 [INFO] IPUIPlugin:80 - create IPUIPlugin
2024-02-01 20:52:04,456 [INFO] PluginManager:220 - loadIPPluginJar : add gpio
2024-02-01 20:52:04,525 [INFO] IPUIPlugin:80 - create IPUIPlugin
2024-02-01 20:52:04,525 [INFO] PluginManager:220 - loadIPPluginJar : add gtzc
2024-02-01 20:52:04,549 [INFO] IPUIPlugin:80 - create IPUIPlugin
2024-02-01 20:52:04,550 [INFO] PluginManager:220 - loadIPPluginJar : add hash
2024-02-01 20:52:04,589 [INFO] IPUIPlugin:80 - create IPUIPlugin
2024-02-01 20:52:04,589 [INFO] PluginManager:220 - loadIPPluginJar : add i2c
2024-02-01 20:52:04,622 [INFO] IPUIPlugin:80 - create IPUIPlugin
2024-02-01 20:52:04,622 [INFO] PluginManager:220 - loadIPPluginJar : add i2s
2024-02-01 20:52:04,664 [INFO] IPUIPlugin:80 - create IPUIPlugin
2024-02-01 20:52:04,664 [INFO] PluginManager:220 - loadIPPluginJar : add i3c
2024-02-01 20:52:04,748 [INFO] IPUIPlugin:80 - create IPUIPlugin
2024-02-01 20:52:04,748 [INFO] PluginManager:220 - loadIPPluginJar : add ipddr
2024-02-01 20:52:04,817 [INFO] IPUIPlugin:80 - create IPUIPlugin
2024-02-01 20:52:04,817 [INFO] PluginManager:220 - loadIPPluginJar : add linkedlist
2024-02-01 20:52:04,844 [INFO] IPUIPlugin:80 - create IPUIPlugin
2024-02-01 20:52:04,844 [INFO] PluginManager:220 - loadIPPluginJar : add lorawan
2024-02-01 20:52:04,871 [INFO] IPUIPlugin:80 - create IPUIPlugin
2024-02-01 20:52:04,871 [INFO] PluginManager:220 - loadIPPluginJar : add ltdc
2024-02-01 20:52:04,883 [INFO] IPUIPlugin:80 - create IPUIPlugin
2024-02-01 20:52:04,883 [INFO] PluginManager:220 - loadIPPluginJar : add mdma
2024-02-01 20:52:04,893 [INFO] IPUIPlugin:80 - create IPUIPlugin
2024-02-01 20:52:04,893 [INFO] PluginManager:220 - loadIPPluginJar : add nvic
2024-02-01 20:52:04,921 [INFO] IPUIPlugin:80 - create IPUIPlugin
2024-02-01 20:52:04,921 [INFO] PluginManager:220 - loadIPPluginJar : add opamp
2024-02-01 20:52:04,965 [INFO] IPUIPlugin:80 - create IPUIPlugin
2024-02-01 20:52:04,965 [INFO] PluginManager:220 - loadIPPluginJar : add openamp
2024-02-01 20:52:04,997 [INFO] IPUIPlugin:80 - create IPUIPlugin
2024-02-01 20:52:04,998 [INFO] PluginManager:220 - loadIPPluginJar : add pdm2pcm
2024-02-01 20:52:05,010 [INFO] IPUIPlugin:80 - create IPUIPlugin
2024-02-01 20:52:05,011 [INFO] PluginManager:220 - loadIPPluginJar : add plateformsettings
2024-02-01 20:52:05,028 [INFO] IPUIPlugin:80 - create IPUIPlugin
2024-02-01 20:52:05,028 [INFO] PluginManager:220 - loadIPPluginJar : add quadspi
2024-02-01 20:52:05,039 [INFO] IPUIPlugin:80 - create IPUIPlugin
2024-02-01 20:52:05,039 [INFO] PluginManager:220 - loadIPPluginJar : add resmgrutility
2024-02-01 20:52:05,075 [INFO] IPUIPlugin:80 - create IPUIPlugin
2024-02-01 20:52:05,075 [INFO] PluginManager:220 - loadIPPluginJar : add sai
2024-02-01 20:52:05,102 [INFO] IPUIPlugin:80 - create IPUIPlugin
2024-02-01 20:52:05,102 [INFO] PluginManager:220 - loadIPPluginJar : add spi
2024-02-01 20:52:05,153 [INFO] IPUIPlugin:80 - create IPUIPlugin
2024-02-01 20:52:05,153 [INFO] PluginManager:220 - loadIPPluginJar : add stm32_wpan
2024-02-01 20:52:05,172 [INFO] IPUIPlugin:80 - create IPUIPlugin
2024-02-01 20:52:05,172 [INFO] PluginManager:220 - loadIPPluginJar : add tim
2024-02-01 20:52:05,213 [INFO] IPUIPlugin:80 - create IPUIPlugin
2024-02-01 20:52:05,213 [INFO] PluginManager:220 - loadIPPluginJar : add touchsensing
2024-02-01 20:52:05,231 [INFO] IPUIPlugin:80 - create IPUIPlugin
2024-02-01 20:52:05,231 [INFO] PluginManager:220 - loadIPPluginJar : add tracer_emb
2024-02-01 20:52:05,247 [INFO] IPUIPlugin:80 - create IPUIPlugin
2024-02-01 20:52:05,247 [INFO] PluginManager:220 - loadIPPluginJar : add ts
2024-02-01 20:52:05,264 [INFO] IPUIPlugin:80 - create IPUIPlugin
2024-02-01 20:52:05,264 [INFO] PluginManager:220 - loadIPPluginJar : add tsc
2024-02-01 20:52:05,280 [INFO] IPUIPlugin:80 - create IPUIPlugin
2024-02-01 20:52:05,280 [INFO] PluginManager:220 - loadIPPluginJar : add ucpd
2024-02-01 20:52:05,312 [INFO] IPUIPlugin:80 - create IPUIPlugin
2024-02-01 20:52:05,312 [INFO] PluginManager:220 - loadIPPluginJar : add usart
2024-02-01 20:52:05,345 [INFO] IPUIPlugin:80 - create IPUIPlugin
2024-02-01 20:52:05,345 [INFO] PluginManager:220 - loadIPPluginJar : add usbx
2024-02-01 20:52:05,464 [INFO] CADModel:165 - CPN selected for project level
2024-02-01 20:52:05,464 [INFO] CADModel:114 - Register for checkConnection events
2024-02-01 20:52:05,464 [FATAL] Updater:308 - Updater called before beeing initialized
2024-02-01 20:52:05,464 [ERROR] CADModel:125 - Updater not yet initialized, retry later 
2024-02-01 20:52:05,569 [INFO] CADModel:165 - CPN selected for project level
2024-02-01 20:52:05,569 [INFO] CADModel:114 - Register for checkConnection events
2024-02-01 20:52:05,569 [FATAL] Updater:308 - Updater called before beeing initialized
2024-02-01 20:52:05,569 [ERROR] CADModel:125 - Updater not yet initialized, retry later 
2024-02-01 20:52:05,572 [FATAL] Updater:308 - Updater called before beeing initialized
2024-02-01 20:52:05,650 [FATAL] Updater:308 - Updater called before beeing initialized
2024-02-01 20:52:05,659 [INFO] DbMcusAds:53 - JSON generation date=Wed Nov 29 11:52:27 CET 2023 (1701255147349)
2024-02-01 20:52:05,659 [FATAL] Updater:308 - Updater called before beeing initialized
2024-02-01 20:52:05,721 [WARN] DetailPanel:346 - Failed to get advertising image, set to default
2024-02-01 20:52:05,801 [FATAL] Updater:308 - Updater called before beeing initialized
2024-02-01 20:52:05,803 [FATAL] Updater:308 - Updater called before beeing initialized
2024-02-01 20:52:05,803 [FATAL] Updater:308 - Updater called before beeing initialized
2024-02-01 20:52:05,803 [WARN] DetailPanel:346 - Failed to get advertising image, set to default
2024-02-01 20:52:05,804 [FATAL] Updater:308 - Updater called before beeing initialized
2024-02-01 20:52:05,851 [ERROR] Updater:1120 - MainUpdater not yet initialized. External WinMGr cannot be set.
2024-02-01 20:52:05,860 [INFO] Updater:1056 - Updater Version found : 6.10.0
2024-02-01 20:52:05,876 [INFO] ApplicationProperties:184 - Using Application install path: C:\ST\STM32CubeIDE_1.14.0\STM32CubeIDE\plugins\com.st.stm32cube.common.mx_6.10.0.202311202037
2024-02-01 20:52:06,498 [INFO] ThirdPartyUpdaterWithRetryManager:70 - Updater plugin not ready yet. [2/15]
2024-02-01 20:52:07,452 [ERROR] LogOutputStream:75 - [STDERR_REDIRECT] Feb 01, 2024 8:52:07 PM java.util.prefs.WindowsPreferences <init>
2024-02-01 20:52:07,453 [ERROR] LogOutputStream:75 - [STDERR_REDIRECT] WARNING: Could not open/create prefs root node Software\JavaSoft\Prefs at root 0xffffffff80000002. Windows RegCreateKeyEx(...) returned error code 5.
2024-02-01 20:52:07,453 [ERROR] LogOutputStream:75 - [STDERR_REDIRECT] 
2024-02-01 20:52:07,857 [INFO] MainUpdater:2873 - connection check result : 10
2024-02-01 20:52:07,858 [INFO] MainUpdater:290 - Updater Check For Update Now.
2024-02-01 20:52:07,858 [INFO] MicroXplorer:498 - Change Database Version : DB.6.0.100
2024-02-01 20:52:07,870 [INFO] McuFinderGlobals:63 - Set McuFinder mode to 2 (CubeIDE integrated)
2024-02-01 20:52:07,880 [INFO] UserAuth:404 - Internet connection configuration mode: 1
2024-02-01 20:52:07,900 [INFO] JxBrowserEngine:152 - Initiate JxBrowser Engine with user profile folder
2024-02-01 20:52:08,037 [INFO] CheckServerUpdateThread:120 - End of CheckServer Thread
2024-02-01 20:52:09,624 [WARN] PackLoader:240 - Cannot read IP mode file for STMicroelectronics.X-CUBE-SMBUS.2.1.0
2024-02-01 20:52:09,637 [WARN] PackLoader:240 - Cannot read IP mode file for STMicroelectronics.X-CUBE-TOUCHGFX.4.23.0
2024-02-01 20:52:09,669 [WARN] PackLoader:240 - Cannot read IP mode file for STMicroelectronics.X-CUBE-AZRTOS-F7.1.1.0
2024-02-01 20:52:09,685 [WARN] PackLoader:240 - Cannot read IP mode file for STMicroelectronics.FP-SNS-MOTENV1.4.3.2
2024-02-01 20:52:09,699 [WARN] PackLoader:240 - Cannot read IP mode file for STMicroelectronics.FP-SNS-FLIGHT1.5.0.2
2024-02-01 20:52:09,714 [WARN] PackLoader:240 - Cannot read IP mode file for STMicroelectronics.X-CUBE-DISPLAY.3.0.0
2024-02-01 20:52:09,731 [WARN] PackLoader:240 - Cannot read IP mode file for STMicroelectronics.X-CUBE-BLE1.7.0.0
2024-02-01 20:52:09,744 [WARN] PackLoader:240 - Cannot read IP mode file for emotas.I-CUBE-CANOPEN.1.3.0
2024-02-01 20:52:09,755 [WARN] PackLoader:240 - Cannot read IP mode file for STMicroelectronics.X-CUBE-TOUCHGFX.4.22.1
2024-02-01 20:52:09,766 [WARN] PackLoader:240 - Cannot read IP mode file for STMicroelectronics.FP-SNS-SMARTAG2.1.2.0
2024-02-01 20:52:09,788 [INFO] LogOutputStream:77 - [STDOUT_REDIRECT] 1 : Invalid condition id : UX_CORESTACK_Condition cause : null
2024-02-01 20:52:09,788 [INFO] LogOutputStream:77 - [STDOUT_REDIRECT] 1 : Invalid condition id : UX_CORESTACK_Condition cause : null
2024-02-01 20:52:09,789 [INFO] LogOutputStream:77 - [STDOUT_REDIRECT] 1 : Invalid condition id : UX_CORESTACK_Condition cause : null
2024-02-01 20:52:09,790 [INFO] LogOutputStream:77 - [STDOUT_REDIRECT] 1 : Invalid condition id : UX_CORESTACK_Condition cause : null
2024-02-01 20:52:09,790 [INFO] LogOutputStream:77 - [STDOUT_REDIRECT] 1 : Invalid condition id : UX_CORESTACK_Condition cause : null
2024-02-01 20:52:09,793 [WARN] PackLoader:240 - Cannot read IP mode file for STMicroelectronics.X-CUBE-AZRTOS-WL.2.0.0
2024-02-01 20:52:09,809 [WARN] PackLoader:240 - Cannot read IP mode file for WES.I-CUBE-Cesium.1.3.0
2024-02-01 20:52:09,822 [WARN] PackLoader:240 - Cannot read IP mode file for STMicroelectronics.X-CUBE-BLE2.3.3.0
2024-02-01 20:52:09,838 [WARN] PackLoader:240 - Cannot read IP mode file for STMicroelectronics.X-CUBE-ALGOBUILD.1.3.0
2024-02-01 20:52:09,868 [WARN] PackLoader:240 - Cannot read IP mode file for STMicroelectronics.X-CUBE-AZRTOS-G0.1.1.0
2024-02-01 20:52:09,882 [WARN] PackLoader:240 - Cannot read IP mode file for STMicroelectronics.X-CUBE-NFC4.3.0.0
2024-02-01 20:52:09,897 [WARN] PackLoader:240 - Cannot read IP mode file for STMicroelectronics.X-CUBE-BLEMGR.3.0.0
2024-02-01 20:52:09,909 [WARN] PackLoader:240 - Cannot read IP mode file for STMicroelectronics.FP-ATR-SIGFOX1.3.2.0
2024-02-01 20:52:09,934 [WARN] PackLoader:240 - Cannot read IP mode file for STMicroelectronics.X-CUBE-EEPRMA1.5.1.0
2024-02-01 20:52:09,995 [WARN] PackLoader:240 - Cannot read IP mode file for SEGGER.I-CUBE-embOS.1.3.1
2024-02-01 20:52:10,032 [WARN] PackLoader:240 - Cannot read IP mode file for STMicroelectronics.X-CUBE-GNSS1.6.0.0
2024-02-01 20:52:10,064 [WARN] PackLoader:240 - Cannot read IP mode file for STMicroelectronics.X-CUBE-AZRTOS-F4.1.1.0
2024-02-01 20:52:10,095 [WARN] PackLoader:240 - Cannot read IP mode file for wolfSSL.I-CUBE-wolfSSL.5.6.4
2024-02-01 20:52:10,137 [WARN] PackLoader:240 - Cannot read IP mode file for STMicroelectronics.X-CUBE-AZRTOS-L5.2.0.0
2024-02-01 20:52:10,158 [WARN] PackLoader:240 - Cannot read IP mode file for STMicroelectronics.X-CUBE-EEPRMA1.4.2.0
2024-02-01 20:52:10,175 [WARN] PackLoader:240 - Cannot read IP mode file for ITTIA_DB.I-CUBE-ITTIADB.8.8.0
2024-02-01 20:52:10,207 [WARN] ConditionMgr:438 - getConditionDescription Invalid condition id : UX DEVICE CLASS RTOS Condition cause : null
2024-02-01 20:52:10,207 [WARN] ConditionMgr:438 - getConditionDescription Invalid condition id : UX DEVICE CLASS RTOS Condition cause : null
2024-02-01 20:52:10,210 [WARN] PackLoader:240 - Cannot read IP mode file for STMicroelectronics.X-CUBE-AZRTOS-H7.3.1.0
2024-02-01 20:52:10,211 [WARN] ConditionMgr:1039 - genDependencies : Invalid condition id : UX DEVICE CLASS RTOS Condition cause : null
2024-02-01 20:52:10,212 [WARN] ConditionMgr:1039 - genDependencies : Invalid condition id : UX DEVICE CLASS RTOS Condition cause : null
2024-02-01 20:52:10,212 [WARN] ConditionMgr:1039 - genDependencies : Invalid condition id : UX DEVICE CLASS RTOS Condition cause : null
2024-02-01 20:52:10,212 [WARN] ConditionMgr:1039 - genDependencies : Invalid condition id : UX DEVICE CLASS RTOS Condition cause : null
2024-02-01 20:52:10,212 [WARN] ConditionMgr:1039 - genDependencies : Invalid condition id : UX DEVICE CLASS RTOS Condition cause : null
2024-02-01 20:52:10,226 [WARN] PackLoader:240 - Cannot read IP mode file for STMicroelectronics.X-CUBE-NFC7.1.0.1
2024-02-01 20:52:10,242 [WARN] PackLoader:240 - Cannot read IP mode file for STMicroelectronics.X-CUBE-NFC6.3.0.0
2024-02-01 20:52:10,258 [WARN] PackLoader:240 - Cannot read IP mode file for STMicroelectronics.X-CUBE-AI.8.1.0
2024-02-01 20:52:10,262 [INFO] WebApp:161 - Instantiating new browser for Auth
2024-02-01 20:52:10,300 [WARN] ConditionMgr:438 - getConditionDescription Invalid condition id : LAN8742 Phy interface Condition cause : null
2024-02-01 20:52:10,301 [WARN] PackLoader:240 - Cannot read IP mode file for STMicroelectronics.X-CUBE-AZRTOS-L4.2.0.0
2024-02-01 20:52:10,303 [WARN] ConditionMgr:1039 - genDependencies : Invalid condition id : LAN8742 Phy interface Condition cause : null
2024-02-01 20:52:10,303 [WARN] ConditionMgr:1039 - genDependencies : Invalid condition id : LAN8742 Phy interface Condition cause : null
2024-02-01 20:52:10,304 [WARN] ConditionMgr:1039 - genDependencies : Invalid condition id : LAN8742 Phy interface Condition cause : null
2024-02-01 20:52:10,320 [WARN] PackLoader:240 - Cannot read IP mode file for STMicroelectronics.X-CUBE-SFXS2LP1.4.0.0
2024-02-01 20:52:10,333 [WARN] PackLoader:240 - Cannot read IP mode file for STMicroelectronics.X-CUBE-ISPU.1.1.0
2024-02-01 20:52:10,360 [WARN] ConditionMgr:438 - getConditionDescription Invalid condition id : UX DEVICE CLASS RTOS Condition cause : null
2024-02-01 20:52:10,360 [WARN] ConditionMgr:438 - getConditionDescription Invalid condition id : UX DEVICE CLASS RTOS Condition cause : null
2024-02-01 20:52:10,361 [WARN] PackLoader:240 - Cannot read IP mode file for STMicroelectronics.X-CUBE-AZRTOS-WB.2.0.0
2024-02-01 20:52:10,362 [WARN] ConditionMgr:1039 - genDependencies : Invalid condition id : UX DEVICE CLASS RTOS Condition cause : null
2024-02-01 20:52:10,362 [WARN] ConditionMgr:1039 - genDependencies : Invalid condition id : UX DEVICE CLASS RTOS Condition cause : null
2024-02-01 20:52:10,363 [WARN] ConditionMgr:1039 - genDependencies : Invalid condition id : UX DEVICE CLASS RTOS Condition cause : null
2024-02-01 20:52:10,363 [WARN] ConditionMgr:1039 - genDependencies : Invalid condition id : UX DEVICE CLASS RTOS Condition cause : null
2024-02-01 20:52:10,363 [WARN] ConditionMgr:1039 - genDependencies : Invalid condition id : UX DEVICE CLASS RTOS Condition cause : null
2024-02-01 20:52:10,383 [WARN] PackLoader:240 - Cannot read IP mode file for STMicroelectronics.X-CUBE-SUBG2.5.0.0
2024-02-01 20:52:10,413 [WARN] PackLoader:240 - Cannot read IP mode file for STMicroelectronics.X-CUBE-AZRTOS-G4.2.0.0
2024-02-01 20:52:10,439 [WARN] PackLoader:240 - Cannot read IP mode file for Infineon.AIROC-Wi-Fi-Bluetooth-STM32.1.5.1
2024-02-01 20:52:10,458 [WARN] PackLoader:240 - Cannot read IP mode file for STMicroelectronics.FP-SNS-MOTENVWB1.1.3.0
2024-02-01 20:52:10,475 [WARN] PackLoader:240 - Cannot read IP mode file for STMicroelectronics.FP-SNS-MOTENVWB1.1.3.1
2024-02-01 20:52:10,490 [WARN] PackLoader:240 - Cannot read IP mode file for STMicroelectronics.X-CUBE-ISPU.2.0.0
2024-02-01 20:52:10,536 [WARN] PackLoader:240 - Cannot read IP mode file for STMicroelectronics.X-CUBE-MEMS1.10.0.0
2024-02-01 20:52:10,676 [WARN] PackLoader:240 - Cannot read IP mode file for STMicroelectronics.X-CUBE-FREERTOS.1.1.0
2024-02-01 20:52:10,692 [WARN] PackLoader:240 - Cannot read IP mode file for portGmbH.I-Cube-SoM-uGOAL.1.1.0
2024-02-01 20:52:10,706 [WARN] PackLoader:240 - Cannot read IP mode file for STMicroelectronics.X-CUBE-ALS.1.0.1
2024-02-01 20:52:10,721 [WARN] PackLoader:240 - Cannot read IP mode file for STMicroelectronics.FP-ATR-ASTRA1.2.0.0
2024-02-01 20:52:10,742 [WARN] PackLoader:240 - Cannot read IP mode file for STMicroelectronics.X-CUBE-TOF1.3.4.0
2024-02-01 20:52:10,780 [WARN] PackLoader:240 - Cannot read IP mode file for STMicroelectronics.X-CUBE-AZRTOS-H7.3.2.0
2024-02-01 20:52:10,787 [INFO] ThirdParty:978 - Integrity check success = true
2024-02-01 20:52:10,788 [INFO] IntegrityCheckThread:100 - exiting critical section [integrity check]
2024-02-01 20:52:10,788 [INFO] IntegrityCheckThread:103 - End integrity checks thread
2024-02-01 20:52:10,905 [INFO] WebApp:780 - Register for checkConnection events
2024-02-01 20:52:10,906 [INFO] WebApp:414 - Apply proxy settings
2024-02-01 20:52:10,906 [INFO] WebApp:499 - Chromium requires no authentication
2024-02-01 20:52:10,915 [INFO] WebApp:442 - Direct internet connection detected
2024-02-01 20:52:11,042 [INFO] WebApp:192 - Starting web application
2024-02-01 20:52:11,042 [INFO] WebApp:544 - Web application path used C:\ST\STM32CubeIDE_1.14.0\STM32CubeIDE\plugins\com.st.stm32cube.common.mx_6.10.0.202311202037\db\plugins\mcufinder\reactClient1\index.html
2024-02-01 20:52:21,902 [ERROR] LogOutputStream:75 - [STDERR_REDIRECT] SLF4J: Failed to load class "org.slf4j.impl.StaticLoggerBinder".
2024-02-01 20:52:21,903 [ERROR] LogOutputStream:75 - [STDERR_REDIRECT] SLF4J: Defaulting to no-operation (NOP) logger implementation
2024-02-01 20:52:21,904 [ERROR] LogOutputStream:75 - [STDERR_REDIRECT] SLF4J: See http://www.slf4j.org/codes.html#StaticLoggerBinder for further details.
