2024-01-02 11:02:08,644 [INFO] Activator:176 - 


2024-01-02 11:02:08,649 [INFO] Activator:177 - !SESSION log4j initialized
2024-01-02 11:02:13,251 [INFO] LogOutputStream:77 - [STDOUT_REDIRECT] 
2024-01-02 11:02:15,644 [INFO] ApplicationProperties:184 - Using Application install path: C:\ST\STM32CubeIDE_1.14.0\STM32CubeIDE\plugins\com.st.stm32cube.common.mx_6.10.0.202311202037
2024-01-02 11:02:15,659 [INFO] DbMcusXml:78 - Set database path to: C:\ST\STM32CubeIDE_1.14.0\STM32CubeIDE\plugins\com.st.stm32cube.common.mx_6.10.0.202311202037\\db\/mcu/
2024-01-02 11:02:15,660 [INFO] ApiDb:274 - Set plugin database path to: C:\ST\STM32CubeIDE_1.14.0\STM32CubeIDE\plugins\com.st.stm32cube.common.mx_6.10.0.202311202037\\db\/plugins/boardmanager/
2024-01-02 11:02:15,660 [WARN] ApiDb:259 - Overriding images path with different value:  => C:\ST\STM32CubeIDE_1.14.0\STM32CubeIDE\plugins\com.st.stm32cube.common.mx_6.10.0.202311202037\\db\/plugins/mcufinder/images/
2024-01-02 11:02:15,669 [INFO] ApiDb:250 - Set database path to: C:\Users\sykojo\.stmcufinder\plugins\mcufinder//mcu/
2024-01-02 11:02:15,670 [INFO] DbMcusAds:125 - Set database path to: C:\Users\sykojo\.stmcufinder\plugins\mcufinder//mcu/
2024-01-02 11:02:15,672 [INFO] CrossReferenceDbSqlite:203 - Set database path to: C:\Users\sykojo\.stmcufinder\plugins\mcufinder//mcu/cs/
2024-01-02 11:02:15,772 [INFO] RulesReader:64 - Compatibility file has been processed (297 Rules)
2024-01-02 11:02:15,846 [INFO] DbMcusXml:78 - Set database path to: C:\ST\STM32CubeIDE_1.14.0\STM32CubeIDE\plugins\com.st.stm32cube.common.mx_6.10.0.202311202037\\db\/mcu/
2024-01-02 11:02:15,846 [INFO] ApiDb:274 - Set plugin database path to: C:\ST\STM32CubeIDE_1.14.0\STM32CubeIDE\plugins\com.st.stm32cube.common.mx_6.10.0.202311202037\\db\/plugins/boardmanager/
2024-01-02 11:02:15,846 [INFO] ApiDb:261 - Set plugin images path to: C:\ST\STM32CubeIDE_1.14.0\STM32CubeIDE\plugins\com.st.stm32cube.common.mx_6.10.0.202311202037\\db\/plugins/mcufinder/images/
2024-01-02 11:02:15,847 [WARN] DbFile:41 - Overriding database path with different value: C:\Users\sykojo\.stmcufinder\plugins\mcufinder/ => C:\Users\sykojo\.stmcufinder\plugins\mcufinder
2024-01-02 11:02:15,847 [INFO] ApiDb:250 - Set database path to: C:\Users\sykojo\.stmcufinder\plugins\mcufinder//mcu/
2024-01-02 11:02:15,847 [WARN] DbFile:41 - Overriding database path with different value: C:\Users\sykojo\.stmcufinder\plugins\mcufinder/ => C:\Users\sykojo\.stmcufinder\plugins\mcufinder
2024-01-02 11:02:15,847 [INFO] DbMcusAds:125 - Set database path to: C:\Users\sykojo\.stmcufinder\plugins\mcufinder//mcu/
2024-01-02 11:02:15,847 [WARN] DbFile:41 - Overriding database path with different value: C:\Users\sykojo\.stmcufinder\plugins\mcufinder/ => C:\Users\sykojo\.stmcufinder\plugins\mcufinder
2024-01-02 11:02:15,847 [WARN] DbFile:41 - Overriding database path with different value: C:\Users\sykojo\.stmcufinder\plugins\mcufinder/ => C:\Users\sykojo\.stmcufinder\plugins\mcufinder
2024-01-02 11:02:15,847 [INFO] CrossReferenceDbSqlite:203 - Set database path to: C:\Users\sykojo\.stmcufinder\plugins\mcufinder//mcu/cs/
2024-01-02 11:02:15,913 [INFO] MainPanel:264 - HeapMemory: 268435456
2024-01-02 11:02:15,987 [INFO] DbMcusXml:78 - Set database path to: C:\ST\STM32CubeIDE_1.14.0\STM32CubeIDE\plugins\com.st.stm32cube.common.mx_6.10.0.202311202037\\db\/mcu/
2024-01-02 11:02:15,987 [INFO] ApiDb:274 - Set plugin database path to: C:\ST\STM32CubeIDE_1.14.0\STM32CubeIDE\plugins\com.st.stm32cube.common.mx_6.10.0.202311202037\\db\/plugins/boardmanager/
2024-01-02 11:02:15,988 [INFO] ApiDb:261 - Set plugin images path to: C:\ST\STM32CubeIDE_1.14.0\STM32CubeIDE\plugins\com.st.stm32cube.common.mx_6.10.0.202311202037\\db\/plugins/mcufinder/images/
2024-01-02 11:02:15,988 [WARN] DbFile:41 - Overriding database path with different value: C:\Users\sykojo\.stmcufinder\plugins\mcufinder/ => C:\Users\sykojo\.stmcufinder\plugins\mcufinder
2024-01-02 11:02:15,988 [INFO] ApiDb:250 - Set database path to: C:\Users\sykojo\.stmcufinder\plugins\mcufinder//mcu/
2024-01-02 11:02:15,988 [WARN] DbFile:41 - Overriding database path with different value: C:\Users\sykojo\.stmcufinder\plugins\mcufinder/ => C:\Users\sykojo\.stmcufinder\plugins\mcufinder
2024-01-02 11:02:15,988 [INFO] DbMcusAds:125 - Set database path to: C:\Users\sykojo\.stmcufinder\plugins\mcufinder//mcu/
2024-01-02 11:02:15,988 [WARN] DbFile:41 - Overriding database path with different value: C:\Users\sykojo\.stmcufinder\plugins\mcufinder/ => C:\Users\sykojo\.stmcufinder\plugins\mcufinder
2024-01-02 11:02:15,988 [WARN] DbFile:41 - Overriding database path with different value: C:\Users\sykojo\.stmcufinder\plugins\mcufinder/ => C:\Users\sykojo\.stmcufinder\plugins\mcufinder
2024-01-02 11:02:15,988 [INFO] CrossReferenceDbSqlite:203 - Set database path to: C:\Users\sykojo\.stmcufinder\plugins\mcufinder//mcu/cs/
2024-01-02 11:02:16,004 [INFO] ApplicationProperties:184 - Using Application install path: C:\ST\STM32CubeIDE_1.14.0\STM32CubeIDE\plugins\com.st.stm32cube.common.mx_6.10.0.202311202037
2024-01-02 11:02:16,005 [INFO] PluginManage:196 - Search for loadable plugins [exclusion list=, ]
2024-01-02 11:02:16,006 [INFO] PluginManage:310 - Check plugin analytics
2024-01-02 11:02:16,119 [INFO] AnalyticsPlugin:253 - Accepted Software Licenses: 
2024-01-02 11:02:16,120 [INFO] AnalyticsPlugin:255 - Accepted CMSIS Pack Licenses: 
2024-01-02 11:02:16,120 [INFO] AnalyticsPlugin:257 - Accepted Firmware Licenses: 
2024-01-02 11:02:16,122 [INFO] PluginManage:359 - Loaded plugin analytics (category:tool,tabindex:-1)
2024-01-02 11:02:16,122 [INFO] PluginManage:310 - Check plugin cadmodel
2024-01-02 11:02:16,135 [INFO] CADModel:105 - Init CAD model plugin
2024-01-02 11:02:16,135 [INFO] PluginManage:359 - Loaded plugin cadmodel (category:power,tabindex:5)
2024-01-02 11:02:16,135 [INFO] PluginManage:310 - Check plugin clock
2024-01-02 11:02:16,153 [INFO] PluginManage:359 - Loaded plugin clock (category:base,tabindex:2)
2024-01-02 11:02:16,153 [INFO] PluginManage:310 - Check plugin ddr
2024-01-02 11:02:16,155 [INFO] PluginManage:359 - Loaded plugin ddr (category:tool,tabindex:6)
2024-01-02 11:02:16,155 [INFO] PluginManage:310 - Check plugin filemanager
2024-01-02 11:02:16,268 [INFO] PluginManage:359 - Loaded plugin filemanager (category:base,tabindex:10)
2024-01-02 11:02:16,268 [INFO] PluginManage:310 - Check plugin ipmanager
2024-01-02 11:02:16,275 [INFO] PluginManage:359 - Loaded plugin ipmanager (category:base,tabindex:5)
2024-01-02 11:02:16,275 [INFO] PluginManage:310 - Check plugin lpbam
2024-01-02 11:02:16,292 [INFO] PluginManage:359 - Loaded plugin lpbam (category:base,tabindex:0)
2024-01-02 11:02:16,292 [INFO] PluginManage:310 - Check plugin memorymap
2024-01-02 11:02:16,313 [INFO] PluginManage:359 - Loaded plugin memorymap (category:base,tabindex:4)
2024-01-02 11:02:16,313 [INFO] PluginManage:310 - Check plugin pinoutandconfiguration
2024-01-02 11:02:16,329 [INFO] PluginManage:359 - Loaded plugin pinoutandconfiguration (category:base,tabindex:1)
2024-01-02 11:02:16,329 [INFO] PluginManage:310 - Check plugin pinoutconfig
2024-01-02 11:02:16,405 [WARN] SupportedApi:132 - Cannot load RTOS API schema: s4s-elt-must-match.1: The content of 'definitions' must match (annotation?, (simpleType | complexType)?, (unique | key | keyref)*)). A problem was found starting at: attribute.
2024-01-02 11:02:16,510 [INFO] PluginManage:359 - Loaded plugin pinoutconfig (category:base,tabindex:0)
2024-01-02 11:02:16,510 [INFO] PluginManage:310 - Check plugin power
2024-01-02 11:02:16,526 [INFO] PluginManage:359 - Loaded plugin power (category:power,tabindex:4)
2024-01-02 11:02:16,526 [INFO] PluginManage:310 - Check plugin projectmanager
2024-01-02 11:02:16,538 [INFO] PluginManage:359 - Loaded plugin projectmanager (category:projectmanager,tabindex:3)
2024-01-02 11:02:16,538 [INFO] PluginManage:310 - Check plugin thirdparty
2024-01-02 11:02:16,745 [INFO] PluginManage:359 - Loaded plugin thirdparty (category:base,tabindex:-1)
2024-01-02 11:02:16,745 [WARN] IntegrityCheckThread:84 - waiting for thirdparty lock release [integrity check]
2024-01-02 11:02:16,745 [INFO] PluginManage:310 - Check plugin tools
2024-01-02 11:02:16,745 [INFO] IntegrityCheckThread:86 - entering critical section [integrity check]
2024-01-02 11:02:16,745 [INFO] ThirdPartyUpdaterWithRetryManager:70 - Updater plugin not ready yet. [1/15]
2024-01-02 11:02:16,772 [INFO] PluginManage:359 - Loaded plugin tools (category:base,tabindex:7)
2024-01-02 11:02:16,772 [INFO] PluginManage:310 - Check plugin tutovideos
2024-01-02 11:02:16,920 [INFO] PluginManage:359 - Loaded plugin tutovideos (category:base,tabindex:-1)
2024-01-02 11:02:16,920 [INFO] PluginManage:310 - Check plugin updater
2024-01-02 11:02:16,929 [INFO] PluginManage:359 - Loaded plugin updater (category:base,tabindex:12)
2024-01-02 11:02:16,929 [INFO] PluginManage:310 - Check plugin userauth
2024-01-02 11:02:16,933 [INFO] UserAuth:114 - Init User Auth plugin
2024-01-02 11:02:16,933 [INFO] PluginManage:359 - Loaded plugin userauth (category:base,tabindex:14)
2024-01-02 11:02:16,933 [INFO] PluginManage:283 - PluginManage : Loaded plugins [17]
2024-01-02 11:02:17,103 [INFO] PinOutPanel:1499 - setPackage(No Configuration,No Configuration)
2024-01-02 11:02:17,169 [INFO] CADModel:165 - CPN selected for project level
2024-01-02 11:02:17,169 [INFO] CADModel:114 - Register for checkConnection events
2024-01-02 11:02:17,190 [INFO] IPUIPlugin:80 - create IPUIPlugin
2024-01-02 11:02:17,190 [INFO] PluginManager:220 - loadIPPluginJar : add adc
2024-01-02 11:02:17,214 [INFO] IPUIPlugin:80 - create IPUIPlugin
2024-01-02 11:02:17,214 [INFO] PluginManager:220 - loadIPPluginJar : add aes
2024-01-02 11:02:17,241 [INFO] IPUIPlugin:80 - create IPUIPlugin
2024-01-02 11:02:17,241 [INFO] PluginManager:220 - loadIPPluginJar : add can
2024-01-02 11:02:17,258 [INFO] IPUIPlugin:80 - create IPUIPlugin
2024-01-02 11:02:17,258 [INFO] PluginManager:220 - loadIPPluginJar : add comp
2024-01-02 11:02:17,281 [INFO] IPUIPlugin:80 - create IPUIPlugin
2024-01-02 11:02:17,281 [INFO] PluginManager:220 - loadIPPluginJar : add cryp
2024-01-02 11:02:17,300 [INFO] IPUIPlugin:80 - create IPUIPlugin
2024-01-02 11:02:17,300 [INFO] PluginManager:220 - loadIPPluginJar : add dfsdm
2024-01-02 11:02:17,311 [INFO] IPUIPlugin:80 - create IPUIPlugin
2024-01-02 11:02:17,311 [INFO] PluginManager:220 - loadIPPluginJar : add dma
2024-01-02 11:02:17,340 [INFO] IPUIPlugin:80 - create IPUIPlugin
2024-01-02 11:02:17,340 [INFO] PluginManager:220 - loadIPPluginJar : add dma3
2024-01-02 11:02:17,354 [INFO] IPUIPlugin:80 - create IPUIPlugin
2024-01-02 11:02:17,354 [INFO] PluginManager:220 - loadIPPluginJar : add fatfs
2024-01-02 11:02:17,386 [INFO] IPUIPlugin:80 - create IPUIPlugin
2024-01-02 11:02:17,386 [INFO] PluginManager:220 - loadIPPluginJar : add fmc
2024-01-02 11:02:17,397 [INFO] IPUIPlugin:80 - create IPUIPlugin
2024-01-02 11:02:17,397 [INFO] PluginManager:220 - loadIPPluginJar : add freertos
2024-01-02 11:02:17,412 [INFO] IPUIPlugin:80 - create IPUIPlugin
2024-01-02 11:02:17,412 [INFO] PluginManager:220 - loadIPPluginJar : add genericplugin
2024-01-02 11:02:17,470 [INFO] IPUIPlugin:80 - create IPUIPlugin
2024-01-02 11:02:17,470 [INFO] PluginManager:220 - loadIPPluginJar : add gfxmmu
2024-01-02 11:02:17,554 [INFO] IPUIPlugin:80 - create IPUIPlugin
2024-01-02 11:02:17,555 [INFO] PluginManager:220 - loadIPPluginJar : add gic
2024-01-02 11:02:17,564 [INFO] IPUIPlugin:80 - create IPUIPlugin
2024-01-02 11:02:17,565 [INFO] PluginManager:220 - loadIPPluginJar : add gpio
2024-01-02 11:02:17,629 [INFO] IPUIPlugin:80 - create IPUIPlugin
2024-01-02 11:02:17,630 [INFO] PluginManager:220 - loadIPPluginJar : add gtzc
2024-01-02 11:02:17,653 [INFO] IPUIPlugin:80 - create IPUIPlugin
2024-01-02 11:02:17,653 [INFO] PluginManager:220 - loadIPPluginJar : add hash
2024-01-02 11:02:17,691 [INFO] IPUIPlugin:80 - create IPUIPlugin
2024-01-02 11:02:17,691 [INFO] PluginManager:220 - loadIPPluginJar : add i2c
2024-01-02 11:02:17,720 [INFO] IPUIPlugin:80 - create IPUIPlugin
2024-01-02 11:02:17,720 [INFO] PluginManager:220 - loadIPPluginJar : add i2s
2024-01-02 11:02:17,751 [INFO] IPUIPlugin:80 - create IPUIPlugin
2024-01-02 11:02:17,752 [INFO] PluginManager:220 - loadIPPluginJar : add i3c
2024-01-02 11:02:17,830 [INFO] IPUIPlugin:80 - create IPUIPlugin
2024-01-02 11:02:17,830 [INFO] PluginManager:220 - loadIPPluginJar : add ipddr
2024-01-02 11:02:17,895 [INFO] IPUIPlugin:80 - create IPUIPlugin
2024-01-02 11:02:17,895 [INFO] PluginManager:220 - loadIPPluginJar : add linkedlist
2024-01-02 11:02:17,919 [INFO] IPUIPlugin:80 - create IPUIPlugin
2024-01-02 11:02:17,920 [INFO] PluginManager:220 - loadIPPluginJar : add lorawan
2024-01-02 11:02:17,945 [INFO] IPUIPlugin:80 - create IPUIPlugin
2024-01-02 11:02:17,945 [INFO] PluginManager:220 - loadIPPluginJar : add ltdc
2024-01-02 11:02:17,956 [INFO] IPUIPlugin:80 - create IPUIPlugin
2024-01-02 11:02:17,957 [INFO] PluginManager:220 - loadIPPluginJar : add mdma
2024-01-02 11:02:17,966 [INFO] IPUIPlugin:80 - create IPUIPlugin
2024-01-02 11:02:17,966 [INFO] PluginManager:220 - loadIPPluginJar : add nvic
2024-01-02 11:02:17,993 [INFO] IPUIPlugin:80 - create IPUIPlugin
2024-01-02 11:02:17,993 [INFO] PluginManager:220 - loadIPPluginJar : add opamp
2024-01-02 11:02:18,033 [INFO] IPUIPlugin:80 - create IPUIPlugin
2024-01-02 11:02:18,033 [INFO] PluginManager:220 - loadIPPluginJar : add openamp
2024-01-02 11:02:18,063 [INFO] IPUIPlugin:80 - create IPUIPlugin
2024-01-02 11:02:18,064 [INFO] PluginManager:220 - loadIPPluginJar : add pdm2pcm
2024-01-02 11:02:18,074 [INFO] IPUIPlugin:80 - create IPUIPlugin
2024-01-02 11:02:18,076 [INFO] PluginManager:220 - loadIPPluginJar : add plateformsettings
2024-01-02 11:02:18,092 [INFO] IPUIPlugin:80 - create IPUIPlugin
2024-01-02 11:02:18,092 [INFO] PluginManager:220 - loadIPPluginJar : add quadspi
2024-01-02 11:02:18,101 [INFO] IPUIPlugin:80 - create IPUIPlugin
2024-01-02 11:02:18,101 [INFO] PluginManager:220 - loadIPPluginJar : add resmgrutility
2024-01-02 11:02:18,135 [INFO] IPUIPlugin:80 - create IPUIPlugin
2024-01-02 11:02:18,135 [INFO] PluginManager:220 - loadIPPluginJar : add sai
2024-01-02 11:02:18,161 [INFO] IPUIPlugin:80 - create IPUIPlugin
2024-01-02 11:02:18,162 [INFO] PluginManager:220 - loadIPPluginJar : add spi
2024-01-02 11:02:18,209 [INFO] IPUIPlugin:80 - create IPUIPlugin
2024-01-02 11:02:18,209 [INFO] PluginManager:220 - loadIPPluginJar : add stm32_wpan
2024-01-02 11:02:18,226 [INFO] IPUIPlugin:80 - create IPUIPlugin
2024-01-02 11:02:18,226 [INFO] PluginManager:220 - loadIPPluginJar : add tim
2024-01-02 11:02:18,265 [INFO] IPUIPlugin:80 - create IPUIPlugin
2024-01-02 11:02:18,265 [INFO] PluginManager:220 - loadIPPluginJar : add touchsensing
2024-01-02 11:02:18,281 [INFO] IPUIPlugin:80 - create IPUIPlugin
2024-01-02 11:02:18,281 [INFO] PluginManager:220 - loadIPPluginJar : add tracer_emb
2024-01-02 11:02:18,297 [INFO] IPUIPlugin:80 - create IPUIPlugin
2024-01-02 11:02:18,297 [INFO] PluginManager:220 - loadIPPluginJar : add ts
2024-01-02 11:02:18,310 [INFO] IPUIPlugin:80 - create IPUIPlugin
2024-01-02 11:02:18,310 [INFO] PluginManager:220 - loadIPPluginJar : add tsc
2024-01-02 11:02:18,326 [INFO] IPUIPlugin:80 - create IPUIPlugin
2024-01-02 11:02:18,327 [INFO] PluginManager:220 - loadIPPluginJar : add ucpd
2024-01-02 11:02:18,360 [INFO] IPUIPlugin:80 - create IPUIPlugin
2024-01-02 11:02:18,360 [INFO] PluginManager:220 - loadIPPluginJar : add usart
2024-01-02 11:02:18,392 [INFO] IPUIPlugin:80 - create IPUIPlugin
2024-01-02 11:02:18,392 [INFO] PluginManager:220 - loadIPPluginJar : add usbx
2024-01-02 11:02:18,513 [INFO] CADModel:165 - CPN selected for project level
2024-01-02 11:02:18,513 [INFO] CADModel:114 - Register for checkConnection events
2024-01-02 11:02:18,513 [FATAL] Updater:308 - Updater called before beeing initialized
2024-01-02 11:02:18,513 [ERROR] CADModel:125 - Updater not yet initialized, retry later 
2024-01-02 11:02:18,636 [INFO] CADModel:165 - CPN selected for project level
2024-01-02 11:02:18,636 [INFO] CADModel:114 - Register for checkConnection events
2024-01-02 11:02:18,636 [FATAL] Updater:308 - Updater called before beeing initialized
2024-01-02 11:02:18,636 [ERROR] CADModel:125 - Updater not yet initialized, retry later 
2024-01-02 11:02:18,639 [FATAL] Updater:308 - Updater called before beeing initialized
2024-01-02 11:02:18,737 [FATAL] Updater:308 - Updater called before beeing initialized
2024-01-02 11:02:18,744 [INFO] DbMcusAds:53 - JSON generation date=Wed Nov 29 11:52:27 CET 2023 (1701255147349)
2024-01-02 11:02:18,745 [FATAL] Updater:308 - Updater called before beeing initialized
2024-01-02 11:02:18,807 [WARN] DetailPanel:346 - Failed to get advertising image, set to default
2024-01-02 11:02:18,894 [FATAL] Updater:308 - Updater called before beeing initialized
2024-01-02 11:02:18,896 [FATAL] Updater:308 - Updater called before beeing initialized
2024-01-02 11:02:18,896 [FATAL] Updater:308 - Updater called before beeing initialized
2024-01-02 11:02:18,896 [WARN] DetailPanel:346 - Failed to get advertising image, set to default
2024-01-02 11:02:18,897 [FATAL] Updater:308 - Updater called before beeing initialized
2024-01-02 11:02:18,962 [ERROR] Updater:1120 - MainUpdater not yet initialized. External WinMGr cannot be set.
2024-01-02 11:02:18,972 [INFO] Updater:1056 - Updater Version found : 6.10.0
2024-01-02 11:02:18,989 [INFO] ApplicationProperties:184 - Using Application install path: C:\ST\STM32CubeIDE_1.14.0\STM32CubeIDE\plugins\com.st.stm32cube.common.mx_6.10.0.202311202037
2024-01-02 11:02:19,747 [INFO] ThirdPartyUpdaterWithRetryManager:70 - Updater plugin not ready yet. [2/15]
2024-01-02 11:02:20,575 [ERROR] LogOutputStream:75 - [STDERR_REDIRECT] Jan 02, 2024 11:02:20 AM java.util.prefs.WindowsPreferences <init>
2024-01-02 11:02:20,577 [ERROR] LogOutputStream:75 - [STDERR_REDIRECT] WARNING: Could not open/create prefs root node Software\JavaSoft\Prefs at root 0xffffffff80000002. Windows RegCreateKeyEx(...) returned error code 5.
2024-01-02 11:02:20,577 [ERROR] LogOutputStream:75 - [STDERR_REDIRECT] 
2024-01-02 11:02:20,793 [INFO] MainUpdater:2873 - connection check result : 10
2024-01-02 11:02:20,793 [INFO] MainUpdater:3567 - Updater definition file requires update
2024-01-02 11:02:20,794 [INFO] MainUpdater:290 - Updater Check For Update Now.
2024-01-02 11:02:20,794 [INFO] MicroXplorer:498 - Change Database Version : DB.6.0.100
2024-01-02 11:02:20,808 [INFO] McuFinderGlobals:63 - Set McuFinder mode to 2 (CubeIDE integrated)
2024-01-02 11:02:20,835 [INFO] ServerAccessManage:473 - Download File updaters.zip
2024-01-02 11:02:20,917 [INFO] FileExtend:240 - Unzip File : updaters.zip
2024-01-02 11:02:20,917 [INFO] FileExtend:255 - Standard Zip Deflate
2024-01-02 11:02:21,121 [INFO] UserAuth:404 - Internet connection configuration mode: 1
2024-01-02 11:02:21,149 [INFO] JxBrowserEngine:152 - Initiate JxBrowser Engine with user profile folder
2024-01-02 11:02:21,260 [INFO] ServerAccessManage:473 - Download File PacksControlFlags.xml
2024-01-02 11:02:21,340 [INFO] ServerAccessManage:473 - Download File cubemx.pidx
2024-01-02 11:02:21,454 [INFO] LoadServerUpdatesThread:375 - End of LoadServerUpdate Thread
2024-01-02 11:02:21,611 [INFO] CheckServerUpdateThread:120 - End of CheckServer Thread
2024-01-02 11:02:22,907 [WARN] PackLoader:240 - Cannot read IP mode file for STMicroelectronics.X-CUBE-SMBUS.2.1.0
2024-01-02 11:02:22,920 [WARN] PackLoader:240 - Cannot read IP mode file for STMicroelectronics.X-CUBE-TOUCHGFX.4.23.0
2024-01-02 11:02:22,959 [WARN] PackLoader:240 - Cannot read IP mode file for STMicroelectronics.X-CUBE-AZRTOS-F7.1.1.0
2024-01-02 11:02:22,979 [WARN] PackLoader:240 - Cannot read IP mode file for STMicroelectronics.FP-SNS-MOTENV1.4.3.2
2024-01-02 11:02:22,996 [WARN] PackLoader:240 - Cannot read IP mode file for STMicroelectronics.FP-SNS-FLIGHT1.5.0.2
2024-01-02 11:02:23,016 [WARN] PackLoader:240 - Cannot read IP mode file for STMicroelectronics.X-CUBE-DISPLAY.3.0.0
2024-01-02 11:02:23,036 [WARN] PackLoader:240 - Cannot read IP mode file for STMicroelectronics.X-CUBE-BLE1.7.0.0
2024-01-02 11:02:23,049 [WARN] PackLoader:240 - Cannot read IP mode file for emotas.I-CUBE-CANOPEN.1.3.0
2024-01-02 11:02:23,061 [WARN] PackLoader:240 - Cannot read IP mode file for STMicroelectronics.X-CUBE-TOUCHGFX.4.22.1
2024-01-02 11:02:23,073 [WARN] PackLoader:240 - Cannot read IP mode file for STMicroelectronics.FP-SNS-SMARTAG2.1.2.0
2024-01-02 11:02:23,096 [INFO] LogOutputStream:77 - [STDOUT_REDIRECT] 1 : Invalid condition id : UX_CORESTACK_Condition cause : null
2024-01-02 11:02:23,096 [INFO] LogOutputStream:77 - [STDOUT_REDIRECT] 1 : Invalid condition id : UX_CORESTACK_Condition cause : null
2024-01-02 11:02:23,097 [INFO] LogOutputStream:77 - [STDOUT_REDIRECT] 1 : Invalid condition id : UX_CORESTACK_Condition cause : null
2024-01-02 11:02:23,098 [INFO] LogOutputStream:77 - [STDOUT_REDIRECT] 1 : Invalid condition id : UX_CORESTACK_Condition cause : null
2024-01-02 11:02:23,099 [INFO] LogOutputStream:77 - [STDOUT_REDIRECT] 1 : Invalid condition id : UX_CORESTACK_Condition cause : null
2024-01-02 11:02:23,103 [WARN] PackLoader:240 - Cannot read IP mode file for STMicroelectronics.X-CUBE-AZRTOS-WL.2.0.0
2024-01-02 11:02:23,118 [WARN] PackLoader:240 - Cannot read IP mode file for WES.I-CUBE-Cesium.1.3.0
2024-01-02 11:02:23,132 [WARN] PackLoader:240 - Cannot read IP mode file for STMicroelectronics.X-CUBE-BLE2.3.3.0
2024-01-02 11:02:23,146 [WARN] PackLoader:240 - Cannot read IP mode file for STMicroelectronics.X-CUBE-ALGOBUILD.1.3.0
2024-01-02 11:02:23,173 [WARN] PackLoader:240 - Cannot read IP mode file for STMicroelectronics.X-CUBE-AZRTOS-G0.1.1.0
2024-01-02 11:02:23,193 [WARN] PackLoader:240 - Cannot read IP mode file for STMicroelectronics.X-CUBE-NFC4.3.0.0
2024-01-02 11:02:23,212 [WARN] PackLoader:240 - Cannot read IP mode file for STMicroelectronics.X-CUBE-BLEMGR.3.0.0
2024-01-02 11:02:23,227 [WARN] PackLoader:240 - Cannot read IP mode file for STMicroelectronics.FP-ATR-SIGFOX1.3.2.0
2024-01-02 11:02:23,261 [WARN] PackLoader:240 - Cannot read IP mode file for SEGGER.I-CUBE-embOS.1.3.1
2024-01-02 11:02:23,306 [WARN] PackLoader:240 - Cannot read IP mode file for STMicroelectronics.X-CUBE-GNSS1.6.0.0
2024-01-02 11:02:23,336 [WARN] PackLoader:240 - Cannot read IP mode file for STMicroelectronics.X-CUBE-AZRTOS-F4.1.1.0
2024-01-02 11:02:23,352 [WARN] PackLoader:240 - Cannot read IP mode file for wolfSSL.I-CUBE-wolfSSL.5.6.4
2024-01-02 11:02:23,382 [WARN] PackLoader:240 - Cannot read IP mode file for STMicroelectronics.X-CUBE-AZRTOS-L5.2.0.0
2024-01-02 11:02:23,399 [WARN] PackLoader:240 - Cannot read IP mode file for STMicroelectronics.X-CUBE-EEPRMA1.4.2.0
2024-01-02 11:02:23,413 [WARN] PackLoader:240 - Cannot read IP mode file for ITTIA_DB.I-CUBE-ITTIADB.8.8.0
2024-01-02 11:02:23,438 [WARN] ConditionMgr:438 - getConditionDescription Invalid condition id : UX DEVICE CLASS RTOS Condition cause : null
2024-01-02 11:02:23,439 [WARN] ConditionMgr:438 - getConditionDescription Invalid condition id : UX DEVICE CLASS RTOS Condition cause : null
2024-01-02 11:02:23,442 [WARN] PackLoader:240 - Cannot read IP mode file for STMicroelectronics.X-CUBE-AZRTOS-H7.3.1.0
2024-01-02 11:02:23,443 [WARN] ConditionMgr:1039 - genDependencies : Invalid condition id : UX DEVICE CLASS RTOS Condition cause : null
2024-01-02 11:02:23,444 [WARN] ConditionMgr:1039 - genDependencies : Invalid condition id : UX DEVICE CLASS RTOS Condition cause : null
2024-01-02 11:02:23,444 [WARN] ConditionMgr:1039 - genDependencies : Invalid condition id : UX DEVICE CLASS RTOS Condition cause : null
2024-01-02 11:02:23,444 [WARN] ConditionMgr:1039 - genDependencies : Invalid condition id : UX DEVICE CLASS RTOS Condition cause : null
2024-01-02 11:02:23,444 [WARN] ConditionMgr:1039 - genDependencies : Invalid condition id : UX DEVICE CLASS RTOS Condition cause : null
2024-01-02 11:02:23,458 [WARN] PackLoader:240 - Cannot read IP mode file for STMicroelectronics.X-CUBE-NFC7.1.0.1
2024-01-02 11:02:23,474 [WARN] PackLoader:240 - Cannot read IP mode file for STMicroelectronics.X-CUBE-NFC6.3.0.0
2024-01-02 11:02:23,488 [WARN] PackLoader:240 - Cannot read IP mode file for STMicroelectronics.X-CUBE-AI.8.1.0
2024-01-02 11:02:23,515 [WARN] ConditionMgr:438 - getConditionDescription Invalid condition id : LAN8742 Phy interface Condition cause : null
2024-01-02 11:02:23,516 [WARN] PackLoader:240 - Cannot read IP mode file for STMicroelectronics.X-CUBE-AZRTOS-L4.2.0.0
2024-01-02 11:02:23,517 [WARN] ConditionMgr:1039 - genDependencies : Invalid condition id : LAN8742 Phy interface Condition cause : null
2024-01-02 11:02:23,517 [WARN] ConditionMgr:1039 - genDependencies : Invalid condition id : LAN8742 Phy interface Condition cause : null
2024-01-02 11:02:23,518 [WARN] ConditionMgr:1039 - genDependencies : Invalid condition id : LAN8742 Phy interface Condition cause : null
2024-01-02 11:02:23,532 [WARN] PackLoader:240 - Cannot read IP mode file for STMicroelectronics.X-CUBE-SFXS2LP1.4.0.0
2024-01-02 11:02:23,545 [WARN] PackLoader:240 - Cannot read IP mode file for STMicroelectronics.X-CUBE-ISPU.1.1.0
2024-01-02 11:02:23,566 [WARN] ConditionMgr:438 - getConditionDescription Invalid condition id : UX DEVICE CLASS RTOS Condition cause : null
2024-01-02 11:02:23,567 [WARN] ConditionMgr:438 - getConditionDescription Invalid condition id : UX DEVICE CLASS RTOS Condition cause : null
2024-01-02 11:02:23,568 [WARN] PackLoader:240 - Cannot read IP mode file for STMicroelectronics.X-CUBE-AZRTOS-WB.2.0.0
2024-01-02 11:02:23,568 [WARN] ConditionMgr:1039 - genDependencies : Invalid condition id : UX DEVICE CLASS RTOS Condition cause : null
2024-01-02 11:02:23,568 [WARN] ConditionMgr:1039 - genDependencies : Invalid condition id : UX DEVICE CLASS RTOS Condition cause : null
2024-01-02 11:02:23,569 [WARN] ConditionMgr:1039 - genDependencies : Invalid condition id : UX DEVICE CLASS RTOS Condition cause : null
2024-01-02 11:02:23,569 [WARN] ConditionMgr:1039 - genDependencies : Invalid condition id : UX DEVICE CLASS RTOS Condition cause : null
2024-01-02 11:02:23,570 [WARN] ConditionMgr:1039 - genDependencies : Invalid condition id : UX DEVICE CLASS RTOS Condition cause : null
2024-01-02 11:02:23,587 [WARN] PackLoader:240 - Cannot read IP mode file for STMicroelectronics.X-CUBE-SUBG2.5.0.0
2024-01-02 11:02:23,616 [WARN] PackLoader:240 - Cannot read IP mode file for STMicroelectronics.X-CUBE-AZRTOS-G4.2.0.0
2024-01-02 11:02:23,688 [WARN] PackLoader:240 - Cannot read IP mode file for Infineon.AIROC-Wi-Fi-Bluetooth-STM32.1.5.1
2024-01-02 11:02:23,703 [WARN] PackLoader:240 - Cannot read IP mode file for STMicroelectronics.FP-SNS-MOTENVWB1.1.3.0
2024-01-02 11:02:23,714 [WARN] PackLoader:240 - Cannot read IP mode file for STMicroelectronics.FP-SNS-MOTENVWB1.1.3.1
2024-01-02 11:02:23,725 [WARN] PackLoader:240 - Cannot read IP mode file for STMicroelectronics.X-CUBE-ISPU.2.0.0
2024-01-02 11:02:23,776 [WARN] PackLoader:240 - Cannot read IP mode file for STMicroelectronics.X-CUBE-MEMS1.10.0.0
2024-01-02 11:02:23,909 [WARN] PackLoader:240 - Cannot read IP mode file for STMicroelectronics.X-CUBE-FREERTOS.1.1.0
2024-01-02 11:02:23,923 [WARN] PackLoader:240 - Cannot read IP mode file for portGmbH.I-Cube-SoM-uGOAL.1.1.0
2024-01-02 11:02:23,934 [WARN] PackLoader:240 - Cannot read IP mode file for STMicroelectronics.X-CUBE-ALS.1.0.1
2024-01-02 11:02:23,948 [WARN] PackLoader:240 - Cannot read IP mode file for STMicroelectronics.FP-ATR-ASTRA1.2.0.0
2024-01-02 11:02:23,954 [INFO] WebApp:161 - Instantiating new browser for Auth
2024-01-02 11:02:23,970 [WARN] PackLoader:240 - Cannot read IP mode file for STMicroelectronics.X-CUBE-TOF1.3.4.0
2024-01-02 11:02:24,011 [WARN] PackLoader:240 - Cannot read IP mode file for STMicroelectronics.X-CUBE-AZRTOS-H7.3.2.0
2024-01-02 11:02:24,015 [INFO] ThirdParty:978 - Integrity check success = true
2024-01-02 11:02:24,015 [INFO] IntegrityCheckThread:100 - exiting critical section [integrity check]
2024-01-02 11:02:24,015 [INFO] IntegrityCheckThread:103 - End integrity checks thread
2024-01-02 11:02:24,521 [INFO] WebApp:780 - Register for checkConnection events
2024-01-02 11:02:24,521 [INFO] WebApp:414 - Apply proxy settings
2024-01-02 11:02:24,521 [INFO] WebApp:499 - Chromium requires no authentication
2024-01-02 11:02:24,529 [INFO] WebApp:442 - Direct internet connection detected
2024-01-02 11:02:24,676 [INFO] WebApp:192 - Starting web application
2024-01-02 11:02:24,676 [INFO] WebApp:544 - Web application path used C:\ST\STM32CubeIDE_1.14.0\STM32CubeIDE\plugins\com.st.stm32cube.common.mx_6.10.0.202311202037\db\plugins\mcufinder\reactClient1\index.html
2024-01-02 11:02:45,375 [ERROR] LogOutputStream:75 - [STDERR_REDIRECT] SLF4J: Failed to load class "org.slf4j.impl.StaticLoggerBinder".
2024-01-02 11:02:45,376 [ERROR] LogOutputStream:75 - [STDERR_REDIRECT] SLF4J: Defaulting to no-operation (NOP) logger implementation
2024-01-02 11:02:45,377 [ERROR] LogOutputStream:75 - [STDERR_REDIRECT] SLF4J: See http://www.slf4j.org/codes.html#StaticLoggerBinder for further details.
2024-01-02 19:26:24,641 [ERROR] LogOutputStream:75 - [STDERR_REDIRECT] 
