2023-11-26 17:22:09,291 [INFO] Activator:176 - 


2023-11-26 17:22:09,296 [INFO] Activator:177 - !SESSION log4j initialized
2023-11-26 17:22:13,510 [INFO] LogOutputStream:77 - [STDOUT_REDIRECT] 
2023-11-26 17:22:14,965 [INFO] ApplicationProperties:184 - Using Application install path: C:\ST\STM32CubeIDE_1.14.0\STM32CubeIDE\plugins\com.st.stm32cube.common.mx_6.10.0.202311202037
2023-11-26 17:22:14,978 [INFO] DbMcusXml:78 - Set database path to: C:\ST\STM32CubeIDE_1.14.0\STM32CubeIDE\plugins\com.st.stm32cube.common.mx_6.10.0.202311202037\\db\/mcu/
2023-11-26 17:22:14,978 [INFO] ApiDb:274 - Set plugin database path to: C:\ST\STM32CubeIDE_1.14.0\STM32CubeIDE\plugins\com.st.stm32cube.common.mx_6.10.0.202311202037\\db\/plugins/boardmanager/
2023-11-26 17:22:14,988 [WARN] ApiDb:259 - Overriding images path with different value:  => C:\ST\STM32CubeIDE_1.14.0\STM32CubeIDE\plugins\com.st.stm32cube.common.mx_6.10.0.202311202037\\db\/plugins/mcufinder/images/
2023-11-26 17:22:14,993 [INFO] ApiDb:250 - Set database path to: C:\Users\sykojo\.stmcufinder\plugins\mcufinder//mcu/
2023-11-26 17:22:14,994 [INFO] DbMcusAds:125 - Set database path to: C:\Users\sykojo\.stmcufinder\plugins\mcufinder//mcu/
2023-11-26 17:22:14,995 [INFO] CrossReferenceDbSqlite:203 - Set database path to: C:\Users\sykojo\.stmcufinder\plugins\mcufinder//mcu/cs/
2023-11-26 17:22:15,090 [INFO] RulesReader:64 - Compatibility file has been processed (297 Rules)
2023-11-26 17:22:15,152 [INFO] DbMcusXml:78 - Set database path to: C:\ST\STM32CubeIDE_1.14.0\STM32CubeIDE\plugins\com.st.stm32cube.common.mx_6.10.0.202311202037\\db\/mcu/
2023-11-26 17:22:15,152 [INFO] ApiDb:274 - Set plugin database path to: C:\ST\STM32CubeIDE_1.14.0\STM32CubeIDE\plugins\com.st.stm32cube.common.mx_6.10.0.202311202037\\db\/plugins/boardmanager/
2023-11-26 17:22:15,153 [INFO] ApiDb:261 - Set plugin images path to: C:\ST\STM32CubeIDE_1.14.0\STM32CubeIDE\plugins\com.st.stm32cube.common.mx_6.10.0.202311202037\\db\/plugins/mcufinder/images/
2023-11-26 17:22:15,153 [WARN] DbFile:41 - Overriding database path with different value: C:\Users\sykojo\.stmcufinder\plugins\mcufinder/ => C:\Users\sykojo\.stmcufinder\plugins\mcufinder
2023-11-26 17:22:15,153 [INFO] ApiDb:250 - Set database path to: C:\Users\sykojo\.stmcufinder\plugins\mcufinder//mcu/
2023-11-26 17:22:15,153 [WARN] DbFile:41 - Overriding database path with different value: C:\Users\sykojo\.stmcufinder\plugins\mcufinder/ => C:\Users\sykojo\.stmcufinder\plugins\mcufinder
2023-11-26 17:22:15,153 [INFO] DbMcusAds:125 - Set database path to: C:\Users\sykojo\.stmcufinder\plugins\mcufinder//mcu/
2023-11-26 17:22:15,153 [WARN] DbFile:41 - Overriding database path with different value: C:\Users\sykojo\.stmcufinder\plugins\mcufinder/ => C:\Users\sykojo\.stmcufinder\plugins\mcufinder
2023-11-26 17:22:15,153 [WARN] DbFile:41 - Overriding database path with different value: C:\Users\sykojo\.stmcufinder\plugins\mcufinder/ => C:\Users\sykojo\.stmcufinder\plugins\mcufinder
2023-11-26 17:22:15,153 [INFO] CrossReferenceDbSqlite:203 - Set database path to: C:\Users\sykojo\.stmcufinder\plugins\mcufinder//mcu/cs/
2023-11-26 17:22:15,210 [INFO] MainPanel:264 - HeapMemory: 268435456
2023-11-26 17:22:15,282 [INFO] DbMcusXml:78 - Set database path to: C:\ST\STM32CubeIDE_1.14.0\STM32CubeIDE\plugins\com.st.stm32cube.common.mx_6.10.0.202311202037\\db\/mcu/
2023-11-26 17:22:15,282 [INFO] ApiDb:274 - Set plugin database path to: C:\ST\STM32CubeIDE_1.14.0\STM32CubeIDE\plugins\com.st.stm32cube.common.mx_6.10.0.202311202037\\db\/plugins/boardmanager/
2023-11-26 17:22:15,282 [INFO] ApiDb:261 - Set plugin images path to: C:\ST\STM32CubeIDE_1.14.0\STM32CubeIDE\plugins\com.st.stm32cube.common.mx_6.10.0.202311202037\\db\/plugins/mcufinder/images/
2023-11-26 17:22:15,283 [WARN] DbFile:41 - Overriding database path with different value: C:\Users\sykojo\.stmcufinder\plugins\mcufinder/ => C:\Users\sykojo\.stmcufinder\plugins\mcufinder
2023-11-26 17:22:15,283 [INFO] ApiDb:250 - Set database path to: C:\Users\sykojo\.stmcufinder\plugins\mcufinder//mcu/
2023-11-26 17:22:15,283 [WARN] DbFile:41 - Overriding database path with different value: C:\Users\sykojo\.stmcufinder\plugins\mcufinder/ => C:\Users\sykojo\.stmcufinder\plugins\mcufinder
2023-11-26 17:22:15,283 [INFO] DbMcusAds:125 - Set database path to: C:\Users\sykojo\.stmcufinder\plugins\mcufinder//mcu/
2023-11-26 17:22:15,283 [WARN] DbFile:41 - Overriding database path with different value: C:\Users\sykojo\.stmcufinder\plugins\mcufinder/ => C:\Users\sykojo\.stmcufinder\plugins\mcufinder
2023-11-26 17:22:15,283 [WARN] DbFile:41 - Overriding database path with different value: C:\Users\sykojo\.stmcufinder\plugins\mcufinder/ => C:\Users\sykojo\.stmcufinder\plugins\mcufinder
2023-11-26 17:22:15,283 [INFO] CrossReferenceDbSqlite:203 - Set database path to: C:\Users\sykojo\.stmcufinder\plugins\mcufinder//mcu/cs/
2023-11-26 17:22:15,297 [INFO] ApplicationProperties:184 - Using Application install path: C:\ST\STM32CubeIDE_1.14.0\STM32CubeIDE\plugins\com.st.stm32cube.common.mx_6.10.0.202311202037
2023-11-26 17:22:15,299 [INFO] PluginManage:196 - Search for loadable plugins [exclusion list=, ]
2023-11-26 17:22:15,300 [INFO] PluginManage:310 - Check plugin analytics
2023-11-26 17:22:15,422 [INFO] AnalyticsPlugin:253 - Accepted Software Licenses: 
2023-11-26 17:22:15,422 [INFO] AnalyticsPlugin:255 - Accepted CMSIS Pack Licenses: 
2023-11-26 17:22:15,422 [INFO] AnalyticsPlugin:257 - Accepted Firmware Licenses: 
2023-11-26 17:22:15,425 [INFO] PluginManage:359 - Loaded plugin analytics (category:tool,tabindex:-1)
2023-11-26 17:22:15,425 [INFO] PluginManage:310 - Check plugin cadmodel
2023-11-26 17:22:15,428 [INFO] CADModel:105 - Init CAD model plugin
2023-11-26 17:22:15,429 [INFO] PluginManage:359 - Loaded plugin cadmodel (category:power,tabindex:5)
2023-11-26 17:22:15,429 [INFO] PluginManage:310 - Check plugin clock
2023-11-26 17:22:15,437 [INFO] PluginManage:359 - Loaded plugin clock (category:base,tabindex:2)
2023-11-26 17:22:15,437 [INFO] PluginManage:310 - Check plugin ddr
2023-11-26 17:22:15,439 [INFO] PluginManage:359 - Loaded plugin ddr (category:tool,tabindex:6)
2023-11-26 17:22:15,439 [INFO] PluginManage:310 - Check plugin filemanager
2023-11-26 17:22:15,535 [INFO] PluginManage:359 - Loaded plugin filemanager (category:base,tabindex:10)
2023-11-26 17:22:15,535 [INFO] PluginManage:310 - Check plugin ipmanager
2023-11-26 17:22:15,540 [INFO] PluginManage:359 - Loaded plugin ipmanager (category:base,tabindex:5)
2023-11-26 17:22:15,540 [INFO] PluginManage:310 - Check plugin lpbam
2023-11-26 17:22:15,547 [INFO] PluginManage:359 - Loaded plugin lpbam (category:base,tabindex:0)
2023-11-26 17:22:15,547 [INFO] PluginManage:310 - Check plugin memorymap
2023-11-26 17:22:15,557 [INFO] PluginManage:359 - Loaded plugin memorymap (category:base,tabindex:4)
2023-11-26 17:22:15,557 [INFO] PluginManage:310 - Check plugin pinoutandconfiguration
2023-11-26 17:22:15,563 [INFO] PluginManage:359 - Loaded plugin pinoutandconfiguration (category:base,tabindex:1)
2023-11-26 17:22:15,563 [INFO] PluginManage:310 - Check plugin pinoutconfig
2023-11-26 17:22:15,625 [WARN] SupportedApi:132 - Cannot load RTOS API schema: s4s-elt-must-match.1: The content of 'definitions' must match (annotation?, (simpleType | complexType)?, (unique | key | keyref)*)). A problem was found starting at: attribute.
2023-11-26 17:22:15,713 [INFO] PluginManage:359 - Loaded plugin pinoutconfig (category:base,tabindex:0)
2023-11-26 17:22:15,713 [INFO] PluginManage:310 - Check plugin power
2023-11-26 17:22:15,720 [INFO] PluginManage:359 - Loaded plugin power (category:power,tabindex:4)
2023-11-26 17:22:15,720 [INFO] PluginManage:310 - Check plugin projectmanager
2023-11-26 17:22:15,732 [INFO] PluginManage:359 - Loaded plugin projectmanager (category:projectmanager,tabindex:3)
2023-11-26 17:22:15,732 [INFO] PluginManage:310 - Check plugin thirdparty
2023-11-26 17:22:15,810 [INFO] PluginManage:359 - Loaded plugin thirdparty (category:base,tabindex:-1)
2023-11-26 17:22:15,810 [INFO] PluginManage:310 - Check plugin tools
2023-11-26 17:22:15,810 [WARN] IntegrityCheckThread:84 - waiting for thirdparty lock release [integrity check]
2023-11-26 17:22:15,810 [INFO] IntegrityCheckThread:86 - entering critical section [integrity check]
2023-11-26 17:22:15,811 [INFO] ThirdPartyUpdaterWithRetryManager:70 - Updater plugin not ready yet. [1/15]
2023-11-26 17:22:15,812 [INFO] PluginManage:359 - Loaded plugin tools (category:base,tabindex:7)
2023-11-26 17:22:15,812 [INFO] PluginManage:310 - Check plugin tutovideos
2023-11-26 17:22:15,938 [INFO] PluginManage:359 - Loaded plugin tutovideos (category:base,tabindex:-1)
2023-11-26 17:22:15,938 [INFO] PluginManage:310 - Check plugin updater
2023-11-26 17:22:15,945 [INFO] PluginManage:359 - Loaded plugin updater (category:base,tabindex:12)
2023-11-26 17:22:15,945 [INFO] PluginManage:310 - Check plugin userauth
2023-11-26 17:22:15,949 [INFO] UserAuth:114 - Init User Auth plugin
2023-11-26 17:22:15,949 [INFO] PluginManage:359 - Loaded plugin userauth (category:base,tabindex:14)
2023-11-26 17:22:15,949 [INFO] PluginManage:283 - PluginManage : Loaded plugins [17]
2023-11-26 17:22:16,086 [INFO] PinOutPanel:1499 - setPackage(No Configuration,No Configuration)
2023-11-26 17:22:16,142 [INFO] CADModel:165 - CPN selected for project level
2023-11-26 17:22:16,142 [INFO] CADModel:114 - Register for checkConnection events
2023-11-26 17:22:16,154 [INFO] IPUIPlugin:80 - create IPUIPlugin
2023-11-26 17:22:16,154 [INFO] PluginManager:220 - loadIPPluginJar : add adc
2023-11-26 17:22:16,155 [INFO] IPUIPlugin:80 - create IPUIPlugin
2023-11-26 17:22:16,155 [INFO] PluginManager:220 - loadIPPluginJar : add aes
2023-11-26 17:22:16,157 [INFO] IPUIPlugin:80 - create IPUIPlugin
2023-11-26 17:22:16,157 [INFO] PluginManager:220 - loadIPPluginJar : add can
2023-11-26 17:22:16,164 [INFO] IPUIPlugin:80 - create IPUIPlugin
2023-11-26 17:22:16,164 [INFO] PluginManager:220 - loadIPPluginJar : add comp
2023-11-26 17:22:16,166 [INFO] IPUIPlugin:80 - create IPUIPlugin
2023-11-26 17:22:16,166 [INFO] PluginManager:220 - loadIPPluginJar : add cryp
2023-11-26 17:22:16,167 [INFO] IPUIPlugin:80 - create IPUIPlugin
2023-11-26 17:22:16,167 [INFO] PluginManager:220 - loadIPPluginJar : add dfsdm
2023-11-26 17:22:16,171 [INFO] IPUIPlugin:80 - create IPUIPlugin
2023-11-26 17:22:16,172 [INFO] PluginManager:220 - loadIPPluginJar : add dma
2023-11-26 17:22:16,173 [INFO] IPUIPlugin:80 - create IPUIPlugin
2023-11-26 17:22:16,173 [INFO] PluginManager:220 - loadIPPluginJar : add dma3
2023-11-26 17:22:16,174 [INFO] IPUIPlugin:80 - create IPUIPlugin
2023-11-26 17:22:16,174 [INFO] PluginManager:220 - loadIPPluginJar : add fatfs
2023-11-26 17:22:16,177 [INFO] IPUIPlugin:80 - create IPUIPlugin
2023-11-26 17:22:16,177 [INFO] PluginManager:220 - loadIPPluginJar : add fmc
2023-11-26 17:22:16,180 [INFO] IPUIPlugin:80 - create IPUIPlugin
2023-11-26 17:22:16,180 [INFO] PluginManager:220 - loadIPPluginJar : add freertos
2023-11-26 17:22:16,181 [INFO] IPUIPlugin:80 - create IPUIPlugin
2023-11-26 17:22:16,181 [INFO] PluginManager:220 - loadIPPluginJar : add genericplugin
2023-11-26 17:22:16,183 [INFO] IPUIPlugin:80 - create IPUIPlugin
2023-11-26 17:22:16,183 [INFO] PluginManager:220 - loadIPPluginJar : add gfxmmu
2023-11-26 17:22:16,186 [INFO] IPUIPlugin:80 - create IPUIPlugin
2023-11-26 17:22:16,186 [INFO] PluginManager:220 - loadIPPluginJar : add gic
2023-11-26 17:22:16,188 [INFO] IPUIPlugin:80 - create IPUIPlugin
2023-11-26 17:22:16,188 [INFO] PluginManager:220 - loadIPPluginJar : add gpio
2023-11-26 17:22:16,190 [INFO] IPUIPlugin:80 - create IPUIPlugin
2023-11-26 17:22:16,190 [INFO] PluginManager:220 - loadIPPluginJar : add gtzc
2023-11-26 17:22:16,191 [INFO] IPUIPlugin:80 - create IPUIPlugin
2023-11-26 17:22:16,191 [INFO] PluginManager:220 - loadIPPluginJar : add hash
2023-11-26 17:22:16,193 [INFO] IPUIPlugin:80 - create IPUIPlugin
2023-11-26 17:22:16,193 [INFO] PluginManager:220 - loadIPPluginJar : add i2c
2023-11-26 17:22:16,194 [INFO] IPUIPlugin:80 - create IPUIPlugin
2023-11-26 17:22:16,194 [INFO] PluginManager:220 - loadIPPluginJar : add i2s
2023-11-26 17:22:16,196 [INFO] IPUIPlugin:80 - create IPUIPlugin
2023-11-26 17:22:16,196 [INFO] PluginManager:220 - loadIPPluginJar : add i3c
2023-11-26 17:22:16,198 [INFO] IPUIPlugin:80 - create IPUIPlugin
2023-11-26 17:22:16,198 [INFO] PluginManager:220 - loadIPPluginJar : add ipddr
2023-11-26 17:22:16,203 [INFO] IPUIPlugin:80 - create IPUIPlugin
2023-11-26 17:22:16,204 [INFO] PluginManager:220 - loadIPPluginJar : add linkedlist
2023-11-26 17:22:16,206 [INFO] IPUIPlugin:80 - create IPUIPlugin
2023-11-26 17:22:16,206 [INFO] PluginManager:220 - loadIPPluginJar : add lorawan
2023-11-26 17:22:16,207 [INFO] IPUIPlugin:80 - create IPUIPlugin
2023-11-26 17:22:16,207 [INFO] PluginManager:220 - loadIPPluginJar : add ltdc
2023-11-26 17:22:16,211 [INFO] IPUIPlugin:80 - create IPUIPlugin
2023-11-26 17:22:16,211 [INFO] PluginManager:220 - loadIPPluginJar : add mdma
2023-11-26 17:22:16,214 [INFO] IPUIPlugin:80 - create IPUIPlugin
2023-11-26 17:22:16,214 [INFO] PluginManager:220 - loadIPPluginJar : add nvic
2023-11-26 17:22:16,216 [INFO] IPUIPlugin:80 - create IPUIPlugin
2023-11-26 17:22:16,216 [INFO] PluginManager:220 - loadIPPluginJar : add opamp
2023-11-26 17:22:16,218 [INFO] IPUIPlugin:80 - create IPUIPlugin
2023-11-26 17:22:16,218 [INFO] PluginManager:220 - loadIPPluginJar : add openamp
2023-11-26 17:22:16,220 [INFO] IPUIPlugin:80 - create IPUIPlugin
2023-11-26 17:22:16,220 [INFO] PluginManager:220 - loadIPPluginJar : add pdm2pcm
2023-11-26 17:22:16,224 [INFO] IPUIPlugin:80 - create IPUIPlugin
2023-11-26 17:22:16,226 [INFO] PluginManager:220 - loadIPPluginJar : add plateformsettings
2023-11-26 17:22:16,227 [INFO] IPUIPlugin:80 - create IPUIPlugin
2023-11-26 17:22:16,227 [INFO] PluginManager:220 - loadIPPluginJar : add quadspi
2023-11-26 17:22:16,229 [INFO] IPUIPlugin:80 - create IPUIPlugin
2023-11-26 17:22:16,229 [INFO] PluginManager:220 - loadIPPluginJar : add resmgrutility
2023-11-26 17:22:16,231 [INFO] IPUIPlugin:80 - create IPUIPlugin
2023-11-26 17:22:16,231 [INFO] PluginManager:220 - loadIPPluginJar : add sai
2023-11-26 17:22:16,232 [INFO] IPUIPlugin:80 - create IPUIPlugin
2023-11-26 17:22:16,232 [INFO] PluginManager:220 - loadIPPluginJar : add spi
2023-11-26 17:22:16,236 [INFO] IPUIPlugin:80 - create IPUIPlugin
2023-11-26 17:22:16,236 [INFO] PluginManager:220 - loadIPPluginJar : add stm32_wpan
2023-11-26 17:22:16,237 [INFO] IPUIPlugin:80 - create IPUIPlugin
2023-11-26 17:22:16,237 [INFO] PluginManager:220 - loadIPPluginJar : add tim
2023-11-26 17:22:16,239 [INFO] IPUIPlugin:80 - create IPUIPlugin
2023-11-26 17:22:16,239 [INFO] PluginManager:220 - loadIPPluginJar : add touchsensing
2023-11-26 17:22:16,240 [INFO] IPUIPlugin:80 - create IPUIPlugin
2023-11-26 17:22:16,240 [INFO] PluginManager:220 - loadIPPluginJar : add tracer_emb
2023-11-26 17:22:16,241 [INFO] IPUIPlugin:80 - create IPUIPlugin
2023-11-26 17:22:16,241 [INFO] PluginManager:220 - loadIPPluginJar : add ts
2023-11-26 17:22:16,242 [INFO] IPUIPlugin:80 - create IPUIPlugin
2023-11-26 17:22:16,242 [INFO] PluginManager:220 - loadIPPluginJar : add tsc
2023-11-26 17:22:16,243 [INFO] IPUIPlugin:80 - create IPUIPlugin
2023-11-26 17:22:16,243 [INFO] PluginManager:220 - loadIPPluginJar : add ucpd
2023-11-26 17:22:16,245 [INFO] IPUIPlugin:80 - create IPUIPlugin
2023-11-26 17:22:16,245 [INFO] PluginManager:220 - loadIPPluginJar : add usart
2023-11-26 17:22:16,247 [INFO] IPUIPlugin:80 - create IPUIPlugin
2023-11-26 17:22:16,247 [INFO] PluginManager:220 - loadIPPluginJar : add usbx
2023-11-26 17:22:16,359 [INFO] CADModel:165 - CPN selected for project level
2023-11-26 17:22:16,359 [INFO] CADModel:114 - Register for checkConnection events
2023-11-26 17:22:16,359 [FATAL] Updater:308 - Updater called before beeing initialized
2023-11-26 17:22:16,359 [ERROR] CADModel:125 - Updater not yet initialized, retry later 
2023-11-26 17:22:16,451 [INFO] CADModel:165 - CPN selected for project level
2023-11-26 17:22:16,451 [INFO] CADModel:114 - Register for checkConnection events
2023-11-26 17:22:16,451 [FATAL] Updater:308 - Updater called before beeing initialized
2023-11-26 17:22:16,452 [ERROR] CADModel:125 - Updater not yet initialized, retry later 
2023-11-26 17:22:16,454 [FATAL] Updater:308 - Updater called before beeing initialized
2023-11-26 17:22:16,525 [FATAL] Updater:308 - Updater called before beeing initialized
2023-11-26 17:22:16,528 [INFO] DbMcusAds:53 - JSON generation date=Thu Sep 30 08:55:09 CEST 2021 (1632984909247)
2023-11-26 17:22:16,529 [FATAL] Updater:308 - Updater called before beeing initialized
2023-11-26 17:22:16,555 [WARN] DetailPanel:346 - Failed to get advertising image, set to default
2023-11-26 17:22:16,631 [FATAL] Updater:308 - Updater called before beeing initialized
2023-11-26 17:22:16,633 [FATAL] Updater:308 - Updater called before beeing initialized
2023-11-26 17:22:16,633 [FATAL] Updater:308 - Updater called before beeing initialized
2023-11-26 17:22:16,633 [WARN] DetailPanel:346 - Failed to get advertising image, set to default
2023-11-26 17:22:16,633 [FATAL] Updater:308 - Updater called before beeing initialized
2023-11-26 17:22:16,665 [ERROR] Updater:1120 - MainUpdater not yet initialized. External WinMGr cannot be set.
2023-11-26 17:22:16,666 [INFO] Updater:1056 - Updater Version found : 6.10.0
2023-11-26 17:22:16,681 [INFO] ApplicationProperties:184 - Using Application install path: C:\ST\STM32CubeIDE_1.14.0\STM32CubeIDE\plugins\com.st.stm32cube.common.mx_6.10.0.202311202037
2023-11-26 17:22:18,248 [ERROR] LogOutputStream:75 - [STDERR_REDIRECT] Nov 26, 2023 5:22:18 PM java.util.prefs.WindowsPreferences <init>
2023-11-26 17:22:18,249 [ERROR] LogOutputStream:75 - [STDERR_REDIRECT] WARNING: Could not open/create prefs root node Software\JavaSoft\Prefs at root 0xffffffff80000002. Windows RegCreateKeyEx(...) returned error code 5.
2023-11-26 17:22:18,249 [ERROR] LogOutputStream:75 - [STDERR_REDIRECT] 
2023-11-26 17:22:18,441 [INFO] MainUpdater:2873 - connection check result : 10
2023-11-26 17:22:18,442 [INFO] MainUpdater:290 - Updater Check For Update Now.
2023-11-26 17:22:18,442 [INFO] MicroXplorer:498 - Change Database Version : DB.6.0.100
2023-11-26 17:22:18,446 [INFO] McuFinderGlobals:63 - Set McuFinder mode to 2 (CubeIDE integrated)
2023-11-26 17:22:18,446 [INFO] UserAuth:180 - activating auth plugin
2023-11-26 17:22:18,448 [INFO] UserAuth:404 - Internet connection configuration mode: 1
2023-11-26 17:22:18,459 [INFO] JxBrowserEngine:152 - Initiate JxBrowser Engine with user profile folder
2023-11-26 17:22:18,595 [INFO] CheckServerUpdateThread:120 - End of CheckServer Thread
2023-11-26 17:22:18,901 [INFO] WebApp:161 - Instantiating new browser for Auth
2023-11-26 17:22:18,959 [WARN] PackLoader:240 - Cannot read IP mode file for STMicroelectronics.X-CUBE-SMBUS.2.1.0
2023-11-26 17:22:18,992 [WARN] PackLoader:240 - Cannot read IP mode file for STMicroelectronics.X-CUBE-AZRTOS-F7.1.1.0
2023-11-26 17:22:19,003 [WARN] PackLoader:240 - Cannot read IP mode file for STMicroelectronics.FP-SNS-MOTENV1.4.3.2
2023-11-26 17:22:19,010 [WARN] PackLoader:240 - Cannot read IP mode file for STMicroelectronics.FP-SNS-FLIGHT1.5.0.2
2023-11-26 17:22:19,017 [WARN] PackLoader:240 - Cannot read IP mode file for STMicroelectronics.X-CUBE-DISPLAY.3.0.0
2023-11-26 17:22:19,029 [WARN] PackLoader:240 - Cannot read IP mode file for STMicroelectronics.X-CUBE-BLE1.7.0.0
2023-11-26 17:22:19,036 [WARN] PackLoader:240 - Cannot read IP mode file for emotas.I-CUBE-CANOPEN.1.3.0
2023-11-26 17:22:19,040 [WARN] PackLoader:240 - Cannot read IP mode file for STMicroelectronics.X-CUBE-TOUCHGFX.4.22.1
2023-11-26 17:22:19,045 [WARN] PackLoader:240 - Cannot read IP mode file for STMicroelectronics.FP-SNS-SMARTAG2.1.2.0
2023-11-26 17:22:19,065 [INFO] LogOutputStream:77 - [STDOUT_REDIRECT] 1 : Invalid condition id : UX_CORESTACK_Condition cause : null
2023-11-26 17:22:19,066 [INFO] LogOutputStream:77 - [STDOUT_REDIRECT] 1 : Invalid condition id : UX_CORESTACK_Condition cause : null
2023-11-26 17:22:19,067 [INFO] LogOutputStream:77 - [STDOUT_REDIRECT] 1 : Invalid condition id : UX_CORESTACK_Condition cause : null
2023-11-26 17:22:19,068 [INFO] LogOutputStream:77 - [STDOUT_REDIRECT] 1 : Invalid condition id : UX_CORESTACK_Condition cause : null
2023-11-26 17:22:19,069 [INFO] LogOutputStream:77 - [STDOUT_REDIRECT] 1 : Invalid condition id : UX_CORESTACK_Condition cause : null
2023-11-26 17:22:19,074 [WARN] PackLoader:240 - Cannot read IP mode file for STMicroelectronics.X-CUBE-AZRTOS-WL.2.0.0
2023-11-26 17:22:19,085 [WARN] PackLoader:240 - Cannot read IP mode file for WES.I-CUBE-Cesium.1.3.0
2023-11-26 17:22:19,091 [WARN] PackLoader:240 - Cannot read IP mode file for STMicroelectronics.X-CUBE-BLE2.3.3.0
2023-11-26 17:22:19,098 [WARN] PackLoader:240 - Cannot read IP mode file for STMicroelectronics.X-CUBE-ALGOBUILD.1.3.0
2023-11-26 17:22:19,117 [WARN] PackLoader:240 - Cannot read IP mode file for STMicroelectronics.X-CUBE-AZRTOS-G0.1.1.0
2023-11-26 17:22:19,126 [WARN] PackLoader:240 - Cannot read IP mode file for STMicroelectronics.X-CUBE-NFC4.3.0.0
2023-11-26 17:22:19,137 [WARN] PackLoader:240 - Cannot read IP mode file for STMicroelectronics.X-CUBE-BLEMGR.3.0.0
2023-11-26 17:22:19,145 [WARN] PackLoader:240 - Cannot read IP mode file for STMicroelectronics.FP-ATR-SIGFOX1.3.2.0
2023-11-26 17:22:19,151 [WARN] PackLoader:240 - Cannot read IP mode file for STMicroelectronics.X-CUBE-GNSS1.6.0.0
2023-11-26 17:22:19,169 [WARN] PackLoader:240 - Cannot read IP mode file for STMicroelectronics.X-CUBE-AZRTOS-F4.1.1.0
2023-11-26 17:22:19,175 [WARN] PackLoader:240 - Cannot read IP mode file for wolfSSL.I-CUBE-wolfSSL.5.6.4
2023-11-26 17:22:19,186 [WARN] PackLoader:240 - Cannot read IP mode file for STMicroelectronics.X-CUBE-AZRTOS-L5.2.0.0
2023-11-26 17:22:19,193 [WARN] PackLoader:240 - Cannot read IP mode file for STMicroelectronics.X-CUBE-EEPRMA1.4.2.0
2023-11-26 17:22:19,198 [WARN] PackLoader:240 - Cannot read IP mode file for ITTIA_DB.I-CUBE-ITTIADB.8.8.0
2023-11-26 17:22:19,212 [WARN] ConditionMgr:438 - getConditionDescription Invalid condition id : UX DEVICE CLASS RTOS Condition cause : null
2023-11-26 17:22:19,212 [WARN] ConditionMgr:438 - getConditionDescription Invalid condition id : UX DEVICE CLASS RTOS Condition cause : null
2023-11-26 17:22:19,214 [WARN] PackLoader:240 - Cannot read IP mode file for STMicroelectronics.X-CUBE-AZRTOS-H7.3.1.0
2023-11-26 17:22:19,215 [WARN] ConditionMgr:1039 - genDependencies : Invalid condition id : UX DEVICE CLASS RTOS Condition cause : null
2023-11-26 17:22:19,215 [WARN] ConditionMgr:1039 - genDependencies : Invalid condition id : UX DEVICE CLASS RTOS Condition cause : null
2023-11-26 17:22:19,216 [WARN] ConditionMgr:1039 - genDependencies : Invalid condition id : UX DEVICE CLASS RTOS Condition cause : null
2023-11-26 17:22:19,216 [WARN] ConditionMgr:1039 - genDependencies : Invalid condition id : UX DEVICE CLASS RTOS Condition cause : null
2023-11-26 17:22:19,216 [WARN] ConditionMgr:1039 - genDependencies : Invalid condition id : UX DEVICE CLASS RTOS Condition cause : null
2023-11-26 17:22:19,221 [WARN] PackLoader:240 - Cannot read IP mode file for STMicroelectronics.X-CUBE-NFC7.1.0.1
2023-11-26 17:22:19,227 [WARN] PackLoader:240 - Cannot read IP mode file for STMicroelectronics.X-CUBE-NFC6.3.0.0
2023-11-26 17:22:19,231 [WARN] PackLoader:240 - Cannot read IP mode file for STMicroelectronics.X-CUBE-AI.8.1.0
2023-11-26 17:22:19,243 [WARN] ConditionMgr:438 - getConditionDescription Invalid condition id : LAN8742 Phy interface Condition cause : null
2023-11-26 17:22:19,244 [WARN] PackLoader:240 - Cannot read IP mode file for STMicroelectronics.X-CUBE-AZRTOS-L4.2.0.0
2023-11-26 17:22:19,245 [WARN] ConditionMgr:1039 - genDependencies : Invalid condition id : LAN8742 Phy interface Condition cause : null
2023-11-26 17:22:19,245 [WARN] ConditionMgr:1039 - genDependencies : Invalid condition id : LAN8742 Phy interface Condition cause : null
2023-11-26 17:22:19,246 [WARN] ConditionMgr:1039 - genDependencies : Invalid condition id : LAN8742 Phy interface Condition cause : null
2023-11-26 17:22:19,260 [WARN] PackLoader:240 - Cannot read IP mode file for STMicroelectronics.X-CUBE-SFXS2LP1.4.0.0
2023-11-26 17:22:19,267 [WARN] PackLoader:240 - Cannot read IP mode file for STMicroelectronics.X-CUBE-ISPU.1.1.0
2023-11-26 17:22:19,282 [WARN] ConditionMgr:438 - getConditionDescription Invalid condition id : UX DEVICE CLASS RTOS Condition cause : null
2023-11-26 17:22:19,282 [WARN] ConditionMgr:438 - getConditionDescription Invalid condition id : UX DEVICE CLASS RTOS Condition cause : null
2023-11-26 17:22:19,284 [WARN] PackLoader:240 - Cannot read IP mode file for STMicroelectronics.X-CUBE-AZRTOS-WB.2.0.0
2023-11-26 17:22:19,285 [WARN] ConditionMgr:1039 - genDependencies : Invalid condition id : UX DEVICE CLASS RTOS Condition cause : null
2023-11-26 17:22:19,285 [WARN] ConditionMgr:1039 - genDependencies : Invalid condition id : UX DEVICE CLASS RTOS Condition cause : null
2023-11-26 17:22:19,286 [WARN] ConditionMgr:1039 - genDependencies : Invalid condition id : UX DEVICE CLASS RTOS Condition cause : null
2023-11-26 17:22:19,286 [WARN] ConditionMgr:1039 - genDependencies : Invalid condition id : UX DEVICE CLASS RTOS Condition cause : null
2023-11-26 17:22:19,286 [WARN] ConditionMgr:1039 - genDependencies : Invalid condition id : UX DEVICE CLASS RTOS Condition cause : null
2023-11-26 17:22:19,297 [WARN] PackLoader:240 - Cannot read IP mode file for STMicroelectronics.X-CUBE-SUBG2.5.0.0
2023-11-26 17:22:19,315 [WARN] PackLoader:240 - Cannot read IP mode file for STMicroelectronics.X-CUBE-AZRTOS-G4.2.0.0
2023-11-26 17:22:19,344 [WARN] PackLoader:240 - Cannot read IP mode file for Infineon.AIROC-Wi-Fi-Bluetooth-STM32.1.5.1
2023-11-26 17:22:19,368 [WARN] PackLoader:240 - Cannot read IP mode file for STMicroelectronics.FP-SNS-MOTENVWB1.1.3.0
2023-11-26 17:22:19,405 [WARN] PackLoader:240 - Cannot read IP mode file for STMicroelectronics.X-CUBE-MEMS1.10.0.0
2023-11-26 17:22:19,516 [INFO] WebApp:780 - Register for checkConnection events
2023-11-26 17:22:19,517 [INFO] WebApp:414 - Apply proxy settings
2023-11-26 17:22:19,517 [INFO] WebApp:499 - Chromium requires no authentication
2023-11-26 17:22:19,523 [INFO] WebApp:442 - Direct internet connection detected
2023-11-26 17:22:19,528 [WARN] PackLoader:240 - Cannot read IP mode file for STMicroelectronics.X-CUBE-FREERTOS.1.1.0
2023-11-26 17:22:19,532 [WARN] PackLoader:240 - Cannot read IP mode file for portGmbH.I-Cube-SoM-uGOAL.1.1.0
2023-11-26 17:22:19,535 [WARN] PackLoader:240 - Cannot read IP mode file for STMicroelectronics.X-CUBE-ALS.1.0.1
2023-11-26 17:22:19,538 [WARN] PackLoader:240 - Cannot read IP mode file for STMicroelectronics.FP-ATR-ASTRA1.2.0.0
2023-11-26 17:22:19,545 [WARN] PackLoader:240 - Cannot read IP mode file for STMicroelectronics.X-CUBE-TOF1.3.4.0
2023-11-26 17:22:19,551 [INFO] ThirdParty:978 - Integrity check success = true
2023-11-26 17:22:19,552 [INFO] IntegrityCheckThread:100 - exiting critical section [integrity check]
2023-11-26 17:22:19,552 [INFO] IntegrityCheckThread:103 - End integrity checks thread
2023-11-26 17:22:19,652 [INFO] WebApp:192 - Starting web application
2023-11-26 17:22:19,652 [INFO] WebApp:544 - Web application path used C:\ST\STM32CubeIDE_1.14.0\STM32CubeIDE\plugins\com.st.stm32cube.common.mx_6.10.0.202311202037\db\plugins\mcufinder\reactClient1\index.html
2023-11-26 17:22:40,124 [ERROR] LogOutputStream:75 - [STDERR_REDIRECT] SLF4J: Failed to load class "org.slf4j.impl.StaticLoggerBinder".
2023-11-26 17:22:40,125 [ERROR] LogOutputStream:75 - [STDERR_REDIRECT] SLF4J: Defaulting to no-operation (NOP) logger implementation
2023-11-26 17:22:40,126 [ERROR] LogOutputStream:75 - [STDERR_REDIRECT] SLF4J: See http://www.slf4j.org/codes.html#StaticLoggerBinder for further details.
2023-11-26 17:28:01,416 [ERROR] LogOutputStream:75 - [STDERR_REDIRECT] 
2023-11-26 17:28:01,416 [ERROR] LogOutputStream:75 - [STDERR_REDIRECT] 
2023-11-26 17:28:20,732 [INFO] Activator:176 - 


2023-11-26 17:28:20,734 [INFO] Activator:177 - !SESSION log4j initialized
2023-11-26 17:28:24,430 [INFO] LogOutputStream:77 - [STDOUT_REDIRECT] 
2023-11-26 17:28:25,060 [INFO] ApplicationProperties:184 - Using Application install path: C:\ST\STM32CubeIDE_1.14.0\STM32CubeIDE\plugins\com.st.stm32cube.common.mx_6.10.0.202311202037
2023-11-26 17:28:25,072 [INFO] DbMcusXml:78 - Set database path to: C:\ST\STM32CubeIDE_1.14.0\STM32CubeIDE\plugins\com.st.stm32cube.common.mx_6.10.0.202311202037\\db\/mcu/
2023-11-26 17:28:25,073 [INFO] ApiDb:274 - Set plugin database path to: C:\ST\STM32CubeIDE_1.14.0\STM32CubeIDE\plugins\com.st.stm32cube.common.mx_6.10.0.202311202037\\db\/plugins/boardmanager/
2023-11-26 17:28:25,073 [WARN] ApiDb:259 - Overriding images path with different value:  => C:\ST\STM32CubeIDE_1.14.0\STM32CubeIDE\plugins\com.st.stm32cube.common.mx_6.10.0.202311202037\\db\/plugins/mcufinder/images/
2023-11-26 17:28:25,077 [INFO] ApiDb:250 - Set database path to: C:\Users\sykojo\.stmcufinder\plugins\mcufinder//mcu/
2023-11-26 17:28:25,078 [INFO] DbMcusAds:125 - Set database path to: C:\Users\sykojo\.stmcufinder\plugins\mcufinder//mcu/
2023-11-26 17:28:25,080 [INFO] CrossReferenceDbSqlite:203 - Set database path to: C:\Users\sykojo\.stmcufinder\plugins\mcufinder//mcu/cs/
2023-11-26 17:28:25,175 [INFO] RulesReader:64 - Compatibility file has been processed (297 Rules)
2023-11-26 17:28:25,243 [INFO] DbMcusXml:78 - Set database path to: C:\ST\STM32CubeIDE_1.14.0\STM32CubeIDE\plugins\com.st.stm32cube.common.mx_6.10.0.202311202037\\db\/mcu/
2023-11-26 17:28:25,243 [INFO] ApiDb:274 - Set plugin database path to: C:\ST\STM32CubeIDE_1.14.0\STM32CubeIDE\plugins\com.st.stm32cube.common.mx_6.10.0.202311202037\\db\/plugins/boardmanager/
2023-11-26 17:28:25,244 [INFO] ApiDb:261 - Set plugin images path to: C:\ST\STM32CubeIDE_1.14.0\STM32CubeIDE\plugins\com.st.stm32cube.common.mx_6.10.0.202311202037\\db\/plugins/mcufinder/images/
2023-11-26 17:28:25,244 [WARN] DbFile:41 - Overriding database path with different value: C:\Users\sykojo\.stmcufinder\plugins\mcufinder/ => C:\Users\sykojo\.stmcufinder\plugins\mcufinder
2023-11-26 17:28:25,244 [INFO] ApiDb:250 - Set database path to: C:\Users\sykojo\.stmcufinder\plugins\mcufinder//mcu/
2023-11-26 17:28:25,244 [WARN] DbFile:41 - Overriding database path with different value: C:\Users\sykojo\.stmcufinder\plugins\mcufinder/ => C:\Users\sykojo\.stmcufinder\plugins\mcufinder
2023-11-26 17:28:25,244 [INFO] DbMcusAds:125 - Set database path to: C:\Users\sykojo\.stmcufinder\plugins\mcufinder//mcu/
2023-11-26 17:28:25,244 [WARN] DbFile:41 - Overriding database path with different value: C:\Users\sykojo\.stmcufinder\plugins\mcufinder/ => C:\Users\sykojo\.stmcufinder\plugins\mcufinder
2023-11-26 17:28:25,244 [WARN] DbFile:41 - Overriding database path with different value: C:\Users\sykojo\.stmcufinder\plugins\mcufinder/ => C:\Users\sykojo\.stmcufinder\plugins\mcufinder
2023-11-26 17:28:25,244 [INFO] CrossReferenceDbSqlite:203 - Set database path to: C:\Users\sykojo\.stmcufinder\plugins\mcufinder//mcu/cs/
2023-11-26 17:28:25,294 [INFO] MainPanel:264 - HeapMemory: 268435456
2023-11-26 17:28:25,345 [INFO] DbMcusXml:78 - Set database path to: C:\ST\STM32CubeIDE_1.14.0\STM32CubeIDE\plugins\com.st.stm32cube.common.mx_6.10.0.202311202037\\db\/mcu/
2023-11-26 17:28:25,345 [INFO] ApiDb:274 - Set plugin database path to: C:\ST\STM32CubeIDE_1.14.0\STM32CubeIDE\plugins\com.st.stm32cube.common.mx_6.10.0.202311202037\\db\/plugins/boardmanager/
2023-11-26 17:28:25,346 [INFO] ApiDb:261 - Set plugin images path to: C:\ST\STM32CubeIDE_1.14.0\STM32CubeIDE\plugins\com.st.stm32cube.common.mx_6.10.0.202311202037\\db\/plugins/mcufinder/images/
2023-11-26 17:28:25,346 [WARN] DbFile:41 - Overriding database path with different value: C:\Users\sykojo\.stmcufinder\plugins\mcufinder/ => C:\Users\sykojo\.stmcufinder\plugins\mcufinder
2023-11-26 17:28:25,346 [INFO] ApiDb:250 - Set database path to: C:\Users\sykojo\.stmcufinder\plugins\mcufinder//mcu/
2023-11-26 17:28:25,346 [WARN] DbFile:41 - Overriding database path with different value: C:\Users\sykojo\.stmcufinder\plugins\mcufinder/ => C:\Users\sykojo\.stmcufinder\plugins\mcufinder
2023-11-26 17:28:25,346 [INFO] DbMcusAds:125 - Set database path to: C:\Users\sykojo\.stmcufinder\plugins\mcufinder//mcu/
2023-11-26 17:28:25,346 [WARN] DbFile:41 - Overriding database path with different value: C:\Users\sykojo\.stmcufinder\plugins\mcufinder/ => C:\Users\sykojo\.stmcufinder\plugins\mcufinder
2023-11-26 17:28:25,346 [WARN] DbFile:41 - Overriding database path with different value: C:\Users\sykojo\.stmcufinder\plugins\mcufinder/ => C:\Users\sykojo\.stmcufinder\plugins\mcufinder
2023-11-26 17:28:25,346 [INFO] CrossReferenceDbSqlite:203 - Set database path to: C:\Users\sykojo\.stmcufinder\plugins\mcufinder//mcu/cs/
2023-11-26 17:28:25,359 [INFO] ApplicationProperties:184 - Using Application install path: C:\ST\STM32CubeIDE_1.14.0\STM32CubeIDE\plugins\com.st.stm32cube.common.mx_6.10.0.202311202037
2023-11-26 17:28:25,360 [INFO] PluginManage:196 - Search for loadable plugins [exclusion list=, ]
2023-11-26 17:28:25,361 [INFO] PluginManage:310 - Check plugin analytics
2023-11-26 17:28:25,471 [INFO] AnalyticsPlugin:253 - Accepted Software Licenses: 
2023-11-26 17:28:25,471 [INFO] AnalyticsPlugin:255 - Accepted CMSIS Pack Licenses: 
2023-11-26 17:28:25,471 [INFO] AnalyticsPlugin:257 - Accepted Firmware Licenses: 
2023-11-26 17:28:25,474 [INFO] PluginManage:359 - Loaded plugin analytics (category:tool,tabindex:-1)
2023-11-26 17:28:25,474 [INFO] PluginManage:310 - Check plugin cadmodel
2023-11-26 17:28:25,477 [INFO] CADModel:105 - Init CAD model plugin
2023-11-26 17:28:25,477 [INFO] PluginManage:359 - Loaded plugin cadmodel (category:power,tabindex:5)
2023-11-26 17:28:25,477 [INFO] PluginManage:310 - Check plugin clock
2023-11-26 17:28:25,483 [INFO] PluginManage:359 - Loaded plugin clock (category:base,tabindex:2)
2023-11-26 17:28:25,483 [INFO] PluginManage:310 - Check plugin ddr
2023-11-26 17:28:25,484 [INFO] PluginManage:359 - Loaded plugin ddr (category:tool,tabindex:6)
2023-11-26 17:28:25,484 [INFO] PluginManage:310 - Check plugin filemanager
2023-11-26 17:28:25,574 [INFO] PluginManage:359 - Loaded plugin filemanager (category:base,tabindex:10)
2023-11-26 17:28:25,575 [INFO] PluginManage:310 - Check plugin ipmanager
2023-11-26 17:28:25,580 [INFO] PluginManage:359 - Loaded plugin ipmanager (category:base,tabindex:5)
2023-11-26 17:28:25,580 [INFO] PluginManage:310 - Check plugin lpbam
2023-11-26 17:28:25,586 [INFO] PluginManage:359 - Loaded plugin lpbam (category:base,tabindex:0)
2023-11-26 17:28:25,586 [INFO] PluginManage:310 - Check plugin memorymap
2023-11-26 17:28:25,594 [INFO] PluginManage:359 - Loaded plugin memorymap (category:base,tabindex:4)
2023-11-26 17:28:25,594 [INFO] PluginManage:310 - Check plugin pinoutandconfiguration
2023-11-26 17:28:25,608 [INFO] PluginManage:359 - Loaded plugin pinoutandconfiguration (category:base,tabindex:1)
2023-11-26 17:28:25,608 [INFO] PluginManage:310 - Check plugin pinoutconfig
2023-11-26 17:28:25,677 [WARN] SupportedApi:132 - Cannot load RTOS API schema: s4s-elt-must-match.1: The content of 'definitions' must match (annotation?, (simpleType | complexType)?, (unique | key | keyref)*)). A problem was found starting at: attribute.
2023-11-26 17:28:25,766 [INFO] PluginManage:359 - Loaded plugin pinoutconfig (category:base,tabindex:0)
2023-11-26 17:28:25,766 [INFO] PluginManage:310 - Check plugin power
2023-11-26 17:28:25,773 [INFO] PluginManage:359 - Loaded plugin power (category:power,tabindex:4)
2023-11-26 17:28:25,773 [INFO] PluginManage:310 - Check plugin projectmanager
2023-11-26 17:28:25,784 [INFO] PluginManage:359 - Loaded plugin projectmanager (category:projectmanager,tabindex:3)
2023-11-26 17:28:25,784 [INFO] PluginManage:310 - Check plugin thirdparty
2023-11-26 17:28:25,860 [INFO] PluginManage:359 - Loaded plugin thirdparty (category:base,tabindex:-1)
2023-11-26 17:28:25,860 [INFO] PluginManage:310 - Check plugin tools
2023-11-26 17:28:25,860 [WARN] IntegrityCheckThread:84 - waiting for thirdparty lock release [integrity check]
2023-11-26 17:28:25,860 [INFO] IntegrityCheckThread:86 - entering critical section [integrity check]
2023-11-26 17:28:25,860 [INFO] ThirdPartyUpdaterWithRetryManager:70 - Updater plugin not ready yet. [1/15]
2023-11-26 17:28:25,862 [INFO] PluginManage:359 - Loaded plugin tools (category:base,tabindex:7)
2023-11-26 17:28:25,862 [INFO] PluginManage:310 - Check plugin tutovideos
2023-11-26 17:28:25,983 [INFO] PluginManage:359 - Loaded plugin tutovideos (category:base,tabindex:-1)
2023-11-26 17:28:25,983 [INFO] PluginManage:310 - Check plugin updater
2023-11-26 17:28:25,991 [INFO] PluginManage:359 - Loaded plugin updater (category:base,tabindex:12)
2023-11-26 17:28:25,991 [INFO] PluginManage:310 - Check plugin userauth
2023-11-26 17:28:25,995 [INFO] UserAuth:114 - Init User Auth plugin
2023-11-26 17:28:25,995 [INFO] PluginManage:359 - Loaded plugin userauth (category:base,tabindex:14)
2023-11-26 17:28:25,995 [INFO] PluginManage:283 - PluginManage : Loaded plugins [17]
2023-11-26 17:28:26,146 [INFO] PinOutPanel:1499 - setPackage(No Configuration,No Configuration)
2023-11-26 17:28:26,198 [INFO] CADModel:165 - CPN selected for project level
2023-11-26 17:28:26,199 [INFO] CADModel:114 - Register for checkConnection events
2023-11-26 17:28:26,210 [INFO] IPUIPlugin:80 - create IPUIPlugin
2023-11-26 17:28:26,210 [INFO] PluginManager:220 - loadIPPluginJar : add adc
2023-11-26 17:28:26,212 [INFO] IPUIPlugin:80 - create IPUIPlugin
2023-11-26 17:28:26,212 [INFO] PluginManager:220 - loadIPPluginJar : add aes
2023-11-26 17:28:26,213 [INFO] IPUIPlugin:80 - create IPUIPlugin
2023-11-26 17:28:26,213 [INFO] PluginManager:220 - loadIPPluginJar : add can
2023-11-26 17:28:26,214 [INFO] IPUIPlugin:80 - create IPUIPlugin
2023-11-26 17:28:26,214 [INFO] PluginManager:220 - loadIPPluginJar : add comp
2023-11-26 17:28:26,216 [INFO] IPUIPlugin:80 - create IPUIPlugin
2023-11-26 17:28:26,216 [INFO] PluginManager:220 - loadIPPluginJar : add cryp
2023-11-26 17:28:26,217 [INFO] IPUIPlugin:80 - create IPUIPlugin
2023-11-26 17:28:26,217 [INFO] PluginManager:220 - loadIPPluginJar : add dfsdm
2023-11-26 17:28:26,221 [INFO] IPUIPlugin:80 - create IPUIPlugin
2023-11-26 17:28:26,222 [INFO] PluginManager:220 - loadIPPluginJar : add dma
2023-11-26 17:28:26,223 [INFO] IPUIPlugin:80 - create IPUIPlugin
2023-11-26 17:28:26,223 [INFO] PluginManager:220 - loadIPPluginJar : add dma3
2023-11-26 17:28:26,224 [INFO] IPUIPlugin:80 - create IPUIPlugin
2023-11-26 17:28:26,224 [INFO] PluginManager:220 - loadIPPluginJar : add fatfs
2023-11-26 17:28:26,227 [INFO] IPUIPlugin:80 - create IPUIPlugin
2023-11-26 17:28:26,227 [INFO] PluginManager:220 - loadIPPluginJar : add fmc
2023-11-26 17:28:26,231 [INFO] IPUIPlugin:80 - create IPUIPlugin
2023-11-26 17:28:26,231 [INFO] PluginManager:220 - loadIPPluginJar : add freertos
2023-11-26 17:28:26,232 [INFO] IPUIPlugin:80 - create IPUIPlugin
2023-11-26 17:28:26,232 [INFO] PluginManager:220 - loadIPPluginJar : add genericplugin
2023-11-26 17:28:26,233 [INFO] IPUIPlugin:80 - create IPUIPlugin
2023-11-26 17:28:26,233 [INFO] PluginManager:220 - loadIPPluginJar : add gfxmmu
2023-11-26 17:28:26,236 [INFO] IPUIPlugin:80 - create IPUIPlugin
2023-11-26 17:28:26,236 [INFO] PluginManager:220 - loadIPPluginJar : add gic
2023-11-26 17:28:26,239 [INFO] IPUIPlugin:80 - create IPUIPlugin
2023-11-26 17:28:26,239 [INFO] PluginManager:220 - loadIPPluginJar : add gpio
2023-11-26 17:28:26,241 [INFO] IPUIPlugin:80 - create IPUIPlugin
2023-11-26 17:28:26,241 [INFO] PluginManager:220 - loadIPPluginJar : add gtzc
2023-11-26 17:28:26,242 [INFO] IPUIPlugin:80 - create IPUIPlugin
2023-11-26 17:28:26,242 [INFO] PluginManager:220 - loadIPPluginJar : add hash
2023-11-26 17:28:26,244 [INFO] IPUIPlugin:80 - create IPUIPlugin
2023-11-26 17:28:26,244 [INFO] PluginManager:220 - loadIPPluginJar : add i2c
2023-11-26 17:28:26,245 [INFO] IPUIPlugin:80 - create IPUIPlugin
2023-11-26 17:28:26,245 [INFO] PluginManager:220 - loadIPPluginJar : add i2s
2023-11-26 17:28:26,247 [INFO] IPUIPlugin:80 - create IPUIPlugin
2023-11-26 17:28:26,247 [INFO] PluginManager:220 - loadIPPluginJar : add i3c
2023-11-26 17:28:26,249 [INFO] IPUIPlugin:80 - create IPUIPlugin
2023-11-26 17:28:26,249 [INFO] PluginManager:220 - loadIPPluginJar : add ipddr
2023-11-26 17:28:26,254 [INFO] IPUIPlugin:80 - create IPUIPlugin
2023-11-26 17:28:26,255 [INFO] PluginManager:220 - loadIPPluginJar : add linkedlist
2023-11-26 17:28:26,256 [INFO] IPUIPlugin:80 - create IPUIPlugin
2023-11-26 17:28:26,257 [INFO] PluginManager:220 - loadIPPluginJar : add lorawan
2023-11-26 17:28:26,257 [INFO] IPUIPlugin:80 - create IPUIPlugin
2023-11-26 17:28:26,257 [INFO] PluginManager:220 - loadIPPluginJar : add ltdc
2023-11-26 17:28:26,261 [INFO] IPUIPlugin:80 - create IPUIPlugin
2023-11-26 17:28:26,261 [INFO] PluginManager:220 - loadIPPluginJar : add mdma
2023-11-26 17:28:26,264 [INFO] IPUIPlugin:80 - create IPUIPlugin
2023-11-26 17:28:26,264 [INFO] PluginManager:220 - loadIPPluginJar : add nvic
2023-11-26 17:28:26,266 [INFO] IPUIPlugin:80 - create IPUIPlugin
2023-11-26 17:28:26,266 [INFO] PluginManager:220 - loadIPPluginJar : add opamp
2023-11-26 17:28:26,268 [INFO] IPUIPlugin:80 - create IPUIPlugin
2023-11-26 17:28:26,268 [INFO] PluginManager:220 - loadIPPluginJar : add openamp
2023-11-26 17:28:26,270 [INFO] IPUIPlugin:80 - create IPUIPlugin
2023-11-26 17:28:26,270 [INFO] PluginManager:220 - loadIPPluginJar : add pdm2pcm
2023-11-26 17:28:26,274 [INFO] IPUIPlugin:80 - create IPUIPlugin
2023-11-26 17:28:26,275 [INFO] PluginManager:220 - loadIPPluginJar : add plateformsettings
2023-11-26 17:28:26,276 [INFO] IPUIPlugin:80 - create IPUIPlugin
2023-11-26 17:28:26,276 [INFO] PluginManager:220 - loadIPPluginJar : add quadspi
2023-11-26 17:28:26,278 [INFO] IPUIPlugin:80 - create IPUIPlugin
2023-11-26 17:28:26,278 [INFO] PluginManager:220 - loadIPPluginJar : add resmgrutility
2023-11-26 17:28:26,280 [INFO] IPUIPlugin:80 - create IPUIPlugin
2023-11-26 17:28:26,280 [INFO] PluginManager:220 - loadIPPluginJar : add sai
2023-11-26 17:28:26,281 [INFO] IPUIPlugin:80 - create IPUIPlugin
2023-11-26 17:28:26,281 [INFO] PluginManager:220 - loadIPPluginJar : add spi
2023-11-26 17:28:26,284 [INFO] IPUIPlugin:80 - create IPUIPlugin
2023-11-26 17:28:26,284 [INFO] PluginManager:220 - loadIPPluginJar : add stm32_wpan
2023-11-26 17:28:26,285 [INFO] IPUIPlugin:80 - create IPUIPlugin
2023-11-26 17:28:26,285 [INFO] PluginManager:220 - loadIPPluginJar : add tim
2023-11-26 17:28:26,287 [INFO] IPUIPlugin:80 - create IPUIPlugin
2023-11-26 17:28:26,287 [INFO] PluginManager:220 - loadIPPluginJar : add touchsensing
2023-11-26 17:28:26,288 [INFO] IPUIPlugin:80 - create IPUIPlugin
2023-11-26 17:28:26,288 [INFO] PluginManager:220 - loadIPPluginJar : add tracer_emb
2023-11-26 17:28:26,289 [INFO] IPUIPlugin:80 - create IPUIPlugin
2023-11-26 17:28:26,289 [INFO] PluginManager:220 - loadIPPluginJar : add ts
2023-11-26 17:28:26,290 [INFO] IPUIPlugin:80 - create IPUIPlugin
2023-11-26 17:28:26,290 [INFO] PluginManager:220 - loadIPPluginJar : add tsc
2023-11-26 17:28:26,291 [INFO] IPUIPlugin:80 - create IPUIPlugin
2023-11-26 17:28:26,291 [INFO] PluginManager:220 - loadIPPluginJar : add ucpd
2023-11-26 17:28:26,293 [INFO] IPUIPlugin:80 - create IPUIPlugin
2023-11-26 17:28:26,293 [INFO] PluginManager:220 - loadIPPluginJar : add usart
2023-11-26 17:28:26,295 [INFO] IPUIPlugin:80 - create IPUIPlugin
2023-11-26 17:28:26,295 [INFO] PluginManager:220 - loadIPPluginJar : add usbx
2023-11-26 17:28:26,406 [INFO] CADModel:165 - CPN selected for project level
2023-11-26 17:28:26,407 [INFO] CADModel:114 - Register for checkConnection events
2023-11-26 17:28:26,407 [FATAL] Updater:308 - Updater called before beeing initialized
2023-11-26 17:28:26,407 [ERROR] CADModel:125 - Updater not yet initialized, retry later 
2023-11-26 17:28:26,496 [INFO] CADModel:165 - CPN selected for project level
2023-11-26 17:28:26,497 [INFO] CADModel:114 - Register for checkConnection events
2023-11-26 17:28:26,497 [FATAL] Updater:308 - Updater called before beeing initialized
2023-11-26 17:28:26,497 [ERROR] CADModel:125 - Updater not yet initialized, retry later 
2023-11-26 17:28:26,499 [FATAL] Updater:308 - Updater called before beeing initialized
2023-11-26 17:28:26,570 [FATAL] Updater:308 - Updater called before beeing initialized
2023-11-26 17:28:26,573 [INFO] DbMcusAds:53 - JSON generation date=Thu Sep 30 08:55:09 CEST 2021 (1632984909247)
2023-11-26 17:28:26,574 [FATAL] Updater:308 - Updater called before beeing initialized
2023-11-26 17:28:26,599 [WARN] DetailPanel:346 - Failed to get advertising image, set to default
2023-11-26 17:28:26,686 [FATAL] Updater:308 - Updater called before beeing initialized
2023-11-26 17:28:26,687 [FATAL] Updater:308 - Updater called before beeing initialized
2023-11-26 17:28:26,687 [FATAL] Updater:308 - Updater called before beeing initialized
2023-11-26 17:28:26,687 [WARN] DetailPanel:346 - Failed to get advertising image, set to default
2023-11-26 17:28:26,688 [FATAL] Updater:308 - Updater called before beeing initialized
2023-11-26 17:28:26,744 [ERROR] Updater:1120 - MainUpdater not yet initialized. External WinMGr cannot be set.
2023-11-26 17:28:26,746 [INFO] Updater:1056 - Updater Version found : 6.10.0
2023-11-26 17:28:26,759 [INFO] ApplicationProperties:184 - Using Application install path: C:\ST\STM32CubeIDE_1.14.0\STM32CubeIDE\plugins\com.st.stm32cube.common.mx_6.10.0.202311202037
2023-11-26 17:28:28,330 [ERROR] LogOutputStream:75 - [STDERR_REDIRECT] Nov 26, 2023 5:28:28 PM java.util.prefs.WindowsPreferences <init>
2023-11-26 17:28:28,331 [ERROR] LogOutputStream:75 - [STDERR_REDIRECT] WARNING: Could not open/create prefs root node Software\JavaSoft\Prefs at root 0xffffffff80000002. Windows RegCreateKeyEx(...) returned error code 5.
2023-11-26 17:28:28,332 [ERROR] LogOutputStream:75 - [STDERR_REDIRECT] 
2023-11-26 17:28:28,496 [INFO] MainUpdater:2873 - connection check result : 10
2023-11-26 17:28:28,496 [INFO] MainUpdater:290 - Updater Check For Update Now.
2023-11-26 17:28:28,496 [INFO] MicroXplorer:498 - Change Database Version : DB.6.0.100
2023-11-26 17:28:28,500 [INFO] McuFinderGlobals:63 - Set McuFinder mode to 2 (CubeIDE integrated)
2023-11-26 17:28:28,501 [INFO] UserAuth:180 - activating auth plugin
2023-11-26 17:28:28,502 [INFO] UserAuth:404 - Internet connection configuration mode: 1
2023-11-26 17:28:28,511 [INFO] JxBrowserEngine:152 - Initiate JxBrowser Engine with user profile folder
2023-11-26 17:28:28,644 [INFO] CheckServerUpdateThread:120 - End of CheckServer Thread
2023-11-26 17:28:28,909 [INFO] WebApp:161 - Instantiating new browser for Auth
2023-11-26 17:28:28,988 [WARN] PackLoader:240 - Cannot read IP mode file for STMicroelectronics.X-CUBE-SMBUS.2.1.0
2023-11-26 17:28:29,015 [WARN] PackLoader:240 - Cannot read IP mode file for STMicroelectronics.X-CUBE-AZRTOS-F7.1.1.0
2023-11-26 17:28:29,024 [WARN] PackLoader:240 - Cannot read IP mode file for STMicroelectronics.FP-SNS-MOTENV1.4.3.2
2023-11-26 17:28:29,029 [WARN] PackLoader:240 - Cannot read IP mode file for STMicroelectronics.FP-SNS-FLIGHT1.5.0.2
2023-11-26 17:28:29,036 [WARN] PackLoader:240 - Cannot read IP mode file for STMicroelectronics.X-CUBE-DISPLAY.3.0.0
2023-11-26 17:28:29,047 [WARN] PackLoader:240 - Cannot read IP mode file for STMicroelectronics.X-CUBE-BLE1.7.0.0
2023-11-26 17:28:29,051 [WARN] PackLoader:240 - Cannot read IP mode file for emotas.I-CUBE-CANOPEN.1.3.0
2023-11-26 17:28:29,055 [WARN] PackLoader:240 - Cannot read IP mode file for STMicroelectronics.X-CUBE-TOUCHGFX.4.22.1
2023-11-26 17:28:29,060 [WARN] PackLoader:240 - Cannot read IP mode file for STMicroelectronics.FP-SNS-SMARTAG2.1.2.0
2023-11-26 17:28:29,068 [INFO] LogOutputStream:77 - [STDOUT_REDIRECT] 1 : Invalid condition id : UX_CORESTACK_Condition cause : null
2023-11-26 17:28:29,069 [INFO] LogOutputStream:77 - [STDOUT_REDIRECT] 1 : Invalid condition id : UX_CORESTACK_Condition cause : null
2023-11-26 17:28:29,069 [INFO] LogOutputStream:77 - [STDOUT_REDIRECT] 1 : Invalid condition id : UX_CORESTACK_Condition cause : null
2023-11-26 17:28:29,070 [INFO] LogOutputStream:77 - [STDOUT_REDIRECT] 1 : Invalid condition id : UX_CORESTACK_Condition cause : null
2023-11-26 17:28:29,071 [INFO] LogOutputStream:77 - [STDOUT_REDIRECT] 1 : Invalid condition id : UX_CORESTACK_Condition cause : null
2023-11-26 17:28:29,075 [WARN] PackLoader:240 - Cannot read IP mode file for STMicroelectronics.X-CUBE-AZRTOS-WL.2.0.0
2023-11-26 17:28:29,090 [WARN] PackLoader:240 - Cannot read IP mode file for WES.I-CUBE-Cesium.1.3.0
2023-11-26 17:28:29,096 [WARN] PackLoader:240 - Cannot read IP mode file for STMicroelectronics.X-CUBE-BLE2.3.3.0
2023-11-26 17:28:29,104 [WARN] PackLoader:240 - Cannot read IP mode file for STMicroelectronics.X-CUBE-ALGOBUILD.1.3.0
2023-11-26 17:28:29,133 [WARN] PackLoader:240 - Cannot read IP mode file for STMicroelectronics.X-CUBE-AZRTOS-G0.1.1.0
2023-11-26 17:28:29,142 [WARN] PackLoader:240 - Cannot read IP mode file for STMicroelectronics.X-CUBE-NFC4.3.0.0
2023-11-26 17:28:29,154 [WARN] PackLoader:240 - Cannot read IP mode file for STMicroelectronics.X-CUBE-BLEMGR.3.0.0
2023-11-26 17:28:29,161 [WARN] PackLoader:240 - Cannot read IP mode file for STMicroelectronics.FP-ATR-SIGFOX1.3.2.0
2023-11-26 17:28:29,168 [WARN] PackLoader:240 - Cannot read IP mode file for STMicroelectronics.X-CUBE-GNSS1.6.0.0
2023-11-26 17:28:29,181 [WARN] PackLoader:240 - Cannot read IP mode file for STMicroelectronics.X-CUBE-AZRTOS-F4.1.1.0
2023-11-26 17:28:29,187 [WARN] PackLoader:240 - Cannot read IP mode file for wolfSSL.I-CUBE-wolfSSL.5.6.4
2023-11-26 17:28:29,197 [WARN] PackLoader:240 - Cannot read IP mode file for STMicroelectronics.X-CUBE-AZRTOS-L5.2.0.0
2023-11-26 17:28:29,204 [WARN] PackLoader:240 - Cannot read IP mode file for STMicroelectronics.X-CUBE-EEPRMA1.4.2.0
2023-11-26 17:28:29,208 [WARN] PackLoader:240 - Cannot read IP mode file for ITTIA_DB.I-CUBE-ITTIADB.8.8.0
2023-11-26 17:28:29,218 [WARN] ConditionMgr:438 - getConditionDescription Invalid condition id : UX DEVICE CLASS RTOS Condition cause : null
2023-11-26 17:28:29,219 [WARN] ConditionMgr:438 - getConditionDescription Invalid condition id : UX DEVICE CLASS RTOS Condition cause : null
2023-11-26 17:28:29,222 [WARN] PackLoader:240 - Cannot read IP mode file for STMicroelectronics.X-CUBE-AZRTOS-H7.3.1.0
2023-11-26 17:28:29,223 [WARN] ConditionMgr:1039 - genDependencies : Invalid condition id : UX DEVICE CLASS RTOS Condition cause : null
2023-11-26 17:28:29,223 [WARN] ConditionMgr:1039 - genDependencies : Invalid condition id : UX DEVICE CLASS RTOS Condition cause : null
2023-11-26 17:28:29,224 [WARN] ConditionMgr:1039 - genDependencies : Invalid condition id : UX DEVICE CLASS RTOS Condition cause : null
2023-11-26 17:28:29,224 [WARN] ConditionMgr:1039 - genDependencies : Invalid condition id : UX DEVICE CLASS RTOS Condition cause : null
2023-11-26 17:28:29,224 [WARN] ConditionMgr:1039 - genDependencies : Invalid condition id : UX DEVICE CLASS RTOS Condition cause : null
2023-11-26 17:28:29,231 [WARN] PackLoader:240 - Cannot read IP mode file for STMicroelectronics.X-CUBE-NFC7.1.0.1
2023-11-26 17:28:29,239 [WARN] PackLoader:240 - Cannot read IP mode file for STMicroelectronics.X-CUBE-NFC6.3.0.0
2023-11-26 17:28:29,243 [WARN] PackLoader:240 - Cannot read IP mode file for STMicroelectronics.X-CUBE-AI.8.1.0
2023-11-26 17:28:29,258 [WARN] ConditionMgr:438 - getConditionDescription Invalid condition id : LAN8742 Phy interface Condition cause : null
2023-11-26 17:28:29,258 [WARN] PackLoader:240 - Cannot read IP mode file for STMicroelectronics.X-CUBE-AZRTOS-L4.2.0.0
2023-11-26 17:28:29,259 [WARN] ConditionMgr:1039 - genDependencies : Invalid condition id : LAN8742 Phy interface Condition cause : null
2023-11-26 17:28:29,259 [WARN] ConditionMgr:1039 - genDependencies : Invalid condition id : LAN8742 Phy interface Condition cause : null
2023-11-26 17:28:29,260 [WARN] ConditionMgr:1039 - genDependencies : Invalid condition id : LAN8742 Phy interface Condition cause : null
2023-11-26 17:28:29,267 [WARN] PackLoader:240 - Cannot read IP mode file for STMicroelectronics.X-CUBE-SFXS2LP1.4.0.0
2023-11-26 17:28:29,272 [WARN] PackLoader:240 - Cannot read IP mode file for STMicroelectronics.X-CUBE-ISPU.1.1.0
2023-11-26 17:28:29,284 [WARN] ConditionMgr:438 - getConditionDescription Invalid condition id : UX DEVICE CLASS RTOS Condition cause : null
2023-11-26 17:28:29,284 [WARN] ConditionMgr:438 - getConditionDescription Invalid condition id : UX DEVICE CLASS RTOS Condition cause : null
2023-11-26 17:28:29,286 [WARN] PackLoader:240 - Cannot read IP mode file for STMicroelectronics.X-CUBE-AZRTOS-WB.2.0.0
2023-11-26 17:28:29,287 [WARN] ConditionMgr:1039 - genDependencies : Invalid condition id : UX DEVICE CLASS RTOS Condition cause : null
2023-11-26 17:28:29,287 [WARN] ConditionMgr:1039 - genDependencies : Invalid condition id : UX DEVICE CLASS RTOS Condition cause : null
2023-11-26 17:28:29,287 [WARN] ConditionMgr:1039 - genDependencies : Invalid condition id : UX DEVICE CLASS RTOS Condition cause : null
2023-11-26 17:28:29,287 [WARN] ConditionMgr:1039 - genDependencies : Invalid condition id : UX DEVICE CLASS RTOS Condition cause : null
2023-11-26 17:28:29,287 [WARN] ConditionMgr:1039 - genDependencies : Invalid condition id : UX DEVICE CLASS RTOS Condition cause : null
2023-11-26 17:28:29,299 [WARN] PackLoader:240 - Cannot read IP mode file for STMicroelectronics.X-CUBE-SUBG2.5.0.0
2023-11-26 17:28:29,320 [WARN] PackLoader:240 - Cannot read IP mode file for STMicroelectronics.X-CUBE-AZRTOS-G4.2.0.0
2023-11-26 17:28:29,335 [WARN] PackLoader:240 - Cannot read IP mode file for Infineon.AIROC-Wi-Fi-Bluetooth-STM32.1.5.1
2023-11-26 17:28:29,343 [WARN] PackLoader:240 - Cannot read IP mode file for STMicroelectronics.FP-SNS-MOTENVWB1.1.3.0
2023-11-26 17:28:29,384 [WARN] PackLoader:240 - Cannot read IP mode file for STMicroelectronics.X-CUBE-MEMS1.10.0.0
2023-11-26 17:28:29,445 [INFO] WebApp:780 - Register for checkConnection events
2023-11-26 17:28:29,445 [INFO] WebApp:414 - Apply proxy settings
2023-11-26 17:28:29,445 [INFO] WebApp:499 - Chromium requires no authentication
2023-11-26 17:28:29,451 [INFO] WebApp:442 - Direct internet connection detected
2023-11-26 17:28:29,489 [WARN] PackLoader:240 - Cannot read IP mode file for STMicroelectronics.X-CUBE-FREERTOS.1.1.0
2023-11-26 17:28:29,493 [WARN] PackLoader:240 - Cannot read IP mode file for portGmbH.I-Cube-SoM-uGOAL.1.1.0
2023-11-26 17:28:29,496 [WARN] PackLoader:240 - Cannot read IP mode file for STMicroelectronics.X-CUBE-ALS.1.0.1
2023-11-26 17:28:29,500 [WARN] PackLoader:240 - Cannot read IP mode file for STMicroelectronics.FP-ATR-ASTRA1.2.0.0
2023-11-26 17:28:29,506 [WARN] PackLoader:240 - Cannot read IP mode file for STMicroelectronics.X-CUBE-TOF1.3.4.0
2023-11-26 17:28:29,512 [INFO] ThirdParty:978 - Integrity check success = true
2023-11-26 17:28:29,513 [INFO] IntegrityCheckThread:100 - exiting critical section [integrity check]
2023-11-26 17:28:29,513 [INFO] IntegrityCheckThread:103 - End integrity checks thread
2023-11-26 17:28:29,598 [INFO] WebApp:192 - Starting web application
2023-11-26 17:28:29,598 [INFO] WebApp:544 - Web application path used C:\ST\STM32CubeIDE_1.14.0\STM32CubeIDE\plugins\com.st.stm32cube.common.mx_6.10.0.202311202037\db\plugins\mcufinder\reactClient1\index.html
2023-11-26 17:28:50,027 [ERROR] LogOutputStream:75 - [STDERR_REDIRECT] SLF4J: Failed to load class "org.slf4j.impl.StaticLoggerBinder".
2023-11-26 17:28:50,028 [ERROR] LogOutputStream:75 - [STDERR_REDIRECT] SLF4J: Defaulting to no-operation (NOP) logger implementation
2023-11-26 17:28:50,029 [ERROR] LogOutputStream:75 - [STDERR_REDIRECT] SLF4J: See http://www.slf4j.org/codes.html#StaticLoggerBinder for further details.
2023-11-26 17:28:53,555 [INFO] McuFinderGlobals:63 - Set McuFinder mode to 2 (CubeIDE integrated)
2023-11-26 17:28:53,577 [INFO] MainUpdater:2873 - connection check result : 10
2023-11-26 17:28:53,582 [INFO] MainUpdater:2873 - connection check result : 10
2023-11-26 17:28:53,731 [INFO] MicroXplorer:468 - Change Database Path : 
2023-11-26 17:28:53,732 [INFO] MicroXplorer:498 - Change Database Version : DB.6.0.100
2023-11-26 17:28:53,735 [WARN] ThirdParty:871 - waiting for thirdparty lock release [close project]
2023-11-26 17:28:53,735 [INFO] ThirdParty:873 - entering critical section [close project]
2023-11-26 17:28:53,736 [INFO] ThirdParty:883 - exiting critical section [close project]
2023-11-26 17:28:53,737 [INFO] PinOutPanel:1499 - setPackage(No Configuration,No Configuration)
2023-11-26 17:28:53,739 [INFO] UtilMem:75 - Begin LoadConfig() Used Memory: 442570888 Bytes (573571072)
2023-11-26 17:29:03,208 [INFO] MicroXplorer:468 - Change Database Path : 
2023-11-26 17:29:03,210 [INFO] MicroXplorer:498 - Change Database Version : DB.6.0.100
2023-11-26 17:29:03,210 [INFO] OpenFileManager:312 - Change cursor
2023-11-26 17:29:03,234 [INFO] Mcu:2016 - Initializing MCU STM32F103R(C-D-E)Tx STM32F103RETx STM32F103RET6
2023-11-26 17:29:04,105 [INFO] Context:659 - Trying to add GPIOservice into a context  which must be forbidden
2023-11-26 17:29:04,387 [INFO] RtosManager:555 - Registered RTOS mode: class=CMSIS, group=RTOS, mode=CMSIS_V1, owner=FREERTOS
2023-11-26 17:29:04,387 [INFO] RtosManager:555 - Registered RTOS mode: class=CMSIS, group=RTOS2, mode=CMSIS_V2, owner=FREERTOS
2023-11-26 17:29:04,387 [INFO] RtosManager:555 - Registered RTOS mode: class=RTOS, group=Core, mode=CMSIS_V1, owner=FREERTOS
2023-11-26 17:29:04,387 [INFO] RtosManager:555 - Registered RTOS mode: class=RTOS, group=Core, mode=CMSIS_V2, owner=FREERTOS
2023-11-26 17:29:04,388 [WARN] ModelIntegratedComponent:184 - Missing modes for component STMicroelectronics:FreeRTOS:0.0.1:STMicroelectronics:RTOS:FreeRTOS:Core:::10.2.0:
2023-11-26 17:29:04,397 [WARN] ModelIntegratedComponent:63 - No mode defined for component null
2023-11-26 17:29:04,397 [WARN] ModelIntegratedComponent:63 - No mode defined for component null
2023-11-26 17:29:04,397 [WARN] ModelIntegratedComponent:63 - No mode defined for component null
2023-11-26 17:29:04,397 [WARN] ModelIntegratedComponent:63 - No mode defined for component null
2023-11-26 17:29:04,397 [WARN] ModelIntegratedComponent:63 - No mode defined for component null
2023-11-26 17:29:04,397 [WARN] ModelIntegratedComponent:63 - No mode defined for component null
2023-11-26 17:29:04,397 [WARN] ModelIntegratedComponent:63 - No mode defined for component null
2023-11-26 17:29:04,398 [WARN] ModelIntegratedComponent:63 - No mode defined for component null
2023-11-26 17:29:04,398 [WARN] ModelIntegratedComponent:63 - No mode defined for component null
2023-11-26 17:29:04,398 [WARN] ModelIntegratedComponent:63 - No mode defined for component null
2023-11-26 17:29:04,398 [WARN] ModelIntegratedComponent:63 - No mode defined for component null
2023-11-26 17:29:04,398 [WARN] ModelIntegratedComponent:63 - No mode defined for component null
2023-11-26 17:29:04,398 [WARN] ModelIntegratedComponent:63 - No mode defined for component null
2023-11-26 17:29:04,398 [WARN] ModelIntegratedComponent:63 - No mode defined for component null
2023-11-26 17:29:04,398 [WARN] ModelIntegratedComponent:63 - No mode defined for component null
2023-11-26 17:29:04,398 [WARN] ModelIntegratedComponent:63 - No mode defined for component null
2023-11-26 17:29:04,398 [WARN] ModelIntegratedComponent:63 - No mode defined for component null
2023-11-26 17:29:04,398 [WARN] ModelIntegratedComponent:63 - No mode defined for component null
2023-11-26 17:29:04,398 [WARN] ModelIntegratedComponent:63 - No mode defined for component null
2023-11-26 17:29:04,398 [WARN] ModelIntegratedComponent:63 - No mode defined for component null
2023-11-26 17:29:04,398 [WARN] ModelIntegratedComponent:63 - No mode defined for component null
2023-11-26 17:29:04,398 [WARN] ModelIntegratedComponent:63 - No mode defined for component null
2023-11-26 17:29:04,398 [WARN] ModelIntegratedComponent:63 - No mode defined for component null
2023-11-26 17:29:04,398 [WARN] ModelIntegratedComponent:63 - No mode defined for component null
2023-11-26 17:29:04,398 [WARN] ModelIntegratedComponent:63 - No mode defined for component null
2023-11-26 17:29:04,398 [WARN] ModelIntegratedComponent:63 - No mode defined for component null
2023-11-26 17:29:04,398 [WARN] ModelIntegratedComponent:63 - No mode defined for component null
2023-11-26 17:29:04,398 [WARN] ModelIntegratedComponent:63 - No mode defined for component null
2023-11-26 17:29:04,398 [WARN] ModelIntegratedComponent:63 - No mode defined for component null
2023-11-26 17:29:04,398 [WARN] ModelIntegratedComponent:63 - No mode defined for component null
2023-11-26 17:29:04,398 [WARN] ModelIntegratedComponent:63 - No mode defined for component null
2023-11-26 17:29:04,398 [WARN] ModelIntegratedComponent:63 - No mode defined for component null
2023-11-26 17:29:04,398 [WARN] ModelIntegratedComponent:63 - No mode defined for component null
2023-11-26 17:29:04,454 [INFO] ThirdPartyModel:298 - Start build external matchings
2023-11-26 17:29:04,579 [INFO] ThirdPartyModel:316 - End build external matchings
2023-11-26 17:29:04,591 [INFO] ImportTextPane:194 - (OptionalMessage_ERROR) IP (DMA) : Parameter (Instance) has Id (UART4_TX) currently not set
2023-11-26 17:29:04,591 [INFO] ImportTextPane:194 - (OptionalMessage_ERROR) IP (DMA) : Parameter (Direction) has Id (UART4_TX) currently not set
2023-11-26 17:29:04,591 [INFO] ImportTextPane:194 - (OptionalMessage_ERROR) IP (DMA) : Parameter (PeriphInc) has Id (UART4_TX) currently not set
2023-11-26 17:29:04,591 [INFO] ImportTextPane:194 - (OptionalMessage_ERROR) IP (DMA) : Parameter (MemInc) has Id (UART4_TX) currently not set
2023-11-26 17:29:04,591 [INFO] ImportTextPane:194 - (OptionalMessage_ERROR) IP (DMA) : Parameter (PeriphDataAlignment) has Id (UART4_TX) currently not set
2023-11-26 17:29:04,591 [INFO] ImportTextPane:194 - (OptionalMessage_ERROR) IP (DMA) : Parameter (MemDataAlignment) has Id (UART4_TX) currently not set
2023-11-26 17:29:04,591 [INFO] ImportTextPane:194 - (OptionalMessage_ERROR) IP (DMA) : Parameter (Mode) has Id (UART4_TX) currently not set
2023-11-26 17:29:04,591 [INFO] ImportTextPane:194 - (OptionalMessage_ERROR) IP (DMA) : Parameter (Priority) has Id (UART4_TX) currently not set
2023-11-26 17:29:04,592 [INFO] ImportTextPane:194 - (OptionalMessage_ERROR) IP (RCC) : Invalid parameter (FamilyName)
2023-11-26 17:29:04,811 [INFO] UtilMem:75 - End LoadConfig() Used Memory: 590557472 Bytes (843055104)
2023-11-26 17:29:04,894 [INFO] ApiDb:581 - Connected to CubeFinder SQLite database (C:\Users\sykojo\.stmcufinder\plugins\mcufinder\mcu\cube-finder-db.db)
2023-11-26 17:29:04,943 [INFO] ApiDb:668 - CubeFinder database Data Model version=2.1
2023-11-26 17:29:04,943 [INFO] ApiDb:669 - CubeFinder database Configuration version=3.0.39
2023-11-26 17:29:04,943 [INFO] ApiDb:670 - CubeFinder database generation date=2023-11-06 (1699269565)
2023-11-26 17:29:04,943 [INFO] ApiDb:671 - CubeFinder database FW Pack versions=[FP-ATR-ASTRA1_V2.0.0, FP-SNS-FLIGHT1_V5.0.1, FP-SNS-FLIGHT1_V5.0.2, FP-SNS-MOTENV1_V4.3.1, FP-SNS-MOTENV1_V4.3.2, FP-SNS-MOTENVWB1_V1.3.0, FP-SNS-SMARTAG2_V1.2.0, STM32Cube_FW_C0_V1.1.0, STM32Cube_FW_F4_V1.28.0, STM32Cube_FW_F7_V1.17.0, STM32Cube_FW_G0_V1.6.1, STM32Cube_FW_G4_V1.5.1, STM32Cube_FW_H5_V0.5.1, STM32Cube_FW_H5_V1.1.1, STM32Cube_FW_H5_V1.2.0RC2, STM32Cube_FW_H7_V1.11.0, STM32Cube_FW_L0_V1.12.2, STM32Cube_FW_L5_V1.5.0, STM32Cube_FW_U5_V1.3.0RC4, STM32Cube_FW_U5_V1.4.0, STM32Cube_FW_WBA_V1.0.0RC1, STM32Cube_FW_WBA_V1.1.0RC1, STM32Cube_FW_WBA_V1.2.0, STM32Cube_FW_WBA_V1.2.0RC2, STM32Cube_FW_WB_V1.15.0RC1, STM32Cube_FW_WB_V1.16.0, STM32Cube_FW_WB_V1.16.0RC2, STM32Cube_FW_WB_V1.18.0, STM32Cube_FW_WL_V1.3.0, X-CUBE-ALGOBUILD_V1.3.0, X-CUBE-ALS_V1.0.1, X-CUBE-AZRTOS-F4_V1.1.0, X-CUBE-AZRTOS-F7_V1.1.0, X-CUBE-AZRTOS-G0_V1.1.0, X-CUBE-AZRTOS-G4_V2.0.0, X-CUBE-AZRTOS-H7_V3.1.0, X-CUBE-AZRTOS-L4_V1.0.0, X-CUBE-AZRTOS-L4_V2.0.0, X-CUBE-AZRTOS-L5_V1.1.0, X-CUBE-AZRTOS-WB_V2.0.0, X-CUBE-AZRTOS-WL_V2.0.0, X-CUBE-BLE1_V7.0.0, X-CUBE-BLE2_V3.3.0, X-CUBE-BLEMGR_V2.0.0, X-CUBE-EEPRMA1_V4.1.0, X-CUBE-EEPRMA1_V4.2.0, X-CUBE-FREERTOS_V1.1.0, X-CUBE-GNSS1_V6.0.0, X-CUBE-MEMS1_V10.0.0, X-CUBE-MEMS1_V9.1.0, X-CUBE-MEMS1_V9.4.0, X-CUBE-MEMS1_V9.6.0, X-CUBE-NFC4_V3.0.0, X-CUBE-NFC7_V1.0.1, X-CUBE-SFXS2LP1_V4.0.0, X-CUBE-SUBG2_V5.0.0, X-CUBE-TOF1_V3.3.1]
2023-11-26 17:29:06,444 [INFO] ApiDb:240 - Found 371 in-development CPN: [B-G473E-ZEST1S, B-WB1M-WPAN1, B-WL5M-SUBG1, NUCLEO-C031C6, NUCLEO-H503RB, NUCLEO-H563ZI, NUCLEO-U545RE-Q, NUCLEO-U5A5ZJ-Q, NUCLEO-WBA52CG, NUCLEO-WBA55CG, STEVAL-MKBOXPRO, STEVAL-PROTEUS1, STEVAL-STWINBX1, STM320518-EVAL, STM32C0116-DK, STM32C011D6Y3TR, STM32C011D6Y6TR, STM32C011F4P3, STM32C011F4P6, STM32C011F4U3, STM32C011F4U6TR, STM32C011F6P3, STM32C011F6P6, STM32C011F6U3, STM32C011F6U6TR, STM32C011J4M3, STM32C011J4M6, STM32C011J6M3, STM32C011J6M6, STM32C0316-DK, STM32C031C4T3, STM32C031C4T6, STM32C031C4U3, STM32C031C4U6, STM32C031C6T3, STM32C031C6T6, STM32C031C6U3, STM32C031C6U6, STM32C031F4P3, STM32C031F4P6, STM32C031F6P3, STM32C031F6P6, STM32C031G4U3, STM32C031G4U6, STM32C031G6U3, STM32C031G6U6, STM32C031K4T3, STM32C031K4T6, STM32C031K4U3, STM32C031K4U6, STM32C031K6T3, STM32C031K6T6, STM32C031K6U3, STM32C031K6U6, STM32G071K8TXN, STM32G071K8UXN, STM32G081GBU6N, STM32G081KBT6N, STM32G081KBUXN, STM32G0B1CCT6N, STM32G0B1KCT6, STM32G0B1NEY6TR, STM32G0B1RCT6N, STM32G0C1CCT6, STM32G0C1CCT6N, STM32G0C1CCU6N, STM32G0C1CET6N, STM32G0C1CEU6N, STM32G0C1KCT6, STM32G0C1NEY6TR, STM32G0C1RCI6N, STM32G0C1RCT6N, STM32G0C1REI6N, STM32G0C1RET6N, STM32G0C1VCI6, STM32G0C1VEI6, STM32G471CCT6, STM32G471CCU6, STM32G471CET3, STM32G471CET6, STM32G471CEU3, STM32G471CEU6, STM32G471MCT6, STM32G471MET3, STM32G471MET6, STM32G471MEY6TR, STM32G471QCT6, STM32G471QET3, STM32G471RCT6, STM32G471RET3, STM32G471RET6, STM32G471VCH6, STM32G471VCI6, STM32G471VCT6, STM32G471VEH3, STM32G471VEH6, STM32G471VEI3, STM32G471VEI6, STM32G471VET3, STM32G471VET6, STM32G474CCT6, STM32H503CBT6, STM32H503CBU6, STM32H503EBY6TR, STM32H503KBU6, STM32H503RBT6, STM32H562AGI6, STM32H562AII6, STM32H562IGK6, STM32H562IGT6, STM32H562IIK6, STM32H562IIT6, STM32H562RGT6, STM32H562RGV6, STM32H562RIT6, STM32H562RIV6, STM32H562VGT6, STM32H562VIT6, STM32H562ZGT6, STM32H562ZIT6, STM32H563AGI6, STM32H563AII3Q, STM32H563AII6, STM32H563IGK6, STM32H563IGT6, STM32H563IIK3Q, STM32H563IIK6, STM32H563IIT3Q, STM32H563IIT6, STM32H563MIY3QTR, STM32H563RGT6, STM32H563RGV6, STM32H563RIT6, STM32H563RIV6, STM32H563VGT6, STM32H563VIT3Q, STM32H563VIT6, STM32H563ZGT6, STM32H563ZIT3Q, STM32H563ZIT6, STM32H573AII3Q, STM32H573AII6, STM32H573I-DK, STM32H573IIK3Q, STM32H573IIK6, STM32H573IIT3Q, STM32H573IIT6, STM32H573MIY3QTR, STM32H573RIT6, STM32H573RIV6, STM32H573VIT3Q, STM32H573VIT6, STM32H573ZIT3Q, STM32H573ZIT6, STM32L4R5QGI6STR, STM32MP131AAE3, STM32MP131AAF3, STM32MP131AAG3, STM32MP131CAE3, STM32MP131CAF3, STM32MP131CAG3, STM32MP131DAE7, STM32MP131DAF7, STM32MP131DAG7, STM32MP131FAE7, STM32MP131FAF7, STM32MP131FAG7, STM32MP133AAE3, STM32MP133AAF3, STM32MP133AAG3, STM32MP133CAE3, STM32MP133CAF3, STM32MP133CAG3, STM32MP133DAE7, STM32MP133DAF7, STM32MP133DAG7, STM32MP133FAE7, STM32MP133FAF7, STM32MP133FAG7, STM32MP135AAE3, STM32MP135AAF3, STM32MP135AAG3, STM32MP135CAE3, STM32MP135CAF3, STM32MP135CAG3, STM32MP135DAE7, STM32MP135DAF7, STM32MP135DAG7, STM32MP135F-DK, STM32MP135FAE7, STM32MP135FAF7, STM32MP135FAF7T, STM32MP135FAF7U, STM32MP135FAG7, STM32U535CBT6, STM32U535CBT6Q, STM32U535CBU6, STM32U535CBU6Q, STM32U535CCT6, STM32U535CCT6Q, STM32U535CCU6, STM32U535CCU6Q, STM32U535CET6, STM32U535CET6Q, STM32U535CEU6, STM32U535CEU6Q, STM32U535JEY6QTR, STM32U535NCY6QTR, STM32U535NEY6QTR, STM32U535RBI6, STM32U535RBI6Q, STM32U535RBT6, STM32U535RBT6Q, STM32U535RCI6, STM32U535RCI6Q, STM32U535RCT6, STM32U535RCT6Q, STM32U535REI6, STM32U535REI6Q, STM32U535RET6, STM32U535RET6Q, STM32U535VCI6, STM32U535VCI6Q, STM32U535VCT6, STM32U535VCT6Q, STM32U535VEI6, STM32U535VEI6Q, STM32U535VET6, STM32U535VET6Q, STM32U545CET6, STM32U545CET6Q, STM32U545CEU6, STM32U545CEU6Q, STM32U545JEY6QTR, STM32U545NEY6QTR, STM32U545REI6, STM32U545REI6Q, STM32U545RET6, STM32U545RET6Q, STM32U545VEI6, STM32U545VEI6Q, STM32U545VET6, STM32U545VET6Q, STM32U595AIH6, STM32U595AIH6Q, STM32U595AJH6, STM32U595AJH6Q, STM32U595QII6, STM32U595QII6Q, STM32U595QJI6, STM32U595QJI6Q, STM32U595RIT6, STM32U595RIT6Q, STM32U595RJT6, STM32U595RJT6Q, STM32U595VIT6, STM32U595VIT6Q, STM32U595VJT6, STM32U595VJT6Q, STM32U595ZIT6, STM32U595ZIT6Q, STM32U595ZIY6QTR, STM32U595ZJT6, STM32U595ZJT6Q, STM32U595ZJY6QTR, STM32U599BJY6QTR, STM32U599NIH6Q, STM32U599NJH6Q, STM32U599VIT6Q, STM32U599VJT6, STM32U599VJT6Q, STM32U599ZIT6Q, STM32U599ZIY6QTR, STM32U599ZJT6Q, STM32U599ZJY6QTR, STM32U5A5AJH6, STM32U5A5AJH6Q, STM32U5A5QJI6, STM32U5A5QJI6Q, STM32U5A5RJT6, STM32U5A5RJT6Q, STM32U5A5VJT6, STM32U5A5VJT6Q, STM32U5A5ZJT6, STM32U5A5ZJT6Q, STM32U5A5ZJY6QTR, STM32U5A9BJY6QTR, STM32U5A9J-DK, STM32U5A9NJH6Q, STM32U5A9VJT6Q, STM32U5A9ZJT6Q, STM32U5A9ZJY6QTR, STM32U5F7VIT6, STM32U5F7VIT6Q, STM32U5F7VJT6, STM32U5F7VJT6Q, STM32U5F9BJY6QTR, STM32U5F9NJH6Q, STM32U5F9VIT6Q, STM32U5F9VJT6Q, STM32U5F9ZIJ6QTR, STM32U5F9ZIT6Q, STM32U5F9ZJJ6QTR, STM32U5F9ZJT6Q, STM32U5G7VJT6, STM32U5G7VJT6Q, STM32U5G9BJY6QTR, STM32U5G9J-DK1, STM32U5G9J-DK2, STM32U5G9NJH6Q, STM32U5G9VJT6Q, STM32U5G9ZJJ6QTR, STM32U5G9ZJT6Q, STM32WB1MMCH6, STM32WBA50KEU6, STM32WBA50KEU6TR, STM32WBA50KGU6, STM32WBA50KGU6TR, STM32WBA52CEU6, STM32WBA52CEU6TR, STM32WBA52CEU7, STM32WBA52CEU7TR, STM32WBA52CGU6, STM32WBA52CGU6TR, STM32WBA52CGU6U, STM32WBA52CGU7, STM32WBA52CGU7TR, STM32WBA52KEU6, STM32WBA52KEU6TR, STM32WBA52KGU6, STM32WBA52KGU6TR, STM32WBA54CEU6, STM32WBA54CEU6TR, STM32WBA54CEU7, STM32WBA54CEU7TR, STM32WBA54CGU6, STM32WBA54CGU6TR, STM32WBA54CGU7, STM32WBA54CGU7TR, STM32WBA54KEU6, STM32WBA54KEU6TR, STM32WBA54KEU7, STM32WBA54KEU7TR, STM32WBA54KGU6, STM32WBA54KGU6TR, STM32WBA54KGU7, STM32WBA54KGU7TR, STM32WBA55CEU6, STM32WBA55CEU6TR, STM32WBA55CEU7, STM32WBA55CEU7TR, STM32WBA55CGU6, STM32WBA55CGU6TR, STM32WBA55CGU6U, STM32WBA55CGU7, STM32WBA55CGU7TR, STM32WBA55G-DK1, STM32WBA55HEF6, STM32WBA55HEF7, STM32WBA55HGF6, STM32WBA55HGF7, STM32WBA55UEI6, STM32WBA55UEI6TR, STM32WBA55UEI7, STM32WBA55UEI7TR, STM32WBA55UGI6, STM32WBA55UGI6TR, STM32WBA55UGI7, STM32WBA55UGI7TR, STM32WL5MOCH6, STM32WL5MOCH6TR]
2023-11-26 17:29:06,448 [INFO] DbMcus:218 - Found 3930 MCUs, 3930 are supported
2023-11-26 17:29:06,448 [INFO] ApiDb:414 - User favorites file not found: C:\Users\sykojo/.stm32cubeide/favorites.mcus.txt
2023-11-26 17:29:06,448 [INFO] DbMcus:224 - Set 0 / 0 favorites MCUs
2023-11-26 17:29:06,750 [INFO] MicroXplorer:468 - Change Database Path : 
2023-11-26 17:29:06,750 [INFO] MicroXplorer:498 - Change Database Version : DB.6.0.100
2023-11-26 17:29:06,750 [WARN] ThirdParty:833 - waiting for thirdparty lock release [change project]
2023-11-26 17:29:06,750 [INFO] ThirdParty:835 - entering critical section [change project]
2023-11-26 17:29:06,750 [INFO] ThirdParty:1030 - CMSIS Pack Vendor :STMicroelectronics X-CUBE-ISPU 1.1.0
2023-11-26 17:29:06,750 [INFO] ThirdParty:1030 - CMSIS Pack Vendor :STMicroelectronics USBPD 4.1
2023-11-26 17:29:06,750 [INFO] ThirdParty:1030 - CMSIS Pack Vendor :STMicroelectronics X-CUBE-GNSS1 6.0.0
2023-11-26 17:29:06,750 [INFO] ThirdParty:1030 - CMSIS Pack Vendor :STMicroelectronics USB_HOST 2.0.0
2023-11-26 17:29:06,750 [INFO] ThirdParty:1030 - CMSIS Pack Vendor :STMicroelectronics X-CUBE-AZRTOS-F4 1.1.0
2023-11-26 17:29:06,750 [INFO] ThirdParty:1030 - CMSIS Pack Vendor :STMicroelectronics LIBJPEG 8.0.0
2023-11-26 17:29:06,750 [INFO] ThirdParty:1030 - CMSIS Pack Vendor :wolfSSL I-CUBE-wolfSSL 5.6.4
2023-11-26 17:29:06,750 [INFO] ThirdParty:1030 - CMSIS Pack Vendor :STMicroelectronics X-CUBE-SMBUS 2.1.0
2023-11-26 17:29:06,751 [INFO] ThirdParty:1030 - CMSIS Pack Vendor :STMicroelectronics USB_DEVICE 3.0.0
2023-11-26 17:29:06,751 [INFO] ThirdParty:1030 - CMSIS Pack Vendor :STMicroelectronics X-CUBE-AZRTOS-WB 2.0.0
2023-11-26 17:29:06,751 [INFO] ThirdParty:1030 - CMSIS Pack Vendor :STMicroelectronics X-CUBE-AZRTOS-F7 1.1.0
2023-11-26 17:29:06,751 [INFO] ThirdParty:1030 - CMSIS Pack Vendor :STMicroelectronics X-CUBE-AZRTOS-L5 2.0.0
2023-11-26 17:29:06,751 [INFO] ThirdParty:1030 - CMSIS Pack Vendor :STMicroelectronics USB_DEVICE 2.0.0
2023-11-26 17:29:06,751 [INFO] ThirdParty:1030 - CMSIS Pack Vendor :STMicroelectronics X-CUBE-EEPRMA1 4.2.0
2023-11-26 17:29:06,751 [INFO] ThirdParty:1030 - CMSIS Pack Vendor :ITTIA_DB I-CUBE-ITTIADB 8.8.0
2023-11-26 17:29:06,751 [INFO] ThirdParty:1030 - CMSIS Pack Vendor :STMicroelectronics FP-SNS-MOTENV1 4.3.2
2023-11-26 17:29:06,751 [INFO] ThirdParty:1030 - CMSIS Pack Vendor :STMicroelectronics X-CUBE-ALGOBUILD 1.3.0
2023-11-26 17:29:06,751 [INFO] ThirdParty:1030 - CMSIS Pack Vendor :STMicroelectronics FreeRTOS 0.0.1
2023-11-26 17:29:06,751 [INFO] ThirdParty:1030 - CMSIS Pack Vendor :STMicroelectronics X-CUBE-AZRTOS-G0 1.1.0
2023-11-26 17:29:06,751 [INFO] ThirdParty:1030 - CMSIS Pack Vendor :STMicroelectronics X-CUBE-NFC4 3.0.0
2023-11-26 17:29:06,751 [INFO] ThirdParty:1030 - CMSIS Pack Vendor :STMicroelectronics X-CUBE-SUBG2 5.0.0
2023-11-26 17:29:06,751 [INFO] ThirdParty:1030 - CMSIS Pack Vendor :STMicroelectronics STM32_WPAN 1.0.0
2023-11-26 17:29:06,751 [INFO] ThirdParty:1030 - CMSIS Pack Vendor :STMicroelectronics lwIP 2.0.3
2023-11-26 17:29:06,751 [INFO] ThirdParty:1030 - CMSIS Pack Vendor :STMicroelectronics FP-SNS-FLIGHT1 5.0.2
2023-11-26 17:29:06,751 [INFO] ThirdParty:1030 - CMSIS Pack Vendor :STMicroelectronics USB_HOST 1.0.0
2023-11-26 17:29:06,751 [INFO] ThirdParty:1030 - CMSIS Pack Vendor :STMicroelectronics X-CUBE-AZRTOS-G4 2.0.0
2023-11-26 17:29:06,751 [INFO] ThirdParty:1030 - CMSIS Pack Vendor :STMicroelectronics PDM2PCM 3.1.0
2023-11-26 17:29:06,751 [INFO] ThirdParty:1030 - CMSIS Pack Vendor :STMicroelectronics X-CUBE-AZRTOS-H7 3.1.0
2023-11-26 17:29:06,751 [INFO] ThirdParty:1030 - CMSIS Pack Vendor :Infineon AIROC-Wi-Fi-Bluetooth-STM32 1.5.1
2023-11-26 17:29:06,751 [INFO] ThirdParty:1030 - CMSIS Pack Vendor :STMicroelectronics X-CUBE-BLEMGR 3.0.0
2023-11-26 17:29:06,751 [INFO] ThirdParty:1030 - CMSIS Pack Vendor :STMicroelectronics PDM2PCM 3.3.0
2023-11-26 17:29:06,751 [INFO] ThirdParty:1030 - CMSIS Pack Vendor :STMicroelectronics X-CUBE-DISPLAY 3.0.0
2023-11-26 17:29:06,751 [INFO] ThirdParty:1030 - CMSIS Pack Vendor :STMicroelectronics FP-SNS-MOTENVWB1 1.3.0
2023-11-26 17:29:06,751 [INFO] ThirdParty:1030 - CMSIS Pack Vendor :STMicroelectronics X-CUBE-BLE1 7.0.0
2023-11-26 17:29:06,751 [INFO] ThirdParty:1030 - CMSIS Pack Vendor :STMicroelectronics FP-ATR-SIGFOX1 3.2.0
2023-11-26 17:29:06,752 [INFO] ThirdParty:1030 - CMSIS Pack Vendor :STMicroelectronics HAL Drivers 0.0.0
2023-11-26 17:29:06,752 [INFO] ThirdParty:1030 - CMSIS Pack Vendor :STMicroelectronics MBEDTLS 2.16.2
2023-11-26 17:29:06,752 [INFO] ThirdParty:1030 - CMSIS Pack Vendor :emotas I-CUBE-CANOPEN 1.3.0
2023-11-26 17:29:06,752 [INFO] ThirdParty:1030 - CMSIS Pack Vendor :STMicroelectronics X-CUBE-MEMS1 10.0.0
2023-11-26 17:29:06,752 [INFO] ThirdParty:1030 - CMSIS Pack Vendor :STMicroelectronics X-CUBE-FREERTOS 1.1.0
2023-11-26 17:29:06,752 [INFO] ThirdParty:1030 - CMSIS Pack Vendor :STMicroelectronics X-CUBE-NFC7 1.0.1
2023-11-26 17:29:06,752 [INFO] ThirdParty:1030 - CMSIS Pack Vendor :STMicroelectronics MBEDTLS 2.14.1
2023-11-26 17:29:06,752 [INFO] ThirdParty:1030 - CMSIS Pack Vendor :STMicroelectronics X-CUBE-TOUCHGFX 4.22.1
2023-11-26 17:29:06,752 [INFO] ThirdParty:1030 - CMSIS Pack Vendor :STMicroelectronics X-CUBE-NFC6 3.0.0
2023-11-26 17:29:06,752 [INFO] ThirdParty:1030 - CMSIS Pack Vendor :portGmbH I-Cube-SoM-uGOAL 1.1.0
2023-11-26 17:29:06,752 [INFO] ThirdParty:1030 - CMSIS Pack Vendor :STMicroelectronics X-CUBE-ALS 1.0.1
2023-11-26 17:29:06,752 [INFO] ThirdParty:1030 - CMSIS Pack Vendor :STMicroelectronics ThreadX 1.0.0
2023-11-26 17:29:06,752 [INFO] ThirdParty:1030 - CMSIS Pack Vendor :STMicroelectronics FP-SNS-SMARTAG2 1.2.0
2023-11-26 17:29:06,752 [INFO] ThirdParty:1030 - CMSIS Pack Vendor :STMicroelectronics X-CUBE-AZRTOS-WL 2.0.0
2023-11-26 17:29:06,752 [INFO] ThirdParty:1030 - CMSIS Pack Vendor :STMicroelectronics USB_DEVICE 1.0.0
2023-11-26 17:29:06,752 [INFO] ThirdParty:1030 - CMSIS Pack Vendor :STMicroelectronics X-CUBE-AI 8.1.0
2023-11-26 17:29:06,752 [INFO] ThirdParty:1030 - CMSIS Pack Vendor :STMicroelectronics X-CUBE-AZRTOS-L4 2.0.0
2023-11-26 17:29:06,752 [INFO] ThirdParty:1030 - CMSIS Pack Vendor :STMicroelectronics ThreadX 0.0.2
2023-11-26 17:29:06,752 [INFO] ThirdParty:1030 - CMSIS Pack Vendor :WES I-CUBE-Cesium 1.3.0
2023-11-26 17:29:06,752 [INFO] ThirdParty:1030 - CMSIS Pack Vendor :STMicroelectronics FP-ATR-ASTRA1 2.0.0
2023-11-26 17:29:06,752 [INFO] ThirdParty:1030 - CMSIS Pack Vendor :STMicroelectronics lwIP 2.1.2
2023-11-26 17:29:06,752 [INFO] ThirdParty:1030 - CMSIS Pack Vendor :STMicroelectronics X-CUBE-SFXS2LP1 4.0.0
2023-11-26 17:29:06,752 [INFO] ThirdParty:1030 - CMSIS Pack Vendor :STMicroelectronics X-CUBE-BLE2 3.3.0
2023-11-26 17:29:06,752 [INFO] ThirdParty:1030 - CMSIS Pack Vendor :STMicroelectronics X-CUBE-TOF1 3.4.0
2023-11-26 17:29:06,752 [INFO] ThirdParty:1030 - CMSIS Pack Vendor :STMicroelectronics PDM2PCM 3.2.0
2023-11-26 17:29:06,752 [INFO] ThirdParty:841 - exiting critical section [change project]
2023-11-26 17:29:06,993 [INFO] PinOutPanel:1499 - setPackage(No Configuration,No Configuration)
2023-11-26 17:29:06,994 [INFO] PinOutPanel:1499 - setPackage(STM32F103RETx,LQFP64)
2023-11-26 17:29:07,285 [INFO] UtilMem:75 - Before build in PCC Used Memory: 494978096 Bytes (963641344)
2023-11-26 17:29:07,850 [INFO] UtilMem:75 - After build in PCC Used Memory: 502276224 Bytes (963641344)
2023-11-26 17:29:07,880 [INFO] IPUIPlugin:80 - create IPUIPlugin
2023-11-26 17:29:07,881 [INFO] IPUIPlugin:80 - create IPUIPlugin
2023-11-26 17:29:07,881 [INFO] IPUIPlugin:80 - create IPUIPlugin
2023-11-26 17:29:07,881 [INFO] IPUIPlugin:80 - create IPUIPlugin
2023-11-26 17:29:07,881 [INFO] IPUIPlugin:80 - create IPUIPlugin
2023-11-26 17:29:07,881 [INFO] IPUIPlugin:80 - create IPUIPlugin
2023-11-26 17:29:07,882 [INFO] IPUIPlugin:80 - create IPUIPlugin
2023-11-26 17:29:07,882 [INFO] IPUIPlugin:80 - create IPUIPlugin
2023-11-26 17:29:07,882 [INFO] IPUIPlugin:80 - create IPUIPlugin
2023-11-26 17:29:07,882 [INFO] IPUIPlugin:80 - create IPUIPlugin
2023-11-26 17:29:07,882 [INFO] IPUIPlugin:80 - create IPUIPlugin
2023-11-26 17:29:07,882 [INFO] IPUIPlugin:80 - create IPUIPlugin
2023-11-26 17:29:07,882 [INFO] IPUIPlugin:80 - create IPUIPlugin
2023-11-26 17:29:07,882 [INFO] IPUIPlugin:80 - create IPUIPlugin
2023-11-26 17:29:07,882 [INFO] IPUIPlugin:80 - create IPUIPlugin
2023-11-26 17:29:07,882 [INFO] IPUIPlugin:80 - create IPUIPlugin
2023-11-26 17:29:07,882 [INFO] IPUIPlugin:80 - create IPUIPlugin
2023-11-26 17:29:07,883 [INFO] IPUIPlugin:80 - create IPUIPlugin
2023-11-26 17:29:07,883 [INFO] IPUIPlugin:80 - create IPUIPlugin
2023-11-26 17:29:07,883 [INFO] IPUIPlugin:80 - create IPUIPlugin
2023-11-26 17:29:07,883 [INFO] IPUIPlugin:80 - create IPUIPlugin
2023-11-26 17:29:07,883 [INFO] IPUIPlugin:80 - create IPUIPlugin
2023-11-26 17:29:07,883 [INFO] IPUIPlugin:80 - create IPUIPlugin
2023-11-26 17:29:07,883 [INFO] IPUIPlugin:80 - create IPUIPlugin
2023-11-26 17:29:07,884 [INFO] IPUIPlugin:80 - create IPUIPlugin
2023-11-26 17:29:07,884 [INFO] IPUIPlugin:80 - create IPUIPlugin
2023-11-26 17:29:07,884 [INFO] IPUIPlugin:80 - create IPUIPlugin
2023-11-26 17:29:07,884 [INFO] IPUIPlugin:80 - create IPUIPlugin
2023-11-26 17:29:07,884 [INFO] IPUIPlugin:80 - create IPUIPlugin
2023-11-26 17:29:07,884 [INFO] IPUIPlugin:80 - create IPUIPlugin
2023-11-26 17:29:07,884 [INFO] IPUIPlugin:80 - create IPUIPlugin
2023-11-26 17:29:07,884 [INFO] IPUIPlugin:80 - create IPUIPlugin
2023-11-26 17:29:07,885 [INFO] IPUIPlugin:80 - create IPUIPlugin
2023-11-26 17:29:07,885 [INFO] IPUIPlugin:80 - create IPUIPlugin
2023-11-26 17:29:07,885 [INFO] IPUIPlugin:80 - create IPUIPlugin
2023-11-26 17:29:07,885 [INFO] IPUIPlugin:80 - create IPUIPlugin
2023-11-26 17:29:07,885 [INFO] IPUIPlugin:80 - create IPUIPlugin
2023-11-26 17:29:07,885 [INFO] IPUIPlugin:80 - create IPUIPlugin
2023-11-26 17:29:07,886 [INFO] IPUIPlugin:80 - create IPUIPlugin
2023-11-26 17:29:07,894 [WARN] IP:2119 - I2C_Coeff_DF not found: check if there is a RefParameter without a condition.
2023-11-26 17:29:07,894 [WARN] IP:2119 - Analog_Filter not found: check if there is a RefParameter without a condition.
2023-11-26 17:29:08,072 [INFO] CADModel:165 - CPN selected for project levelSTM32F103RET6
2023-11-26 17:29:08,072 [INFO] CADModel:114 - Register for checkConnection events
2023-11-26 17:29:08,122 [INFO] OpenFileManager:343 - Restore cursor
2023-11-26 17:29:08,239 [WARN] IP:2119 - I2C_Coeff_DF not found: check if there is a RefParameter without a condition.
2023-11-26 17:29:08,239 [WARN] IP:2119 - Analog_Filter not found: check if there is a RefParameter without a condition.
2023-11-26 17:29:08,239 [WARN] IP:2119 - I2C_Coeff_DF not found: check if there is a RefParameter without a condition.
2023-11-26 17:29:08,239 [WARN] IP:2119 - Analog_Filter not found: check if there is a RefParameter without a condition.
2023-11-26 17:29:12,367 [INFO] UtilMem:75 - End SaveConfig() Used Memory: 701339944 Bytes (974127104)
2023-11-26 17:29:13,750 [INFO] UtilMem:75 - End SaveConfig() Used Memory: 814043232 Bytes (974127104)
2023-11-26 17:30:31,630 [WARN] IP:2119 - I2C_Coeff_DF not found: check if there is a RefParameter without a condition.
2023-11-26 17:30:31,630 [WARN] IP:2119 - Analog_Filter not found: check if there is a RefParameter without a condition.
2023-11-26 17:30:31,630 [WARN] IP:2119 - I2C_Coeff_DF not found: check if there is a RefParameter without a condition.
2023-11-26 17:30:31,630 [WARN] IP:2119 - Analog_Filter not found: check if there is a RefParameter without a condition.
2023-11-26 17:30:31,663 [WARN] IP:2119 - I2C_Coeff_DF not found: check if there is a RefParameter without a condition.
2023-11-26 17:30:31,663 [WARN] IP:2119 - Analog_Filter not found: check if there is a RefParameter without a condition.
2023-11-26 17:30:31,663 [WARN] IP:2119 - I2C_Coeff_DF not found: check if there is a RefParameter without a condition.
2023-11-26 17:30:31,663 [WARN] IP:2119 - Analog_Filter not found: check if there is a RefParameter without a condition.
2023-11-26 18:39:07,099 [ERROR] LogOutputStream:75 - [STDERR_REDIRECT] 
